[2023-09-22T09:15:46.282+0000] {manager.py:483} INFO - Processing files using up to 2 processes at a time 
[2023-09-22T09:15:46.321+0000] {manager.py:484} INFO - Process each file at most once every 30 seconds
[2023-09-22T09:15:46.327+0000] {manager.py:486} INFO - Checking for new files in /opt/airflow/dags every 300 seconds
[2023-09-22T09:15:46.339+0000] {manager.py:726} INFO - Searching for files in /opt/airflow/dags
[2023-09-22T09:16:12.713+0000] {manager.py:729} INFO - There are 1 files in /opt/airflow/dags
[2023-09-22T09:16:17.429+0000] {manager.py:854} INFO - 
================================================================================
DAG File Processing Stats

File Path                          PID  Runtime      # DAGs    # Errors  Last Runtime    Last Run
-------------------------------  -----  ---------  --------  ----------  --------------  ----------
/opt/airflow/dags/scrapy_dag.py     77  2.57s             0           0
================================================================================
[2023-09-22T09:16:47.747+0000] {manager.py:854} INFO - 
================================================================================
DAG File Processing Stats

File Path                        PID    Runtime      # DAGs    # Errors  Last Runtime    Last Run
-------------------------------  -----  ---------  --------  ----------  --------------  -------------------
/opt/airflow/dags/scrapy_dag.py                           1           0  15.19s          2023-09-22T09:16:29
================================================================================
[2023-09-22T09:17:18.343+0000] {manager.py:854} INFO - 
================================================================================
DAG File Processing Stats

File Path                        PID    Runtime      # DAGs    # Errors  Last Runtime    Last Run
-------------------------------  -----  ---------  --------  ----------  --------------  -------------------
/opt/airflow/dags/scrapy_dag.py                           1           0  2.31s           2023-09-22T09:17:02
================================================================================
[2023-09-22T09:41:56.830+0000] {manager.py:726} INFO - Searching for files in /opt/airflow/dags
[2023-09-22T09:42:34.489+0000] {manager.py:729} INFO - There are 1 files in /opt/airflow/dags
[2023-09-22T09:42:34.661+0000] {manager.py:854} INFO - 
================================================================================
DAG File Processing Stats

File Path                          PID  Runtime      # DAGs    # Errors  Last Runtime    Last Run
-------------------------------  -----  ---------  --------  ----------  --------------  -------------------
/opt/airflow/dags/scrapy_dag.py    138  0.01s             1           0  1.88s           2023-09-22T09:17:34
================================================================================
[2023-09-22T09:43:05.019+0000] {manager.py:854} INFO - 
================================================================================
DAG File Processing Stats

File Path                        PID    Runtime      # DAGs    # Errors  Last Runtime    Last Run
-------------------------------  -----  ---------  --------  ----------  --------------  -------------------
/opt/airflow/dags/scrapy_dag.py                           1           0  0.91s           2023-09-22T09:42:35
================================================================================
[2023-09-22T09:43:35.222+0000] {manager.py:854} INFO - 
================================================================================
DAG File Processing Stats

File Path                        PID    Runtime      # DAGs    # Errors  Last Runtime    Last Run
-------------------------------  -----  ---------  --------  ----------  --------------  -------------------
/opt/airflow/dags/scrapy_dag.py                           1           0  2.07s           2023-09-22T09:43:08
================================================================================
[2023-09-22T09:44:05.269+0000] {manager.py:854} INFO - 
================================================================================
DAG File Processing Stats

File Path                        PID    Runtime      # DAGs    # Errors  Last Runtime    Last Run
-------------------------------  -----  ---------  --------  ----------  --------------  -------------------
/opt/airflow/dags/scrapy_dag.py                           1           0  3.12s           2023-09-22T09:43:41
================================================================================
[2023-09-22T09:44:35.459+0000] {manager.py:854} INFO - 
================================================================================
DAG File Processing Stats

File Path                        PID    Runtime      # DAGs    # Errors  Last Runtime    Last Run
-------------------------------  -----  ---------  --------  ----------  --------------  -------------------
/opt/airflow/dags/scrapy_dag.py                           1           0  0.26s           2023-09-22T09:44:12
================================================================================
[2023-09-22T09:45:05.816+0000] {manager.py:854} INFO - 
================================================================================
DAG File Processing Stats

File Path                        PID    Runtime      # DAGs    # Errors  Last Runtime    Last Run
-------------------------------  -----  ---------  --------  ----------  --------------  -------------------
/opt/airflow/dags/scrapy_dag.py                           1           0  0.21s           2023-09-22T09:44:42
================================================================================
[2023-09-22T09:45:36.332+0000] {manager.py:854} INFO - 
================================================================================
DAG File Processing Stats

File Path                        PID    Runtime      # DAGs    # Errors  Last Runtime    Last Run
-------------------------------  -----  ---------  --------  ----------  --------------  -------------------
/opt/airflow/dags/scrapy_dag.py                           1           0  0.24s           2023-09-22T09:45:13
================================================================================
[2023-09-22T09:46:06.421+0000] {manager.py:854} INFO - 
================================================================================
DAG File Processing Stats

File Path                        PID    Runtime      # DAGs    # Errors  Last Runtime    Last Run
-------------------------------  -----  ---------  --------  ----------  --------------  -------------------
/opt/airflow/dags/scrapy_dag.py                           1           0  9.04s           2023-09-22T09:45:52
================================================================================
[2023-09-22T09:46:36.920+0000] {manager.py:854} INFO - 
================================================================================
DAG File Processing Stats

File Path                        PID    Runtime      # DAGs    # Errors  Last Runtime    Last Run
-------------------------------  -----  ---------  --------  ----------  --------------  -------------------
/opt/airflow/dags/scrapy_dag.py                           1           0  0.32s           2023-09-22T09:46:23
================================================================================
[2023-09-22T09:46:57.228+0000] {manager.py:726} INFO - Searching for files in /opt/airflow/dags
[2023-09-22T09:47:10.422+0000] {manager.py:729} INFO - There are 1 files in /opt/airflow/dags
[2023-09-22T09:47:10.443+0000] {manager.py:854} INFO - 
================================================================================
DAG File Processing Stats

File Path                        PID    Runtime      # DAGs    # Errors  Last Runtime    Last Run
-------------------------------  -----  ---------  --------  ----------  --------------  -------------------
/opt/airflow/dags/scrapy_dag.py                           1           0  0.26s           2023-09-22T09:46:53
================================================================================
