[2023-05-25T04:46:37.773+0000] {taskinstance.py:1083} INFO - Dependencies all met for <TaskInstance: scrapy_dag.run_saramin_spider manual__2023-05-25T04:46:33.068094+00:00 [queued]>
[2023-05-25T04:46:37.788+0000] {taskinstance.py:1083} INFO - Dependencies all met for <TaskInstance: scrapy_dag.run_saramin_spider manual__2023-05-25T04:46:33.068094+00:00 [queued]>
[2023-05-25T04:46:37.790+0000] {taskinstance.py:1279} INFO - 
--------------------------------------------------------------------------------
[2023-05-25T04:46:37.791+0000] {taskinstance.py:1280} INFO - Starting attempt 1 of 1
[2023-05-25T04:46:37.793+0000] {taskinstance.py:1281} INFO - 
--------------------------------------------------------------------------------
[2023-05-25T04:46:37.816+0000] {taskinstance.py:1300} INFO - Executing <Task(BashOperator): run_saramin_spider> on 2023-05-25 04:46:33.068094+00:00
[2023-05-25T04:46:37.825+0000] {standard_task_runner.py:55} INFO - Started process 283 to run task
[2023-05-25T04:46:37.838+0000] {standard_task_runner.py:82} INFO - Running: ['***', 'tasks', 'run', 'scrapy_dag', 'run_saramin_spider', 'manual__2023-05-25T04:46:33.068094+00:00', '--job-id', '93', '--raw', '--subdir', 'DAGS_FOLDER/scrapy_dag.py', '--cfg-path', '/tmp/tmp95dwevd2']
[2023-05-25T04:46:37.845+0000] {standard_task_runner.py:83} INFO - Job 93: Subtask run_saramin_spider
[2023-05-25T04:46:38.039+0000] {task_command.py:388} INFO - Running <TaskInstance: scrapy_dag.run_saramin_spider manual__2023-05-25T04:46:33.068094+00:00 [running]> on host 712174429de7
[2023-05-25T04:46:38.282+0000] {taskinstance.py:1509} INFO - Exporting the following env vars:
AIRFLOW_CTX_DAG_OWNER=***
AIRFLOW_CTX_DAG_ID=scrapy_dag
AIRFLOW_CTX_TASK_ID=run_saramin_spider
AIRFLOW_CTX_EXECUTION_DATE=2023-05-25T04:46:33.068094+00:00
AIRFLOW_CTX_TRY_NUMBER=1
AIRFLOW_CTX_DAG_RUN_ID=manual__2023-05-25T04:46:33.068094+00:00
[2023-05-25T04:46:38.292+0000] {subprocess.py:63} INFO - Tmp dir root location: 
 /tmp
[2023-05-25T04:46:38.296+0000] {subprocess.py:75} INFO - Running command: ['/bin/bash', '-c', 'cd ${AIRFLOW_HOME}/dags/saramin && scrapy crawl saramin']
[2023-05-25T04:46:38.332+0000] {subprocess.py:86} INFO - Output:
[2023-05-25T04:46:38.341+0000] {subprocess.py:93} INFO - /bin/bash: line 1: scrapy: command not found
[2023-05-25T04:46:38.343+0000] {subprocess.py:97} INFO - Command exited with return code 127
[2023-05-25T04:46:38.362+0000] {taskinstance.py:1768} ERROR - Task failed with exception
Traceback (most recent call last):
  File "/home/airflow/.local/lib/python3.7/site-packages/airflow/operators/bash.py", line 197, in execute
    f"Bash command failed. The command returned a non-zero exit code {result.exit_code}."
airflow.exceptions.AirflowException: Bash command failed. The command returned a non-zero exit code 127.
[2023-05-25T04:46:38.377+0000] {taskinstance.py:1323} INFO - Marking task as FAILED. dag_id=scrapy_dag, task_id=run_saramin_spider, execution_date=20230525T044633, start_date=20230525T044637, end_date=20230525T044638
[2023-05-25T04:46:38.413+0000] {standard_task_runner.py:105} ERROR - Failed to execute job 93 for task run_saramin_spider (Bash command failed. The command returned a non-zero exit code 127.; 283)
[2023-05-25T04:46:38.458+0000] {local_task_job.py:208} INFO - Task exited with return code 1
[2023-05-25T04:46:38.534+0000] {taskinstance.py:2578} INFO - 0 downstream tasks scheduled from follow-on schedule check
