[2023-05-23T09:11:29.731+0000] {taskinstance.py:1083} INFO - Dependencies all met for <TaskInstance: scrapy_dag.run_wanted_spider manual__2023-05-23T09:11:24.443122+00:00 [queued]>
[2023-05-23T09:11:29.745+0000] {taskinstance.py:1083} INFO - Dependencies all met for <TaskInstance: scrapy_dag.run_wanted_spider manual__2023-05-23T09:11:24.443122+00:00 [queued]>
[2023-05-23T09:11:29.746+0000] {taskinstance.py:1279} INFO - 
--------------------------------------------------------------------------------
[2023-05-23T09:11:29.747+0000] {taskinstance.py:1280} INFO - Starting attempt 1 of 1
[2023-05-23T09:11:29.748+0000] {taskinstance.py:1281} INFO - 
--------------------------------------------------------------------------------
[2023-05-23T09:11:29.767+0000] {taskinstance.py:1300} INFO - Executing <Task(BashOperator): run_wanted_spider> on 2023-05-23 09:11:24.443122+00:00
[2023-05-23T09:11:29.774+0000] {standard_task_runner.py:55} INFO - Started process 789 to run task
[2023-05-23T09:11:29.780+0000] {standard_task_runner.py:82} INFO - Running: ['***', 'tasks', 'run', 'scrapy_dag', 'run_wanted_spider', 'manual__2023-05-23T09:11:24.443122+00:00', '--job-id', '50', '--raw', '--subdir', 'DAGS_FOLDER/scrapy_dag.py', '--cfg-path', '/tmp/tmpsutsy_pp']
[2023-05-23T09:11:29.782+0000] {standard_task_runner.py:83} INFO - Job 50: Subtask run_wanted_spider
[2023-05-23T09:11:29.875+0000] {task_command.py:388} INFO - Running <TaskInstance: scrapy_dag.run_wanted_spider manual__2023-05-23T09:11:24.443122+00:00 [running]> on host 282b4ebe5783
[2023-05-23T09:11:29.986+0000] {taskinstance.py:1509} INFO - Exporting the following env vars:
AIRFLOW_CTX_DAG_OWNER=***
AIRFLOW_CTX_DAG_ID=scrapy_dag
AIRFLOW_CTX_TASK_ID=run_wanted_spider
AIRFLOW_CTX_EXECUTION_DATE=2023-05-23T09:11:24.443122+00:00
AIRFLOW_CTX_TRY_NUMBER=1
AIRFLOW_CTX_DAG_RUN_ID=manual__2023-05-23T09:11:24.443122+00:00
[2023-05-23T09:11:29.991+0000] {subprocess.py:63} INFO - Tmp dir root location: 
 /tmp
[2023-05-23T09:11:29.993+0000] {subprocess.py:75} INFO - Running command: ['/bin/bash', '-c', 'scrapy crawl wanted']
[2023-05-23T09:11:30.010+0000] {subprocess.py:86} INFO - Output:
[2023-05-23T09:11:30.013+0000] {subprocess.py:93} INFO - /bin/bash: line 1: scrapy: command not found
[2023-05-23T09:11:30.015+0000] {subprocess.py:97} INFO - Command exited with return code 127
[2023-05-23T09:11:30.034+0000] {taskinstance.py:1768} ERROR - Task failed with exception
Traceback (most recent call last):
  File "/home/airflow/.local/lib/python3.7/site-packages/airflow/operators/bash.py", line 197, in execute
    f"Bash command failed. The command returned a non-zero exit code {result.exit_code}."
airflow.exceptions.AirflowException: Bash command failed. The command returned a non-zero exit code 127.
[2023-05-23T09:11:30.042+0000] {taskinstance.py:1323} INFO - Marking task as FAILED. dag_id=scrapy_dag, task_id=run_wanted_spider, execution_date=20230523T091124, start_date=20230523T091129, end_date=20230523T091130
[2023-05-23T09:11:30.062+0000] {standard_task_runner.py:105} ERROR - Failed to execute job 50 for task run_wanted_spider (Bash command failed. The command returned a non-zero exit code 127.; 789)
[2023-05-23T09:11:30.118+0000] {local_task_job.py:208} INFO - Task exited with return code 1
[2023-05-23T09:11:30.150+0000] {taskinstance.py:2578} INFO - 0 downstream tasks scheduled from follow-on schedule check
