[2023-05-23T08:14:58.260+0000] {taskinstance.py:1083} INFO - Dependencies all met for <TaskInstance: scrapy_dag.run_wanted_spider manual__2023-05-23T08:14:54.585477+00:00 [queued]>
[2023-05-23T08:14:58.289+0000] {taskinstance.py:1083} INFO - Dependencies all met for <TaskInstance: scrapy_dag.run_wanted_spider manual__2023-05-23T08:14:54.585477+00:00 [queued]>
[2023-05-23T08:14:58.291+0000] {taskinstance.py:1279} INFO - 
--------------------------------------------------------------------------------
[2023-05-23T08:14:58.292+0000] {taskinstance.py:1280} INFO - Starting attempt 1 of 1
[2023-05-23T08:14:58.293+0000] {taskinstance.py:1281} INFO - 
--------------------------------------------------------------------------------
[2023-05-23T08:14:58.328+0000] {taskinstance.py:1300} INFO - Executing <Task(BashOperator): run_wanted_spider> on 2023-05-23 08:14:54.585477+00:00
[2023-05-23T08:14:58.343+0000] {standard_task_runner.py:55} INFO - Started process 4325 to run task
[2023-05-23T08:14:58.357+0000] {standard_task_runner.py:82} INFO - Running: ['***', 'tasks', 'run', 'scrapy_dag', 'run_wanted_spider', 'manual__2023-05-23T08:14:54.585477+00:00', '--job-id', '20', '--raw', '--subdir', 'DAGS_FOLDER/scrapy_dag.py', '--cfg-path', '/tmp/tmppc67phsn']
[2023-05-23T08:14:58.361+0000] {standard_task_runner.py:83} INFO - Job 20: Subtask run_wanted_spider
[2023-05-23T08:14:58.529+0000] {task_command.py:388} INFO - Running <TaskInstance: scrapy_dag.run_wanted_spider manual__2023-05-23T08:14:54.585477+00:00 [running]> on host 24694c125b64
[2023-05-23T08:14:58.694+0000] {taskinstance.py:1509} INFO - Exporting the following env vars:
AIRFLOW_CTX_DAG_OWNER=***
AIRFLOW_CTX_DAG_ID=scrapy_dag
AIRFLOW_CTX_TASK_ID=run_wanted_spider
AIRFLOW_CTX_EXECUTION_DATE=2023-05-23T08:14:54.585477+00:00
AIRFLOW_CTX_TRY_NUMBER=1
AIRFLOW_CTX_DAG_RUN_ID=manual__2023-05-23T08:14:54.585477+00:00
[2023-05-23T08:14:58.699+0000] {subprocess.py:63} INFO - Tmp dir root location: 
 /tmp
[2023-05-23T08:14:58.703+0000] {subprocess.py:75} INFO - Running command: ['/bin/bash', '-c', 'cd /app/wanted && scrapy crawl wanted']
[2023-05-23T08:14:58.739+0000] {subprocess.py:86} INFO - Output:
[2023-05-23T08:14:58.746+0000] {subprocess.py:93} INFO - /bin/bash: line 1: cd: /app/wanted: No such file or directory
[2023-05-23T08:14:58.747+0000] {subprocess.py:97} INFO - Command exited with return code 1
[2023-05-23T08:14:58.784+0000] {taskinstance.py:1768} ERROR - Task failed with exception
Traceback (most recent call last):
  File "/home/airflow/.local/lib/python3.7/site-packages/airflow/operators/bash.py", line 197, in execute
    f"Bash command failed. The command returned a non-zero exit code {result.exit_code}."
airflow.exceptions.AirflowException: Bash command failed. The command returned a non-zero exit code 1.
[2023-05-23T08:14:58.790+0000] {taskinstance.py:1323} INFO - Marking task as FAILED. dag_id=scrapy_dag, task_id=run_wanted_spider, execution_date=20230523T081454, start_date=20230523T081458, end_date=20230523T081458
[2023-05-23T08:14:58.814+0000] {standard_task_runner.py:105} ERROR - Failed to execute job 20 for task run_wanted_spider (Bash command failed. The command returned a non-zero exit code 1.; 4325)
[2023-05-23T08:14:58.853+0000] {local_task_job.py:208} INFO - Task exited with return code 1
[2023-05-23T08:14:58.920+0000] {taskinstance.py:2578} INFO - 0 downstream tasks scheduled from follow-on schedule check
