[2023-05-23T08:15:56.499+0000] {taskinstance.py:1083} INFO - Dependencies all met for <TaskInstance: scrapy_dag.run_wanted_spider manual__2023-05-23T08:15:54.205009+00:00 [queued]>
[2023-05-23T08:15:56.526+0000] {taskinstance.py:1083} INFO - Dependencies all met for <TaskInstance: scrapy_dag.run_wanted_spider manual__2023-05-23T08:15:54.205009+00:00 [queued]>
[2023-05-23T08:15:56.528+0000] {taskinstance.py:1279} INFO - 
--------------------------------------------------------------------------------
[2023-05-23T08:15:56.529+0000] {taskinstance.py:1280} INFO - Starting attempt 1 of 1
[2023-05-23T08:15:56.530+0000] {taskinstance.py:1281} INFO - 
--------------------------------------------------------------------------------
[2023-05-23T08:15:56.554+0000] {taskinstance.py:1300} INFO - Executing <Task(BashOperator): run_wanted_spider> on 2023-05-23 08:15:54.205009+00:00
[2023-05-23T08:15:56.565+0000] {standard_task_runner.py:55} INFO - Started process 4374 to run task
[2023-05-23T08:15:56.572+0000] {standard_task_runner.py:82} INFO - Running: ['***', 'tasks', 'run', 'scrapy_dag', 'run_wanted_spider', 'manual__2023-05-23T08:15:54.205009+00:00', '--job-id', '23', '--raw', '--subdir', 'DAGS_FOLDER/scrapy_dag.py', '--cfg-path', '/tmp/tmprhior2vf']
[2023-05-23T08:15:56.578+0000] {standard_task_runner.py:83} INFO - Job 23: Subtask run_wanted_spider
[2023-05-23T08:15:56.722+0000] {task_command.py:388} INFO - Running <TaskInstance: scrapy_dag.run_wanted_spider manual__2023-05-23T08:15:54.205009+00:00 [running]> on host 24694c125b64
[2023-05-23T08:15:56.849+0000] {taskinstance.py:1509} INFO - Exporting the following env vars:
AIRFLOW_CTX_DAG_OWNER=***
AIRFLOW_CTX_DAG_ID=scrapy_dag
AIRFLOW_CTX_TASK_ID=run_wanted_spider
AIRFLOW_CTX_EXECUTION_DATE=2023-05-23T08:15:54.205009+00:00
AIRFLOW_CTX_TRY_NUMBER=1
AIRFLOW_CTX_DAG_RUN_ID=manual__2023-05-23T08:15:54.205009+00:00
[2023-05-23T08:15:56.853+0000] {subprocess.py:63} INFO - Tmp dir root location: 
 /tmp
[2023-05-23T08:15:56.857+0000] {subprocess.py:75} INFO - Running command: ['/bin/bash', '-c', 'cd /app/wanted && scrapy crawl wanted']
[2023-05-23T08:15:56.899+0000] {subprocess.py:86} INFO - Output:
[2023-05-23T08:15:56.907+0000] {subprocess.py:93} INFO - /bin/bash: line 1: cd: /app/wanted: No such file or directory
[2023-05-23T08:15:56.908+0000] {subprocess.py:97} INFO - Command exited with return code 1
[2023-05-23T08:15:56.943+0000] {taskinstance.py:1768} ERROR - Task failed with exception
Traceback (most recent call last):
  File "/home/airflow/.local/lib/python3.7/site-packages/airflow/operators/bash.py", line 197, in execute
    f"Bash command failed. The command returned a non-zero exit code {result.exit_code}."
airflow.exceptions.AirflowException: Bash command failed. The command returned a non-zero exit code 1.
[2023-05-23T08:15:56.954+0000] {taskinstance.py:1323} INFO - Marking task as FAILED. dag_id=scrapy_dag, task_id=run_wanted_spider, execution_date=20230523T081554, start_date=20230523T081556, end_date=20230523T081556
[2023-05-23T08:15:56.999+0000] {standard_task_runner.py:105} ERROR - Failed to execute job 23 for task run_wanted_spider (Bash command failed. The command returned a non-zero exit code 1.; 4374)
[2023-05-23T08:15:57.041+0000] {local_task_job.py:208} INFO - Task exited with return code 1
[2023-05-23T08:15:57.113+0000] {taskinstance.py:2578} INFO - 0 downstream tasks scheduled from follow-on schedule check
