[2023-05-25T04:46:35.466+0000] {taskinstance.py:1083} INFO - Dependencies all met for <TaskInstance: scrapy_dag.run_wanted_spider manual__2023-05-25T04:46:33.068094+00:00 [queued]>
[2023-05-25T04:46:35.486+0000] {taskinstance.py:1083} INFO - Dependencies all met for <TaskInstance: scrapy_dag.run_wanted_spider manual__2023-05-25T04:46:33.068094+00:00 [queued]>
[2023-05-25T04:46:35.488+0000] {taskinstance.py:1279} INFO - 
--------------------------------------------------------------------------------
[2023-05-25T04:46:35.490+0000] {taskinstance.py:1280} INFO - Starting attempt 1 of 1
[2023-05-25T04:46:35.492+0000] {taskinstance.py:1281} INFO - 
--------------------------------------------------------------------------------
[2023-05-25T04:46:35.530+0000] {taskinstance.py:1300} INFO - Executing <Task(BashOperator): run_wanted_spider> on 2023-05-25 04:46:33.068094+00:00
[2023-05-25T04:46:35.545+0000] {standard_task_runner.py:55} INFO - Started process 272 to run task
[2023-05-25T04:46:35.557+0000] {standard_task_runner.py:82} INFO - Running: ['***', 'tasks', 'run', 'scrapy_dag', 'run_wanted_spider', 'manual__2023-05-25T04:46:33.068094+00:00', '--job-id', '92', '--raw', '--subdir', 'DAGS_FOLDER/scrapy_dag.py', '--cfg-path', '/tmp/tmpmz7xb5gb']
[2023-05-25T04:46:35.559+0000] {standard_task_runner.py:83} INFO - Job 92: Subtask run_wanted_spider
[2023-05-25T04:46:35.675+0000] {task_command.py:388} INFO - Running <TaskInstance: scrapy_dag.run_wanted_spider manual__2023-05-25T04:46:33.068094+00:00 [running]> on host 712174429de7
[2023-05-25T04:46:35.803+0000] {taskinstance.py:1509} INFO - Exporting the following env vars:
AIRFLOW_CTX_DAG_OWNER=***
AIRFLOW_CTX_DAG_ID=scrapy_dag
AIRFLOW_CTX_TASK_ID=run_wanted_spider
AIRFLOW_CTX_EXECUTION_DATE=2023-05-25T04:46:33.068094+00:00
AIRFLOW_CTX_TRY_NUMBER=1
AIRFLOW_CTX_DAG_RUN_ID=manual__2023-05-25T04:46:33.068094+00:00
[2023-05-25T04:46:35.807+0000] {subprocess.py:63} INFO - Tmp dir root location: 
 /tmp
[2023-05-25T04:46:35.809+0000] {subprocess.py:75} INFO - Running command: ['/bin/bash', '-c', 'cd ${AIRFLOW_HOME}/dags/wanted &&  ls -l && pwd']
[2023-05-25T04:46:35.829+0000] {subprocess.py:86} INFO - Output:
[2023-05-25T04:46:35.843+0000] {subprocess.py:93} INFO - total 8
[2023-05-25T04:46:35.845+0000] {subprocess.py:93} INFO - -rw-r--r-- 1 default root  57 May 23 06:30 requirements.txt
[2023-05-25T04:46:35.846+0000] {subprocess.py:93} INFO - -rw-r--r-- 1 default root 255 May 21 14:23 scrapy.cfg
[2023-05-25T04:46:35.848+0000] {subprocess.py:93} INFO - drwxr-xr-x 9 default root 288 May 21 14:23 wanted
[2023-05-25T04:46:35.850+0000] {subprocess.py:93} INFO - /opt/***/dags/wanted
[2023-05-25T04:46:35.852+0000] {subprocess.py:97} INFO - Command exited with return code 0
[2023-05-25T04:46:35.896+0000] {taskinstance.py:1323} INFO - Marking task as SUCCESS. dag_id=scrapy_dag, task_id=run_wanted_spider, execution_date=20230525T044633, start_date=20230525T044635, end_date=20230525T044635
[2023-05-25T04:46:35.951+0000] {local_task_job.py:208} INFO - Task exited with return code 0
[2023-05-25T04:46:35.981+0000] {taskinstance.py:2578} INFO - 1 downstream tasks scheduled from follow-on schedule check
