[2023-05-25T04:35:55.521+0000] {taskinstance.py:1083} INFO - Dependencies all met for <TaskInstance: scrapy_dag.run_wanted_spider scheduled__2023-05-24T00:00:00+00:00 [queued]>
[2023-05-25T04:35:55.612+0000] {taskinstance.py:1083} INFO - Dependencies all met for <TaskInstance: scrapy_dag.run_wanted_spider scheduled__2023-05-24T00:00:00+00:00 [queued]>
[2023-05-25T04:35:55.618+0000] {taskinstance.py:1279} INFO - 
--------------------------------------------------------------------------------
[2023-05-25T04:35:55.622+0000] {taskinstance.py:1280} INFO - Starting attempt 1 of 1
[2023-05-25T04:35:55.624+0000] {taskinstance.py:1281} INFO - 
--------------------------------------------------------------------------------
[2023-05-25T04:35:55.768+0000] {taskinstance.py:1300} INFO - Executing <Task(BashOperator): run_wanted_spider> on 2023-05-24 00:00:00+00:00
[2023-05-25T04:35:55.811+0000] {standard_task_runner.py:55} INFO - Started process 112 to run task
[2023-05-25T04:35:55.840+0000] {standard_task_runner.py:82} INFO - Running: ['***', 'tasks', 'run', 'scrapy_dag', 'run_wanted_spider', 'scheduled__2023-05-24T00:00:00+00:00', '--job-id', '88', '--raw', '--subdir', 'DAGS_FOLDER/scrapy_dag.py', '--cfg-path', '/tmp/tmp8n448gfq']
[2023-05-25T04:35:55.844+0000] {standard_task_runner.py:83} INFO - Job 88: Subtask run_wanted_spider
[2023-05-25T04:35:56.424+0000] {task_command.py:388} INFO - Running <TaskInstance: scrapy_dag.run_wanted_spider scheduled__2023-05-24T00:00:00+00:00 [running]> on host c83d188be8ca
[2023-05-25T04:35:57.609+0000] {taskinstance.py:1509} INFO - Exporting the following env vars:
AIRFLOW_CTX_DAG_OWNER=***
AIRFLOW_CTX_DAG_ID=scrapy_dag
AIRFLOW_CTX_TASK_ID=run_wanted_spider
AIRFLOW_CTX_EXECUTION_DATE=2023-05-24T00:00:00+00:00
AIRFLOW_CTX_TRY_NUMBER=1
AIRFLOW_CTX_DAG_RUN_ID=scheduled__2023-05-24T00:00:00+00:00
[2023-05-25T04:35:57.628+0000] {subprocess.py:63} INFO - Tmp dir root location: 
 /tmp
[2023-05-25T04:35:57.634+0000] {subprocess.py:75} INFO - Running command: ['/bin/bash', '-c', 'cd ${AIRFLOW_HOME}/wanted &&  scrapy crawl wanted']
[2023-05-25T04:35:57.702+0000] {subprocess.py:86} INFO - Output:
[2023-05-25T04:35:57.740+0000] {subprocess.py:93} INFO - /bin/bash: line 1: cd: /opt/***/wanted: No such file or directory
[2023-05-25T04:35:57.744+0000] {subprocess.py:97} INFO - Command exited with return code 1
[2023-05-25T04:35:57.802+0000] {taskinstance.py:1768} ERROR - Task failed with exception
Traceback (most recent call last):
  File "/home/airflow/.local/lib/python3.7/site-packages/airflow/operators/bash.py", line 197, in execute
    f"Bash command failed. The command returned a non-zero exit code {result.exit_code}."
airflow.exceptions.AirflowException: Bash command failed. The command returned a non-zero exit code 1.
[2023-05-25T04:35:57.894+0000] {taskinstance.py:1323} INFO - Marking task as FAILED. dag_id=scrapy_dag, task_id=run_wanted_spider, execution_date=20230524T000000, start_date=20230525T043555, end_date=20230525T043557
[2023-05-25T04:35:58.327+0000] {standard_task_runner.py:105} ERROR - Failed to execute job 88 for task run_wanted_spider (Bash command failed. The command returned a non-zero exit code 1.; 112)
[2023-05-25T04:35:58.470+0000] {local_task_job.py:208} INFO - Task exited with return code 1
[2023-05-25T04:35:58.790+0000] {taskinstance.py:2578} INFO - 0 downstream tasks scheduled from follow-on schedule check
