[2023-05-23T08:24:47.353+0000] {taskinstance.py:1083} INFO - Dependencies all met for <TaskInstance: scrapy_dag.run_wanted_spider manual__2023-05-23T08:24:42.801388+00:00 [queued]>
[2023-05-23T08:24:47.376+0000] {taskinstance.py:1083} INFO - Dependencies all met for <TaskInstance: scrapy_dag.run_wanted_spider manual__2023-05-23T08:24:42.801388+00:00 [queued]>
[2023-05-23T08:24:47.379+0000] {taskinstance.py:1279} INFO - 
--------------------------------------------------------------------------------
[2023-05-23T08:24:47.381+0000] {taskinstance.py:1280} INFO - Starting attempt 1 of 1
[2023-05-23T08:24:47.382+0000] {taskinstance.py:1281} INFO - 
--------------------------------------------------------------------------------
[2023-05-23T08:24:47.428+0000] {taskinstance.py:1300} INFO - Executing <Task(BashOperator): run_wanted_spider> on 2023-05-23 08:24:42.801388+00:00
[2023-05-23T08:24:47.448+0000] {standard_task_runner.py:55} INFO - Started process 4775 to run task
[2023-05-23T08:24:47.452+0000] {standard_task_runner.py:82} INFO - Running: ['***', 'tasks', 'run', 'scrapy_dag', 'run_wanted_spider', 'manual__2023-05-23T08:24:42.801388+00:00', '--job-id', '34', '--raw', '--subdir', 'DAGS_FOLDER/scrapy_dag.py', '--cfg-path', '/tmp/tmpincjm01_']
[2023-05-23T08:24:47.462+0000] {standard_task_runner.py:83} INFO - Job 34: Subtask run_wanted_spider
[2023-05-23T08:24:47.722+0000] {task_command.py:388} INFO - Running <TaskInstance: scrapy_dag.run_wanted_spider manual__2023-05-23T08:24:42.801388+00:00 [running]> on host 24694c125b64
[2023-05-23T08:24:47.922+0000] {taskinstance.py:1509} INFO - Exporting the following env vars:
AIRFLOW_CTX_DAG_OWNER=***
AIRFLOW_CTX_DAG_ID=scrapy_dag
AIRFLOW_CTX_TASK_ID=run_wanted_spider
AIRFLOW_CTX_EXECUTION_DATE=2023-05-23T08:24:42.801388+00:00
AIRFLOW_CTX_TRY_NUMBER=1
AIRFLOW_CTX_DAG_RUN_ID=manual__2023-05-23T08:24:42.801388+00:00
[2023-05-23T08:24:47.925+0000] {subprocess.py:63} INFO - Tmp dir root location: 
 /tmp
[2023-05-23T08:24:47.927+0000] {subprocess.py:75} INFO - Running command: ['/bin/bash', '-c', 'cd /tmp/wanted && scrapy crawl wanted']
[2023-05-23T08:24:47.961+0000] {subprocess.py:86} INFO - Output:
[2023-05-23T08:24:47.970+0000] {subprocess.py:93} INFO - /bin/bash: line 1: cd: /tmp/wanted: No such file or directory
[2023-05-23T08:24:47.973+0000] {subprocess.py:97} INFO - Command exited with return code 1
[2023-05-23T08:24:48.004+0000] {taskinstance.py:1768} ERROR - Task failed with exception
Traceback (most recent call last):
  File "/home/airflow/.local/lib/python3.7/site-packages/airflow/operators/bash.py", line 197, in execute
    f"Bash command failed. The command returned a non-zero exit code {result.exit_code}."
airflow.exceptions.AirflowException: Bash command failed. The command returned a non-zero exit code 1.
[2023-05-23T08:24:48.010+0000] {taskinstance.py:1323} INFO - Marking task as FAILED. dag_id=scrapy_dag, task_id=run_wanted_spider, execution_date=20230523T082442, start_date=20230523T082447, end_date=20230523T082448
[2023-05-23T08:24:48.044+0000] {standard_task_runner.py:105} ERROR - Failed to execute job 34 for task run_wanted_spider (Bash command failed. The command returned a non-zero exit code 1.; 4775)
[2023-05-23T08:24:48.090+0000] {local_task_job.py:208} INFO - Task exited with return code 1
[2023-05-23T08:24:48.153+0000] {taskinstance.py:2578} INFO - 0 downstream tasks scheduled from follow-on schedule check
