[2023-05-23T09:10:15.740+0000] {taskinstance.py:1083} INFO - Dependencies all met for <TaskInstance: scrapy_dag.debug_print manual__2023-05-23T09:10:11.931709+00:00 [queued]>
[2023-05-23T09:10:15.776+0000] {taskinstance.py:1083} INFO - Dependencies all met for <TaskInstance: scrapy_dag.debug_print manual__2023-05-23T09:10:11.931709+00:00 [queued]>
[2023-05-23T09:10:15.779+0000] {taskinstance.py:1279} INFO - 
--------------------------------------------------------------------------------
[2023-05-23T09:10:15.782+0000] {taskinstance.py:1280} INFO - Starting attempt 1 of 1
[2023-05-23T09:10:15.783+0000] {taskinstance.py:1281} INFO - 
--------------------------------------------------------------------------------
[2023-05-23T09:10:15.821+0000] {taskinstance.py:1300} INFO - Executing <Task(BashOperator): debug_print> on 2023-05-23 09:10:11.931709+00:00
[2023-05-23T09:10:15.837+0000] {standard_task_runner.py:55} INFO - Started process 727 to run task
[2023-05-23T09:10:15.858+0000] {standard_task_runner.py:82} INFO - Running: ['***', 'tasks', 'run', 'scrapy_dag', 'debug_print', 'manual__2023-05-23T09:10:11.931709+00:00', '--job-id', '43', '--raw', '--subdir', 'DAGS_FOLDER/scrapy_dag.py', '--cfg-path', '/tmp/tmpd6odmh8x']
[2023-05-23T09:10:15.863+0000] {standard_task_runner.py:83} INFO - Job 43: Subtask debug_print
[2023-05-23T09:10:16.009+0000] {task_command.py:388} INFO - Running <TaskInstance: scrapy_dag.debug_print manual__2023-05-23T09:10:11.931709+00:00 [running]> on host 282b4ebe5783
[2023-05-23T09:10:16.267+0000] {taskinstance.py:1509} INFO - Exporting the following env vars:
AIRFLOW_CTX_DAG_OWNER=***
AIRFLOW_CTX_DAG_ID=scrapy_dag
AIRFLOW_CTX_TASK_ID=debug_print
AIRFLOW_CTX_EXECUTION_DATE=2023-05-23T09:10:11.931709+00:00
AIRFLOW_CTX_TRY_NUMBER=1
AIRFLOW_CTX_DAG_RUN_ID=manual__2023-05-23T09:10:11.931709+00:00
[2023-05-23T09:10:16.278+0000] {subprocess.py:63} INFO - Tmp dir root location: 
 /tmp
[2023-05-23T09:10:16.282+0000] {subprocess.py:75} INFO - Running command: ['/bin/bash', '-c', 'pwd && whoami']
[2023-05-23T09:10:16.353+0000] {subprocess.py:86} INFO - Output:
[2023-05-23T09:10:16.356+0000] {subprocess.py:93} INFO - /tmp/***tmp_uz15iot
[2023-05-23T09:10:16.361+0000] {subprocess.py:93} INFO - default
[2023-05-23T09:10:16.364+0000] {subprocess.py:97} INFO - Command exited with return code 0
[2023-05-23T09:10:16.421+0000] {taskinstance.py:1323} INFO - Marking task as SUCCESS. dag_id=scrapy_dag, task_id=debug_print, execution_date=20230523T091011, start_date=20230523T091015, end_date=20230523T091016
[2023-05-23T09:10:16.523+0000] {local_task_job.py:208} INFO - Task exited with return code 0
[2023-05-23T09:10:16.675+0000] {taskinstance.py:2578} INFO - 0 downstream tasks scheduled from follow-on schedule check
