[2023-05-23T08:25:29.645+0000] {taskinstance.py:1083} INFO - Dependencies all met for <TaskInstance: scrapy_dag.run_wanted_spider manual__2023-05-23T08:25:28.270284+00:00 [queued]>
[2023-05-23T08:25:29.680+0000] {taskinstance.py:1083} INFO - Dependencies all met for <TaskInstance: scrapy_dag.run_wanted_spider manual__2023-05-23T08:25:28.270284+00:00 [queued]>
[2023-05-23T08:25:29.681+0000] {taskinstance.py:1279} INFO - 
--------------------------------------------------------------------------------
[2023-05-23T08:25:29.683+0000] {taskinstance.py:1280} INFO - Starting attempt 1 of 1
[2023-05-23T08:25:29.684+0000] {taskinstance.py:1281} INFO - 
--------------------------------------------------------------------------------
[2023-05-23T08:25:29.741+0000] {taskinstance.py:1300} INFO - Executing <Task(BashOperator): run_wanted_spider> on 2023-05-23 08:25:28.270284+00:00
[2023-05-23T08:25:29.759+0000] {standard_task_runner.py:55} INFO - Started process 4809 to run task
[2023-05-23T08:25:29.773+0000] {standard_task_runner.py:82} INFO - Running: ['***', 'tasks', 'run', 'scrapy_dag', 'run_wanted_spider', 'manual__2023-05-23T08:25:28.270284+00:00', '--job-id', '36', '--raw', '--subdir', 'DAGS_FOLDER/scrapy_dag.py', '--cfg-path', '/tmp/tmpr61uxmm6']
[2023-05-23T08:25:29.776+0000] {standard_task_runner.py:83} INFO - Job 36: Subtask run_wanted_spider
[2023-05-23T08:25:29.960+0000] {task_command.py:388} INFO - Running <TaskInstance: scrapy_dag.run_wanted_spider manual__2023-05-23T08:25:28.270284+00:00 [running]> on host 24694c125b64
[2023-05-23T08:25:30.156+0000] {taskinstance.py:1509} INFO - Exporting the following env vars:
AIRFLOW_CTX_DAG_OWNER=***
AIRFLOW_CTX_DAG_ID=scrapy_dag
AIRFLOW_CTX_TASK_ID=run_wanted_spider
AIRFLOW_CTX_EXECUTION_DATE=2023-05-23T08:25:28.270284+00:00
AIRFLOW_CTX_TRY_NUMBER=1
AIRFLOW_CTX_DAG_RUN_ID=manual__2023-05-23T08:25:28.270284+00:00
[2023-05-23T08:25:30.160+0000] {subprocess.py:63} INFO - Tmp dir root location: 
 /tmp
[2023-05-23T08:25:30.165+0000] {subprocess.py:75} INFO - Running command: ['/bin/bash', '-c', 'cd /tmp/wanted && scrapy crawl wanted']
[2023-05-23T08:25:30.195+0000] {subprocess.py:86} INFO - Output:
[2023-05-23T08:25:30.199+0000] {subprocess.py:93} INFO - /bin/bash: line 1: cd: /tmp/wanted: No such file or directory
[2023-05-23T08:25:30.201+0000] {subprocess.py:97} INFO - Command exited with return code 1
[2023-05-23T08:25:30.237+0000] {taskinstance.py:1768} ERROR - Task failed with exception
Traceback (most recent call last):
  File "/home/airflow/.local/lib/python3.7/site-packages/airflow/operators/bash.py", line 197, in execute
    f"Bash command failed. The command returned a non-zero exit code {result.exit_code}."
airflow.exceptions.AirflowException: Bash command failed. The command returned a non-zero exit code 1.
[2023-05-23T08:25:30.245+0000] {taskinstance.py:1323} INFO - Marking task as FAILED. dag_id=scrapy_dag, task_id=run_wanted_spider, execution_date=20230523T082528, start_date=20230523T082529, end_date=20230523T082530
[2023-05-23T08:25:30.269+0000] {standard_task_runner.py:105} ERROR - Failed to execute job 36 for task run_wanted_spider (Bash command failed. The command returned a non-zero exit code 1.; 4809)
[2023-05-23T08:25:30.309+0000] {local_task_job.py:208} INFO - Task exited with return code 1
[2023-05-23T08:25:30.345+0000] {taskinstance.py:2578} INFO - 0 downstream tasks scheduled from follow-on schedule check
