[2023-05-25T04:35:10.077+0000] {processor.py:153} INFO - Started process (PID=58) to work on /opt/airflow/dags/scrapy_dag.py
[2023-05-25T04:35:10.117+0000] {processor.py:743} INFO - Processing file /opt/airflow/dags/scrapy_dag.py for tasks to queue
[2023-05-25T04:35:10.141+0000] {logging_mixin.py:137} INFO - [2023-05-25T04:35:10.140+0000] {dagbag.py:538} INFO - Filling up the DagBag from /opt/airflow/dags/scrapy_dag.py
[2023-05-25T04:35:12.033+0000] {processor.py:753} INFO - DAG(s) dict_keys(['scrapy_dag']) retrieved from /opt/airflow/dags/scrapy_dag.py
[2023-05-25T04:35:15.187+0000] {logging_mixin.py:137} INFO - [2023-05-25T04:35:15.186+0000] {dag.py:2690} INFO - Sync 1 DAGs
[2023-05-25T04:35:16.311+0000] {logging_mixin.py:137} INFO - [2023-05-25T04:35:16.310+0000] {dag.py:3441} INFO - Setting next_dagrun for scrapy_dag to 2023-05-24T00:00:00+00:00, run_after=2023-05-25T00:00:00+00:00
[2023-05-25T04:35:16.804+0000] {processor.py:175} INFO - Processing /opt/airflow/dags/scrapy_dag.py took 7.281 seconds
[2023-05-25T04:36:11.154+0000] {processor.py:153} INFO - Started process (PID=126) to work on /opt/airflow/dags/scrapy_dag.py
[2023-05-25T04:36:11.160+0000] {processor.py:743} INFO - Processing file /opt/airflow/dags/scrapy_dag.py for tasks to queue
[2023-05-25T04:36:11.170+0000] {logging_mixin.py:137} INFO - [2023-05-25T04:36:11.169+0000] {dagbag.py:538} INFO - Filling up the DagBag from /opt/airflow/dags/scrapy_dag.py
[2023-05-25T04:36:11.467+0000] {processor.py:753} INFO - DAG(s) dict_keys(['scrapy_dag']) retrieved from /opt/airflow/dags/scrapy_dag.py
[2023-05-25T04:36:11.735+0000] {logging_mixin.py:137} INFO - [2023-05-25T04:36:11.727+0000] {dag.py:2690} INFO - Sync 1 DAGs
[2023-05-25T04:36:11.992+0000] {logging_mixin.py:137} INFO - [2023-05-25T04:36:11.990+0000] {dag.py:3441} INFO - Setting next_dagrun for scrapy_dag to 2023-05-25T00:00:00+00:00, run_after=2023-05-26T00:00:00+00:00
[2023-05-25T04:36:12.092+0000] {processor.py:175} INFO - Processing /opt/airflow/dags/scrapy_dag.py took 0.958 seconds
[2023-05-25T04:36:48.108+0000] {processor.py:153} INFO - Started process (PID=184) to work on /opt/airflow/dags/scrapy_dag.py
[2023-05-25T04:36:48.121+0000] {processor.py:743} INFO - Processing file /opt/airflow/dags/scrapy_dag.py for tasks to queue
[2023-05-25T04:36:48.126+0000] {logging_mixin.py:137} INFO - [2023-05-25T04:36:48.125+0000] {dagbag.py:538} INFO - Filling up the DagBag from /opt/airflow/dags/scrapy_dag.py
[2023-05-25T04:36:48.418+0000] {processor.py:753} INFO - DAG(s) dict_keys(['scrapy_dag']) retrieved from /opt/airflow/dags/scrapy_dag.py
[2023-05-25T04:36:48.801+0000] {logging_mixin.py:137} INFO - [2023-05-25T04:36:48.801+0000] {dag.py:2690} INFO - Sync 1 DAGs
[2023-05-25T04:36:49.057+0000] {logging_mixin.py:137} INFO - [2023-05-25T04:36:49.045+0000] {dag.py:3441} INFO - Setting next_dagrun for scrapy_dag to 2023-05-25T00:00:00+00:00, run_after=2023-05-26T00:00:00+00:00
[2023-05-25T04:36:49.235+0000] {processor.py:175} INFO - Processing /opt/airflow/dags/scrapy_dag.py took 1.148 seconds
[2023-05-25T04:37:58.867+0000] {processor.py:153} INFO - Started process (PID=234) to work on /opt/airflow/dags/scrapy_dag.py
[2023-05-25T04:37:58.903+0000] {processor.py:743} INFO - Processing file /opt/airflow/dags/scrapy_dag.py for tasks to queue
[2023-05-25T04:37:58.932+0000] {logging_mixin.py:137} INFO - [2023-05-25T04:37:58.928+0000] {dagbag.py:538} INFO - Filling up the DagBag from /opt/airflow/dags/scrapy_dag.py
[2023-05-25T04:37:59.775+0000] {processor.py:753} INFO - DAG(s) dict_keys(['scrapy_dag']) retrieved from /opt/airflow/dags/scrapy_dag.py
[2023-05-25T04:38:01.707+0000] {logging_mixin.py:137} INFO - [2023-05-25T04:38:01.704+0000] {dag.py:2690} INFO - Sync 1 DAGs
[2023-05-25T04:38:02.317+0000] {logging_mixin.py:137} INFO - [2023-05-25T04:38:02.317+0000] {dag.py:3441} INFO - Setting next_dagrun for scrapy_dag to 2023-05-25T00:00:00+00:00, run_after=2023-05-26T00:00:00+00:00
[2023-05-25T04:38:03.533+0000] {processor.py:175} INFO - Processing /opt/airflow/dags/scrapy_dag.py took 4.720 seconds
[2023-05-25T04:38:41.031+0000] {processor.py:153} INFO - Started process (PID=284) to work on /opt/airflow/dags/scrapy_dag.py
[2023-05-25T04:38:41.038+0000] {processor.py:743} INFO - Processing file /opt/airflow/dags/scrapy_dag.py for tasks to queue
[2023-05-25T04:38:41.059+0000] {logging_mixin.py:137} INFO - [2023-05-25T04:38:41.044+0000] {dagbag.py:538} INFO - Filling up the DagBag from /opt/airflow/dags/scrapy_dag.py
[2023-05-25T04:38:41.221+0000] {processor.py:753} INFO - DAG(s) dict_keys(['scrapy_dag']) retrieved from /opt/airflow/dags/scrapy_dag.py
[2023-05-25T04:38:41.332+0000] {logging_mixin.py:137} INFO - [2023-05-25T04:38:41.332+0000] {dag.py:2690} INFO - Sync 1 DAGs
[2023-05-25T04:38:41.814+0000] {logging_mixin.py:137} INFO - [2023-05-25T04:38:41.814+0000] {dag.py:3441} INFO - Setting next_dagrun for scrapy_dag to 2023-05-25T00:00:00+00:00, run_after=2023-05-26T00:00:00+00:00
[2023-05-25T04:38:42.335+0000] {processor.py:175} INFO - Processing /opt/airflow/dags/scrapy_dag.py took 1.315 seconds
[2023-05-25T04:39:12.780+0000] {processor.py:153} INFO - Started process (PID=339) to work on /opt/airflow/dags/scrapy_dag.py
[2023-05-25T04:39:12.789+0000] {processor.py:743} INFO - Processing file /opt/airflow/dags/scrapy_dag.py for tasks to queue
[2023-05-25T04:39:12.795+0000] {logging_mixin.py:137} INFO - [2023-05-25T04:39:12.794+0000] {dagbag.py:538} INFO - Filling up the DagBag from /opt/airflow/dags/scrapy_dag.py
[2023-05-25T04:39:12.889+0000] {processor.py:753} INFO - DAG(s) dict_keys(['scrapy_dag']) retrieved from /opt/airflow/dags/scrapy_dag.py
[2023-05-25T04:39:13.025+0000] {logging_mixin.py:137} INFO - [2023-05-25T04:39:13.023+0000] {dag.py:2690} INFO - Sync 1 DAGs
[2023-05-25T04:39:13.164+0000] {logging_mixin.py:137} INFO - [2023-05-25T04:39:13.163+0000] {dag.py:3441} INFO - Setting next_dagrun for scrapy_dag to 2023-05-25T00:00:00+00:00, run_after=2023-05-26T00:00:00+00:00
[2023-05-25T04:39:13.383+0000] {processor.py:175} INFO - Processing /opt/airflow/dags/scrapy_dag.py took 0.613 seconds
[2023-05-25T04:42:03.926+0000] {processor.py:153} INFO - Started process (PID=52) to work on /opt/airflow/dags/scrapy_dag.py
[2023-05-25T04:42:03.933+0000] {processor.py:743} INFO - Processing file /opt/airflow/dags/scrapy_dag.py for tasks to queue
[2023-05-25T04:42:03.944+0000] {logging_mixin.py:137} INFO - [2023-05-25T04:42:03.942+0000] {dagbag.py:538} INFO - Filling up the DagBag from /opt/airflow/dags/scrapy_dag.py
[2023-05-25T04:42:04.265+0000] {processor.py:753} INFO - DAG(s) dict_keys(['scrapy_dag']) retrieved from /opt/airflow/dags/scrapy_dag.py
[2023-05-25T04:42:04.770+0000] {logging_mixin.py:137} INFO - [2023-05-25T04:42:04.770+0000] {dag.py:2690} INFO - Sync 1 DAGs
[2023-05-25T04:42:04.987+0000] {logging_mixin.py:137} INFO - [2023-05-25T04:42:04.987+0000] {dag.py:3441} INFO - Setting next_dagrun for scrapy_dag to 2023-05-25T00:00:00+00:00, run_after=2023-05-26T00:00:00+00:00
[2023-05-25T04:42:05.114+0000] {processor.py:175} INFO - Processing /opt/airflow/dags/scrapy_dag.py took 1.213 seconds
[2023-05-25T04:42:36.612+0000] {processor.py:153} INFO - Started process (PID=111) to work on /opt/airflow/dags/scrapy_dag.py
[2023-05-25T04:42:36.640+0000] {processor.py:743} INFO - Processing file /opt/airflow/dags/scrapy_dag.py for tasks to queue
[2023-05-25T04:42:36.667+0000] {logging_mixin.py:137} INFO - [2023-05-25T04:42:36.667+0000] {dagbag.py:538} INFO - Filling up the DagBag from /opt/airflow/dags/scrapy_dag.py
[2023-05-25T04:42:36.877+0000] {processor.py:753} INFO - DAG(s) dict_keys(['scrapy_dag']) retrieved from /opt/airflow/dags/scrapy_dag.py
[2023-05-25T04:42:37.066+0000] {logging_mixin.py:137} INFO - [2023-05-25T04:42:37.066+0000] {dag.py:2690} INFO - Sync 1 DAGs
[2023-05-25T04:42:37.281+0000] {logging_mixin.py:137} INFO - [2023-05-25T04:42:37.281+0000] {dag.py:3441} INFO - Setting next_dagrun for scrapy_dag to 2023-05-25T00:00:00+00:00, run_after=2023-05-26T00:00:00+00:00
[2023-05-25T04:42:37.408+0000] {processor.py:175} INFO - Processing /opt/airflow/dags/scrapy_dag.py took 1.003 seconds
[2023-05-25T04:43:07.528+0000] {processor.py:153} INFO - Started process (PID=161) to work on /opt/airflow/dags/scrapy_dag.py
[2023-05-25T04:43:07.537+0000] {processor.py:743} INFO - Processing file /opt/airflow/dags/scrapy_dag.py for tasks to queue
[2023-05-25T04:43:07.540+0000] {logging_mixin.py:137} INFO - [2023-05-25T04:43:07.540+0000] {dagbag.py:538} INFO - Filling up the DagBag from /opt/airflow/dags/scrapy_dag.py
[2023-05-25T04:43:07.624+0000] {processor.py:753} INFO - DAG(s) dict_keys(['scrapy_dag']) retrieved from /opt/airflow/dags/scrapy_dag.py
[2023-05-25T04:43:08.015+0000] {logging_mixin.py:137} INFO - [2023-05-25T04:43:08.015+0000] {dag.py:2690} INFO - Sync 1 DAGs
[2023-05-25T04:43:08.081+0000] {logging_mixin.py:137} INFO - [2023-05-25T04:43:08.081+0000] {dag.py:3441} INFO - Setting next_dagrun for scrapy_dag to 2023-05-25T00:00:00+00:00, run_after=2023-05-26T00:00:00+00:00
[2023-05-25T04:43:08.161+0000] {processor.py:175} INFO - Processing /opt/airflow/dags/scrapy_dag.py took 0.651 seconds
[2023-05-25T04:43:38.760+0000] {processor.py:153} INFO - Started process (PID=220) to work on /opt/airflow/dags/scrapy_dag.py
[2023-05-25T04:43:38.762+0000] {processor.py:743} INFO - Processing file /opt/airflow/dags/scrapy_dag.py for tasks to queue
[2023-05-25T04:43:38.771+0000] {logging_mixin.py:137} INFO - [2023-05-25T04:43:38.770+0000] {dagbag.py:538} INFO - Filling up the DagBag from /opt/airflow/dags/scrapy_dag.py
[2023-05-25T04:43:38.947+0000] {processor.py:753} INFO - DAG(s) dict_keys(['scrapy_dag']) retrieved from /opt/airflow/dags/scrapy_dag.py
[2023-05-25T04:43:39.528+0000] {logging_mixin.py:137} INFO - [2023-05-25T04:43:39.528+0000] {dag.py:2690} INFO - Sync 1 DAGs
[2023-05-25T04:43:39.714+0000] {logging_mixin.py:137} INFO - [2023-05-25T04:43:39.713+0000] {dag.py:3441} INFO - Setting next_dagrun for scrapy_dag to 2023-05-25T00:00:00+00:00, run_after=2023-05-26T00:00:00+00:00
[2023-05-25T04:43:39.845+0000] {processor.py:175} INFO - Processing /opt/airflow/dags/scrapy_dag.py took 1.110 seconds
[2023-05-25T04:44:09.993+0000] {processor.py:153} INFO - Started process (PID=291) to work on /opt/airflow/dags/scrapy_dag.py
[2023-05-25T04:44:10.001+0000] {processor.py:743} INFO - Processing file /opt/airflow/dags/scrapy_dag.py for tasks to queue
[2023-05-25T04:44:10.003+0000] {logging_mixin.py:137} INFO - [2023-05-25T04:44:10.003+0000] {dagbag.py:538} INFO - Filling up the DagBag from /opt/airflow/dags/scrapy_dag.py
[2023-05-25T04:44:10.068+0000] {processor.py:753} INFO - DAG(s) dict_keys(['scrapy_dag']) retrieved from /opt/airflow/dags/scrapy_dag.py
[2023-05-25T04:44:10.109+0000] {logging_mixin.py:137} INFO - [2023-05-25T04:44:10.109+0000] {dag.py:2690} INFO - Sync 1 DAGs
[2023-05-25T04:44:10.144+0000] {logging_mixin.py:137} INFO - [2023-05-25T04:44:10.144+0000] {dag.py:3441} INFO - Setting next_dagrun for scrapy_dag to 2023-05-25T00:00:00+00:00, run_after=2023-05-26T00:00:00+00:00
[2023-05-25T04:44:10.174+0000] {processor.py:175} INFO - Processing /opt/airflow/dags/scrapy_dag.py took 0.188 seconds
[2023-05-25T04:44:40.593+0000] {processor.py:153} INFO - Started process (PID=351) to work on /opt/airflow/dags/scrapy_dag.py
[2023-05-25T04:44:40.614+0000] {processor.py:743} INFO - Processing file /opt/airflow/dags/scrapy_dag.py for tasks to queue
[2023-05-25T04:44:40.618+0000] {logging_mixin.py:137} INFO - [2023-05-25T04:44:40.617+0000] {dagbag.py:538} INFO - Filling up the DagBag from /opt/airflow/dags/scrapy_dag.py
[2023-05-25T04:44:40.737+0000] {processor.py:753} INFO - DAG(s) dict_keys(['scrapy_dag']) retrieved from /opt/airflow/dags/scrapy_dag.py
[2023-05-25T04:44:40.906+0000] {logging_mixin.py:137} INFO - [2023-05-25T04:44:40.906+0000] {dag.py:2690} INFO - Sync 1 DAGs
[2023-05-25T04:44:41.072+0000] {logging_mixin.py:137} INFO - [2023-05-25T04:44:41.062+0000] {dag.py:3441} INFO - Setting next_dagrun for scrapy_dag to 2023-05-25T00:00:00+00:00, run_after=2023-05-26T00:00:00+00:00
[2023-05-25T04:44:41.137+0000] {processor.py:175} INFO - Processing /opt/airflow/dags/scrapy_dag.py took 0.553 seconds
[2023-05-25T04:45:11.775+0000] {processor.py:153} INFO - Started process (PID=411) to work on /opt/airflow/dags/scrapy_dag.py
[2023-05-25T04:45:11.789+0000] {processor.py:743} INFO - Processing file /opt/airflow/dags/scrapy_dag.py for tasks to queue
[2023-05-25T04:45:11.792+0000] {logging_mixin.py:137} INFO - [2023-05-25T04:45:11.792+0000] {dagbag.py:538} INFO - Filling up the DagBag from /opt/airflow/dags/scrapy_dag.py
[2023-05-25T04:45:12.023+0000] {processor.py:753} INFO - DAG(s) dict_keys(['scrapy_dag']) retrieved from /opt/airflow/dags/scrapy_dag.py
[2023-05-25T04:45:12.240+0000] {logging_mixin.py:137} INFO - [2023-05-25T04:45:12.240+0000] {dag.py:2690} INFO - Sync 1 DAGs
[2023-05-25T04:45:12.387+0000] {logging_mixin.py:137} INFO - [2023-05-25T04:45:12.386+0000] {dag.py:3441} INFO - Setting next_dagrun for scrapy_dag to 2023-05-25T00:00:00+00:00, run_after=2023-05-26T00:00:00+00:00
[2023-05-25T04:45:12.454+0000] {processor.py:175} INFO - Processing /opt/airflow/dags/scrapy_dag.py took 0.695 seconds
[2023-05-25T04:45:42.755+0000] {processor.py:153} INFO - Started process (PID=472) to work on /opt/airflow/dags/scrapy_dag.py
[2023-05-25T04:45:42.760+0000] {processor.py:743} INFO - Processing file /opt/airflow/dags/scrapy_dag.py for tasks to queue
[2023-05-25T04:45:42.764+0000] {logging_mixin.py:137} INFO - [2023-05-25T04:45:42.763+0000] {dagbag.py:538} INFO - Filling up the DagBag from /opt/airflow/dags/scrapy_dag.py
[2023-05-25T04:45:42.848+0000] {processor.py:753} INFO - DAG(s) dict_keys(['scrapy_dag']) retrieved from /opt/airflow/dags/scrapy_dag.py
[2023-05-25T04:45:42.911+0000] {logging_mixin.py:137} INFO - [2023-05-25T04:45:42.911+0000] {dag.py:2690} INFO - Sync 1 DAGs
[2023-05-25T04:45:42.992+0000] {logging_mixin.py:137} INFO - [2023-05-25T04:45:42.992+0000] {dag.py:3441} INFO - Setting next_dagrun for scrapy_dag to 2023-05-25T00:00:00+00:00, run_after=2023-05-26T00:00:00+00:00
[2023-05-25T04:45:43.046+0000] {processor.py:175} INFO - Processing /opt/airflow/dags/scrapy_dag.py took 0.301 seconds
[2023-05-25T04:46:13.978+0000] {processor.py:153} INFO - Started process (PID=533) to work on /opt/airflow/dags/scrapy_dag.py
[2023-05-25T04:46:13.986+0000] {processor.py:743} INFO - Processing file /opt/airflow/dags/scrapy_dag.py for tasks to queue
[2023-05-25T04:46:13.989+0000] {logging_mixin.py:137} INFO - [2023-05-25T04:46:13.988+0000] {dagbag.py:538} INFO - Filling up the DagBag from /opt/airflow/dags/scrapy_dag.py
[2023-05-25T04:46:14.031+0000] {processor.py:753} INFO - DAG(s) dict_keys(['scrapy_dag']) retrieved from /opt/airflow/dags/scrapy_dag.py
[2023-05-25T04:46:14.090+0000] {logging_mixin.py:137} INFO - [2023-05-25T04:46:14.090+0000] {dag.py:2690} INFO - Sync 1 DAGs
[2023-05-25T04:46:14.193+0000] {logging_mixin.py:137} INFO - [2023-05-25T04:46:14.192+0000] {dag.py:3441} INFO - Setting next_dagrun for scrapy_dag to 2023-05-25T00:00:00+00:00, run_after=2023-05-26T00:00:00+00:00
[2023-05-25T04:46:14.286+0000] {processor.py:175} INFO - Processing /opt/airflow/dags/scrapy_dag.py took 0.318 seconds
[2023-05-25T04:46:18.033+0000] {processor.py:153} INFO - Started process (PID=548) to work on /opt/airflow/dags/scrapy_dag.py
[2023-05-25T04:46:18.040+0000] {processor.py:743} INFO - Processing file /opt/airflow/dags/scrapy_dag.py for tasks to queue
[2023-05-25T04:46:18.054+0000] {logging_mixin.py:137} INFO - [2023-05-25T04:46:18.054+0000] {dagbag.py:538} INFO - Filling up the DagBag from /opt/airflow/dags/scrapy_dag.py
[2023-05-25T04:46:18.167+0000] {processor.py:753} INFO - DAG(s) dict_keys(['scrapy_dag']) retrieved from /opt/airflow/dags/scrapy_dag.py
[2023-05-25T04:46:18.453+0000] {logging_mixin.py:137} INFO - [2023-05-25T04:46:18.452+0000] {dag.py:2690} INFO - Sync 1 DAGs
[2023-05-25T04:46:18.567+0000] {logging_mixin.py:137} INFO - [2023-05-25T04:46:18.567+0000] {dag.py:3441} INFO - Setting next_dagrun for scrapy_dag to 2023-05-25T00:00:00+00:00, run_after=2023-05-26T00:00:00+00:00
[2023-05-25T04:46:18.759+0000] {processor.py:175} INFO - Processing /opt/airflow/dags/scrapy_dag.py took 0.744 seconds
[2023-05-25T04:46:22.642+0000] {processor.py:153} INFO - Started process (PID=564) to work on /opt/airflow/dags/scrapy_dag.py
[2023-05-25T04:46:22.649+0000] {processor.py:743} INFO - Processing file /opt/airflow/dags/scrapy_dag.py for tasks to queue
[2023-05-25T04:46:22.662+0000] {logging_mixin.py:137} INFO - [2023-05-25T04:46:22.654+0000] {dagbag.py:538} INFO - Filling up the DagBag from /opt/airflow/dags/scrapy_dag.py
[2023-05-25T04:46:22.904+0000] {processor.py:753} INFO - DAG(s) dict_keys(['scrapy_dag']) retrieved from /opt/airflow/dags/scrapy_dag.py
[2023-05-25T04:46:23.016+0000] {logging_mixin.py:137} INFO - [2023-05-25T04:46:23.016+0000] {dag.py:2690} INFO - Sync 1 DAGs
[2023-05-25T04:46:23.165+0000] {logging_mixin.py:137} INFO - [2023-05-25T04:46:23.164+0000] {dag.py:3441} INFO - Setting next_dagrun for scrapy_dag to 2023-05-25T00:00:00+00:00, run_after=2023-05-26T00:00:00+00:00
[2023-05-25T04:46:23.264+0000] {processor.py:175} INFO - Processing /opt/airflow/dags/scrapy_dag.py took 0.649 seconds
[2023-05-25T04:46:54.509+0000] {processor.py:153} INFO - Started process (PID=624) to work on /opt/airflow/dags/scrapy_dag.py
[2023-05-25T04:46:54.519+0000] {processor.py:743} INFO - Processing file /opt/airflow/dags/scrapy_dag.py for tasks to queue
[2023-05-25T04:46:54.523+0000] {logging_mixin.py:137} INFO - [2023-05-25T04:46:54.522+0000] {dagbag.py:538} INFO - Filling up the DagBag from /opt/airflow/dags/scrapy_dag.py
[2023-05-25T04:46:54.624+0000] {processor.py:753} INFO - DAG(s) dict_keys(['scrapy_dag']) retrieved from /opt/airflow/dags/scrapy_dag.py
[2023-05-25T04:46:54.869+0000] {logging_mixin.py:137} INFO - [2023-05-25T04:46:54.868+0000] {dag.py:2690} INFO - Sync 1 DAGs
[2023-05-25T04:46:54.999+0000] {logging_mixin.py:137} INFO - [2023-05-25T04:46:54.999+0000] {dag.py:3441} INFO - Setting next_dagrun for scrapy_dag to 2023-05-25T00:00:00+00:00, run_after=2023-05-26T00:00:00+00:00
[2023-05-25T04:46:55.038+0000] {processor.py:175} INFO - Processing /opt/airflow/dags/scrapy_dag.py took 0.546 seconds
[2023-05-25T04:47:28.832+0000] {processor.py:153} INFO - Started process (PID=654) to work on /opt/airflow/dags/scrapy_dag.py
[2023-05-25T04:47:28.844+0000] {processor.py:743} INFO - Processing file /opt/airflow/dags/scrapy_dag.py for tasks to queue
[2023-05-25T04:47:28.856+0000] {logging_mixin.py:137} INFO - [2023-05-25T04:47:28.856+0000] {dagbag.py:538} INFO - Filling up the DagBag from /opt/airflow/dags/scrapy_dag.py
[2023-05-25T04:47:29.011+0000] {processor.py:753} INFO - DAG(s) dict_keys(['scrapy_dag']) retrieved from /opt/airflow/dags/scrapy_dag.py
[2023-05-25T04:47:29.307+0000] {logging_mixin.py:137} INFO - [2023-05-25T04:47:29.307+0000] {dag.py:2690} INFO - Sync 1 DAGs
[2023-05-25T04:47:29.706+0000] {logging_mixin.py:137} INFO - [2023-05-25T04:47:29.705+0000] {dag.py:3441} INFO - Setting next_dagrun for scrapy_dag to 2023-05-25T00:00:00+00:00, run_after=2023-05-26T00:00:00+00:00
[2023-05-25T04:47:29.990+0000] {processor.py:175} INFO - Processing /opt/airflow/dags/scrapy_dag.py took 1.197 seconds
[2023-05-25T04:48:00.372+0000] {processor.py:153} INFO - Started process (PID=714) to work on /opt/airflow/dags/scrapy_dag.py
[2023-05-25T04:48:00.380+0000] {processor.py:743} INFO - Processing file /opt/airflow/dags/scrapy_dag.py for tasks to queue
[2023-05-25T04:48:00.383+0000] {logging_mixin.py:137} INFO - [2023-05-25T04:48:00.383+0000] {dagbag.py:538} INFO - Filling up the DagBag from /opt/airflow/dags/scrapy_dag.py
[2023-05-25T04:48:00.435+0000] {processor.py:753} INFO - DAG(s) dict_keys(['scrapy_dag']) retrieved from /opt/airflow/dags/scrapy_dag.py
[2023-05-25T04:48:00.490+0000] {logging_mixin.py:137} INFO - [2023-05-25T04:48:00.490+0000] {dag.py:2690} INFO - Sync 1 DAGs
[2023-05-25T04:48:00.536+0000] {logging_mixin.py:137} INFO - [2023-05-25T04:48:00.535+0000] {dag.py:3441} INFO - Setting next_dagrun for scrapy_dag to 2023-05-25T00:00:00+00:00, run_after=2023-05-26T00:00:00+00:00
[2023-05-25T04:48:00.565+0000] {processor.py:175} INFO - Processing /opt/airflow/dags/scrapy_dag.py took 0.201 seconds
[2023-05-25T04:48:23.179+0000] {processor.py:153} INFO - Started process (PID=764) to work on /opt/airflow/dags/scrapy_dag.py
[2023-05-25T04:48:23.192+0000] {processor.py:743} INFO - Processing file /opt/airflow/dags/scrapy_dag.py for tasks to queue
[2023-05-25T04:48:23.200+0000] {logging_mixin.py:137} INFO - [2023-05-25T04:48:23.199+0000] {dagbag.py:538} INFO - Filling up the DagBag from /opt/airflow/dags/scrapy_dag.py
[2023-05-25T04:48:23.281+0000] {processor.py:753} INFO - DAG(s) dict_keys(['scrapy_dag']) retrieved from /opt/airflow/dags/scrapy_dag.py
[2023-05-25T04:48:23.398+0000] {logging_mixin.py:137} INFO - [2023-05-25T04:48:23.398+0000] {dag.py:2690} INFO - Sync 1 DAGs
[2023-05-25T04:48:23.439+0000] {logging_mixin.py:137} INFO - [2023-05-25T04:48:23.438+0000] {dag.py:3441} INFO - Setting next_dagrun for scrapy_dag to 2023-05-25T00:00:00+00:00, run_after=2023-05-26T00:00:00+00:00
[2023-05-25T04:48:23.477+0000] {processor.py:175} INFO - Processing /opt/airflow/dags/scrapy_dag.py took 0.306 seconds
[2023-05-25T04:48:24.535+0000] {processor.py:153} INFO - Started process (PID=775) to work on /opt/airflow/dags/scrapy_dag.py
[2023-05-25T04:48:24.537+0000] {processor.py:743} INFO - Processing file /opt/airflow/dags/scrapy_dag.py for tasks to queue
[2023-05-25T04:48:24.540+0000] {logging_mixin.py:137} INFO - [2023-05-25T04:48:24.539+0000] {dagbag.py:538} INFO - Filling up the DagBag from /opt/airflow/dags/scrapy_dag.py
[2023-05-25T04:48:24.581+0000] {processor.py:753} INFO - DAG(s) dict_keys(['scrapy_dag']) retrieved from /opt/airflow/dags/scrapy_dag.py
[2023-05-25T04:48:24.602+0000] {logging_mixin.py:137} INFO - [2023-05-25T04:48:24.602+0000] {dag.py:2690} INFO - Sync 1 DAGs
[2023-05-25T04:48:24.662+0000] {logging_mixin.py:137} INFO - [2023-05-25T04:48:24.661+0000] {dag.py:3441} INFO - Setting next_dagrun for scrapy_dag to 2023-05-25T00:00:00+00:00, run_after=2023-05-26T00:00:00+00:00
[2023-05-25T04:48:24.716+0000] {processor.py:175} INFO - Processing /opt/airflow/dags/scrapy_dag.py took 0.188 seconds
[2023-05-25T04:48:37.287+0000] {processor.py:153} INFO - Started process (PID=789) to work on /opt/airflow/dags/scrapy_dag.py
[2023-05-25T04:48:37.291+0000] {processor.py:743} INFO - Processing file /opt/airflow/dags/scrapy_dag.py for tasks to queue
[2023-05-25T04:48:37.296+0000] {logging_mixin.py:137} INFO - [2023-05-25T04:48:37.295+0000] {dagbag.py:538} INFO - Filling up the DagBag from /opt/airflow/dags/scrapy_dag.py
[2023-05-25T04:48:37.347+0000] {processor.py:753} INFO - DAG(s) dict_keys(['scrapy_dag']) retrieved from /opt/airflow/dags/scrapy_dag.py
[2023-05-25T04:48:37.373+0000] {logging_mixin.py:137} INFO - [2023-05-25T04:48:37.373+0000] {dag.py:2690} INFO - Sync 1 DAGs
[2023-05-25T04:48:37.426+0000] {logging_mixin.py:137} INFO - [2023-05-25T04:48:37.426+0000] {dag.py:3441} INFO - Setting next_dagrun for scrapy_dag to 2023-05-25T00:00:00+00:00, run_after=2023-05-26T00:00:00+00:00
[2023-05-25T04:48:37.468+0000] {processor.py:175} INFO - Processing /opt/airflow/dags/scrapy_dag.py took 0.190 seconds
[2023-05-25T04:48:38.312+0000] {processor.py:153} INFO - Started process (PID=791) to work on /opt/airflow/dags/scrapy_dag.py
[2023-05-25T04:48:38.320+0000] {processor.py:743} INFO - Processing file /opt/airflow/dags/scrapy_dag.py for tasks to queue
[2023-05-25T04:48:38.328+0000] {logging_mixin.py:137} INFO - [2023-05-25T04:48:38.328+0000] {dagbag.py:538} INFO - Filling up the DagBag from /opt/airflow/dags/scrapy_dag.py
[2023-05-25T04:48:38.423+0000] {processor.py:753} INFO - DAG(s) dict_keys(['scrapy_dag']) retrieved from /opt/airflow/dags/scrapy_dag.py
[2023-05-25T04:48:38.486+0000] {logging_mixin.py:137} INFO - [2023-05-25T04:48:38.485+0000] {dag.py:2690} INFO - Sync 1 DAGs
[2023-05-25T04:48:38.821+0000] {logging_mixin.py:137} INFO - [2023-05-25T04:48:38.821+0000] {dag.py:3441} INFO - Setting next_dagrun for scrapy_dag to 2023-05-25T00:00:00+00:00, run_after=2023-05-26T00:00:00+00:00
[2023-05-25T04:48:38.990+0000] {processor.py:175} INFO - Processing /opt/airflow/dags/scrapy_dag.py took 0.693 seconds
[2023-05-25T04:49:09.663+0000] {processor.py:153} INFO - Started process (PID=851) to work on /opt/airflow/dags/scrapy_dag.py
[2023-05-25T04:49:09.708+0000] {processor.py:743} INFO - Processing file /opt/airflow/dags/scrapy_dag.py for tasks to queue
[2023-05-25T04:49:09.731+0000] {logging_mixin.py:137} INFO - [2023-05-25T04:49:09.730+0000] {dagbag.py:538} INFO - Filling up the DagBag from /opt/airflow/dags/scrapy_dag.py
[2023-05-25T04:49:09.984+0000] {processor.py:753} INFO - DAG(s) dict_keys(['scrapy_dag']) retrieved from /opt/airflow/dags/scrapy_dag.py
[2023-05-25T04:49:10.244+0000] {logging_mixin.py:137} INFO - [2023-05-25T04:49:10.244+0000] {dag.py:2690} INFO - Sync 1 DAGs
[2023-05-25T04:49:10.333+0000] {logging_mixin.py:137} INFO - [2023-05-25T04:49:10.331+0000] {dag.py:3441} INFO - Setting next_dagrun for scrapy_dag to 2023-05-25T00:00:00+00:00, run_after=2023-05-26T00:00:00+00:00
[2023-05-25T04:49:10.434+0000] {processor.py:175} INFO - Processing /opt/airflow/dags/scrapy_dag.py took 0.854 seconds
[2023-05-25T04:49:22.456+0000] {processor.py:153} INFO - Started process (PID=897) to work on /opt/airflow/dags/scrapy_dag.py
[2023-05-25T04:49:22.459+0000] {processor.py:743} INFO - Processing file /opt/airflow/dags/scrapy_dag.py for tasks to queue
[2023-05-25T04:49:22.461+0000] {logging_mixin.py:137} INFO - [2023-05-25T04:49:22.461+0000] {dagbag.py:538} INFO - Filling up the DagBag from /opt/airflow/dags/scrapy_dag.py
[2023-05-25T04:49:22.500+0000] {processor.py:753} INFO - DAG(s) dict_keys(['scrapy_dag']) retrieved from /opt/airflow/dags/scrapy_dag.py
[2023-05-25T04:49:22.519+0000] {logging_mixin.py:137} INFO - [2023-05-25T04:49:22.519+0000] {dag.py:2690} INFO - Sync 1 DAGs
[2023-05-25T04:49:22.556+0000] {logging_mixin.py:137} INFO - [2023-05-25T04:49:22.555+0000] {dag.py:3441} INFO - Setting next_dagrun for scrapy_dag to 2023-05-25T00:00:00+00:00, run_after=2023-05-26T00:00:00+00:00
[2023-05-25T04:49:22.614+0000] {processor.py:175} INFO - Processing /opt/airflow/dags/scrapy_dag.py took 0.164 seconds
[2023-05-25T04:49:23.470+0000] {processor.py:153} INFO - Started process (PID=898) to work on /opt/airflow/dags/scrapy_dag.py
[2023-05-25T04:49:23.474+0000] {processor.py:743} INFO - Processing file /opt/airflow/dags/scrapy_dag.py for tasks to queue
[2023-05-25T04:49:23.479+0000] {logging_mixin.py:137} INFO - [2023-05-25T04:49:23.478+0000] {dagbag.py:538} INFO - Filling up the DagBag from /opt/airflow/dags/scrapy_dag.py
[2023-05-25T04:49:23.615+0000] {processor.py:753} INFO - DAG(s) dict_keys(['scrapy_dag']) retrieved from /opt/airflow/dags/scrapy_dag.py
[2023-05-25T04:49:23.678+0000] {logging_mixin.py:137} INFO - [2023-05-25T04:49:23.677+0000] {dag.py:2690} INFO - Sync 1 DAGs
[2023-05-25T04:49:23.785+0000] {logging_mixin.py:137} INFO - [2023-05-25T04:49:23.785+0000] {dag.py:3441} INFO - Setting next_dagrun for scrapy_dag to 2023-05-25T00:00:00+00:00, run_after=2023-05-26T00:00:00+00:00
[2023-05-25T04:49:23.848+0000] {processor.py:175} INFO - Processing /opt/airflow/dags/scrapy_dag.py took 0.382 seconds
[2023-05-25T04:49:53.996+0000] {processor.py:153} INFO - Started process (PID=959) to work on /opt/airflow/dags/scrapy_dag.py
[2023-05-25T04:49:54.000+0000] {processor.py:743} INFO - Processing file /opt/airflow/dags/scrapy_dag.py for tasks to queue
[2023-05-25T04:49:54.003+0000] {logging_mixin.py:137} INFO - [2023-05-25T04:49:54.003+0000] {dagbag.py:538} INFO - Filling up the DagBag from /opt/airflow/dags/scrapy_dag.py
[2023-05-25T04:49:54.035+0000] {processor.py:753} INFO - DAG(s) dict_keys(['scrapy_dag']) retrieved from /opt/airflow/dags/scrapy_dag.py
[2023-05-25T04:49:54.120+0000] {logging_mixin.py:137} INFO - [2023-05-25T04:49:54.120+0000] {dag.py:2690} INFO - Sync 1 DAGs
[2023-05-25T04:49:54.155+0000] {logging_mixin.py:137} INFO - [2023-05-25T04:49:54.155+0000] {dag.py:3441} INFO - Setting next_dagrun for scrapy_dag to 2023-05-25T00:00:00+00:00, run_after=2023-05-26T00:00:00+00:00
[2023-05-25T04:49:54.196+0000] {processor.py:175} INFO - Processing /opt/airflow/dags/scrapy_dag.py took 0.204 seconds
[2023-05-25T04:50:27.260+0000] {processor.py:153} INFO - Started process (PID=1017) to work on /opt/airflow/dags/scrapy_dag.py
[2023-05-25T04:50:27.265+0000] {processor.py:743} INFO - Processing file /opt/airflow/dags/scrapy_dag.py for tasks to queue
[2023-05-25T04:50:27.270+0000] {logging_mixin.py:137} INFO - [2023-05-25T04:50:27.269+0000] {dagbag.py:538} INFO - Filling up the DagBag from /opt/airflow/dags/scrapy_dag.py
[2023-05-25T04:50:27.400+0000] {processor.py:753} INFO - DAG(s) dict_keys(['scrapy_dag']) retrieved from /opt/airflow/dags/scrapy_dag.py
[2023-05-25T04:50:27.558+0000] {logging_mixin.py:137} INFO - [2023-05-25T04:50:27.558+0000] {dag.py:2690} INFO - Sync 1 DAGs
[2023-05-25T04:50:27.685+0000] {logging_mixin.py:137} INFO - [2023-05-25T04:50:27.684+0000] {dag.py:3441} INFO - Setting next_dagrun for scrapy_dag to 2023-05-25T00:00:00+00:00, run_after=2023-05-26T00:00:00+00:00
[2023-05-25T04:50:27.863+0000] {processor.py:175} INFO - Processing /opt/airflow/dags/scrapy_dag.py took 0.617 seconds
[2023-05-25T04:50:58.845+0000] {processor.py:153} INFO - Started process (PID=1077) to work on /opt/airflow/dags/scrapy_dag.py
[2023-05-25T04:50:58.854+0000] {processor.py:743} INFO - Processing file /opt/airflow/dags/scrapy_dag.py for tasks to queue
[2023-05-25T04:50:58.864+0000] {logging_mixin.py:137} INFO - [2023-05-25T04:50:58.864+0000] {dagbag.py:538} INFO - Filling up the DagBag from /opt/airflow/dags/scrapy_dag.py
[2023-05-25T04:50:59.047+0000] {processor.py:753} INFO - DAG(s) dict_keys(['scrapy_dag']) retrieved from /opt/airflow/dags/scrapy_dag.py
[2023-05-25T04:50:59.182+0000] {logging_mixin.py:137} INFO - [2023-05-25T04:50:59.181+0000] {dag.py:2690} INFO - Sync 1 DAGs
[2023-05-25T04:50:59.387+0000] {logging_mixin.py:137} INFO - [2023-05-25T04:50:59.387+0000] {dag.py:3441} INFO - Setting next_dagrun for scrapy_dag to 2023-05-25T00:00:00+00:00, run_after=2023-05-26T00:00:00+00:00
[2023-05-25T04:50:59.475+0000] {processor.py:175} INFO - Processing /opt/airflow/dags/scrapy_dag.py took 0.697 seconds
[2023-05-25T04:51:30.709+0000] {processor.py:153} INFO - Started process (PID=1136) to work on /opt/airflow/dags/scrapy_dag.py
[2023-05-25T04:51:30.713+0000] {processor.py:743} INFO - Processing file /opt/airflow/dags/scrapy_dag.py for tasks to queue
[2023-05-25T04:51:30.715+0000] {logging_mixin.py:137} INFO - [2023-05-25T04:51:30.715+0000] {dagbag.py:538} INFO - Filling up the DagBag from /opt/airflow/dags/scrapy_dag.py
[2023-05-25T04:51:30.995+0000] {processor.py:753} INFO - DAG(s) dict_keys(['scrapy_dag']) retrieved from /opt/airflow/dags/scrapy_dag.py
[2023-05-25T04:51:31.383+0000] {logging_mixin.py:137} INFO - [2023-05-25T04:51:31.383+0000] {dag.py:2690} INFO - Sync 1 DAGs
[2023-05-25T04:51:31.639+0000] {logging_mixin.py:137} INFO - [2023-05-25T04:51:31.638+0000] {dag.py:3441} INFO - Setting next_dagrun for scrapy_dag to 2023-05-25T00:00:00+00:00, run_after=2023-05-26T00:00:00+00:00
[2023-05-25T04:51:31.807+0000] {processor.py:175} INFO - Processing /opt/airflow/dags/scrapy_dag.py took 1.100 seconds
[2023-05-25T04:52:03.409+0000] {processor.py:153} INFO - Started process (PID=1186) to work on /opt/airflow/dags/scrapy_dag.py
[2023-05-25T04:52:03.412+0000] {processor.py:743} INFO - Processing file /opt/airflow/dags/scrapy_dag.py for tasks to queue
[2023-05-25T04:52:03.419+0000] {logging_mixin.py:137} INFO - [2023-05-25T04:52:03.419+0000] {dagbag.py:538} INFO - Filling up the DagBag from /opt/airflow/dags/scrapy_dag.py
[2023-05-25T04:52:03.467+0000] {processor.py:753} INFO - DAG(s) dict_keys(['scrapy_dag']) retrieved from /opt/airflow/dags/scrapy_dag.py
[2023-05-25T04:52:03.704+0000] {logging_mixin.py:137} INFO - [2023-05-25T04:52:03.703+0000] {dag.py:2690} INFO - Sync 1 DAGs
[2023-05-25T04:52:03.872+0000] {logging_mixin.py:137} INFO - [2023-05-25T04:52:03.871+0000] {dag.py:3441} INFO - Setting next_dagrun for scrapy_dag to 2023-05-25T00:00:00+00:00, run_after=2023-05-26T00:00:00+00:00
[2023-05-25T04:52:04.003+0000] {processor.py:175} INFO - Processing /opt/airflow/dags/scrapy_dag.py took 0.605 seconds
[2023-05-25T04:52:35.503+0000] {processor.py:153} INFO - Started process (PID=1244) to work on /opt/airflow/dags/scrapy_dag.py
[2023-05-25T04:52:35.507+0000] {processor.py:743} INFO - Processing file /opt/airflow/dags/scrapy_dag.py for tasks to queue
[2023-05-25T04:52:35.519+0000] {logging_mixin.py:137} INFO - [2023-05-25T04:52:35.519+0000] {dagbag.py:538} INFO - Filling up the DagBag from /opt/airflow/dags/scrapy_dag.py
[2023-05-25T04:52:35.629+0000] {processor.py:753} INFO - DAG(s) dict_keys(['scrapy_dag']) retrieved from /opt/airflow/dags/scrapy_dag.py
[2023-05-25T04:52:35.824+0000] {logging_mixin.py:137} INFO - [2023-05-25T04:52:35.815+0000] {dag.py:2690} INFO - Sync 1 DAGs
[2023-05-25T04:52:36.032+0000] {logging_mixin.py:137} INFO - [2023-05-25T04:52:36.032+0000] {dag.py:3441} INFO - Setting next_dagrun for scrapy_dag to 2023-05-25T00:00:00+00:00, run_after=2023-05-26T00:00:00+00:00
[2023-05-25T04:52:36.162+0000] {processor.py:175} INFO - Processing /opt/airflow/dags/scrapy_dag.py took 0.677 seconds
[2023-05-25T04:53:06.424+0000] {processor.py:153} INFO - Started process (PID=1305) to work on /opt/airflow/dags/scrapy_dag.py
[2023-05-25T04:53:06.429+0000] {processor.py:743} INFO - Processing file /opt/airflow/dags/scrapy_dag.py for tasks to queue
[2023-05-25T04:53:06.439+0000] {logging_mixin.py:137} INFO - [2023-05-25T04:53:06.438+0000] {dagbag.py:538} INFO - Filling up the DagBag from /opt/airflow/dags/scrapy_dag.py
[2023-05-25T04:53:06.497+0000] {processor.py:753} INFO - DAG(s) dict_keys(['scrapy_dag']) retrieved from /opt/airflow/dags/scrapy_dag.py
[2023-05-25T04:53:06.533+0000] {logging_mixin.py:137} INFO - [2023-05-25T04:53:06.533+0000] {dag.py:2690} INFO - Sync 1 DAGs
[2023-05-25T04:53:06.572+0000] {logging_mixin.py:137} INFO - [2023-05-25T04:53:06.572+0000] {dag.py:3441} INFO - Setting next_dagrun for scrapy_dag to 2023-05-25T00:00:00+00:00, run_after=2023-05-26T00:00:00+00:00
[2023-05-25T04:53:06.610+0000] {processor.py:175} INFO - Processing /opt/airflow/dags/scrapy_dag.py took 0.197 seconds
[2023-05-25T04:53:37.091+0000] {processor.py:153} INFO - Started process (PID=1365) to work on /opt/airflow/dags/scrapy_dag.py
[2023-05-25T04:53:37.094+0000] {processor.py:743} INFO - Processing file /opt/airflow/dags/scrapy_dag.py for tasks to queue
[2023-05-25T04:53:37.099+0000] {logging_mixin.py:137} INFO - [2023-05-25T04:53:37.098+0000] {dagbag.py:538} INFO - Filling up the DagBag from /opt/airflow/dags/scrapy_dag.py
[2023-05-25T04:53:37.140+0000] {processor.py:753} INFO - DAG(s) dict_keys(['scrapy_dag']) retrieved from /opt/airflow/dags/scrapy_dag.py
[2023-05-25T04:53:37.227+0000] {logging_mixin.py:137} INFO - [2023-05-25T04:53:37.226+0000] {dag.py:2690} INFO - Sync 1 DAGs
[2023-05-25T04:53:37.359+0000] {logging_mixin.py:137} INFO - [2023-05-25T04:53:37.354+0000] {dag.py:3441} INFO - Setting next_dagrun for scrapy_dag to 2023-05-25T00:00:00+00:00, run_after=2023-05-26T00:00:00+00:00
[2023-05-25T04:53:37.478+0000] {processor.py:175} INFO - Processing /opt/airflow/dags/scrapy_dag.py took 0.398 seconds
[2023-05-25T04:54:07.589+0000] {processor.py:153} INFO - Started process (PID=1424) to work on /opt/airflow/dags/scrapy_dag.py
[2023-05-25T04:54:07.592+0000] {processor.py:743} INFO - Processing file /opt/airflow/dags/scrapy_dag.py for tasks to queue
[2023-05-25T04:54:07.594+0000] {logging_mixin.py:137} INFO - [2023-05-25T04:54:07.594+0000] {dagbag.py:538} INFO - Filling up the DagBag from /opt/airflow/dags/scrapy_dag.py
[2023-05-25T04:54:07.642+0000] {processor.py:753} INFO - DAG(s) dict_keys(['scrapy_dag']) retrieved from /opt/airflow/dags/scrapy_dag.py
[2023-05-25T04:54:07.700+0000] {logging_mixin.py:137} INFO - [2023-05-25T04:54:07.700+0000] {dag.py:2690} INFO - Sync 1 DAGs
[2023-05-25T04:54:07.757+0000] {logging_mixin.py:137} INFO - [2023-05-25T04:54:07.757+0000] {dag.py:3441} INFO - Setting next_dagrun for scrapy_dag to 2023-05-25T00:00:00+00:00, run_after=2023-05-26T00:00:00+00:00
[2023-05-25T04:54:07.805+0000] {processor.py:175} INFO - Processing /opt/airflow/dags/scrapy_dag.py took 0.222 seconds
[2023-05-25T04:54:42.018+0000] {processor.py:153} INFO - Started process (PID=1484) to work on /opt/airflow/dags/scrapy_dag.py
[2023-05-25T04:54:42.025+0000] {processor.py:743} INFO - Processing file /opt/airflow/dags/scrapy_dag.py for tasks to queue
[2023-05-25T04:54:42.043+0000] {logging_mixin.py:137} INFO - [2023-05-25T04:54:42.042+0000] {dagbag.py:538} INFO - Filling up the DagBag from /opt/airflow/dags/scrapy_dag.py
[2023-05-25T04:54:42.227+0000] {processor.py:753} INFO - DAG(s) dict_keys(['scrapy_dag']) retrieved from /opt/airflow/dags/scrapy_dag.py
[2023-05-25T04:54:42.572+0000] {logging_mixin.py:137} INFO - [2023-05-25T04:54:42.571+0000] {dag.py:2690} INFO - Sync 1 DAGs
[2023-05-25T04:54:42.765+0000] {logging_mixin.py:137} INFO - [2023-05-25T04:54:42.765+0000] {dag.py:3441} INFO - Setting next_dagrun for scrapy_dag to 2023-05-25T00:00:00+00:00, run_after=2023-05-26T00:00:00+00:00
[2023-05-25T04:54:42.866+0000] {processor.py:175} INFO - Processing /opt/airflow/dags/scrapy_dag.py took 0.858 seconds
[2023-05-25T04:55:13.402+0000] {processor.py:153} INFO - Started process (PID=1545) to work on /opt/airflow/dags/scrapy_dag.py
[2023-05-25T04:55:13.414+0000] {processor.py:743} INFO - Processing file /opt/airflow/dags/scrapy_dag.py for tasks to queue
[2023-05-25T04:55:13.427+0000] {logging_mixin.py:137} INFO - [2023-05-25T04:55:13.427+0000] {dagbag.py:538} INFO - Filling up the DagBag from /opt/airflow/dags/scrapy_dag.py
[2023-05-25T04:55:13.498+0000] {processor.py:753} INFO - DAG(s) dict_keys(['scrapy_dag']) retrieved from /opt/airflow/dags/scrapy_dag.py
[2023-05-25T04:55:13.552+0000] {logging_mixin.py:137} INFO - [2023-05-25T04:55:13.552+0000] {dag.py:2690} INFO - Sync 1 DAGs
[2023-05-25T04:55:13.610+0000] {logging_mixin.py:137} INFO - [2023-05-25T04:55:13.610+0000] {dag.py:3441} INFO - Setting next_dagrun for scrapy_dag to 2023-05-25T00:00:00+00:00, run_after=2023-05-26T00:00:00+00:00
[2023-05-25T04:55:13.660+0000] {processor.py:175} INFO - Processing /opt/airflow/dags/scrapy_dag.py took 0.264 seconds
[2023-05-25T04:55:44.443+0000] {processor.py:153} INFO - Started process (PID=1605) to work on /opt/airflow/dags/scrapy_dag.py
[2023-05-25T04:55:44.448+0000] {processor.py:743} INFO - Processing file /opt/airflow/dags/scrapy_dag.py for tasks to queue
[2023-05-25T04:55:44.452+0000] {logging_mixin.py:137} INFO - [2023-05-25T04:55:44.451+0000] {dagbag.py:538} INFO - Filling up the DagBag from /opt/airflow/dags/scrapy_dag.py
[2023-05-25T04:55:44.551+0000] {processor.py:753} INFO - DAG(s) dict_keys(['scrapy_dag']) retrieved from /opt/airflow/dags/scrapy_dag.py
[2023-05-25T04:55:44.630+0000] {logging_mixin.py:137} INFO - [2023-05-25T04:55:44.630+0000] {dag.py:2690} INFO - Sync 1 DAGs
[2023-05-25T04:55:44.684+0000] {logging_mixin.py:137} INFO - [2023-05-25T04:55:44.683+0000] {dag.py:3441} INFO - Setting next_dagrun for scrapy_dag to 2023-05-25T00:00:00+00:00, run_after=2023-05-26T00:00:00+00:00
[2023-05-25T04:55:44.715+0000] {processor.py:175} INFO - Processing /opt/airflow/dags/scrapy_dag.py took 0.290 seconds
[2023-05-25T04:56:14.766+0000] {processor.py:153} INFO - Started process (PID=1665) to work on /opt/airflow/dags/scrapy_dag.py
[2023-05-25T04:56:14.773+0000] {processor.py:743} INFO - Processing file /opt/airflow/dags/scrapy_dag.py for tasks to queue
[2023-05-25T04:56:14.777+0000] {logging_mixin.py:137} INFO - [2023-05-25T04:56:14.776+0000] {dagbag.py:538} INFO - Filling up the DagBag from /opt/airflow/dags/scrapy_dag.py
[2023-05-25T04:56:14.822+0000] {processor.py:753} INFO - DAG(s) dict_keys(['scrapy_dag']) retrieved from /opt/airflow/dags/scrapy_dag.py
[2023-05-25T04:56:14.858+0000] {logging_mixin.py:137} INFO - [2023-05-25T04:56:14.858+0000] {dag.py:2690} INFO - Sync 1 DAGs
[2023-05-25T04:56:14.899+0000] {logging_mixin.py:137} INFO - [2023-05-25T04:56:14.898+0000] {dag.py:3441} INFO - Setting next_dagrun for scrapy_dag to 2023-05-25T00:00:00+00:00, run_after=2023-05-26T00:00:00+00:00
[2023-05-25T04:56:14.929+0000] {processor.py:175} INFO - Processing /opt/airflow/dags/scrapy_dag.py took 0.171 seconds
[2023-05-25T04:56:45.584+0000] {processor.py:153} INFO - Started process (PID=1722) to work on /opt/airflow/dags/scrapy_dag.py
[2023-05-25T04:56:45.590+0000] {processor.py:743} INFO - Processing file /opt/airflow/dags/scrapy_dag.py for tasks to queue
[2023-05-25T04:56:45.603+0000] {logging_mixin.py:137} INFO - [2023-05-25T04:56:45.602+0000] {dagbag.py:538} INFO - Filling up the DagBag from /opt/airflow/dags/scrapy_dag.py
[2023-05-25T04:56:45.706+0000] {processor.py:753} INFO - DAG(s) dict_keys(['scrapy_dag']) retrieved from /opt/airflow/dags/scrapy_dag.py
[2023-05-25T04:56:45.790+0000] {logging_mixin.py:137} INFO - [2023-05-25T04:56:45.790+0000] {dag.py:2690} INFO - Sync 1 DAGs
[2023-05-25T04:56:45.860+0000] {logging_mixin.py:137} INFO - [2023-05-25T04:56:45.860+0000] {dag.py:3441} INFO - Setting next_dagrun for scrapy_dag to 2023-05-25T00:00:00+00:00, run_after=2023-05-26T00:00:00+00:00
[2023-05-25T04:56:45.924+0000] {processor.py:175} INFO - Processing /opt/airflow/dags/scrapy_dag.py took 0.357 seconds
[2023-05-25T04:57:16.157+0000] {processor.py:153} INFO - Started process (PID=1782) to work on /opt/airflow/dags/scrapy_dag.py
[2023-05-25T04:57:16.159+0000] {processor.py:743} INFO - Processing file /opt/airflow/dags/scrapy_dag.py for tasks to queue
[2023-05-25T04:57:16.163+0000] {logging_mixin.py:137} INFO - [2023-05-25T04:57:16.163+0000] {dagbag.py:538} INFO - Filling up the DagBag from /opt/airflow/dags/scrapy_dag.py
[2023-05-25T04:57:16.212+0000] {processor.py:753} INFO - DAG(s) dict_keys(['scrapy_dag']) retrieved from /opt/airflow/dags/scrapy_dag.py
[2023-05-25T04:57:16.263+0000] {logging_mixin.py:137} INFO - [2023-05-25T04:57:16.263+0000] {dag.py:2690} INFO - Sync 1 DAGs
[2023-05-25T04:57:16.315+0000] {logging_mixin.py:137} INFO - [2023-05-25T04:57:16.315+0000] {dag.py:3441} INFO - Setting next_dagrun for scrapy_dag to 2023-05-25T00:00:00+00:00, run_after=2023-05-26T00:00:00+00:00
[2023-05-25T04:57:16.347+0000] {processor.py:175} INFO - Processing /opt/airflow/dags/scrapy_dag.py took 0.202 seconds
[2023-05-25T04:57:46.612+0000] {processor.py:153} INFO - Started process (PID=1843) to work on /opt/airflow/dags/scrapy_dag.py
[2023-05-25T04:57:46.617+0000] {processor.py:743} INFO - Processing file /opt/airflow/dags/scrapy_dag.py for tasks to queue
[2023-05-25T04:57:46.619+0000] {logging_mixin.py:137} INFO - [2023-05-25T04:57:46.619+0000] {dagbag.py:538} INFO - Filling up the DagBag from /opt/airflow/dags/scrapy_dag.py
[2023-05-25T04:57:46.751+0000] {processor.py:753} INFO - DAG(s) dict_keys(['scrapy_dag']) retrieved from /opt/airflow/dags/scrapy_dag.py
[2023-05-25T04:57:46.873+0000] {logging_mixin.py:137} INFO - [2023-05-25T04:57:46.873+0000] {dag.py:2690} INFO - Sync 1 DAGs
[2023-05-25T04:57:46.981+0000] {logging_mixin.py:137} INFO - [2023-05-25T04:57:46.981+0000] {dag.py:3441} INFO - Setting next_dagrun for scrapy_dag to 2023-05-25T00:00:00+00:00, run_after=2023-05-26T00:00:00+00:00
[2023-05-25T04:57:47.062+0000] {processor.py:175} INFO - Processing /opt/airflow/dags/scrapy_dag.py took 0.467 seconds
[2023-05-25T04:58:17.364+0000] {processor.py:153} INFO - Started process (PID=1901) to work on /opt/airflow/dags/scrapy_dag.py
[2023-05-25T04:58:17.370+0000] {processor.py:743} INFO - Processing file /opt/airflow/dags/scrapy_dag.py for tasks to queue
[2023-05-25T04:58:17.374+0000] {logging_mixin.py:137} INFO - [2023-05-25T04:58:17.373+0000] {dagbag.py:538} INFO - Filling up the DagBag from /opt/airflow/dags/scrapy_dag.py
[2023-05-25T04:58:17.453+0000] {processor.py:753} INFO - DAG(s) dict_keys(['scrapy_dag']) retrieved from /opt/airflow/dags/scrapy_dag.py
[2023-05-25T04:58:17.551+0000] {logging_mixin.py:137} INFO - [2023-05-25T04:58:17.550+0000] {dag.py:2690} INFO - Sync 1 DAGs
[2023-05-25T04:58:17.663+0000] {logging_mixin.py:137} INFO - [2023-05-25T04:58:17.659+0000] {dag.py:3441} INFO - Setting next_dagrun for scrapy_dag to 2023-05-25T00:00:00+00:00, run_after=2023-05-26T00:00:00+00:00
[2023-05-25T04:58:17.730+0000] {processor.py:175} INFO - Processing /opt/airflow/dags/scrapy_dag.py took 0.377 seconds
[2023-05-25T04:58:48.237+0000] {processor.py:153} INFO - Started process (PID=1960) to work on /opt/airflow/dags/scrapy_dag.py
[2023-05-25T04:58:48.241+0000] {processor.py:743} INFO - Processing file /opt/airflow/dags/scrapy_dag.py for tasks to queue
[2023-05-25T04:58:48.246+0000] {logging_mixin.py:137} INFO - [2023-05-25T04:58:48.245+0000] {dagbag.py:538} INFO - Filling up the DagBag from /opt/airflow/dags/scrapy_dag.py
[2023-05-25T04:58:48.288+0000] {processor.py:753} INFO - DAG(s) dict_keys(['scrapy_dag']) retrieved from /opt/airflow/dags/scrapy_dag.py
[2023-05-25T04:58:48.330+0000] {logging_mixin.py:137} INFO - [2023-05-25T04:58:48.329+0000] {dag.py:2690} INFO - Sync 1 DAGs
[2023-05-25T04:58:48.378+0000] {logging_mixin.py:137} INFO - [2023-05-25T04:58:48.377+0000] {dag.py:3441} INFO - Setting next_dagrun for scrapy_dag to 2023-05-25T00:00:00+00:00, run_after=2023-05-26T00:00:00+00:00
[2023-05-25T04:58:48.427+0000] {processor.py:175} INFO - Processing /opt/airflow/dags/scrapy_dag.py took 0.201 seconds
[2023-05-25T04:59:18.705+0000] {processor.py:153} INFO - Started process (PID=2016) to work on /opt/airflow/dags/scrapy_dag.py
[2023-05-25T04:59:18.709+0000] {processor.py:743} INFO - Processing file /opt/airflow/dags/scrapy_dag.py for tasks to queue
[2023-05-25T04:59:18.712+0000] {logging_mixin.py:137} INFO - [2023-05-25T04:59:18.712+0000] {dagbag.py:538} INFO - Filling up the DagBag from /opt/airflow/dags/scrapy_dag.py
[2023-05-25T04:59:18.825+0000] {processor.py:753} INFO - DAG(s) dict_keys(['scrapy_dag']) retrieved from /opt/airflow/dags/scrapy_dag.py
[2023-05-25T04:59:19.124+0000] {logging_mixin.py:137} INFO - [2023-05-25T04:59:19.124+0000] {dag.py:2690} INFO - Sync 1 DAGs
[2023-05-25T04:59:19.352+0000] {logging_mixin.py:137} INFO - [2023-05-25T04:59:19.352+0000] {dag.py:3441} INFO - Setting next_dagrun for scrapy_dag to 2023-05-25T00:00:00+00:00, run_after=2023-05-26T00:00:00+00:00
[2023-05-25T04:59:19.435+0000] {processor.py:175} INFO - Processing /opt/airflow/dags/scrapy_dag.py took 0.734 seconds
[2023-05-25T04:59:49.635+0000] {processor.py:153} INFO - Started process (PID=2082) to work on /opt/airflow/dags/scrapy_dag.py
[2023-05-25T04:59:49.645+0000] {processor.py:743} INFO - Processing file /opt/airflow/dags/scrapy_dag.py for tasks to queue
[2023-05-25T04:59:49.656+0000] {logging_mixin.py:137} INFO - [2023-05-25T04:59:49.656+0000] {dagbag.py:538} INFO - Filling up the DagBag from /opt/airflow/dags/scrapy_dag.py
[2023-05-25T04:59:49.875+0000] {processor.py:753} INFO - DAG(s) dict_keys(['scrapy_dag']) retrieved from /opt/airflow/dags/scrapy_dag.py
[2023-05-25T04:59:50.095+0000] {logging_mixin.py:137} INFO - [2023-05-25T04:59:50.094+0000] {dag.py:2690} INFO - Sync 1 DAGs
[2023-05-25T04:59:50.289+0000] {logging_mixin.py:137} INFO - [2023-05-25T04:59:50.289+0000] {dag.py:3441} INFO - Setting next_dagrun for scrapy_dag to 2023-05-25T00:00:00+00:00, run_after=2023-05-26T00:00:00+00:00
[2023-05-25T04:59:50.415+0000] {processor.py:175} INFO - Processing /opt/airflow/dags/scrapy_dag.py took 0.805 seconds
[2023-05-25T05:00:20.913+0000] {processor.py:153} INFO - Started process (PID=2144) to work on /opt/airflow/dags/scrapy_dag.py
[2023-05-25T05:00:20.917+0000] {processor.py:743} INFO - Processing file /opt/airflow/dags/scrapy_dag.py for tasks to queue
[2023-05-25T05:00:20.924+0000] {logging_mixin.py:137} INFO - [2023-05-25T05:00:20.924+0000] {dagbag.py:538} INFO - Filling up the DagBag from /opt/airflow/dags/scrapy_dag.py
[2023-05-25T05:00:20.960+0000] {processor.py:753} INFO - DAG(s) dict_keys(['scrapy_dag']) retrieved from /opt/airflow/dags/scrapy_dag.py
[2023-05-25T05:00:21.007+0000] {logging_mixin.py:137} INFO - [2023-05-25T05:00:21.007+0000] {dag.py:2690} INFO - Sync 1 DAGs
[2023-05-25T05:00:21.070+0000] {logging_mixin.py:137} INFO - [2023-05-25T05:00:21.069+0000] {dag.py:3441} INFO - Setting next_dagrun for scrapy_dag to 2023-05-25T00:00:00+00:00, run_after=2023-05-26T00:00:00+00:00
[2023-05-25T05:00:21.126+0000] {processor.py:175} INFO - Processing /opt/airflow/dags/scrapy_dag.py took 0.229 seconds
[2023-05-25T05:00:51.174+0000] {processor.py:153} INFO - Started process (PID=2204) to work on /opt/airflow/dags/scrapy_dag.py
[2023-05-25T05:00:51.184+0000] {processor.py:743} INFO - Processing file /opt/airflow/dags/scrapy_dag.py for tasks to queue
[2023-05-25T05:00:51.192+0000] {logging_mixin.py:137} INFO - [2023-05-25T05:00:51.191+0000] {dagbag.py:538} INFO - Filling up the DagBag from /opt/airflow/dags/scrapy_dag.py
[2023-05-25T05:00:51.262+0000] {processor.py:753} INFO - DAG(s) dict_keys(['scrapy_dag']) retrieved from /opt/airflow/dags/scrapy_dag.py
[2023-05-25T05:00:51.374+0000] {logging_mixin.py:137} INFO - [2023-05-25T05:00:51.374+0000] {dag.py:2690} INFO - Sync 1 DAGs
[2023-05-25T05:00:51.428+0000] {logging_mixin.py:137} INFO - [2023-05-25T05:00:51.428+0000] {dag.py:3441} INFO - Setting next_dagrun for scrapy_dag to 2023-05-25T00:00:00+00:00, run_after=2023-05-26T00:00:00+00:00
[2023-05-25T05:00:51.473+0000] {processor.py:175} INFO - Processing /opt/airflow/dags/scrapy_dag.py took 0.303 seconds
[2023-05-25T05:01:21.698+0000] {processor.py:153} INFO - Started process (PID=2263) to work on /opt/airflow/dags/scrapy_dag.py
[2023-05-25T05:01:21.706+0000] {processor.py:743} INFO - Processing file /opt/airflow/dags/scrapy_dag.py for tasks to queue
[2023-05-25T05:01:21.709+0000] {logging_mixin.py:137} INFO - [2023-05-25T05:01:21.708+0000] {dagbag.py:538} INFO - Filling up the DagBag from /opt/airflow/dags/scrapy_dag.py
[2023-05-25T05:01:21.753+0000] {processor.py:753} INFO - DAG(s) dict_keys(['scrapy_dag']) retrieved from /opt/airflow/dags/scrapy_dag.py
[2023-05-25T05:01:21.802+0000] {logging_mixin.py:137} INFO - [2023-05-25T05:01:21.802+0000] {dag.py:2690} INFO - Sync 1 DAGs
[2023-05-25T05:01:21.859+0000] {logging_mixin.py:137} INFO - [2023-05-25T05:01:21.859+0000] {dag.py:3441} INFO - Setting next_dagrun for scrapy_dag to 2023-05-25T00:00:00+00:00, run_after=2023-05-26T00:00:00+00:00
[2023-05-25T05:01:21.890+0000] {processor.py:175} INFO - Processing /opt/airflow/dags/scrapy_dag.py took 0.203 seconds
[2023-05-25T05:01:40.862+0000] {processor.py:153} INFO - Started process (PID=2302) to work on /opt/airflow/dags/scrapy_dag.py
[2023-05-25T05:01:40.866+0000] {processor.py:743} INFO - Processing file /opt/airflow/dags/scrapy_dag.py for tasks to queue
[2023-05-25T05:01:40.869+0000] {logging_mixin.py:137} INFO - [2023-05-25T05:01:40.869+0000] {dagbag.py:538} INFO - Filling up the DagBag from /opt/airflow/dags/scrapy_dag.py
[2023-05-25T05:01:40.913+0000] {processor.py:753} INFO - DAG(s) dict_keys(['scrapy_dag']) retrieved from /opt/airflow/dags/scrapy_dag.py
[2023-05-25T05:01:40.954+0000] {logging_mixin.py:137} INFO - [2023-05-25T05:01:40.953+0000] {dag.py:2690} INFO - Sync 1 DAGs
[2023-05-25T05:01:41.006+0000] {logging_mixin.py:137} INFO - [2023-05-25T05:01:41.006+0000] {dag.py:3441} INFO - Setting next_dagrun for scrapy_dag to 2023-05-25T00:00:00+00:00, run_after=2023-05-26T00:00:00+00:00
[2023-05-25T05:01:41.043+0000] {processor.py:175} INFO - Processing /opt/airflow/dags/scrapy_dag.py took 0.188 seconds
[2023-05-25T05:02:13.097+0000] {processor.py:153} INFO - Started process (PID=2352) to work on /opt/airflow/dags/scrapy_dag.py
[2023-05-25T05:02:13.102+0000] {processor.py:743} INFO - Processing file /opt/airflow/dags/scrapy_dag.py for tasks to queue
[2023-05-25T05:02:13.105+0000] {logging_mixin.py:137} INFO - [2023-05-25T05:02:13.105+0000] {dagbag.py:538} INFO - Filling up the DagBag from /opt/airflow/dags/scrapy_dag.py
[2023-05-25T05:02:13.196+0000] {processor.py:753} INFO - DAG(s) dict_keys(['scrapy_dag']) retrieved from /opt/airflow/dags/scrapy_dag.py
[2023-05-25T05:02:13.282+0000] {logging_mixin.py:137} INFO - [2023-05-25T05:02:13.282+0000] {dag.py:2690} INFO - Sync 1 DAGs
[2023-05-25T05:02:13.388+0000] {logging_mixin.py:137} INFO - [2023-05-25T05:02:13.387+0000] {dag.py:3441} INFO - Setting next_dagrun for scrapy_dag to 2023-05-25T00:00:00+00:00, run_after=2023-05-26T00:00:00+00:00
[2023-05-25T05:02:13.473+0000] {processor.py:175} INFO - Processing /opt/airflow/dags/scrapy_dag.py took 0.387 seconds
[2023-05-25T05:02:43.615+0000] {processor.py:153} INFO - Started process (PID=2411) to work on /opt/airflow/dags/scrapy_dag.py
[2023-05-25T05:02:43.625+0000] {processor.py:743} INFO - Processing file /opt/airflow/dags/scrapy_dag.py for tasks to queue
[2023-05-25T05:02:43.633+0000] {logging_mixin.py:137} INFO - [2023-05-25T05:02:43.632+0000] {dagbag.py:538} INFO - Filling up the DagBag from /opt/airflow/dags/scrapy_dag.py
[2023-05-25T05:02:43.700+0000] {processor.py:753} INFO - DAG(s) dict_keys(['scrapy_dag']) retrieved from /opt/airflow/dags/scrapy_dag.py
[2023-05-25T05:02:43.784+0000] {logging_mixin.py:137} INFO - [2023-05-25T05:02:43.779+0000] {dag.py:2690} INFO - Sync 1 DAGs
[2023-05-25T05:02:43.873+0000] {logging_mixin.py:137} INFO - [2023-05-25T05:02:43.872+0000] {dag.py:3441} INFO - Setting next_dagrun for scrapy_dag to 2023-05-25T00:00:00+00:00, run_after=2023-05-26T00:00:00+00:00
[2023-05-25T05:02:43.998+0000] {processor.py:175} INFO - Processing /opt/airflow/dags/scrapy_dag.py took 0.390 seconds
[2023-05-25T05:03:14.225+0000] {processor.py:153} INFO - Started process (PID=2471) to work on /opt/airflow/dags/scrapy_dag.py
[2023-05-25T05:03:14.228+0000] {processor.py:743} INFO - Processing file /opt/airflow/dags/scrapy_dag.py for tasks to queue
[2023-05-25T05:03:14.233+0000] {logging_mixin.py:137} INFO - [2023-05-25T05:03:14.232+0000] {dagbag.py:538} INFO - Filling up the DagBag from /opt/airflow/dags/scrapy_dag.py
[2023-05-25T05:03:14.279+0000] {processor.py:753} INFO - DAG(s) dict_keys(['scrapy_dag']) retrieved from /opt/airflow/dags/scrapy_dag.py
[2023-05-25T05:03:14.315+0000] {logging_mixin.py:137} INFO - [2023-05-25T05:03:14.315+0000] {dag.py:2690} INFO - Sync 1 DAGs
[2023-05-25T05:03:14.371+0000] {logging_mixin.py:137} INFO - [2023-05-25T05:03:14.371+0000] {dag.py:3441} INFO - Setting next_dagrun for scrapy_dag to 2023-05-25T00:00:00+00:00, run_after=2023-05-26T00:00:00+00:00
[2023-05-25T05:03:14.426+0000] {processor.py:175} INFO - Processing /opt/airflow/dags/scrapy_dag.py took 0.208 seconds
[2023-05-25T06:15:03.434+0000] {processor.py:153} INFO - Started process (PID=89) to work on /opt/airflow/dags/scrapy_dag.py
[2023-05-25T06:15:03.523+0000] {processor.py:743} INFO - Processing file /opt/airflow/dags/scrapy_dag.py for tasks to queue
[2023-05-25T06:15:03.563+0000] {logging_mixin.py:137} INFO - [2023-05-25T06:15:03.562+0000] {dagbag.py:538} INFO - Filling up the DagBag from /opt/airflow/dags/scrapy_dag.py
[2023-05-25T06:15:04.738+0000] {processor.py:753} INFO - DAG(s) dict_keys(['scrapy_dag']) retrieved from /opt/airflow/dags/scrapy_dag.py
[2023-05-25T06:15:08.300+0000] {logging_mixin.py:137} INFO - [2023-05-25T06:15:08.300+0000] {manager.py:504} INFO - Created Permission View: can delete on DAG:scrapy_dag
[2023-05-25T06:15:08.381+0000] {logging_mixin.py:137} INFO - [2023-05-25T06:15:08.381+0000] {manager.py:504} INFO - Created Permission View: can edit on DAG:scrapy_dag
[2023-05-25T06:15:08.433+0000] {logging_mixin.py:137} INFO - [2023-05-25T06:15:08.433+0000] {manager.py:504} INFO - Created Permission View: can read on DAG:scrapy_dag
[2023-05-25T06:15:08.441+0000] {logging_mixin.py:137} INFO - [2023-05-25T06:15:08.441+0000] {dag.py:2690} INFO - Sync 1 DAGs
[2023-05-25T06:15:08.621+0000] {logging_mixin.py:137} INFO - [2023-05-25T06:15:08.621+0000] {dag.py:2711} INFO - Creating ORM DAG for scrapy_dag
[2023-05-25T06:15:08.879+0000] {logging_mixin.py:137} INFO - [2023-05-25T06:15:08.879+0000] {dag.py:3441} INFO - Setting next_dagrun for scrapy_dag to 2023-05-24T00:00:00+00:00, run_after=2023-05-25T00:00:00+00:00
[2023-05-25T06:15:09.090+0000] {processor.py:175} INFO - Processing /opt/airflow/dags/scrapy_dag.py took 5.944 seconds
[2023-05-25T06:15:39.485+0000] {processor.py:153} INFO - Started process (PID=110) to work on /opt/airflow/dags/scrapy_dag.py
[2023-05-25T06:15:39.488+0000] {processor.py:743} INFO - Processing file /opt/airflow/dags/scrapy_dag.py for tasks to queue
[2023-05-25T06:15:39.492+0000] {logging_mixin.py:137} INFO - [2023-05-25T06:15:39.492+0000] {dagbag.py:538} INFO - Filling up the DagBag from /opt/airflow/dags/scrapy_dag.py
[2023-05-25T06:15:39.550+0000] {processor.py:753} INFO - DAG(s) dict_keys(['scrapy_dag']) retrieved from /opt/airflow/dags/scrapy_dag.py
[2023-05-25T06:15:39.595+0000] {logging_mixin.py:137} INFO - [2023-05-25T06:15:39.595+0000] {dag.py:2690} INFO - Sync 1 DAGs
[2023-05-25T06:15:39.636+0000] {logging_mixin.py:137} INFO - [2023-05-25T06:15:39.636+0000] {dag.py:3441} INFO - Setting next_dagrun for scrapy_dag to 2023-05-24T00:00:00+00:00, run_after=2023-05-25T00:00:00+00:00
[2023-05-25T06:15:39.667+0000] {processor.py:175} INFO - Processing /opt/airflow/dags/scrapy_dag.py took 0.189 seconds
[2023-05-25T06:16:09.825+0000] {processor.py:153} INFO - Started process (PID=131) to work on /opt/airflow/dags/scrapy_dag.py
[2023-05-25T06:16:09.833+0000] {processor.py:743} INFO - Processing file /opt/airflow/dags/scrapy_dag.py for tasks to queue
[2023-05-25T06:16:09.838+0000] {logging_mixin.py:137} INFO - [2023-05-25T06:16:09.837+0000] {dagbag.py:538} INFO - Filling up the DagBag from /opt/airflow/dags/scrapy_dag.py
[2023-05-25T06:16:09.900+0000] {processor.py:753} INFO - DAG(s) dict_keys(['scrapy_dag']) retrieved from /opt/airflow/dags/scrapy_dag.py
[2023-05-25T06:16:09.976+0000] {logging_mixin.py:137} INFO - [2023-05-25T06:16:09.976+0000] {dag.py:2690} INFO - Sync 1 DAGs
[2023-05-25T06:16:10.053+0000] {logging_mixin.py:137} INFO - [2023-05-25T06:16:10.053+0000] {dag.py:3441} INFO - Setting next_dagrun for scrapy_dag to 2023-05-24T00:00:00+00:00, run_after=2023-05-25T00:00:00+00:00
[2023-05-25T06:16:10.099+0000] {processor.py:175} INFO - Processing /opt/airflow/dags/scrapy_dag.py took 0.280 seconds
[2023-05-25T06:16:40.203+0000] {processor.py:153} INFO - Started process (PID=160) to work on /opt/airflow/dags/scrapy_dag.py
[2023-05-25T06:16:40.214+0000] {processor.py:743} INFO - Processing file /opt/airflow/dags/scrapy_dag.py for tasks to queue
[2023-05-25T06:16:40.216+0000] {logging_mixin.py:137} INFO - [2023-05-25T06:16:40.216+0000] {dagbag.py:538} INFO - Filling up the DagBag from /opt/airflow/dags/scrapy_dag.py
[2023-05-25T06:16:40.321+0000] {processor.py:753} INFO - DAG(s) dict_keys(['scrapy_dag']) retrieved from /opt/airflow/dags/scrapy_dag.py
[2023-05-25T06:16:40.460+0000] {logging_mixin.py:137} INFO - [2023-05-25T06:16:40.460+0000] {dag.py:2690} INFO - Sync 1 DAGs
[2023-05-25T06:16:40.572+0000] {logging_mixin.py:137} INFO - [2023-05-25T06:16:40.572+0000] {dag.py:3441} INFO - Setting next_dagrun for scrapy_dag to 2023-05-24T00:00:00+00:00, run_after=2023-05-25T00:00:00+00:00
[2023-05-25T06:16:40.642+0000] {processor.py:175} INFO - Processing /opt/airflow/dags/scrapy_dag.py took 0.459 seconds
[2023-05-25T06:17:10.939+0000] {processor.py:153} INFO - Started process (PID=182) to work on /opt/airflow/dags/scrapy_dag.py
[2023-05-25T06:17:10.947+0000] {processor.py:743} INFO - Processing file /opt/airflow/dags/scrapy_dag.py for tasks to queue
[2023-05-25T06:17:10.950+0000] {logging_mixin.py:137} INFO - [2023-05-25T06:17:10.950+0000] {dagbag.py:538} INFO - Filling up the DagBag from /opt/airflow/dags/scrapy_dag.py
[2023-05-25T06:17:10.982+0000] {processor.py:753} INFO - DAG(s) dict_keys(['scrapy_dag']) retrieved from /opt/airflow/dags/scrapy_dag.py
[2023-05-25T06:17:11.020+0000] {logging_mixin.py:137} INFO - [2023-05-25T06:17:11.020+0000] {dag.py:2690} INFO - Sync 1 DAGs
[2023-05-25T06:17:11.059+0000] {logging_mixin.py:137} INFO - [2023-05-25T06:17:11.059+0000] {dag.py:3441} INFO - Setting next_dagrun for scrapy_dag to 2023-05-24T00:00:00+00:00, run_after=2023-05-25T00:00:00+00:00
[2023-05-25T06:17:11.085+0000] {processor.py:175} INFO - Processing /opt/airflow/dags/scrapy_dag.py took 0.152 seconds
[2023-05-25T06:17:41.206+0000] {processor.py:153} INFO - Started process (PID=202) to work on /opt/airflow/dags/scrapy_dag.py
[2023-05-25T06:17:41.209+0000] {processor.py:743} INFO - Processing file /opt/airflow/dags/scrapy_dag.py for tasks to queue
[2023-05-25T06:17:41.212+0000] {logging_mixin.py:137} INFO - [2023-05-25T06:17:41.212+0000] {dagbag.py:538} INFO - Filling up the DagBag from /opt/airflow/dags/scrapy_dag.py
[2023-05-25T06:17:41.246+0000] {processor.py:753} INFO - DAG(s) dict_keys(['scrapy_dag']) retrieved from /opt/airflow/dags/scrapy_dag.py
[2023-05-25T06:17:41.282+0000] {logging_mixin.py:137} INFO - [2023-05-25T06:17:41.282+0000] {dag.py:2690} INFO - Sync 1 DAGs
[2023-05-25T06:17:41.320+0000] {logging_mixin.py:137} INFO - [2023-05-25T06:17:41.319+0000] {dag.py:3441} INFO - Setting next_dagrun for scrapy_dag to 2023-05-24T00:00:00+00:00, run_after=2023-05-25T00:00:00+00:00
[2023-05-25T06:17:41.347+0000] {processor.py:175} INFO - Processing /opt/airflow/dags/scrapy_dag.py took 0.146 seconds
[2023-05-25T06:18:11.647+0000] {processor.py:153} INFO - Started process (PID=222) to work on /opt/airflow/dags/scrapy_dag.py
[2023-05-25T06:18:11.652+0000] {processor.py:743} INFO - Processing file /opt/airflow/dags/scrapy_dag.py for tasks to queue
[2023-05-25T06:18:11.658+0000] {logging_mixin.py:137} INFO - [2023-05-25T06:18:11.658+0000] {dagbag.py:538} INFO - Filling up the DagBag from /opt/airflow/dags/scrapy_dag.py
[2023-05-25T06:18:11.727+0000] {processor.py:753} INFO - DAG(s) dict_keys(['scrapy_dag']) retrieved from /opt/airflow/dags/scrapy_dag.py
[2023-05-25T06:18:11.776+0000] {logging_mixin.py:137} INFO - [2023-05-25T06:18:11.776+0000] {dag.py:2690} INFO - Sync 1 DAGs
[2023-05-25T06:18:11.825+0000] {logging_mixin.py:137} INFO - [2023-05-25T06:18:11.825+0000] {dag.py:3441} INFO - Setting next_dagrun for scrapy_dag to 2023-05-24T00:00:00+00:00, run_after=2023-05-25T00:00:00+00:00
[2023-05-25T06:18:11.856+0000] {processor.py:175} INFO - Processing /opt/airflow/dags/scrapy_dag.py took 0.218 seconds
[2023-05-25T06:18:42.200+0000] {processor.py:153} INFO - Started process (PID=242) to work on /opt/airflow/dags/scrapy_dag.py
[2023-05-25T06:18:42.213+0000] {processor.py:743} INFO - Processing file /opt/airflow/dags/scrapy_dag.py for tasks to queue
[2023-05-25T06:18:42.216+0000] {logging_mixin.py:137} INFO - [2023-05-25T06:18:42.216+0000] {dagbag.py:538} INFO - Filling up the DagBag from /opt/airflow/dags/scrapy_dag.py
[2023-05-25T06:18:42.310+0000] {processor.py:753} INFO - DAG(s) dict_keys(['scrapy_dag']) retrieved from /opt/airflow/dags/scrapy_dag.py
[2023-05-25T06:18:42.403+0000] {logging_mixin.py:137} INFO - [2023-05-25T06:18:42.402+0000] {dag.py:2690} INFO - Sync 1 DAGs
[2023-05-25T06:18:42.496+0000] {logging_mixin.py:137} INFO - [2023-05-25T06:18:42.496+0000] {dag.py:3441} INFO - Setting next_dagrun for scrapy_dag to 2023-05-24T00:00:00+00:00, run_after=2023-05-25T00:00:00+00:00
[2023-05-25T06:18:42.562+0000] {processor.py:175} INFO - Processing /opt/airflow/dags/scrapy_dag.py took 0.367 seconds
[2023-05-25T06:19:12.903+0000] {processor.py:153} INFO - Started process (PID=263) to work on /opt/airflow/dags/scrapy_dag.py
[2023-05-25T06:19:12.907+0000] {processor.py:743} INFO - Processing file /opt/airflow/dags/scrapy_dag.py for tasks to queue
[2023-05-25T06:19:12.910+0000] {logging_mixin.py:137} INFO - [2023-05-25T06:19:12.910+0000] {dagbag.py:538} INFO - Filling up the DagBag from /opt/airflow/dags/scrapy_dag.py
[2023-05-25T06:19:12.946+0000] {processor.py:753} INFO - DAG(s) dict_keys(['scrapy_dag']) retrieved from /opt/airflow/dags/scrapy_dag.py
[2023-05-25T06:19:12.988+0000] {logging_mixin.py:137} INFO - [2023-05-25T06:19:12.988+0000] {dag.py:2690} INFO - Sync 1 DAGs
[2023-05-25T06:19:13.029+0000] {logging_mixin.py:137} INFO - [2023-05-25T06:19:13.029+0000] {dag.py:3441} INFO - Setting next_dagrun for scrapy_dag to 2023-05-24T00:00:00+00:00, run_after=2023-05-25T00:00:00+00:00
[2023-05-25T06:19:13.058+0000] {processor.py:175} INFO - Processing /opt/airflow/dags/scrapy_dag.py took 0.161 seconds
