[2023-05-23T09:11:27.489+0000] {taskinstance.py:1083} INFO - Dependencies all met for <TaskInstance: scrapy_dag.debug_print manual__2023-05-23T09:11:24.443122+00:00 [queued]>
[2023-05-23T09:11:27.507+0000] {taskinstance.py:1083} INFO - Dependencies all met for <TaskInstance: scrapy_dag.debug_print manual__2023-05-23T09:11:24.443122+00:00 [queued]>
[2023-05-23T09:11:27.508+0000] {taskinstance.py:1279} INFO - 
--------------------------------------------------------------------------------
[2023-05-23T09:11:27.510+0000] {taskinstance.py:1280} INFO - Starting attempt 1 of 1
[2023-05-23T09:11:27.515+0000] {taskinstance.py:1281} INFO - 
--------------------------------------------------------------------------------
[2023-05-23T09:11:27.557+0000] {taskinstance.py:1300} INFO - Executing <Task(BashOperator): debug_print> on 2023-05-23 09:11:24.443122+00:00
[2023-05-23T09:11:27.569+0000] {standard_task_runner.py:55} INFO - Started process 786 to run task
[2023-05-23T09:11:27.588+0000] {standard_task_runner.py:82} INFO - Running: ['***', 'tasks', 'run', 'scrapy_dag', 'debug_print', 'manual__2023-05-23T09:11:24.443122+00:00', '--job-id', '49', '--raw', '--subdir', 'DAGS_FOLDER/scrapy_dag.py', '--cfg-path', '/tmp/tmpsv0bordu']
[2023-05-23T09:11:27.600+0000] {standard_task_runner.py:83} INFO - Job 49: Subtask debug_print
[2023-05-23T09:11:27.768+0000] {task_command.py:388} INFO - Running <TaskInstance: scrapy_dag.debug_print manual__2023-05-23T09:11:24.443122+00:00 [running]> on host 282b4ebe5783
[2023-05-23T09:11:27.902+0000] {taskinstance.py:1509} INFO - Exporting the following env vars:
AIRFLOW_CTX_DAG_OWNER=***
AIRFLOW_CTX_DAG_ID=scrapy_dag
AIRFLOW_CTX_TASK_ID=debug_print
AIRFLOW_CTX_EXECUTION_DATE=2023-05-23T09:11:24.443122+00:00
AIRFLOW_CTX_TRY_NUMBER=1
AIRFLOW_CTX_DAG_RUN_ID=manual__2023-05-23T09:11:24.443122+00:00
[2023-05-23T09:11:27.904+0000] {subprocess.py:63} INFO - Tmp dir root location: 
 /tmp
[2023-05-23T09:11:27.906+0000] {subprocess.py:75} INFO - Running command: ['/bin/bash', '-c', 'pwd && whoami']
[2023-05-23T09:11:27.927+0000] {subprocess.py:86} INFO - Output:
[2023-05-23T09:11:27.939+0000] {subprocess.py:93} INFO - /tmp/***tmpqwv_6sas
[2023-05-23T09:11:27.942+0000] {subprocess.py:93} INFO - default
[2023-05-23T09:11:27.944+0000] {subprocess.py:97} INFO - Command exited with return code 0
[2023-05-23T09:11:27.995+0000] {taskinstance.py:1323} INFO - Marking task as SUCCESS. dag_id=scrapy_dag, task_id=debug_print, execution_date=20230523T091124, start_date=20230523T091127, end_date=20230523T091127
[2023-05-23T09:11:28.059+0000] {local_task_job.py:208} INFO - Task exited with return code 0
[2023-05-23T09:11:28.113+0000] {taskinstance.py:2578} INFO - 1 downstream tasks scheduled from follow-on schedule check
