[2023-05-23T07:35:33.303+0000] {taskinstance.py:1083} INFO - Dependencies all met for <TaskInstance: scrapy_dag.run_wanted_spider manual__2023-05-23T07:35:30.351510+00:00 [queued]>
[2023-05-23T07:35:33.449+0000] {taskinstance.py:1083} INFO - Dependencies all met for <TaskInstance: scrapy_dag.run_wanted_spider manual__2023-05-23T07:35:30.351510+00:00 [queued]>
[2023-05-23T07:35:33.451+0000] {taskinstance.py:1279} INFO - 
--------------------------------------------------------------------------------
[2023-05-23T07:35:33.455+0000] {taskinstance.py:1280} INFO - Starting attempt 1 of 1
[2023-05-23T07:35:33.462+0000] {taskinstance.py:1281} INFO - 
--------------------------------------------------------------------------------
[2023-05-23T07:35:33.718+0000] {taskinstance.py:1300} INFO - Executing <Task(BashOperator): run_wanted_spider> on 2023-05-23 07:35:30.351510+00:00
[2023-05-23T07:35:33.778+0000] {standard_task_runner.py:55} INFO - Started process 2597 to run task
[2023-05-23T07:35:33.793+0000] {standard_task_runner.py:82} INFO - Running: ['***', 'tasks', 'run', 'scrapy_dag', 'run_wanted_spider', 'manual__2023-05-23T07:35:30.351510+00:00', '--job-id', '9', '--raw', '--subdir', 'DAGS_FOLDER/scrapy_dag.py', '--cfg-path', '/tmp/tmpz0yw0crj']
[2023-05-23T07:35:33.801+0000] {standard_task_runner.py:83} INFO - Job 9: Subtask run_wanted_spider
[2023-05-23T07:35:34.265+0000] {task_command.py:388} INFO - Running <TaskInstance: scrapy_dag.run_wanted_spider manual__2023-05-23T07:35:30.351510+00:00 [running]> on host 24694c125b64
[2023-05-23T07:35:34.481+0000] {taskinstance.py:1509} INFO - Exporting the following env vars:
AIRFLOW_CTX_DAG_OWNER=***
AIRFLOW_CTX_DAG_ID=scrapy_dag
AIRFLOW_CTX_TASK_ID=run_wanted_spider
AIRFLOW_CTX_EXECUTION_DATE=2023-05-23T07:35:30.351510+00:00
AIRFLOW_CTX_TRY_NUMBER=1
AIRFLOW_CTX_DAG_RUN_ID=manual__2023-05-23T07:35:30.351510+00:00
[2023-05-23T07:35:34.489+0000] {subprocess.py:63} INFO - Tmp dir root location: 
 /tmp
[2023-05-23T07:35:34.492+0000] {subprocess.py:75} INFO - Running command: ['/bin/bash', '-c', 'scrapy crawl wanted']
[2023-05-23T07:35:34.522+0000] {subprocess.py:86} INFO - Output:
[2023-05-23T07:35:39.378+0000] {subprocess.py:93} INFO - Scrapy 2.9.0 - no active project
[2023-05-23T07:35:39.385+0000] {subprocess.py:93} INFO - 
[2023-05-23T07:35:39.390+0000] {subprocess.py:93} INFO - Unknown command: crawl
[2023-05-23T07:35:39.396+0000] {subprocess.py:93} INFO - 
[2023-05-23T07:35:39.404+0000] {subprocess.py:93} INFO - Use "scrapy" to see available commands
[2023-05-23T07:35:40.183+0000] {subprocess.py:97} INFO - Command exited with return code 2
[2023-05-23T07:35:40.249+0000] {taskinstance.py:1768} ERROR - Task failed with exception
Traceback (most recent call last):
  File "/home/airflow/.local/lib/python3.7/site-packages/airflow/operators/bash.py", line 197, in execute
    f"Bash command failed. The command returned a non-zero exit code {result.exit_code}."
airflow.exceptions.AirflowException: Bash command failed. The command returned a non-zero exit code 2.
[2023-05-23T07:35:40.279+0000] {taskinstance.py:1323} INFO - Marking task as FAILED. dag_id=scrapy_dag, task_id=run_wanted_spider, execution_date=20230523T073530, start_date=20230523T073533, end_date=20230523T073540
[2023-05-23T07:35:40.368+0000] {standard_task_runner.py:105} ERROR - Failed to execute job 9 for task run_wanted_spider (Bash command failed. The command returned a non-zero exit code 2.; 2597)
[2023-05-23T07:35:40.470+0000] {local_task_job.py:208} INFO - Task exited with return code 1
[2023-05-23T07:35:40.703+0000] {taskinstance.py:2578} INFO - 0 downstream tasks scheduled from follow-on schedule check
