[2023-05-23T09:20:43.531+0000] {taskinstance.py:1083} INFO - Dependencies all met for <TaskInstance: scrapy_dag.run_wanted_spider manual__2023-05-23T09:20:38.632834+00:00 [queued]>
[2023-05-23T09:20:43.617+0000] {taskinstance.py:1083} INFO - Dependencies all met for <TaskInstance: scrapy_dag.run_wanted_spider manual__2023-05-23T09:20:38.632834+00:00 [queued]>
[2023-05-23T09:20:43.626+0000] {taskinstance.py:1279} INFO - 
--------------------------------------------------------------------------------
[2023-05-23T09:20:43.630+0000] {taskinstance.py:1280} INFO - Starting attempt 1 of 1
[2023-05-23T09:20:43.631+0000] {taskinstance.py:1281} INFO - 
--------------------------------------------------------------------------------
[2023-05-23T09:20:43.736+0000] {taskinstance.py:1300} INFO - Executing <Task(BashOperator): run_wanted_spider> on 2023-05-23 09:20:38.632834+00:00
[2023-05-23T09:20:43.753+0000] {standard_task_runner.py:55} INFO - Started process 1198 to run task
[2023-05-23T09:20:43.804+0000] {standard_task_runner.py:82} INFO - Running: ['***', 'tasks', 'run', 'scrapy_dag', 'run_wanted_spider', 'manual__2023-05-23T09:20:38.632834+00:00', '--job-id', '61', '--raw', '--subdir', 'DAGS_FOLDER/scrapy_dag.py', '--cfg-path', '/tmp/tmp3fra_qb7']
[2023-05-23T09:20:43.810+0000] {standard_task_runner.py:83} INFO - Job 61: Subtask run_wanted_spider
[2023-05-23T09:20:44.250+0000] {task_command.py:388} INFO - Running <TaskInstance: scrapy_dag.run_wanted_spider manual__2023-05-23T09:20:38.632834+00:00 [running]> on host 282b4ebe5783
[2023-05-23T09:20:45.211+0000] {taskinstance.py:1509} INFO - Exporting the following env vars:
AIRFLOW_CTX_DAG_OWNER=***
AIRFLOW_CTX_DAG_ID=scrapy_dag
AIRFLOW_CTX_TASK_ID=run_wanted_spider
AIRFLOW_CTX_EXECUTION_DATE=2023-05-23T09:20:38.632834+00:00
AIRFLOW_CTX_TRY_NUMBER=1
AIRFLOW_CTX_DAG_RUN_ID=manual__2023-05-23T09:20:38.632834+00:00
[2023-05-23T09:20:45.230+0000] {subprocess.py:63} INFO - Tmp dir root location: 
 /tmp
[2023-05-23T09:20:45.235+0000] {subprocess.py:75} INFO - Running command: ['/bin/bash', '-c', 'scrapy crawl wanted']
[2023-05-23T09:20:45.363+0000] {subprocess.py:86} INFO - Output:
[2023-05-23T09:20:45.392+0000] {subprocess.py:93} INFO - /bin/bash: line 1: scrapy: command not found
[2023-05-23T09:20:45.394+0000] {subprocess.py:97} INFO - Command exited with return code 127
[2023-05-23T09:20:45.454+0000] {taskinstance.py:1768} ERROR - Task failed with exception
Traceback (most recent call last):
  File "/home/airflow/.local/lib/python3.7/site-packages/airflow/operators/bash.py", line 197, in execute
    f"Bash command failed. The command returned a non-zero exit code {result.exit_code}."
airflow.exceptions.AirflowException: Bash command failed. The command returned a non-zero exit code 127.
[2023-05-23T09:20:45.485+0000] {taskinstance.py:1323} INFO - Marking task as FAILED. dag_id=scrapy_dag, task_id=run_wanted_spider, execution_date=20230523T092038, start_date=20230523T092043, end_date=20230523T092045
[2023-05-23T09:20:45.564+0000] {standard_task_runner.py:105} ERROR - Failed to execute job 61 for task run_wanted_spider (Bash command failed. The command returned a non-zero exit code 127.; 1198)
[2023-05-23T09:20:45.636+0000] {local_task_job.py:208} INFO - Task exited with return code 1
[2023-05-23T09:20:45.898+0000] {taskinstance.py:2578} INFO - 0 downstream tasks scheduled from follow-on schedule check
