[2023-05-29T13:03:22.254+0000] {processor.py:153} INFO - Started process (PID=60) to work on /opt/airflow/dags/scrapy_dag.py
[2023-05-29T13:03:22.263+0000] {processor.py:743} INFO - Processing file /opt/airflow/dags/scrapy_dag.py for tasks to queue
[2023-05-29T13:03:22.273+0000] {logging_mixin.py:137} INFO - [2023-05-29T13:03:22.271+0000] {dagbag.py:538} INFO - Filling up the DagBag from /opt/airflow/dags/scrapy_dag.py
[2023-05-29T13:03:22.625+0000] {processor.py:753} INFO - DAG(s) dict_keys(['scrapy_dag']) retrieved from /opt/airflow/dags/scrapy_dag.py
[2023-05-29T13:10:57.899+0000] {processor.py:153} INFO - Started process (PID=70) to work on /opt/airflow/dags/scrapy_dag.py
[2023-05-29T13:10:57.919+0000] {processor.py:743} INFO - Processing file /opt/airflow/dags/scrapy_dag.py for tasks to queue
[2023-05-29T13:10:57.937+0000] {logging_mixin.py:137} INFO - [2023-05-29T13:10:57.937+0000] {dagbag.py:538} INFO - Filling up the DagBag from /opt/airflow/dags/scrapy_dag.py
[2023-05-29T13:10:59.216+0000] {processor.py:753} INFO - DAG(s) dict_keys(['scrapy_dag']) retrieved from /opt/airflow/dags/scrapy_dag.py
[2023-05-29T13:11:00.408+0000] {logging_mixin.py:137} INFO - [2023-05-29T13:11:00.402+0000] {dag.py:2690} INFO - Sync 1 DAGs
[2023-05-29T13:11:01.634+0000] {logging_mixin.py:137} INFO - [2023-05-29T13:11:01.634+0000] {dag.py:3441} INFO - Setting next_dagrun for scrapy_dag to 2023-05-28T00:00:00+00:00, run_after=2023-05-29T00:00:00+00:00
[2023-05-29T13:11:02.182+0000] {processor.py:175} INFO - Processing /opt/airflow/dags/scrapy_dag.py took 4.314 seconds
[2023-05-29T13:11:32.800+0000] {processor.py:153} INFO - Started process (PID=90) to work on /opt/airflow/dags/scrapy_dag.py
[2023-05-29T13:11:32.804+0000] {processor.py:743} INFO - Processing file /opt/airflow/dags/scrapy_dag.py for tasks to queue
[2023-05-29T13:11:32.808+0000] {logging_mixin.py:137} INFO - [2023-05-29T13:11:32.807+0000] {dagbag.py:538} INFO - Filling up the DagBag from /opt/airflow/dags/scrapy_dag.py
[2023-05-29T13:11:32.965+0000] {processor.py:753} INFO - DAG(s) dict_keys(['scrapy_dag']) retrieved from /opt/airflow/dags/scrapy_dag.py
[2023-05-29T13:11:33.061+0000] {logging_mixin.py:137} INFO - [2023-05-29T13:11:33.061+0000] {dag.py:2690} INFO - Sync 1 DAGs
[2023-05-29T13:11:33.255+0000] {logging_mixin.py:137} INFO - [2023-05-29T13:11:33.255+0000] {dag.py:3441} INFO - Setting next_dagrun for scrapy_dag to 2023-05-28T00:00:00+00:00, run_after=2023-05-29T00:00:00+00:00
[2023-05-29T13:11:33.299+0000] {processor.py:175} INFO - Processing /opt/airflow/dags/scrapy_dag.py took 0.508 seconds
[2023-05-29T13:12:03.736+0000] {processor.py:153} INFO - Started process (PID=109) to work on /opt/airflow/dags/scrapy_dag.py
[2023-05-29T13:12:03.740+0000] {processor.py:743} INFO - Processing file /opt/airflow/dags/scrapy_dag.py for tasks to queue
[2023-05-29T13:12:03.742+0000] {logging_mixin.py:137} INFO - [2023-05-29T13:12:03.742+0000] {dagbag.py:538} INFO - Filling up the DagBag from /opt/airflow/dags/scrapy_dag.py
[2023-05-29T13:12:03.776+0000] {processor.py:753} INFO - DAG(s) dict_keys(['scrapy_dag']) retrieved from /opt/airflow/dags/scrapy_dag.py
[2023-05-29T13:12:03.815+0000] {logging_mixin.py:137} INFO - [2023-05-29T13:12:03.815+0000] {dag.py:2690} INFO - Sync 1 DAGs
[2023-05-29T13:12:03.855+0000] {logging_mixin.py:137} INFO - [2023-05-29T13:12:03.855+0000] {dag.py:3441} INFO - Setting next_dagrun for scrapy_dag to 2023-05-28T00:00:00+00:00, run_after=2023-05-29T00:00:00+00:00
[2023-05-29T13:12:03.884+0000] {processor.py:175} INFO - Processing /opt/airflow/dags/scrapy_dag.py took 0.153 seconds
[2023-05-29T13:20:53.915+0000] {processor.py:153} INFO - Started process (PID=67) to work on /opt/airflow/dags/scrapy_dag.py
[2023-05-29T13:20:53.922+0000] {processor.py:743} INFO - Processing file /opt/airflow/dags/scrapy_dag.py for tasks to queue
[2023-05-29T13:20:53.932+0000] {logging_mixin.py:137} INFO - [2023-05-29T13:20:53.931+0000] {dagbag.py:538} INFO - Filling up the DagBag from /opt/airflow/dags/scrapy_dag.py
[2023-05-29T13:20:54.318+0000] {processor.py:753} INFO - DAG(s) dict_keys(['scrapy_dag']) retrieved from /opt/airflow/dags/scrapy_dag.py
[2023-05-29T13:20:55.958+0000] {logging_mixin.py:137} INFO - [2023-05-29T13:20:55.957+0000] {manager.py:504} INFO - Created Permission View: can edit on DAG:scrapy_dag
[2023-05-29T13:20:55.988+0000] {logging_mixin.py:137} INFO - [2023-05-29T13:20:55.987+0000] {manager.py:504} INFO - Created Permission View: can delete on DAG:scrapy_dag
[2023-05-29T13:20:56.007+0000] {logging_mixin.py:137} INFO - [2023-05-29T13:20:56.007+0000] {manager.py:504} INFO - Created Permission View: can read on DAG:scrapy_dag
[2023-05-29T13:20:56.009+0000] {logging_mixin.py:137} INFO - [2023-05-29T13:20:56.009+0000] {dag.py:2690} INFO - Sync 1 DAGs
[2023-05-29T13:20:56.071+0000] {logging_mixin.py:137} INFO - [2023-05-29T13:20:56.071+0000] {dag.py:2711} INFO - Creating ORM DAG for scrapy_dag
[2023-05-29T13:20:56.801+0000] {logging_mixin.py:137} INFO - [2023-05-29T13:20:56.801+0000] {dag.py:3441} INFO - Setting next_dagrun for scrapy_dag to 2023-05-28T00:00:00+00:00, run_after=2023-05-29T00:00:00+00:00
[2023-05-29T13:20:57.012+0000] {processor.py:175} INFO - Processing /opt/airflow/dags/scrapy_dag.py took 3.109 seconds
[2023-05-29T13:21:27.284+0000] {processor.py:153} INFO - Started process (PID=82) to work on /opt/airflow/dags/scrapy_dag.py
[2023-05-29T13:21:27.287+0000] {processor.py:743} INFO - Processing file /opt/airflow/dags/scrapy_dag.py for tasks to queue
[2023-05-29T13:21:27.293+0000] {logging_mixin.py:137} INFO - [2023-05-29T13:21:27.292+0000] {dagbag.py:538} INFO - Filling up the DagBag from /opt/airflow/dags/scrapy_dag.py
[2023-05-29T13:21:27.361+0000] {processor.py:753} INFO - DAG(s) dict_keys(['scrapy_dag']) retrieved from /opt/airflow/dags/scrapy_dag.py
[2023-05-29T13:21:27.435+0000] {logging_mixin.py:137} INFO - [2023-05-29T13:21:27.434+0000] {dag.py:2690} INFO - Sync 1 DAGs
[2023-05-29T13:21:27.578+0000] {logging_mixin.py:137} INFO - [2023-05-29T13:21:27.576+0000] {dag.py:3441} INFO - Setting next_dagrun for scrapy_dag to 2023-05-28T00:00:00+00:00, run_after=2023-05-29T00:00:00+00:00
[2023-05-29T13:21:27.621+0000] {processor.py:175} INFO - Processing /opt/airflow/dags/scrapy_dag.py took 0.343 seconds
[2023-05-29T13:21:58.084+0000] {processor.py:153} INFO - Started process (PID=103) to work on /opt/airflow/dags/scrapy_dag.py
[2023-05-29T13:21:58.094+0000] {processor.py:743} INFO - Processing file /opt/airflow/dags/scrapy_dag.py for tasks to queue
[2023-05-29T13:21:58.104+0000] {logging_mixin.py:137} INFO - [2023-05-29T13:21:58.102+0000] {dagbag.py:538} INFO - Filling up the DagBag from /opt/airflow/dags/scrapy_dag.py
[2023-05-29T13:21:58.253+0000] {processor.py:753} INFO - DAG(s) dict_keys(['scrapy_dag']) retrieved from /opt/airflow/dags/scrapy_dag.py
[2023-05-29T13:21:58.355+0000] {logging_mixin.py:137} INFO - [2023-05-29T13:21:58.355+0000] {dag.py:2690} INFO - Sync 1 DAGs
[2023-05-29T13:21:58.444+0000] {logging_mixin.py:137} INFO - [2023-05-29T13:21:58.444+0000] {dag.py:3441} INFO - Setting next_dagrun for scrapy_dag to 2023-05-28T00:00:00+00:00, run_after=2023-05-29T00:00:00+00:00
[2023-05-29T13:21:58.497+0000] {processor.py:175} INFO - Processing /opt/airflow/dags/scrapy_dag.py took 0.446 seconds
