[2023-05-23T08:18:29.520+0000] {taskinstance.py:1083} INFO - Dependencies all met for <TaskInstance: scrapy_dag.run_wanted_spider manual__2023-05-23T08:18:26.439786+00:00 [queued]>
[2023-05-23T08:18:29.547+0000] {taskinstance.py:1083} INFO - Dependencies all met for <TaskInstance: scrapy_dag.run_wanted_spider manual__2023-05-23T08:18:26.439786+00:00 [queued]>
[2023-05-23T08:18:29.548+0000] {taskinstance.py:1279} INFO - 
--------------------------------------------------------------------------------
[2023-05-23T08:18:29.550+0000] {taskinstance.py:1280} INFO - Starting attempt 1 of 1
[2023-05-23T08:18:29.551+0000] {taskinstance.py:1281} INFO - 
--------------------------------------------------------------------------------
[2023-05-23T08:18:29.607+0000] {taskinstance.py:1300} INFO - Executing <Task(BashOperator): run_wanted_spider> on 2023-05-23 08:18:26.439786+00:00
[2023-05-23T08:18:29.620+0000] {standard_task_runner.py:55} INFO - Started process 4490 to run task
[2023-05-23T08:18:29.644+0000] {standard_task_runner.py:82} INFO - Running: ['***', 'tasks', 'run', 'scrapy_dag', 'run_wanted_spider', 'manual__2023-05-23T08:18:26.439786+00:00', '--job-id', '26', '--raw', '--subdir', 'DAGS_FOLDER/scrapy_dag.py', '--cfg-path', '/tmp/tmp2j7wpxxl']
[2023-05-23T08:18:29.646+0000] {standard_task_runner.py:83} INFO - Job 26: Subtask run_wanted_spider
[2023-05-23T08:18:29.843+0000] {task_command.py:388} INFO - Running <TaskInstance: scrapy_dag.run_wanted_spider manual__2023-05-23T08:18:26.439786+00:00 [running]> on host 24694c125b64
[2023-05-23T08:18:30.001+0000] {taskinstance.py:1509} INFO - Exporting the following env vars:
AIRFLOW_CTX_DAG_OWNER=***
AIRFLOW_CTX_DAG_ID=scrapy_dag
AIRFLOW_CTX_TASK_ID=run_wanted_spider
AIRFLOW_CTX_EXECUTION_DATE=2023-05-23T08:18:26.439786+00:00
AIRFLOW_CTX_TRY_NUMBER=1
AIRFLOW_CTX_DAG_RUN_ID=manual__2023-05-23T08:18:26.439786+00:00
[2023-05-23T08:18:30.019+0000] {subprocess.py:63} INFO - Tmp dir root location: 
 /tmp
[2023-05-23T08:18:30.021+0000] {subprocess.py:75} INFO - Running command: ['/bin/bash', '-c', 'cd /app/wanted && scrapy crawl wanted']
[2023-05-23T08:18:30.063+0000] {subprocess.py:86} INFO - Output:
[2023-05-23T08:18:30.075+0000] {subprocess.py:93} INFO - /bin/bash: line 1: cd: /app/wanted: No such file or directory
[2023-05-23T08:18:30.078+0000] {subprocess.py:97} INFO - Command exited with return code 1
[2023-05-23T08:18:30.101+0000] {taskinstance.py:1768} ERROR - Task failed with exception
Traceback (most recent call last):
  File "/home/airflow/.local/lib/python3.7/site-packages/airflow/operators/bash.py", line 197, in execute
    f"Bash command failed. The command returned a non-zero exit code {result.exit_code}."
airflow.exceptions.AirflowException: Bash command failed. The command returned a non-zero exit code 1.
[2023-05-23T08:18:30.113+0000] {taskinstance.py:1323} INFO - Marking task as FAILED. dag_id=scrapy_dag, task_id=run_wanted_spider, execution_date=20230523T081826, start_date=20230523T081829, end_date=20230523T081830
[2023-05-23T08:18:30.138+0000] {standard_task_runner.py:105} ERROR - Failed to execute job 26 for task run_wanted_spider (Bash command failed. The command returned a non-zero exit code 1.; 4490)
[2023-05-23T08:18:30.189+0000] {local_task_job.py:208} INFO - Task exited with return code 1
[2023-05-23T08:18:30.241+0000] {taskinstance.py:2578} INFO - 0 downstream tasks scheduled from follow-on schedule check
