[2023-05-23T09:01:55.301+0000] {taskinstance.py:1083} INFO - Dependencies all met for <TaskInstance: scrapy_dag.debug_print manual__2023-05-23T09:01:50.425273+00:00 [queued]>
[2023-05-23T09:01:55.326+0000] {taskinstance.py:1083} INFO - Dependencies all met for <TaskInstance: scrapy_dag.debug_print manual__2023-05-23T09:01:50.425273+00:00 [queued]>
[2023-05-23T09:01:55.328+0000] {taskinstance.py:1279} INFO - 
--------------------------------------------------------------------------------
[2023-05-23T09:01:55.329+0000] {taskinstance.py:1280} INFO - Starting attempt 1 of 1
[2023-05-23T09:01:55.331+0000] {taskinstance.py:1281} INFO - 
--------------------------------------------------------------------------------
[2023-05-23T09:01:55.356+0000] {taskinstance.py:1300} INFO - Executing <Task(BashOperator): debug_print> on 2023-05-23 09:01:50.425273+00:00
[2023-05-23T09:01:55.366+0000] {standard_task_runner.py:55} INFO - Started process 301 to run task
[2023-05-23T09:01:55.373+0000] {standard_task_runner.py:82} INFO - Running: ['***', 'tasks', 'run', 'scrapy_dag', 'debug_print', 'manual__2023-05-23T09:01:50.425273+00:00', '--job-id', '39', '--raw', '--subdir', 'DAGS_FOLDER/scrapy_dag.py', '--cfg-path', '/tmp/tmp0jahrw3k']
[2023-05-23T09:01:55.376+0000] {standard_task_runner.py:83} INFO - Job 39: Subtask debug_print
[2023-05-23T09:01:55.500+0000] {task_command.py:388} INFO - Running <TaskInstance: scrapy_dag.debug_print manual__2023-05-23T09:01:50.425273+00:00 [running]> on host 282b4ebe5783
[2023-05-23T09:01:55.644+0000] {taskinstance.py:1509} INFO - Exporting the following env vars:
AIRFLOW_CTX_DAG_OWNER=***
AIRFLOW_CTX_DAG_ID=scrapy_dag
AIRFLOW_CTX_TASK_ID=debug_print
AIRFLOW_CTX_EXECUTION_DATE=2023-05-23T09:01:50.425273+00:00
AIRFLOW_CTX_TRY_NUMBER=1
AIRFLOW_CTX_DAG_RUN_ID=manual__2023-05-23T09:01:50.425273+00:00
[2023-05-23T09:01:55.661+0000] {subprocess.py:63} INFO - Tmp dir root location: 
 /tmp
[2023-05-23T09:01:55.670+0000] {subprocess.py:75} INFO - Running command: ['/bin/bash', '-c', 'ls -al']
[2023-05-23T09:01:55.696+0000] {subprocess.py:86} INFO - Output:
[2023-05-23T09:01:55.742+0000] {subprocess.py:93} INFO - total 8
[2023-05-23T09:01:55.744+0000] {subprocess.py:93} INFO - drwx------ 2 default root 4096 May 23 09:01 .
[2023-05-23T09:01:55.745+0000] {subprocess.py:93} INFO - drwxrwxrwt 1 root    root 4096 May 23 09:01 ..
[2023-05-23T09:01:55.748+0000] {subprocess.py:97} INFO - Command exited with return code 0
[2023-05-23T09:01:55.790+0000] {taskinstance.py:1323} INFO - Marking task as SUCCESS. dag_id=scrapy_dag, task_id=debug_print, execution_date=20230523T090150, start_date=20230523T090155, end_date=20230523T090155
[2023-05-23T09:01:55.873+0000] {local_task_job.py:208} INFO - Task exited with return code 0
[2023-05-23T09:01:55.929+0000] {taskinstance.py:2578} INFO - 1 downstream tasks scheduled from follow-on schedule check
