[2023-05-23T08:18:53.660+0000] {taskinstance.py:1083} INFO - Dependencies all met for <TaskInstance: scrapy_dag.run_wanted_spider manual__2023-05-23T08:18:50.374735+00:00 [queued]>
[2023-05-23T08:18:53.695+0000] {taskinstance.py:1083} INFO - Dependencies all met for <TaskInstance: scrapy_dag.run_wanted_spider manual__2023-05-23T08:18:50.374735+00:00 [queued]>
[2023-05-23T08:18:53.697+0000] {taskinstance.py:1279} INFO - 
--------------------------------------------------------------------------------
[2023-05-23T08:18:53.699+0000] {taskinstance.py:1280} INFO - Starting attempt 1 of 1
[2023-05-23T08:18:53.700+0000] {taskinstance.py:1281} INFO - 
--------------------------------------------------------------------------------
[2023-05-23T08:18:53.736+0000] {taskinstance.py:1300} INFO - Executing <Task(BashOperator): run_wanted_spider> on 2023-05-23 08:18:50.374735+00:00
[2023-05-23T08:18:53.752+0000] {standard_task_runner.py:55} INFO - Started process 4512 to run task
[2023-05-23T08:18:53.771+0000] {standard_task_runner.py:82} INFO - Running: ['***', 'tasks', 'run', 'scrapy_dag', 'run_wanted_spider', 'manual__2023-05-23T08:18:50.374735+00:00', '--job-id', '27', '--raw', '--subdir', 'DAGS_FOLDER/scrapy_dag.py', '--cfg-path', '/tmp/tmpm5c7n43q']
[2023-05-23T08:18:53.773+0000] {standard_task_runner.py:83} INFO - Job 27: Subtask run_wanted_spider
[2023-05-23T08:18:53.938+0000] {task_command.py:388} INFO - Running <TaskInstance: scrapy_dag.run_wanted_spider manual__2023-05-23T08:18:50.374735+00:00 [running]> on host 24694c125b64
[2023-05-23T08:18:54.117+0000] {taskinstance.py:1509} INFO - Exporting the following env vars:
AIRFLOW_CTX_DAG_OWNER=***
AIRFLOW_CTX_DAG_ID=scrapy_dag
AIRFLOW_CTX_TASK_ID=run_wanted_spider
AIRFLOW_CTX_EXECUTION_DATE=2023-05-23T08:18:50.374735+00:00
AIRFLOW_CTX_TRY_NUMBER=1
AIRFLOW_CTX_DAG_RUN_ID=manual__2023-05-23T08:18:50.374735+00:00
[2023-05-23T08:18:54.120+0000] {subprocess.py:63} INFO - Tmp dir root location: 
 /tmp
[2023-05-23T08:18:54.122+0000] {subprocess.py:75} INFO - Running command: ['/bin/bash', '-c', 'cd /app/wanted && scrapy crawl wanted']
[2023-05-23T08:18:54.175+0000] {subprocess.py:86} INFO - Output:
[2023-05-23T08:18:54.184+0000] {subprocess.py:93} INFO - /bin/bash: line 1: cd: /app/wanted: No such file or directory
[2023-05-23T08:18:54.195+0000] {subprocess.py:97} INFO - Command exited with return code 1
[2023-05-23T08:18:54.239+0000] {taskinstance.py:1768} ERROR - Task failed with exception
Traceback (most recent call last):
  File "/home/airflow/.local/lib/python3.7/site-packages/airflow/operators/bash.py", line 197, in execute
    f"Bash command failed. The command returned a non-zero exit code {result.exit_code}."
airflow.exceptions.AirflowException: Bash command failed. The command returned a non-zero exit code 1.
[2023-05-23T08:18:54.256+0000] {taskinstance.py:1323} INFO - Marking task as FAILED. dag_id=scrapy_dag, task_id=run_wanted_spider, execution_date=20230523T081850, start_date=20230523T081853, end_date=20230523T081854
[2023-05-23T08:18:54.309+0000] {standard_task_runner.py:105} ERROR - Failed to execute job 27 for task run_wanted_spider (Bash command failed. The command returned a non-zero exit code 1.; 4512)
[2023-05-23T08:18:54.379+0000] {local_task_job.py:208} INFO - Task exited with return code 1
[2023-05-23T08:18:54.425+0000] {taskinstance.py:2578} INFO - 0 downstream tasks scheduled from follow-on schedule check
