[2023-05-24T23:13:23.106+0000] {processor.py:153} INFO - Started process (PID=69) to work on /home/airflow/.local/lib/python3.7/site-packages/airflow/example_dags/example_trigger_target_dag.py
[2023-05-24T23:13:23.112+0000] {processor.py:743} INFO - Processing file /home/airflow/.local/lib/python3.7/site-packages/airflow/example_dags/example_trigger_target_dag.py for tasks to queue
[2023-05-24T23:13:23.119+0000] {logging_mixin.py:137} INFO - [2023-05-24T23:13:23.118+0000] {dagbag.py:538} INFO - Filling up the DagBag from /home/airflow/.local/lib/python3.7/site-packages/airflow/example_dags/example_trigger_target_dag.py
[2023-05-24T23:13:23.309+0000] {processor.py:753} INFO - DAG(s) dict_keys(['example_trigger_target_dag']) retrieved from /home/airflow/.local/lib/python3.7/site-packages/airflow/example_dags/example_trigger_target_dag.py
[2023-05-24T23:13:23.420+0000] {logging_mixin.py:137} INFO - [2023-05-24T23:13:23.420+0000] {dag.py:2690} INFO - Sync 1 DAGs
[2023-05-24T23:13:23.679+0000] {logging_mixin.py:137} INFO - [2023-05-24T23:13:23.678+0000] {dag.py:3441} INFO - Setting next_dagrun for example_trigger_target_dag to None, run_after=None
[2023-05-24T23:13:24.090+0000] {processor.py:175} INFO - Processing /home/airflow/.local/lib/python3.7/site-packages/airflow/example_dags/example_trigger_target_dag.py took 1.017 seconds
[2023-05-24T23:13:54.320+0000] {processor.py:153} INFO - Started process (PID=128) to work on /home/airflow/.local/lib/python3.7/site-packages/airflow/example_dags/example_trigger_target_dag.py
[2023-05-24T23:13:54.331+0000] {processor.py:743} INFO - Processing file /home/airflow/.local/lib/python3.7/site-packages/airflow/example_dags/example_trigger_target_dag.py for tasks to queue
[2023-05-24T23:13:54.336+0000] {logging_mixin.py:137} INFO - [2023-05-24T23:13:54.335+0000] {dagbag.py:538} INFO - Filling up the DagBag from /home/airflow/.local/lib/python3.7/site-packages/airflow/example_dags/example_trigger_target_dag.py
[2023-05-24T23:13:54.410+0000] {processor.py:753} INFO - DAG(s) dict_keys(['example_trigger_target_dag']) retrieved from /home/airflow/.local/lib/python3.7/site-packages/airflow/example_dags/example_trigger_target_dag.py
[2023-05-24T23:13:54.484+0000] {logging_mixin.py:137} INFO - [2023-05-24T23:13:54.484+0000] {dag.py:2690} INFO - Sync 1 DAGs
[2023-05-24T23:13:54.569+0000] {logging_mixin.py:137} INFO - [2023-05-24T23:13:54.568+0000] {dag.py:3441} INFO - Setting next_dagrun for example_trigger_target_dag to None, run_after=None
[2023-05-24T23:13:54.641+0000] {processor.py:175} INFO - Processing /home/airflow/.local/lib/python3.7/site-packages/airflow/example_dags/example_trigger_target_dag.py took 0.335 seconds
[2023-05-24T23:14:28.659+0000] {processor.py:153} INFO - Started process (PID=186) to work on /home/airflow/.local/lib/python3.7/site-packages/airflow/example_dags/example_trigger_target_dag.py
[2023-05-24T23:14:28.672+0000] {processor.py:743} INFO - Processing file /home/airflow/.local/lib/python3.7/site-packages/airflow/example_dags/example_trigger_target_dag.py for tasks to queue
[2023-05-24T23:14:28.682+0000] {logging_mixin.py:137} INFO - [2023-05-24T23:14:28.681+0000] {dagbag.py:538} INFO - Filling up the DagBag from /home/airflow/.local/lib/python3.7/site-packages/airflow/example_dags/example_trigger_target_dag.py
[2023-05-24T23:14:29.096+0000] {processor.py:753} INFO - DAG(s) dict_keys(['example_trigger_target_dag']) retrieved from /home/airflow/.local/lib/python3.7/site-packages/airflow/example_dags/example_trigger_target_dag.py
[2023-05-24T23:14:29.650+0000] {logging_mixin.py:137} INFO - [2023-05-24T23:14:29.650+0000] {dag.py:2690} INFO - Sync 1 DAGs
[2023-05-24T23:14:30.145+0000] {logging_mixin.py:137} INFO - [2023-05-24T23:14:30.144+0000] {dag.py:3441} INFO - Setting next_dagrun for example_trigger_target_dag to None, run_after=None
[2023-05-24T23:14:30.749+0000] {processor.py:175} INFO - Processing /home/airflow/.local/lib/python3.7/site-packages/airflow/example_dags/example_trigger_target_dag.py took 2.172 seconds
[2023-05-24T23:15:10.093+0000] {processor.py:153} INFO - Started process (PID=243) to work on /home/airflow/.local/lib/python3.7/site-packages/airflow/example_dags/example_trigger_target_dag.py
[2023-05-24T23:15:10.112+0000] {processor.py:743} INFO - Processing file /home/airflow/.local/lib/python3.7/site-packages/airflow/example_dags/example_trigger_target_dag.py for tasks to queue
[2023-05-24T23:15:10.122+0000] {logging_mixin.py:137} INFO - [2023-05-24T23:15:10.121+0000] {dagbag.py:538} INFO - Filling up the DagBag from /home/airflow/.local/lib/python3.7/site-packages/airflow/example_dags/example_trigger_target_dag.py
[2023-05-24T23:15:10.838+0000] {processor.py:753} INFO - DAG(s) dict_keys(['example_trigger_target_dag']) retrieved from /home/airflow/.local/lib/python3.7/site-packages/airflow/example_dags/example_trigger_target_dag.py
[2023-05-24T23:15:11.688+0000] {logging_mixin.py:137} INFO - [2023-05-24T23:15:11.688+0000] {dag.py:2690} INFO - Sync 1 DAGs
[2023-05-24T23:15:12.475+0000] {logging_mixin.py:137} INFO - [2023-05-24T23:15:12.475+0000] {dag.py:3441} INFO - Setting next_dagrun for example_trigger_target_dag to None, run_after=None
[2023-05-24T23:15:12.924+0000] {processor.py:175} INFO - Processing /home/airflow/.local/lib/python3.7/site-packages/airflow/example_dags/example_trigger_target_dag.py took 3.802 seconds
[2023-05-24T23:15:57.642+0000] {processor.py:153} INFO - Started process (PID=299) to work on /home/airflow/.local/lib/python3.7/site-packages/airflow/example_dags/example_trigger_target_dag.py
[2023-05-24T23:15:57.651+0000] {processor.py:743} INFO - Processing file /home/airflow/.local/lib/python3.7/site-packages/airflow/example_dags/example_trigger_target_dag.py for tasks to queue
[2023-05-24T23:15:57.660+0000] {logging_mixin.py:137} INFO - [2023-05-24T23:15:57.658+0000] {dagbag.py:538} INFO - Filling up the DagBag from /home/airflow/.local/lib/python3.7/site-packages/airflow/example_dags/example_trigger_target_dag.py
[2023-05-24T23:15:57.785+0000] {processor.py:753} INFO - DAG(s) dict_keys(['example_trigger_target_dag']) retrieved from /home/airflow/.local/lib/python3.7/site-packages/airflow/example_dags/example_trigger_target_dag.py
[2023-05-24T23:15:57.943+0000] {logging_mixin.py:137} INFO - [2023-05-24T23:15:57.941+0000] {dag.py:2690} INFO - Sync 1 DAGs
[2023-05-24T23:15:58.145+0000] {logging_mixin.py:137} INFO - [2023-05-24T23:15:58.145+0000] {dag.py:3441} INFO - Setting next_dagrun for example_trigger_target_dag to None, run_after=None
[2023-05-24T23:15:58.269+0000] {processor.py:175} INFO - Processing /home/airflow/.local/lib/python3.7/site-packages/airflow/example_dags/example_trigger_target_dag.py took 0.651 seconds
[2023-05-24T23:17:05.242+0000] {processor.py:153} INFO - Started process (PID=366) to work on /home/airflow/.local/lib/python3.7/site-packages/airflow/example_dags/example_trigger_target_dag.py
[2023-05-24T23:17:05.286+0000] {processor.py:743} INFO - Processing file /home/airflow/.local/lib/python3.7/site-packages/airflow/example_dags/example_trigger_target_dag.py for tasks to queue
[2023-05-24T23:17:05.387+0000] {logging_mixin.py:137} INFO - [2023-05-24T23:17:05.364+0000] {dagbag.py:538} INFO - Filling up the DagBag from /home/airflow/.local/lib/python3.7/site-packages/airflow/example_dags/example_trigger_target_dag.py
[2023-05-24T23:17:05.995+0000] {processor.py:753} INFO - DAG(s) dict_keys(['example_trigger_target_dag']) retrieved from /home/airflow/.local/lib/python3.7/site-packages/airflow/example_dags/example_trigger_target_dag.py
[2023-05-24T23:17:06.449+0000] {logging_mixin.py:137} INFO - [2023-05-24T23:17:06.449+0000] {dag.py:2690} INFO - Sync 1 DAGs
[2023-05-24T23:17:07.317+0000] {logging_mixin.py:137} INFO - [2023-05-24T23:17:07.310+0000] {dag.py:3441} INFO - Setting next_dagrun for example_trigger_target_dag to None, run_after=None
[2023-05-24T23:17:07.705+0000] {processor.py:175} INFO - Processing /home/airflow/.local/lib/python3.7/site-packages/airflow/example_dags/example_trigger_target_dag.py took 2.609 seconds
[2023-05-24T23:17:59.098+0000] {processor.py:153} INFO - Started process (PID=433) to work on /home/airflow/.local/lib/python3.7/site-packages/airflow/example_dags/example_trigger_target_dag.py
[2023-05-24T23:17:59.109+0000] {processor.py:743} INFO - Processing file /home/airflow/.local/lib/python3.7/site-packages/airflow/example_dags/example_trigger_target_dag.py for tasks to queue
[2023-05-24T23:17:59.112+0000] {logging_mixin.py:137} INFO - [2023-05-24T23:17:59.112+0000] {dagbag.py:538} INFO - Filling up the DagBag from /home/airflow/.local/lib/python3.7/site-packages/airflow/example_dags/example_trigger_target_dag.py
[2023-05-24T23:17:59.532+0000] {processor.py:753} INFO - DAG(s) dict_keys(['example_trigger_target_dag']) retrieved from /home/airflow/.local/lib/python3.7/site-packages/airflow/example_dags/example_trigger_target_dag.py
[2023-05-24T23:17:59.991+0000] {logging_mixin.py:137} INFO - [2023-05-24T23:17:59.990+0000] {dag.py:2690} INFO - Sync 1 DAGs
[2023-05-24T23:18:01.069+0000] {logging_mixin.py:137} INFO - [2023-05-24T23:18:01.068+0000] {dag.py:3441} INFO - Setting next_dagrun for example_trigger_target_dag to None, run_after=None
[2023-05-24T23:18:01.553+0000] {processor.py:175} INFO - Processing /home/airflow/.local/lib/python3.7/site-packages/airflow/example_dags/example_trigger_target_dag.py took 2.469 seconds
[2023-05-24T23:18:32.242+0000] {processor.py:153} INFO - Started process (PID=494) to work on /home/airflow/.local/lib/python3.7/site-packages/airflow/example_dags/example_trigger_target_dag.py
[2023-05-24T23:18:32.251+0000] {processor.py:743} INFO - Processing file /home/airflow/.local/lib/python3.7/site-packages/airflow/example_dags/example_trigger_target_dag.py for tasks to queue
[2023-05-24T23:18:32.255+0000] {logging_mixin.py:137} INFO - [2023-05-24T23:18:32.254+0000] {dagbag.py:538} INFO - Filling up the DagBag from /home/airflow/.local/lib/python3.7/site-packages/airflow/example_dags/example_trigger_target_dag.py
[2023-05-24T23:18:32.389+0000] {processor.py:753} INFO - DAG(s) dict_keys(['example_trigger_target_dag']) retrieved from /home/airflow/.local/lib/python3.7/site-packages/airflow/example_dags/example_trigger_target_dag.py
[2023-05-24T23:18:32.496+0000] {logging_mixin.py:137} INFO - [2023-05-24T23:18:32.495+0000] {dag.py:2690} INFO - Sync 1 DAGs
[2023-05-24T23:18:32.575+0000] {logging_mixin.py:137} INFO - [2023-05-24T23:18:32.575+0000] {dag.py:3441} INFO - Setting next_dagrun for example_trigger_target_dag to None, run_after=None
[2023-05-24T23:18:32.621+0000] {processor.py:175} INFO - Processing /home/airflow/.local/lib/python3.7/site-packages/airflow/example_dags/example_trigger_target_dag.py took 0.395 seconds
[2023-05-24T23:20:19.275+0000] {processor.py:153} INFO - Started process (PID=59) to work on /home/airflow/.local/lib/python3.7/site-packages/airflow/example_dags/example_trigger_target_dag.py
[2023-05-24T23:20:19.288+0000] {processor.py:743} INFO - Processing file /home/airflow/.local/lib/python3.7/site-packages/airflow/example_dags/example_trigger_target_dag.py for tasks to queue
[2023-05-24T23:20:19.292+0000] {logging_mixin.py:137} INFO - [2023-05-24T23:20:19.292+0000] {dagbag.py:538} INFO - Filling up the DagBag from /home/airflow/.local/lib/python3.7/site-packages/airflow/example_dags/example_trigger_target_dag.py
[2023-05-24T23:20:19.450+0000] {processor.py:753} INFO - DAG(s) dict_keys(['example_trigger_target_dag']) retrieved from /home/airflow/.local/lib/python3.7/site-packages/airflow/example_dags/example_trigger_target_dag.py
[2023-05-24T23:20:19.672+0000] {logging_mixin.py:137} INFO - [2023-05-24T23:20:19.672+0000] {dag.py:2690} INFO - Sync 1 DAGs
[2023-05-24T23:20:19.844+0000] {logging_mixin.py:137} INFO - [2023-05-24T23:20:19.844+0000] {dag.py:3441} INFO - Setting next_dagrun for example_trigger_target_dag to None, run_after=None
[2023-05-24T23:20:19.994+0000] {processor.py:175} INFO - Processing /home/airflow/.local/lib/python3.7/site-packages/airflow/example_dags/example_trigger_target_dag.py took 0.742 seconds
[2023-05-24T23:20:50.268+0000] {processor.py:153} INFO - Started process (PID=119) to work on /home/airflow/.local/lib/python3.7/site-packages/airflow/example_dags/example_trigger_target_dag.py
[2023-05-24T23:20:50.274+0000] {processor.py:743} INFO - Processing file /home/airflow/.local/lib/python3.7/site-packages/airflow/example_dags/example_trigger_target_dag.py for tasks to queue
[2023-05-24T23:20:50.277+0000] {logging_mixin.py:137} INFO - [2023-05-24T23:20:50.276+0000] {dagbag.py:538} INFO - Filling up the DagBag from /home/airflow/.local/lib/python3.7/site-packages/airflow/example_dags/example_trigger_target_dag.py
[2023-05-24T23:20:50.333+0000] {processor.py:753} INFO - DAG(s) dict_keys(['example_trigger_target_dag']) retrieved from /home/airflow/.local/lib/python3.7/site-packages/airflow/example_dags/example_trigger_target_dag.py
[2023-05-24T23:20:50.381+0000] {logging_mixin.py:137} INFO - [2023-05-24T23:20:50.381+0000] {dag.py:2690} INFO - Sync 1 DAGs
[2023-05-24T23:20:50.422+0000] {logging_mixin.py:137} INFO - [2023-05-24T23:20:50.422+0000] {dag.py:3441} INFO - Setting next_dagrun for example_trigger_target_dag to None, run_after=None
[2023-05-24T23:20:50.448+0000] {processor.py:175} INFO - Processing /home/airflow/.local/lib/python3.7/site-packages/airflow/example_dags/example_trigger_target_dag.py took 0.197 seconds
[2023-05-24T23:21:21.033+0000] {processor.py:153} INFO - Started process (PID=179) to work on /home/airflow/.local/lib/python3.7/site-packages/airflow/example_dags/example_trigger_target_dag.py
[2023-05-24T23:21:21.035+0000] {processor.py:743} INFO - Processing file /home/airflow/.local/lib/python3.7/site-packages/airflow/example_dags/example_trigger_target_dag.py for tasks to queue
[2023-05-24T23:21:21.037+0000] {logging_mixin.py:137} INFO - [2023-05-24T23:21:21.037+0000] {dagbag.py:538} INFO - Filling up the DagBag from /home/airflow/.local/lib/python3.7/site-packages/airflow/example_dags/example_trigger_target_dag.py
[2023-05-24T23:21:21.065+0000] {processor.py:753} INFO - DAG(s) dict_keys(['example_trigger_target_dag']) retrieved from /home/airflow/.local/lib/python3.7/site-packages/airflow/example_dags/example_trigger_target_dag.py
[2023-05-24T23:21:21.100+0000] {logging_mixin.py:137} INFO - [2023-05-24T23:21:21.099+0000] {dag.py:2690} INFO - Sync 1 DAGs
[2023-05-24T23:21:21.131+0000] {logging_mixin.py:137} INFO - [2023-05-24T23:21:21.131+0000] {dag.py:3441} INFO - Setting next_dagrun for example_trigger_target_dag to None, run_after=None
[2023-05-24T23:21:21.161+0000] {processor.py:175} INFO - Processing /home/airflow/.local/lib/python3.7/site-packages/airflow/example_dags/example_trigger_target_dag.py took 0.133 seconds
[2023-05-24T23:21:51.353+0000] {processor.py:153} INFO - Started process (PID=240) to work on /home/airflow/.local/lib/python3.7/site-packages/airflow/example_dags/example_trigger_target_dag.py
[2023-05-24T23:21:51.355+0000] {processor.py:743} INFO - Processing file /home/airflow/.local/lib/python3.7/site-packages/airflow/example_dags/example_trigger_target_dag.py for tasks to queue
[2023-05-24T23:21:51.357+0000] {logging_mixin.py:137} INFO - [2023-05-24T23:21:51.357+0000] {dagbag.py:538} INFO - Filling up the DagBag from /home/airflow/.local/lib/python3.7/site-packages/airflow/example_dags/example_trigger_target_dag.py
[2023-05-24T23:21:51.388+0000] {processor.py:753} INFO - DAG(s) dict_keys(['example_trigger_target_dag']) retrieved from /home/airflow/.local/lib/python3.7/site-packages/airflow/example_dags/example_trigger_target_dag.py
[2023-05-24T23:21:51.420+0000] {logging_mixin.py:137} INFO - [2023-05-24T23:21:51.420+0000] {dag.py:2690} INFO - Sync 1 DAGs
[2023-05-24T23:21:51.453+0000] {logging_mixin.py:137} INFO - [2023-05-24T23:21:51.453+0000] {dag.py:3441} INFO - Setting next_dagrun for example_trigger_target_dag to None, run_after=None
[2023-05-24T23:21:51.476+0000] {processor.py:175} INFO - Processing /home/airflow/.local/lib/python3.7/site-packages/airflow/example_dags/example_trigger_target_dag.py took 0.129 seconds
[2023-05-24T23:22:22.928+0000] {processor.py:153} INFO - Started process (PID=306) to work on /home/airflow/.local/lib/python3.7/site-packages/airflow/example_dags/example_trigger_target_dag.py
[2023-05-24T23:22:22.934+0000] {processor.py:743} INFO - Processing file /home/airflow/.local/lib/python3.7/site-packages/airflow/example_dags/example_trigger_target_dag.py for tasks to queue
[2023-05-24T23:22:22.947+0000] {logging_mixin.py:137} INFO - [2023-05-24T23:22:22.947+0000] {dagbag.py:538} INFO - Filling up the DagBag from /home/airflow/.local/lib/python3.7/site-packages/airflow/example_dags/example_trigger_target_dag.py
[2023-05-24T23:22:23.055+0000] {processor.py:753} INFO - DAG(s) dict_keys(['example_trigger_target_dag']) retrieved from /home/airflow/.local/lib/python3.7/site-packages/airflow/example_dags/example_trigger_target_dag.py
[2023-05-24T23:22:23.154+0000] {logging_mixin.py:137} INFO - [2023-05-24T23:22:23.154+0000] {dag.py:2690} INFO - Sync 1 DAGs
[2023-05-24T23:22:23.248+0000] {logging_mixin.py:137} INFO - [2023-05-24T23:22:23.248+0000] {dag.py:3441} INFO - Setting next_dagrun for example_trigger_target_dag to None, run_after=None
[2023-05-24T23:22:23.331+0000] {processor.py:175} INFO - Processing /home/airflow/.local/lib/python3.7/site-packages/airflow/example_dags/example_trigger_target_dag.py took 0.421 seconds
[2023-05-24T23:22:54.344+0000] {processor.py:153} INFO - Started process (PID=369) to work on /home/airflow/.local/lib/python3.7/site-packages/airflow/example_dags/example_trigger_target_dag.py
[2023-05-24T23:22:54.347+0000] {processor.py:743} INFO - Processing file /home/airflow/.local/lib/python3.7/site-packages/airflow/example_dags/example_trigger_target_dag.py for tasks to queue
[2023-05-24T23:22:54.350+0000] {logging_mixin.py:137} INFO - [2023-05-24T23:22:54.349+0000] {dagbag.py:538} INFO - Filling up the DagBag from /home/airflow/.local/lib/python3.7/site-packages/airflow/example_dags/example_trigger_target_dag.py
[2023-05-24T23:22:54.389+0000] {processor.py:753} INFO - DAG(s) dict_keys(['example_trigger_target_dag']) retrieved from /home/airflow/.local/lib/python3.7/site-packages/airflow/example_dags/example_trigger_target_dag.py
[2023-05-24T23:22:54.451+0000] {logging_mixin.py:137} INFO - [2023-05-24T23:22:54.451+0000] {dag.py:2690} INFO - Sync 1 DAGs
[2023-05-24T23:22:54.497+0000] {logging_mixin.py:137} INFO - [2023-05-24T23:22:54.497+0000] {dag.py:3441} INFO - Setting next_dagrun for example_trigger_target_dag to None, run_after=None
[2023-05-24T23:22:54.529+0000] {processor.py:175} INFO - Processing /home/airflow/.local/lib/python3.7/site-packages/airflow/example_dags/example_trigger_target_dag.py took 0.191 seconds
[2023-05-24T23:23:24.703+0000] {processor.py:153} INFO - Started process (PID=428) to work on /home/airflow/.local/lib/python3.7/site-packages/airflow/example_dags/example_trigger_target_dag.py
[2023-05-24T23:23:24.707+0000] {processor.py:743} INFO - Processing file /home/airflow/.local/lib/python3.7/site-packages/airflow/example_dags/example_trigger_target_dag.py for tasks to queue
[2023-05-24T23:23:24.710+0000] {logging_mixin.py:137} INFO - [2023-05-24T23:23:24.710+0000] {dagbag.py:538} INFO - Filling up the DagBag from /home/airflow/.local/lib/python3.7/site-packages/airflow/example_dags/example_trigger_target_dag.py
[2023-05-24T23:23:24.752+0000] {processor.py:753} INFO - DAG(s) dict_keys(['example_trigger_target_dag']) retrieved from /home/airflow/.local/lib/python3.7/site-packages/airflow/example_dags/example_trigger_target_dag.py
[2023-05-24T23:23:24.807+0000] {logging_mixin.py:137} INFO - [2023-05-24T23:23:24.807+0000] {dag.py:2690} INFO - Sync 1 DAGs
[2023-05-24T23:23:24.891+0000] {logging_mixin.py:137} INFO - [2023-05-24T23:23:24.885+0000] {dag.py:3441} INFO - Setting next_dagrun for example_trigger_target_dag to None, run_after=None
[2023-05-24T23:23:24.932+0000] {processor.py:175} INFO - Processing /home/airflow/.local/lib/python3.7/site-packages/airflow/example_dags/example_trigger_target_dag.py took 0.234 seconds
[2023-05-24T23:23:55.022+0000] {processor.py:153} INFO - Started process (PID=489) to work on /home/airflow/.local/lib/python3.7/site-packages/airflow/example_dags/example_trigger_target_dag.py
[2023-05-24T23:23:55.026+0000] {processor.py:743} INFO - Processing file /home/airflow/.local/lib/python3.7/site-packages/airflow/example_dags/example_trigger_target_dag.py for tasks to queue
[2023-05-24T23:23:55.030+0000] {logging_mixin.py:137} INFO - [2023-05-24T23:23:55.029+0000] {dagbag.py:538} INFO - Filling up the DagBag from /home/airflow/.local/lib/python3.7/site-packages/airflow/example_dags/example_trigger_target_dag.py
[2023-05-24T23:23:55.071+0000] {processor.py:753} INFO - DAG(s) dict_keys(['example_trigger_target_dag']) retrieved from /home/airflow/.local/lib/python3.7/site-packages/airflow/example_dags/example_trigger_target_dag.py
[2023-05-24T23:23:55.107+0000] {logging_mixin.py:137} INFO - [2023-05-24T23:23:55.107+0000] {dag.py:2690} INFO - Sync 1 DAGs
[2023-05-24T23:23:55.144+0000] {logging_mixin.py:137} INFO - [2023-05-24T23:23:55.144+0000] {dag.py:3441} INFO - Setting next_dagrun for example_trigger_target_dag to None, run_after=None
[2023-05-24T23:23:55.177+0000] {processor.py:175} INFO - Processing /home/airflow/.local/lib/python3.7/site-packages/airflow/example_dags/example_trigger_target_dag.py took 0.170 seconds
[2023-05-24T23:24:25.958+0000] {processor.py:153} INFO - Started process (PID=548) to work on /home/airflow/.local/lib/python3.7/site-packages/airflow/example_dags/example_trigger_target_dag.py
[2023-05-24T23:24:25.967+0000] {processor.py:743} INFO - Processing file /home/airflow/.local/lib/python3.7/site-packages/airflow/example_dags/example_trigger_target_dag.py for tasks to queue
[2023-05-24T23:24:25.971+0000] {logging_mixin.py:137} INFO - [2023-05-24T23:24:25.971+0000] {dagbag.py:538} INFO - Filling up the DagBag from /home/airflow/.local/lib/python3.7/site-packages/airflow/example_dags/example_trigger_target_dag.py
[2023-05-24T23:24:26.039+0000] {processor.py:753} INFO - DAG(s) dict_keys(['example_trigger_target_dag']) retrieved from /home/airflow/.local/lib/python3.7/site-packages/airflow/example_dags/example_trigger_target_dag.py
[2023-05-24T23:24:26.145+0000] {logging_mixin.py:137} INFO - [2023-05-24T23:24:26.144+0000] {dag.py:2690} INFO - Sync 1 DAGs
[2023-05-24T23:24:26.280+0000] {logging_mixin.py:137} INFO - [2023-05-24T23:24:26.280+0000] {dag.py:3441} INFO - Setting next_dagrun for example_trigger_target_dag to None, run_after=None
[2023-05-24T23:24:26.362+0000] {processor.py:175} INFO - Processing /home/airflow/.local/lib/python3.7/site-packages/airflow/example_dags/example_trigger_target_dag.py took 0.412 seconds
[2023-05-24T23:24:56.619+0000] {processor.py:153} INFO - Started process (PID=607) to work on /home/airflow/.local/lib/python3.7/site-packages/airflow/example_dags/example_trigger_target_dag.py
[2023-05-24T23:24:56.622+0000] {processor.py:743} INFO - Processing file /home/airflow/.local/lib/python3.7/site-packages/airflow/example_dags/example_trigger_target_dag.py for tasks to queue
[2023-05-24T23:24:56.625+0000] {logging_mixin.py:137} INFO - [2023-05-24T23:24:56.625+0000] {dagbag.py:538} INFO - Filling up the DagBag from /home/airflow/.local/lib/python3.7/site-packages/airflow/example_dags/example_trigger_target_dag.py
[2023-05-24T23:24:56.671+0000] {processor.py:753} INFO - DAG(s) dict_keys(['example_trigger_target_dag']) retrieved from /home/airflow/.local/lib/python3.7/site-packages/airflow/example_dags/example_trigger_target_dag.py
[2023-05-24T23:24:56.768+0000] {logging_mixin.py:137} INFO - [2023-05-24T23:24:56.768+0000] {dag.py:2690} INFO - Sync 1 DAGs
[2023-05-24T23:24:56.865+0000] {logging_mixin.py:137} INFO - [2023-05-24T23:24:56.865+0000] {dag.py:3441} INFO - Setting next_dagrun for example_trigger_target_dag to None, run_after=None
[2023-05-24T23:24:56.894+0000] {processor.py:175} INFO - Processing /home/airflow/.local/lib/python3.7/site-packages/airflow/example_dags/example_trigger_target_dag.py took 0.280 seconds
[2023-05-24T23:25:27.332+0000] {processor.py:153} INFO - Started process (PID=667) to work on /home/airflow/.local/lib/python3.7/site-packages/airflow/example_dags/example_trigger_target_dag.py
[2023-05-24T23:25:27.338+0000] {processor.py:743} INFO - Processing file /home/airflow/.local/lib/python3.7/site-packages/airflow/example_dags/example_trigger_target_dag.py for tasks to queue
[2023-05-24T23:25:27.341+0000] {logging_mixin.py:137} INFO - [2023-05-24T23:25:27.341+0000] {dagbag.py:538} INFO - Filling up the DagBag from /home/airflow/.local/lib/python3.7/site-packages/airflow/example_dags/example_trigger_target_dag.py
[2023-05-24T23:25:27.435+0000] {processor.py:753} INFO - DAG(s) dict_keys(['example_trigger_target_dag']) retrieved from /home/airflow/.local/lib/python3.7/site-packages/airflow/example_dags/example_trigger_target_dag.py
[2023-05-24T23:25:27.506+0000] {logging_mixin.py:137} INFO - [2023-05-24T23:25:27.506+0000] {dag.py:2690} INFO - Sync 1 DAGs
[2023-05-24T23:25:27.588+0000] {logging_mixin.py:137} INFO - [2023-05-24T23:25:27.588+0000] {dag.py:3441} INFO - Setting next_dagrun for example_trigger_target_dag to None, run_after=None
[2023-05-24T23:25:27.644+0000] {processor.py:175} INFO - Processing /home/airflow/.local/lib/python3.7/site-packages/airflow/example_dags/example_trigger_target_dag.py took 0.326 seconds
[2023-05-24T23:25:58.233+0000] {processor.py:153} INFO - Started process (PID=726) to work on /home/airflow/.local/lib/python3.7/site-packages/airflow/example_dags/example_trigger_target_dag.py
[2023-05-24T23:25:58.240+0000] {processor.py:743} INFO - Processing file /home/airflow/.local/lib/python3.7/site-packages/airflow/example_dags/example_trigger_target_dag.py for tasks to queue
[2023-05-24T23:25:58.248+0000] {logging_mixin.py:137} INFO - [2023-05-24T23:25:58.246+0000] {dagbag.py:538} INFO - Filling up the DagBag from /home/airflow/.local/lib/python3.7/site-packages/airflow/example_dags/example_trigger_target_dag.py
[2023-05-24T23:25:58.307+0000] {processor.py:753} INFO - DAG(s) dict_keys(['example_trigger_target_dag']) retrieved from /home/airflow/.local/lib/python3.7/site-packages/airflow/example_dags/example_trigger_target_dag.py
[2023-05-24T23:25:58.393+0000] {logging_mixin.py:137} INFO - [2023-05-24T23:25:58.393+0000] {dag.py:2690} INFO - Sync 1 DAGs
[2023-05-24T23:25:58.489+0000] {logging_mixin.py:137} INFO - [2023-05-24T23:25:58.489+0000] {dag.py:3441} INFO - Setting next_dagrun for example_trigger_target_dag to None, run_after=None
[2023-05-24T23:25:58.633+0000] {processor.py:175} INFO - Processing /home/airflow/.local/lib/python3.7/site-packages/airflow/example_dags/example_trigger_target_dag.py took 0.427 seconds
[2023-05-24T23:26:44.752+0000] {processor.py:153} INFO - Started process (PID=795) to work on /home/airflow/.local/lib/python3.7/site-packages/airflow/example_dags/example_trigger_target_dag.py
[2023-05-24T23:26:44.795+0000] {processor.py:743} INFO - Processing file /home/airflow/.local/lib/python3.7/site-packages/airflow/example_dags/example_trigger_target_dag.py for tasks to queue
[2023-05-24T23:26:44.813+0000] {logging_mixin.py:137} INFO - [2023-05-24T23:26:44.808+0000] {dagbag.py:538} INFO - Filling up the DagBag from /home/airflow/.local/lib/python3.7/site-packages/airflow/example_dags/example_trigger_target_dag.py
[2023-05-24T23:26:46.043+0000] {processor.py:753} INFO - DAG(s) dict_keys(['example_trigger_target_dag']) retrieved from /home/airflow/.local/lib/python3.7/site-packages/airflow/example_dags/example_trigger_target_dag.py
[2023-05-24T23:26:47.017+0000] {logging_mixin.py:137} INFO - [2023-05-24T23:26:47.017+0000] {dag.py:2690} INFO - Sync 1 DAGs
[2023-05-24T23:26:48.230+0000] {logging_mixin.py:137} INFO - [2023-05-24T23:26:48.229+0000] {dag.py:3441} INFO - Setting next_dagrun for example_trigger_target_dag to None, run_after=None
[2023-05-24T23:26:48.302+0000] {processor.py:175} INFO - Processing /home/airflow/.local/lib/python3.7/site-packages/airflow/example_dags/example_trigger_target_dag.py took 3.645 seconds
[2023-05-24T23:27:19.027+0000] {processor.py:153} INFO - Started process (PID=854) to work on /home/airflow/.local/lib/python3.7/site-packages/airflow/example_dags/example_trigger_target_dag.py
[2023-05-24T23:27:19.037+0000] {processor.py:743} INFO - Processing file /home/airflow/.local/lib/python3.7/site-packages/airflow/example_dags/example_trigger_target_dag.py for tasks to queue
[2023-05-24T23:27:19.052+0000] {logging_mixin.py:137} INFO - [2023-05-24T23:27:19.052+0000] {dagbag.py:538} INFO - Filling up the DagBag from /home/airflow/.local/lib/python3.7/site-packages/airflow/example_dags/example_trigger_target_dag.py
[2023-05-24T23:27:19.347+0000] {processor.py:753} INFO - DAG(s) dict_keys(['example_trigger_target_dag']) retrieved from /home/airflow/.local/lib/python3.7/site-packages/airflow/example_dags/example_trigger_target_dag.py
[2023-05-24T23:27:19.542+0000] {logging_mixin.py:137} INFO - [2023-05-24T23:27:19.542+0000] {dag.py:2690} INFO - Sync 1 DAGs
[2023-05-24T23:27:19.731+0000] {logging_mixin.py:137} INFO - [2023-05-24T23:27:19.731+0000] {dag.py:3441} INFO - Setting next_dagrun for example_trigger_target_dag to None, run_after=None
[2023-05-24T23:27:19.881+0000] {processor.py:175} INFO - Processing /home/airflow/.local/lib/python3.7/site-packages/airflow/example_dags/example_trigger_target_dag.py took 0.932 seconds
[2023-05-24T23:28:17.807+0000] {processor.py:153} INFO - Started process (PID=915) to work on /home/airflow/.local/lib/python3.7/site-packages/airflow/example_dags/example_trigger_target_dag.py
[2023-05-24T23:28:17.829+0000] {processor.py:743} INFO - Processing file /home/airflow/.local/lib/python3.7/site-packages/airflow/example_dags/example_trigger_target_dag.py for tasks to queue
[2023-05-24T23:28:17.845+0000] {logging_mixin.py:137} INFO - [2023-05-24T23:28:17.845+0000] {dagbag.py:538} INFO - Filling up the DagBag from /home/airflow/.local/lib/python3.7/site-packages/airflow/example_dags/example_trigger_target_dag.py
[2023-05-24T23:28:18.481+0000] {processor.py:753} INFO - DAG(s) dict_keys(['example_trigger_target_dag']) retrieved from /home/airflow/.local/lib/python3.7/site-packages/airflow/example_dags/example_trigger_target_dag.py
[2023-05-24T23:28:18.691+0000] {logging_mixin.py:137} INFO - [2023-05-24T23:28:18.691+0000] {dag.py:2690} INFO - Sync 1 DAGs
[2023-05-24T23:28:18.769+0000] {logging_mixin.py:137} INFO - [2023-05-24T23:28:18.754+0000] {dag.py:3441} INFO - Setting next_dagrun for example_trigger_target_dag to None, run_after=None
[2023-05-24T23:28:18.963+0000] {processor.py:175} INFO - Processing /home/airflow/.local/lib/python3.7/site-packages/airflow/example_dags/example_trigger_target_dag.py took 1.193 seconds
[2023-05-24T23:29:02.729+0000] {processor.py:153} INFO - Started process (PID=957) to work on /home/airflow/.local/lib/python3.7/site-packages/airflow/example_dags/example_trigger_target_dag.py
[2023-05-24T23:29:02.739+0000] {processor.py:743} INFO - Processing file /home/airflow/.local/lib/python3.7/site-packages/airflow/example_dags/example_trigger_target_dag.py for tasks to queue
[2023-05-24T23:29:02.751+0000] {logging_mixin.py:137} INFO - [2023-05-24T23:29:02.749+0000] {dagbag.py:538} INFO - Filling up the DagBag from /home/airflow/.local/lib/python3.7/site-packages/airflow/example_dags/example_trigger_target_dag.py
[2023-05-24T23:29:03.044+0000] {processor.py:753} INFO - DAG(s) dict_keys(['example_trigger_target_dag']) retrieved from /home/airflow/.local/lib/python3.7/site-packages/airflow/example_dags/example_trigger_target_dag.py
[2023-05-24T23:29:03.185+0000] {logging_mixin.py:137} INFO - [2023-05-24T23:29:03.185+0000] {dag.py:2690} INFO - Sync 1 DAGs
[2023-05-24T23:29:03.381+0000] {logging_mixin.py:137} INFO - [2023-05-24T23:29:03.381+0000] {dag.py:3441} INFO - Setting next_dagrun for example_trigger_target_dag to None, run_after=None
[2023-05-24T23:29:03.507+0000] {processor.py:175} INFO - Processing /home/airflow/.local/lib/python3.7/site-packages/airflow/example_dags/example_trigger_target_dag.py took 0.814 seconds
[2023-05-24T23:29:34.023+0000] {processor.py:153} INFO - Started process (PID=1019) to work on /home/airflow/.local/lib/python3.7/site-packages/airflow/example_dags/example_trigger_target_dag.py
[2023-05-24T23:29:34.032+0000] {processor.py:743} INFO - Processing file /home/airflow/.local/lib/python3.7/site-packages/airflow/example_dags/example_trigger_target_dag.py for tasks to queue
[2023-05-24T23:29:34.036+0000] {logging_mixin.py:137} INFO - [2023-05-24T23:29:34.036+0000] {dagbag.py:538} INFO - Filling up the DagBag from /home/airflow/.local/lib/python3.7/site-packages/airflow/example_dags/example_trigger_target_dag.py
[2023-05-24T23:29:34.148+0000] {processor.py:753} INFO - DAG(s) dict_keys(['example_trigger_target_dag']) retrieved from /home/airflow/.local/lib/python3.7/site-packages/airflow/example_dags/example_trigger_target_dag.py
[2023-05-24T23:29:34.183+0000] {logging_mixin.py:137} INFO - [2023-05-24T23:29:34.183+0000] {dag.py:2690} INFO - Sync 1 DAGs
[2023-05-24T23:29:34.222+0000] {logging_mixin.py:137} INFO - [2023-05-24T23:29:34.221+0000] {dag.py:3441} INFO - Setting next_dagrun for example_trigger_target_dag to None, run_after=None
[2023-05-24T23:29:34.265+0000] {processor.py:175} INFO - Processing /home/airflow/.local/lib/python3.7/site-packages/airflow/example_dags/example_trigger_target_dag.py took 0.257 seconds
[2023-05-24T23:30:04.447+0000] {processor.py:153} INFO - Started process (PID=1078) to work on /home/airflow/.local/lib/python3.7/site-packages/airflow/example_dags/example_trigger_target_dag.py
[2023-05-24T23:30:04.450+0000] {processor.py:743} INFO - Processing file /home/airflow/.local/lib/python3.7/site-packages/airflow/example_dags/example_trigger_target_dag.py for tasks to queue
[2023-05-24T23:30:04.452+0000] {logging_mixin.py:137} INFO - [2023-05-24T23:30:04.452+0000] {dagbag.py:538} INFO - Filling up the DagBag from /home/airflow/.local/lib/python3.7/site-packages/airflow/example_dags/example_trigger_target_dag.py
[2023-05-24T23:30:04.484+0000] {processor.py:753} INFO - DAG(s) dict_keys(['example_trigger_target_dag']) retrieved from /home/airflow/.local/lib/python3.7/site-packages/airflow/example_dags/example_trigger_target_dag.py
[2023-05-24T23:30:04.523+0000] {logging_mixin.py:137} INFO - [2023-05-24T23:30:04.523+0000] {dag.py:2690} INFO - Sync 1 DAGs
[2023-05-24T23:30:04.575+0000] {logging_mixin.py:137} INFO - [2023-05-24T23:30:04.575+0000] {dag.py:3441} INFO - Setting next_dagrun for example_trigger_target_dag to None, run_after=None
[2023-05-24T23:30:04.608+0000] {processor.py:175} INFO - Processing /home/airflow/.local/lib/python3.7/site-packages/airflow/example_dags/example_trigger_target_dag.py took 0.167 seconds
[2023-05-24T23:30:34.747+0000] {processor.py:153} INFO - Started process (PID=1138) to work on /home/airflow/.local/lib/python3.7/site-packages/airflow/example_dags/example_trigger_target_dag.py
[2023-05-24T23:30:34.749+0000] {processor.py:743} INFO - Processing file /home/airflow/.local/lib/python3.7/site-packages/airflow/example_dags/example_trigger_target_dag.py for tasks to queue
[2023-05-24T23:30:34.751+0000] {logging_mixin.py:137} INFO - [2023-05-24T23:30:34.751+0000] {dagbag.py:538} INFO - Filling up the DagBag from /home/airflow/.local/lib/python3.7/site-packages/airflow/example_dags/example_trigger_target_dag.py
[2023-05-24T23:30:34.778+0000] {processor.py:753} INFO - DAG(s) dict_keys(['example_trigger_target_dag']) retrieved from /home/airflow/.local/lib/python3.7/site-packages/airflow/example_dags/example_trigger_target_dag.py
[2023-05-24T23:30:34.812+0000] {logging_mixin.py:137} INFO - [2023-05-24T23:30:34.812+0000] {dag.py:2690} INFO - Sync 1 DAGs
[2023-05-24T23:30:34.843+0000] {logging_mixin.py:137} INFO - [2023-05-24T23:30:34.843+0000] {dag.py:3441} INFO - Setting next_dagrun for example_trigger_target_dag to None, run_after=None
[2023-05-24T23:30:34.871+0000] {processor.py:175} INFO - Processing /home/airflow/.local/lib/python3.7/site-packages/airflow/example_dags/example_trigger_target_dag.py took 0.129 seconds
[2023-05-24T23:33:52.209+0000] {processor.py:153} INFO - Started process (PID=59) to work on /home/airflow/.local/lib/python3.7/site-packages/airflow/example_dags/example_trigger_target_dag.py
[2023-05-24T23:33:52.216+0000] {processor.py:743} INFO - Processing file /home/airflow/.local/lib/python3.7/site-packages/airflow/example_dags/example_trigger_target_dag.py for tasks to queue
[2023-05-24T23:33:52.219+0000] {logging_mixin.py:137} INFO - [2023-05-24T23:33:52.218+0000] {dagbag.py:538} INFO - Filling up the DagBag from /home/airflow/.local/lib/python3.7/site-packages/airflow/example_dags/example_trigger_target_dag.py
[2023-05-24T23:33:52.407+0000] {processor.py:753} INFO - DAG(s) dict_keys(['example_trigger_target_dag']) retrieved from /home/airflow/.local/lib/python3.7/site-packages/airflow/example_dags/example_trigger_target_dag.py
[2023-05-24T23:33:52.640+0000] {logging_mixin.py:137} INFO - [2023-05-24T23:33:52.640+0000] {dag.py:2690} INFO - Sync 1 DAGs
[2023-05-24T23:33:52.835+0000] {logging_mixin.py:137} INFO - [2023-05-24T23:33:52.834+0000] {dag.py:3441} INFO - Setting next_dagrun for example_trigger_target_dag to None, run_after=None
[2023-05-24T23:33:52.938+0000] {processor.py:175} INFO - Processing /home/airflow/.local/lib/python3.7/site-packages/airflow/example_dags/example_trigger_target_dag.py took 0.746 seconds
[2023-05-24T23:34:23.657+0000] {processor.py:153} INFO - Started process (PID=118) to work on /home/airflow/.local/lib/python3.7/site-packages/airflow/example_dags/example_trigger_target_dag.py
[2023-05-24T23:34:23.663+0000] {processor.py:743} INFO - Processing file /home/airflow/.local/lib/python3.7/site-packages/airflow/example_dags/example_trigger_target_dag.py for tasks to queue
[2023-05-24T23:34:23.667+0000] {logging_mixin.py:137} INFO - [2023-05-24T23:34:23.666+0000] {dagbag.py:538} INFO - Filling up the DagBag from /home/airflow/.local/lib/python3.7/site-packages/airflow/example_dags/example_trigger_target_dag.py
[2023-05-24T23:34:23.717+0000] {processor.py:753} INFO - DAG(s) dict_keys(['example_trigger_target_dag']) retrieved from /home/airflow/.local/lib/python3.7/site-packages/airflow/example_dags/example_trigger_target_dag.py
[2023-05-24T23:34:23.795+0000] {logging_mixin.py:137} INFO - [2023-05-24T23:34:23.792+0000] {dag.py:2690} INFO - Sync 1 DAGs
[2023-05-24T23:34:23.862+0000] {logging_mixin.py:137} INFO - [2023-05-24T23:34:23.862+0000] {dag.py:3441} INFO - Setting next_dagrun for example_trigger_target_dag to None, run_after=None
[2023-05-24T23:34:23.921+0000] {processor.py:175} INFO - Processing /home/airflow/.local/lib/python3.7/site-packages/airflow/example_dags/example_trigger_target_dag.py took 0.282 seconds
[2023-05-24T23:34:54.634+0000] {processor.py:153} INFO - Started process (PID=176) to work on /home/airflow/.local/lib/python3.7/site-packages/airflow/example_dags/example_trigger_target_dag.py
[2023-05-24T23:34:54.667+0000] {processor.py:743} INFO - Processing file /home/airflow/.local/lib/python3.7/site-packages/airflow/example_dags/example_trigger_target_dag.py for tasks to queue
[2023-05-24T23:34:54.675+0000] {logging_mixin.py:137} INFO - [2023-05-24T23:34:54.675+0000] {dagbag.py:538} INFO - Filling up the DagBag from /home/airflow/.local/lib/python3.7/site-packages/airflow/example_dags/example_trigger_target_dag.py
[2023-05-24T23:34:55.046+0000] {processor.py:753} INFO - DAG(s) dict_keys(['example_trigger_target_dag']) retrieved from /home/airflow/.local/lib/python3.7/site-packages/airflow/example_dags/example_trigger_target_dag.py
[2023-05-24T23:34:55.246+0000] {logging_mixin.py:137} INFO - [2023-05-24T23:34:55.243+0000] {dag.py:2690} INFO - Sync 1 DAGs
[2023-05-24T23:34:55.419+0000] {logging_mixin.py:137} INFO - [2023-05-24T23:34:55.419+0000] {dag.py:3441} INFO - Setting next_dagrun for example_trigger_target_dag to None, run_after=None
[2023-05-24T23:34:55.725+0000] {processor.py:175} INFO - Processing /home/airflow/.local/lib/python3.7/site-packages/airflow/example_dags/example_trigger_target_dag.py took 1.127 seconds
[2023-05-24T23:35:56.993+0000] {processor.py:153} INFO - Started process (PID=241) to work on /home/airflow/.local/lib/python3.7/site-packages/airflow/example_dags/example_trigger_target_dag.py
[2023-05-24T23:35:57.039+0000] {processor.py:743} INFO - Processing file /home/airflow/.local/lib/python3.7/site-packages/airflow/example_dags/example_trigger_target_dag.py for tasks to queue
[2023-05-24T23:35:57.068+0000] {logging_mixin.py:137} INFO - [2023-05-24T23:35:57.068+0000] {dagbag.py:538} INFO - Filling up the DagBag from /home/airflow/.local/lib/python3.7/site-packages/airflow/example_dags/example_trigger_target_dag.py
[2023-05-24T23:35:57.467+0000] {processor.py:753} INFO - DAG(s) dict_keys(['example_trigger_target_dag']) retrieved from /home/airflow/.local/lib/python3.7/site-packages/airflow/example_dags/example_trigger_target_dag.py
[2023-05-24T23:35:58.301+0000] {logging_mixin.py:137} INFO - [2023-05-24T23:35:58.301+0000] {dag.py:2690} INFO - Sync 1 DAGs
[2023-05-24T23:35:59.462+0000] {logging_mixin.py:137} INFO - [2023-05-24T23:35:59.449+0000] {dag.py:3441} INFO - Setting next_dagrun for example_trigger_target_dag to None, run_after=None
[2023-05-24T23:35:59.960+0000] {processor.py:175} INFO - Processing /home/airflow/.local/lib/python3.7/site-packages/airflow/example_dags/example_trigger_target_dag.py took 3.055 seconds
[2023-05-24T23:37:10.725+0000] {processor.py:153} INFO - Started process (PID=314) to work on /home/airflow/.local/lib/python3.7/site-packages/airflow/example_dags/example_trigger_target_dag.py
[2023-05-24T23:37:10.816+0000] {processor.py:743} INFO - Processing file /home/airflow/.local/lib/python3.7/site-packages/airflow/example_dags/example_trigger_target_dag.py for tasks to queue
[2023-05-24T23:37:11.037+0000] {logging_mixin.py:137} INFO - [2023-05-24T23:37:10.969+0000] {dagbag.py:538} INFO - Filling up the DagBag from /home/airflow/.local/lib/python3.7/site-packages/airflow/example_dags/example_trigger_target_dag.py
[2023-05-24T23:37:14.222+0000] {processor.py:753} INFO - DAG(s) dict_keys(['example_trigger_target_dag']) retrieved from /home/airflow/.local/lib/python3.7/site-packages/airflow/example_dags/example_trigger_target_dag.py
[2023-05-24T23:37:15.079+0000] {logging_mixin.py:137} INFO - [2023-05-24T23:37:15.075+0000] {dag.py:2690} INFO - Sync 1 DAGs
[2023-05-24T23:37:15.808+0000] {logging_mixin.py:137} INFO - [2023-05-24T23:37:15.808+0000] {dag.py:3441} INFO - Setting next_dagrun for example_trigger_target_dag to None, run_after=None
[2023-05-24T23:37:16.147+0000] {processor.py:175} INFO - Processing /home/airflow/.local/lib/python3.7/site-packages/airflow/example_dags/example_trigger_target_dag.py took 6.186 seconds
[2023-05-24T23:38:02.421+0000] {processor.py:153} INFO - Started process (PID=382) to work on /home/airflow/.local/lib/python3.7/site-packages/airflow/example_dags/example_trigger_target_dag.py
[2023-05-24T23:38:02.446+0000] {processor.py:743} INFO - Processing file /home/airflow/.local/lib/python3.7/site-packages/airflow/example_dags/example_trigger_target_dag.py for tasks to queue
[2023-05-24T23:38:02.463+0000] {logging_mixin.py:137} INFO - [2023-05-24T23:38:02.463+0000] {dagbag.py:538} INFO - Filling up the DagBag from /home/airflow/.local/lib/python3.7/site-packages/airflow/example_dags/example_trigger_target_dag.py
[2023-05-24T23:38:02.790+0000] {processor.py:753} INFO - DAG(s) dict_keys(['example_trigger_target_dag']) retrieved from /home/airflow/.local/lib/python3.7/site-packages/airflow/example_dags/example_trigger_target_dag.py
[2023-05-24T23:38:03.253+0000] {logging_mixin.py:137} INFO - [2023-05-24T23:38:03.242+0000] {dag.py:2690} INFO - Sync 1 DAGs
[2023-05-24T23:38:03.784+0000] {logging_mixin.py:137} INFO - [2023-05-24T23:38:03.783+0000] {dag.py:3441} INFO - Setting next_dagrun for example_trigger_target_dag to None, run_after=None
[2023-05-24T23:38:04.025+0000] {processor.py:175} INFO - Processing /home/airflow/.local/lib/python3.7/site-packages/airflow/example_dags/example_trigger_target_dag.py took 1.680 seconds
[2023-05-24T23:39:23.890+0000] {processor.py:153} INFO - Started process (PID=451) to work on /home/airflow/.local/lib/python3.7/site-packages/airflow/example_dags/example_trigger_target_dag.py
[2023-05-24T23:39:23.935+0000] {processor.py:743} INFO - Processing file /home/airflow/.local/lib/python3.7/site-packages/airflow/example_dags/example_trigger_target_dag.py for tasks to queue
[2023-05-24T23:39:23.951+0000] {logging_mixin.py:137} INFO - [2023-05-24T23:39:23.950+0000] {dagbag.py:538} INFO - Filling up the DagBag from /home/airflow/.local/lib/python3.7/site-packages/airflow/example_dags/example_trigger_target_dag.py
[2023-05-24T23:39:24.235+0000] {processor.py:753} INFO - DAG(s) dict_keys(['example_trigger_target_dag']) retrieved from /home/airflow/.local/lib/python3.7/site-packages/airflow/example_dags/example_trigger_target_dag.py
[2023-05-24T23:39:24.510+0000] {logging_mixin.py:137} INFO - [2023-05-24T23:39:24.510+0000] {dag.py:2690} INFO - Sync 1 DAGs
[2023-05-24T23:39:25.889+0000] {logging_mixin.py:137} INFO - [2023-05-24T23:39:25.601+0000] {dag.py:3441} INFO - Setting next_dagrun for example_trigger_target_dag to None, run_after=None
[2023-05-24T23:39:26.794+0000] {processor.py:175} INFO - Processing /home/airflow/.local/lib/python3.7/site-packages/airflow/example_dags/example_trigger_target_dag.py took 2.996 seconds
[2023-05-24T23:40:16.683+0000] {processor.py:153} INFO - Started process (PID=519) to work on /home/airflow/.local/lib/python3.7/site-packages/airflow/example_dags/example_trigger_target_dag.py
[2023-05-24T23:40:16.699+0000] {processor.py:743} INFO - Processing file /home/airflow/.local/lib/python3.7/site-packages/airflow/example_dags/example_trigger_target_dag.py for tasks to queue
[2023-05-24T23:40:16.711+0000] {logging_mixin.py:137} INFO - [2023-05-24T23:40:16.711+0000] {dagbag.py:538} INFO - Filling up the DagBag from /home/airflow/.local/lib/python3.7/site-packages/airflow/example_dags/example_trigger_target_dag.py
[2023-05-24T23:40:17.140+0000] {processor.py:753} INFO - DAG(s) dict_keys(['example_trigger_target_dag']) retrieved from /home/airflow/.local/lib/python3.7/site-packages/airflow/example_dags/example_trigger_target_dag.py
[2023-05-24T23:40:17.402+0000] {logging_mixin.py:137} INFO - [2023-05-24T23:40:17.401+0000] {dag.py:2690} INFO - Sync 1 DAGs
[2023-05-24T23:40:17.918+0000] {logging_mixin.py:137} INFO - [2023-05-24T23:40:17.917+0000] {dag.py:3441} INFO - Setting next_dagrun for example_trigger_target_dag to None, run_after=None
[2023-05-24T23:40:18.354+0000] {processor.py:175} INFO - Processing /home/airflow/.local/lib/python3.7/site-packages/airflow/example_dags/example_trigger_target_dag.py took 1.742 seconds
[2023-05-24T23:40:49.588+0000] {processor.py:153} INFO - Started process (PID=574) to work on /home/airflow/.local/lib/python3.7/site-packages/airflow/example_dags/example_trigger_target_dag.py
[2023-05-24T23:40:49.591+0000] {processor.py:743} INFO - Processing file /home/airflow/.local/lib/python3.7/site-packages/airflow/example_dags/example_trigger_target_dag.py for tasks to queue
[2023-05-24T23:40:49.595+0000] {logging_mixin.py:137} INFO - [2023-05-24T23:40:49.594+0000] {dagbag.py:538} INFO - Filling up the DagBag from /home/airflow/.local/lib/python3.7/site-packages/airflow/example_dags/example_trigger_target_dag.py
[2023-05-24T23:40:49.680+0000] {processor.py:753} INFO - DAG(s) dict_keys(['example_trigger_target_dag']) retrieved from /home/airflow/.local/lib/python3.7/site-packages/airflow/example_dags/example_trigger_target_dag.py
[2023-05-24T23:40:49.763+0000] {logging_mixin.py:137} INFO - [2023-05-24T23:40:49.762+0000] {dag.py:2690} INFO - Sync 1 DAGs
[2023-05-24T23:40:49.862+0000] {logging_mixin.py:137} INFO - [2023-05-24T23:40:49.862+0000] {dag.py:3441} INFO - Setting next_dagrun for example_trigger_target_dag to None, run_after=None
[2023-05-24T23:40:49.964+0000] {processor.py:175} INFO - Processing /home/airflow/.local/lib/python3.7/site-packages/airflow/example_dags/example_trigger_target_dag.py took 1.214 seconds
[2023-05-24T23:43:10.604+0000] {processor.py:153} INFO - Started process (PID=69) to work on /home/airflow/.local/lib/python3.7/site-packages/airflow/example_dags/example_trigger_target_dag.py
[2023-05-24T23:43:10.614+0000] {processor.py:743} INFO - Processing file /home/airflow/.local/lib/python3.7/site-packages/airflow/example_dags/example_trigger_target_dag.py for tasks to queue
[2023-05-24T23:43:10.625+0000] {logging_mixin.py:137} INFO - [2023-05-24T23:43:10.624+0000] {dagbag.py:538} INFO - Filling up the DagBag from /home/airflow/.local/lib/python3.7/site-packages/airflow/example_dags/example_trigger_target_dag.py
[2023-05-24T23:43:10.788+0000] {processor.py:753} INFO - DAG(s) dict_keys(['example_trigger_target_dag']) retrieved from /home/airflow/.local/lib/python3.7/site-packages/airflow/example_dags/example_trigger_target_dag.py
[2023-05-24T23:43:10.954+0000] {logging_mixin.py:137} INFO - [2023-05-24T23:43:10.954+0000] {dag.py:2690} INFO - Sync 1 DAGs
[2023-05-24T23:43:11.000+0000] {logging_mixin.py:137} INFO - [2023-05-24T23:43:11.000+0000] {dag.py:3441} INFO - Setting next_dagrun for example_trigger_target_dag to None, run_after=None
[2023-05-24T23:43:11.071+0000] {processor.py:175} INFO - Processing /home/airflow/.local/lib/python3.7/site-packages/airflow/example_dags/example_trigger_target_dag.py took 0.489 seconds
[2023-05-24T23:43:41.508+0000] {processor.py:153} INFO - Started process (PID=120) to work on /home/airflow/.local/lib/python3.7/site-packages/airflow/example_dags/example_trigger_target_dag.py
[2023-05-24T23:43:41.517+0000] {processor.py:743} INFO - Processing file /home/airflow/.local/lib/python3.7/site-packages/airflow/example_dags/example_trigger_target_dag.py for tasks to queue
[2023-05-24T23:43:41.520+0000] {logging_mixin.py:137} INFO - [2023-05-24T23:43:41.520+0000] {dagbag.py:538} INFO - Filling up the DagBag from /home/airflow/.local/lib/python3.7/site-packages/airflow/example_dags/example_trigger_target_dag.py
[2023-05-24T23:43:41.821+0000] {processor.py:753} INFO - DAG(s) dict_keys(['example_trigger_target_dag']) retrieved from /home/airflow/.local/lib/python3.7/site-packages/airflow/example_dags/example_trigger_target_dag.py
[2023-05-24T23:43:42.271+0000] {logging_mixin.py:137} INFO - [2023-05-24T23:43:42.271+0000] {dag.py:2690} INFO - Sync 1 DAGs
[2023-05-24T23:43:43.333+0000] {logging_mixin.py:137} INFO - [2023-05-24T23:43:43.321+0000] {dag.py:3441} INFO - Setting next_dagrun for example_trigger_target_dag to None, run_after=None
[2023-05-24T23:43:43.800+0000] {processor.py:175} INFO - Processing /home/airflow/.local/lib/python3.7/site-packages/airflow/example_dags/example_trigger_target_dag.py took 2.339 seconds
[2023-05-24T23:44:14.521+0000] {processor.py:153} INFO - Started process (PID=180) to work on /home/airflow/.local/lib/python3.7/site-packages/airflow/example_dags/example_trigger_target_dag.py
[2023-05-24T23:44:14.524+0000] {processor.py:743} INFO - Processing file /home/airflow/.local/lib/python3.7/site-packages/airflow/example_dags/example_trigger_target_dag.py for tasks to queue
[2023-05-24T23:44:14.527+0000] {logging_mixin.py:137} INFO - [2023-05-24T23:44:14.527+0000] {dagbag.py:538} INFO - Filling up the DagBag from /home/airflow/.local/lib/python3.7/site-packages/airflow/example_dags/example_trigger_target_dag.py
[2023-05-24T23:44:14.600+0000] {processor.py:753} INFO - DAG(s) dict_keys(['example_trigger_target_dag']) retrieved from /home/airflow/.local/lib/python3.7/site-packages/airflow/example_dags/example_trigger_target_dag.py
[2023-05-24T23:44:14.647+0000] {logging_mixin.py:137} INFO - [2023-05-24T23:44:14.646+0000] {dag.py:2690} INFO - Sync 1 DAGs
[2023-05-24T23:44:14.686+0000] {logging_mixin.py:137} INFO - [2023-05-24T23:44:14.685+0000] {dag.py:3441} INFO - Setting next_dagrun for example_trigger_target_dag to None, run_after=None
[2023-05-24T23:44:14.714+0000] {processor.py:175} INFO - Processing /home/airflow/.local/lib/python3.7/site-packages/airflow/example_dags/example_trigger_target_dag.py took 0.201 seconds
[2023-05-24T23:44:44.843+0000] {processor.py:153} INFO - Started process (PID=240) to work on /home/airflow/.local/lib/python3.7/site-packages/airflow/example_dags/example_trigger_target_dag.py
[2023-05-24T23:44:44.849+0000] {processor.py:743} INFO - Processing file /home/airflow/.local/lib/python3.7/site-packages/airflow/example_dags/example_trigger_target_dag.py for tasks to queue
[2023-05-24T23:44:44.856+0000] {logging_mixin.py:137} INFO - [2023-05-24T23:44:44.855+0000] {dagbag.py:538} INFO - Filling up the DagBag from /home/airflow/.local/lib/python3.7/site-packages/airflow/example_dags/example_trigger_target_dag.py
[2023-05-24T23:44:44.901+0000] {processor.py:753} INFO - DAG(s) dict_keys(['example_trigger_target_dag']) retrieved from /home/airflow/.local/lib/python3.7/site-packages/airflow/example_dags/example_trigger_target_dag.py
[2023-05-24T23:44:44.949+0000] {logging_mixin.py:137} INFO - [2023-05-24T23:44:44.949+0000] {dag.py:2690} INFO - Sync 1 DAGs
[2023-05-24T23:44:44.988+0000] {logging_mixin.py:137} INFO - [2023-05-24T23:44:44.988+0000] {dag.py:3441} INFO - Setting next_dagrun for example_trigger_target_dag to None, run_after=None
[2023-05-24T23:44:45.023+0000] {processor.py:175} INFO - Processing /home/airflow/.local/lib/python3.7/site-packages/airflow/example_dags/example_trigger_target_dag.py took 0.197 seconds
[2023-05-24T23:45:15.566+0000] {processor.py:153} INFO - Started process (PID=299) to work on /home/airflow/.local/lib/python3.7/site-packages/airflow/example_dags/example_trigger_target_dag.py
[2023-05-24T23:45:15.572+0000] {processor.py:743} INFO - Processing file /home/airflow/.local/lib/python3.7/site-packages/airflow/example_dags/example_trigger_target_dag.py for tasks to queue
[2023-05-24T23:45:15.583+0000] {logging_mixin.py:137} INFO - [2023-05-24T23:45:15.581+0000] {dagbag.py:538} INFO - Filling up the DagBag from /home/airflow/.local/lib/python3.7/site-packages/airflow/example_dags/example_trigger_target_dag.py
[2023-05-24T23:45:15.687+0000] {processor.py:753} INFO - DAG(s) dict_keys(['example_trigger_target_dag']) retrieved from /home/airflow/.local/lib/python3.7/site-packages/airflow/example_dags/example_trigger_target_dag.py
[2023-05-24T23:45:15.796+0000] {logging_mixin.py:137} INFO - [2023-05-24T23:45:15.796+0000] {dag.py:2690} INFO - Sync 1 DAGs
[2023-05-24T23:45:15.909+0000] {logging_mixin.py:137} INFO - [2023-05-24T23:45:15.909+0000] {dag.py:3441} INFO - Setting next_dagrun for example_trigger_target_dag to None, run_after=None
[2023-05-24T23:45:16.005+0000] {processor.py:175} INFO - Processing /home/airflow/.local/lib/python3.7/site-packages/airflow/example_dags/example_trigger_target_dag.py took 0.631 seconds
[2023-05-24T23:45:46.929+0000] {processor.py:153} INFO - Started process (PID=367) to work on /home/airflow/.local/lib/python3.7/site-packages/airflow/example_dags/example_trigger_target_dag.py
[2023-05-24T23:45:46.945+0000] {processor.py:743} INFO - Processing file /home/airflow/.local/lib/python3.7/site-packages/airflow/example_dags/example_trigger_target_dag.py for tasks to queue
[2023-05-24T23:45:46.949+0000] {logging_mixin.py:137} INFO - [2023-05-24T23:45:46.949+0000] {dagbag.py:538} INFO - Filling up the DagBag from /home/airflow/.local/lib/python3.7/site-packages/airflow/example_dags/example_trigger_target_dag.py
[2023-05-24T23:45:47.011+0000] {processor.py:753} INFO - DAG(s) dict_keys(['example_trigger_target_dag']) retrieved from /home/airflow/.local/lib/python3.7/site-packages/airflow/example_dags/example_trigger_target_dag.py
[2023-05-24T23:45:47.137+0000] {logging_mixin.py:137} INFO - [2023-05-24T23:45:47.137+0000] {dag.py:2690} INFO - Sync 1 DAGs
[2023-05-24T23:45:47.245+0000] {logging_mixin.py:137} INFO - [2023-05-24T23:45:47.245+0000] {dag.py:3441} INFO - Setting next_dagrun for example_trigger_target_dag to None, run_after=None
[2023-05-24T23:45:47.287+0000] {processor.py:175} INFO - Processing /home/airflow/.local/lib/python3.7/site-packages/airflow/example_dags/example_trigger_target_dag.py took 0.367 seconds
[2023-05-24T23:46:18.353+0000] {processor.py:153} INFO - Started process (PID=429) to work on /home/airflow/.local/lib/python3.7/site-packages/airflow/example_dags/example_trigger_target_dag.py
[2023-05-24T23:46:18.359+0000] {processor.py:743} INFO - Processing file /home/airflow/.local/lib/python3.7/site-packages/airflow/example_dags/example_trigger_target_dag.py for tasks to queue
[2023-05-24T23:46:18.362+0000] {logging_mixin.py:137} INFO - [2023-05-24T23:46:18.362+0000] {dagbag.py:538} INFO - Filling up the DagBag from /home/airflow/.local/lib/python3.7/site-packages/airflow/example_dags/example_trigger_target_dag.py
[2023-05-24T23:46:18.400+0000] {processor.py:753} INFO - DAG(s) dict_keys(['example_trigger_target_dag']) retrieved from /home/airflow/.local/lib/python3.7/site-packages/airflow/example_dags/example_trigger_target_dag.py
[2023-05-24T23:46:18.450+0000] {logging_mixin.py:137} INFO - [2023-05-24T23:46:18.450+0000] {dag.py:2690} INFO - Sync 1 DAGs
[2023-05-24T23:46:18.493+0000] {logging_mixin.py:137} INFO - [2023-05-24T23:46:18.493+0000] {dag.py:3441} INFO - Setting next_dagrun for example_trigger_target_dag to None, run_after=None
[2023-05-24T23:46:18.531+0000] {processor.py:175} INFO - Processing /home/airflow/.local/lib/python3.7/site-packages/airflow/example_dags/example_trigger_target_dag.py took 0.190 seconds
[2023-05-24T23:46:49.349+0000] {processor.py:153} INFO - Started process (PID=489) to work on /home/airflow/.local/lib/python3.7/site-packages/airflow/example_dags/example_trigger_target_dag.py
[2023-05-24T23:46:49.352+0000] {processor.py:743} INFO - Processing file /home/airflow/.local/lib/python3.7/site-packages/airflow/example_dags/example_trigger_target_dag.py for tasks to queue
[2023-05-24T23:46:49.354+0000] {logging_mixin.py:137} INFO - [2023-05-24T23:46:49.354+0000] {dagbag.py:538} INFO - Filling up the DagBag from /home/airflow/.local/lib/python3.7/site-packages/airflow/example_dags/example_trigger_target_dag.py
[2023-05-24T23:46:49.405+0000] {processor.py:753} INFO - DAG(s) dict_keys(['example_trigger_target_dag']) retrieved from /home/airflow/.local/lib/python3.7/site-packages/airflow/example_dags/example_trigger_target_dag.py
[2023-05-24T23:46:49.450+0000] {logging_mixin.py:137} INFO - [2023-05-24T23:46:49.450+0000] {dag.py:2690} INFO - Sync 1 DAGs
[2023-05-24T23:46:49.498+0000] {logging_mixin.py:137} INFO - [2023-05-24T23:46:49.497+0000] {dag.py:3441} INFO - Setting next_dagrun for example_trigger_target_dag to None, run_after=None
[2023-05-24T23:46:49.536+0000] {processor.py:175} INFO - Processing /home/airflow/.local/lib/python3.7/site-packages/airflow/example_dags/example_trigger_target_dag.py took 0.194 seconds
[2023-05-24T23:47:19.607+0000] {processor.py:153} INFO - Started process (PID=547) to work on /home/airflow/.local/lib/python3.7/site-packages/airflow/example_dags/example_trigger_target_dag.py
[2023-05-24T23:47:19.610+0000] {processor.py:743} INFO - Processing file /home/airflow/.local/lib/python3.7/site-packages/airflow/example_dags/example_trigger_target_dag.py for tasks to queue
[2023-05-24T23:47:19.613+0000] {logging_mixin.py:137} INFO - [2023-05-24T23:47:19.613+0000] {dagbag.py:538} INFO - Filling up the DagBag from /home/airflow/.local/lib/python3.7/site-packages/airflow/example_dags/example_trigger_target_dag.py
[2023-05-24T23:47:19.654+0000] {processor.py:753} INFO - DAG(s) dict_keys(['example_trigger_target_dag']) retrieved from /home/airflow/.local/lib/python3.7/site-packages/airflow/example_dags/example_trigger_target_dag.py
[2023-05-24T23:47:19.694+0000] {logging_mixin.py:137} INFO - [2023-05-24T23:47:19.694+0000] {dag.py:2690} INFO - Sync 1 DAGs
[2023-05-24T23:47:19.747+0000] {logging_mixin.py:137} INFO - [2023-05-24T23:47:19.747+0000] {dag.py:3441} INFO - Setting next_dagrun for example_trigger_target_dag to None, run_after=None
[2023-05-24T23:47:19.801+0000] {processor.py:175} INFO - Processing /home/airflow/.local/lib/python3.7/site-packages/airflow/example_dags/example_trigger_target_dag.py took 0.201 seconds
[2023-05-24T23:48:00.732+0000] {processor.py:153} INFO - Started process (PID=618) to work on /home/airflow/.local/lib/python3.7/site-packages/airflow/example_dags/example_trigger_target_dag.py
[2023-05-24T23:48:00.774+0000] {processor.py:743} INFO - Processing file /home/airflow/.local/lib/python3.7/site-packages/airflow/example_dags/example_trigger_target_dag.py for tasks to queue
[2023-05-24T23:48:00.848+0000] {logging_mixin.py:137} INFO - [2023-05-24T23:48:00.841+0000] {dagbag.py:538} INFO - Filling up the DagBag from /home/airflow/.local/lib/python3.7/site-packages/airflow/example_dags/example_trigger_target_dag.py
[2023-05-24T23:48:01.298+0000] {processor.py:753} INFO - DAG(s) dict_keys(['example_trigger_target_dag']) retrieved from /home/airflow/.local/lib/python3.7/site-packages/airflow/example_dags/example_trigger_target_dag.py
[2023-05-24T23:48:01.503+0000] {logging_mixin.py:137} INFO - [2023-05-24T23:48:01.503+0000] {dag.py:2690} INFO - Sync 1 DAGs
[2023-05-24T23:48:01.662+0000] {logging_mixin.py:137} INFO - [2023-05-24T23:48:01.662+0000] {dag.py:3441} INFO - Setting next_dagrun for example_trigger_target_dag to None, run_after=None
[2023-05-24T23:48:01.743+0000] {processor.py:175} INFO - Processing /home/airflow/.local/lib/python3.7/site-packages/airflow/example_dags/example_trigger_target_dag.py took 1.107 seconds
[2023-05-24T23:48:32.541+0000] {processor.py:153} INFO - Started process (PID=679) to work on /home/airflow/.local/lib/python3.7/site-packages/airflow/example_dags/example_trigger_target_dag.py
[2023-05-24T23:48:32.548+0000] {processor.py:743} INFO - Processing file /home/airflow/.local/lib/python3.7/site-packages/airflow/example_dags/example_trigger_target_dag.py for tasks to queue
[2023-05-24T23:48:32.553+0000] {logging_mixin.py:137} INFO - [2023-05-24T23:48:32.552+0000] {dagbag.py:538} INFO - Filling up the DagBag from /home/airflow/.local/lib/python3.7/site-packages/airflow/example_dags/example_trigger_target_dag.py
[2023-05-24T23:48:32.596+0000] {processor.py:753} INFO - DAG(s) dict_keys(['example_trigger_target_dag']) retrieved from /home/airflow/.local/lib/python3.7/site-packages/airflow/example_dags/example_trigger_target_dag.py
[2023-05-24T23:48:32.642+0000] {logging_mixin.py:137} INFO - [2023-05-24T23:48:32.642+0000] {dag.py:2690} INFO - Sync 1 DAGs
[2023-05-24T23:48:32.679+0000] {logging_mixin.py:137} INFO - [2023-05-24T23:48:32.679+0000] {dag.py:3441} INFO - Setting next_dagrun for example_trigger_target_dag to None, run_after=None
[2023-05-24T23:48:32.718+0000] {processor.py:175} INFO - Processing /home/airflow/.local/lib/python3.7/site-packages/airflow/example_dags/example_trigger_target_dag.py took 0.186 seconds
[2023-05-24T23:49:03.513+0000] {processor.py:153} INFO - Started process (PID=738) to work on /home/airflow/.local/lib/python3.7/site-packages/airflow/example_dags/example_trigger_target_dag.py
[2023-05-24T23:49:03.516+0000] {processor.py:743} INFO - Processing file /home/airflow/.local/lib/python3.7/site-packages/airflow/example_dags/example_trigger_target_dag.py for tasks to queue
[2023-05-24T23:49:03.521+0000] {logging_mixin.py:137} INFO - [2023-05-24T23:49:03.520+0000] {dagbag.py:538} INFO - Filling up the DagBag from /home/airflow/.local/lib/python3.7/site-packages/airflow/example_dags/example_trigger_target_dag.py
[2023-05-24T23:49:03.560+0000] {processor.py:753} INFO - DAG(s) dict_keys(['example_trigger_target_dag']) retrieved from /home/airflow/.local/lib/python3.7/site-packages/airflow/example_dags/example_trigger_target_dag.py
[2023-05-24T23:49:03.633+0000] {logging_mixin.py:137} INFO - [2023-05-24T23:49:03.633+0000] {dag.py:2690} INFO - Sync 1 DAGs
[2023-05-24T23:49:03.709+0000] {logging_mixin.py:137} INFO - [2023-05-24T23:49:03.709+0000] {dag.py:3441} INFO - Setting next_dagrun for example_trigger_target_dag to None, run_after=None
[2023-05-24T23:49:03.739+0000] {processor.py:175} INFO - Processing /home/airflow/.local/lib/python3.7/site-packages/airflow/example_dags/example_trigger_target_dag.py took 0.247 seconds
[2023-05-24T23:49:34.750+0000] {processor.py:153} INFO - Started process (PID=798) to work on /home/airflow/.local/lib/python3.7/site-packages/airflow/example_dags/example_trigger_target_dag.py
[2023-05-24T23:49:34.759+0000] {processor.py:743} INFO - Processing file /home/airflow/.local/lib/python3.7/site-packages/airflow/example_dags/example_trigger_target_dag.py for tasks to queue
[2023-05-24T23:49:34.763+0000] {logging_mixin.py:137} INFO - [2023-05-24T23:49:34.763+0000] {dagbag.py:538} INFO - Filling up the DagBag from /home/airflow/.local/lib/python3.7/site-packages/airflow/example_dags/example_trigger_target_dag.py
[2023-05-24T23:49:34.829+0000] {processor.py:753} INFO - DAG(s) dict_keys(['example_trigger_target_dag']) retrieved from /home/airflow/.local/lib/python3.7/site-packages/airflow/example_dags/example_trigger_target_dag.py
[2023-05-24T23:49:34.911+0000] {logging_mixin.py:137} INFO - [2023-05-24T23:49:34.911+0000] {dag.py:2690} INFO - Sync 1 DAGs
[2023-05-24T23:49:34.978+0000] {logging_mixin.py:137} INFO - [2023-05-24T23:49:34.978+0000] {dag.py:3441} INFO - Setting next_dagrun for example_trigger_target_dag to None, run_after=None
[2023-05-24T23:49:35.043+0000] {processor.py:175} INFO - Processing /home/airflow/.local/lib/python3.7/site-packages/airflow/example_dags/example_trigger_target_dag.py took 0.301 seconds
[2023-05-24T23:50:05.490+0000] {processor.py:153} INFO - Started process (PID=856) to work on /home/airflow/.local/lib/python3.7/site-packages/airflow/example_dags/example_trigger_target_dag.py
[2023-05-24T23:50:05.504+0000] {processor.py:743} INFO - Processing file /home/airflow/.local/lib/python3.7/site-packages/airflow/example_dags/example_trigger_target_dag.py for tasks to queue
[2023-05-24T23:50:05.507+0000] {logging_mixin.py:137} INFO - [2023-05-24T23:50:05.507+0000] {dagbag.py:538} INFO - Filling up the DagBag from /home/airflow/.local/lib/python3.7/site-packages/airflow/example_dags/example_trigger_target_dag.py
[2023-05-24T23:50:05.611+0000] {processor.py:753} INFO - DAG(s) dict_keys(['example_trigger_target_dag']) retrieved from /home/airflow/.local/lib/python3.7/site-packages/airflow/example_dags/example_trigger_target_dag.py
[2023-05-24T23:50:05.771+0000] {logging_mixin.py:137} INFO - [2023-05-24T23:50:05.771+0000] {dag.py:2690} INFO - Sync 1 DAGs
[2023-05-24T23:50:05.845+0000] {logging_mixin.py:137} INFO - [2023-05-24T23:50:05.845+0000] {dag.py:3441} INFO - Setting next_dagrun for example_trigger_target_dag to None, run_after=None
[2023-05-24T23:50:05.892+0000] {processor.py:175} INFO - Processing /home/airflow/.local/lib/python3.7/site-packages/airflow/example_dags/example_trigger_target_dag.py took 0.427 seconds
[2023-05-24T23:50:36.396+0000] {processor.py:153} INFO - Started process (PID=916) to work on /home/airflow/.local/lib/python3.7/site-packages/airflow/example_dags/example_trigger_target_dag.py
[2023-05-24T23:50:36.403+0000] {processor.py:743} INFO - Processing file /home/airflow/.local/lib/python3.7/site-packages/airflow/example_dags/example_trigger_target_dag.py for tasks to queue
[2023-05-24T23:50:36.405+0000] {logging_mixin.py:137} INFO - [2023-05-24T23:50:36.405+0000] {dagbag.py:538} INFO - Filling up the DagBag from /home/airflow/.local/lib/python3.7/site-packages/airflow/example_dags/example_trigger_target_dag.py
[2023-05-24T23:50:36.514+0000] {processor.py:753} INFO - DAG(s) dict_keys(['example_trigger_target_dag']) retrieved from /home/airflow/.local/lib/python3.7/site-packages/airflow/example_dags/example_trigger_target_dag.py
[2023-05-24T23:50:36.745+0000] {logging_mixin.py:137} INFO - [2023-05-24T23:50:36.745+0000] {dag.py:2690} INFO - Sync 1 DAGs
[2023-05-24T23:50:36.969+0000] {logging_mixin.py:137} INFO - [2023-05-24T23:50:36.969+0000] {dag.py:3441} INFO - Setting next_dagrun for example_trigger_target_dag to None, run_after=None
[2023-05-24T23:50:37.040+0000] {processor.py:175} INFO - Processing /home/airflow/.local/lib/python3.7/site-packages/airflow/example_dags/example_trigger_target_dag.py took 0.648 seconds
[2023-05-24T23:51:07.676+0000] {processor.py:153} INFO - Started process (PID=986) to work on /home/airflow/.local/lib/python3.7/site-packages/airflow/example_dags/example_trigger_target_dag.py
[2023-05-24T23:51:07.702+0000] {processor.py:743} INFO - Processing file /home/airflow/.local/lib/python3.7/site-packages/airflow/example_dags/example_trigger_target_dag.py for tasks to queue
[2023-05-24T23:51:07.716+0000] {logging_mixin.py:137} INFO - [2023-05-24T23:51:07.714+0000] {dagbag.py:538} INFO - Filling up the DagBag from /home/airflow/.local/lib/python3.7/site-packages/airflow/example_dags/example_trigger_target_dag.py
[2023-05-24T23:51:08.198+0000] {processor.py:753} INFO - DAG(s) dict_keys(['example_trigger_target_dag']) retrieved from /home/airflow/.local/lib/python3.7/site-packages/airflow/example_dags/example_trigger_target_dag.py
[2023-05-24T23:51:08.517+0000] {logging_mixin.py:137} INFO - [2023-05-24T23:51:08.515+0000] {dag.py:2690} INFO - Sync 1 DAGs
[2023-05-24T23:51:08.936+0000] {logging_mixin.py:137} INFO - [2023-05-24T23:51:08.936+0000] {dag.py:3441} INFO - Setting next_dagrun for example_trigger_target_dag to None, run_after=None
[2023-05-24T23:51:09.418+0000] {processor.py:175} INFO - Processing /home/airflow/.local/lib/python3.7/site-packages/airflow/example_dags/example_trigger_target_dag.py took 1.775 seconds
[2023-05-24T23:51:39.645+0000] {processor.py:153} INFO - Started process (PID=1043) to work on /home/airflow/.local/lib/python3.7/site-packages/airflow/example_dags/example_trigger_target_dag.py
[2023-05-24T23:51:39.655+0000] {processor.py:743} INFO - Processing file /home/airflow/.local/lib/python3.7/site-packages/airflow/example_dags/example_trigger_target_dag.py for tasks to queue
[2023-05-24T23:51:39.668+0000] {logging_mixin.py:137} INFO - [2023-05-24T23:51:39.666+0000] {dagbag.py:538} INFO - Filling up the DagBag from /home/airflow/.local/lib/python3.7/site-packages/airflow/example_dags/example_trigger_target_dag.py
[2023-05-24T23:51:39.766+0000] {processor.py:753} INFO - DAG(s) dict_keys(['example_trigger_target_dag']) retrieved from /home/airflow/.local/lib/python3.7/site-packages/airflow/example_dags/example_trigger_target_dag.py
[2023-05-24T23:51:39.852+0000] {logging_mixin.py:137} INFO - [2023-05-24T23:51:39.852+0000] {dag.py:2690} INFO - Sync 1 DAGs
[2023-05-24T23:51:39.926+0000] {logging_mixin.py:137} INFO - [2023-05-24T23:51:39.926+0000] {dag.py:3441} INFO - Setting next_dagrun for example_trigger_target_dag to None, run_after=None
[2023-05-24T23:51:39.983+0000] {processor.py:175} INFO - Processing /home/airflow/.local/lib/python3.7/site-packages/airflow/example_dags/example_trigger_target_dag.py took 0.349 seconds
[2023-05-24T23:52:10.126+0000] {processor.py:153} INFO - Started process (PID=1105) to work on /home/airflow/.local/lib/python3.7/site-packages/airflow/example_dags/example_trigger_target_dag.py
[2023-05-24T23:52:10.134+0000] {processor.py:743} INFO - Processing file /home/airflow/.local/lib/python3.7/site-packages/airflow/example_dags/example_trigger_target_dag.py for tasks to queue
[2023-05-24T23:52:10.138+0000] {logging_mixin.py:137} INFO - [2023-05-24T23:52:10.137+0000] {dagbag.py:538} INFO - Filling up the DagBag from /home/airflow/.local/lib/python3.7/site-packages/airflow/example_dags/example_trigger_target_dag.py
[2023-05-24T23:52:10.217+0000] {processor.py:753} INFO - DAG(s) dict_keys(['example_trigger_target_dag']) retrieved from /home/airflow/.local/lib/python3.7/site-packages/airflow/example_dags/example_trigger_target_dag.py
[2023-05-24T23:52:10.286+0000] {logging_mixin.py:137} INFO - [2023-05-24T23:52:10.285+0000] {dag.py:2690} INFO - Sync 1 DAGs
[2023-05-24T23:52:10.393+0000] {logging_mixin.py:137} INFO - [2023-05-24T23:52:10.393+0000] {dag.py:3441} INFO - Setting next_dagrun for example_trigger_target_dag to None, run_after=None
[2023-05-24T23:52:10.425+0000] {processor.py:175} INFO - Processing /home/airflow/.local/lib/python3.7/site-packages/airflow/example_dags/example_trigger_target_dag.py took 0.309 seconds
[2023-05-24T23:52:40.914+0000] {processor.py:153} INFO - Started process (PID=1169) to work on /home/airflow/.local/lib/python3.7/site-packages/airflow/example_dags/example_trigger_target_dag.py
[2023-05-24T23:52:40.917+0000] {processor.py:743} INFO - Processing file /home/airflow/.local/lib/python3.7/site-packages/airflow/example_dags/example_trigger_target_dag.py for tasks to queue
[2023-05-24T23:52:40.919+0000] {logging_mixin.py:137} INFO - [2023-05-24T23:52:40.919+0000] {dagbag.py:538} INFO - Filling up the DagBag from /home/airflow/.local/lib/python3.7/site-packages/airflow/example_dags/example_trigger_target_dag.py
[2023-05-24T23:52:40.955+0000] {processor.py:753} INFO - DAG(s) dict_keys(['example_trigger_target_dag']) retrieved from /home/airflow/.local/lib/python3.7/site-packages/airflow/example_dags/example_trigger_target_dag.py
[2023-05-24T23:52:40.991+0000] {logging_mixin.py:137} INFO - [2023-05-24T23:52:40.991+0000] {dag.py:2690} INFO - Sync 1 DAGs
[2023-05-24T23:52:41.033+0000] {logging_mixin.py:137} INFO - [2023-05-24T23:52:41.033+0000] {dag.py:3441} INFO - Setting next_dagrun for example_trigger_target_dag to None, run_after=None
[2023-05-24T23:52:41.069+0000] {processor.py:175} INFO - Processing /home/airflow/.local/lib/python3.7/site-packages/airflow/example_dags/example_trigger_target_dag.py took 0.161 seconds
[2023-05-24T23:53:11.719+0000] {processor.py:153} INFO - Started process (PID=1218) to work on /home/airflow/.local/lib/python3.7/site-packages/airflow/example_dags/example_trigger_target_dag.py
[2023-05-24T23:53:11.723+0000] {processor.py:743} INFO - Processing file /home/airflow/.local/lib/python3.7/site-packages/airflow/example_dags/example_trigger_target_dag.py for tasks to queue
[2023-05-24T23:53:11.726+0000] {logging_mixin.py:137} INFO - [2023-05-24T23:53:11.726+0000] {dagbag.py:538} INFO - Filling up the DagBag from /home/airflow/.local/lib/python3.7/site-packages/airflow/example_dags/example_trigger_target_dag.py
[2023-05-24T23:53:11.759+0000] {processor.py:753} INFO - DAG(s) dict_keys(['example_trigger_target_dag']) retrieved from /home/airflow/.local/lib/python3.7/site-packages/airflow/example_dags/example_trigger_target_dag.py
[2023-05-24T23:53:11.799+0000] {logging_mixin.py:137} INFO - [2023-05-24T23:53:11.799+0000] {dag.py:2690} INFO - Sync 1 DAGs
[2023-05-24T23:53:11.838+0000] {logging_mixin.py:137} INFO - [2023-05-24T23:53:11.838+0000] {dag.py:3441} INFO - Setting next_dagrun for example_trigger_target_dag to None, run_after=None
[2023-05-24T23:53:11.874+0000] {processor.py:175} INFO - Processing /home/airflow/.local/lib/python3.7/site-packages/airflow/example_dags/example_trigger_target_dag.py took 0.163 seconds
[2023-05-24T23:53:42.371+0000] {processor.py:153} INFO - Started process (PID=1289) to work on /home/airflow/.local/lib/python3.7/site-packages/airflow/example_dags/example_trigger_target_dag.py
[2023-05-24T23:53:42.376+0000] {processor.py:743} INFO - Processing file /home/airflow/.local/lib/python3.7/site-packages/airflow/example_dags/example_trigger_target_dag.py for tasks to queue
[2023-05-24T23:53:42.380+0000] {logging_mixin.py:137} INFO - [2023-05-24T23:53:42.380+0000] {dagbag.py:538} INFO - Filling up the DagBag from /home/airflow/.local/lib/python3.7/site-packages/airflow/example_dags/example_trigger_target_dag.py
[2023-05-24T23:53:42.416+0000] {processor.py:753} INFO - DAG(s) dict_keys(['example_trigger_target_dag']) retrieved from /home/airflow/.local/lib/python3.7/site-packages/airflow/example_dags/example_trigger_target_dag.py
[2023-05-24T23:53:42.458+0000] {logging_mixin.py:137} INFO - [2023-05-24T23:53:42.458+0000] {dag.py:2690} INFO - Sync 1 DAGs
[2023-05-24T23:53:42.502+0000] {logging_mixin.py:137} INFO - [2023-05-24T23:53:42.501+0000] {dag.py:3441} INFO - Setting next_dagrun for example_trigger_target_dag to None, run_after=None
[2023-05-24T23:53:42.541+0000] {processor.py:175} INFO - Processing /home/airflow/.local/lib/python3.7/site-packages/airflow/example_dags/example_trigger_target_dag.py took 0.184 seconds
[2023-05-24T23:54:13.103+0000] {processor.py:153} INFO - Started process (PID=1348) to work on /home/airflow/.local/lib/python3.7/site-packages/airflow/example_dags/example_trigger_target_dag.py
[2023-05-24T23:54:13.108+0000] {processor.py:743} INFO - Processing file /home/airflow/.local/lib/python3.7/site-packages/airflow/example_dags/example_trigger_target_dag.py for tasks to queue
[2023-05-24T23:54:13.112+0000] {logging_mixin.py:137} INFO - [2023-05-24T23:54:13.111+0000] {dagbag.py:538} INFO - Filling up the DagBag from /home/airflow/.local/lib/python3.7/site-packages/airflow/example_dags/example_trigger_target_dag.py
[2023-05-24T23:54:13.211+0000] {processor.py:753} INFO - DAG(s) dict_keys(['example_trigger_target_dag']) retrieved from /home/airflow/.local/lib/python3.7/site-packages/airflow/example_dags/example_trigger_target_dag.py
[2023-05-24T23:54:13.374+0000] {logging_mixin.py:137} INFO - [2023-05-24T23:54:13.357+0000] {dag.py:2690} INFO - Sync 1 DAGs
[2023-05-24T23:54:13.581+0000] {logging_mixin.py:137} INFO - [2023-05-24T23:54:13.573+0000] {dag.py:3441} INFO - Setting next_dagrun for example_trigger_target_dag to None, run_after=None
[2023-05-24T23:54:13.723+0000] {processor.py:175} INFO - Processing /home/airflow/.local/lib/python3.7/site-packages/airflow/example_dags/example_trigger_target_dag.py took 0.636 seconds
[2023-05-24T23:54:44.498+0000] {processor.py:153} INFO - Started process (PID=1407) to work on /home/airflow/.local/lib/python3.7/site-packages/airflow/example_dags/example_trigger_target_dag.py
[2023-05-24T23:54:44.501+0000] {processor.py:743} INFO - Processing file /home/airflow/.local/lib/python3.7/site-packages/airflow/example_dags/example_trigger_target_dag.py for tasks to queue
[2023-05-24T23:54:44.518+0000] {logging_mixin.py:137} INFO - [2023-05-24T23:54:44.518+0000] {dagbag.py:538} INFO - Filling up the DagBag from /home/airflow/.local/lib/python3.7/site-packages/airflow/example_dags/example_trigger_target_dag.py
[2023-05-24T23:54:44.701+0000] {processor.py:753} INFO - DAG(s) dict_keys(['example_trigger_target_dag']) retrieved from /home/airflow/.local/lib/python3.7/site-packages/airflow/example_dags/example_trigger_target_dag.py
[2023-05-24T23:54:44.817+0000] {logging_mixin.py:137} INFO - [2023-05-24T23:54:44.816+0000] {dag.py:2690} INFO - Sync 1 DAGs
[2023-05-24T23:54:44.982+0000] {logging_mixin.py:137} INFO - [2023-05-24T23:54:44.973+0000] {dag.py:3441} INFO - Setting next_dagrun for example_trigger_target_dag to None, run_after=None
[2023-05-24T23:54:45.104+0000] {processor.py:175} INFO - Processing /home/airflow/.local/lib/python3.7/site-packages/airflow/example_dags/example_trigger_target_dag.py took 0.632 seconds
[2023-05-24T23:55:17.178+0000] {processor.py:153} INFO - Started process (PID=1466) to work on /home/airflow/.local/lib/python3.7/site-packages/airflow/example_dags/example_trigger_target_dag.py
[2023-05-24T23:55:17.186+0000] {processor.py:743} INFO - Processing file /home/airflow/.local/lib/python3.7/site-packages/airflow/example_dags/example_trigger_target_dag.py for tasks to queue
[2023-05-24T23:55:17.191+0000] {logging_mixin.py:137} INFO - [2023-05-24T23:55:17.191+0000] {dagbag.py:538} INFO - Filling up the DagBag from /home/airflow/.local/lib/python3.7/site-packages/airflow/example_dags/example_trigger_target_dag.py
[2023-05-24T23:55:17.344+0000] {processor.py:753} INFO - DAG(s) dict_keys(['example_trigger_target_dag']) retrieved from /home/airflow/.local/lib/python3.7/site-packages/airflow/example_dags/example_trigger_target_dag.py
[2023-05-24T23:55:17.467+0000] {logging_mixin.py:137} INFO - [2023-05-24T23:55:17.466+0000] {dag.py:2690} INFO - Sync 1 DAGs
[2023-05-24T23:55:17.585+0000] {logging_mixin.py:137} INFO - [2023-05-24T23:55:17.585+0000] {dag.py:3441} INFO - Setting next_dagrun for example_trigger_target_dag to None, run_after=None
[2023-05-24T23:55:17.655+0000] {processor.py:175} INFO - Processing /home/airflow/.local/lib/python3.7/site-packages/airflow/example_dags/example_trigger_target_dag.py took 0.493 seconds
[2023-05-24T23:55:47.917+0000] {processor.py:153} INFO - Started process (PID=1519) to work on /home/airflow/.local/lib/python3.7/site-packages/airflow/example_dags/example_trigger_target_dag.py
[2023-05-24T23:55:47.930+0000] {processor.py:743} INFO - Processing file /home/airflow/.local/lib/python3.7/site-packages/airflow/example_dags/example_trigger_target_dag.py for tasks to queue
[2023-05-24T23:55:47.932+0000] {logging_mixin.py:137} INFO - [2023-05-24T23:55:47.931+0000] {dagbag.py:538} INFO - Filling up the DagBag from /home/airflow/.local/lib/python3.7/site-packages/airflow/example_dags/example_trigger_target_dag.py
[2023-05-24T23:55:47.986+0000] {processor.py:753} INFO - DAG(s) dict_keys(['example_trigger_target_dag']) retrieved from /home/airflow/.local/lib/python3.7/site-packages/airflow/example_dags/example_trigger_target_dag.py
[2023-05-24T23:55:48.023+0000] {logging_mixin.py:137} INFO - [2023-05-24T23:55:48.023+0000] {dag.py:2690} INFO - Sync 1 DAGs
[2023-05-24T23:55:48.059+0000] {logging_mixin.py:137} INFO - [2023-05-24T23:55:48.059+0000] {dag.py:3441} INFO - Setting next_dagrun for example_trigger_target_dag to None, run_after=None
[2023-05-24T23:55:48.095+0000] {processor.py:175} INFO - Processing /home/airflow/.local/lib/python3.7/site-packages/airflow/example_dags/example_trigger_target_dag.py took 0.183 seconds
[2023-05-24T23:56:18.370+0000] {processor.py:153} INFO - Started process (PID=1579) to work on /home/airflow/.local/lib/python3.7/site-packages/airflow/example_dags/example_trigger_target_dag.py
[2023-05-24T23:56:18.372+0000] {processor.py:743} INFO - Processing file /home/airflow/.local/lib/python3.7/site-packages/airflow/example_dags/example_trigger_target_dag.py for tasks to queue
[2023-05-24T23:56:18.374+0000] {logging_mixin.py:137} INFO - [2023-05-24T23:56:18.374+0000] {dagbag.py:538} INFO - Filling up the DagBag from /home/airflow/.local/lib/python3.7/site-packages/airflow/example_dags/example_trigger_target_dag.py
[2023-05-24T23:56:18.403+0000] {processor.py:753} INFO - DAG(s) dict_keys(['example_trigger_target_dag']) retrieved from /home/airflow/.local/lib/python3.7/site-packages/airflow/example_dags/example_trigger_target_dag.py
[2023-05-24T23:56:18.445+0000] {logging_mixin.py:137} INFO - [2023-05-24T23:56:18.445+0000] {dag.py:2690} INFO - Sync 1 DAGs
[2023-05-24T23:56:18.493+0000] {logging_mixin.py:137} INFO - [2023-05-24T23:56:18.493+0000] {dag.py:3441} INFO - Setting next_dagrun for example_trigger_target_dag to None, run_after=None
[2023-05-24T23:56:18.522+0000] {processor.py:175} INFO - Processing /home/airflow/.local/lib/python3.7/site-packages/airflow/example_dags/example_trigger_target_dag.py took 0.156 seconds
[2023-05-24T23:56:49.198+0000] {processor.py:153} INFO - Started process (PID=1638) to work on /home/airflow/.local/lib/python3.7/site-packages/airflow/example_dags/example_trigger_target_dag.py
[2023-05-24T23:56:49.201+0000] {processor.py:743} INFO - Processing file /home/airflow/.local/lib/python3.7/site-packages/airflow/example_dags/example_trigger_target_dag.py for tasks to queue
[2023-05-24T23:56:49.203+0000] {logging_mixin.py:137} INFO - [2023-05-24T23:56:49.203+0000] {dagbag.py:538} INFO - Filling up the DagBag from /home/airflow/.local/lib/python3.7/site-packages/airflow/example_dags/example_trigger_target_dag.py
[2023-05-24T23:56:49.238+0000] {processor.py:753} INFO - DAG(s) dict_keys(['example_trigger_target_dag']) retrieved from /home/airflow/.local/lib/python3.7/site-packages/airflow/example_dags/example_trigger_target_dag.py
[2023-05-24T23:56:49.284+0000] {logging_mixin.py:137} INFO - [2023-05-24T23:56:49.284+0000] {dag.py:2690} INFO - Sync 1 DAGs
[2023-05-24T23:56:49.321+0000] {logging_mixin.py:137} INFO - [2023-05-24T23:56:49.321+0000] {dag.py:3441} INFO - Setting next_dagrun for example_trigger_target_dag to None, run_after=None
[2023-05-24T23:56:49.347+0000] {processor.py:175} INFO - Processing /home/airflow/.local/lib/python3.7/site-packages/airflow/example_dags/example_trigger_target_dag.py took 0.154 seconds
[2023-05-24T23:57:19.904+0000] {processor.py:153} INFO - Started process (PID=1707) to work on /home/airflow/.local/lib/python3.7/site-packages/airflow/example_dags/example_trigger_target_dag.py
[2023-05-24T23:57:19.907+0000] {processor.py:743} INFO - Processing file /home/airflow/.local/lib/python3.7/site-packages/airflow/example_dags/example_trigger_target_dag.py for tasks to queue
[2023-05-24T23:57:19.914+0000] {logging_mixin.py:137} INFO - [2023-05-24T23:57:19.913+0000] {dagbag.py:538} INFO - Filling up the DagBag from /home/airflow/.local/lib/python3.7/site-packages/airflow/example_dags/example_trigger_target_dag.py
[2023-05-24T23:57:19.984+0000] {processor.py:753} INFO - DAG(s) dict_keys(['example_trigger_target_dag']) retrieved from /home/airflow/.local/lib/python3.7/site-packages/airflow/example_dags/example_trigger_target_dag.py
[2023-05-24T23:57:20.032+0000] {logging_mixin.py:137} INFO - [2023-05-24T23:57:20.032+0000] {dag.py:2690} INFO - Sync 1 DAGs
[2023-05-24T23:57:20.127+0000] {logging_mixin.py:137} INFO - [2023-05-24T23:57:20.127+0000] {dag.py:3441} INFO - Setting next_dagrun for example_trigger_target_dag to None, run_after=None
[2023-05-24T23:57:20.171+0000] {processor.py:175} INFO - Processing /home/airflow/.local/lib/python3.7/site-packages/airflow/example_dags/example_trigger_target_dag.py took 0.277 seconds
[2023-05-24T23:58:01.108+0000] {processor.py:153} INFO - Started process (PID=1774) to work on /home/airflow/.local/lib/python3.7/site-packages/airflow/example_dags/example_trigger_target_dag.py
[2023-05-24T23:58:01.116+0000] {processor.py:743} INFO - Processing file /home/airflow/.local/lib/python3.7/site-packages/airflow/example_dags/example_trigger_target_dag.py for tasks to queue
[2023-05-24T23:58:01.129+0000] {logging_mixin.py:137} INFO - [2023-05-24T23:58:01.128+0000] {dagbag.py:538} INFO - Filling up the DagBag from /home/airflow/.local/lib/python3.7/site-packages/airflow/example_dags/example_trigger_target_dag.py
[2023-05-24T23:58:01.274+0000] {processor.py:753} INFO - DAG(s) dict_keys(['example_trigger_target_dag']) retrieved from /home/airflow/.local/lib/python3.7/site-packages/airflow/example_dags/example_trigger_target_dag.py
[2023-05-24T23:58:01.416+0000] {logging_mixin.py:137} INFO - [2023-05-24T23:58:01.416+0000] {dag.py:2690} INFO - Sync 1 DAGs
[2023-05-24T23:58:01.499+0000] {logging_mixin.py:137} INFO - [2023-05-24T23:58:01.499+0000] {dag.py:3441} INFO - Setting next_dagrun for example_trigger_target_dag to None, run_after=None
[2023-05-24T23:58:01.569+0000] {processor.py:175} INFO - Processing /home/airflow/.local/lib/python3.7/site-packages/airflow/example_dags/example_trigger_target_dag.py took 0.474 seconds
[2023-05-24T23:58:32.025+0000] {processor.py:153} INFO - Started process (PID=1835) to work on /home/airflow/.local/lib/python3.7/site-packages/airflow/example_dags/example_trigger_target_dag.py
[2023-05-24T23:58:32.028+0000] {processor.py:743} INFO - Processing file /home/airflow/.local/lib/python3.7/site-packages/airflow/example_dags/example_trigger_target_dag.py for tasks to queue
[2023-05-24T23:58:32.031+0000] {logging_mixin.py:137} INFO - [2023-05-24T23:58:32.031+0000] {dagbag.py:538} INFO - Filling up the DagBag from /home/airflow/.local/lib/python3.7/site-packages/airflow/example_dags/example_trigger_target_dag.py
[2023-05-24T23:58:32.062+0000] {processor.py:753} INFO - DAG(s) dict_keys(['example_trigger_target_dag']) retrieved from /home/airflow/.local/lib/python3.7/site-packages/airflow/example_dags/example_trigger_target_dag.py
[2023-05-24T23:58:32.103+0000] {logging_mixin.py:137} INFO - [2023-05-24T23:58:32.103+0000] {dag.py:2690} INFO - Sync 1 DAGs
[2023-05-24T23:58:32.140+0000] {logging_mixin.py:137} INFO - [2023-05-24T23:58:32.139+0000] {dag.py:3441} INFO - Setting next_dagrun for example_trigger_target_dag to None, run_after=None
[2023-05-24T23:58:32.167+0000] {processor.py:175} INFO - Processing /home/airflow/.local/lib/python3.7/site-packages/airflow/example_dags/example_trigger_target_dag.py took 0.149 seconds
[2023-05-24T23:59:02.369+0000] {processor.py:153} INFO - Started process (PID=1894) to work on /home/airflow/.local/lib/python3.7/site-packages/airflow/example_dags/example_trigger_target_dag.py
[2023-05-24T23:59:02.372+0000] {processor.py:743} INFO - Processing file /home/airflow/.local/lib/python3.7/site-packages/airflow/example_dags/example_trigger_target_dag.py for tasks to queue
[2023-05-24T23:59:02.374+0000] {logging_mixin.py:137} INFO - [2023-05-24T23:59:02.374+0000] {dagbag.py:538} INFO - Filling up the DagBag from /home/airflow/.local/lib/python3.7/site-packages/airflow/example_dags/example_trigger_target_dag.py
[2023-05-24T23:59:02.402+0000] {processor.py:753} INFO - DAG(s) dict_keys(['example_trigger_target_dag']) retrieved from /home/airflow/.local/lib/python3.7/site-packages/airflow/example_dags/example_trigger_target_dag.py
[2023-05-24T23:59:02.437+0000] {logging_mixin.py:137} INFO - [2023-05-24T23:59:02.436+0000] {dag.py:2690} INFO - Sync 1 DAGs
[2023-05-24T23:59:02.468+0000] {logging_mixin.py:137} INFO - [2023-05-24T23:59:02.468+0000] {dag.py:3441} INFO - Setting next_dagrun for example_trigger_target_dag to None, run_after=None
[2023-05-24T23:59:02.498+0000] {processor.py:175} INFO - Processing /home/airflow/.local/lib/python3.7/site-packages/airflow/example_dags/example_trigger_target_dag.py took 0.139 seconds
