[2023-05-24T23:13:27.481+0000] {processor.py:153} INFO - Started process (PID=77) to work on /home/airflow/.local/lib/python3.7/site-packages/airflow/example_dags/example_latest_only_with_trigger.py
[2023-05-24T23:13:27.493+0000] {processor.py:743} INFO - Processing file /home/airflow/.local/lib/python3.7/site-packages/airflow/example_dags/example_latest_only_with_trigger.py for tasks to queue
[2023-05-24T23:13:27.496+0000] {logging_mixin.py:137} INFO - [2023-05-24T23:13:27.496+0000] {dagbag.py:538} INFO - Filling up the DagBag from /home/airflow/.local/lib/python3.7/site-packages/airflow/example_dags/example_latest_only_with_trigger.py
[2023-05-24T23:13:27.628+0000] {processor.py:753} INFO - DAG(s) dict_keys(['latest_only_with_trigger']) retrieved from /home/airflow/.local/lib/python3.7/site-packages/airflow/example_dags/example_latest_only_with_trigger.py
[2023-05-24T23:13:27.748+0000] {logging_mixin.py:137} INFO - [2023-05-24T23:13:27.747+0000] {dag.py:2690} INFO - Sync 1 DAGs
[2023-05-24T23:13:28.001+0000] {logging_mixin.py:137} INFO - [2023-05-24T23:13:28.001+0000] {dag.py:3441} INFO - Setting next_dagrun for latest_only_with_trigger to 2023-05-24T19:13:28.000867+00:00, run_after=2023-05-24T23:13:28.000867+00:00
[2023-05-24T23:13:28.144+0000] {processor.py:175} INFO - Processing /home/airflow/.local/lib/python3.7/site-packages/airflow/example_dags/example_latest_only_with_trigger.py took 0.741 seconds
[2023-05-24T23:13:58.310+0000] {processor.py:153} INFO - Started process (PID=136) to work on /home/airflow/.local/lib/python3.7/site-packages/airflow/example_dags/example_latest_only_with_trigger.py
[2023-05-24T23:13:58.313+0000] {processor.py:743} INFO - Processing file /home/airflow/.local/lib/python3.7/site-packages/airflow/example_dags/example_latest_only_with_trigger.py for tasks to queue
[2023-05-24T23:13:58.317+0000] {logging_mixin.py:137} INFO - [2023-05-24T23:13:58.316+0000] {dagbag.py:538} INFO - Filling up the DagBag from /home/airflow/.local/lib/python3.7/site-packages/airflow/example_dags/example_latest_only_with_trigger.py
[2023-05-24T23:13:58.343+0000] {processor.py:753} INFO - DAG(s) dict_keys(['latest_only_with_trigger']) retrieved from /home/airflow/.local/lib/python3.7/site-packages/airflow/example_dags/example_latest_only_with_trigger.py
[2023-05-24T23:13:58.381+0000] {logging_mixin.py:137} INFO - [2023-05-24T23:13:58.381+0000] {dag.py:2690} INFO - Sync 1 DAGs
[2023-05-24T23:13:58.446+0000] {logging_mixin.py:137} INFO - [2023-05-24T23:13:58.446+0000] {dag.py:3441} INFO - Setting next_dagrun for latest_only_with_trigger to 2023-05-24T19:13:58.445696+00:00, run_after=2023-05-24T23:13:58.445696+00:00
[2023-05-24T23:13:58.478+0000] {processor.py:175} INFO - Processing /home/airflow/.local/lib/python3.7/site-packages/airflow/example_dags/example_latest_only_with_trigger.py took 0.177 seconds
[2023-05-24T23:14:35.951+0000] {processor.py:153} INFO - Started process (PID=194) to work on /home/airflow/.local/lib/python3.7/site-packages/airflow/example_dags/example_latest_only_with_trigger.py
[2023-05-24T23:14:35.977+0000] {processor.py:743} INFO - Processing file /home/airflow/.local/lib/python3.7/site-packages/airflow/example_dags/example_latest_only_with_trigger.py for tasks to queue
[2023-05-24T23:14:35.999+0000] {logging_mixin.py:137} INFO - [2023-05-24T23:14:35.999+0000] {dagbag.py:538} INFO - Filling up the DagBag from /home/airflow/.local/lib/python3.7/site-packages/airflow/example_dags/example_latest_only_with_trigger.py
[2023-05-24T23:14:36.147+0000] {processor.py:753} INFO - DAG(s) dict_keys(['latest_only_with_trigger']) retrieved from /home/airflow/.local/lib/python3.7/site-packages/airflow/example_dags/example_latest_only_with_trigger.py
[2023-05-24T23:14:36.288+0000] {logging_mixin.py:137} INFO - [2023-05-24T23:14:36.288+0000] {dag.py:2690} INFO - Sync 1 DAGs
[2023-05-24T23:14:36.487+0000] {logging_mixin.py:137} INFO - [2023-05-24T23:14:36.487+0000] {dag.py:3441} INFO - Setting next_dagrun for latest_only_with_trigger to 2023-05-24T19:14:36.486327+00:00, run_after=2023-05-24T23:14:36.486327+00:00
[2023-05-24T23:14:36.594+0000] {processor.py:175} INFO - Processing /home/airflow/.local/lib/python3.7/site-packages/airflow/example_dags/example_latest_only_with_trigger.py took 0.677 seconds
[2023-05-24T23:15:18.576+0000] {processor.py:153} INFO - Started process (PID=253) to work on /home/airflow/.local/lib/python3.7/site-packages/airflow/example_dags/example_latest_only_with_trigger.py
[2023-05-24T23:15:18.614+0000] {processor.py:743} INFO - Processing file /home/airflow/.local/lib/python3.7/site-packages/airflow/example_dags/example_latest_only_with_trigger.py for tasks to queue
[2023-05-24T23:15:18.631+0000] {logging_mixin.py:137} INFO - [2023-05-24T23:15:18.629+0000] {dagbag.py:538} INFO - Filling up the DagBag from /home/airflow/.local/lib/python3.7/site-packages/airflow/example_dags/example_latest_only_with_trigger.py
[2023-05-24T23:15:18.906+0000] {processor.py:753} INFO - DAG(s) dict_keys(['latest_only_with_trigger']) retrieved from /home/airflow/.local/lib/python3.7/site-packages/airflow/example_dags/example_latest_only_with_trigger.py
[2023-05-24T23:15:19.316+0000] {logging_mixin.py:137} INFO - [2023-05-24T23:15:19.314+0000] {dag.py:2690} INFO - Sync 1 DAGs
[2023-05-24T23:15:20.310+0000] {logging_mixin.py:137} INFO - [2023-05-24T23:15:20.310+0000] {dag.py:3441} INFO - Setting next_dagrun for latest_only_with_trigger to 2023-05-24T19:15:20.310167+00:00, run_after=2023-05-24T23:15:20.310167+00:00
[2023-05-24T23:15:20.725+0000] {processor.py:175} INFO - Processing /home/airflow/.local/lib/python3.7/site-packages/airflow/example_dags/example_latest_only_with_trigger.py took 2.207 seconds
[2023-05-24T23:16:02.392+0000] {processor.py:153} INFO - Started process (PID=311) to work on /home/airflow/.local/lib/python3.7/site-packages/airflow/example_dags/example_latest_only_with_trigger.py
[2023-05-24T23:16:02.416+0000] {processor.py:743} INFO - Processing file /home/airflow/.local/lib/python3.7/site-packages/airflow/example_dags/example_latest_only_with_trigger.py for tasks to queue
[2023-05-24T23:16:02.425+0000] {logging_mixin.py:137} INFO - [2023-05-24T23:16:02.424+0000] {dagbag.py:538} INFO - Filling up the DagBag from /home/airflow/.local/lib/python3.7/site-packages/airflow/example_dags/example_latest_only_with_trigger.py
[2023-05-24T23:16:02.497+0000] {processor.py:753} INFO - DAG(s) dict_keys(['latest_only_with_trigger']) retrieved from /home/airflow/.local/lib/python3.7/site-packages/airflow/example_dags/example_latest_only_with_trigger.py
[2023-05-24T23:16:03.035+0000] {logging_mixin.py:137} INFO - [2023-05-24T23:16:03.034+0000] {dag.py:2690} INFO - Sync 1 DAGs
[2023-05-24T23:16:03.420+0000] {logging_mixin.py:137} INFO - [2023-05-24T23:16:03.420+0000] {dag.py:3441} INFO - Setting next_dagrun for latest_only_with_trigger to 2023-05-24T19:16:03.420270+00:00, run_after=2023-05-24T23:16:03.420270+00:00
[2023-05-24T23:16:03.652+0000] {processor.py:175} INFO - Processing /home/airflow/.local/lib/python3.7/site-packages/airflow/example_dags/example_latest_only_with_trigger.py took 1.286 seconds
[2023-05-24T23:17:17.916+0000] {processor.py:153} INFO - Started process (PID=383) to work on /home/airflow/.local/lib/python3.7/site-packages/airflow/example_dags/example_latest_only_with_trigger.py
[2023-05-24T23:17:17.975+0000] {processor.py:743} INFO - Processing file /home/airflow/.local/lib/python3.7/site-packages/airflow/example_dags/example_latest_only_with_trigger.py for tasks to queue
[2023-05-24T23:17:18.018+0000] {logging_mixin.py:137} INFO - [2023-05-24T23:17:18.012+0000] {dagbag.py:538} INFO - Filling up the DagBag from /home/airflow/.local/lib/python3.7/site-packages/airflow/example_dags/example_latest_only_with_trigger.py
[2023-05-24T23:17:18.306+0000] {processor.py:753} INFO - DAG(s) dict_keys(['latest_only_with_trigger']) retrieved from /home/airflow/.local/lib/python3.7/site-packages/airflow/example_dags/example_latest_only_with_trigger.py
[2023-05-24T23:17:18.609+0000] {logging_mixin.py:137} INFO - [2023-05-24T23:17:18.601+0000] {dag.py:2690} INFO - Sync 1 DAGs
[2023-05-24T23:17:19.315+0000] {logging_mixin.py:137} INFO - [2023-05-24T23:17:19.314+0000] {dag.py:3441} INFO - Setting next_dagrun for latest_only_with_trigger to 2023-05-24T19:17:19.314587+00:00, run_after=2023-05-24T23:17:19.314587+00:00
[2023-05-24T23:17:19.948+0000] {processor.py:175} INFO - Processing /home/airflow/.local/lib/python3.7/site-packages/airflow/example_dags/example_latest_only_with_trigger.py took 2.193 seconds
[2023-05-24T23:18:09.128+0000] {processor.py:153} INFO - Started process (PID=441) to work on /home/airflow/.local/lib/python3.7/site-packages/airflow/example_dags/example_latest_only_with_trigger.py
[2023-05-24T23:18:09.132+0000] {processor.py:743} INFO - Processing file /home/airflow/.local/lib/python3.7/site-packages/airflow/example_dags/example_latest_only_with_trigger.py for tasks to queue
[2023-05-24T23:18:09.142+0000] {logging_mixin.py:137} INFO - [2023-05-24T23:18:09.142+0000] {dagbag.py:538} INFO - Filling up the DagBag from /home/airflow/.local/lib/python3.7/site-packages/airflow/example_dags/example_latest_only_with_trigger.py
[2023-05-24T23:18:09.348+0000] {processor.py:753} INFO - DAG(s) dict_keys(['latest_only_with_trigger']) retrieved from /home/airflow/.local/lib/python3.7/site-packages/airflow/example_dags/example_latest_only_with_trigger.py
[2023-05-24T23:18:09.584+0000] {logging_mixin.py:137} INFO - [2023-05-24T23:18:09.581+0000] {dag.py:2690} INFO - Sync 1 DAGs
[2023-05-24T23:18:09.899+0000] {logging_mixin.py:137} INFO - [2023-05-24T23:18:09.899+0000] {dag.py:3441} INFO - Setting next_dagrun for latest_only_with_trigger to 2023-05-24T19:18:09.899011+00:00, run_after=2023-05-24T23:18:09.899011+00:00
[2023-05-24T23:18:10.052+0000] {processor.py:175} INFO - Processing /home/airflow/.local/lib/python3.7/site-packages/airflow/example_dags/example_latest_only_with_trigger.py took 0.971 seconds
[2023-05-24T23:20:23.652+0000] {processor.py:153} INFO - Started process (PID=68) to work on /home/airflow/.local/lib/python3.7/site-packages/airflow/example_dags/example_latest_only_with_trigger.py
[2023-05-24T23:20:23.659+0000] {processor.py:743} INFO - Processing file /home/airflow/.local/lib/python3.7/site-packages/airflow/example_dags/example_latest_only_with_trigger.py for tasks to queue
[2023-05-24T23:20:23.665+0000] {logging_mixin.py:137} INFO - [2023-05-24T23:20:23.664+0000] {dagbag.py:538} INFO - Filling up the DagBag from /home/airflow/.local/lib/python3.7/site-packages/airflow/example_dags/example_latest_only_with_trigger.py
[2023-05-24T23:20:23.868+0000] {processor.py:753} INFO - DAG(s) dict_keys(['latest_only_with_trigger']) retrieved from /home/airflow/.local/lib/python3.7/site-packages/airflow/example_dags/example_latest_only_with_trigger.py
[2023-05-24T23:20:24.089+0000] {logging_mixin.py:137} INFO - [2023-05-24T23:20:24.089+0000] {dag.py:2690} INFO - Sync 1 DAGs
[2023-05-24T23:20:24.343+0000] {logging_mixin.py:137} INFO - [2023-05-24T23:20:24.337+0000] {dag.py:3441} INFO - Setting next_dagrun for latest_only_with_trigger to 2023-05-24T19:20:24.326577+00:00, run_after=2023-05-24T23:20:24.326577+00:00
[2023-05-24T23:20:24.544+0000] {processor.py:175} INFO - Processing /home/airflow/.local/lib/python3.7/site-packages/airflow/example_dags/example_latest_only_with_trigger.py took 0.904 seconds
[2023-05-24T23:20:54.985+0000] {processor.py:153} INFO - Started process (PID=128) to work on /home/airflow/.local/lib/python3.7/site-packages/airflow/example_dags/example_latest_only_with_trigger.py
[2023-05-24T23:20:54.989+0000] {processor.py:743} INFO - Processing file /home/airflow/.local/lib/python3.7/site-packages/airflow/example_dags/example_latest_only_with_trigger.py for tasks to queue
[2023-05-24T23:20:54.991+0000] {logging_mixin.py:137} INFO - [2023-05-24T23:20:54.991+0000] {dagbag.py:538} INFO - Filling up the DagBag from /home/airflow/.local/lib/python3.7/site-packages/airflow/example_dags/example_latest_only_with_trigger.py
[2023-05-24T23:20:55.023+0000] {processor.py:753} INFO - DAG(s) dict_keys(['latest_only_with_trigger']) retrieved from /home/airflow/.local/lib/python3.7/site-packages/airflow/example_dags/example_latest_only_with_trigger.py
[2023-05-24T23:20:55.067+0000] {logging_mixin.py:137} INFO - [2023-05-24T23:20:55.067+0000] {dag.py:2690} INFO - Sync 1 DAGs
[2023-05-24T23:20:55.135+0000] {logging_mixin.py:137} INFO - [2023-05-24T23:20:55.134+0000] {dag.py:3441} INFO - Setting next_dagrun for latest_only_with_trigger to 2023-05-24T19:20:55.134586+00:00, run_after=2023-05-24T23:20:55.134586+00:00
[2023-05-24T23:20:55.188+0000] {processor.py:175} INFO - Processing /home/airflow/.local/lib/python3.7/site-packages/airflow/example_dags/example_latest_only_with_trigger.py took 0.207 seconds
[2023-05-24T23:21:25.851+0000] {processor.py:153} INFO - Started process (PID=187) to work on /home/airflow/.local/lib/python3.7/site-packages/airflow/example_dags/example_latest_only_with_trigger.py
[2023-05-24T23:21:25.865+0000] {processor.py:743} INFO - Processing file /home/airflow/.local/lib/python3.7/site-packages/airflow/example_dags/example_latest_only_with_trigger.py for tasks to queue
[2023-05-24T23:21:25.867+0000] {logging_mixin.py:137} INFO - [2023-05-24T23:21:25.867+0000] {dagbag.py:538} INFO - Filling up the DagBag from /home/airflow/.local/lib/python3.7/site-packages/airflow/example_dags/example_latest_only_with_trigger.py
[2023-05-24T23:21:25.921+0000] {processor.py:753} INFO - DAG(s) dict_keys(['latest_only_with_trigger']) retrieved from /home/airflow/.local/lib/python3.7/site-packages/airflow/example_dags/example_latest_only_with_trigger.py
[2023-05-24T23:21:25.964+0000] {logging_mixin.py:137} INFO - [2023-05-24T23:21:25.964+0000] {dag.py:2690} INFO - Sync 1 DAGs
[2023-05-24T23:21:26.060+0000] {logging_mixin.py:137} INFO - [2023-05-24T23:21:26.060+0000] {dag.py:3441} INFO - Setting next_dagrun for latest_only_with_trigger to 2023-05-24T19:21:26.059920+00:00, run_after=2023-05-24T23:21:26.059920+00:00
[2023-05-24T23:21:26.131+0000] {processor.py:175} INFO - Processing /home/airflow/.local/lib/python3.7/site-packages/airflow/example_dags/example_latest_only_with_trigger.py took 0.283 seconds
[2023-05-24T23:21:56.997+0000] {processor.py:153} INFO - Started process (PID=257) to work on /home/airflow/.local/lib/python3.7/site-packages/airflow/example_dags/example_latest_only_with_trigger.py
[2023-05-24T23:21:56.999+0000] {processor.py:743} INFO - Processing file /home/airflow/.local/lib/python3.7/site-packages/airflow/example_dags/example_latest_only_with_trigger.py for tasks to queue
[2023-05-24T23:21:57.002+0000] {logging_mixin.py:137} INFO - [2023-05-24T23:21:57.002+0000] {dagbag.py:538} INFO - Filling up the DagBag from /home/airflow/.local/lib/python3.7/site-packages/airflow/example_dags/example_latest_only_with_trigger.py
[2023-05-24T23:21:57.048+0000] {processor.py:753} INFO - DAG(s) dict_keys(['latest_only_with_trigger']) retrieved from /home/airflow/.local/lib/python3.7/site-packages/airflow/example_dags/example_latest_only_with_trigger.py
[2023-05-24T23:21:57.119+0000] {logging_mixin.py:137} INFO - [2023-05-24T23:21:57.118+0000] {dag.py:2690} INFO - Sync 1 DAGs
[2023-05-24T23:21:57.181+0000] {logging_mixin.py:137} INFO - [2023-05-24T23:21:57.180+0000] {dag.py:3441} INFO - Setting next_dagrun for latest_only_with_trigger to 2023-05-24T19:21:57.180590+00:00, run_after=2023-05-24T23:21:57.180590+00:00
[2023-05-24T23:21:57.209+0000] {processor.py:175} INFO - Processing /home/airflow/.local/lib/python3.7/site-packages/airflow/example_dags/example_latest_only_with_trigger.py took 0.226 seconds
[2023-05-24T23:22:27.708+0000] {processor.py:153} INFO - Started process (PID=317) to work on /home/airflow/.local/lib/python3.7/site-packages/airflow/example_dags/example_latest_only_with_trigger.py
[2023-05-24T23:22:27.714+0000] {processor.py:743} INFO - Processing file /home/airflow/.local/lib/python3.7/site-packages/airflow/example_dags/example_latest_only_with_trigger.py for tasks to queue
[2023-05-24T23:22:27.716+0000] {logging_mixin.py:137} INFO - [2023-05-24T23:22:27.716+0000] {dagbag.py:538} INFO - Filling up the DagBag from /home/airflow/.local/lib/python3.7/site-packages/airflow/example_dags/example_latest_only_with_trigger.py
[2023-05-24T23:22:27.737+0000] {processor.py:753} INFO - DAG(s) dict_keys(['latest_only_with_trigger']) retrieved from /home/airflow/.local/lib/python3.7/site-packages/airflow/example_dags/example_latest_only_with_trigger.py
[2023-05-24T23:22:27.787+0000] {logging_mixin.py:137} INFO - [2023-05-24T23:22:27.787+0000] {dag.py:2690} INFO - Sync 1 DAGs
[2023-05-24T23:22:27.830+0000] {logging_mixin.py:137} INFO - [2023-05-24T23:22:27.830+0000] {dag.py:3441} INFO - Setting next_dagrun for latest_only_with_trigger to 2023-05-24T19:22:27.829928+00:00, run_after=2023-05-24T23:22:27.829928+00:00
[2023-05-24T23:22:27.861+0000] {processor.py:175} INFO - Processing /home/airflow/.local/lib/python3.7/site-packages/airflow/example_dags/example_latest_only_with_trigger.py took 0.157 seconds
[2023-05-24T23:22:58.219+0000] {processor.py:153} INFO - Started process (PID=377) to work on /home/airflow/.local/lib/python3.7/site-packages/airflow/example_dags/example_latest_only_with_trigger.py
[2023-05-24T23:22:58.221+0000] {processor.py:743} INFO - Processing file /home/airflow/.local/lib/python3.7/site-packages/airflow/example_dags/example_latest_only_with_trigger.py for tasks to queue
[2023-05-24T23:22:58.223+0000] {logging_mixin.py:137} INFO - [2023-05-24T23:22:58.223+0000] {dagbag.py:538} INFO - Filling up the DagBag from /home/airflow/.local/lib/python3.7/site-packages/airflow/example_dags/example_latest_only_with_trigger.py
[2023-05-24T23:22:58.249+0000] {processor.py:753} INFO - DAG(s) dict_keys(['latest_only_with_trigger']) retrieved from /home/airflow/.local/lib/python3.7/site-packages/airflow/example_dags/example_latest_only_with_trigger.py
[2023-05-24T23:22:58.291+0000] {logging_mixin.py:137} INFO - [2023-05-24T23:22:58.291+0000] {dag.py:2690} INFO - Sync 1 DAGs
[2023-05-24T23:22:58.339+0000] {logging_mixin.py:137} INFO - [2023-05-24T23:22:58.339+0000] {dag.py:3441} INFO - Setting next_dagrun for latest_only_with_trigger to 2023-05-24T19:22:58.338677+00:00, run_after=2023-05-24T23:22:58.338677+00:00
[2023-05-24T23:22:58.376+0000] {processor.py:175} INFO - Processing /home/airflow/.local/lib/python3.7/site-packages/airflow/example_dags/example_latest_only_with_trigger.py took 0.163 seconds
[2023-05-24T23:23:28.783+0000] {processor.py:153} INFO - Started process (PID=436) to work on /home/airflow/.local/lib/python3.7/site-packages/airflow/example_dags/example_latest_only_with_trigger.py
[2023-05-24T23:23:28.790+0000] {processor.py:743} INFO - Processing file /home/airflow/.local/lib/python3.7/site-packages/airflow/example_dags/example_latest_only_with_trigger.py for tasks to queue
[2023-05-24T23:23:28.793+0000] {logging_mixin.py:137} INFO - [2023-05-24T23:23:28.793+0000] {dagbag.py:538} INFO - Filling up the DagBag from /home/airflow/.local/lib/python3.7/site-packages/airflow/example_dags/example_latest_only_with_trigger.py
[2023-05-24T23:23:28.831+0000] {processor.py:753} INFO - DAG(s) dict_keys(['latest_only_with_trigger']) retrieved from /home/airflow/.local/lib/python3.7/site-packages/airflow/example_dags/example_latest_only_with_trigger.py
[2023-05-24T23:23:28.911+0000] {logging_mixin.py:137} INFO - [2023-05-24T23:23:28.910+0000] {dag.py:2690} INFO - Sync 1 DAGs
[2023-05-24T23:23:28.980+0000] {logging_mixin.py:137} INFO - [2023-05-24T23:23:28.980+0000] {dag.py:3441} INFO - Setting next_dagrun for latest_only_with_trigger to 2023-05-24T19:23:28.980320+00:00, run_after=2023-05-24T23:23:28.980320+00:00
[2023-05-24T23:23:29.039+0000] {processor.py:175} INFO - Processing /home/airflow/.local/lib/python3.7/site-packages/airflow/example_dags/example_latest_only_with_trigger.py took 0.268 seconds
[2023-05-24T23:23:59.344+0000] {processor.py:153} INFO - Started process (PID=497) to work on /home/airflow/.local/lib/python3.7/site-packages/airflow/example_dags/example_latest_only_with_trigger.py
[2023-05-24T23:23:59.350+0000] {processor.py:743} INFO - Processing file /home/airflow/.local/lib/python3.7/site-packages/airflow/example_dags/example_latest_only_with_trigger.py for tasks to queue
[2023-05-24T23:23:59.353+0000] {logging_mixin.py:137} INFO - [2023-05-24T23:23:59.353+0000] {dagbag.py:538} INFO - Filling up the DagBag from /home/airflow/.local/lib/python3.7/site-packages/airflow/example_dags/example_latest_only_with_trigger.py
[2023-05-24T23:23:59.413+0000] {processor.py:753} INFO - DAG(s) dict_keys(['latest_only_with_trigger']) retrieved from /home/airflow/.local/lib/python3.7/site-packages/airflow/example_dags/example_latest_only_with_trigger.py
[2023-05-24T23:23:59.588+0000] {logging_mixin.py:137} INFO - [2023-05-24T23:23:59.588+0000] {dag.py:2690} INFO - Sync 1 DAGs
[2023-05-24T23:24:00.925+0000] {logging_mixin.py:137} INFO - [2023-05-24T23:24:00.924+0000] {dag.py:3441} INFO - Setting next_dagrun for latest_only_with_trigger to 2023-05-24T19:24:00.923649+00:00, run_after=2023-05-24T23:24:00.923649+00:00
[2023-05-24T23:24:01.036+0000] {processor.py:175} INFO - Processing /home/airflow/.local/lib/python3.7/site-packages/airflow/example_dags/example_latest_only_with_trigger.py took 1.709 seconds
[2023-05-24T23:24:31.513+0000] {processor.py:153} INFO - Started process (PID=556) to work on /home/airflow/.local/lib/python3.7/site-packages/airflow/example_dags/example_latest_only_with_trigger.py
[2023-05-24T23:24:31.519+0000] {processor.py:743} INFO - Processing file /home/airflow/.local/lib/python3.7/site-packages/airflow/example_dags/example_latest_only_with_trigger.py for tasks to queue
[2023-05-24T23:24:31.522+0000] {logging_mixin.py:137} INFO - [2023-05-24T23:24:31.521+0000] {dagbag.py:538} INFO - Filling up the DagBag from /home/airflow/.local/lib/python3.7/site-packages/airflow/example_dags/example_latest_only_with_trigger.py
[2023-05-24T23:24:31.572+0000] {processor.py:753} INFO - DAG(s) dict_keys(['latest_only_with_trigger']) retrieved from /home/airflow/.local/lib/python3.7/site-packages/airflow/example_dags/example_latest_only_with_trigger.py
[2023-05-24T23:24:31.644+0000] {logging_mixin.py:137} INFO - [2023-05-24T23:24:31.644+0000] {dag.py:2690} INFO - Sync 1 DAGs
[2023-05-24T23:24:31.725+0000] {logging_mixin.py:137} INFO - [2023-05-24T23:24:31.725+0000] {dag.py:3441} INFO - Setting next_dagrun for latest_only_with_trigger to 2023-05-24T19:24:31.724745+00:00, run_after=2023-05-24T23:24:31.724745+00:00
[2023-05-24T23:24:31.884+0000] {processor.py:175} INFO - Processing /home/airflow/.local/lib/python3.7/site-packages/airflow/example_dags/example_latest_only_with_trigger.py took 0.388 seconds
[2023-05-24T23:25:02.221+0000] {processor.py:153} INFO - Started process (PID=615) to work on /home/airflow/.local/lib/python3.7/site-packages/airflow/example_dags/example_latest_only_with_trigger.py
[2023-05-24T23:25:02.228+0000] {processor.py:743} INFO - Processing file /home/airflow/.local/lib/python3.7/site-packages/airflow/example_dags/example_latest_only_with_trigger.py for tasks to queue
[2023-05-24T23:25:02.236+0000] {logging_mixin.py:137} INFO - [2023-05-24T23:25:02.235+0000] {dagbag.py:538} INFO - Filling up the DagBag from /home/airflow/.local/lib/python3.7/site-packages/airflow/example_dags/example_latest_only_with_trigger.py
[2023-05-24T23:25:02.297+0000] {processor.py:753} INFO - DAG(s) dict_keys(['latest_only_with_trigger']) retrieved from /home/airflow/.local/lib/python3.7/site-packages/airflow/example_dags/example_latest_only_with_trigger.py
[2023-05-24T23:25:02.393+0000] {logging_mixin.py:137} INFO - [2023-05-24T23:25:02.393+0000] {dag.py:2690} INFO - Sync 1 DAGs
[2023-05-24T23:25:02.460+0000] {logging_mixin.py:137} INFO - [2023-05-24T23:25:02.460+0000] {dag.py:3441} INFO - Setting next_dagrun for latest_only_with_trigger to 2023-05-24T19:25:02.459578+00:00, run_after=2023-05-24T23:25:02.459578+00:00
[2023-05-24T23:25:02.493+0000] {processor.py:175} INFO - Processing /home/airflow/.local/lib/python3.7/site-packages/airflow/example_dags/example_latest_only_with_trigger.py took 0.290 seconds
[2023-05-24T23:25:33.238+0000] {processor.py:153} INFO - Started process (PID=675) to work on /home/airflow/.local/lib/python3.7/site-packages/airflow/example_dags/example_latest_only_with_trigger.py
[2023-05-24T23:25:33.241+0000] {processor.py:743} INFO - Processing file /home/airflow/.local/lib/python3.7/site-packages/airflow/example_dags/example_latest_only_with_trigger.py for tasks to queue
[2023-05-24T23:25:33.244+0000] {logging_mixin.py:137} INFO - [2023-05-24T23:25:33.244+0000] {dagbag.py:538} INFO - Filling up the DagBag from /home/airflow/.local/lib/python3.7/site-packages/airflow/example_dags/example_latest_only_with_trigger.py
[2023-05-24T23:25:33.286+0000] {processor.py:753} INFO - DAG(s) dict_keys(['latest_only_with_trigger']) retrieved from /home/airflow/.local/lib/python3.7/site-packages/airflow/example_dags/example_latest_only_with_trigger.py
[2023-05-24T23:25:33.358+0000] {logging_mixin.py:137} INFO - [2023-05-24T23:25:33.358+0000] {dag.py:2690} INFO - Sync 1 DAGs
[2023-05-24T23:25:33.433+0000] {logging_mixin.py:137} INFO - [2023-05-24T23:25:33.433+0000] {dag.py:3441} INFO - Setting next_dagrun for latest_only_with_trigger to 2023-05-24T19:25:33.432921+00:00, run_after=2023-05-24T23:25:33.432921+00:00
[2023-05-24T23:25:33.502+0000] {processor.py:175} INFO - Processing /home/airflow/.local/lib/python3.7/site-packages/airflow/example_dags/example_latest_only_with_trigger.py took 0.280 seconds
[2023-05-24T23:26:03.775+0000] {processor.py:153} INFO - Started process (PID=744) to work on /home/airflow/.local/lib/python3.7/site-packages/airflow/example_dags/example_latest_only_with_trigger.py
[2023-05-24T23:26:03.786+0000] {processor.py:743} INFO - Processing file /home/airflow/.local/lib/python3.7/site-packages/airflow/example_dags/example_latest_only_with_trigger.py for tasks to queue
[2023-05-24T23:26:03.798+0000] {logging_mixin.py:137} INFO - [2023-05-24T23:26:03.793+0000] {dagbag.py:538} INFO - Filling up the DagBag from /home/airflow/.local/lib/python3.7/site-packages/airflow/example_dags/example_latest_only_with_trigger.py
[2023-05-24T23:26:03.856+0000] {processor.py:753} INFO - DAG(s) dict_keys(['latest_only_with_trigger']) retrieved from /home/airflow/.local/lib/python3.7/site-packages/airflow/example_dags/example_latest_only_with_trigger.py
[2023-05-24T23:26:03.953+0000] {logging_mixin.py:137} INFO - [2023-05-24T23:26:03.952+0000] {dag.py:2690} INFO - Sync 1 DAGs
[2023-05-24T23:26:04.034+0000] {logging_mixin.py:137} INFO - [2023-05-24T23:26:04.034+0000] {dag.py:3441} INFO - Setting next_dagrun for latest_only_with_trigger to 2023-05-24T19:26:04.033724+00:00, run_after=2023-05-24T23:26:04.033724+00:00
[2023-05-24T23:26:04.073+0000] {processor.py:175} INFO - Processing /home/airflow/.local/lib/python3.7/site-packages/airflow/example_dags/example_latest_only_with_trigger.py took 0.333 seconds
[2023-05-24T23:26:58.459+0000] {processor.py:153} INFO - Started process (PID=811) to work on /home/airflow/.local/lib/python3.7/site-packages/airflow/example_dags/example_latest_only_with_trigger.py
[2023-05-24T23:26:58.468+0000] {processor.py:743} INFO - Processing file /home/airflow/.local/lib/python3.7/site-packages/airflow/example_dags/example_latest_only_with_trigger.py for tasks to queue
[2023-05-24T23:26:58.502+0000] {logging_mixin.py:137} INFO - [2023-05-24T23:26:58.499+0000] {dagbag.py:538} INFO - Filling up the DagBag from /home/airflow/.local/lib/python3.7/site-packages/airflow/example_dags/example_latest_only_with_trigger.py
[2023-05-24T23:26:58.741+0000] {processor.py:753} INFO - DAG(s) dict_keys(['latest_only_with_trigger']) retrieved from /home/airflow/.local/lib/python3.7/site-packages/airflow/example_dags/example_latest_only_with_trigger.py
[2023-05-24T23:26:59.054+0000] {logging_mixin.py:137} INFO - [2023-05-24T23:26:59.054+0000] {dag.py:2690} INFO - Sync 1 DAGs
[2023-05-24T23:26:59.358+0000] {logging_mixin.py:137} INFO - [2023-05-24T23:26:59.357+0000] {dag.py:3441} INFO - Setting next_dagrun for latest_only_with_trigger to 2023-05-24T19:26:59.357616+00:00, run_after=2023-05-24T23:26:59.357616+00:00
[2023-05-24T23:26:59.503+0000] {processor.py:175} INFO - Processing /home/airflow/.local/lib/python3.7/site-packages/airflow/example_dags/example_latest_only_with_trigger.py took 1.102 seconds
[2023-05-24T23:27:30.513+0000] {processor.py:153} INFO - Started process (PID=871) to work on /home/airflow/.local/lib/python3.7/site-packages/airflow/example_dags/example_latest_only_with_trigger.py
[2023-05-24T23:27:30.524+0000] {processor.py:743} INFO - Processing file /home/airflow/.local/lib/python3.7/site-packages/airflow/example_dags/example_latest_only_with_trigger.py for tasks to queue
[2023-05-24T23:27:30.529+0000] {logging_mixin.py:137} INFO - [2023-05-24T23:27:30.529+0000] {dagbag.py:538} INFO - Filling up the DagBag from /home/airflow/.local/lib/python3.7/site-packages/airflow/example_dags/example_latest_only_with_trigger.py
[2023-05-24T23:27:30.610+0000] {processor.py:753} INFO - DAG(s) dict_keys(['latest_only_with_trigger']) retrieved from /home/airflow/.local/lib/python3.7/site-packages/airflow/example_dags/example_latest_only_with_trigger.py
[2023-05-24T23:27:30.836+0000] {logging_mixin.py:137} INFO - [2023-05-24T23:27:30.836+0000] {dag.py:2690} INFO - Sync 1 DAGs
[2023-05-24T23:27:31.656+0000] {logging_mixin.py:137} INFO - [2023-05-24T23:27:31.655+0000] {dag.py:3441} INFO - Setting next_dagrun for latest_only_with_trigger to 2023-05-24T19:27:31.655297+00:00, run_after=2023-05-24T23:27:31.655297+00:00
[2023-05-24T23:27:32.232+0000] {processor.py:175} INFO - Processing /home/airflow/.local/lib/python3.7/site-packages/airflow/example_dags/example_latest_only_with_trigger.py took 1.747 seconds
[2023-05-24T23:29:04.423+0000] {processor.py:153} INFO - Started process (PID=960) to work on /home/airflow/.local/lib/python3.7/site-packages/airflow/example_dags/example_latest_only_with_trigger.py
[2023-05-24T23:29:04.439+0000] {processor.py:743} INFO - Processing file /home/airflow/.local/lib/python3.7/site-packages/airflow/example_dags/example_latest_only_with_trigger.py for tasks to queue
[2023-05-24T23:29:04.453+0000] {logging_mixin.py:137} INFO - [2023-05-24T23:29:04.451+0000] {dagbag.py:538} INFO - Filling up the DagBag from /home/airflow/.local/lib/python3.7/site-packages/airflow/example_dags/example_latest_only_with_trigger.py
[2023-05-24T23:29:04.586+0000] {processor.py:753} INFO - DAG(s) dict_keys(['latest_only_with_trigger']) retrieved from /home/airflow/.local/lib/python3.7/site-packages/airflow/example_dags/example_latest_only_with_trigger.py
[2023-05-24T23:29:04.861+0000] {logging_mixin.py:137} INFO - [2023-05-24T23:29:04.860+0000] {dag.py:2690} INFO - Sync 1 DAGs
[2023-05-24T23:29:05.115+0000] {logging_mixin.py:137} INFO - [2023-05-24T23:29:05.115+0000] {dag.py:3441} INFO - Setting next_dagrun for latest_only_with_trigger to 2023-05-24T19:29:05.109282+00:00, run_after=2023-05-24T23:29:05.109282+00:00
[2023-05-24T23:29:05.276+0000] {processor.py:175} INFO - Processing /home/airflow/.local/lib/python3.7/site-packages/airflow/example_dags/example_latest_only_with_trigger.py took 0.894 seconds
[2023-05-24T23:29:35.633+0000] {processor.py:153} INFO - Started process (PID=1022) to work on /home/airflow/.local/lib/python3.7/site-packages/airflow/example_dags/example_latest_only_with_trigger.py
[2023-05-24T23:29:35.638+0000] {processor.py:743} INFO - Processing file /home/airflow/.local/lib/python3.7/site-packages/airflow/example_dags/example_latest_only_with_trigger.py for tasks to queue
[2023-05-24T23:29:35.644+0000] {logging_mixin.py:137} INFO - [2023-05-24T23:29:35.643+0000] {dagbag.py:538} INFO - Filling up the DagBag from /home/airflow/.local/lib/python3.7/site-packages/airflow/example_dags/example_latest_only_with_trigger.py
[2023-05-24T23:29:35.711+0000] {processor.py:753} INFO - DAG(s) dict_keys(['latest_only_with_trigger']) retrieved from /home/airflow/.local/lib/python3.7/site-packages/airflow/example_dags/example_latest_only_with_trigger.py
[2023-05-24T23:29:35.832+0000] {logging_mixin.py:137} INFO - [2023-05-24T23:29:35.831+0000] {dag.py:2690} INFO - Sync 1 DAGs
[2023-05-24T23:29:35.963+0000] {logging_mixin.py:137} INFO - [2023-05-24T23:29:35.962+0000] {dag.py:3441} INFO - Setting next_dagrun for latest_only_with_trigger to 2023-05-24T19:29:35.962568+00:00, run_after=2023-05-24T23:29:35.962568+00:00
[2023-05-24T23:29:36.017+0000] {processor.py:175} INFO - Processing /home/airflow/.local/lib/python3.7/site-packages/airflow/example_dags/example_latest_only_with_trigger.py took 0.398 seconds
[2023-05-24T23:30:06.700+0000] {processor.py:153} INFO - Started process (PID=1081) to work on /home/airflow/.local/lib/python3.7/site-packages/airflow/example_dags/example_latest_only_with_trigger.py
[2023-05-24T23:30:06.703+0000] {processor.py:743} INFO - Processing file /home/airflow/.local/lib/python3.7/site-packages/airflow/example_dags/example_latest_only_with_trigger.py for tasks to queue
[2023-05-24T23:30:06.706+0000] {logging_mixin.py:137} INFO - [2023-05-24T23:30:06.706+0000] {dagbag.py:538} INFO - Filling up the DagBag from /home/airflow/.local/lib/python3.7/site-packages/airflow/example_dags/example_latest_only_with_trigger.py
[2023-05-24T23:30:06.730+0000] {processor.py:753} INFO - DAG(s) dict_keys(['latest_only_with_trigger']) retrieved from /home/airflow/.local/lib/python3.7/site-packages/airflow/example_dags/example_latest_only_with_trigger.py
[2023-05-24T23:30:06.793+0000] {logging_mixin.py:137} INFO - [2023-05-24T23:30:06.793+0000] {dag.py:2690} INFO - Sync 1 DAGs
[2023-05-24T23:30:06.849+0000] {logging_mixin.py:137} INFO - [2023-05-24T23:30:06.849+0000] {dag.py:3441} INFO - Setting next_dagrun for latest_only_with_trigger to 2023-05-24T19:30:06.848849+00:00, run_after=2023-05-24T23:30:06.848849+00:00
[2023-05-24T23:30:06.899+0000] {processor.py:175} INFO - Processing /home/airflow/.local/lib/python3.7/site-packages/airflow/example_dags/example_latest_only_with_trigger.py took 0.207 seconds
[2023-05-24T23:30:37.101+0000] {processor.py:153} INFO - Started process (PID=1141) to work on /home/airflow/.local/lib/python3.7/site-packages/airflow/example_dags/example_latest_only_with_trigger.py
[2023-05-24T23:30:37.102+0000] {processor.py:743} INFO - Processing file /home/airflow/.local/lib/python3.7/site-packages/airflow/example_dags/example_latest_only_with_trigger.py for tasks to queue
[2023-05-24T23:30:37.105+0000] {logging_mixin.py:137} INFO - [2023-05-24T23:30:37.105+0000] {dagbag.py:538} INFO - Filling up the DagBag from /home/airflow/.local/lib/python3.7/site-packages/airflow/example_dags/example_latest_only_with_trigger.py
[2023-05-24T23:30:37.130+0000] {processor.py:753} INFO - DAG(s) dict_keys(['latest_only_with_trigger']) retrieved from /home/airflow/.local/lib/python3.7/site-packages/airflow/example_dags/example_latest_only_with_trigger.py
[2023-05-24T23:30:37.177+0000] {logging_mixin.py:137} INFO - [2023-05-24T23:30:37.177+0000] {dag.py:2690} INFO - Sync 1 DAGs
[2023-05-24T23:30:37.216+0000] {logging_mixin.py:137} INFO - [2023-05-24T23:30:37.216+0000] {dag.py:3441} INFO - Setting next_dagrun for latest_only_with_trigger to 2023-05-24T19:30:37.215960+00:00, run_after=2023-05-24T23:30:37.215960+00:00
[2023-05-24T23:30:37.246+0000] {processor.py:175} INFO - Processing /home/airflow/.local/lib/python3.7/site-packages/airflow/example_dags/example_latest_only_with_trigger.py took 0.153 seconds
[2023-05-24T23:33:55.343+0000] {processor.py:153} INFO - Started process (PID=67) to work on /home/airflow/.local/lib/python3.7/site-packages/airflow/example_dags/example_latest_only_with_trigger.py
[2023-05-24T23:33:55.352+0000] {processor.py:743} INFO - Processing file /home/airflow/.local/lib/python3.7/site-packages/airflow/example_dags/example_latest_only_with_trigger.py for tasks to queue
[2023-05-24T23:33:55.357+0000] {logging_mixin.py:137} INFO - [2023-05-24T23:33:55.356+0000] {dagbag.py:538} INFO - Filling up the DagBag from /home/airflow/.local/lib/python3.7/site-packages/airflow/example_dags/example_latest_only_with_trigger.py
[2023-05-24T23:33:55.498+0000] {processor.py:753} INFO - DAG(s) dict_keys(['latest_only_with_trigger']) retrieved from /home/airflow/.local/lib/python3.7/site-packages/airflow/example_dags/example_latest_only_with_trigger.py
[2023-05-24T23:33:55.598+0000] {logging_mixin.py:137} INFO - [2023-05-24T23:33:55.598+0000] {dag.py:2690} INFO - Sync 1 DAGs
[2023-05-24T23:33:55.856+0000] {logging_mixin.py:137} INFO - [2023-05-24T23:33:55.836+0000] {dag.py:3441} INFO - Setting next_dagrun for latest_only_with_trigger to 2023-05-24T19:33:55.835811+00:00, run_after=2023-05-24T23:33:55.835811+00:00
[2023-05-24T23:33:56.138+0000] {processor.py:175} INFO - Processing /home/airflow/.local/lib/python3.7/site-packages/airflow/example_dags/example_latest_only_with_trigger.py took 0.807 seconds
[2023-05-24T23:34:26.883+0000] {processor.py:153} INFO - Started process (PID=126) to work on /home/airflow/.local/lib/python3.7/site-packages/airflow/example_dags/example_latest_only_with_trigger.py
[2023-05-24T23:34:26.888+0000] {processor.py:743} INFO - Processing file /home/airflow/.local/lib/python3.7/site-packages/airflow/example_dags/example_latest_only_with_trigger.py for tasks to queue
[2023-05-24T23:34:26.891+0000] {logging_mixin.py:137} INFO - [2023-05-24T23:34:26.891+0000] {dagbag.py:538} INFO - Filling up the DagBag from /home/airflow/.local/lib/python3.7/site-packages/airflow/example_dags/example_latest_only_with_trigger.py
[2023-05-24T23:34:26.922+0000] {processor.py:753} INFO - DAG(s) dict_keys(['latest_only_with_trigger']) retrieved from /home/airflow/.local/lib/python3.7/site-packages/airflow/example_dags/example_latest_only_with_trigger.py
[2023-05-24T23:34:26.973+0000] {logging_mixin.py:137} INFO - [2023-05-24T23:34:26.973+0000] {dag.py:2690} INFO - Sync 1 DAGs
[2023-05-24T23:34:27.027+0000] {logging_mixin.py:137} INFO - [2023-05-24T23:34:27.026+0000] {dag.py:3441} INFO - Setting next_dagrun for latest_only_with_trigger to 2023-05-24T19:34:27.026549+00:00, run_after=2023-05-24T23:34:27.026549+00:00
[2023-05-24T23:34:27.068+0000] {processor.py:175} INFO - Processing /home/airflow/.local/lib/python3.7/site-packages/airflow/example_dags/example_latest_only_with_trigger.py took 0.193 seconds
[2023-05-24T23:35:01.330+0000] {processor.py:153} INFO - Started process (PID=185) to work on /home/airflow/.local/lib/python3.7/site-packages/airflow/example_dags/example_latest_only_with_trigger.py
[2023-05-24T23:35:01.345+0000] {processor.py:743} INFO - Processing file /home/airflow/.local/lib/python3.7/site-packages/airflow/example_dags/example_latest_only_with_trigger.py for tasks to queue
[2023-05-24T23:35:01.357+0000] {logging_mixin.py:137} INFO - [2023-05-24T23:35:01.356+0000] {dagbag.py:538} INFO - Filling up the DagBag from /home/airflow/.local/lib/python3.7/site-packages/airflow/example_dags/example_latest_only_with_trigger.py
[2023-05-24T23:35:01.486+0000] {processor.py:753} INFO - DAG(s) dict_keys(['latest_only_with_trigger']) retrieved from /home/airflow/.local/lib/python3.7/site-packages/airflow/example_dags/example_latest_only_with_trigger.py
[2023-05-24T23:35:01.746+0000] {logging_mixin.py:137} INFO - [2023-05-24T23:35:01.746+0000] {dag.py:2690} INFO - Sync 1 DAGs
[2023-05-24T23:35:02.072+0000] {logging_mixin.py:137} INFO - [2023-05-24T23:35:02.072+0000] {dag.py:3441} INFO - Setting next_dagrun for latest_only_with_trigger to 2023-05-24T19:35:02.071899+00:00, run_after=2023-05-24T23:35:02.071899+00:00
[2023-05-24T23:35:02.226+0000] {processor.py:175} INFO - Processing /home/airflow/.local/lib/python3.7/site-packages/airflow/example_dags/example_latest_only_with_trigger.py took 0.947 seconds
[2023-05-24T23:36:12.849+0000] {processor.py:153} INFO - Started process (PID=251) to work on /home/airflow/.local/lib/python3.7/site-packages/airflow/example_dags/example_latest_only_with_trigger.py
[2023-05-24T23:36:12.871+0000] {processor.py:743} INFO - Processing file /home/airflow/.local/lib/python3.7/site-packages/airflow/example_dags/example_latest_only_with_trigger.py for tasks to queue
[2023-05-24T23:36:12.879+0000] {logging_mixin.py:137} INFO - [2023-05-24T23:36:12.878+0000] {dagbag.py:538} INFO - Filling up the DagBag from /home/airflow/.local/lib/python3.7/site-packages/airflow/example_dags/example_latest_only_with_trigger.py
[2023-05-24T23:36:13.025+0000] {processor.py:753} INFO - DAG(s) dict_keys(['latest_only_with_trigger']) retrieved from /home/airflow/.local/lib/python3.7/site-packages/airflow/example_dags/example_latest_only_with_trigger.py
[2023-05-24T23:36:13.333+0000] {logging_mixin.py:137} INFO - [2023-05-24T23:36:13.333+0000] {dag.py:2690} INFO - Sync 1 DAGs
[2023-05-24T23:36:14.289+0000] {logging_mixin.py:137} INFO - [2023-05-24T23:36:14.288+0000] {dag.py:3441} INFO - Setting next_dagrun for latest_only_with_trigger to 2023-05-24T19:36:14.210685+00:00, run_after=2023-05-24T23:36:14.210685+00:00
[2023-05-24T23:36:14.699+0000] {processor.py:175} INFO - Processing /home/airflow/.local/lib/python3.7/site-packages/airflow/example_dags/example_latest_only_with_trigger.py took 1.865 seconds
[2023-05-24T23:37:22.418+0000] {processor.py:153} INFO - Started process (PID=331) to work on /home/airflow/.local/lib/python3.7/site-packages/airflow/example_dags/example_latest_only_with_trigger.py
[2023-05-24T23:37:22.423+0000] {processor.py:743} INFO - Processing file /home/airflow/.local/lib/python3.7/site-packages/airflow/example_dags/example_latest_only_with_trigger.py for tasks to queue
[2023-05-24T23:37:22.426+0000] {logging_mixin.py:137} INFO - [2023-05-24T23:37:22.426+0000] {dagbag.py:538} INFO - Filling up the DagBag from /home/airflow/.local/lib/python3.7/site-packages/airflow/example_dags/example_latest_only_with_trigger.py
[2023-05-24T23:37:22.506+0000] {processor.py:753} INFO - DAG(s) dict_keys(['latest_only_with_trigger']) retrieved from /home/airflow/.local/lib/python3.7/site-packages/airflow/example_dags/example_latest_only_with_trigger.py
[2023-05-24T23:37:22.630+0000] {logging_mixin.py:137} INFO - [2023-05-24T23:37:22.629+0000] {dag.py:2690} INFO - Sync 1 DAGs
[2023-05-24T23:37:22.780+0000] {logging_mixin.py:137} INFO - [2023-05-24T23:37:22.780+0000] {dag.py:3441} INFO - Setting next_dagrun for latest_only_with_trigger to 2023-05-24T19:37:22.779963+00:00, run_after=2023-05-24T23:37:22.779963+00:00
[2023-05-24T23:37:22.876+0000] {processor.py:175} INFO - Processing /home/airflow/.local/lib/python3.7/site-packages/airflow/example_dags/example_latest_only_with_trigger.py took 0.468 seconds
[2023-05-24T23:38:12.287+0000] {processor.py:153} INFO - Started process (PID=392) to work on /home/airflow/.local/lib/python3.7/site-packages/airflow/example_dags/example_latest_only_with_trigger.py
[2023-05-24T23:38:12.388+0000] {processor.py:743} INFO - Processing file /home/airflow/.local/lib/python3.7/site-packages/airflow/example_dags/example_latest_only_with_trigger.py for tasks to queue
[2023-05-24T23:38:12.411+0000] {logging_mixin.py:137} INFO - [2023-05-24T23:38:12.397+0000] {dagbag.py:538} INFO - Filling up the DagBag from /home/airflow/.local/lib/python3.7/site-packages/airflow/example_dags/example_latest_only_with_trigger.py
[2023-05-24T23:38:12.757+0000] {processor.py:753} INFO - DAG(s) dict_keys(['latest_only_with_trigger']) retrieved from /home/airflow/.local/lib/python3.7/site-packages/airflow/example_dags/example_latest_only_with_trigger.py
[2023-05-24T23:38:13.576+0000] {logging_mixin.py:137} INFO - [2023-05-24T23:38:13.576+0000] {dag.py:2690} INFO - Sync 1 DAGs
[2023-05-24T23:38:13.801+0000] {logging_mixin.py:137} INFO - [2023-05-24T23:38:13.800+0000] {dag.py:3441} INFO - Setting next_dagrun for latest_only_with_trigger to 2023-05-24T19:38:13.800494+00:00, run_after=2023-05-24T23:38:13.800494+00:00
[2023-05-24T23:38:14.724+0000] {processor.py:175} INFO - Processing /home/airflow/.local/lib/python3.7/site-packages/airflow/example_dags/example_latest_only_with_trigger.py took 2.663 seconds
[2023-05-24T23:39:43.551+0000] {processor.py:153} INFO - Started process (PID=468) to work on /home/airflow/.local/lib/python3.7/site-packages/airflow/example_dags/example_latest_only_with_trigger.py
[2023-05-24T23:39:43.564+0000] {processor.py:743} INFO - Processing file /home/airflow/.local/lib/python3.7/site-packages/airflow/example_dags/example_latest_only_with_trigger.py for tasks to queue
[2023-05-24T23:39:43.567+0000] {logging_mixin.py:137} INFO - [2023-05-24T23:39:43.567+0000] {dagbag.py:538} INFO - Filling up the DagBag from /home/airflow/.local/lib/python3.7/site-packages/airflow/example_dags/example_latest_only_with_trigger.py
[2023-05-24T23:39:44.133+0000] {processor.py:753} INFO - DAG(s) dict_keys(['latest_only_with_trigger']) retrieved from /home/airflow/.local/lib/python3.7/site-packages/airflow/example_dags/example_latest_only_with_trigger.py
[2023-05-24T23:39:44.995+0000] {logging_mixin.py:137} INFO - [2023-05-24T23:39:44.994+0000] {dag.py:2690} INFO - Sync 1 DAGs
[2023-05-24T23:39:45.750+0000] {logging_mixin.py:137} INFO - [2023-05-24T23:39:45.748+0000] {dag.py:3441} INFO - Setting next_dagrun for latest_only_with_trigger to 2023-05-24T19:39:45.735958+00:00, run_after=2023-05-24T23:39:45.735958+00:00
[2023-05-24T23:39:47.197+0000] {processor.py:175} INFO - Processing /home/airflow/.local/lib/python3.7/site-packages/airflow/example_dags/example_latest_only_with_trigger.py took 3.671 seconds
[2023-05-24T23:40:25.866+0000] {processor.py:153} INFO - Started process (PID=527) to work on /home/airflow/.local/lib/python3.7/site-packages/airflow/example_dags/example_latest_only_with_trigger.py
[2023-05-24T23:40:25.896+0000] {processor.py:743} INFO - Processing file /home/airflow/.local/lib/python3.7/site-packages/airflow/example_dags/example_latest_only_with_trigger.py for tasks to queue
[2023-05-24T23:40:25.901+0000] {logging_mixin.py:137} INFO - [2023-05-24T23:40:25.901+0000] {dagbag.py:538} INFO - Filling up the DagBag from /home/airflow/.local/lib/python3.7/site-packages/airflow/example_dags/example_latest_only_with_trigger.py
[2023-05-24T23:40:26.024+0000] {processor.py:753} INFO - DAG(s) dict_keys(['latest_only_with_trigger']) retrieved from /home/airflow/.local/lib/python3.7/site-packages/airflow/example_dags/example_latest_only_with_trigger.py
[2023-05-24T23:40:26.413+0000] {logging_mixin.py:137} INFO - [2023-05-24T23:40:26.413+0000] {dag.py:2690} INFO - Sync 1 DAGs
[2023-05-24T23:40:26.526+0000] {logging_mixin.py:137} INFO - [2023-05-24T23:40:26.526+0000] {dag.py:3441} INFO - Setting next_dagrun for latest_only_with_trigger to 2023-05-24T19:40:26.526332+00:00, run_after=2023-05-24T23:40:26.526332+00:00
[2023-05-24T23:40:26.664+0000] {processor.py:175} INFO - Processing /home/airflow/.local/lib/python3.7/site-packages/airflow/example_dags/example_latest_only_with_trigger.py took 0.897 seconds
[2023-05-24T23:40:56.844+0000] {processor.py:153} INFO - Started process (PID=586) to work on /home/airflow/.local/lib/python3.7/site-packages/airflow/example_dags/example_latest_only_with_trigger.py
[2023-05-24T23:40:56.846+0000] {processor.py:743} INFO - Processing file /home/airflow/.local/lib/python3.7/site-packages/airflow/example_dags/example_latest_only_with_trigger.py for tasks to queue
[2023-05-24T23:40:56.848+0000] {logging_mixin.py:137} INFO - [2023-05-24T23:40:56.848+0000] {dagbag.py:538} INFO - Filling up the DagBag from /home/airflow/.local/lib/python3.7/site-packages/airflow/example_dags/example_latest_only_with_trigger.py
[2023-05-24T23:40:56.866+0000] {processor.py:753} INFO - DAG(s) dict_keys(['latest_only_with_trigger']) retrieved from /home/airflow/.local/lib/python3.7/site-packages/airflow/example_dags/example_latest_only_with_trigger.py
[2023-05-24T23:40:56.901+0000] {logging_mixin.py:137} INFO - [2023-05-24T23:40:56.901+0000] {dag.py:2690} INFO - Sync 1 DAGs
[2023-05-24T23:40:56.938+0000] {logging_mixin.py:137} INFO - [2023-05-24T23:40:56.938+0000] {dag.py:3441} INFO - Setting next_dagrun for latest_only_with_trigger to 2023-05-24T19:40:56.937678+00:00, run_after=2023-05-24T23:40:56.937678+00:00
[2023-05-24T23:40:56.970+0000] {processor.py:175} INFO - Processing /home/airflow/.local/lib/python3.7/site-packages/airflow/example_dags/example_latest_only_with_trigger.py took 0.134 seconds
[2023-05-24T23:43:13.018+0000] {processor.py:153} INFO - Started process (PID=78) to work on /home/airflow/.local/lib/python3.7/site-packages/airflow/example_dags/example_latest_only_with_trigger.py
[2023-05-24T23:43:13.027+0000] {processor.py:743} INFO - Processing file /home/airflow/.local/lib/python3.7/site-packages/airflow/example_dags/example_latest_only_with_trigger.py for tasks to queue
[2023-05-24T23:43:13.029+0000] {logging_mixin.py:137} INFO - [2023-05-24T23:43:13.028+0000] {dagbag.py:538} INFO - Filling up the DagBag from /home/airflow/.local/lib/python3.7/site-packages/airflow/example_dags/example_latest_only_with_trigger.py
[2023-05-24T23:43:13.076+0000] {processor.py:753} INFO - DAG(s) dict_keys(['latest_only_with_trigger']) retrieved from /home/airflow/.local/lib/python3.7/site-packages/airflow/example_dags/example_latest_only_with_trigger.py
[2023-05-24T23:43:13.189+0000] {logging_mixin.py:137} INFO - [2023-05-24T23:43:13.189+0000] {dag.py:2690} INFO - Sync 1 DAGs
[2023-05-24T23:43:13.270+0000] {logging_mixin.py:137} INFO - [2023-05-24T23:43:13.270+0000] {dag.py:3441} INFO - Setting next_dagrun for latest_only_with_trigger to 2023-05-24T19:43:13.269972+00:00, run_after=2023-05-24T23:43:13.269972+00:00
[2023-05-24T23:43:13.313+0000] {processor.py:175} INFO - Processing /home/airflow/.local/lib/python3.7/site-packages/airflow/example_dags/example_latest_only_with_trigger.py took 0.299 seconds
[2023-05-24T23:43:51.334+0000] {processor.py:153} INFO - Started process (PID=137) to work on /home/airflow/.local/lib/python3.7/site-packages/airflow/example_dags/example_latest_only_with_trigger.py
[2023-05-24T23:43:51.350+0000] {processor.py:743} INFO - Processing file /home/airflow/.local/lib/python3.7/site-packages/airflow/example_dags/example_latest_only_with_trigger.py for tasks to queue
[2023-05-24T23:43:51.365+0000] {logging_mixin.py:137} INFO - [2023-05-24T23:43:51.357+0000] {dagbag.py:538} INFO - Filling up the DagBag from /home/airflow/.local/lib/python3.7/site-packages/airflow/example_dags/example_latest_only_with_trigger.py
[2023-05-24T23:43:51.567+0000] {processor.py:753} INFO - DAG(s) dict_keys(['latest_only_with_trigger']) retrieved from /home/airflow/.local/lib/python3.7/site-packages/airflow/example_dags/example_latest_only_with_trigger.py
[2023-05-24T23:43:51.844+0000] {logging_mixin.py:137} INFO - [2023-05-24T23:43:51.844+0000] {dag.py:2690} INFO - Sync 1 DAGs
[2023-05-24T23:43:52.305+0000] {logging_mixin.py:137} INFO - [2023-05-24T23:43:52.304+0000] {dag.py:3441} INFO - Setting next_dagrun for latest_only_with_trigger to 2023-05-24T19:43:52.225629+00:00, run_after=2023-05-24T23:43:52.225629+00:00
[2023-05-24T23:43:52.723+0000] {processor.py:175} INFO - Processing /home/airflow/.local/lib/python3.7/site-packages/airflow/example_dags/example_latest_only_with_trigger.py took 1.466 seconds
[2023-05-24T23:44:23.177+0000] {processor.py:153} INFO - Started process (PID=198) to work on /home/airflow/.local/lib/python3.7/site-packages/airflow/example_dags/example_latest_only_with_trigger.py
[2023-05-24T23:44:23.187+0000] {processor.py:743} INFO - Processing file /home/airflow/.local/lib/python3.7/site-packages/airflow/example_dags/example_latest_only_with_trigger.py for tasks to queue
[2023-05-24T23:44:23.189+0000] {logging_mixin.py:137} INFO - [2023-05-24T23:44:23.189+0000] {dagbag.py:538} INFO - Filling up the DagBag from /home/airflow/.local/lib/python3.7/site-packages/airflow/example_dags/example_latest_only_with_trigger.py
[2023-05-24T23:44:23.233+0000] {processor.py:753} INFO - DAG(s) dict_keys(['latest_only_with_trigger']) retrieved from /home/airflow/.local/lib/python3.7/site-packages/airflow/example_dags/example_latest_only_with_trigger.py
[2023-05-24T23:44:23.301+0000] {logging_mixin.py:137} INFO - [2023-05-24T23:44:23.300+0000] {dag.py:2690} INFO - Sync 1 DAGs
[2023-05-24T23:44:23.428+0000] {logging_mixin.py:137} INFO - [2023-05-24T23:44:23.428+0000] {dag.py:3441} INFO - Setting next_dagrun for latest_only_with_trigger to 2023-05-24T19:44:23.428113+00:00, run_after=2023-05-24T23:44:23.428113+00:00
[2023-05-24T23:44:23.533+0000] {processor.py:175} INFO - Processing /home/airflow/.local/lib/python3.7/site-packages/airflow/example_dags/example_latest_only_with_trigger.py took 0.370 seconds
[2023-05-24T23:44:53.664+0000] {processor.py:153} INFO - Started process (PID=257) to work on /home/airflow/.local/lib/python3.7/site-packages/airflow/example_dags/example_latest_only_with_trigger.py
[2023-05-24T23:44:53.667+0000] {processor.py:743} INFO - Processing file /home/airflow/.local/lib/python3.7/site-packages/airflow/example_dags/example_latest_only_with_trigger.py for tasks to queue
[2023-05-24T23:44:53.672+0000] {logging_mixin.py:137} INFO - [2023-05-24T23:44:53.671+0000] {dagbag.py:538} INFO - Filling up the DagBag from /home/airflow/.local/lib/python3.7/site-packages/airflow/example_dags/example_latest_only_with_trigger.py
[2023-05-24T23:44:53.709+0000] {processor.py:753} INFO - DAG(s) dict_keys(['latest_only_with_trigger']) retrieved from /home/airflow/.local/lib/python3.7/site-packages/airflow/example_dags/example_latest_only_with_trigger.py
[2023-05-24T23:44:53.780+0000] {logging_mixin.py:137} INFO - [2023-05-24T23:44:53.780+0000] {dag.py:2690} INFO - Sync 1 DAGs
[2023-05-24T23:44:53.844+0000] {logging_mixin.py:137} INFO - [2023-05-24T23:44:53.844+0000] {dag.py:3441} INFO - Setting next_dagrun for latest_only_with_trigger to 2023-05-24T19:44:53.843728+00:00, run_after=2023-05-24T23:44:53.843728+00:00
[2023-05-24T23:44:53.912+0000] {processor.py:175} INFO - Processing /home/airflow/.local/lib/python3.7/site-packages/airflow/example_dags/example_latest_only_with_trigger.py took 0.254 seconds
[2023-05-24T23:45:24.099+0000] {processor.py:153} INFO - Started process (PID=316) to work on /home/airflow/.local/lib/python3.7/site-packages/airflow/example_dags/example_latest_only_with_trigger.py
[2023-05-24T23:45:24.101+0000] {processor.py:743} INFO - Processing file /home/airflow/.local/lib/python3.7/site-packages/airflow/example_dags/example_latest_only_with_trigger.py for tasks to queue
[2023-05-24T23:45:24.105+0000] {logging_mixin.py:137} INFO - [2023-05-24T23:45:24.104+0000] {dagbag.py:538} INFO - Filling up the DagBag from /home/airflow/.local/lib/python3.7/site-packages/airflow/example_dags/example_latest_only_with_trigger.py
[2023-05-24T23:45:24.134+0000] {processor.py:753} INFO - DAG(s) dict_keys(['latest_only_with_trigger']) retrieved from /home/airflow/.local/lib/python3.7/site-packages/airflow/example_dags/example_latest_only_with_trigger.py
[2023-05-24T23:45:24.179+0000] {logging_mixin.py:137} INFO - [2023-05-24T23:45:24.179+0000] {dag.py:2690} INFO - Sync 1 DAGs
[2023-05-24T23:45:24.225+0000] {logging_mixin.py:137} INFO - [2023-05-24T23:45:24.225+0000] {dag.py:3441} INFO - Setting next_dagrun for latest_only_with_trigger to 2023-05-24T19:45:24.225133+00:00, run_after=2023-05-24T23:45:24.225133+00:00
[2023-05-24T23:45:24.256+0000] {processor.py:175} INFO - Processing /home/airflow/.local/lib/python3.7/site-packages/airflow/example_dags/example_latest_only_with_trigger.py took 0.164 seconds
[2023-05-24T23:45:54.467+0000] {processor.py:153} INFO - Started process (PID=376) to work on /home/airflow/.local/lib/python3.7/site-packages/airflow/example_dags/example_latest_only_with_trigger.py
[2023-05-24T23:45:54.471+0000] {processor.py:743} INFO - Processing file /home/airflow/.local/lib/python3.7/site-packages/airflow/example_dags/example_latest_only_with_trigger.py for tasks to queue
[2023-05-24T23:45:54.473+0000] {logging_mixin.py:137} INFO - [2023-05-24T23:45:54.473+0000] {dagbag.py:538} INFO - Filling up the DagBag from /home/airflow/.local/lib/python3.7/site-packages/airflow/example_dags/example_latest_only_with_trigger.py
[2023-05-24T23:45:54.507+0000] {processor.py:753} INFO - DAG(s) dict_keys(['latest_only_with_trigger']) retrieved from /home/airflow/.local/lib/python3.7/site-packages/airflow/example_dags/example_latest_only_with_trigger.py
[2023-05-24T23:45:54.545+0000] {logging_mixin.py:137} INFO - [2023-05-24T23:45:54.545+0000] {dag.py:2690} INFO - Sync 1 DAGs
[2023-05-24T23:45:54.588+0000] {logging_mixin.py:137} INFO - [2023-05-24T23:45:54.588+0000] {dag.py:3441} INFO - Setting next_dagrun for latest_only_with_trigger to 2023-05-24T19:45:54.588168+00:00, run_after=2023-05-24T23:45:54.588168+00:00
[2023-05-24T23:45:54.632+0000] {processor.py:175} INFO - Processing /home/airflow/.local/lib/python3.7/site-packages/airflow/example_dags/example_latest_only_with_trigger.py took 0.171 seconds
[2023-05-24T23:46:25.084+0000] {processor.py:153} INFO - Started process (PID=438) to work on /home/airflow/.local/lib/python3.7/site-packages/airflow/example_dags/example_latest_only_with_trigger.py
[2023-05-24T23:46:25.089+0000] {processor.py:743} INFO - Processing file /home/airflow/.local/lib/python3.7/site-packages/airflow/example_dags/example_latest_only_with_trigger.py for tasks to queue
[2023-05-24T23:46:25.091+0000] {logging_mixin.py:137} INFO - [2023-05-24T23:46:25.091+0000] {dagbag.py:538} INFO - Filling up the DagBag from /home/airflow/.local/lib/python3.7/site-packages/airflow/example_dags/example_latest_only_with_trigger.py
[2023-05-24T23:46:25.181+0000] {processor.py:753} INFO - DAG(s) dict_keys(['latest_only_with_trigger']) retrieved from /home/airflow/.local/lib/python3.7/site-packages/airflow/example_dags/example_latest_only_with_trigger.py
[2023-05-24T23:46:25.311+0000] {logging_mixin.py:137} INFO - [2023-05-24T23:46:25.311+0000] {dag.py:2690} INFO - Sync 1 DAGs
[2023-05-24T23:46:25.713+0000] {logging_mixin.py:137} INFO - [2023-05-24T23:46:25.713+0000] {dag.py:3441} INFO - Setting next_dagrun for latest_only_with_trigger to 2023-05-24T19:46:25.713013+00:00, run_after=2023-05-24T23:46:25.713013+00:00
[2023-05-24T23:46:25.846+0000] {processor.py:175} INFO - Processing /home/airflow/.local/lib/python3.7/site-packages/airflow/example_dags/example_latest_only_with_trigger.py took 0.783 seconds
[2023-05-24T23:46:56.313+0000] {processor.py:153} INFO - Started process (PID=498) to work on /home/airflow/.local/lib/python3.7/site-packages/airflow/example_dags/example_latest_only_with_trigger.py
[2023-05-24T23:46:56.322+0000] {processor.py:743} INFO - Processing file /home/airflow/.local/lib/python3.7/site-packages/airflow/example_dags/example_latest_only_with_trigger.py for tasks to queue
[2023-05-24T23:46:56.329+0000] {logging_mixin.py:137} INFO - [2023-05-24T23:46:56.329+0000] {dagbag.py:538} INFO - Filling up the DagBag from /home/airflow/.local/lib/python3.7/site-packages/airflow/example_dags/example_latest_only_with_trigger.py
[2023-05-24T23:46:56.527+0000] {processor.py:753} INFO - DAG(s) dict_keys(['latest_only_with_trigger']) retrieved from /home/airflow/.local/lib/python3.7/site-packages/airflow/example_dags/example_latest_only_with_trigger.py
[2023-05-24T23:46:56.697+0000] {logging_mixin.py:137} INFO - [2023-05-24T23:46:56.697+0000] {dag.py:2690} INFO - Sync 1 DAGs
[2023-05-24T23:46:56.861+0000] {logging_mixin.py:137} INFO - [2023-05-24T23:46:56.861+0000] {dag.py:3441} INFO - Setting next_dagrun for latest_only_with_trigger to 2023-05-24T19:46:56.861001+00:00, run_after=2023-05-24T23:46:56.861001+00:00
[2023-05-24T23:46:56.989+0000] {processor.py:175} INFO - Processing /home/airflow/.local/lib/python3.7/site-packages/airflow/example_dags/example_latest_only_with_trigger.py took 0.706 seconds
[2023-05-24T23:47:27.540+0000] {processor.py:153} INFO - Started process (PID=556) to work on /home/airflow/.local/lib/python3.7/site-packages/airflow/example_dags/example_latest_only_with_trigger.py
[2023-05-24T23:47:27.543+0000] {processor.py:743} INFO - Processing file /home/airflow/.local/lib/python3.7/site-packages/airflow/example_dags/example_latest_only_with_trigger.py for tasks to queue
[2023-05-24T23:47:27.548+0000] {logging_mixin.py:137} INFO - [2023-05-24T23:47:27.547+0000] {dagbag.py:538} INFO - Filling up the DagBag from /home/airflow/.local/lib/python3.7/site-packages/airflow/example_dags/example_latest_only_with_trigger.py
[2023-05-24T23:47:27.617+0000] {processor.py:753} INFO - DAG(s) dict_keys(['latest_only_with_trigger']) retrieved from /home/airflow/.local/lib/python3.7/site-packages/airflow/example_dags/example_latest_only_with_trigger.py
[2023-05-24T23:47:27.725+0000] {logging_mixin.py:137} INFO - [2023-05-24T23:47:27.725+0000] {dag.py:2690} INFO - Sync 1 DAGs
[2023-05-24T23:47:27.872+0000] {logging_mixin.py:137} INFO - [2023-05-24T23:47:27.872+0000] {dag.py:3441} INFO - Setting next_dagrun for latest_only_with_trigger to 2023-05-24T19:47:27.872046+00:00, run_after=2023-05-24T23:47:27.872046+00:00
[2023-05-24T23:47:27.943+0000] {processor.py:175} INFO - Processing /home/airflow/.local/lib/python3.7/site-packages/airflow/example_dags/example_latest_only_with_trigger.py took 0.416 seconds
[2023-05-24T23:48:03.484+0000] {processor.py:153} INFO - Started process (PID=627) to work on /home/airflow/.local/lib/python3.7/site-packages/airflow/example_dags/example_latest_only_with_trigger.py
[2023-05-24T23:48:03.486+0000] {processor.py:743} INFO - Processing file /home/airflow/.local/lib/python3.7/site-packages/airflow/example_dags/example_latest_only_with_trigger.py for tasks to queue
[2023-05-24T23:48:03.489+0000] {logging_mixin.py:137} INFO - [2023-05-24T23:48:03.489+0000] {dagbag.py:538} INFO - Filling up the DagBag from /home/airflow/.local/lib/python3.7/site-packages/airflow/example_dags/example_latest_only_with_trigger.py
[2023-05-24T23:48:03.547+0000] {processor.py:753} INFO - DAG(s) dict_keys(['latest_only_with_trigger']) retrieved from /home/airflow/.local/lib/python3.7/site-packages/airflow/example_dags/example_latest_only_with_trigger.py
[2023-05-24T23:48:03.594+0000] {logging_mixin.py:137} INFO - [2023-05-24T23:48:03.594+0000] {dag.py:2690} INFO - Sync 1 DAGs
[2023-05-24T23:48:03.690+0000] {logging_mixin.py:137} INFO - [2023-05-24T23:48:03.685+0000] {dag.py:3441} INFO - Setting next_dagrun for latest_only_with_trigger to 2023-05-24T19:48:03.684475+00:00, run_after=2023-05-24T23:48:03.684475+00:00
[2023-05-24T23:48:03.786+0000] {processor.py:175} INFO - Processing /home/airflow/.local/lib/python3.7/site-packages/airflow/example_dags/example_latest_only_with_trigger.py took 0.309 seconds
[2023-05-24T23:48:34.422+0000] {processor.py:153} INFO - Started process (PID=687) to work on /home/airflow/.local/lib/python3.7/site-packages/airflow/example_dags/example_latest_only_with_trigger.py
[2023-05-24T23:48:34.426+0000] {processor.py:743} INFO - Processing file /home/airflow/.local/lib/python3.7/site-packages/airflow/example_dags/example_latest_only_with_trigger.py for tasks to queue
[2023-05-24T23:48:34.429+0000] {logging_mixin.py:137} INFO - [2023-05-24T23:48:34.429+0000] {dagbag.py:538} INFO - Filling up the DagBag from /home/airflow/.local/lib/python3.7/site-packages/airflow/example_dags/example_latest_only_with_trigger.py
[2023-05-24T23:48:34.458+0000] {processor.py:753} INFO - DAG(s) dict_keys(['latest_only_with_trigger']) retrieved from /home/airflow/.local/lib/python3.7/site-packages/airflow/example_dags/example_latest_only_with_trigger.py
[2023-05-24T23:48:34.492+0000] {logging_mixin.py:137} INFO - [2023-05-24T23:48:34.492+0000] {dag.py:2690} INFO - Sync 1 DAGs
[2023-05-24T23:48:34.532+0000] {logging_mixin.py:137} INFO - [2023-05-24T23:48:34.532+0000] {dag.py:3441} INFO - Setting next_dagrun for latest_only_with_trigger to 2023-05-24T19:48:34.531925+00:00, run_after=2023-05-24T23:48:34.531925+00:00
[2023-05-24T23:48:34.563+0000] {processor.py:175} INFO - Processing /home/airflow/.local/lib/python3.7/site-packages/airflow/example_dags/example_latest_only_with_trigger.py took 0.155 seconds
[2023-05-24T23:49:04.681+0000] {processor.py:153} INFO - Started process (PID=746) to work on /home/airflow/.local/lib/python3.7/site-packages/airflow/example_dags/example_latest_only_with_trigger.py
[2023-05-24T23:49:04.684+0000] {processor.py:743} INFO - Processing file /home/airflow/.local/lib/python3.7/site-packages/airflow/example_dags/example_latest_only_with_trigger.py for tasks to queue
[2023-05-24T23:49:04.687+0000] {logging_mixin.py:137} INFO - [2023-05-24T23:49:04.687+0000] {dagbag.py:538} INFO - Filling up the DagBag from /home/airflow/.local/lib/python3.7/site-packages/airflow/example_dags/example_latest_only_with_trigger.py
[2023-05-24T23:49:04.713+0000] {processor.py:753} INFO - DAG(s) dict_keys(['latest_only_with_trigger']) retrieved from /home/airflow/.local/lib/python3.7/site-packages/airflow/example_dags/example_latest_only_with_trigger.py
[2023-05-24T23:49:04.760+0000] {logging_mixin.py:137} INFO - [2023-05-24T23:49:04.759+0000] {dag.py:2690} INFO - Sync 1 DAGs
[2023-05-24T23:49:04.804+0000] {logging_mixin.py:137} INFO - [2023-05-24T23:49:04.803+0000] {dag.py:3441} INFO - Setting next_dagrun for latest_only_with_trigger to 2023-05-24T19:49:04.802790+00:00, run_after=2023-05-24T23:49:04.802790+00:00
[2023-05-24T23:49:04.850+0000] {processor.py:175} INFO - Processing /home/airflow/.local/lib/python3.7/site-packages/airflow/example_dags/example_latest_only_with_trigger.py took 0.176 seconds
[2023-05-24T23:49:35.992+0000] {processor.py:153} INFO - Started process (PID=806) to work on /home/airflow/.local/lib/python3.7/site-packages/airflow/example_dags/example_latest_only_with_trigger.py
[2023-05-24T23:49:35.995+0000] {processor.py:743} INFO - Processing file /home/airflow/.local/lib/python3.7/site-packages/airflow/example_dags/example_latest_only_with_trigger.py for tasks to queue
[2023-05-24T23:49:35.998+0000] {logging_mixin.py:137} INFO - [2023-05-24T23:49:35.998+0000] {dagbag.py:538} INFO - Filling up the DagBag from /home/airflow/.local/lib/python3.7/site-packages/airflow/example_dags/example_latest_only_with_trigger.py
[2023-05-24T23:49:36.025+0000] {processor.py:753} INFO - DAG(s) dict_keys(['latest_only_with_trigger']) retrieved from /home/airflow/.local/lib/python3.7/site-packages/airflow/example_dags/example_latest_only_with_trigger.py
[2023-05-24T23:49:36.084+0000] {logging_mixin.py:137} INFO - [2023-05-24T23:49:36.084+0000] {dag.py:2690} INFO - Sync 1 DAGs
[2023-05-24T23:49:36.175+0000] {logging_mixin.py:137} INFO - [2023-05-24T23:49:36.175+0000] {dag.py:3441} INFO - Setting next_dagrun for latest_only_with_trigger to 2023-05-24T19:49:36.175047+00:00, run_after=2023-05-24T23:49:36.175047+00:00
[2023-05-24T23:49:36.236+0000] {processor.py:175} INFO - Processing /home/airflow/.local/lib/python3.7/site-packages/airflow/example_dags/example_latest_only_with_trigger.py took 0.251 seconds
[2023-05-24T23:50:07.203+0000] {processor.py:153} INFO - Started process (PID=864) to work on /home/airflow/.local/lib/python3.7/site-packages/airflow/example_dags/example_latest_only_with_trigger.py
[2023-05-24T23:50:07.208+0000] {processor.py:743} INFO - Processing file /home/airflow/.local/lib/python3.7/site-packages/airflow/example_dags/example_latest_only_with_trigger.py for tasks to queue
[2023-05-24T23:50:07.212+0000] {logging_mixin.py:137} INFO - [2023-05-24T23:50:07.212+0000] {dagbag.py:538} INFO - Filling up the DagBag from /home/airflow/.local/lib/python3.7/site-packages/airflow/example_dags/example_latest_only_with_trigger.py
[2023-05-24T23:50:07.257+0000] {processor.py:753} INFO - DAG(s) dict_keys(['latest_only_with_trigger']) retrieved from /home/airflow/.local/lib/python3.7/site-packages/airflow/example_dags/example_latest_only_with_trigger.py
[2023-05-24T23:50:07.332+0000] {logging_mixin.py:137} INFO - [2023-05-24T23:50:07.332+0000] {dag.py:2690} INFO - Sync 1 DAGs
[2023-05-24T23:50:07.393+0000] {logging_mixin.py:137} INFO - [2023-05-24T23:50:07.393+0000] {dag.py:3441} INFO - Setting next_dagrun for latest_only_with_trigger to 2023-05-24T19:50:07.392979+00:00, run_after=2023-05-24T23:50:07.392979+00:00
[2023-05-24T23:50:07.484+0000] {processor.py:175} INFO - Processing /home/airflow/.local/lib/python3.7/site-packages/airflow/example_dags/example_latest_only_with_trigger.py took 0.289 seconds
[2023-05-24T23:50:38.547+0000] {processor.py:153} INFO - Started process (PID=930) to work on /home/airflow/.local/lib/python3.7/site-packages/airflow/example_dags/example_latest_only_with_trigger.py
[2023-05-24T23:50:38.550+0000] {processor.py:743} INFO - Processing file /home/airflow/.local/lib/python3.7/site-packages/airflow/example_dags/example_latest_only_with_trigger.py for tasks to queue
[2023-05-24T23:50:38.557+0000] {logging_mixin.py:137} INFO - [2023-05-24T23:50:38.556+0000] {dagbag.py:538} INFO - Filling up the DagBag from /home/airflow/.local/lib/python3.7/site-packages/airflow/example_dags/example_latest_only_with_trigger.py
[2023-05-24T23:50:38.654+0000] {processor.py:753} INFO - DAG(s) dict_keys(['latest_only_with_trigger']) retrieved from /home/airflow/.local/lib/python3.7/site-packages/airflow/example_dags/example_latest_only_with_trigger.py
[2023-05-24T23:50:38.872+0000] {logging_mixin.py:137} INFO - [2023-05-24T23:50:38.871+0000] {dag.py:2690} INFO - Sync 1 DAGs
[2023-05-24T23:50:39.000+0000] {logging_mixin.py:137} INFO - [2023-05-24T23:50:38.999+0000] {dag.py:3441} INFO - Setting next_dagrun for latest_only_with_trigger to 2023-05-24T19:50:38.999498+00:00, run_after=2023-05-24T23:50:38.999498+00:00
[2023-05-24T23:50:39.208+0000] {processor.py:175} INFO - Processing /home/airflow/.local/lib/python3.7/site-packages/airflow/example_dags/example_latest_only_with_trigger.py took 0.682 seconds
[2023-05-24T23:51:12.557+0000] {processor.py:153} INFO - Started process (PID=994) to work on /home/airflow/.local/lib/python3.7/site-packages/airflow/example_dags/example_latest_only_with_trigger.py
[2023-05-24T23:51:12.586+0000] {processor.py:743} INFO - Processing file /home/airflow/.local/lib/python3.7/site-packages/airflow/example_dags/example_latest_only_with_trigger.py for tasks to queue
[2023-05-24T23:51:12.590+0000] {logging_mixin.py:137} INFO - [2023-05-24T23:51:12.590+0000] {dagbag.py:538} INFO - Filling up the DagBag from /home/airflow/.local/lib/python3.7/site-packages/airflow/example_dags/example_latest_only_with_trigger.py
[2023-05-24T23:51:12.688+0000] {processor.py:753} INFO - DAG(s) dict_keys(['latest_only_with_trigger']) retrieved from /home/airflow/.local/lib/python3.7/site-packages/airflow/example_dags/example_latest_only_with_trigger.py
[2023-05-24T23:51:12.808+0000] {logging_mixin.py:137} INFO - [2023-05-24T23:51:12.806+0000] {dag.py:2690} INFO - Sync 1 DAGs
[2023-05-24T23:51:12.867+0000] {logging_mixin.py:137} INFO - [2023-05-24T23:51:12.867+0000] {dag.py:3441} INFO - Setting next_dagrun for latest_only_with_trigger to 2023-05-24T19:51:12.866771+00:00, run_after=2023-05-24T23:51:12.866771+00:00
[2023-05-24T23:51:12.924+0000] {processor.py:175} INFO - Processing /home/airflow/.local/lib/python3.7/site-packages/airflow/example_dags/example_latest_only_with_trigger.py took 0.413 seconds
[2023-05-24T23:51:43.825+0000] {processor.py:153} INFO - Started process (PID=1054) to work on /home/airflow/.local/lib/python3.7/site-packages/airflow/example_dags/example_latest_only_with_trigger.py
[2023-05-24T23:51:43.828+0000] {processor.py:743} INFO - Processing file /home/airflow/.local/lib/python3.7/site-packages/airflow/example_dags/example_latest_only_with_trigger.py for tasks to queue
[2023-05-24T23:51:43.838+0000] {logging_mixin.py:137} INFO - [2023-05-24T23:51:43.838+0000] {dagbag.py:538} INFO - Filling up the DagBag from /home/airflow/.local/lib/python3.7/site-packages/airflow/example_dags/example_latest_only_with_trigger.py
[2023-05-24T23:51:44.071+0000] {processor.py:753} INFO - DAG(s) dict_keys(['latest_only_with_trigger']) retrieved from /home/airflow/.local/lib/python3.7/site-packages/airflow/example_dags/example_latest_only_with_trigger.py
[2023-05-24T23:51:44.228+0000] {logging_mixin.py:137} INFO - [2023-05-24T23:51:44.227+0000] {dag.py:2690} INFO - Sync 1 DAGs
[2023-05-24T23:51:44.367+0000] {logging_mixin.py:137} INFO - [2023-05-24T23:51:44.366+0000] {dag.py:3441} INFO - Setting next_dagrun for latest_only_with_trigger to 2023-05-24T19:51:44.366345+00:00, run_after=2023-05-24T23:51:44.366345+00:00
[2023-05-24T23:51:44.443+0000] {processor.py:175} INFO - Processing /home/airflow/.local/lib/python3.7/site-packages/airflow/example_dags/example_latest_only_with_trigger.py took 0.649 seconds
[2023-05-24T23:52:15.238+0000] {processor.py:153} INFO - Started process (PID=1118) to work on /home/airflow/.local/lib/python3.7/site-packages/airflow/example_dags/example_latest_only_with_trigger.py
[2023-05-24T23:52:15.242+0000] {processor.py:743} INFO - Processing file /home/airflow/.local/lib/python3.7/site-packages/airflow/example_dags/example_latest_only_with_trigger.py for tasks to queue
[2023-05-24T23:52:15.250+0000] {logging_mixin.py:137} INFO - [2023-05-24T23:52:15.249+0000] {dagbag.py:538} INFO - Filling up the DagBag from /home/airflow/.local/lib/python3.7/site-packages/airflow/example_dags/example_latest_only_with_trigger.py
[2023-05-24T23:52:15.291+0000] {processor.py:753} INFO - DAG(s) dict_keys(['latest_only_with_trigger']) retrieved from /home/airflow/.local/lib/python3.7/site-packages/airflow/example_dags/example_latest_only_with_trigger.py
[2023-05-24T23:52:15.373+0000] {logging_mixin.py:137} INFO - [2023-05-24T23:52:15.373+0000] {dag.py:2690} INFO - Sync 1 DAGs
[2023-05-24T23:52:15.433+0000] {logging_mixin.py:137} INFO - [2023-05-24T23:52:15.433+0000] {dag.py:3441} INFO - Setting next_dagrun for latest_only_with_trigger to 2023-05-24T19:52:15.432503+00:00, run_after=2023-05-24T23:52:15.432503+00:00
[2023-05-24T23:52:15.474+0000] {processor.py:175} INFO - Processing /home/airflow/.local/lib/python3.7/site-packages/airflow/example_dags/example_latest_only_with_trigger.py took 0.250 seconds
[2023-05-24T23:52:46.037+0000] {processor.py:153} INFO - Started process (PID=1178) to work on /home/airflow/.local/lib/python3.7/site-packages/airflow/example_dags/example_latest_only_with_trigger.py
[2023-05-24T23:52:46.048+0000] {processor.py:743} INFO - Processing file /home/airflow/.local/lib/python3.7/site-packages/airflow/example_dags/example_latest_only_with_trigger.py for tasks to queue
[2023-05-24T23:52:46.056+0000] {logging_mixin.py:137} INFO - [2023-05-24T23:52:46.054+0000] {dagbag.py:538} INFO - Filling up the DagBag from /home/airflow/.local/lib/python3.7/site-packages/airflow/example_dags/example_latest_only_with_trigger.py
[2023-05-24T23:52:46.172+0000] {processor.py:753} INFO - DAG(s) dict_keys(['latest_only_with_trigger']) retrieved from /home/airflow/.local/lib/python3.7/site-packages/airflow/example_dags/example_latest_only_with_trigger.py
[2023-05-24T23:52:46.337+0000] {logging_mixin.py:137} INFO - [2023-05-24T23:52:46.336+0000] {dag.py:2690} INFO - Sync 1 DAGs
[2023-05-24T23:52:46.532+0000] {logging_mixin.py:137} INFO - [2023-05-24T23:52:46.531+0000] {dag.py:3441} INFO - Setting next_dagrun for latest_only_with_trigger to 2023-05-24T19:52:46.531659+00:00, run_after=2023-05-24T23:52:46.531659+00:00
[2023-05-24T23:52:46.697+0000] {processor.py:175} INFO - Processing /home/airflow/.local/lib/python3.7/site-packages/airflow/example_dags/example_latest_only_with_trigger.py took 0.685 seconds
[2023-05-24T23:53:17.007+0000] {processor.py:153} INFO - Started process (PID=1237) to work on /home/airflow/.local/lib/python3.7/site-packages/airflow/example_dags/example_latest_only_with_trigger.py
[2023-05-24T23:53:17.011+0000] {processor.py:743} INFO - Processing file /home/airflow/.local/lib/python3.7/site-packages/airflow/example_dags/example_latest_only_with_trigger.py for tasks to queue
[2023-05-24T23:53:17.015+0000] {logging_mixin.py:137} INFO - [2023-05-24T23:53:17.014+0000] {dagbag.py:538} INFO - Filling up the DagBag from /home/airflow/.local/lib/python3.7/site-packages/airflow/example_dags/example_latest_only_with_trigger.py
[2023-05-24T23:53:17.048+0000] {processor.py:753} INFO - DAG(s) dict_keys(['latest_only_with_trigger']) retrieved from /home/airflow/.local/lib/python3.7/site-packages/airflow/example_dags/example_latest_only_with_trigger.py
[2023-05-24T23:53:17.092+0000] {logging_mixin.py:137} INFO - [2023-05-24T23:53:17.091+0000] {dag.py:2690} INFO - Sync 1 DAGs
[2023-05-24T23:53:17.137+0000] {logging_mixin.py:137} INFO - [2023-05-24T23:53:17.136+0000] {dag.py:3441} INFO - Setting next_dagrun for latest_only_with_trigger to 2023-05-24T19:53:17.136378+00:00, run_after=2023-05-24T23:53:17.136378+00:00
[2023-05-24T23:53:17.172+0000] {processor.py:175} INFO - Processing /home/airflow/.local/lib/python3.7/site-packages/airflow/example_dags/example_latest_only_with_trigger.py took 0.172 seconds
[2023-05-24T23:53:47.852+0000] {processor.py:153} INFO - Started process (PID=1298) to work on /home/airflow/.local/lib/python3.7/site-packages/airflow/example_dags/example_latest_only_with_trigger.py
[2023-05-24T23:53:47.855+0000] {processor.py:743} INFO - Processing file /home/airflow/.local/lib/python3.7/site-packages/airflow/example_dags/example_latest_only_with_trigger.py for tasks to queue
[2023-05-24T23:53:47.857+0000] {logging_mixin.py:137} INFO - [2023-05-24T23:53:47.857+0000] {dagbag.py:538} INFO - Filling up the DagBag from /home/airflow/.local/lib/python3.7/site-packages/airflow/example_dags/example_latest_only_with_trigger.py
[2023-05-24T23:53:47.898+0000] {processor.py:753} INFO - DAG(s) dict_keys(['latest_only_with_trigger']) retrieved from /home/airflow/.local/lib/python3.7/site-packages/airflow/example_dags/example_latest_only_with_trigger.py
[2023-05-24T23:53:47.954+0000] {logging_mixin.py:137} INFO - [2023-05-24T23:53:47.953+0000] {dag.py:2690} INFO - Sync 1 DAGs
[2023-05-24T23:53:48.001+0000] {logging_mixin.py:137} INFO - [2023-05-24T23:53:48.000+0000] {dag.py:3441} INFO - Setting next_dagrun for latest_only_with_trigger to 2023-05-24T19:53:48.000565+00:00, run_after=2023-05-24T23:53:48.000565+00:00
[2023-05-24T23:53:48.033+0000] {processor.py:175} INFO - Processing /home/airflow/.local/lib/python3.7/site-packages/airflow/example_dags/example_latest_only_with_trigger.py took 0.188 seconds
[2023-05-24T23:54:18.227+0000] {processor.py:153} INFO - Started process (PID=1358) to work on /home/airflow/.local/lib/python3.7/site-packages/airflow/example_dags/example_latest_only_with_trigger.py
[2023-05-24T23:54:18.246+0000] {processor.py:743} INFO - Processing file /home/airflow/.local/lib/python3.7/site-packages/airflow/example_dags/example_latest_only_with_trigger.py for tasks to queue
[2023-05-24T23:54:18.252+0000] {logging_mixin.py:137} INFO - [2023-05-24T23:54:18.251+0000] {dagbag.py:538} INFO - Filling up the DagBag from /home/airflow/.local/lib/python3.7/site-packages/airflow/example_dags/example_latest_only_with_trigger.py
[2023-05-24T23:54:18.311+0000] {processor.py:753} INFO - DAG(s) dict_keys(['latest_only_with_trigger']) retrieved from /home/airflow/.local/lib/python3.7/site-packages/airflow/example_dags/example_latest_only_with_trigger.py
[2023-05-24T23:54:18.389+0000] {logging_mixin.py:137} INFO - [2023-05-24T23:54:18.389+0000] {dag.py:2690} INFO - Sync 1 DAGs
[2023-05-24T23:54:18.473+0000] {logging_mixin.py:137} INFO - [2023-05-24T23:54:18.473+0000] {dag.py:3441} INFO - Setting next_dagrun for latest_only_with_trigger to 2023-05-24T19:54:18.472056+00:00, run_after=2023-05-24T23:54:18.472056+00:00
[2023-05-24T23:54:18.541+0000] {processor.py:175} INFO - Processing /home/airflow/.local/lib/python3.7/site-packages/airflow/example_dags/example_latest_only_with_trigger.py took 0.326 seconds
[2023-05-24T23:54:49.292+0000] {processor.py:153} INFO - Started process (PID=1416) to work on /home/airflow/.local/lib/python3.7/site-packages/airflow/example_dags/example_latest_only_with_trigger.py
[2023-05-24T23:54:49.299+0000] {processor.py:743} INFO - Processing file /home/airflow/.local/lib/python3.7/site-packages/airflow/example_dags/example_latest_only_with_trigger.py for tasks to queue
[2023-05-24T23:54:49.302+0000] {logging_mixin.py:137} INFO - [2023-05-24T23:54:49.301+0000] {dagbag.py:538} INFO - Filling up the DagBag from /home/airflow/.local/lib/python3.7/site-packages/airflow/example_dags/example_latest_only_with_trigger.py
[2023-05-24T23:54:49.327+0000] {processor.py:753} INFO - DAG(s) dict_keys(['latest_only_with_trigger']) retrieved from /home/airflow/.local/lib/python3.7/site-packages/airflow/example_dags/example_latest_only_with_trigger.py
[2023-05-24T23:54:49.412+0000] {logging_mixin.py:137} INFO - [2023-05-24T23:54:49.409+0000] {dag.py:2690} INFO - Sync 1 DAGs
[2023-05-24T23:54:49.521+0000] {logging_mixin.py:137} INFO - [2023-05-24T23:54:49.520+0000] {dag.py:3441} INFO - Setting next_dagrun for latest_only_with_trigger to 2023-05-24T19:54:49.519810+00:00, run_after=2023-05-24T23:54:49.519810+00:00
[2023-05-24T23:54:49.612+0000] {processor.py:175} INFO - Processing /home/airflow/.local/lib/python3.7/site-packages/airflow/example_dags/example_latest_only_with_trigger.py took 0.330 seconds
[2023-05-24T23:55:19.967+0000] {processor.py:153} INFO - Started process (PID=1477) to work on /home/airflow/.local/lib/python3.7/site-packages/airflow/example_dags/example_latest_only_with_trigger.py
[2023-05-24T23:55:19.979+0000] {processor.py:743} INFO - Processing file /home/airflow/.local/lib/python3.7/site-packages/airflow/example_dags/example_latest_only_with_trigger.py for tasks to queue
[2023-05-24T23:55:19.984+0000] {logging_mixin.py:137} INFO - [2023-05-24T23:55:19.984+0000] {dagbag.py:538} INFO - Filling up the DagBag from /home/airflow/.local/lib/python3.7/site-packages/airflow/example_dags/example_latest_only_with_trigger.py
[2023-05-24T23:55:20.108+0000] {processor.py:753} INFO - DAG(s) dict_keys(['latest_only_with_trigger']) retrieved from /home/airflow/.local/lib/python3.7/site-packages/airflow/example_dags/example_latest_only_with_trigger.py
[2023-05-24T23:55:20.290+0000] {logging_mixin.py:137} INFO - [2023-05-24T23:55:20.289+0000] {dag.py:2690} INFO - Sync 1 DAGs
[2023-05-24T23:55:20.449+0000] {logging_mixin.py:137} INFO - [2023-05-24T23:55:20.449+0000] {dag.py:3441} INFO - Setting next_dagrun for latest_only_with_trigger to 2023-05-24T19:55:20.448673+00:00, run_after=2023-05-24T23:55:20.448673+00:00
[2023-05-24T23:55:20.606+0000] {processor.py:175} INFO - Processing /home/airflow/.local/lib/python3.7/site-packages/airflow/example_dags/example_latest_only_with_trigger.py took 0.645 seconds
[2023-05-24T23:55:50.742+0000] {processor.py:153} INFO - Started process (PID=1536) to work on /home/airflow/.local/lib/python3.7/site-packages/airflow/example_dags/example_latest_only_with_trigger.py
[2023-05-24T23:55:50.745+0000] {processor.py:743} INFO - Processing file /home/airflow/.local/lib/python3.7/site-packages/airflow/example_dags/example_latest_only_with_trigger.py for tasks to queue
[2023-05-24T23:55:50.747+0000] {logging_mixin.py:137} INFO - [2023-05-24T23:55:50.747+0000] {dagbag.py:538} INFO - Filling up the DagBag from /home/airflow/.local/lib/python3.7/site-packages/airflow/example_dags/example_latest_only_with_trigger.py
[2023-05-24T23:55:50.787+0000] {processor.py:753} INFO - DAG(s) dict_keys(['latest_only_with_trigger']) retrieved from /home/airflow/.local/lib/python3.7/site-packages/airflow/example_dags/example_latest_only_with_trigger.py
[2023-05-24T23:55:50.838+0000] {logging_mixin.py:137} INFO - [2023-05-24T23:55:50.838+0000] {dag.py:2690} INFO - Sync 1 DAGs
[2023-05-24T23:55:50.889+0000] {logging_mixin.py:137} INFO - [2023-05-24T23:55:50.889+0000] {dag.py:3441} INFO - Setting next_dagrun for latest_only_with_trigger to 2023-05-24T19:55:50.888722+00:00, run_after=2023-05-24T23:55:50.888722+00:00
[2023-05-24T23:55:50.954+0000] {processor.py:175} INFO - Processing /home/airflow/.local/lib/python3.7/site-packages/airflow/example_dags/example_latest_only_with_trigger.py took 0.216 seconds
[2023-05-24T23:56:21.491+0000] {processor.py:153} INFO - Started process (PID=1596) to work on /home/airflow/.local/lib/python3.7/site-packages/airflow/example_dags/example_latest_only_with_trigger.py
[2023-05-24T23:56:21.508+0000] {processor.py:743} INFO - Processing file /home/airflow/.local/lib/python3.7/site-packages/airflow/example_dags/example_latest_only_with_trigger.py for tasks to queue
[2023-05-24T23:56:21.521+0000] {logging_mixin.py:137} INFO - [2023-05-24T23:56:21.520+0000] {dagbag.py:538} INFO - Filling up the DagBag from /home/airflow/.local/lib/python3.7/site-packages/airflow/example_dags/example_latest_only_with_trigger.py
[2023-05-24T23:56:21.650+0000] {processor.py:753} INFO - DAG(s) dict_keys(['latest_only_with_trigger']) retrieved from /home/airflow/.local/lib/python3.7/site-packages/airflow/example_dags/example_latest_only_with_trigger.py
[2023-05-24T23:56:21.805+0000] {logging_mixin.py:137} INFO - [2023-05-24T23:56:21.805+0000] {dag.py:2690} INFO - Sync 1 DAGs
[2023-05-24T23:56:21.897+0000] {logging_mixin.py:137} INFO - [2023-05-24T23:56:21.897+0000] {dag.py:3441} INFO - Setting next_dagrun for latest_only_with_trigger to 2023-05-24T19:56:21.897430+00:00, run_after=2023-05-24T23:56:21.897430+00:00
[2023-05-24T23:56:21.935+0000] {processor.py:175} INFO - Processing /home/airflow/.local/lib/python3.7/site-packages/airflow/example_dags/example_latest_only_with_trigger.py took 0.456 seconds
[2023-05-24T23:56:52.115+0000] {processor.py:153} INFO - Started process (PID=1656) to work on /home/airflow/.local/lib/python3.7/site-packages/airflow/example_dags/example_latest_only_with_trigger.py
[2023-05-24T23:56:52.119+0000] {processor.py:743} INFO - Processing file /home/airflow/.local/lib/python3.7/site-packages/airflow/example_dags/example_latest_only_with_trigger.py for tasks to queue
[2023-05-24T23:56:52.122+0000] {logging_mixin.py:137} INFO - [2023-05-24T23:56:52.122+0000] {dagbag.py:538} INFO - Filling up the DagBag from /home/airflow/.local/lib/python3.7/site-packages/airflow/example_dags/example_latest_only_with_trigger.py
[2023-05-24T23:56:52.183+0000] {processor.py:753} INFO - DAG(s) dict_keys(['latest_only_with_trigger']) retrieved from /home/airflow/.local/lib/python3.7/site-packages/airflow/example_dags/example_latest_only_with_trigger.py
[2023-05-24T23:56:52.298+0000] {logging_mixin.py:137} INFO - [2023-05-24T23:56:52.296+0000] {dag.py:2690} INFO - Sync 1 DAGs
[2023-05-24T23:56:52.415+0000] {logging_mixin.py:137} INFO - [2023-05-24T23:56:52.415+0000] {dag.py:3441} INFO - Setting next_dagrun for latest_only_with_trigger to 2023-05-24T19:56:52.415288+00:00, run_after=2023-05-24T23:56:52.415288+00:00
[2023-05-24T23:56:52.504+0000] {processor.py:175} INFO - Processing /home/airflow/.local/lib/python3.7/site-packages/airflow/example_dags/example_latest_only_with_trigger.py took 0.418 seconds
[2023-05-24T23:57:22.994+0000] {processor.py:153} INFO - Started process (PID=1715) to work on /home/airflow/.local/lib/python3.7/site-packages/airflow/example_dags/example_latest_only_with_trigger.py
[2023-05-24T23:57:22.997+0000] {processor.py:743} INFO - Processing file /home/airflow/.local/lib/python3.7/site-packages/airflow/example_dags/example_latest_only_with_trigger.py for tasks to queue
[2023-05-24T23:57:23.001+0000] {logging_mixin.py:137} INFO - [2023-05-24T23:57:23.001+0000] {dagbag.py:538} INFO - Filling up the DagBag from /home/airflow/.local/lib/python3.7/site-packages/airflow/example_dags/example_latest_only_with_trigger.py
[2023-05-24T23:57:23.027+0000] {processor.py:753} INFO - DAG(s) dict_keys(['latest_only_with_trigger']) retrieved from /home/airflow/.local/lib/python3.7/site-packages/airflow/example_dags/example_latest_only_with_trigger.py
[2023-05-24T23:57:23.078+0000] {logging_mixin.py:137} INFO - [2023-05-24T23:57:23.078+0000] {dag.py:2690} INFO - Sync 1 DAGs
[2023-05-24T23:57:23.117+0000] {logging_mixin.py:137} INFO - [2023-05-24T23:57:23.117+0000] {dag.py:3441} INFO - Setting next_dagrun for latest_only_with_trigger to 2023-05-24T19:57:23.116919+00:00, run_after=2023-05-24T23:57:23.116919+00:00
[2023-05-24T23:57:23.182+0000] {processor.py:175} INFO - Processing /home/airflow/.local/lib/python3.7/site-packages/airflow/example_dags/example_latest_only_with_trigger.py took 0.194 seconds
[2023-05-24T23:58:03.306+0000] {processor.py:153} INFO - Started process (PID=1782) to work on /home/airflow/.local/lib/python3.7/site-packages/airflow/example_dags/example_latest_only_with_trigger.py
[2023-05-24T23:58:03.309+0000] {processor.py:743} INFO - Processing file /home/airflow/.local/lib/python3.7/site-packages/airflow/example_dags/example_latest_only_with_trigger.py for tasks to queue
[2023-05-24T23:58:03.311+0000] {logging_mixin.py:137} INFO - [2023-05-24T23:58:03.310+0000] {dagbag.py:538} INFO - Filling up the DagBag from /home/airflow/.local/lib/python3.7/site-packages/airflow/example_dags/example_latest_only_with_trigger.py
[2023-05-24T23:58:03.350+0000] {processor.py:753} INFO - DAG(s) dict_keys(['latest_only_with_trigger']) retrieved from /home/airflow/.local/lib/python3.7/site-packages/airflow/example_dags/example_latest_only_with_trigger.py
[2023-05-24T23:58:03.439+0000] {logging_mixin.py:137} INFO - [2023-05-24T23:58:03.439+0000] {dag.py:2690} INFO - Sync 1 DAGs
[2023-05-24T23:58:03.578+0000] {logging_mixin.py:137} INFO - [2023-05-24T23:58:03.577+0000] {dag.py:3441} INFO - Setting next_dagrun for latest_only_with_trigger to 2023-05-24T19:58:03.577125+00:00, run_after=2023-05-24T23:58:03.577125+00:00
[2023-05-24T23:58:03.649+0000] {processor.py:175} INFO - Processing /home/airflow/.local/lib/python3.7/site-packages/airflow/example_dags/example_latest_only_with_trigger.py took 0.365 seconds
[2023-05-24T23:58:34.155+0000] {processor.py:153} INFO - Started process (PID=1843) to work on /home/airflow/.local/lib/python3.7/site-packages/airflow/example_dags/example_latest_only_with_trigger.py
[2023-05-24T23:58:34.158+0000] {processor.py:743} INFO - Processing file /home/airflow/.local/lib/python3.7/site-packages/airflow/example_dags/example_latest_only_with_trigger.py for tasks to queue
[2023-05-24T23:58:34.161+0000] {logging_mixin.py:137} INFO - [2023-05-24T23:58:34.160+0000] {dagbag.py:538} INFO - Filling up the DagBag from /home/airflow/.local/lib/python3.7/site-packages/airflow/example_dags/example_latest_only_with_trigger.py
[2023-05-24T23:58:34.236+0000] {processor.py:753} INFO - DAG(s) dict_keys(['latest_only_with_trigger']) retrieved from /home/airflow/.local/lib/python3.7/site-packages/airflow/example_dags/example_latest_only_with_trigger.py
[2023-05-24T23:58:34.284+0000] {logging_mixin.py:137} INFO - [2023-05-24T23:58:34.284+0000] {dag.py:2690} INFO - Sync 1 DAGs
[2023-05-24T23:58:34.327+0000] {logging_mixin.py:137} INFO - [2023-05-24T23:58:34.327+0000] {dag.py:3441} INFO - Setting next_dagrun for latest_only_with_trigger to 2023-05-24T19:58:34.326889+00:00, run_after=2023-05-24T23:58:34.326889+00:00
[2023-05-24T23:58:34.380+0000] {processor.py:175} INFO - Processing /home/airflow/.local/lib/python3.7/site-packages/airflow/example_dags/example_latest_only_with_trigger.py took 0.234 seconds
[2023-05-24T23:59:05.345+0000] {processor.py:153} INFO - Started process (PID=1902) to work on /home/airflow/.local/lib/python3.7/site-packages/airflow/example_dags/example_latest_only_with_trigger.py
[2023-05-24T23:59:05.348+0000] {processor.py:743} INFO - Processing file /home/airflow/.local/lib/python3.7/site-packages/airflow/example_dags/example_latest_only_with_trigger.py for tasks to queue
[2023-05-24T23:59:05.352+0000] {logging_mixin.py:137} INFO - [2023-05-24T23:59:05.351+0000] {dagbag.py:538} INFO - Filling up the DagBag from /home/airflow/.local/lib/python3.7/site-packages/airflow/example_dags/example_latest_only_with_trigger.py
[2023-05-24T23:59:05.380+0000] {processor.py:753} INFO - DAG(s) dict_keys(['latest_only_with_trigger']) retrieved from /home/airflow/.local/lib/python3.7/site-packages/airflow/example_dags/example_latest_only_with_trigger.py
[2023-05-24T23:59:05.423+0000] {logging_mixin.py:137} INFO - [2023-05-24T23:59:05.423+0000] {dag.py:2690} INFO - Sync 1 DAGs
[2023-05-24T23:59:05.458+0000] {logging_mixin.py:137} INFO - [2023-05-24T23:59:05.458+0000] {dag.py:3441} INFO - Setting next_dagrun for latest_only_with_trigger to 2023-05-24T19:59:05.458370+00:00, run_after=2023-05-24T23:59:05.458370+00:00
[2023-05-24T23:59:05.518+0000] {processor.py:175} INFO - Processing /home/airflow/.local/lib/python3.7/site-packages/airflow/example_dags/example_latest_only_with_trigger.py took 0.179 seconds
