[2023-05-24T23:13:33.493+0000] {processor.py:153} INFO - Started process (PID=96) to work on /home/airflow/.local/lib/python3.7/site-packages/airflow/example_dags/example_sla_dag.py
[2023-05-24T23:13:33.505+0000] {processor.py:743} INFO - Processing file /home/airflow/.local/lib/python3.7/site-packages/airflow/example_dags/example_sla_dag.py for tasks to queue
[2023-05-24T23:13:33.516+0000] {logging_mixin.py:137} INFO - [2023-05-24T23:13:33.513+0000] {dagbag.py:538} INFO - Filling up the DagBag from /home/airflow/.local/lib/python3.7/site-packages/airflow/example_dags/example_sla_dag.py
[2023-05-24T23:13:33.817+0000] {processor.py:753} INFO - DAG(s) dict_keys(['example_sla_dag']) retrieved from /home/airflow/.local/lib/python3.7/site-packages/airflow/example_dags/example_sla_dag.py
[2023-05-24T23:13:34.024+0000] {logging_mixin.py:137} INFO - [2023-05-24T23:13:34.024+0000] {dag.py:2690} INFO - Sync 1 DAGs
[2023-05-24T23:13:34.424+0000] {logging_mixin.py:137} INFO - [2023-05-24T23:13:34.424+0000] {dag.py:3441} INFO - Setting next_dagrun for example_sla_dag to 2023-05-24T23:10:00+00:00, run_after=2023-05-24T23:12:00+00:00
[2023-05-24T23:13:34.544+0000] {processor.py:175} INFO - Processing /home/airflow/.local/lib/python3.7/site-packages/airflow/example_dags/example_sla_dag.py took 1.116 seconds
[2023-05-24T23:14:05.042+0000] {processor.py:153} INFO - Started process (PID=146) to work on /home/airflow/.local/lib/python3.7/site-packages/airflow/example_dags/example_sla_dag.py
[2023-05-24T23:14:05.049+0000] {processor.py:743} INFO - Processing file /home/airflow/.local/lib/python3.7/site-packages/airflow/example_dags/example_sla_dag.py for tasks to queue
[2023-05-24T23:14:05.055+0000] {logging_mixin.py:137} INFO - [2023-05-24T23:14:05.055+0000] {dagbag.py:538} INFO - Filling up the DagBag from /home/airflow/.local/lib/python3.7/site-packages/airflow/example_dags/example_sla_dag.py
[2023-05-24T23:14:05.218+0000] {processor.py:753} INFO - DAG(s) dict_keys(['example_sla_dag']) retrieved from /home/airflow/.local/lib/python3.7/site-packages/airflow/example_dags/example_sla_dag.py
[2023-05-24T23:14:05.313+0000] {logging_mixin.py:137} INFO - [2023-05-24T23:14:05.313+0000] {dag.py:2690} INFO - Sync 1 DAGs
[2023-05-24T23:14:05.433+0000] {logging_mixin.py:137} INFO - [2023-05-24T23:14:05.433+0000] {dag.py:3441} INFO - Setting next_dagrun for example_sla_dag to 2023-05-24T23:12:00+00:00, run_after=2023-05-24T23:14:00+00:00
[2023-05-24T23:14:05.532+0000] {processor.py:175} INFO - Processing /home/airflow/.local/lib/python3.7/site-packages/airflow/example_dags/example_sla_dag.py took 0.505 seconds
[2023-05-24T23:14:43.053+0000] {processor.py:153} INFO - Started process (PID=204) to work on /home/airflow/.local/lib/python3.7/site-packages/airflow/example_dags/example_sla_dag.py
[2023-05-24T23:14:43.059+0000] {processor.py:743} INFO - Processing file /home/airflow/.local/lib/python3.7/site-packages/airflow/example_dags/example_sla_dag.py for tasks to queue
[2023-05-24T23:14:43.086+0000] {logging_mixin.py:137} INFO - [2023-05-24T23:14:43.085+0000] {dagbag.py:538} INFO - Filling up the DagBag from /home/airflow/.local/lib/python3.7/site-packages/airflow/example_dags/example_sla_dag.py
[2023-05-24T23:14:43.216+0000] {processor.py:753} INFO - DAG(s) dict_keys(['example_sla_dag']) retrieved from /home/airflow/.local/lib/python3.7/site-packages/airflow/example_dags/example_sla_dag.py
[2023-05-24T23:14:43.324+0000] {logging_mixin.py:137} INFO - [2023-05-24T23:14:43.323+0000] {dag.py:2690} INFO - Sync 1 DAGs
[2023-05-24T23:14:43.596+0000] {logging_mixin.py:137} INFO - [2023-05-24T23:14:43.596+0000] {dag.py:3441} INFO - Setting next_dagrun for example_sla_dag to 2023-05-24T23:12:00+00:00, run_after=2023-05-24T23:14:00+00:00
[2023-05-24T23:14:43.907+0000] {processor.py:175} INFO - Processing /home/airflow/.local/lib/python3.7/site-packages/airflow/example_dags/example_sla_dag.py took 0.879 seconds
[2023-05-24T23:15:33.453+0000] {processor.py:153} INFO - Started process (PID=272) to work on /home/airflow/.local/lib/python3.7/site-packages/airflow/example_dags/example_sla_dag.py
[2023-05-24T23:15:33.485+0000] {processor.py:743} INFO - Processing file /home/airflow/.local/lib/python3.7/site-packages/airflow/example_dags/example_sla_dag.py for tasks to queue
[2023-05-24T23:15:33.494+0000] {logging_mixin.py:137} INFO - [2023-05-24T23:15:33.494+0000] {dagbag.py:538} INFO - Filling up the DagBag from /home/airflow/.local/lib/python3.7/site-packages/airflow/example_dags/example_sla_dag.py
[2023-05-24T23:15:33.767+0000] {processor.py:753} INFO - DAG(s) dict_keys(['example_sla_dag']) retrieved from /home/airflow/.local/lib/python3.7/site-packages/airflow/example_dags/example_sla_dag.py
[2023-05-24T23:15:34.170+0000] {logging_mixin.py:137} INFO - [2023-05-24T23:15:34.170+0000] {dag.py:2690} INFO - Sync 1 DAGs
[2023-05-24T23:15:34.642+0000] {logging_mixin.py:137} INFO - [2023-05-24T23:15:34.626+0000] {dag.py:3441} INFO - Setting next_dagrun for example_sla_dag to 2023-05-24T23:12:00+00:00, run_after=2023-05-24T23:14:00+00:00
[2023-05-24T23:15:35.284+0000] {processor.py:175} INFO - Processing /home/airflow/.local/lib/python3.7/site-packages/airflow/example_dags/example_sla_dag.py took 1.882 seconds
[2023-05-24T23:16:06.694+0000] {processor.py:153} INFO - Started process (PID=328) to work on /home/airflow/.local/lib/python3.7/site-packages/airflow/example_dags/example_sla_dag.py
[2023-05-24T23:16:06.705+0000] {processor.py:743} INFO - Processing file /home/airflow/.local/lib/python3.7/site-packages/airflow/example_dags/example_sla_dag.py for tasks to queue
[2023-05-24T23:16:06.776+0000] {logging_mixin.py:137} INFO - [2023-05-24T23:16:06.738+0000] {dagbag.py:538} INFO - Filling up the DagBag from /home/airflow/.local/lib/python3.7/site-packages/airflow/example_dags/example_sla_dag.py
[2023-05-24T23:16:07.596+0000] {processor.py:753} INFO - DAG(s) dict_keys(['example_sla_dag']) retrieved from /home/airflow/.local/lib/python3.7/site-packages/airflow/example_dags/example_sla_dag.py
[2023-05-24T23:16:08.158+0000] {logging_mixin.py:137} INFO - [2023-05-24T23:16:08.158+0000] {dag.py:2690} INFO - Sync 1 DAGs
[2023-05-24T23:16:09.027+0000] {logging_mixin.py:137} INFO - [2023-05-24T23:16:09.000+0000] {dag.py:3441} INFO - Setting next_dagrun for example_sla_dag to 2023-05-24T23:14:00+00:00, run_after=2023-05-24T23:16:00+00:00
[2023-05-24T23:16:10.001+0000] {processor.py:175} INFO - Processing /home/airflow/.local/lib/python3.7/site-packages/airflow/example_dags/example_sla_dag.py took 3.441 seconds
[2023-05-24T23:17:49.627+0000] {processor.py:153} INFO - Started process (PID=415) to work on /home/airflow/.local/lib/python3.7/site-packages/airflow/example_dags/example_sla_dag.py
[2023-05-24T23:17:49.635+0000] {processor.py:743} INFO - Processing file /home/airflow/.local/lib/python3.7/site-packages/airflow/example_dags/example_sla_dag.py for tasks to queue
[2023-05-24T23:17:49.658+0000] {logging_mixin.py:137} INFO - [2023-05-24T23:17:49.653+0000] {dagbag.py:538} INFO - Filling up the DagBag from /home/airflow/.local/lib/python3.7/site-packages/airflow/example_dags/example_sla_dag.py
[2023-05-24T23:17:49.943+0000] {processor.py:753} INFO - DAG(s) dict_keys(['example_sla_dag']) retrieved from /home/airflow/.local/lib/python3.7/site-packages/airflow/example_dags/example_sla_dag.py
[2023-05-24T23:17:50.197+0000] {logging_mixin.py:137} INFO - [2023-05-24T23:17:50.197+0000] {dag.py:2690} INFO - Sync 1 DAGs
[2023-05-24T23:17:50.443+0000] {logging_mixin.py:137} INFO - [2023-05-24T23:17:50.443+0000] {dag.py:3441} INFO - Setting next_dagrun for example_sla_dag to 2023-05-24T23:14:00+00:00, run_after=2023-05-24T23:16:00+00:00
[2023-05-24T23:17:50.656+0000] {processor.py:175} INFO - Processing /home/airflow/.local/lib/python3.7/site-packages/airflow/example_dags/example_sla_dag.py took 1.082 seconds
[2023-05-24T23:18:20.917+0000] {processor.py:153} INFO - Started process (PID=474) to work on /home/airflow/.local/lib/python3.7/site-packages/airflow/example_dags/example_sla_dag.py
[2023-05-24T23:18:20.920+0000] {processor.py:743} INFO - Processing file /home/airflow/.local/lib/python3.7/site-packages/airflow/example_dags/example_sla_dag.py for tasks to queue
[2023-05-24T23:18:20.930+0000] {logging_mixin.py:137} INFO - [2023-05-24T23:18:20.923+0000] {dagbag.py:538} INFO - Filling up the DagBag from /home/airflow/.local/lib/python3.7/site-packages/airflow/example_dags/example_sla_dag.py
[2023-05-24T23:18:20.977+0000] {processor.py:753} INFO - DAG(s) dict_keys(['example_sla_dag']) retrieved from /home/airflow/.local/lib/python3.7/site-packages/airflow/example_dags/example_sla_dag.py
[2023-05-24T23:18:21.023+0000] {logging_mixin.py:137} INFO - [2023-05-24T23:18:21.023+0000] {dag.py:2690} INFO - Sync 1 DAGs
[2023-05-24T23:18:21.078+0000] {logging_mixin.py:137} INFO - [2023-05-24T23:18:21.078+0000] {dag.py:3441} INFO - Setting next_dagrun for example_sla_dag to 2023-05-24T23:16:00+00:00, run_after=2023-05-24T23:18:00+00:00
[2023-05-24T23:18:21.113+0000] {processor.py:175} INFO - Processing /home/airflow/.local/lib/python3.7/site-packages/airflow/example_dags/example_sla_dag.py took 0.209 seconds
[2023-05-24T23:20:30.372+0000] {processor.py:153} INFO - Started process (PID=78) to work on /home/airflow/.local/lib/python3.7/site-packages/airflow/example_dags/example_sla_dag.py
[2023-05-24T23:20:30.387+0000] {processor.py:743} INFO - Processing file /home/airflow/.local/lib/python3.7/site-packages/airflow/example_dags/example_sla_dag.py for tasks to queue
[2023-05-24T23:20:30.390+0000] {logging_mixin.py:137} INFO - [2023-05-24T23:20:30.390+0000] {dagbag.py:538} INFO - Filling up the DagBag from /home/airflow/.local/lib/python3.7/site-packages/airflow/example_dags/example_sla_dag.py
[2023-05-24T23:20:30.486+0000] {processor.py:753} INFO - DAG(s) dict_keys(['example_sla_dag']) retrieved from /home/airflow/.local/lib/python3.7/site-packages/airflow/example_dags/example_sla_dag.py
[2023-05-24T23:20:30.680+0000] {logging_mixin.py:137} INFO - [2023-05-24T23:20:30.680+0000] {dag.py:2690} INFO - Sync 1 DAGs
[2023-05-24T23:20:30.820+0000] {logging_mixin.py:137} INFO - [2023-05-24T23:20:30.820+0000] {dag.py:3441} INFO - Setting next_dagrun for example_sla_dag to 2023-05-24T23:18:00+00:00, run_after=2023-05-24T23:20:00+00:00
[2023-05-24T23:20:30.936+0000] {processor.py:175} INFO - Processing /home/airflow/.local/lib/python3.7/site-packages/airflow/example_dags/example_sla_dag.py took 0.573 seconds
[2023-05-24T23:21:01.786+0000] {processor.py:153} INFO - Started process (PID=138) to work on /home/airflow/.local/lib/python3.7/site-packages/airflow/example_dags/example_sla_dag.py
[2023-05-24T23:21:01.791+0000] {processor.py:743} INFO - Processing file /home/airflow/.local/lib/python3.7/site-packages/airflow/example_dags/example_sla_dag.py for tasks to queue
[2023-05-24T23:21:01.793+0000] {logging_mixin.py:137} INFO - [2023-05-24T23:21:01.793+0000] {dagbag.py:538} INFO - Filling up the DagBag from /home/airflow/.local/lib/python3.7/site-packages/airflow/example_dags/example_sla_dag.py
[2023-05-24T23:21:01.870+0000] {processor.py:753} INFO - DAG(s) dict_keys(['example_sla_dag']) retrieved from /home/airflow/.local/lib/python3.7/site-packages/airflow/example_dags/example_sla_dag.py
[2023-05-24T23:21:01.974+0000] {logging_mixin.py:137} INFO - [2023-05-24T23:21:01.974+0000] {dag.py:2690} INFO - Sync 1 DAGs
[2023-05-24T23:21:02.068+0000] {logging_mixin.py:137} INFO - [2023-05-24T23:21:02.068+0000] {dag.py:3441} INFO - Setting next_dagrun for example_sla_dag to 2023-05-24T23:18:00+00:00, run_after=2023-05-24T23:20:00+00:00
[2023-05-24T23:21:02.137+0000] {processor.py:175} INFO - Processing /home/airflow/.local/lib/python3.7/site-packages/airflow/example_dags/example_sla_dag.py took 0.366 seconds
[2023-05-24T23:21:32.441+0000] {processor.py:153} INFO - Started process (PID=208) to work on /home/airflow/.local/lib/python3.7/site-packages/airflow/example_dags/example_sla_dag.py
[2023-05-24T23:21:32.444+0000] {processor.py:743} INFO - Processing file /home/airflow/.local/lib/python3.7/site-packages/airflow/example_dags/example_sla_dag.py for tasks to queue
[2023-05-24T23:21:32.447+0000] {logging_mixin.py:137} INFO - [2023-05-24T23:21:32.447+0000] {dagbag.py:538} INFO - Filling up the DagBag from /home/airflow/.local/lib/python3.7/site-packages/airflow/example_dags/example_sla_dag.py
[2023-05-24T23:21:32.482+0000] {processor.py:753} INFO - DAG(s) dict_keys(['example_sla_dag']) retrieved from /home/airflow/.local/lib/python3.7/site-packages/airflow/example_dags/example_sla_dag.py
[2023-05-24T23:21:32.519+0000] {logging_mixin.py:137} INFO - [2023-05-24T23:21:32.519+0000] {dag.py:2690} INFO - Sync 1 DAGs
[2023-05-24T23:21:32.560+0000] {logging_mixin.py:137} INFO - [2023-05-24T23:21:32.560+0000] {dag.py:3441} INFO - Setting next_dagrun for example_sla_dag to 2023-05-24T23:18:00+00:00, run_after=2023-05-24T23:20:00+00:00
[2023-05-24T23:21:32.611+0000] {processor.py:175} INFO - Processing /home/airflow/.local/lib/python3.7/site-packages/airflow/example_dags/example_sla_dag.py took 0.177 seconds
[2023-05-24T23:22:02.745+0000] {processor.py:153} INFO - Started process (PID=268) to work on /home/airflow/.local/lib/python3.7/site-packages/airflow/example_dags/example_sla_dag.py
[2023-05-24T23:22:02.747+0000] {processor.py:743} INFO - Processing file /home/airflow/.local/lib/python3.7/site-packages/airflow/example_dags/example_sla_dag.py for tasks to queue
[2023-05-24T23:22:02.750+0000] {logging_mixin.py:137} INFO - [2023-05-24T23:22:02.750+0000] {dagbag.py:538} INFO - Filling up the DagBag from /home/airflow/.local/lib/python3.7/site-packages/airflow/example_dags/example_sla_dag.py
[2023-05-24T23:22:02.782+0000] {processor.py:753} INFO - DAG(s) dict_keys(['example_sla_dag']) retrieved from /home/airflow/.local/lib/python3.7/site-packages/airflow/example_dags/example_sla_dag.py
[2023-05-24T23:22:02.816+0000] {logging_mixin.py:137} INFO - [2023-05-24T23:22:02.816+0000] {dag.py:2690} INFO - Sync 1 DAGs
[2023-05-24T23:22:02.860+0000] {logging_mixin.py:137} INFO - [2023-05-24T23:22:02.860+0000] {dag.py:3441} INFO - Setting next_dagrun for example_sla_dag to 2023-05-24T23:20:00+00:00, run_after=2023-05-24T23:22:00+00:00
[2023-05-24T23:22:02.905+0000] {processor.py:175} INFO - Processing /home/airflow/.local/lib/python3.7/site-packages/airflow/example_dags/example_sla_dag.py took 0.164 seconds
[2023-05-24T23:22:32.973+0000] {processor.py:153} INFO - Started process (PID=327) to work on /home/airflow/.local/lib/python3.7/site-packages/airflow/example_dags/example_sla_dag.py
[2023-05-24T23:22:32.975+0000] {processor.py:743} INFO - Processing file /home/airflow/.local/lib/python3.7/site-packages/airflow/example_dags/example_sla_dag.py for tasks to queue
[2023-05-24T23:22:32.978+0000] {logging_mixin.py:137} INFO - [2023-05-24T23:22:32.977+0000] {dagbag.py:538} INFO - Filling up the DagBag from /home/airflow/.local/lib/python3.7/site-packages/airflow/example_dags/example_sla_dag.py
[2023-05-24T23:22:33.017+0000] {processor.py:753} INFO - DAG(s) dict_keys(['example_sla_dag']) retrieved from /home/airflow/.local/lib/python3.7/site-packages/airflow/example_dags/example_sla_dag.py
[2023-05-24T23:22:33.055+0000] {logging_mixin.py:137} INFO - [2023-05-24T23:22:33.054+0000] {dag.py:2690} INFO - Sync 1 DAGs
[2023-05-24T23:22:33.122+0000] {logging_mixin.py:137} INFO - [2023-05-24T23:22:33.122+0000] {dag.py:3441} INFO - Setting next_dagrun for example_sla_dag to 2023-05-24T23:20:00+00:00, run_after=2023-05-24T23:22:00+00:00
[2023-05-24T23:22:33.220+0000] {processor.py:175} INFO - Processing /home/airflow/.local/lib/python3.7/site-packages/airflow/example_dags/example_sla_dag.py took 0.254 seconds
[2023-05-24T23:23:03.489+0000] {processor.py:153} INFO - Started process (PID=387) to work on /home/airflow/.local/lib/python3.7/site-packages/airflow/example_dags/example_sla_dag.py
[2023-05-24T23:23:03.492+0000] {processor.py:743} INFO - Processing file /home/airflow/.local/lib/python3.7/site-packages/airflow/example_dags/example_sla_dag.py for tasks to queue
[2023-05-24T23:23:03.496+0000] {logging_mixin.py:137} INFO - [2023-05-24T23:23:03.495+0000] {dagbag.py:538} INFO - Filling up the DagBag from /home/airflow/.local/lib/python3.7/site-packages/airflow/example_dags/example_sla_dag.py
[2023-05-24T23:23:03.596+0000] {processor.py:753} INFO - DAG(s) dict_keys(['example_sla_dag']) retrieved from /home/airflow/.local/lib/python3.7/site-packages/airflow/example_dags/example_sla_dag.py
[2023-05-24T23:23:03.665+0000] {logging_mixin.py:137} INFO - [2023-05-24T23:23:03.662+0000] {dag.py:2690} INFO - Sync 1 DAGs
[2023-05-24T23:23:03.763+0000] {logging_mixin.py:137} INFO - [2023-05-24T23:23:03.763+0000] {dag.py:3441} INFO - Setting next_dagrun for example_sla_dag to 2023-05-24T23:20:00+00:00, run_after=2023-05-24T23:22:00+00:00
[2023-05-24T23:23:03.805+0000] {processor.py:175} INFO - Processing /home/airflow/.local/lib/python3.7/site-packages/airflow/example_dags/example_sla_dag.py took 0.327 seconds
[2023-05-24T23:23:35.568+0000] {processor.py:153} INFO - Started process (PID=456) to work on /home/airflow/.local/lib/python3.7/site-packages/airflow/example_dags/example_sla_dag.py
[2023-05-24T23:23:35.579+0000] {processor.py:743} INFO - Processing file /home/airflow/.local/lib/python3.7/site-packages/airflow/example_dags/example_sla_dag.py for tasks to queue
[2023-05-24T23:23:35.587+0000] {logging_mixin.py:137} INFO - [2023-05-24T23:23:35.584+0000] {dagbag.py:538} INFO - Filling up the DagBag from /home/airflow/.local/lib/python3.7/site-packages/airflow/example_dags/example_sla_dag.py
[2023-05-24T23:23:35.651+0000] {processor.py:753} INFO - DAG(s) dict_keys(['example_sla_dag']) retrieved from /home/airflow/.local/lib/python3.7/site-packages/airflow/example_dags/example_sla_dag.py
[2023-05-24T23:23:35.698+0000] {logging_mixin.py:137} INFO - [2023-05-24T23:23:35.698+0000] {dag.py:2690} INFO - Sync 1 DAGs
[2023-05-24T23:23:35.741+0000] {logging_mixin.py:137} INFO - [2023-05-24T23:23:35.741+0000] {dag.py:3441} INFO - Setting next_dagrun for example_sla_dag to 2023-05-24T23:20:00+00:00, run_after=2023-05-24T23:22:00+00:00
[2023-05-24T23:23:35.769+0000] {processor.py:175} INFO - Processing /home/airflow/.local/lib/python3.7/site-packages/airflow/example_dags/example_sla_dag.py took 0.216 seconds
[2023-05-24T23:24:11.132+0000] {processor.py:153} INFO - Started process (PID=515) to work on /home/airflow/.local/lib/python3.7/site-packages/airflow/example_dags/example_sla_dag.py
[2023-05-24T23:24:11.139+0000] {processor.py:743} INFO - Processing file /home/airflow/.local/lib/python3.7/site-packages/airflow/example_dags/example_sla_dag.py for tasks to queue
[2023-05-24T23:24:11.148+0000] {logging_mixin.py:137} INFO - [2023-05-24T23:24:11.146+0000] {dagbag.py:538} INFO - Filling up the DagBag from /home/airflow/.local/lib/python3.7/site-packages/airflow/example_dags/example_sla_dag.py
[2023-05-24T23:24:11.421+0000] {processor.py:753} INFO - DAG(s) dict_keys(['example_sla_dag']) retrieved from /home/airflow/.local/lib/python3.7/site-packages/airflow/example_dags/example_sla_dag.py
[2023-05-24T23:24:11.601+0000] {logging_mixin.py:137} INFO - [2023-05-24T23:24:11.601+0000] {dag.py:2690} INFO - Sync 1 DAGs
[2023-05-24T23:24:11.859+0000] {logging_mixin.py:137} INFO - [2023-05-24T23:24:11.859+0000] {dag.py:3441} INFO - Setting next_dagrun for example_sla_dag to 2023-05-24T23:22:00+00:00, run_after=2023-05-24T23:24:00+00:00
[2023-05-24T23:24:12.155+0000] {processor.py:175} INFO - Processing /home/airflow/.local/lib/python3.7/site-packages/airflow/example_dags/example_sla_dag.py took 1.080 seconds
[2023-05-24T23:24:42.790+0000] {processor.py:153} INFO - Started process (PID=575) to work on /home/airflow/.local/lib/python3.7/site-packages/airflow/example_dags/example_sla_dag.py
[2023-05-24T23:24:42.793+0000] {processor.py:743} INFO - Processing file /home/airflow/.local/lib/python3.7/site-packages/airflow/example_dags/example_sla_dag.py for tasks to queue
[2023-05-24T23:24:42.796+0000] {logging_mixin.py:137} INFO - [2023-05-24T23:24:42.796+0000] {dagbag.py:538} INFO - Filling up the DagBag from /home/airflow/.local/lib/python3.7/site-packages/airflow/example_dags/example_sla_dag.py
[2023-05-24T23:24:42.889+0000] {processor.py:753} INFO - DAG(s) dict_keys(['example_sla_dag']) retrieved from /home/airflow/.local/lib/python3.7/site-packages/airflow/example_dags/example_sla_dag.py
[2023-05-24T23:24:42.977+0000] {logging_mixin.py:137} INFO - [2023-05-24T23:24:42.977+0000] {dag.py:2690} INFO - Sync 1 DAGs
[2023-05-24T23:24:43.105+0000] {logging_mixin.py:137} INFO - [2023-05-24T23:24:43.105+0000] {dag.py:3441} INFO - Setting next_dagrun for example_sla_dag to 2023-05-24T23:22:00+00:00, run_after=2023-05-24T23:24:00+00:00
[2023-05-24T23:24:43.171+0000] {processor.py:175} INFO - Processing /home/airflow/.local/lib/python3.7/site-packages/airflow/example_dags/example_sla_dag.py took 0.391 seconds
[2023-05-24T23:25:14.117+0000] {processor.py:153} INFO - Started process (PID=635) to work on /home/airflow/.local/lib/python3.7/site-packages/airflow/example_dags/example_sla_dag.py
[2023-05-24T23:25:14.123+0000] {processor.py:743} INFO - Processing file /home/airflow/.local/lib/python3.7/site-packages/airflow/example_dags/example_sla_dag.py for tasks to queue
[2023-05-24T23:25:14.127+0000] {logging_mixin.py:137} INFO - [2023-05-24T23:25:14.126+0000] {dagbag.py:538} INFO - Filling up the DagBag from /home/airflow/.local/lib/python3.7/site-packages/airflow/example_dags/example_sla_dag.py
[2023-05-24T23:25:14.173+0000] {processor.py:753} INFO - DAG(s) dict_keys(['example_sla_dag']) retrieved from /home/airflow/.local/lib/python3.7/site-packages/airflow/example_dags/example_sla_dag.py
[2023-05-24T23:25:14.212+0000] {logging_mixin.py:137} INFO - [2023-05-24T23:25:14.212+0000] {dag.py:2690} INFO - Sync 1 DAGs
[2023-05-24T23:25:14.257+0000] {logging_mixin.py:137} INFO - [2023-05-24T23:25:14.256+0000] {dag.py:3441} INFO - Setting next_dagrun for example_sla_dag to 2023-05-24T23:22:00+00:00, run_after=2023-05-24T23:24:00+00:00
[2023-05-24T23:25:14.320+0000] {processor.py:175} INFO - Processing /home/airflow/.local/lib/python3.7/site-packages/airflow/example_dags/example_sla_dag.py took 0.231 seconds
[2023-05-24T23:25:44.947+0000] {processor.py:153} INFO - Started process (PID=694) to work on /home/airflow/.local/lib/python3.7/site-packages/airflow/example_dags/example_sla_dag.py
[2023-05-24T23:25:44.953+0000] {processor.py:743} INFO - Processing file /home/airflow/.local/lib/python3.7/site-packages/airflow/example_dags/example_sla_dag.py for tasks to queue
[2023-05-24T23:25:44.957+0000] {logging_mixin.py:137} INFO - [2023-05-24T23:25:44.956+0000] {dagbag.py:538} INFO - Filling up the DagBag from /home/airflow/.local/lib/python3.7/site-packages/airflow/example_dags/example_sla_dag.py
[2023-05-24T23:25:45.032+0000] {processor.py:753} INFO - DAG(s) dict_keys(['example_sla_dag']) retrieved from /home/airflow/.local/lib/python3.7/site-packages/airflow/example_dags/example_sla_dag.py
[2023-05-24T23:25:45.097+0000] {logging_mixin.py:137} INFO - [2023-05-24T23:25:45.096+0000] {dag.py:2690} INFO - Sync 1 DAGs
[2023-05-24T23:25:45.182+0000] {logging_mixin.py:137} INFO - [2023-05-24T23:25:45.182+0000] {dag.py:3441} INFO - Setting next_dagrun for example_sla_dag to 2023-05-24T23:22:00+00:00, run_after=2023-05-24T23:24:00+00:00
[2023-05-24T23:25:45.247+0000] {processor.py:175} INFO - Processing /home/airflow/.local/lib/python3.7/site-packages/airflow/example_dags/example_sla_dag.py took 0.308 seconds
[2023-05-24T23:26:15.362+0000] {processor.py:153} INFO - Started process (PID=763) to work on /home/airflow/.local/lib/python3.7/site-packages/airflow/example_dags/example_sla_dag.py
[2023-05-24T23:26:15.365+0000] {processor.py:743} INFO - Processing file /home/airflow/.local/lib/python3.7/site-packages/airflow/example_dags/example_sla_dag.py for tasks to queue
[2023-05-24T23:26:15.368+0000] {logging_mixin.py:137} INFO - [2023-05-24T23:26:15.367+0000] {dagbag.py:538} INFO - Filling up the DagBag from /home/airflow/.local/lib/python3.7/site-packages/airflow/example_dags/example_sla_dag.py
[2023-05-24T23:26:15.436+0000] {processor.py:753} INFO - DAG(s) dict_keys(['example_sla_dag']) retrieved from /home/airflow/.local/lib/python3.7/site-packages/airflow/example_dags/example_sla_dag.py
[2023-05-24T23:26:15.506+0000] {logging_mixin.py:137} INFO - [2023-05-24T23:26:15.506+0000] {dag.py:2690} INFO - Sync 1 DAGs
[2023-05-24T23:26:15.578+0000] {logging_mixin.py:137} INFO - [2023-05-24T23:26:15.577+0000] {dag.py:3441} INFO - Setting next_dagrun for example_sla_dag to 2023-05-24T23:24:00+00:00, run_after=2023-05-24T23:26:00+00:00
[2023-05-24T23:26:15.640+0000] {processor.py:175} INFO - Processing /home/airflow/.local/lib/python3.7/site-packages/airflow/example_dags/example_sla_dag.py took 0.296 seconds
[2023-05-24T23:27:03.283+0000] {processor.py:153} INFO - Started process (PID=821) to work on /home/airflow/.local/lib/python3.7/site-packages/airflow/example_dags/example_sla_dag.py
[2023-05-24T23:27:03.299+0000] {processor.py:743} INFO - Processing file /home/airflow/.local/lib/python3.7/site-packages/airflow/example_dags/example_sla_dag.py for tasks to queue
[2023-05-24T23:27:03.308+0000] {logging_mixin.py:137} INFO - [2023-05-24T23:27:03.304+0000] {dagbag.py:538} INFO - Filling up the DagBag from /home/airflow/.local/lib/python3.7/site-packages/airflow/example_dags/example_sla_dag.py
[2023-05-24T23:27:03.479+0000] {processor.py:753} INFO - DAG(s) dict_keys(['example_sla_dag']) retrieved from /home/airflow/.local/lib/python3.7/site-packages/airflow/example_dags/example_sla_dag.py
[2023-05-24T23:27:03.786+0000] {logging_mixin.py:137} INFO - [2023-05-24T23:27:03.786+0000] {dag.py:2690} INFO - Sync 1 DAGs
[2023-05-24T23:27:04.084+0000] {logging_mixin.py:137} INFO - [2023-05-24T23:27:04.083+0000] {dag.py:3441} INFO - Setting next_dagrun for example_sla_dag to 2023-05-24T23:24:00+00:00, run_after=2023-05-24T23:26:00+00:00
[2023-05-24T23:27:04.159+0000] {processor.py:175} INFO - Processing /home/airflow/.local/lib/python3.7/site-packages/airflow/example_dags/example_sla_dag.py took 0.888 seconds
[2023-05-24T23:27:44.038+0000] {processor.py:153} INFO - Started process (PID=881) to work on /home/airflow/.local/lib/python3.7/site-packages/airflow/example_dags/example_sla_dag.py
[2023-05-24T23:27:44.106+0000] {processor.py:743} INFO - Processing file /home/airflow/.local/lib/python3.7/site-packages/airflow/example_dags/example_sla_dag.py for tasks to queue
[2023-05-24T23:27:44.112+0000] {logging_mixin.py:137} INFO - [2023-05-24T23:27:44.112+0000] {dagbag.py:538} INFO - Filling up the DagBag from /home/airflow/.local/lib/python3.7/site-packages/airflow/example_dags/example_sla_dag.py
[2023-05-24T23:27:44.696+0000] {processor.py:753} INFO - DAG(s) dict_keys(['example_sla_dag']) retrieved from /home/airflow/.local/lib/python3.7/site-packages/airflow/example_dags/example_sla_dag.py
[2023-05-24T23:27:45.145+0000] {logging_mixin.py:137} INFO - [2023-05-24T23:27:45.145+0000] {dag.py:2690} INFO - Sync 1 DAGs
[2023-05-24T23:27:45.450+0000] {logging_mixin.py:137} INFO - [2023-05-24T23:27:45.450+0000] {dag.py:3441} INFO - Setting next_dagrun for example_sla_dag to 2023-05-24T23:24:00+00:00, run_after=2023-05-24T23:26:00+00:00
[2023-05-24T23:27:46.081+0000] {processor.py:175} INFO - Processing /home/airflow/.local/lib/python3.7/site-packages/airflow/example_dags/example_sla_dag.py took 2.255 seconds
[2023-05-24T23:29:09.134+0000] {processor.py:153} INFO - Started process (PID=971) to work on /home/airflow/.local/lib/python3.7/site-packages/airflow/example_dags/example_sla_dag.py
[2023-05-24T23:29:09.140+0000] {processor.py:743} INFO - Processing file /home/airflow/.local/lib/python3.7/site-packages/airflow/example_dags/example_sla_dag.py for tasks to queue
[2023-05-24T23:29:09.147+0000] {logging_mixin.py:137} INFO - [2023-05-24T23:29:09.146+0000] {dagbag.py:538} INFO - Filling up the DagBag from /home/airflow/.local/lib/python3.7/site-packages/airflow/example_dags/example_sla_dag.py
[2023-05-24T23:29:09.241+0000] {processor.py:753} INFO - DAG(s) dict_keys(['example_sla_dag']) retrieved from /home/airflow/.local/lib/python3.7/site-packages/airflow/example_dags/example_sla_dag.py
[2023-05-24T23:29:09.329+0000] {logging_mixin.py:137} INFO - [2023-05-24T23:29:09.329+0000] {dag.py:2690} INFO - Sync 1 DAGs
[2023-05-24T23:29:09.454+0000] {logging_mixin.py:137} INFO - [2023-05-24T23:29:09.453+0000] {dag.py:3441} INFO - Setting next_dagrun for example_sla_dag to 2023-05-24T23:26:00+00:00, run_after=2023-05-24T23:28:00+00:00
[2023-05-24T23:29:09.577+0000] {processor.py:175} INFO - Processing /home/airflow/.local/lib/python3.7/site-packages/airflow/example_dags/example_sla_dag.py took 0.457 seconds
[2023-05-24T23:29:40.129+0000] {processor.py:153} INFO - Started process (PID=1032) to work on /home/airflow/.local/lib/python3.7/site-packages/airflow/example_dags/example_sla_dag.py
[2023-05-24T23:29:40.132+0000] {processor.py:743} INFO - Processing file /home/airflow/.local/lib/python3.7/site-packages/airflow/example_dags/example_sla_dag.py for tasks to queue
[2023-05-24T23:29:40.135+0000] {logging_mixin.py:137} INFO - [2023-05-24T23:29:40.134+0000] {dagbag.py:538} INFO - Filling up the DagBag from /home/airflow/.local/lib/python3.7/site-packages/airflow/example_dags/example_sla_dag.py
[2023-05-24T23:29:40.171+0000] {processor.py:753} INFO - DAG(s) dict_keys(['example_sla_dag']) retrieved from /home/airflow/.local/lib/python3.7/site-packages/airflow/example_dags/example_sla_dag.py
[2023-05-24T23:29:40.221+0000] {logging_mixin.py:137} INFO - [2023-05-24T23:29:40.221+0000] {dag.py:2690} INFO - Sync 1 DAGs
[2023-05-24T23:29:40.265+0000] {logging_mixin.py:137} INFO - [2023-05-24T23:29:40.265+0000] {dag.py:3441} INFO - Setting next_dagrun for example_sla_dag to 2023-05-24T23:26:00+00:00, run_after=2023-05-24T23:28:00+00:00
[2023-05-24T23:29:40.318+0000] {processor.py:175} INFO - Processing /home/airflow/.local/lib/python3.7/site-packages/airflow/example_dags/example_sla_dag.py took 0.193 seconds
[2023-05-24T23:30:10.759+0000] {processor.py:153} INFO - Started process (PID=1091) to work on /home/airflow/.local/lib/python3.7/site-packages/airflow/example_dags/example_sla_dag.py
[2023-05-24T23:30:10.761+0000] {processor.py:743} INFO - Processing file /home/airflow/.local/lib/python3.7/site-packages/airflow/example_dags/example_sla_dag.py for tasks to queue
[2023-05-24T23:30:10.775+0000] {logging_mixin.py:137} INFO - [2023-05-24T23:30:10.774+0000] {dagbag.py:538} INFO - Filling up the DagBag from /home/airflow/.local/lib/python3.7/site-packages/airflow/example_dags/example_sla_dag.py
[2023-05-24T23:30:10.830+0000] {processor.py:753} INFO - DAG(s) dict_keys(['example_sla_dag']) retrieved from /home/airflow/.local/lib/python3.7/site-packages/airflow/example_dags/example_sla_dag.py
[2023-05-24T23:30:10.922+0000] {logging_mixin.py:137} INFO - [2023-05-24T23:30:10.922+0000] {dag.py:2690} INFO - Sync 1 DAGs
[2023-05-24T23:30:10.982+0000] {logging_mixin.py:137} INFO - [2023-05-24T23:30:10.982+0000] {dag.py:3441} INFO - Setting next_dagrun for example_sla_dag to 2023-05-24T23:28:00+00:00, run_after=2023-05-24T23:30:00+00:00
[2023-05-24T23:30:11.009+0000] {processor.py:175} INFO - Processing /home/airflow/.local/lib/python3.7/site-packages/airflow/example_dags/example_sla_dag.py took 0.257 seconds
[2023-05-24T23:30:42.266+0000] {processor.py:153} INFO - Started process (PID=1160) to work on /home/airflow/.local/lib/python3.7/site-packages/airflow/example_dags/example_sla_dag.py
[2023-05-24T23:30:42.280+0000] {processor.py:743} INFO - Processing file /home/airflow/.local/lib/python3.7/site-packages/airflow/example_dags/example_sla_dag.py for tasks to queue
[2023-05-24T23:30:42.285+0000] {logging_mixin.py:137} INFO - [2023-05-24T23:30:42.284+0000] {dagbag.py:538} INFO - Filling up the DagBag from /home/airflow/.local/lib/python3.7/site-packages/airflow/example_dags/example_sla_dag.py
[2023-05-24T23:30:42.433+0000] {processor.py:753} INFO - DAG(s) dict_keys(['example_sla_dag']) retrieved from /home/airflow/.local/lib/python3.7/site-packages/airflow/example_dags/example_sla_dag.py
[2023-05-24T23:30:42.599+0000] {logging_mixin.py:137} INFO - [2023-05-24T23:30:42.599+0000] {dag.py:2690} INFO - Sync 1 DAGs
[2023-05-24T23:30:42.788+0000] {logging_mixin.py:137} INFO - [2023-05-24T23:30:42.788+0000] {dag.py:3441} INFO - Setting next_dagrun for example_sla_dag to 2023-05-24T23:28:00+00:00, run_after=2023-05-24T23:30:00+00:00
[2023-05-24T23:30:42.904+0000] {processor.py:175} INFO - Processing /home/airflow/.local/lib/python3.7/site-packages/airflow/example_dags/example_sla_dag.py took 0.643 seconds
[2023-05-24T23:34:02.313+0000] {processor.py:153} INFO - Started process (PID=85) to work on /home/airflow/.local/lib/python3.7/site-packages/airflow/example_dags/example_sla_dag.py
[2023-05-24T23:34:02.320+0000] {processor.py:743} INFO - Processing file /home/airflow/.local/lib/python3.7/site-packages/airflow/example_dags/example_sla_dag.py for tasks to queue
[2023-05-24T23:34:02.328+0000] {logging_mixin.py:137} INFO - [2023-05-24T23:34:02.326+0000] {dagbag.py:538} INFO - Filling up the DagBag from /home/airflow/.local/lib/python3.7/site-packages/airflow/example_dags/example_sla_dag.py
[2023-05-24T23:34:02.502+0000] {processor.py:753} INFO - DAG(s) dict_keys(['example_sla_dag']) retrieved from /home/airflow/.local/lib/python3.7/site-packages/airflow/example_dags/example_sla_dag.py
[2023-05-24T23:34:02.666+0000] {logging_mixin.py:137} INFO - [2023-05-24T23:34:02.666+0000] {dag.py:2690} INFO - Sync 1 DAGs
[2023-05-24T23:34:02.847+0000] {logging_mixin.py:137} INFO - [2023-05-24T23:34:02.847+0000] {dag.py:3441} INFO - Setting next_dagrun for example_sla_dag to 2023-05-24T23:32:00+00:00, run_after=2023-05-24T23:34:00+00:00
[2023-05-24T23:34:02.926+0000] {processor.py:175} INFO - Processing /home/airflow/.local/lib/python3.7/site-packages/airflow/example_dags/example_sla_dag.py took 0.691 seconds
[2023-05-24T23:34:36.607+0000] {processor.py:153} INFO - Started process (PID=142) to work on /home/airflow/.local/lib/python3.7/site-packages/airflow/example_dags/example_sla_dag.py
[2023-05-24T23:34:36.620+0000] {processor.py:743} INFO - Processing file /home/airflow/.local/lib/python3.7/site-packages/airflow/example_dags/example_sla_dag.py for tasks to queue
[2023-05-24T23:34:36.640+0000] {logging_mixin.py:137} INFO - [2023-05-24T23:34:36.640+0000] {dagbag.py:538} INFO - Filling up the DagBag from /home/airflow/.local/lib/python3.7/site-packages/airflow/example_dags/example_sla_dag.py
[2023-05-24T23:34:36.974+0000] {processor.py:753} INFO - DAG(s) dict_keys(['example_sla_dag']) retrieved from /home/airflow/.local/lib/python3.7/site-packages/airflow/example_dags/example_sla_dag.py
[2023-05-24T23:34:37.291+0000] {logging_mixin.py:137} INFO - [2023-05-24T23:34:37.291+0000] {dag.py:2690} INFO - Sync 1 DAGs
[2023-05-24T23:34:37.425+0000] {logging_mixin.py:137} INFO - [2023-05-24T23:34:37.425+0000] {dag.py:3441} INFO - Setting next_dagrun for example_sla_dag to 2023-05-24T23:32:00+00:00, run_after=2023-05-24T23:34:00+00:00
[2023-05-24T23:34:37.567+0000] {processor.py:175} INFO - Processing /home/airflow/.local/lib/python3.7/site-packages/airflow/example_dags/example_sla_dag.py took 1.009 seconds
[2023-05-24T23:35:14.047+0000] {processor.py:153} INFO - Started process (PID=200) to work on /home/airflow/.local/lib/python3.7/site-packages/airflow/example_dags/example_sla_dag.py
[2023-05-24T23:35:14.082+0000] {processor.py:743} INFO - Processing file /home/airflow/.local/lib/python3.7/site-packages/airflow/example_dags/example_sla_dag.py for tasks to queue
[2023-05-24T23:35:14.115+0000] {logging_mixin.py:137} INFO - [2023-05-24T23:35:14.099+0000] {dagbag.py:538} INFO - Filling up the DagBag from /home/airflow/.local/lib/python3.7/site-packages/airflow/example_dags/example_sla_dag.py
[2023-05-24T23:35:14.728+0000] {processor.py:753} INFO - DAG(s) dict_keys(['example_sla_dag']) retrieved from /home/airflow/.local/lib/python3.7/site-packages/airflow/example_dags/example_sla_dag.py
[2023-05-24T23:35:15.338+0000] {logging_mixin.py:137} INFO - [2023-05-24T23:35:15.338+0000] {dag.py:2690} INFO - Sync 1 DAGs
[2023-05-24T23:35:15.926+0000] {logging_mixin.py:137} INFO - [2023-05-24T23:35:15.926+0000] {dag.py:3441} INFO - Setting next_dagrun for example_sla_dag to 2023-05-24T23:32:00+00:00, run_after=2023-05-24T23:34:00+00:00
[2023-05-24T23:35:16.149+0000] {processor.py:175} INFO - Processing /home/airflow/.local/lib/python3.7/site-packages/airflow/example_dags/example_sla_dag.py took 2.254 seconds
[2023-05-24T23:36:32.925+0000] {processor.py:153} INFO - Started process (PID=276) to work on /home/airflow/.local/lib/python3.7/site-packages/airflow/example_dags/example_sla_dag.py
[2023-05-24T23:36:33.056+0000] {processor.py:743} INFO - Processing file /home/airflow/.local/lib/python3.7/site-packages/airflow/example_dags/example_sla_dag.py for tasks to queue
[2023-05-24T23:36:33.108+0000] {logging_mixin.py:137} INFO - [2023-05-24T23:36:33.106+0000] {dagbag.py:538} INFO - Filling up the DagBag from /home/airflow/.local/lib/python3.7/site-packages/airflow/example_dags/example_sla_dag.py
[2023-05-24T23:36:33.370+0000] {processor.py:753} INFO - DAG(s) dict_keys(['example_sla_dag']) retrieved from /home/airflow/.local/lib/python3.7/site-packages/airflow/example_dags/example_sla_dag.py
[2023-05-24T23:36:33.625+0000] {logging_mixin.py:137} INFO - [2023-05-24T23:36:33.625+0000] {dag.py:2690} INFO - Sync 1 DAGs
[2023-05-24T23:36:34.117+0000] {logging_mixin.py:137} INFO - [2023-05-24T23:36:34.111+0000] {dag.py:3441} INFO - Setting next_dagrun for example_sla_dag to 2023-05-24T23:34:00+00:00, run_after=2023-05-24T23:36:00+00:00
[2023-05-24T23:36:34.391+0000] {processor.py:175} INFO - Processing /home/airflow/.local/lib/python3.7/site-packages/airflow/example_dags/example_sla_dag.py took 1.478 seconds
[2023-05-24T23:37:32.664+0000] {processor.py:153} INFO - Started process (PID=343) to work on /home/airflow/.local/lib/python3.7/site-packages/airflow/example_dags/example_sla_dag.py
[2023-05-24T23:37:32.673+0000] {processor.py:743} INFO - Processing file /home/airflow/.local/lib/python3.7/site-packages/airflow/example_dags/example_sla_dag.py for tasks to queue
[2023-05-24T23:37:32.685+0000] {logging_mixin.py:137} INFO - [2023-05-24T23:37:32.684+0000] {dagbag.py:538} INFO - Filling up the DagBag from /home/airflow/.local/lib/python3.7/site-packages/airflow/example_dags/example_sla_dag.py
[2023-05-24T23:37:33.294+0000] {processor.py:753} INFO - DAG(s) dict_keys(['example_sla_dag']) retrieved from /home/airflow/.local/lib/python3.7/site-packages/airflow/example_dags/example_sla_dag.py
[2023-05-24T23:37:33.779+0000] {logging_mixin.py:137} INFO - [2023-05-24T23:37:33.767+0000] {dag.py:2690} INFO - Sync 1 DAGs
[2023-05-24T23:37:34.353+0000] {logging_mixin.py:137} INFO - [2023-05-24T23:37:34.353+0000] {dag.py:3441} INFO - Setting next_dagrun for example_sla_dag to 2023-05-24T23:34:00+00:00, run_after=2023-05-24T23:36:00+00:00
[2023-05-24T23:37:34.585+0000] {processor.py:175} INFO - Processing /home/airflow/.local/lib/python3.7/site-packages/airflow/example_dags/example_sla_dag.py took 1.948 seconds
[2023-05-24T23:38:57.775+0000] {processor.py:153} INFO - Started process (PID=424) to work on /home/airflow/.local/lib/python3.7/site-packages/airflow/example_dags/example_sla_dag.py
[2023-05-24T23:38:57.793+0000] {processor.py:743} INFO - Processing file /home/airflow/.local/lib/python3.7/site-packages/airflow/example_dags/example_sla_dag.py for tasks to queue
[2023-05-24T23:38:57.801+0000] {logging_mixin.py:137} INFO - [2023-05-24T23:38:57.800+0000] {dagbag.py:538} INFO - Filling up the DagBag from /home/airflow/.local/lib/python3.7/site-packages/airflow/example_dags/example_sla_dag.py
[2023-05-24T23:38:58.530+0000] {processor.py:753} INFO - DAG(s) dict_keys(['example_sla_dag']) retrieved from /home/airflow/.local/lib/python3.7/site-packages/airflow/example_dags/example_sla_dag.py
[2023-05-24T23:38:58.986+0000] {logging_mixin.py:137} INFO - [2023-05-24T23:38:58.985+0000] {dag.py:2690} INFO - Sync 1 DAGs
[2023-05-24T23:38:59.844+0000] {logging_mixin.py:137} INFO - [2023-05-24T23:38:59.844+0000] {dag.py:3441} INFO - Setting next_dagrun for example_sla_dag to 2023-05-24T23:36:00+00:00, run_after=2023-05-24T23:38:00+00:00
[2023-05-24T23:39:00.141+0000] {processor.py:175} INFO - Processing /home/airflow/.local/lib/python3.7/site-packages/airflow/example_dags/example_sla_dag.py took 2.413 seconds
[2023-05-24T23:40:06.365+0000] {processor.py:153} INFO - Started process (PID=501) to work on /home/airflow/.local/lib/python3.7/site-packages/airflow/example_dags/example_sla_dag.py
[2023-05-24T23:40:06.386+0000] {processor.py:743} INFO - Processing file /home/airflow/.local/lib/python3.7/site-packages/airflow/example_dags/example_sla_dag.py for tasks to queue
[2023-05-24T23:40:06.398+0000] {logging_mixin.py:137} INFO - [2023-05-24T23:40:06.397+0000] {dagbag.py:538} INFO - Filling up the DagBag from /home/airflow/.local/lib/python3.7/site-packages/airflow/example_dags/example_sla_dag.py
[2023-05-24T23:40:06.663+0000] {processor.py:753} INFO - DAG(s) dict_keys(['example_sla_dag']) retrieved from /home/airflow/.local/lib/python3.7/site-packages/airflow/example_dags/example_sla_dag.py
[2023-05-24T23:40:07.223+0000] {logging_mixin.py:137} INFO - [2023-05-24T23:40:07.223+0000] {dag.py:2690} INFO - Sync 1 DAGs
[2023-05-24T23:40:07.861+0000] {logging_mixin.py:137} INFO - [2023-05-24T23:40:07.853+0000] {dag.py:3441} INFO - Setting next_dagrun for example_sla_dag to 2023-05-24T23:38:00+00:00, run_after=2023-05-24T23:40:00+00:00
[2023-05-24T23:40:08.066+0000] {processor.py:175} INFO - Processing /home/airflow/.local/lib/python3.7/site-packages/airflow/example_dags/example_sla_dag.py took 1.714 seconds
[2023-05-24T23:40:39.043+0000] {processor.py:153} INFO - Started process (PID=559) to work on /home/airflow/.local/lib/python3.7/site-packages/airflow/example_dags/example_sla_dag.py
[2023-05-24T23:40:39.050+0000] {processor.py:743} INFO - Processing file /home/airflow/.local/lib/python3.7/site-packages/airflow/example_dags/example_sla_dag.py for tasks to queue
[2023-05-24T23:40:39.056+0000] {logging_mixin.py:137} INFO - [2023-05-24T23:40:39.055+0000] {dagbag.py:538} INFO - Filling up the DagBag from /home/airflow/.local/lib/python3.7/site-packages/airflow/example_dags/example_sla_dag.py
[2023-05-24T23:40:39.160+0000] {processor.py:753} INFO - DAG(s) dict_keys(['example_sla_dag']) retrieved from /home/airflow/.local/lib/python3.7/site-packages/airflow/example_dags/example_sla_dag.py
[2023-05-24T23:40:39.249+0000] {logging_mixin.py:137} INFO - [2023-05-24T23:40:39.248+0000] {dag.py:2690} INFO - Sync 1 DAGs
[2023-05-24T23:40:39.341+0000] {logging_mixin.py:137} INFO - [2023-05-24T23:40:39.341+0000] {dag.py:3441} INFO - Setting next_dagrun for example_sla_dag to 2023-05-24T23:38:00+00:00, run_after=2023-05-24T23:40:00+00:00
[2023-05-24T23:40:39.398+0000] {processor.py:175} INFO - Processing /home/airflow/.local/lib/python3.7/site-packages/airflow/example_dags/example_sla_dag.py took 0.365 seconds
[2023-05-24T23:43:15.134+0000] {processor.py:153} INFO - Started process (PID=88) to work on /home/airflow/.local/lib/python3.7/site-packages/airflow/example_dags/example_sla_dag.py
[2023-05-24T23:43:15.139+0000] {processor.py:743} INFO - Processing file /home/airflow/.local/lib/python3.7/site-packages/airflow/example_dags/example_sla_dag.py for tasks to queue
[2023-05-24T23:43:15.144+0000] {logging_mixin.py:137} INFO - [2023-05-24T23:43:15.143+0000] {dagbag.py:538} INFO - Filling up the DagBag from /home/airflow/.local/lib/python3.7/site-packages/airflow/example_dags/example_sla_dag.py
[2023-05-24T23:43:15.192+0000] {processor.py:753} INFO - DAG(s) dict_keys(['example_sla_dag']) retrieved from /home/airflow/.local/lib/python3.7/site-packages/airflow/example_dags/example_sla_dag.py
[2023-05-24T23:43:15.232+0000] {logging_mixin.py:137} INFO - [2023-05-24T23:43:15.231+0000] {dag.py:2690} INFO - Sync 1 DAGs
[2023-05-24T23:43:15.277+0000] {logging_mixin.py:137} INFO - [2023-05-24T23:43:15.277+0000] {dag.py:3441} INFO - Setting next_dagrun for example_sla_dag to 2023-05-24T23:40:00+00:00, run_after=2023-05-24T23:42:00+00:00
[2023-05-24T23:43:15.328+0000] {processor.py:175} INFO - Processing /home/airflow/.local/lib/python3.7/site-packages/airflow/example_dags/example_sla_dag.py took 0.202 seconds
[2023-05-24T23:43:57.766+0000] {processor.py:153} INFO - Started process (PID=148) to work on /home/airflow/.local/lib/python3.7/site-packages/airflow/example_dags/example_sla_dag.py
[2023-05-24T23:43:57.789+0000] {processor.py:743} INFO - Processing file /home/airflow/.local/lib/python3.7/site-packages/airflow/example_dags/example_sla_dag.py for tasks to queue
[2023-05-24T23:43:57.798+0000] {logging_mixin.py:137} INFO - [2023-05-24T23:43:57.798+0000] {dagbag.py:538} INFO - Filling up the DagBag from /home/airflow/.local/lib/python3.7/site-packages/airflow/example_dags/example_sla_dag.py
[2023-05-24T23:43:58.024+0000] {processor.py:753} INFO - DAG(s) dict_keys(['example_sla_dag']) retrieved from /home/airflow/.local/lib/python3.7/site-packages/airflow/example_dags/example_sla_dag.py
[2023-05-24T23:43:58.184+0000] {logging_mixin.py:137} INFO - [2023-05-24T23:43:58.184+0000] {dag.py:2690} INFO - Sync 1 DAGs
[2023-05-24T23:43:58.498+0000] {logging_mixin.py:137} INFO - [2023-05-24T23:43:58.498+0000] {dag.py:3441} INFO - Setting next_dagrun for example_sla_dag to 2023-05-24T23:40:00+00:00, run_after=2023-05-24T23:42:00+00:00
[2023-05-24T23:43:58.585+0000] {processor.py:175} INFO - Processing /home/airflow/.local/lib/python3.7/site-packages/airflow/example_dags/example_sla_dag.py took 0.836 seconds
[2023-05-24T23:44:30.038+0000] {processor.py:153} INFO - Started process (PID=208) to work on /home/airflow/.local/lib/python3.7/site-packages/airflow/example_dags/example_sla_dag.py
[2023-05-24T23:44:30.057+0000] {processor.py:743} INFO - Processing file /home/airflow/.local/lib/python3.7/site-packages/airflow/example_dags/example_sla_dag.py for tasks to queue
[2023-05-24T23:44:30.067+0000] {logging_mixin.py:137} INFO - [2023-05-24T23:44:30.067+0000] {dagbag.py:538} INFO - Filling up the DagBag from /home/airflow/.local/lib/python3.7/site-packages/airflow/example_dags/example_sla_dag.py
[2023-05-24T23:44:30.182+0000] {processor.py:753} INFO - DAG(s) dict_keys(['example_sla_dag']) retrieved from /home/airflow/.local/lib/python3.7/site-packages/airflow/example_dags/example_sla_dag.py
[2023-05-24T23:44:30.232+0000] {logging_mixin.py:137} INFO - [2023-05-24T23:44:30.231+0000] {dag.py:2690} INFO - Sync 1 DAGs
[2023-05-24T23:44:30.389+0000] {logging_mixin.py:137} INFO - [2023-05-24T23:44:30.389+0000] {dag.py:3441} INFO - Setting next_dagrun for example_sla_dag to 2023-05-24T23:42:00+00:00, run_after=2023-05-24T23:44:00+00:00
[2023-05-24T23:44:30.636+0000] {processor.py:175} INFO - Processing /home/airflow/.local/lib/python3.7/site-packages/airflow/example_dags/example_sla_dag.py took 0.618 seconds
[2023-05-24T23:45:00.929+0000] {processor.py:153} INFO - Started process (PID=267) to work on /home/airflow/.local/lib/python3.7/site-packages/airflow/example_dags/example_sla_dag.py
[2023-05-24T23:45:00.940+0000] {processor.py:743} INFO - Processing file /home/airflow/.local/lib/python3.7/site-packages/airflow/example_dags/example_sla_dag.py for tasks to queue
[2023-05-24T23:45:00.951+0000] {logging_mixin.py:137} INFO - [2023-05-24T23:45:00.948+0000] {dagbag.py:538} INFO - Filling up the DagBag from /home/airflow/.local/lib/python3.7/site-packages/airflow/example_dags/example_sla_dag.py
[2023-05-24T23:45:01.113+0000] {processor.py:753} INFO - DAG(s) dict_keys(['example_sla_dag']) retrieved from /home/airflow/.local/lib/python3.7/site-packages/airflow/example_dags/example_sla_dag.py
[2023-05-24T23:45:01.230+0000] {logging_mixin.py:137} INFO - [2023-05-24T23:45:01.230+0000] {dag.py:2690} INFO - Sync 1 DAGs
[2023-05-24T23:45:01.338+0000] {logging_mixin.py:137} INFO - [2023-05-24T23:45:01.338+0000] {dag.py:3441} INFO - Setting next_dagrun for example_sla_dag to 2023-05-24T23:42:00+00:00, run_after=2023-05-24T23:44:00+00:00
[2023-05-24T23:45:01.450+0000] {processor.py:175} INFO - Processing /home/airflow/.local/lib/python3.7/site-packages/airflow/example_dags/example_sla_dag.py took 0.552 seconds
[2023-05-24T23:45:32.148+0000] {processor.py:153} INFO - Started process (PID=334) to work on /home/airflow/.local/lib/python3.7/site-packages/airflow/example_dags/example_sla_dag.py
[2023-05-24T23:45:32.160+0000] {processor.py:743} INFO - Processing file /home/airflow/.local/lib/python3.7/site-packages/airflow/example_dags/example_sla_dag.py for tasks to queue
[2023-05-24T23:45:32.165+0000] {logging_mixin.py:137} INFO - [2023-05-24T23:45:32.165+0000] {dagbag.py:538} INFO - Filling up the DagBag from /home/airflow/.local/lib/python3.7/site-packages/airflow/example_dags/example_sla_dag.py
[2023-05-24T23:45:32.248+0000] {processor.py:753} INFO - DAG(s) dict_keys(['example_sla_dag']) retrieved from /home/airflow/.local/lib/python3.7/site-packages/airflow/example_dags/example_sla_dag.py
[2023-05-24T23:45:32.315+0000] {logging_mixin.py:137} INFO - [2023-05-24T23:45:32.315+0000] {dag.py:2690} INFO - Sync 1 DAGs
[2023-05-24T23:45:32.390+0000] {logging_mixin.py:137} INFO - [2023-05-24T23:45:32.390+0000] {dag.py:3441} INFO - Setting next_dagrun for example_sla_dag to 2023-05-24T23:42:00+00:00, run_after=2023-05-24T23:44:00+00:00
[2023-05-24T23:45:32.423+0000] {processor.py:175} INFO - Processing /home/airflow/.local/lib/python3.7/site-packages/airflow/example_dags/example_sla_dag.py took 0.283 seconds
[2023-05-24T23:46:03.348+0000] {processor.py:153} INFO - Started process (PID=396) to work on /home/airflow/.local/lib/python3.7/site-packages/airflow/example_dags/example_sla_dag.py
[2023-05-24T23:46:03.350+0000] {processor.py:743} INFO - Processing file /home/airflow/.local/lib/python3.7/site-packages/airflow/example_dags/example_sla_dag.py for tasks to queue
[2023-05-24T23:46:03.355+0000] {logging_mixin.py:137} INFO - [2023-05-24T23:46:03.354+0000] {dagbag.py:538} INFO - Filling up the DagBag from /home/airflow/.local/lib/python3.7/site-packages/airflow/example_dags/example_sla_dag.py
[2023-05-24T23:46:03.412+0000] {processor.py:753} INFO - DAG(s) dict_keys(['example_sla_dag']) retrieved from /home/airflow/.local/lib/python3.7/site-packages/airflow/example_dags/example_sla_dag.py
[2023-05-24T23:46:03.492+0000] {logging_mixin.py:137} INFO - [2023-05-24T23:46:03.492+0000] {dag.py:2690} INFO - Sync 1 DAGs
[2023-05-24T23:46:03.597+0000] {logging_mixin.py:137} INFO - [2023-05-24T23:46:03.597+0000] {dag.py:3441} INFO - Setting next_dagrun for example_sla_dag to 2023-05-24T23:44:00+00:00, run_after=2023-05-24T23:46:00+00:00
[2023-05-24T23:46:03.669+0000] {processor.py:175} INFO - Processing /home/airflow/.local/lib/python3.7/site-packages/airflow/example_dags/example_sla_dag.py took 0.336 seconds
[2023-05-24T23:46:34.369+0000] {processor.py:153} INFO - Started process (PID=458) to work on /home/airflow/.local/lib/python3.7/site-packages/airflow/example_dags/example_sla_dag.py
[2023-05-24T23:46:34.373+0000] {processor.py:743} INFO - Processing file /home/airflow/.local/lib/python3.7/site-packages/airflow/example_dags/example_sla_dag.py for tasks to queue
[2023-05-24T23:46:34.376+0000] {logging_mixin.py:137} INFO - [2023-05-24T23:46:34.376+0000] {dagbag.py:538} INFO - Filling up the DagBag from /home/airflow/.local/lib/python3.7/site-packages/airflow/example_dags/example_sla_dag.py
[2023-05-24T23:46:34.434+0000] {processor.py:753} INFO - DAG(s) dict_keys(['example_sla_dag']) retrieved from /home/airflow/.local/lib/python3.7/site-packages/airflow/example_dags/example_sla_dag.py
[2023-05-24T23:46:34.510+0000] {logging_mixin.py:137} INFO - [2023-05-24T23:46:34.510+0000] {dag.py:2690} INFO - Sync 1 DAGs
[2023-05-24T23:46:34.623+0000] {logging_mixin.py:137} INFO - [2023-05-24T23:46:34.623+0000] {dag.py:3441} INFO - Setting next_dagrun for example_sla_dag to 2023-05-24T23:44:00+00:00, run_after=2023-05-24T23:46:00+00:00
[2023-05-24T23:46:34.747+0000] {processor.py:175} INFO - Processing /home/airflow/.local/lib/python3.7/site-packages/airflow/example_dags/example_sla_dag.py took 0.391 seconds
[2023-05-24T23:47:05.126+0000] {processor.py:153} INFO - Started process (PID=517) to work on /home/airflow/.local/lib/python3.7/site-packages/airflow/example_dags/example_sla_dag.py
[2023-05-24T23:47:05.129+0000] {processor.py:743} INFO - Processing file /home/airflow/.local/lib/python3.7/site-packages/airflow/example_dags/example_sla_dag.py for tasks to queue
[2023-05-24T23:47:05.132+0000] {logging_mixin.py:137} INFO - [2023-05-24T23:47:05.131+0000] {dagbag.py:538} INFO - Filling up the DagBag from /home/airflow/.local/lib/python3.7/site-packages/airflow/example_dags/example_sla_dag.py
[2023-05-24T23:47:05.174+0000] {processor.py:753} INFO - DAG(s) dict_keys(['example_sla_dag']) retrieved from /home/airflow/.local/lib/python3.7/site-packages/airflow/example_dags/example_sla_dag.py
[2023-05-24T23:47:05.213+0000] {logging_mixin.py:137} INFO - [2023-05-24T23:47:05.213+0000] {dag.py:2690} INFO - Sync 1 DAGs
[2023-05-24T23:47:05.252+0000] {logging_mixin.py:137} INFO - [2023-05-24T23:47:05.252+0000] {dag.py:3441} INFO - Setting next_dagrun for example_sla_dag to 2023-05-24T23:44:00+00:00, run_after=2023-05-24T23:46:00+00:00
[2023-05-24T23:47:05.279+0000] {processor.py:175} INFO - Processing /home/airflow/.local/lib/python3.7/site-packages/airflow/example_dags/example_sla_dag.py took 0.157 seconds
[2023-05-24T23:47:36.087+0000] {processor.py:153} INFO - Started process (PID=576) to work on /home/airflow/.local/lib/python3.7/site-packages/airflow/example_dags/example_sla_dag.py
[2023-05-24T23:47:36.090+0000] {processor.py:743} INFO - Processing file /home/airflow/.local/lib/python3.7/site-packages/airflow/example_dags/example_sla_dag.py for tasks to queue
[2023-05-24T23:47:36.094+0000] {logging_mixin.py:137} INFO - [2023-05-24T23:47:36.094+0000] {dagbag.py:538} INFO - Filling up the DagBag from /home/airflow/.local/lib/python3.7/site-packages/airflow/example_dags/example_sla_dag.py
[2023-05-24T23:47:36.125+0000] {processor.py:753} INFO - DAG(s) dict_keys(['example_sla_dag']) retrieved from /home/airflow/.local/lib/python3.7/site-packages/airflow/example_dags/example_sla_dag.py
[2023-05-24T23:47:36.160+0000] {logging_mixin.py:137} INFO - [2023-05-24T23:47:36.160+0000] {dag.py:2690} INFO - Sync 1 DAGs
[2023-05-24T23:47:36.196+0000] {logging_mixin.py:137} INFO - [2023-05-24T23:47:36.196+0000] {dag.py:3441} INFO - Setting next_dagrun for example_sla_dag to 2023-05-24T23:44:00+00:00, run_after=2023-05-24T23:46:00+00:00
[2023-05-24T23:47:36.231+0000] {processor.py:175} INFO - Processing /home/airflow/.local/lib/python3.7/site-packages/airflow/example_dags/example_sla_dag.py took 0.149 seconds
[2023-05-24T23:48:06.459+0000] {processor.py:153} INFO - Started process (PID=637) to work on /home/airflow/.local/lib/python3.7/site-packages/airflow/example_dags/example_sla_dag.py
[2023-05-24T23:48:06.462+0000] {processor.py:743} INFO - Processing file /home/airflow/.local/lib/python3.7/site-packages/airflow/example_dags/example_sla_dag.py for tasks to queue
[2023-05-24T23:48:06.465+0000] {logging_mixin.py:137} INFO - [2023-05-24T23:48:06.464+0000] {dagbag.py:538} INFO - Filling up the DagBag from /home/airflow/.local/lib/python3.7/site-packages/airflow/example_dags/example_sla_dag.py
[2023-05-24T23:48:06.546+0000] {processor.py:753} INFO - DAG(s) dict_keys(['example_sla_dag']) retrieved from /home/airflow/.local/lib/python3.7/site-packages/airflow/example_dags/example_sla_dag.py
[2023-05-24T23:48:06.633+0000] {logging_mixin.py:137} INFO - [2023-05-24T23:48:06.633+0000] {dag.py:2690} INFO - Sync 1 DAGs
[2023-05-24T23:48:06.713+0000] {logging_mixin.py:137} INFO - [2023-05-24T23:48:06.713+0000] {dag.py:3441} INFO - Setting next_dagrun for example_sla_dag to 2023-05-24T23:46:00+00:00, run_after=2023-05-24T23:48:00+00:00
[2023-05-24T23:48:06.914+0000] {processor.py:175} INFO - Processing /home/airflow/.local/lib/python3.7/site-packages/airflow/example_dags/example_sla_dag.py took 0.464 seconds
[2023-05-24T23:48:37.775+0000] {processor.py:153} INFO - Started process (PID=697) to work on /home/airflow/.local/lib/python3.7/site-packages/airflow/example_dags/example_sla_dag.py
[2023-05-24T23:48:37.778+0000] {processor.py:743} INFO - Processing file /home/airflow/.local/lib/python3.7/site-packages/airflow/example_dags/example_sla_dag.py for tasks to queue
[2023-05-24T23:48:37.784+0000] {logging_mixin.py:137} INFO - [2023-05-24T23:48:37.783+0000] {dagbag.py:538} INFO - Filling up the DagBag from /home/airflow/.local/lib/python3.7/site-packages/airflow/example_dags/example_sla_dag.py
[2023-05-24T23:48:37.863+0000] {processor.py:753} INFO - DAG(s) dict_keys(['example_sla_dag']) retrieved from /home/airflow/.local/lib/python3.7/site-packages/airflow/example_dags/example_sla_dag.py
[2023-05-24T23:48:37.930+0000] {logging_mixin.py:137} INFO - [2023-05-24T23:48:37.930+0000] {dag.py:2690} INFO - Sync 1 DAGs
[2023-05-24T23:48:38.030+0000] {logging_mixin.py:137} INFO - [2023-05-24T23:48:38.030+0000] {dag.py:3441} INFO - Setting next_dagrun for example_sla_dag to 2023-05-24T23:46:00+00:00, run_after=2023-05-24T23:48:00+00:00
[2023-05-24T23:48:38.102+0000] {processor.py:175} INFO - Processing /home/airflow/.local/lib/python3.7/site-packages/airflow/example_dags/example_sla_dag.py took 0.356 seconds
[2023-05-24T23:49:09.031+0000] {processor.py:153} INFO - Started process (PID=756) to work on /home/airflow/.local/lib/python3.7/site-packages/airflow/example_dags/example_sla_dag.py
[2023-05-24T23:49:09.038+0000] {processor.py:743} INFO - Processing file /home/airflow/.local/lib/python3.7/site-packages/airflow/example_dags/example_sla_dag.py for tasks to queue
[2023-05-24T23:49:09.041+0000] {logging_mixin.py:137} INFO - [2023-05-24T23:49:09.041+0000] {dagbag.py:538} INFO - Filling up the DagBag from /home/airflow/.local/lib/python3.7/site-packages/airflow/example_dags/example_sla_dag.py
[2023-05-24T23:49:09.168+0000] {processor.py:753} INFO - DAG(s) dict_keys(['example_sla_dag']) retrieved from /home/airflow/.local/lib/python3.7/site-packages/airflow/example_dags/example_sla_dag.py
[2023-05-24T23:49:09.241+0000] {logging_mixin.py:137} INFO - [2023-05-24T23:49:09.241+0000] {dag.py:2690} INFO - Sync 1 DAGs
[2023-05-24T23:49:09.319+0000] {logging_mixin.py:137} INFO - [2023-05-24T23:49:09.318+0000] {dag.py:3441} INFO - Setting next_dagrun for example_sla_dag to 2023-05-24T23:46:00+00:00, run_after=2023-05-24T23:48:00+00:00
[2023-05-24T23:49:09.386+0000] {processor.py:175} INFO - Processing /home/airflow/.local/lib/python3.7/site-packages/airflow/example_dags/example_sla_dag.py took 0.401 seconds
[2023-05-24T23:49:39.736+0000] {processor.py:153} INFO - Started process (PID=822) to work on /home/airflow/.local/lib/python3.7/site-packages/airflow/example_dags/example_sla_dag.py
[2023-05-24T23:49:39.743+0000] {processor.py:743} INFO - Processing file /home/airflow/.local/lib/python3.7/site-packages/airflow/example_dags/example_sla_dag.py for tasks to queue
[2023-05-24T23:49:39.748+0000] {logging_mixin.py:137} INFO - [2023-05-24T23:49:39.748+0000] {dagbag.py:538} INFO - Filling up the DagBag from /home/airflow/.local/lib/python3.7/site-packages/airflow/example_dags/example_sla_dag.py
[2023-05-24T23:49:39.888+0000] {processor.py:753} INFO - DAG(s) dict_keys(['example_sla_dag']) retrieved from /home/airflow/.local/lib/python3.7/site-packages/airflow/example_dags/example_sla_dag.py
[2023-05-24T23:49:39.988+0000] {logging_mixin.py:137} INFO - [2023-05-24T23:49:39.988+0000] {dag.py:2690} INFO - Sync 1 DAGs
[2023-05-24T23:49:40.177+0000] {logging_mixin.py:137} INFO - [2023-05-24T23:49:40.177+0000] {dag.py:3441} INFO - Setting next_dagrun for example_sla_dag to 2023-05-24T23:46:00+00:00, run_after=2023-05-24T23:48:00+00:00
[2023-05-24T23:49:40.401+0000] {processor.py:175} INFO - Processing /home/airflow/.local/lib/python3.7/site-packages/airflow/example_dags/example_sla_dag.py took 0.694 seconds
[2023-05-24T23:50:10.534+0000] {processor.py:153} INFO - Started process (PID=874) to work on /home/airflow/.local/lib/python3.7/site-packages/airflow/example_dags/example_sla_dag.py
[2023-05-24T23:50:10.540+0000] {processor.py:743} INFO - Processing file /home/airflow/.local/lib/python3.7/site-packages/airflow/example_dags/example_sla_dag.py for tasks to queue
[2023-05-24T23:50:10.543+0000] {logging_mixin.py:137} INFO - [2023-05-24T23:50:10.543+0000] {dagbag.py:538} INFO - Filling up the DagBag from /home/airflow/.local/lib/python3.7/site-packages/airflow/example_dags/example_sla_dag.py
[2023-05-24T23:50:10.599+0000] {processor.py:753} INFO - DAG(s) dict_keys(['example_sla_dag']) retrieved from /home/airflow/.local/lib/python3.7/site-packages/airflow/example_dags/example_sla_dag.py
[2023-05-24T23:50:10.649+0000] {logging_mixin.py:137} INFO - [2023-05-24T23:50:10.649+0000] {dag.py:2690} INFO - Sync 1 DAGs
[2023-05-24T23:50:10.699+0000] {logging_mixin.py:137} INFO - [2023-05-24T23:50:10.699+0000] {dag.py:3441} INFO - Setting next_dagrun for example_sla_dag to 2023-05-24T23:48:00+00:00, run_after=2023-05-24T23:50:00+00:00
[2023-05-24T23:50:10.738+0000] {processor.py:175} INFO - Processing /home/airflow/.local/lib/python3.7/site-packages/airflow/example_dags/example_sla_dag.py took 0.216 seconds
[2023-05-24T23:50:40.998+0000] {processor.py:153} INFO - Started process (PID=942) to work on /home/airflow/.local/lib/python3.7/site-packages/airflow/example_dags/example_sla_dag.py
[2023-05-24T23:50:41.012+0000] {processor.py:743} INFO - Processing file /home/airflow/.local/lib/python3.7/site-packages/airflow/example_dags/example_sla_dag.py for tasks to queue
[2023-05-24T23:50:41.015+0000] {logging_mixin.py:137} INFO - [2023-05-24T23:50:41.014+0000] {dagbag.py:538} INFO - Filling up the DagBag from /home/airflow/.local/lib/python3.7/site-packages/airflow/example_dags/example_sla_dag.py
[2023-05-24T23:50:41.104+0000] {processor.py:753} INFO - DAG(s) dict_keys(['example_sla_dag']) retrieved from /home/airflow/.local/lib/python3.7/site-packages/airflow/example_dags/example_sla_dag.py
[2023-05-24T23:50:41.187+0000] {logging_mixin.py:137} INFO - [2023-05-24T23:50:41.187+0000] {dag.py:2690} INFO - Sync 1 DAGs
[2023-05-24T23:50:41.265+0000] {logging_mixin.py:137} INFO - [2023-05-24T23:50:41.264+0000] {dag.py:3441} INFO - Setting next_dagrun for example_sla_dag to 2023-05-24T23:48:00+00:00, run_after=2023-05-24T23:50:00+00:00
[2023-05-24T23:50:41.319+0000] {processor.py:175} INFO - Processing /home/airflow/.local/lib/python3.7/site-packages/airflow/example_dags/example_sla_dag.py took 0.330 seconds
[2023-05-24T23:51:14.955+0000] {processor.py:153} INFO - Started process (PID=1005) to work on /home/airflow/.local/lib/python3.7/site-packages/airflow/example_dags/example_sla_dag.py
[2023-05-24T23:51:14.964+0000] {processor.py:743} INFO - Processing file /home/airflow/.local/lib/python3.7/site-packages/airflow/example_dags/example_sla_dag.py for tasks to queue
[2023-05-24T23:51:14.971+0000] {logging_mixin.py:137} INFO - [2023-05-24T23:51:14.969+0000] {dagbag.py:538} INFO - Filling up the DagBag from /home/airflow/.local/lib/python3.7/site-packages/airflow/example_dags/example_sla_dag.py
[2023-05-24T23:51:15.200+0000] {processor.py:753} INFO - DAG(s) dict_keys(['example_sla_dag']) retrieved from /home/airflow/.local/lib/python3.7/site-packages/airflow/example_dags/example_sla_dag.py
[2023-05-24T23:51:15.448+0000] {logging_mixin.py:137} INFO - [2023-05-24T23:51:15.448+0000] {dag.py:2690} INFO - Sync 1 DAGs
[2023-05-24T23:51:15.697+0000] {logging_mixin.py:137} INFO - [2023-05-24T23:51:15.697+0000] {dag.py:3441} INFO - Setting next_dagrun for example_sla_dag to 2023-05-24T23:48:00+00:00, run_after=2023-05-24T23:50:00+00:00
[2023-05-24T23:51:15.878+0000] {processor.py:175} INFO - Processing /home/airflow/.local/lib/python3.7/site-packages/airflow/example_dags/example_sla_dag.py took 0.935 seconds
[2023-05-24T23:51:46.290+0000] {processor.py:153} INFO - Started process (PID=1064) to work on /home/airflow/.local/lib/python3.7/site-packages/airflow/example_dags/example_sla_dag.py
[2023-05-24T23:51:46.294+0000] {processor.py:743} INFO - Processing file /home/airflow/.local/lib/python3.7/site-packages/airflow/example_dags/example_sla_dag.py for tasks to queue
[2023-05-24T23:51:46.296+0000] {logging_mixin.py:137} INFO - [2023-05-24T23:51:46.296+0000] {dagbag.py:538} INFO - Filling up the DagBag from /home/airflow/.local/lib/python3.7/site-packages/airflow/example_dags/example_sla_dag.py
[2023-05-24T23:51:46.355+0000] {processor.py:753} INFO - DAG(s) dict_keys(['example_sla_dag']) retrieved from /home/airflow/.local/lib/python3.7/site-packages/airflow/example_dags/example_sla_dag.py
[2023-05-24T23:51:46.411+0000] {logging_mixin.py:137} INFO - [2023-05-24T23:51:46.411+0000] {dag.py:2690} INFO - Sync 1 DAGs
[2023-05-24T23:51:46.466+0000] {logging_mixin.py:137} INFO - [2023-05-24T23:51:46.466+0000] {dag.py:3441} INFO - Setting next_dagrun for example_sla_dag to 2023-05-24T23:48:00+00:00, run_after=2023-05-24T23:50:00+00:00
[2023-05-24T23:51:46.512+0000] {processor.py:175} INFO - Processing /home/airflow/.local/lib/python3.7/site-packages/airflow/example_dags/example_sla_dag.py took 0.230 seconds
[2023-05-24T23:52:18.953+0000] {processor.py:153} INFO - Started process (PID=1128) to work on /home/airflow/.local/lib/python3.7/site-packages/airflow/example_dags/example_sla_dag.py
[2023-05-24T23:52:18.958+0000] {processor.py:743} INFO - Processing file /home/airflow/.local/lib/python3.7/site-packages/airflow/example_dags/example_sla_dag.py for tasks to queue
[2023-05-24T23:52:18.969+0000] {logging_mixin.py:137} INFO - [2023-05-24T23:52:18.969+0000] {dagbag.py:538} INFO - Filling up the DagBag from /home/airflow/.local/lib/python3.7/site-packages/airflow/example_dags/example_sla_dag.py
[2023-05-24T23:52:19.164+0000] {processor.py:753} INFO - DAG(s) dict_keys(['example_sla_dag']) retrieved from /home/airflow/.local/lib/python3.7/site-packages/airflow/example_dags/example_sla_dag.py
[2023-05-24T23:52:19.326+0000] {logging_mixin.py:137} INFO - [2023-05-24T23:52:19.324+0000] {dag.py:2690} INFO - Sync 1 DAGs
[2023-05-24T23:52:19.521+0000] {logging_mixin.py:137} INFO - [2023-05-24T23:52:19.512+0000] {dag.py:3441} INFO - Setting next_dagrun for example_sla_dag to 2023-05-24T23:50:00+00:00, run_after=2023-05-24T23:52:00+00:00
[2023-05-24T23:52:19.668+0000] {processor.py:175} INFO - Processing /home/airflow/.local/lib/python3.7/site-packages/airflow/example_dags/example_sla_dag.py took 0.749 seconds
[2023-05-24T23:53:03.823+0000] {processor.py:153} INFO - Started process (PID=1204) to work on /home/airflow/.local/lib/python3.7/site-packages/airflow/example_dags/example_sla_dag.py
[2023-05-24T23:53:03.826+0000] {processor.py:743} INFO - Processing file /home/airflow/.local/lib/python3.7/site-packages/airflow/example_dags/example_sla_dag.py for tasks to queue
[2023-05-24T23:53:03.829+0000] {logging_mixin.py:137} INFO - [2023-05-24T23:53:03.828+0000] {dagbag.py:538} INFO - Filling up the DagBag from /home/airflow/.local/lib/python3.7/site-packages/airflow/example_dags/example_sla_dag.py
[2023-05-24T23:53:03.878+0000] {processor.py:753} INFO - DAG(s) dict_keys(['example_sla_dag']) retrieved from /home/airflow/.local/lib/python3.7/site-packages/airflow/example_dags/example_sla_dag.py
[2023-05-24T23:53:03.955+0000] {logging_mixin.py:137} INFO - [2023-05-24T23:53:03.954+0000] {dag.py:2690} INFO - Sync 1 DAGs
[2023-05-24T23:53:04.126+0000] {logging_mixin.py:137} INFO - [2023-05-24T23:53:04.125+0000] {dag.py:3441} INFO - Setting next_dagrun for example_sla_dag to 2023-05-24T23:50:00+00:00, run_after=2023-05-24T23:52:00+00:00
[2023-05-24T23:53:04.221+0000] {processor.py:175} INFO - Processing /home/airflow/.local/lib/python3.7/site-packages/airflow/example_dags/example_sla_dag.py took 0.416 seconds
[2023-05-24T23:53:34.454+0000] {processor.py:153} INFO - Started process (PID=1265) to work on /home/airflow/.local/lib/python3.7/site-packages/airflow/example_dags/example_sla_dag.py
[2023-05-24T23:53:34.457+0000] {processor.py:743} INFO - Processing file /home/airflow/.local/lib/python3.7/site-packages/airflow/example_dags/example_sla_dag.py for tasks to queue
[2023-05-24T23:53:34.460+0000] {logging_mixin.py:137} INFO - [2023-05-24T23:53:34.459+0000] {dagbag.py:538} INFO - Filling up the DagBag from /home/airflow/.local/lib/python3.7/site-packages/airflow/example_dags/example_sla_dag.py
[2023-05-24T23:53:34.505+0000] {processor.py:753} INFO - DAG(s) dict_keys(['example_sla_dag']) retrieved from /home/airflow/.local/lib/python3.7/site-packages/airflow/example_dags/example_sla_dag.py
[2023-05-24T23:53:34.543+0000] {logging_mixin.py:137} INFO - [2023-05-24T23:53:34.542+0000] {dag.py:2690} INFO - Sync 1 DAGs
[2023-05-24T23:53:34.586+0000] {logging_mixin.py:137} INFO - [2023-05-24T23:53:34.586+0000] {dag.py:3441} INFO - Setting next_dagrun for example_sla_dag to 2023-05-24T23:50:00+00:00, run_after=2023-05-24T23:52:00+00:00
[2023-05-24T23:53:34.613+0000] {processor.py:175} INFO - Processing /home/airflow/.local/lib/python3.7/site-packages/airflow/example_dags/example_sla_dag.py took 0.166 seconds
[2023-05-24T23:54:08.082+0000] {processor.py:153} INFO - Started process (PID=1332) to work on /home/airflow/.local/lib/python3.7/site-packages/airflow/example_dags/example_sla_dag.py
[2023-05-24T23:54:08.089+0000] {processor.py:743} INFO - Processing file /home/airflow/.local/lib/python3.7/site-packages/airflow/example_dags/example_sla_dag.py for tasks to queue
[2023-05-24T23:54:08.096+0000] {logging_mixin.py:137} INFO - [2023-05-24T23:54:08.095+0000] {dagbag.py:538} INFO - Filling up the DagBag from /home/airflow/.local/lib/python3.7/site-packages/airflow/example_dags/example_sla_dag.py
[2023-05-24T23:54:08.196+0000] {processor.py:753} INFO - DAG(s) dict_keys(['example_sla_dag']) retrieved from /home/airflow/.local/lib/python3.7/site-packages/airflow/example_dags/example_sla_dag.py
[2023-05-24T23:54:08.307+0000] {logging_mixin.py:137} INFO - [2023-05-24T23:54:08.307+0000] {dag.py:2690} INFO - Sync 1 DAGs
[2023-05-24T23:54:08.492+0000] {logging_mixin.py:137} INFO - [2023-05-24T23:54:08.491+0000] {dag.py:3441} INFO - Setting next_dagrun for example_sla_dag to 2023-05-24T23:52:00+00:00, run_after=2023-05-24T23:54:00+00:00
[2023-05-24T23:54:08.592+0000] {processor.py:175} INFO - Processing /home/airflow/.local/lib/python3.7/site-packages/airflow/example_dags/example_sla_dag.py took 0.521 seconds
[2023-05-24T23:54:39.171+0000] {processor.py:153} INFO - Started process (PID=1385) to work on /home/airflow/.local/lib/python3.7/site-packages/airflow/example_dags/example_sla_dag.py
[2023-05-24T23:54:39.180+0000] {processor.py:743} INFO - Processing file /home/airflow/.local/lib/python3.7/site-packages/airflow/example_dags/example_sla_dag.py for tasks to queue
[2023-05-24T23:54:39.188+0000] {logging_mixin.py:137} INFO - [2023-05-24T23:54:39.187+0000] {dagbag.py:538} INFO - Filling up the DagBag from /home/airflow/.local/lib/python3.7/site-packages/airflow/example_dags/example_sla_dag.py
[2023-05-24T23:54:39.317+0000] {processor.py:753} INFO - DAG(s) dict_keys(['example_sla_dag']) retrieved from /home/airflow/.local/lib/python3.7/site-packages/airflow/example_dags/example_sla_dag.py
[2023-05-24T23:54:39.426+0000] {logging_mixin.py:137} INFO - [2023-05-24T23:54:39.426+0000] {dag.py:2690} INFO - Sync 1 DAGs
[2023-05-24T23:54:39.511+0000] {logging_mixin.py:137} INFO - [2023-05-24T23:54:39.511+0000] {dag.py:3441} INFO - Setting next_dagrun for example_sla_dag to 2023-05-24T23:52:00+00:00, run_after=2023-05-24T23:54:00+00:00
[2023-05-24T23:54:39.565+0000] {processor.py:175} INFO - Processing /home/airflow/.local/lib/python3.7/site-packages/airflow/example_dags/example_sla_dag.py took 0.427 seconds
[2023-05-24T23:55:09.763+0000] {processor.py:153} INFO - Started process (PID=1444) to work on /home/airflow/.local/lib/python3.7/site-packages/airflow/example_dags/example_sla_dag.py
[2023-05-24T23:55:09.768+0000] {processor.py:743} INFO - Processing file /home/airflow/.local/lib/python3.7/site-packages/airflow/example_dags/example_sla_dag.py for tasks to queue
[2023-05-24T23:55:09.776+0000] {logging_mixin.py:137} INFO - [2023-05-24T23:55:09.776+0000] {dagbag.py:538} INFO - Filling up the DagBag from /home/airflow/.local/lib/python3.7/site-packages/airflow/example_dags/example_sla_dag.py
[2023-05-24T23:55:09.822+0000] {processor.py:753} INFO - DAG(s) dict_keys(['example_sla_dag']) retrieved from /home/airflow/.local/lib/python3.7/site-packages/airflow/example_dags/example_sla_dag.py
[2023-05-24T23:55:09.912+0000] {logging_mixin.py:137} INFO - [2023-05-24T23:55:09.911+0000] {dag.py:2690} INFO - Sync 1 DAGs
[2023-05-24T23:55:09.967+0000] {logging_mixin.py:137} INFO - [2023-05-24T23:55:09.967+0000] {dag.py:3441} INFO - Setting next_dagrun for example_sla_dag to 2023-05-24T23:52:00+00:00, run_after=2023-05-24T23:54:00+00:00
[2023-05-24T23:55:10.022+0000] {processor.py:175} INFO - Processing /home/airflow/.local/lib/python3.7/site-packages/airflow/example_dags/example_sla_dag.py took 0.287 seconds
[2023-05-24T23:55:40.675+0000] {processor.py:153} INFO - Started process (PID=1504) to work on /home/airflow/.local/lib/python3.7/site-packages/airflow/example_dags/example_sla_dag.py
[2023-05-24T23:55:40.687+0000] {processor.py:743} INFO - Processing file /home/airflow/.local/lib/python3.7/site-packages/airflow/example_dags/example_sla_dag.py for tasks to queue
[2023-05-24T23:55:40.692+0000] {logging_mixin.py:137} INFO - [2023-05-24T23:55:40.692+0000] {dagbag.py:538} INFO - Filling up the DagBag from /home/airflow/.local/lib/python3.7/site-packages/airflow/example_dags/example_sla_dag.py
[2023-05-24T23:55:40.804+0000] {processor.py:753} INFO - DAG(s) dict_keys(['example_sla_dag']) retrieved from /home/airflow/.local/lib/python3.7/site-packages/airflow/example_dags/example_sla_dag.py
[2023-05-24T23:55:40.955+0000] {logging_mixin.py:137} INFO - [2023-05-24T23:55:40.954+0000] {dag.py:2690} INFO - Sync 1 DAGs
[2023-05-24T23:55:41.054+0000] {logging_mixin.py:137} INFO - [2023-05-24T23:55:41.054+0000] {dag.py:3441} INFO - Setting next_dagrun for example_sla_dag to 2023-05-24T23:52:00+00:00, run_after=2023-05-24T23:54:00+00:00
[2023-05-24T23:55:41.091+0000] {processor.py:175} INFO - Processing /home/airflow/.local/lib/python3.7/site-packages/airflow/example_dags/example_sla_dag.py took 0.422 seconds
[2023-05-24T23:56:11.261+0000] {processor.py:153} INFO - Started process (PID=1564) to work on /home/airflow/.local/lib/python3.7/site-packages/airflow/example_dags/example_sla_dag.py
[2023-05-24T23:56:11.264+0000] {processor.py:743} INFO - Processing file /home/airflow/.local/lib/python3.7/site-packages/airflow/example_dags/example_sla_dag.py for tasks to queue
[2023-05-24T23:56:11.267+0000] {logging_mixin.py:137} INFO - [2023-05-24T23:56:11.267+0000] {dagbag.py:538} INFO - Filling up the DagBag from /home/airflow/.local/lib/python3.7/site-packages/airflow/example_dags/example_sla_dag.py
[2023-05-24T23:56:11.309+0000] {processor.py:753} INFO - DAG(s) dict_keys(['example_sla_dag']) retrieved from /home/airflow/.local/lib/python3.7/site-packages/airflow/example_dags/example_sla_dag.py
[2023-05-24T23:56:11.344+0000] {logging_mixin.py:137} INFO - [2023-05-24T23:56:11.344+0000] {dag.py:2690} INFO - Sync 1 DAGs
[2023-05-24T23:56:11.391+0000] {logging_mixin.py:137} INFO - [2023-05-24T23:56:11.390+0000] {dag.py:3441} INFO - Setting next_dagrun for example_sla_dag to 2023-05-24T23:54:00+00:00, run_after=2023-05-24T23:56:00+00:00
[2023-05-24T23:56:11.435+0000] {processor.py:175} INFO - Processing /home/airflow/.local/lib/python3.7/site-packages/airflow/example_dags/example_sla_dag.py took 0.204 seconds
[2023-05-24T23:56:41.610+0000] {processor.py:153} INFO - Started process (PID=1623) to work on /home/airflow/.local/lib/python3.7/site-packages/airflow/example_dags/example_sla_dag.py
[2023-05-24T23:56:41.613+0000] {processor.py:743} INFO - Processing file /home/airflow/.local/lib/python3.7/site-packages/airflow/example_dags/example_sla_dag.py for tasks to queue
[2023-05-24T23:56:41.616+0000] {logging_mixin.py:137} INFO - [2023-05-24T23:56:41.616+0000] {dagbag.py:538} INFO - Filling up the DagBag from /home/airflow/.local/lib/python3.7/site-packages/airflow/example_dags/example_sla_dag.py
[2023-05-24T23:56:41.694+0000] {processor.py:753} INFO - DAG(s) dict_keys(['example_sla_dag']) retrieved from /home/airflow/.local/lib/python3.7/site-packages/airflow/example_dags/example_sla_dag.py
[2023-05-24T23:56:41.732+0000] {logging_mixin.py:137} INFO - [2023-05-24T23:56:41.732+0000] {dag.py:2690} INFO - Sync 1 DAGs
[2023-05-24T23:56:41.797+0000] {logging_mixin.py:137} INFO - [2023-05-24T23:56:41.797+0000] {dag.py:3441} INFO - Setting next_dagrun for example_sla_dag to 2023-05-24T23:54:00+00:00, run_after=2023-05-24T23:56:00+00:00
[2023-05-24T23:56:41.828+0000] {processor.py:175} INFO - Processing /home/airflow/.local/lib/python3.7/site-packages/airflow/example_dags/example_sla_dag.py took 0.224 seconds
[2023-05-24T23:57:12.400+0000] {processor.py:153} INFO - Started process (PID=1682) to work on /home/airflow/.local/lib/python3.7/site-packages/airflow/example_dags/example_sla_dag.py
[2023-05-24T23:57:12.404+0000] {processor.py:743} INFO - Processing file /home/airflow/.local/lib/python3.7/site-packages/airflow/example_dags/example_sla_dag.py for tasks to queue
[2023-05-24T23:57:12.409+0000] {logging_mixin.py:137} INFO - [2023-05-24T23:57:12.408+0000] {dagbag.py:538} INFO - Filling up the DagBag from /home/airflow/.local/lib/python3.7/site-packages/airflow/example_dags/example_sla_dag.py
[2023-05-24T23:57:12.446+0000] {processor.py:753} INFO - DAG(s) dict_keys(['example_sla_dag']) retrieved from /home/airflow/.local/lib/python3.7/site-packages/airflow/example_dags/example_sla_dag.py
[2023-05-24T23:57:12.503+0000] {logging_mixin.py:137} INFO - [2023-05-24T23:57:12.503+0000] {dag.py:2690} INFO - Sync 1 DAGs
[2023-05-24T23:57:12.554+0000] {logging_mixin.py:137} INFO - [2023-05-24T23:57:12.554+0000] {dag.py:3441} INFO - Setting next_dagrun for example_sla_dag to 2023-05-24T23:54:00+00:00, run_after=2023-05-24T23:56:00+00:00
[2023-05-24T23:57:12.586+0000] {processor.py:175} INFO - Processing /home/airflow/.local/lib/python3.7/site-packages/airflow/example_dags/example_sla_dag.py took 0.193 seconds
[2023-05-24T23:57:43.029+0000] {processor.py:153} INFO - Started process (PID=1741) to work on /home/airflow/.local/lib/python3.7/site-packages/airflow/example_dags/example_sla_dag.py
[2023-05-24T23:57:43.036+0000] {processor.py:743} INFO - Processing file /home/airflow/.local/lib/python3.7/site-packages/airflow/example_dags/example_sla_dag.py for tasks to queue
[2023-05-24T23:57:43.041+0000] {logging_mixin.py:137} INFO - [2023-05-24T23:57:43.040+0000] {dagbag.py:538} INFO - Filling up the DagBag from /home/airflow/.local/lib/python3.7/site-packages/airflow/example_dags/example_sla_dag.py
[2023-05-24T23:57:43.102+0000] {processor.py:753} INFO - DAG(s) dict_keys(['example_sla_dag']) retrieved from /home/airflow/.local/lib/python3.7/site-packages/airflow/example_dags/example_sla_dag.py
[2023-05-24T23:57:43.171+0000] {logging_mixin.py:137} INFO - [2023-05-24T23:57:43.170+0000] {dag.py:2690} INFO - Sync 1 DAGs
[2023-05-24T23:57:43.270+0000] {logging_mixin.py:137} INFO - [2023-05-24T23:57:43.270+0000] {dag.py:3441} INFO - Setting next_dagrun for example_sla_dag to 2023-05-24T23:54:00+00:00, run_after=2023-05-24T23:56:00+00:00
[2023-05-24T23:57:43.341+0000] {processor.py:175} INFO - Processing /home/airflow/.local/lib/python3.7/site-packages/airflow/example_dags/example_sla_dag.py took 0.326 seconds
[2023-05-24T23:58:13.583+0000] {processor.py:153} INFO - Started process (PID=1800) to work on /home/airflow/.local/lib/python3.7/site-packages/airflow/example_dags/example_sla_dag.py
[2023-05-24T23:58:13.588+0000] {processor.py:743} INFO - Processing file /home/airflow/.local/lib/python3.7/site-packages/airflow/example_dags/example_sla_dag.py for tasks to queue
[2023-05-24T23:58:13.593+0000] {logging_mixin.py:137} INFO - [2023-05-24T23:58:13.592+0000] {dagbag.py:538} INFO - Filling up the DagBag from /home/airflow/.local/lib/python3.7/site-packages/airflow/example_dags/example_sla_dag.py
[2023-05-24T23:58:13.649+0000] {processor.py:753} INFO - DAG(s) dict_keys(['example_sla_dag']) retrieved from /home/airflow/.local/lib/python3.7/site-packages/airflow/example_dags/example_sla_dag.py
[2023-05-24T23:58:13.724+0000] {logging_mixin.py:137} INFO - [2023-05-24T23:58:13.724+0000] {dag.py:2690} INFO - Sync 1 DAGs
[2023-05-24T23:58:13.805+0000] {logging_mixin.py:137} INFO - [2023-05-24T23:58:13.804+0000] {dag.py:3441} INFO - Setting next_dagrun for example_sla_dag to 2023-05-24T23:56:00+00:00, run_after=2023-05-24T23:58:00+00:00
[2023-05-24T23:58:13.843+0000] {processor.py:175} INFO - Processing /home/airflow/.local/lib/python3.7/site-packages/airflow/example_dags/example_sla_dag.py took 0.272 seconds
[2023-05-24T23:58:44.748+0000] {processor.py:153} INFO - Started process (PID=1868) to work on /home/airflow/.local/lib/python3.7/site-packages/airflow/example_dags/example_sla_dag.py
[2023-05-24T23:58:44.751+0000] {processor.py:743} INFO - Processing file /home/airflow/.local/lib/python3.7/site-packages/airflow/example_dags/example_sla_dag.py for tasks to queue
[2023-05-24T23:58:44.755+0000] {logging_mixin.py:137} INFO - [2023-05-24T23:58:44.755+0000] {dagbag.py:538} INFO - Filling up the DagBag from /home/airflow/.local/lib/python3.7/site-packages/airflow/example_dags/example_sla_dag.py
[2023-05-24T23:58:44.832+0000] {processor.py:753} INFO - DAG(s) dict_keys(['example_sla_dag']) retrieved from /home/airflow/.local/lib/python3.7/site-packages/airflow/example_dags/example_sla_dag.py
[2023-05-24T23:58:44.896+0000] {logging_mixin.py:137} INFO - [2023-05-24T23:58:44.896+0000] {dag.py:2690} INFO - Sync 1 DAGs
[2023-05-24T23:58:44.981+0000] {logging_mixin.py:137} INFO - [2023-05-24T23:58:44.980+0000] {dag.py:3441} INFO - Setting next_dagrun for example_sla_dag to 2023-05-24T23:56:00+00:00, run_after=2023-05-24T23:58:00+00:00
[2023-05-24T23:58:45.040+0000] {processor.py:175} INFO - Processing /home/airflow/.local/lib/python3.7/site-packages/airflow/example_dags/example_sla_dag.py took 0.308 seconds
[2023-05-24T23:59:16.078+0000] {processor.py:153} INFO - Started process (PID=1928) to work on /home/airflow/.local/lib/python3.7/site-packages/airflow/example_dags/example_sla_dag.py
[2023-05-24T23:59:16.084+0000] {processor.py:743} INFO - Processing file /home/airflow/.local/lib/python3.7/site-packages/airflow/example_dags/example_sla_dag.py for tasks to queue
[2023-05-24T23:59:16.086+0000] {logging_mixin.py:137} INFO - [2023-05-24T23:59:16.086+0000] {dagbag.py:538} INFO - Filling up the DagBag from /home/airflow/.local/lib/python3.7/site-packages/airflow/example_dags/example_sla_dag.py
[2023-05-24T23:59:16.156+0000] {processor.py:753} INFO - DAG(s) dict_keys(['example_sla_dag']) retrieved from /home/airflow/.local/lib/python3.7/site-packages/airflow/example_dags/example_sla_dag.py
[2023-05-24T23:59:16.224+0000] {logging_mixin.py:137} INFO - [2023-05-24T23:59:16.224+0000] {dag.py:2690} INFO - Sync 1 DAGs
[2023-05-24T23:59:16.285+0000] {logging_mixin.py:137} INFO - [2023-05-24T23:59:16.285+0000] {dag.py:3441} INFO - Setting next_dagrun for example_sla_dag to 2023-05-24T23:56:00+00:00, run_after=2023-05-24T23:58:00+00:00
[2023-05-24T23:59:16.321+0000] {processor.py:175} INFO - Processing /home/airflow/.local/lib/python3.7/site-packages/airflow/example_dags/example_sla_dag.py took 0.252 seconds
