[2023-05-24T23:13:36.825+0000] {processor.py:153} INFO - Started process (PID=102) to work on /home/airflow/.local/lib/python3.7/site-packages/airflow/example_dags/example_task_group_decorator.py
[2023-05-24T23:13:36.834+0000] {processor.py:743} INFO - Processing file /home/airflow/.local/lib/python3.7/site-packages/airflow/example_dags/example_task_group_decorator.py for tasks to queue
[2023-05-24T23:13:36.840+0000] {logging_mixin.py:137} INFO - [2023-05-24T23:13:36.839+0000] {dagbag.py:538} INFO - Filling up the DagBag from /home/airflow/.local/lib/python3.7/site-packages/airflow/example_dags/example_task_group_decorator.py
[2023-05-24T23:13:37.273+0000] {processor.py:753} INFO - DAG(s) dict_keys(['example_task_group_decorator']) retrieved from /home/airflow/.local/lib/python3.7/site-packages/airflow/example_dags/example_task_group_decorator.py
[2023-05-24T23:13:37.448+0000] {logging_mixin.py:137} INFO - [2023-05-24T23:13:37.447+0000] {dag.py:2690} INFO - Sync 1 DAGs
[2023-05-24T23:13:37.752+0000] {logging_mixin.py:137} INFO - [2023-05-24T23:13:37.750+0000] {dag.py:3441} INFO - Setting next_dagrun for example_task_group_decorator to 2023-05-23T23:13:37.747287+00:00, run_after=2023-05-24T23:13:37.747287+00:00
[2023-05-24T23:13:37.919+0000] {processor.py:175} INFO - Processing /home/airflow/.local/lib/python3.7/site-packages/airflow/example_dags/example_task_group_decorator.py took 1.112 seconds
[2023-05-24T23:14:08.979+0000] {processor.py:153} INFO - Started process (PID=160) to work on /home/airflow/.local/lib/python3.7/site-packages/airflow/example_dags/example_task_group_decorator.py
[2023-05-24T23:14:09.009+0000] {processor.py:743} INFO - Processing file /home/airflow/.local/lib/python3.7/site-packages/airflow/example_dags/example_task_group_decorator.py for tasks to queue
[2023-05-24T23:14:09.032+0000] {logging_mixin.py:137} INFO - [2023-05-24T23:14:09.018+0000] {dagbag.py:538} INFO - Filling up the DagBag from /home/airflow/.local/lib/python3.7/site-packages/airflow/example_dags/example_task_group_decorator.py
[2023-05-24T23:14:09.239+0000] {processor.py:753} INFO - DAG(s) dict_keys(['example_task_group_decorator']) retrieved from /home/airflow/.local/lib/python3.7/site-packages/airflow/example_dags/example_task_group_decorator.py
[2023-05-24T23:14:09.388+0000] {logging_mixin.py:137} INFO - [2023-05-24T23:14:09.388+0000] {dag.py:2690} INFO - Sync 1 DAGs
[2023-05-24T23:14:09.535+0000] {logging_mixin.py:137} INFO - [2023-05-24T23:14:09.535+0000] {dag.py:3441} INFO - Setting next_dagrun for example_task_group_decorator to 2023-05-23T23:14:09.534932+00:00, run_after=2023-05-24T23:14:09.534932+00:00
[2023-05-24T23:14:09.684+0000] {processor.py:175} INFO - Processing /home/airflow/.local/lib/python3.7/site-packages/airflow/example_dags/example_task_group_decorator.py took 0.755 seconds
[2023-05-24T23:14:47.092+0000] {processor.py:153} INFO - Started process (PID=219) to work on /home/airflow/.local/lib/python3.7/site-packages/airflow/example_dags/example_task_group_decorator.py
[2023-05-24T23:14:47.133+0000] {processor.py:743} INFO - Processing file /home/airflow/.local/lib/python3.7/site-packages/airflow/example_dags/example_task_group_decorator.py for tasks to queue
[2023-05-24T23:14:47.155+0000] {logging_mixin.py:137} INFO - [2023-05-24T23:14:47.145+0000] {dagbag.py:538} INFO - Filling up the DagBag from /home/airflow/.local/lib/python3.7/site-packages/airflow/example_dags/example_task_group_decorator.py
[2023-05-24T23:14:47.835+0000] {processor.py:753} INFO - DAG(s) dict_keys(['example_task_group_decorator']) retrieved from /home/airflow/.local/lib/python3.7/site-packages/airflow/example_dags/example_task_group_decorator.py
[2023-05-24T23:14:49.089+0000] {logging_mixin.py:137} INFO - [2023-05-24T23:14:49.089+0000] {dag.py:2690} INFO - Sync 1 DAGs
[2023-05-24T23:14:49.360+0000] {logging_mixin.py:137} INFO - [2023-05-24T23:14:49.360+0000] {dag.py:3441} INFO - Setting next_dagrun for example_task_group_decorator to 2023-05-23T23:14:49.359808+00:00, run_after=2023-05-24T23:14:49.359808+00:00
[2023-05-24T23:14:49.788+0000] {processor.py:175} INFO - Processing /home/airflow/.local/lib/python3.7/site-packages/airflow/example_dags/example_task_group_decorator.py took 2.751 seconds
[2023-05-24T23:15:41.493+0000] {processor.py:153} INFO - Started process (PID=278) to work on /home/airflow/.local/lib/python3.7/site-packages/airflow/example_dags/example_task_group_decorator.py
[2023-05-24T23:15:41.523+0000] {processor.py:743} INFO - Processing file /home/airflow/.local/lib/python3.7/site-packages/airflow/example_dags/example_task_group_decorator.py for tasks to queue
[2023-05-24T23:15:41.572+0000] {logging_mixin.py:137} INFO - [2023-05-24T23:15:41.572+0000] {dagbag.py:538} INFO - Filling up the DagBag from /home/airflow/.local/lib/python3.7/site-packages/airflow/example_dags/example_task_group_decorator.py
[2023-05-24T23:15:42.383+0000] {processor.py:753} INFO - DAG(s) dict_keys(['example_task_group_decorator']) retrieved from /home/airflow/.local/lib/python3.7/site-packages/airflow/example_dags/example_task_group_decorator.py
[2023-05-24T23:15:43.131+0000] {logging_mixin.py:137} INFO - [2023-05-24T23:15:43.131+0000] {dag.py:2690} INFO - Sync 1 DAGs
[2023-05-24T23:15:43.978+0000] {logging_mixin.py:137} INFO - [2023-05-24T23:15:43.977+0000] {dag.py:3441} INFO - Setting next_dagrun for example_task_group_decorator to 2023-05-23T23:15:43.964677+00:00, run_after=2023-05-24T23:15:43.964677+00:00
[2023-05-24T23:15:44.316+0000] {processor.py:175} INFO - Processing /home/airflow/.local/lib/python3.7/site-packages/airflow/example_dags/example_task_group_decorator.py took 2.908 seconds
[2023-05-24T23:16:30.958+0000] {processor.py:153} INFO - Started process (PID=344) to work on /home/airflow/.local/lib/python3.7/site-packages/airflow/example_dags/example_task_group_decorator.py
[2023-05-24T23:16:30.988+0000] {processor.py:743} INFO - Processing file /home/airflow/.local/lib/python3.7/site-packages/airflow/example_dags/example_task_group_decorator.py for tasks to queue
[2023-05-24T23:16:31.003+0000] {logging_mixin.py:137} INFO - [2023-05-24T23:16:31.003+0000] {dagbag.py:538} INFO - Filling up the DagBag from /home/airflow/.local/lib/python3.7/site-packages/airflow/example_dags/example_task_group_decorator.py
[2023-05-24T23:16:32.726+0000] {processor.py:753} INFO - DAG(s) dict_keys(['example_task_group_decorator']) retrieved from /home/airflow/.local/lib/python3.7/site-packages/airflow/example_dags/example_task_group_decorator.py
[2023-05-24T23:16:34.525+0000] {logging_mixin.py:137} INFO - [2023-05-24T23:16:34.525+0000] {dag.py:2690} INFO - Sync 1 DAGs
[2023-05-24T23:16:37.209+0000] {logging_mixin.py:137} INFO - [2023-05-24T23:16:37.209+0000] {dag.py:3441} INFO - Setting next_dagrun for example_task_group_decorator to 2023-05-23T23:16:37.208727+00:00, run_after=2023-05-24T23:16:37.208727+00:00
[2023-05-24T23:16:38.792+0000] {processor.py:175} INFO - Processing /home/airflow/.local/lib/python3.7/site-packages/airflow/example_dags/example_task_group_decorator.py took 7.970 seconds
[2023-05-24T23:17:55.132+0000] {processor.py:153} INFO - Started process (PID=427) to work on /home/airflow/.local/lib/python3.7/site-packages/airflow/example_dags/example_task_group_decorator.py
[2023-05-24T23:17:55.188+0000] {processor.py:743} INFO - Processing file /home/airflow/.local/lib/python3.7/site-packages/airflow/example_dags/example_task_group_decorator.py for tasks to queue
[2023-05-24T23:17:55.215+0000] {logging_mixin.py:137} INFO - [2023-05-24T23:17:55.215+0000] {dagbag.py:538} INFO - Filling up the DagBag from /home/airflow/.local/lib/python3.7/site-packages/airflow/example_dags/example_task_group_decorator.py
[2023-05-24T23:17:55.797+0000] {processor.py:753} INFO - DAG(s) dict_keys(['example_task_group_decorator']) retrieved from /home/airflow/.local/lib/python3.7/site-packages/airflow/example_dags/example_task_group_decorator.py
[2023-05-24T23:17:56.129+0000] {logging_mixin.py:137} INFO - [2023-05-24T23:17:56.129+0000] {dag.py:2690} INFO - Sync 1 DAGs
[2023-05-24T23:17:56.791+0000] {logging_mixin.py:137} INFO - [2023-05-24T23:17:56.780+0000] {dag.py:3441} INFO - Setting next_dagrun for example_task_group_decorator to 2023-05-23T23:17:56.755526+00:00, run_after=2023-05-24T23:17:56.755526+00:00
[2023-05-24T23:17:57.212+0000] {processor.py:175} INFO - Processing /home/airflow/.local/lib/python3.7/site-packages/airflow/example_dags/example_task_group_decorator.py took 2.156 seconds
[2023-05-24T23:18:27.691+0000] {processor.py:153} INFO - Started process (PID=480) to work on /home/airflow/.local/lib/python3.7/site-packages/airflow/example_dags/example_task_group_decorator.py
[2023-05-24T23:18:27.694+0000] {processor.py:743} INFO - Processing file /home/airflow/.local/lib/python3.7/site-packages/airflow/example_dags/example_task_group_decorator.py for tasks to queue
[2023-05-24T23:18:27.697+0000] {logging_mixin.py:137} INFO - [2023-05-24T23:18:27.697+0000] {dagbag.py:538} INFO - Filling up the DagBag from /home/airflow/.local/lib/python3.7/site-packages/airflow/example_dags/example_task_group_decorator.py
[2023-05-24T23:18:27.735+0000] {processor.py:753} INFO - DAG(s) dict_keys(['example_task_group_decorator']) retrieved from /home/airflow/.local/lib/python3.7/site-packages/airflow/example_dags/example_task_group_decorator.py
[2023-05-24T23:18:27.774+0000] {logging_mixin.py:137} INFO - [2023-05-24T23:18:27.774+0000] {dag.py:2690} INFO - Sync 1 DAGs
[2023-05-24T23:18:27.809+0000] {logging_mixin.py:137} INFO - [2023-05-24T23:18:27.809+0000] {dag.py:3441} INFO - Setting next_dagrun for example_task_group_decorator to 2023-05-23T23:18:27.809324+00:00, run_after=2023-05-24T23:18:27.809324+00:00
[2023-05-24T23:18:27.841+0000] {processor.py:175} INFO - Processing /home/airflow/.local/lib/python3.7/site-packages/airflow/example_dags/example_task_group_decorator.py took 0.155 seconds
[2023-05-24T23:20:32.941+0000] {processor.py:153} INFO - Started process (PID=91) to work on /home/airflow/.local/lib/python3.7/site-packages/airflow/example_dags/example_task_group_decorator.py
[2023-05-24T23:20:32.953+0000] {processor.py:743} INFO - Processing file /home/airflow/.local/lib/python3.7/site-packages/airflow/example_dags/example_task_group_decorator.py for tasks to queue
[2023-05-24T23:20:32.957+0000] {logging_mixin.py:137} INFO - [2023-05-24T23:20:32.957+0000] {dagbag.py:538} INFO - Filling up the DagBag from /home/airflow/.local/lib/python3.7/site-packages/airflow/example_dags/example_task_group_decorator.py
[2023-05-24T23:20:33.186+0000] {processor.py:753} INFO - DAG(s) dict_keys(['example_task_group_decorator']) retrieved from /home/airflow/.local/lib/python3.7/site-packages/airflow/example_dags/example_task_group_decorator.py
[2023-05-24T23:20:33.465+0000] {logging_mixin.py:137} INFO - [2023-05-24T23:20:33.464+0000] {dag.py:2690} INFO - Sync 1 DAGs
[2023-05-24T23:20:33.687+0000] {logging_mixin.py:137} INFO - [2023-05-24T23:20:33.668+0000] {dag.py:3441} INFO - Setting next_dagrun for example_task_group_decorator to 2023-05-23T23:20:33.667820+00:00, run_after=2023-05-24T23:20:33.667820+00:00
[2023-05-24T23:20:33.844+0000] {processor.py:175} INFO - Processing /home/airflow/.local/lib/python3.7/site-packages/airflow/example_dags/example_task_group_decorator.py took 0.928 seconds
[2023-05-24T23:21:03.989+0000] {processor.py:153} INFO - Started process (PID=152) to work on /home/airflow/.local/lib/python3.7/site-packages/airflow/example_dags/example_task_group_decorator.py
[2023-05-24T23:21:03.993+0000] {processor.py:743} INFO - Processing file /home/airflow/.local/lib/python3.7/site-packages/airflow/example_dags/example_task_group_decorator.py for tasks to queue
[2023-05-24T23:21:03.997+0000] {logging_mixin.py:137} INFO - [2023-05-24T23:21:03.996+0000] {dagbag.py:538} INFO - Filling up the DagBag from /home/airflow/.local/lib/python3.7/site-packages/airflow/example_dags/example_task_group_decorator.py
[2023-05-24T23:21:04.061+0000] {processor.py:753} INFO - DAG(s) dict_keys(['example_task_group_decorator']) retrieved from /home/airflow/.local/lib/python3.7/site-packages/airflow/example_dags/example_task_group_decorator.py
[2023-05-24T23:21:04.109+0000] {logging_mixin.py:137} INFO - [2023-05-24T23:21:04.109+0000] {dag.py:2690} INFO - Sync 1 DAGs
[2023-05-24T23:21:04.198+0000] {logging_mixin.py:137} INFO - [2023-05-24T23:21:04.197+0000] {dag.py:3441} INFO - Setting next_dagrun for example_task_group_decorator to 2023-05-23T23:21:04.190488+00:00, run_after=2023-05-24T23:21:04.190488+00:00
[2023-05-24T23:21:04.231+0000] {processor.py:175} INFO - Processing /home/airflow/.local/lib/python3.7/site-packages/airflow/example_dags/example_task_group_decorator.py took 0.251 seconds
[2023-05-24T23:21:34.391+0000] {processor.py:153} INFO - Started process (PID=214) to work on /home/airflow/.local/lib/python3.7/site-packages/airflow/example_dags/example_task_group_decorator.py
[2023-05-24T23:21:34.393+0000] {processor.py:743} INFO - Processing file /home/airflow/.local/lib/python3.7/site-packages/airflow/example_dags/example_task_group_decorator.py for tasks to queue
[2023-05-24T23:21:34.395+0000] {logging_mixin.py:137} INFO - [2023-05-24T23:21:34.395+0000] {dagbag.py:538} INFO - Filling up the DagBag from /home/airflow/.local/lib/python3.7/site-packages/airflow/example_dags/example_task_group_decorator.py
[2023-05-24T23:21:34.430+0000] {processor.py:753} INFO - DAG(s) dict_keys(['example_task_group_decorator']) retrieved from /home/airflow/.local/lib/python3.7/site-packages/airflow/example_dags/example_task_group_decorator.py
[2023-05-24T23:21:34.465+0000] {logging_mixin.py:137} INFO - [2023-05-24T23:21:34.465+0000] {dag.py:2690} INFO - Sync 1 DAGs
[2023-05-24T23:21:34.497+0000] {logging_mixin.py:137} INFO - [2023-05-24T23:21:34.497+0000] {dag.py:3441} INFO - Setting next_dagrun for example_task_group_decorator to 2023-05-23T23:21:34.497042+00:00, run_after=2023-05-24T23:21:34.497042+00:00
[2023-05-24T23:21:34.528+0000] {processor.py:175} INFO - Processing /home/airflow/.local/lib/python3.7/site-packages/airflow/example_dags/example_task_group_decorator.py took 0.142 seconds
[2023-05-24T23:22:04.598+0000] {processor.py:153} INFO - Started process (PID=274) to work on /home/airflow/.local/lib/python3.7/site-packages/airflow/example_dags/example_task_group_decorator.py
[2023-05-24T23:22:04.601+0000] {processor.py:743} INFO - Processing file /home/airflow/.local/lib/python3.7/site-packages/airflow/example_dags/example_task_group_decorator.py for tasks to queue
[2023-05-24T23:22:04.604+0000] {logging_mixin.py:137} INFO - [2023-05-24T23:22:04.604+0000] {dagbag.py:538} INFO - Filling up the DagBag from /home/airflow/.local/lib/python3.7/site-packages/airflow/example_dags/example_task_group_decorator.py
[2023-05-24T23:22:04.644+0000] {processor.py:753} INFO - DAG(s) dict_keys(['example_task_group_decorator']) retrieved from /home/airflow/.local/lib/python3.7/site-packages/airflow/example_dags/example_task_group_decorator.py
[2023-05-24T23:22:04.681+0000] {logging_mixin.py:137} INFO - [2023-05-24T23:22:04.681+0000] {dag.py:2690} INFO - Sync 1 DAGs
[2023-05-24T23:22:04.719+0000] {logging_mixin.py:137} INFO - [2023-05-24T23:22:04.719+0000] {dag.py:3441} INFO - Setting next_dagrun for example_task_group_decorator to 2023-05-23T23:22:04.718573+00:00, run_after=2023-05-24T23:22:04.718573+00:00
[2023-05-24T23:22:04.748+0000] {processor.py:175} INFO - Processing /home/airflow/.local/lib/python3.7/site-packages/airflow/example_dags/example_task_group_decorator.py took 0.156 seconds
[2023-05-24T23:22:35.250+0000] {processor.py:153} INFO - Started process (PID=333) to work on /home/airflow/.local/lib/python3.7/site-packages/airflow/example_dags/example_task_group_decorator.py
[2023-05-24T23:22:35.260+0000] {processor.py:743} INFO - Processing file /home/airflow/.local/lib/python3.7/site-packages/airflow/example_dags/example_task_group_decorator.py for tasks to queue
[2023-05-24T23:22:35.268+0000] {logging_mixin.py:137} INFO - [2023-05-24T23:22:35.267+0000] {dagbag.py:538} INFO - Filling up the DagBag from /home/airflow/.local/lib/python3.7/site-packages/airflow/example_dags/example_task_group_decorator.py
[2023-05-24T23:22:35.442+0000] {processor.py:753} INFO - DAG(s) dict_keys(['example_task_group_decorator']) retrieved from /home/airflow/.local/lib/python3.7/site-packages/airflow/example_dags/example_task_group_decorator.py
[2023-05-24T23:22:35.571+0000] {logging_mixin.py:137} INFO - [2023-05-24T23:22:35.571+0000] {dag.py:2690} INFO - Sync 1 DAGs
[2023-05-24T23:22:35.669+0000] {logging_mixin.py:137} INFO - [2023-05-24T23:22:35.669+0000] {dag.py:3441} INFO - Setting next_dagrun for example_task_group_decorator to 2023-05-23T23:22:35.669314+00:00, run_after=2023-05-24T23:22:35.669314+00:00
[2023-05-24T23:22:35.740+0000] {processor.py:175} INFO - Processing /home/airflow/.local/lib/python3.7/site-packages/airflow/example_dags/example_task_group_decorator.py took 0.516 seconds
[2023-05-24T23:23:06.705+0000] {processor.py:153} INFO - Started process (PID=401) to work on /home/airflow/.local/lib/python3.7/site-packages/airflow/example_dags/example_task_group_decorator.py
[2023-05-24T23:23:06.708+0000] {processor.py:743} INFO - Processing file /home/airflow/.local/lib/python3.7/site-packages/airflow/example_dags/example_task_group_decorator.py for tasks to queue
[2023-05-24T23:23:06.714+0000] {logging_mixin.py:137} INFO - [2023-05-24T23:23:06.714+0000] {dagbag.py:538} INFO - Filling up the DagBag from /home/airflow/.local/lib/python3.7/site-packages/airflow/example_dags/example_task_group_decorator.py
[2023-05-24T23:23:06.794+0000] {processor.py:753} INFO - DAG(s) dict_keys(['example_task_group_decorator']) retrieved from /home/airflow/.local/lib/python3.7/site-packages/airflow/example_dags/example_task_group_decorator.py
[2023-05-24T23:23:06.833+0000] {logging_mixin.py:137} INFO - [2023-05-24T23:23:06.833+0000] {dag.py:2690} INFO - Sync 1 DAGs
[2023-05-24T23:23:06.913+0000] {logging_mixin.py:137} INFO - [2023-05-24T23:23:06.908+0000] {dag.py:3441} INFO - Setting next_dagrun for example_task_group_decorator to 2023-05-23T23:23:06.907184+00:00, run_after=2023-05-24T23:23:06.907184+00:00
[2023-05-24T23:23:07.007+0000] {processor.py:175} INFO - Processing /home/airflow/.local/lib/python3.7/site-packages/airflow/example_dags/example_task_group_decorator.py took 0.313 seconds
[2023-05-24T23:23:37.435+0000] {processor.py:153} INFO - Started process (PID=463) to work on /home/airflow/.local/lib/python3.7/site-packages/airflow/example_dags/example_task_group_decorator.py
[2023-05-24T23:23:37.438+0000] {processor.py:743} INFO - Processing file /home/airflow/.local/lib/python3.7/site-packages/airflow/example_dags/example_task_group_decorator.py for tasks to queue
[2023-05-24T23:23:37.447+0000] {logging_mixin.py:137} INFO - [2023-05-24T23:23:37.446+0000] {dagbag.py:538} INFO - Filling up the DagBag from /home/airflow/.local/lib/python3.7/site-packages/airflow/example_dags/example_task_group_decorator.py
[2023-05-24T23:23:37.521+0000] {processor.py:753} INFO - DAG(s) dict_keys(['example_task_group_decorator']) retrieved from /home/airflow/.local/lib/python3.7/site-packages/airflow/example_dags/example_task_group_decorator.py
[2023-05-24T23:23:37.679+0000] {logging_mixin.py:137} INFO - [2023-05-24T23:23:37.679+0000] {dag.py:2690} INFO - Sync 1 DAGs
[2023-05-24T23:23:37.768+0000] {logging_mixin.py:137} INFO - [2023-05-24T23:23:37.768+0000] {dag.py:3441} INFO - Setting next_dagrun for example_task_group_decorator to 2023-05-23T23:23:37.768032+00:00, run_after=2023-05-24T23:23:37.768032+00:00
[2023-05-24T23:23:37.796+0000] {processor.py:175} INFO - Processing /home/airflow/.local/lib/python3.7/site-packages/airflow/example_dags/example_task_group_decorator.py took 0.371 seconds
[2023-05-24T23:24:14.637+0000] {processor.py:153} INFO - Started process (PID=522) to work on /home/airflow/.local/lib/python3.7/site-packages/airflow/example_dags/example_task_group_decorator.py
[2023-05-24T23:24:14.643+0000] {processor.py:743} INFO - Processing file /home/airflow/.local/lib/python3.7/site-packages/airflow/example_dags/example_task_group_decorator.py for tasks to queue
[2023-05-24T23:24:14.649+0000] {logging_mixin.py:137} INFO - [2023-05-24T23:24:14.648+0000] {dagbag.py:538} INFO - Filling up the DagBag from /home/airflow/.local/lib/python3.7/site-packages/airflow/example_dags/example_task_group_decorator.py
[2023-05-24T23:24:14.765+0000] {processor.py:753} INFO - DAG(s) dict_keys(['example_task_group_decorator']) retrieved from /home/airflow/.local/lib/python3.7/site-packages/airflow/example_dags/example_task_group_decorator.py
[2023-05-24T23:24:14.872+0000] {logging_mixin.py:137} INFO - [2023-05-24T23:24:14.872+0000] {dag.py:2690} INFO - Sync 1 DAGs
[2023-05-24T23:24:14.995+0000] {logging_mixin.py:137} INFO - [2023-05-24T23:24:14.995+0000] {dag.py:3441} INFO - Setting next_dagrun for example_task_group_decorator to 2023-05-23T23:24:14.995001+00:00, run_after=2023-05-24T23:24:14.995001+00:00
[2023-05-24T23:24:15.083+0000] {processor.py:175} INFO - Processing /home/airflow/.local/lib/python3.7/site-packages/airflow/example_dags/example_task_group_decorator.py took 0.457 seconds
[2023-05-24T23:24:45.762+0000] {processor.py:153} INFO - Started process (PID=581) to work on /home/airflow/.local/lib/python3.7/site-packages/airflow/example_dags/example_task_group_decorator.py
[2023-05-24T23:24:45.765+0000] {processor.py:743} INFO - Processing file /home/airflow/.local/lib/python3.7/site-packages/airflow/example_dags/example_task_group_decorator.py for tasks to queue
[2023-05-24T23:24:45.768+0000] {logging_mixin.py:137} INFO - [2023-05-24T23:24:45.767+0000] {dagbag.py:538} INFO - Filling up the DagBag from /home/airflow/.local/lib/python3.7/site-packages/airflow/example_dags/example_task_group_decorator.py
[2023-05-24T23:24:45.832+0000] {processor.py:753} INFO - DAG(s) dict_keys(['example_task_group_decorator']) retrieved from /home/airflow/.local/lib/python3.7/site-packages/airflow/example_dags/example_task_group_decorator.py
[2023-05-24T23:24:45.973+0000] {logging_mixin.py:137} INFO - [2023-05-24T23:24:45.971+0000] {dag.py:2690} INFO - Sync 1 DAGs
[2023-05-24T23:24:46.059+0000] {logging_mixin.py:137} INFO - [2023-05-24T23:24:46.057+0000] {dag.py:3441} INFO - Setting next_dagrun for example_task_group_decorator to 2023-05-23T23:24:46.057431+00:00, run_after=2023-05-24T23:24:46.057431+00:00
[2023-05-24T23:24:46.115+0000] {processor.py:175} INFO - Processing /home/airflow/.local/lib/python3.7/site-packages/airflow/example_dags/example_task_group_decorator.py took 0.361 seconds
[2023-05-24T23:25:16.858+0000] {processor.py:153} INFO - Started process (PID=641) to work on /home/airflow/.local/lib/python3.7/site-packages/airflow/example_dags/example_task_group_decorator.py
[2023-05-24T23:25:16.864+0000] {processor.py:743} INFO - Processing file /home/airflow/.local/lib/python3.7/site-packages/airflow/example_dags/example_task_group_decorator.py for tasks to queue
[2023-05-24T23:25:16.867+0000] {logging_mixin.py:137} INFO - [2023-05-24T23:25:16.867+0000] {dagbag.py:538} INFO - Filling up the DagBag from /home/airflow/.local/lib/python3.7/site-packages/airflow/example_dags/example_task_group_decorator.py
[2023-05-24T23:25:16.998+0000] {processor.py:753} INFO - DAG(s) dict_keys(['example_task_group_decorator']) retrieved from /home/airflow/.local/lib/python3.7/site-packages/airflow/example_dags/example_task_group_decorator.py
[2023-05-24T23:25:17.061+0000] {logging_mixin.py:137} INFO - [2023-05-24T23:25:17.060+0000] {dag.py:2690} INFO - Sync 1 DAGs
[2023-05-24T23:25:17.102+0000] {logging_mixin.py:137} INFO - [2023-05-24T23:25:17.102+0000] {dag.py:3441} INFO - Setting next_dagrun for example_task_group_decorator to 2023-05-23T23:25:17.102364+00:00, run_after=2023-05-24T23:25:17.102364+00:00
[2023-05-24T23:25:17.144+0000] {processor.py:175} INFO - Processing /home/airflow/.local/lib/python3.7/site-packages/airflow/example_dags/example_task_group_decorator.py took 0.292 seconds
[2023-05-24T23:25:47.774+0000] {processor.py:153} INFO - Started process (PID=709) to work on /home/airflow/.local/lib/python3.7/site-packages/airflow/example_dags/example_task_group_decorator.py
[2023-05-24T23:25:47.776+0000] {processor.py:743} INFO - Processing file /home/airflow/.local/lib/python3.7/site-packages/airflow/example_dags/example_task_group_decorator.py for tasks to queue
[2023-05-24T23:25:47.778+0000] {logging_mixin.py:137} INFO - [2023-05-24T23:25:47.778+0000] {dagbag.py:538} INFO - Filling up the DagBag from /home/airflow/.local/lib/python3.7/site-packages/airflow/example_dags/example_task_group_decorator.py
[2023-05-24T23:25:47.857+0000] {processor.py:753} INFO - DAG(s) dict_keys(['example_task_group_decorator']) retrieved from /home/airflow/.local/lib/python3.7/site-packages/airflow/example_dags/example_task_group_decorator.py
[2023-05-24T23:25:47.934+0000] {logging_mixin.py:137} INFO - [2023-05-24T23:25:47.933+0000] {dag.py:2690} INFO - Sync 1 DAGs
[2023-05-24T23:25:48.010+0000] {logging_mixin.py:137} INFO - [2023-05-24T23:25:48.010+0000] {dag.py:3441} INFO - Setting next_dagrun for example_task_group_decorator to 2023-05-23T23:25:48.010203+00:00, run_after=2023-05-24T23:25:48.010203+00:00
[2023-05-24T23:25:48.068+0000] {processor.py:175} INFO - Processing /home/airflow/.local/lib/python3.7/site-packages/airflow/example_dags/example_task_group_decorator.py took 0.309 seconds
[2023-05-24T23:26:18.325+0000] {processor.py:153} INFO - Started process (PID=770) to work on /home/airflow/.local/lib/python3.7/site-packages/airflow/example_dags/example_task_group_decorator.py
[2023-05-24T23:26:18.328+0000] {processor.py:743} INFO - Processing file /home/airflow/.local/lib/python3.7/site-packages/airflow/example_dags/example_task_group_decorator.py for tasks to queue
[2023-05-24T23:26:18.330+0000] {logging_mixin.py:137} INFO - [2023-05-24T23:26:18.330+0000] {dagbag.py:538} INFO - Filling up the DagBag from /home/airflow/.local/lib/python3.7/site-packages/airflow/example_dags/example_task_group_decorator.py
[2023-05-24T23:26:18.441+0000] {processor.py:753} INFO - DAG(s) dict_keys(['example_task_group_decorator']) retrieved from /home/airflow/.local/lib/python3.7/site-packages/airflow/example_dags/example_task_group_decorator.py
[2023-05-24T23:26:18.494+0000] {logging_mixin.py:137} INFO - [2023-05-24T23:26:18.494+0000] {dag.py:2690} INFO - Sync 1 DAGs
[2023-05-24T23:26:18.539+0000] {logging_mixin.py:137} INFO - [2023-05-24T23:26:18.539+0000] {dag.py:3441} INFO - Setting next_dagrun for example_task_group_decorator to 2023-05-23T23:26:18.539483+00:00, run_after=2023-05-24T23:26:18.539483+00:00
[2023-05-24T23:26:18.575+0000] {processor.py:175} INFO - Processing /home/airflow/.local/lib/python3.7/site-packages/airflow/example_dags/example_task_group_decorator.py took 0.263 seconds
[2023-05-24T23:27:08.185+0000] {processor.py:153} INFO - Started process (PID=828) to work on /home/airflow/.local/lib/python3.7/site-packages/airflow/example_dags/example_task_group_decorator.py
[2023-05-24T23:27:08.190+0000] {processor.py:743} INFO - Processing file /home/airflow/.local/lib/python3.7/site-packages/airflow/example_dags/example_task_group_decorator.py for tasks to queue
[2023-05-24T23:27:08.193+0000] {logging_mixin.py:137} INFO - [2023-05-24T23:27:08.192+0000] {dagbag.py:538} INFO - Filling up the DagBag from /home/airflow/.local/lib/python3.7/site-packages/airflow/example_dags/example_task_group_decorator.py
[2023-05-24T23:27:08.350+0000] {processor.py:753} INFO - DAG(s) dict_keys(['example_task_group_decorator']) retrieved from /home/airflow/.local/lib/python3.7/site-packages/airflow/example_dags/example_task_group_decorator.py
[2023-05-24T23:27:08.595+0000] {logging_mixin.py:137} INFO - [2023-05-24T23:27:08.595+0000] {dag.py:2690} INFO - Sync 1 DAGs
[2023-05-24T23:27:08.856+0000] {logging_mixin.py:137} INFO - [2023-05-24T23:27:08.855+0000] {dag.py:3441} INFO - Setting next_dagrun for example_task_group_decorator to 2023-05-23T23:27:08.855567+00:00, run_after=2023-05-24T23:27:08.855567+00:00
[2023-05-24T23:27:09.018+0000] {processor.py:175} INFO - Processing /home/airflow/.local/lib/python3.7/site-packages/airflow/example_dags/example_task_group_decorator.py took 0.857 seconds
[2023-05-24T23:27:58.838+0000] {processor.py:153} INFO - Started process (PID=895) to work on /home/airflow/.local/lib/python3.7/site-packages/airflow/example_dags/example_task_group_decorator.py
[2023-05-24T23:27:58.891+0000] {processor.py:743} INFO - Processing file /home/airflow/.local/lib/python3.7/site-packages/airflow/example_dags/example_task_group_decorator.py for tasks to queue
[2023-05-24T23:27:58.927+0000] {logging_mixin.py:137} INFO - [2023-05-24T23:27:58.927+0000] {dagbag.py:538} INFO - Filling up the DagBag from /home/airflow/.local/lib/python3.7/site-packages/airflow/example_dags/example_task_group_decorator.py
[2023-05-24T23:28:00.540+0000] {processor.py:753} INFO - DAG(s) dict_keys(['example_task_group_decorator']) retrieved from /home/airflow/.local/lib/python3.7/site-packages/airflow/example_dags/example_task_group_decorator.py
[2023-05-24T23:28:01.827+0000] {logging_mixin.py:137} INFO - [2023-05-24T23:28:01.827+0000] {dag.py:2690} INFO - Sync 1 DAGs
[2023-05-24T23:28:02.989+0000] {logging_mixin.py:137} INFO - [2023-05-24T23:28:02.936+0000] {dag.py:3441} INFO - Setting next_dagrun for example_task_group_decorator to 2023-05-23T23:28:02.936080+00:00, run_after=2023-05-24T23:28:02.936080+00:00
[2023-05-24T23:28:03.869+0000] {processor.py:175} INFO - Processing /home/airflow/.local/lib/python3.7/site-packages/airflow/example_dags/example_task_group_decorator.py took 5.213 seconds
[2023-05-24T23:29:10.786+0000] {processor.py:153} INFO - Started process (PID=977) to work on /home/airflow/.local/lib/python3.7/site-packages/airflow/example_dags/example_task_group_decorator.py
[2023-05-24T23:29:10.791+0000] {processor.py:743} INFO - Processing file /home/airflow/.local/lib/python3.7/site-packages/airflow/example_dags/example_task_group_decorator.py for tasks to queue
[2023-05-24T23:29:10.796+0000] {logging_mixin.py:137} INFO - [2023-05-24T23:29:10.795+0000] {dagbag.py:538} INFO - Filling up the DagBag from /home/airflow/.local/lib/python3.7/site-packages/airflow/example_dags/example_task_group_decorator.py
[2023-05-24T23:29:10.976+0000] {processor.py:753} INFO - DAG(s) dict_keys(['example_task_group_decorator']) retrieved from /home/airflow/.local/lib/python3.7/site-packages/airflow/example_dags/example_task_group_decorator.py
[2023-05-24T23:29:11.081+0000] {logging_mixin.py:137} INFO - [2023-05-24T23:29:11.080+0000] {dag.py:2690} INFO - Sync 1 DAGs
[2023-05-24T23:29:11.314+0000] {logging_mixin.py:137} INFO - [2023-05-24T23:29:11.313+0000] {dag.py:3441} INFO - Setting next_dagrun for example_task_group_decorator to 2023-05-23T23:29:11.300059+00:00, run_after=2023-05-24T23:29:11.300059+00:00
[2023-05-24T23:29:11.534+0000] {processor.py:175} INFO - Processing /home/airflow/.local/lib/python3.7/site-packages/airflow/example_dags/example_task_group_decorator.py took 0.756 seconds
[2023-05-24T23:29:41.828+0000] {processor.py:153} INFO - Started process (PID=1039) to work on /home/airflow/.local/lib/python3.7/site-packages/airflow/example_dags/example_task_group_decorator.py
[2023-05-24T23:29:41.830+0000] {processor.py:743} INFO - Processing file /home/airflow/.local/lib/python3.7/site-packages/airflow/example_dags/example_task_group_decorator.py for tasks to queue
[2023-05-24T23:29:41.834+0000] {logging_mixin.py:137} INFO - [2023-05-24T23:29:41.833+0000] {dagbag.py:538} INFO - Filling up the DagBag from /home/airflow/.local/lib/python3.7/site-packages/airflow/example_dags/example_task_group_decorator.py
[2023-05-24T23:29:41.893+0000] {processor.py:753} INFO - DAG(s) dict_keys(['example_task_group_decorator']) retrieved from /home/airflow/.local/lib/python3.7/site-packages/airflow/example_dags/example_task_group_decorator.py
[2023-05-24T23:29:41.942+0000] {logging_mixin.py:137} INFO - [2023-05-24T23:29:41.942+0000] {dag.py:2690} INFO - Sync 1 DAGs
[2023-05-24T23:29:41.993+0000] {logging_mixin.py:137} INFO - [2023-05-24T23:29:41.993+0000] {dag.py:3441} INFO - Setting next_dagrun for example_task_group_decorator to 2023-05-23T23:29:41.992276+00:00, run_after=2023-05-24T23:29:41.992276+00:00
[2023-05-24T23:29:42.029+0000] {processor.py:175} INFO - Processing /home/airflow/.local/lib/python3.7/site-packages/airflow/example_dags/example_task_group_decorator.py took 0.207 seconds
[2023-05-24T23:30:12.634+0000] {processor.py:153} INFO - Started process (PID=1106) to work on /home/airflow/.local/lib/python3.7/site-packages/airflow/example_dags/example_task_group_decorator.py
[2023-05-24T23:30:12.637+0000] {processor.py:743} INFO - Processing file /home/airflow/.local/lib/python3.7/site-packages/airflow/example_dags/example_task_group_decorator.py for tasks to queue
[2023-05-24T23:30:12.640+0000] {logging_mixin.py:137} INFO - [2023-05-24T23:30:12.639+0000] {dagbag.py:538} INFO - Filling up the DagBag from /home/airflow/.local/lib/python3.7/site-packages/airflow/example_dags/example_task_group_decorator.py
[2023-05-24T23:30:12.681+0000] {processor.py:753} INFO - DAG(s) dict_keys(['example_task_group_decorator']) retrieved from /home/airflow/.local/lib/python3.7/site-packages/airflow/example_dags/example_task_group_decorator.py
[2023-05-24T23:30:12.725+0000] {logging_mixin.py:137} INFO - [2023-05-24T23:30:12.725+0000] {dag.py:2690} INFO - Sync 1 DAGs
[2023-05-24T23:30:12.759+0000] {logging_mixin.py:137} INFO - [2023-05-24T23:30:12.759+0000] {dag.py:3441} INFO - Setting next_dagrun for example_task_group_decorator to 2023-05-23T23:30:12.759099+00:00, run_after=2023-05-24T23:30:12.759099+00:00
[2023-05-24T23:30:12.793+0000] {processor.py:175} INFO - Processing /home/airflow/.local/lib/python3.7/site-packages/airflow/example_dags/example_task_group_decorator.py took 0.169 seconds
[2023-05-24T23:30:44.971+0000] {processor.py:153} INFO - Started process (PID=1167) to work on /home/airflow/.local/lib/python3.7/site-packages/airflow/example_dags/example_task_group_decorator.py
[2023-05-24T23:30:44.974+0000] {processor.py:743} INFO - Processing file /home/airflow/.local/lib/python3.7/site-packages/airflow/example_dags/example_task_group_decorator.py for tasks to queue
[2023-05-24T23:30:44.977+0000] {logging_mixin.py:137} INFO - [2023-05-24T23:30:44.977+0000] {dagbag.py:538} INFO - Filling up the DagBag from /home/airflow/.local/lib/python3.7/site-packages/airflow/example_dags/example_task_group_decorator.py
[2023-05-24T23:30:45.042+0000] {processor.py:753} INFO - DAG(s) dict_keys(['example_task_group_decorator']) retrieved from /home/airflow/.local/lib/python3.7/site-packages/airflow/example_dags/example_task_group_decorator.py
[2023-05-24T23:30:45.165+0000] {logging_mixin.py:137} INFO - [2023-05-24T23:30:45.165+0000] {dag.py:2690} INFO - Sync 1 DAGs
[2023-05-24T23:30:45.334+0000] {logging_mixin.py:137} INFO - [2023-05-24T23:30:45.334+0000] {dag.py:3441} INFO - Setting next_dagrun for example_task_group_decorator to 2023-05-23T23:30:45.329822+00:00, run_after=2023-05-24T23:30:45.329822+00:00
[2023-05-24T23:30:45.468+0000] {processor.py:175} INFO - Processing /home/airflow/.local/lib/python3.7/site-packages/airflow/example_dags/example_task_group_decorator.py took 0.509 seconds
[2023-05-24T23:34:04.023+0000] {processor.py:153} INFO - Started process (PID=91) to work on /home/airflow/.local/lib/python3.7/site-packages/airflow/example_dags/example_task_group_decorator.py
[2023-05-24T23:34:04.030+0000] {processor.py:743} INFO - Processing file /home/airflow/.local/lib/python3.7/site-packages/airflow/example_dags/example_task_group_decorator.py for tasks to queue
[2023-05-24T23:34:04.032+0000] {logging_mixin.py:137} INFO - [2023-05-24T23:34:04.032+0000] {dagbag.py:538} INFO - Filling up the DagBag from /home/airflow/.local/lib/python3.7/site-packages/airflow/example_dags/example_task_group_decorator.py
[2023-05-24T23:34:04.150+0000] {processor.py:753} INFO - DAG(s) dict_keys(['example_task_group_decorator']) retrieved from /home/airflow/.local/lib/python3.7/site-packages/airflow/example_dags/example_task_group_decorator.py
[2023-05-24T23:34:04.281+0000] {logging_mixin.py:137} INFO - [2023-05-24T23:34:04.281+0000] {dag.py:2690} INFO - Sync 1 DAGs
[2023-05-24T23:34:04.510+0000] {logging_mixin.py:137} INFO - [2023-05-24T23:34:04.510+0000] {dag.py:3441} INFO - Setting next_dagrun for example_task_group_decorator to 2023-05-23T23:34:04.510388+00:00, run_after=2023-05-24T23:34:04.510388+00:00
[2023-05-24T23:34:04.592+0000] {processor.py:175} INFO - Processing /home/airflow/.local/lib/python3.7/site-packages/airflow/example_dags/example_task_group_decorator.py took 0.580 seconds
[2023-05-24T23:34:39.281+0000] {processor.py:153} INFO - Started process (PID=150) to work on /home/airflow/.local/lib/python3.7/site-packages/airflow/example_dags/example_task_group_decorator.py
[2023-05-24T23:34:39.286+0000] {processor.py:743} INFO - Processing file /home/airflow/.local/lib/python3.7/site-packages/airflow/example_dags/example_task_group_decorator.py for tasks to queue
[2023-05-24T23:34:39.293+0000] {logging_mixin.py:137} INFO - [2023-05-24T23:34:39.292+0000] {dagbag.py:538} INFO - Filling up the DagBag from /home/airflow/.local/lib/python3.7/site-packages/airflow/example_dags/example_task_group_decorator.py
[2023-05-24T23:34:39.419+0000] {processor.py:753} INFO - DAG(s) dict_keys(['example_task_group_decorator']) retrieved from /home/airflow/.local/lib/python3.7/site-packages/airflow/example_dags/example_task_group_decorator.py
[2023-05-24T23:34:39.547+0000] {logging_mixin.py:137} INFO - [2023-05-24T23:34:39.547+0000] {dag.py:2690} INFO - Sync 1 DAGs
[2023-05-24T23:34:39.672+0000] {logging_mixin.py:137} INFO - [2023-05-24T23:34:39.672+0000] {dag.py:3441} INFO - Setting next_dagrun for example_task_group_decorator to 2023-05-23T23:34:39.671873+00:00, run_after=2023-05-24T23:34:39.671873+00:00
[2023-05-24T23:34:39.773+0000] {processor.py:175} INFO - Processing /home/airflow/.local/lib/python3.7/site-packages/airflow/example_dags/example_task_group_decorator.py took 0.512 seconds
[2023-05-24T23:35:27.125+0000] {processor.py:153} INFO - Started process (PID=209) to work on /home/airflow/.local/lib/python3.7/site-packages/airflow/example_dags/example_task_group_decorator.py
[2023-05-24T23:35:27.156+0000] {processor.py:743} INFO - Processing file /home/airflow/.local/lib/python3.7/site-packages/airflow/example_dags/example_task_group_decorator.py for tasks to queue
[2023-05-24T23:35:27.235+0000] {logging_mixin.py:137} INFO - [2023-05-24T23:35:27.235+0000] {dagbag.py:538} INFO - Filling up the DagBag from /home/airflow/.local/lib/python3.7/site-packages/airflow/example_dags/example_task_group_decorator.py
[2023-05-24T23:35:29.268+0000] {processor.py:753} INFO - DAG(s) dict_keys(['example_task_group_decorator']) retrieved from /home/airflow/.local/lib/python3.7/site-packages/airflow/example_dags/example_task_group_decorator.py
[2023-05-24T23:35:29.999+0000] {logging_mixin.py:137} INFO - [2023-05-24T23:35:29.998+0000] {dag.py:2690} INFO - Sync 1 DAGs
[2023-05-24T23:35:32.007+0000] {logging_mixin.py:137} INFO - [2023-05-24T23:35:32.007+0000] {dag.py:3441} INFO - Setting next_dagrun for example_task_group_decorator to 2023-05-23T23:35:32.006815+00:00, run_after=2023-05-24T23:35:32.006815+00:00
[2023-05-24T23:35:32.808+0000] {processor.py:175} INFO - Processing /home/airflow/.local/lib/python3.7/site-packages/airflow/example_dags/example_task_group_decorator.py took 5.751 seconds
[2023-05-24T23:36:45.407+0000] {processor.py:153} INFO - Started process (PID=291) to work on /home/airflow/.local/lib/python3.7/site-packages/airflow/example_dags/example_task_group_decorator.py
[2023-05-24T23:36:45.431+0000] {processor.py:743} INFO - Processing file /home/airflow/.local/lib/python3.7/site-packages/airflow/example_dags/example_task_group_decorator.py for tasks to queue
[2023-05-24T23:36:45.457+0000] {logging_mixin.py:137} INFO - [2023-05-24T23:36:45.455+0000] {dagbag.py:538} INFO - Filling up the DagBag from /home/airflow/.local/lib/python3.7/site-packages/airflow/example_dags/example_task_group_decorator.py
[2023-05-24T23:36:46.733+0000] {processor.py:753} INFO - DAG(s) dict_keys(['example_task_group_decorator']) retrieved from /home/airflow/.local/lib/python3.7/site-packages/airflow/example_dags/example_task_group_decorator.py
[2023-05-24T23:36:47.964+0000] {logging_mixin.py:137} INFO - [2023-05-24T23:36:47.964+0000] {dag.py:2690} INFO - Sync 1 DAGs
[2023-05-24T23:36:48.717+0000] {logging_mixin.py:137} INFO - [2023-05-24T23:36:48.716+0000] {dag.py:3441} INFO - Setting next_dagrun for example_task_group_decorator to 2023-05-23T23:36:48.716308+00:00, run_after=2023-05-24T23:36:48.716308+00:00
[2023-05-24T23:36:49.497+0000] {processor.py:175} INFO - Processing /home/airflow/.local/lib/python3.7/site-packages/airflow/example_dags/example_task_group_decorator.py took 4.132 seconds
[2023-05-24T23:37:41.791+0000] {processor.py:153} INFO - Started process (PID=357) to work on /home/airflow/.local/lib/python3.7/site-packages/airflow/example_dags/example_task_group_decorator.py
[2023-05-24T23:37:41.810+0000] {processor.py:743} INFO - Processing file /home/airflow/.local/lib/python3.7/site-packages/airflow/example_dags/example_task_group_decorator.py for tasks to queue
[2023-05-24T23:37:41.828+0000] {logging_mixin.py:137} INFO - [2023-05-24T23:37:41.828+0000] {dagbag.py:538} INFO - Filling up the DagBag from /home/airflow/.local/lib/python3.7/site-packages/airflow/example_dags/example_task_group_decorator.py
[2023-05-24T23:37:42.365+0000] {processor.py:753} INFO - DAG(s) dict_keys(['example_task_group_decorator']) retrieved from /home/airflow/.local/lib/python3.7/site-packages/airflow/example_dags/example_task_group_decorator.py
[2023-05-24T23:37:42.620+0000] {logging_mixin.py:137} INFO - [2023-05-24T23:37:42.620+0000] {dag.py:2690} INFO - Sync 1 DAGs
[2023-05-24T23:37:42.908+0000] {logging_mixin.py:137} INFO - [2023-05-24T23:37:42.908+0000] {dag.py:3441} INFO - Setting next_dagrun for example_task_group_decorator to 2023-05-23T23:37:42.907730+00:00, run_after=2023-05-24T23:37:42.907730+00:00
[2023-05-24T23:37:43.142+0000] {processor.py:175} INFO - Processing /home/airflow/.local/lib/python3.7/site-packages/airflow/example_dags/example_task_group_decorator.py took 1.422 seconds
[2023-05-24T23:39:05.910+0000] {processor.py:153} INFO - Started process (PID=437) to work on /home/airflow/.local/lib/python3.7/site-packages/airflow/example_dags/example_task_group_decorator.py
[2023-05-24T23:39:05.923+0000] {processor.py:743} INFO - Processing file /home/airflow/.local/lib/python3.7/site-packages/airflow/example_dags/example_task_group_decorator.py for tasks to queue
[2023-05-24T23:39:05.935+0000] {logging_mixin.py:137} INFO - [2023-05-24T23:39:05.935+0000] {dagbag.py:538} INFO - Filling up the DagBag from /home/airflow/.local/lib/python3.7/site-packages/airflow/example_dags/example_task_group_decorator.py
[2023-05-24T23:39:06.263+0000] {processor.py:753} INFO - DAG(s) dict_keys(['example_task_group_decorator']) retrieved from /home/airflow/.local/lib/python3.7/site-packages/airflow/example_dags/example_task_group_decorator.py
[2023-05-24T23:39:06.336+0000] {logging_mixin.py:137} INFO - [2023-05-24T23:39:06.336+0000] {dag.py:2690} INFO - Sync 1 DAGs
[2023-05-24T23:39:06.480+0000] {logging_mixin.py:137} INFO - [2023-05-24T23:39:06.474+0000] {dag.py:3441} INFO - Setting next_dagrun for example_task_group_decorator to 2023-05-23T23:39:06.473975+00:00, run_after=2023-05-24T23:39:06.473975+00:00
[2023-05-24T23:39:06.694+0000] {processor.py:175} INFO - Processing /home/airflow/.local/lib/python3.7/site-packages/airflow/example_dags/example_task_group_decorator.py took 0.831 seconds
[2023-05-24T23:40:12.478+0000] {processor.py:153} INFO - Started process (PID=516) to work on /home/airflow/.local/lib/python3.7/site-packages/airflow/example_dags/example_task_group_decorator.py
[2023-05-24T23:40:12.501+0000] {processor.py:743} INFO - Processing file /home/airflow/.local/lib/python3.7/site-packages/airflow/example_dags/example_task_group_decorator.py for tasks to queue
[2023-05-24T23:40:12.511+0000] {logging_mixin.py:137} INFO - [2023-05-24T23:40:12.510+0000] {dagbag.py:538} INFO - Filling up the DagBag from /home/airflow/.local/lib/python3.7/site-packages/airflow/example_dags/example_task_group_decorator.py
[2023-05-24T23:40:12.783+0000] {processor.py:753} INFO - DAG(s) dict_keys(['example_task_group_decorator']) retrieved from /home/airflow/.local/lib/python3.7/site-packages/airflow/example_dags/example_task_group_decorator.py
[2023-05-24T23:40:12.988+0000] {logging_mixin.py:137} INFO - [2023-05-24T23:40:12.988+0000] {dag.py:2690} INFO - Sync 1 DAGs
[2023-05-24T23:40:13.399+0000] {logging_mixin.py:137} INFO - [2023-05-24T23:40:13.398+0000] {dag.py:3441} INFO - Setting next_dagrun for example_task_group_decorator to 2023-05-23T23:40:13.394836+00:00, run_after=2023-05-24T23:40:13.394836+00:00
[2023-05-24T23:40:13.649+0000] {processor.py:175} INFO - Processing /home/airflow/.local/lib/python3.7/site-packages/airflow/example_dags/example_task_group_decorator.py took 1.322 seconds
[2023-05-24T23:40:45.143+0000] {processor.py:153} INFO - Started process (PID=565) to work on /home/airflow/.local/lib/python3.7/site-packages/airflow/example_dags/example_task_group_decorator.py
[2023-05-24T23:40:45.153+0000] {processor.py:743} INFO - Processing file /home/airflow/.local/lib/python3.7/site-packages/airflow/example_dags/example_task_group_decorator.py for tasks to queue
[2023-05-24T23:40:45.158+0000] {logging_mixin.py:137} INFO - [2023-05-24T23:40:45.158+0000] {dagbag.py:538} INFO - Filling up the DagBag from /home/airflow/.local/lib/python3.7/site-packages/airflow/example_dags/example_task_group_decorator.py
[2023-05-24T23:40:45.775+0000] {processor.py:753} INFO - DAG(s) dict_keys(['example_task_group_decorator']) retrieved from /home/airflow/.local/lib/python3.7/site-packages/airflow/example_dags/example_task_group_decorator.py
[2023-05-24T23:40:45.962+0000] {logging_mixin.py:137} INFO - [2023-05-24T23:40:45.961+0000] {dag.py:2690} INFO - Sync 1 DAGs
[2023-05-24T23:40:46.007+0000] {logging_mixin.py:137} INFO - [2023-05-24T23:40:46.007+0000] {dag.py:3441} INFO - Setting next_dagrun for example_task_group_decorator to 2023-05-23T23:40:46.006779+00:00, run_after=2023-05-24T23:40:46.006779+00:00
[2023-05-24T23:40:46.040+0000] {processor.py:175} INFO - Processing /home/airflow/.local/lib/python3.7/site-packages/airflow/example_dags/example_task_group_decorator.py took 0.929 seconds
[2023-05-24T23:43:16.268+0000] {processor.py:153} INFO - Started process (PID=94) to work on /home/airflow/.local/lib/python3.7/site-packages/airflow/example_dags/example_task_group_decorator.py
[2023-05-24T23:43:16.270+0000] {processor.py:743} INFO - Processing file /home/airflow/.local/lib/python3.7/site-packages/airflow/example_dags/example_task_group_decorator.py for tasks to queue
[2023-05-24T23:43:16.273+0000] {logging_mixin.py:137} INFO - [2023-05-24T23:43:16.272+0000] {dagbag.py:538} INFO - Filling up the DagBag from /home/airflow/.local/lib/python3.7/site-packages/airflow/example_dags/example_task_group_decorator.py
[2023-05-24T23:43:16.323+0000] {processor.py:753} INFO - DAG(s) dict_keys(['example_task_group_decorator']) retrieved from /home/airflow/.local/lib/python3.7/site-packages/airflow/example_dags/example_task_group_decorator.py
[2023-05-24T23:43:16.373+0000] {logging_mixin.py:137} INFO - [2023-05-24T23:43:16.373+0000] {dag.py:2690} INFO - Sync 1 DAGs
[2023-05-24T23:43:16.423+0000] {logging_mixin.py:137} INFO - [2023-05-24T23:43:16.423+0000] {dag.py:3441} INFO - Setting next_dagrun for example_task_group_decorator to 2023-05-23T23:43:16.423316+00:00, run_after=2023-05-24T23:43:16.423316+00:00
[2023-05-24T23:43:16.469+0000] {processor.py:175} INFO - Processing /home/airflow/.local/lib/python3.7/site-packages/airflow/example_dags/example_task_group_decorator.py took 0.208 seconds
[2023-05-24T23:43:59.900+0000] {processor.py:153} INFO - Started process (PID=154) to work on /home/airflow/.local/lib/python3.7/site-packages/airflow/example_dags/example_task_group_decorator.py
[2023-05-24T23:43:59.915+0000] {processor.py:743} INFO - Processing file /home/airflow/.local/lib/python3.7/site-packages/airflow/example_dags/example_task_group_decorator.py for tasks to queue
[2023-05-24T23:43:59.920+0000] {logging_mixin.py:137} INFO - [2023-05-24T23:43:59.920+0000] {dagbag.py:538} INFO - Filling up the DagBag from /home/airflow/.local/lib/python3.7/site-packages/airflow/example_dags/example_task_group_decorator.py
[2023-05-24T23:44:00.075+0000] {processor.py:753} INFO - DAG(s) dict_keys(['example_task_group_decorator']) retrieved from /home/airflow/.local/lib/python3.7/site-packages/airflow/example_dags/example_task_group_decorator.py
[2023-05-24T23:44:00.135+0000] {logging_mixin.py:137} INFO - [2023-05-24T23:44:00.134+0000] {dag.py:2690} INFO - Sync 1 DAGs
[2023-05-24T23:44:00.211+0000] {logging_mixin.py:137} INFO - [2023-05-24T23:44:00.211+0000] {dag.py:3441} INFO - Setting next_dagrun for example_task_group_decorator to 2023-05-23T23:44:00.210834+00:00, run_after=2023-05-24T23:44:00.210834+00:00
[2023-05-24T23:44:00.281+0000] {processor.py:175} INFO - Processing /home/airflow/.local/lib/python3.7/site-packages/airflow/example_dags/example_task_group_decorator.py took 0.392 seconds
[2023-05-24T23:44:31.724+0000] {processor.py:153} INFO - Started process (PID=214) to work on /home/airflow/.local/lib/python3.7/site-packages/airflow/example_dags/example_task_group_decorator.py
[2023-05-24T23:44:31.742+0000] {processor.py:743} INFO - Processing file /home/airflow/.local/lib/python3.7/site-packages/airflow/example_dags/example_task_group_decorator.py for tasks to queue
[2023-05-24T23:44:31.748+0000] {logging_mixin.py:137} INFO - [2023-05-24T23:44:31.748+0000] {dagbag.py:538} INFO - Filling up the DagBag from /home/airflow/.local/lib/python3.7/site-packages/airflow/example_dags/example_task_group_decorator.py
[2023-05-24T23:44:31.912+0000] {processor.py:753} INFO - DAG(s) dict_keys(['example_task_group_decorator']) retrieved from /home/airflow/.local/lib/python3.7/site-packages/airflow/example_dags/example_task_group_decorator.py
[2023-05-24T23:44:32.044+0000] {logging_mixin.py:137} INFO - [2023-05-24T23:44:32.044+0000] {dag.py:2690} INFO - Sync 1 DAGs
[2023-05-24T23:44:32.313+0000] {logging_mixin.py:137} INFO - [2023-05-24T23:44:32.313+0000] {dag.py:3441} INFO - Setting next_dagrun for example_task_group_decorator to 2023-05-23T23:44:32.312432+00:00, run_after=2023-05-24T23:44:32.312432+00:00
[2023-05-24T23:44:32.565+0000] {processor.py:175} INFO - Processing /home/airflow/.local/lib/python3.7/site-packages/airflow/example_dags/example_task_group_decorator.py took 0.851 seconds
[2023-05-24T23:45:03.122+0000] {processor.py:153} INFO - Started process (PID=280) to work on /home/airflow/.local/lib/python3.7/site-packages/airflow/example_dags/example_task_group_decorator.py
[2023-05-24T23:45:03.125+0000] {processor.py:743} INFO - Processing file /home/airflow/.local/lib/python3.7/site-packages/airflow/example_dags/example_task_group_decorator.py for tasks to queue
[2023-05-24T23:45:03.131+0000] {logging_mixin.py:137} INFO - [2023-05-24T23:45:03.131+0000] {dagbag.py:538} INFO - Filling up the DagBag from /home/airflow/.local/lib/python3.7/site-packages/airflow/example_dags/example_task_group_decorator.py
[2023-05-24T23:45:03.200+0000] {processor.py:753} INFO - DAG(s) dict_keys(['example_task_group_decorator']) retrieved from /home/airflow/.local/lib/python3.7/site-packages/airflow/example_dags/example_task_group_decorator.py
[2023-05-24T23:45:03.280+0000] {logging_mixin.py:137} INFO - [2023-05-24T23:45:03.280+0000] {dag.py:2690} INFO - Sync 1 DAGs
[2023-05-24T23:45:03.372+0000] {logging_mixin.py:137} INFO - [2023-05-24T23:45:03.372+0000] {dag.py:3441} INFO - Setting next_dagrun for example_task_group_decorator to 2023-05-23T23:45:03.372335+00:00, run_after=2023-05-24T23:45:03.372335+00:00
[2023-05-24T23:45:03.443+0000] {processor.py:175} INFO - Processing /home/airflow/.local/lib/python3.7/site-packages/airflow/example_dags/example_task_group_decorator.py took 0.341 seconds
[2023-05-24T23:45:33.578+0000] {processor.py:153} INFO - Started process (PID=340) to work on /home/airflow/.local/lib/python3.7/site-packages/airflow/example_dags/example_task_group_decorator.py
[2023-05-24T23:45:33.584+0000] {processor.py:743} INFO - Processing file /home/airflow/.local/lib/python3.7/site-packages/airflow/example_dags/example_task_group_decorator.py for tasks to queue
[2023-05-24T23:45:33.586+0000] {logging_mixin.py:137} INFO - [2023-05-24T23:45:33.586+0000] {dagbag.py:538} INFO - Filling up the DagBag from /home/airflow/.local/lib/python3.7/site-packages/airflow/example_dags/example_task_group_decorator.py
[2023-05-24T23:45:33.753+0000] {processor.py:753} INFO - DAG(s) dict_keys(['example_task_group_decorator']) retrieved from /home/airflow/.local/lib/python3.7/site-packages/airflow/example_dags/example_task_group_decorator.py
[2023-05-24T23:45:33.863+0000] {logging_mixin.py:137} INFO - [2023-05-24T23:45:33.863+0000] {dag.py:2690} INFO - Sync 1 DAGs
[2023-05-24T23:45:33.952+0000] {logging_mixin.py:137} INFO - [2023-05-24T23:45:33.951+0000] {dag.py:3441} INFO - Setting next_dagrun for example_task_group_decorator to 2023-05-23T23:45:33.951462+00:00, run_after=2023-05-24T23:45:33.951462+00:00
[2023-05-24T23:45:34.014+0000] {processor.py:175} INFO - Processing /home/airflow/.local/lib/python3.7/site-packages/airflow/example_dags/example_task_group_decorator.py took 0.443 seconds
[2023-05-24T23:46:05.350+0000] {processor.py:153} INFO - Started process (PID=402) to work on /home/airflow/.local/lib/python3.7/site-packages/airflow/example_dags/example_task_group_decorator.py
[2023-05-24T23:46:05.355+0000] {processor.py:743} INFO - Processing file /home/airflow/.local/lib/python3.7/site-packages/airflow/example_dags/example_task_group_decorator.py for tasks to queue
[2023-05-24T23:46:05.359+0000] {logging_mixin.py:137} INFO - [2023-05-24T23:46:05.359+0000] {dagbag.py:538} INFO - Filling up the DagBag from /home/airflow/.local/lib/python3.7/site-packages/airflow/example_dags/example_task_group_decorator.py
[2023-05-24T23:46:05.407+0000] {processor.py:753} INFO - DAG(s) dict_keys(['example_task_group_decorator']) retrieved from /home/airflow/.local/lib/python3.7/site-packages/airflow/example_dags/example_task_group_decorator.py
[2023-05-24T23:46:05.456+0000] {logging_mixin.py:137} INFO - [2023-05-24T23:46:05.455+0000] {dag.py:2690} INFO - Sync 1 DAGs
[2023-05-24T23:46:05.494+0000] {logging_mixin.py:137} INFO - [2023-05-24T23:46:05.494+0000] {dag.py:3441} INFO - Setting next_dagrun for example_task_group_decorator to 2023-05-23T23:46:05.494230+00:00, run_after=2023-05-24T23:46:05.494230+00:00
[2023-05-24T23:46:05.525+0000] {processor.py:175} INFO - Processing /home/airflow/.local/lib/python3.7/site-packages/airflow/example_dags/example_task_group_decorator.py took 0.188 seconds
[2023-05-24T23:46:36.580+0000] {processor.py:153} INFO - Started process (PID=464) to work on /home/airflow/.local/lib/python3.7/site-packages/airflow/example_dags/example_task_group_decorator.py
[2023-05-24T23:46:36.585+0000] {processor.py:743} INFO - Processing file /home/airflow/.local/lib/python3.7/site-packages/airflow/example_dags/example_task_group_decorator.py for tasks to queue
[2023-05-24T23:46:36.587+0000] {logging_mixin.py:137} INFO - [2023-05-24T23:46:36.586+0000] {dagbag.py:538} INFO - Filling up the DagBag from /home/airflow/.local/lib/python3.7/site-packages/airflow/example_dags/example_task_group_decorator.py
[2023-05-24T23:46:36.690+0000] {processor.py:753} INFO - DAG(s) dict_keys(['example_task_group_decorator']) retrieved from /home/airflow/.local/lib/python3.7/site-packages/airflow/example_dags/example_task_group_decorator.py
[2023-05-24T23:46:36.751+0000] {logging_mixin.py:137} INFO - [2023-05-24T23:46:36.751+0000] {dag.py:2690} INFO - Sync 1 DAGs
[2023-05-24T23:46:36.819+0000] {logging_mixin.py:137} INFO - [2023-05-24T23:46:36.819+0000] {dag.py:3441} INFO - Setting next_dagrun for example_task_group_decorator to 2023-05-23T23:46:36.818281+00:00, run_after=2023-05-24T23:46:36.818281+00:00
[2023-05-24T23:46:36.854+0000] {processor.py:175} INFO - Processing /home/airflow/.local/lib/python3.7/site-packages/airflow/example_dags/example_task_group_decorator.py took 0.282 seconds
[2023-05-24T23:47:06.970+0000] {processor.py:153} INFO - Started process (PID=523) to work on /home/airflow/.local/lib/python3.7/site-packages/airflow/example_dags/example_task_group_decorator.py
[2023-05-24T23:47:06.972+0000] {processor.py:743} INFO - Processing file /home/airflow/.local/lib/python3.7/site-packages/airflow/example_dags/example_task_group_decorator.py for tasks to queue
[2023-05-24T23:47:06.974+0000] {logging_mixin.py:137} INFO - [2023-05-24T23:47:06.974+0000] {dagbag.py:538} INFO - Filling up the DagBag from /home/airflow/.local/lib/python3.7/site-packages/airflow/example_dags/example_task_group_decorator.py
[2023-05-24T23:47:07.015+0000] {processor.py:753} INFO - DAG(s) dict_keys(['example_task_group_decorator']) retrieved from /home/airflow/.local/lib/python3.7/site-packages/airflow/example_dags/example_task_group_decorator.py
[2023-05-24T23:47:07.054+0000] {logging_mixin.py:137} INFO - [2023-05-24T23:47:07.054+0000] {dag.py:2690} INFO - Sync 1 DAGs
[2023-05-24T23:47:07.088+0000] {logging_mixin.py:137} INFO - [2023-05-24T23:47:07.087+0000] {dag.py:3441} INFO - Setting next_dagrun for example_task_group_decorator to 2023-05-23T23:47:07.087663+00:00, run_after=2023-05-24T23:47:07.087663+00:00
[2023-05-24T23:47:07.117+0000] {processor.py:175} INFO - Processing /home/airflow/.local/lib/python3.7/site-packages/airflow/example_dags/example_task_group_decorator.py took 0.153 seconds
[2023-05-24T23:47:37.626+0000] {processor.py:153} INFO - Started process (PID=582) to work on /home/airflow/.local/lib/python3.7/site-packages/airflow/example_dags/example_task_group_decorator.py
[2023-05-24T23:47:37.628+0000] {processor.py:743} INFO - Processing file /home/airflow/.local/lib/python3.7/site-packages/airflow/example_dags/example_task_group_decorator.py for tasks to queue
[2023-05-24T23:47:37.630+0000] {logging_mixin.py:137} INFO - [2023-05-24T23:47:37.630+0000] {dagbag.py:538} INFO - Filling up the DagBag from /home/airflow/.local/lib/python3.7/site-packages/airflow/example_dags/example_task_group_decorator.py
[2023-05-24T23:47:37.675+0000] {processor.py:753} INFO - DAG(s) dict_keys(['example_task_group_decorator']) retrieved from /home/airflow/.local/lib/python3.7/site-packages/airflow/example_dags/example_task_group_decorator.py
[2023-05-24T23:47:37.719+0000] {logging_mixin.py:137} INFO - [2023-05-24T23:47:37.719+0000] {dag.py:2690} INFO - Sync 1 DAGs
[2023-05-24T23:47:37.763+0000] {logging_mixin.py:137} INFO - [2023-05-24T23:47:37.763+0000] {dag.py:3441} INFO - Setting next_dagrun for example_task_group_decorator to 2023-05-23T23:47:37.762683+00:00, run_after=2023-05-24T23:47:37.762683+00:00
[2023-05-24T23:47:37.826+0000] {processor.py:175} INFO - Processing /home/airflow/.local/lib/python3.7/site-packages/airflow/example_dags/example_task_group_decorator.py took 0.207 seconds
[2023-05-24T23:48:08.965+0000] {processor.py:153} INFO - Started process (PID=643) to work on /home/airflow/.local/lib/python3.7/site-packages/airflow/example_dags/example_task_group_decorator.py
[2023-05-24T23:48:08.975+0000] {processor.py:743} INFO - Processing file /home/airflow/.local/lib/python3.7/site-packages/airflow/example_dags/example_task_group_decorator.py for tasks to queue
[2023-05-24T23:48:08.977+0000] {logging_mixin.py:137} INFO - [2023-05-24T23:48:08.977+0000] {dagbag.py:538} INFO - Filling up the DagBag from /home/airflow/.local/lib/python3.7/site-packages/airflow/example_dags/example_task_group_decorator.py
[2023-05-24T23:48:09.054+0000] {processor.py:753} INFO - DAG(s) dict_keys(['example_task_group_decorator']) retrieved from /home/airflow/.local/lib/python3.7/site-packages/airflow/example_dags/example_task_group_decorator.py
[2023-05-24T23:48:09.130+0000] {logging_mixin.py:137} INFO - [2023-05-24T23:48:09.130+0000] {dag.py:2690} INFO - Sync 1 DAGs
[2023-05-24T23:48:09.218+0000] {logging_mixin.py:137} INFO - [2023-05-24T23:48:09.218+0000] {dag.py:3441} INFO - Setting next_dagrun for example_task_group_decorator to 2023-05-23T23:48:09.217994+00:00, run_after=2023-05-24T23:48:09.217994+00:00
[2023-05-24T23:48:09.276+0000] {processor.py:175} INFO - Processing /home/airflow/.local/lib/python3.7/site-packages/airflow/example_dags/example_task_group_decorator.py took 0.324 seconds
[2023-05-24T23:48:40.139+0000] {processor.py:153} INFO - Started process (PID=703) to work on /home/airflow/.local/lib/python3.7/site-packages/airflow/example_dags/example_task_group_decorator.py
[2023-05-24T23:48:40.145+0000] {processor.py:743} INFO - Processing file /home/airflow/.local/lib/python3.7/site-packages/airflow/example_dags/example_task_group_decorator.py for tasks to queue
[2023-05-24T23:48:40.150+0000] {logging_mixin.py:137} INFO - [2023-05-24T23:48:40.149+0000] {dagbag.py:538} INFO - Filling up the DagBag from /home/airflow/.local/lib/python3.7/site-packages/airflow/example_dags/example_task_group_decorator.py
[2023-05-24T23:48:40.236+0000] {processor.py:753} INFO - DAG(s) dict_keys(['example_task_group_decorator']) retrieved from /home/airflow/.local/lib/python3.7/site-packages/airflow/example_dags/example_task_group_decorator.py
[2023-05-24T23:48:40.321+0000] {logging_mixin.py:137} INFO - [2023-05-24T23:48:40.317+0000] {dag.py:2690} INFO - Sync 1 DAGs
[2023-05-24T23:48:40.404+0000] {logging_mixin.py:137} INFO - [2023-05-24T23:48:40.404+0000] {dag.py:3441} INFO - Setting next_dagrun for example_task_group_decorator to 2023-05-23T23:48:40.404138+00:00, run_after=2023-05-24T23:48:40.404138+00:00
[2023-05-24T23:48:40.478+0000] {processor.py:175} INFO - Processing /home/airflow/.local/lib/python3.7/site-packages/airflow/example_dags/example_task_group_decorator.py took 0.351 seconds
[2023-05-24T23:49:10.766+0000] {processor.py:153} INFO - Started process (PID=762) to work on /home/airflow/.local/lib/python3.7/site-packages/airflow/example_dags/example_task_group_decorator.py
[2023-05-24T23:49:10.771+0000] {processor.py:743} INFO - Processing file /home/airflow/.local/lib/python3.7/site-packages/airflow/example_dags/example_task_group_decorator.py for tasks to queue
[2023-05-24T23:49:10.773+0000] {logging_mixin.py:137} INFO - [2023-05-24T23:49:10.773+0000] {dagbag.py:538} INFO - Filling up the DagBag from /home/airflow/.local/lib/python3.7/site-packages/airflow/example_dags/example_task_group_decorator.py
[2023-05-24T23:49:10.855+0000] {processor.py:753} INFO - DAG(s) dict_keys(['example_task_group_decorator']) retrieved from /home/airflow/.local/lib/python3.7/site-packages/airflow/example_dags/example_task_group_decorator.py
[2023-05-24T23:49:10.897+0000] {logging_mixin.py:137} INFO - [2023-05-24T23:49:10.897+0000] {dag.py:2690} INFO - Sync 1 DAGs
[2023-05-24T23:49:10.935+0000] {logging_mixin.py:137} INFO - [2023-05-24T23:49:10.935+0000] {dag.py:3441} INFO - Setting next_dagrun for example_task_group_decorator to 2023-05-23T23:49:10.934750+00:00, run_after=2023-05-24T23:49:10.934750+00:00
[2023-05-24T23:49:10.982+0000] {processor.py:175} INFO - Processing /home/airflow/.local/lib/python3.7/site-packages/airflow/example_dags/example_task_group_decorator.py took 0.233 seconds
[2023-05-24T23:49:42.058+0000] {processor.py:153} INFO - Started process (PID=830) to work on /home/airflow/.local/lib/python3.7/site-packages/airflow/example_dags/example_task_group_decorator.py
[2023-05-24T23:49:42.065+0000] {processor.py:743} INFO - Processing file /home/airflow/.local/lib/python3.7/site-packages/airflow/example_dags/example_task_group_decorator.py for tasks to queue
[2023-05-24T23:49:42.068+0000] {logging_mixin.py:137} INFO - [2023-05-24T23:49:42.068+0000] {dagbag.py:538} INFO - Filling up the DagBag from /home/airflow/.local/lib/python3.7/site-packages/airflow/example_dags/example_task_group_decorator.py
[2023-05-24T23:49:42.109+0000] {processor.py:753} INFO - DAG(s) dict_keys(['example_task_group_decorator']) retrieved from /home/airflow/.local/lib/python3.7/site-packages/airflow/example_dags/example_task_group_decorator.py
[2023-05-24T23:49:42.149+0000] {logging_mixin.py:137} INFO - [2023-05-24T23:49:42.149+0000] {dag.py:2690} INFO - Sync 1 DAGs
[2023-05-24T23:49:42.201+0000] {logging_mixin.py:137} INFO - [2023-05-24T23:49:42.201+0000] {dag.py:3441} INFO - Setting next_dagrun for example_task_group_decorator to 2023-05-23T23:49:42.200770+00:00, run_after=2023-05-24T23:49:42.200770+00:00
[2023-05-24T23:49:42.254+0000] {processor.py:175} INFO - Processing /home/airflow/.local/lib/python3.7/site-packages/airflow/example_dags/example_task_group_decorator.py took 0.218 seconds
[2023-05-24T23:50:13.016+0000] {processor.py:153} INFO - Started process (PID=889) to work on /home/airflow/.local/lib/python3.7/site-packages/airflow/example_dags/example_task_group_decorator.py
[2023-05-24T23:50:13.021+0000] {processor.py:743} INFO - Processing file /home/airflow/.local/lib/python3.7/site-packages/airflow/example_dags/example_task_group_decorator.py for tasks to queue
[2023-05-24T23:50:13.029+0000] {logging_mixin.py:137} INFO - [2023-05-24T23:50:13.028+0000] {dagbag.py:538} INFO - Filling up the DagBag from /home/airflow/.local/lib/python3.7/site-packages/airflow/example_dags/example_task_group_decorator.py
[2023-05-24T23:50:13.126+0000] {processor.py:753} INFO - DAG(s) dict_keys(['example_task_group_decorator']) retrieved from /home/airflow/.local/lib/python3.7/site-packages/airflow/example_dags/example_task_group_decorator.py
[2023-05-24T23:50:13.188+0000] {logging_mixin.py:137} INFO - [2023-05-24T23:50:13.188+0000] {dag.py:2690} INFO - Sync 1 DAGs
[2023-05-24T23:50:13.275+0000] {logging_mixin.py:137} INFO - [2023-05-24T23:50:13.273+0000] {dag.py:3441} INFO - Setting next_dagrun for example_task_group_decorator to 2023-05-23T23:50:13.268460+00:00, run_after=2023-05-24T23:50:13.268460+00:00
[2023-05-24T23:50:13.315+0000] {processor.py:175} INFO - Processing /home/airflow/.local/lib/python3.7/site-packages/airflow/example_dags/example_task_group_decorator.py took 0.312 seconds
[2023-05-24T23:50:44.105+0000] {processor.py:153} INFO - Started process (PID=949) to work on /home/airflow/.local/lib/python3.7/site-packages/airflow/example_dags/example_task_group_decorator.py
[2023-05-24T23:50:44.108+0000] {processor.py:743} INFO - Processing file /home/airflow/.local/lib/python3.7/site-packages/airflow/example_dags/example_task_group_decorator.py for tasks to queue
[2023-05-24T23:50:44.114+0000] {logging_mixin.py:137} INFO - [2023-05-24T23:50:44.114+0000] {dagbag.py:538} INFO - Filling up the DagBag from /home/airflow/.local/lib/python3.7/site-packages/airflow/example_dags/example_task_group_decorator.py
[2023-05-24T23:50:44.174+0000] {processor.py:753} INFO - DAG(s) dict_keys(['example_task_group_decorator']) retrieved from /home/airflow/.local/lib/python3.7/site-packages/airflow/example_dags/example_task_group_decorator.py
[2023-05-24T23:50:44.215+0000] {logging_mixin.py:137} INFO - [2023-05-24T23:50:44.215+0000] {dag.py:2690} INFO - Sync 1 DAGs
[2023-05-24T23:50:44.298+0000] {logging_mixin.py:137} INFO - [2023-05-24T23:50:44.298+0000] {dag.py:3441} INFO - Setting next_dagrun for example_task_group_decorator to 2023-05-23T23:50:44.297837+00:00, run_after=2023-05-24T23:50:44.297837+00:00
[2023-05-24T23:50:44.381+0000] {processor.py:175} INFO - Processing /home/airflow/.local/lib/python3.7/site-packages/airflow/example_dags/example_task_group_decorator.py took 0.280 seconds
[2023-05-24T23:51:17.985+0000] {processor.py:153} INFO - Started process (PID=1011) to work on /home/airflow/.local/lib/python3.7/site-packages/airflow/example_dags/example_task_group_decorator.py
[2023-05-24T23:51:17.991+0000] {processor.py:743} INFO - Processing file /home/airflow/.local/lib/python3.7/site-packages/airflow/example_dags/example_task_group_decorator.py for tasks to queue
[2023-05-24T23:51:17.993+0000] {logging_mixin.py:137} INFO - [2023-05-24T23:51:17.993+0000] {dagbag.py:538} INFO - Filling up the DagBag from /home/airflow/.local/lib/python3.7/site-packages/airflow/example_dags/example_task_group_decorator.py
[2023-05-24T23:51:18.163+0000] {processor.py:753} INFO - DAG(s) dict_keys(['example_task_group_decorator']) retrieved from /home/airflow/.local/lib/python3.7/site-packages/airflow/example_dags/example_task_group_decorator.py
[2023-05-24T23:51:18.232+0000] {logging_mixin.py:137} INFO - [2023-05-24T23:51:18.232+0000] {dag.py:2690} INFO - Sync 1 DAGs
[2023-05-24T23:51:18.296+0000] {logging_mixin.py:137} INFO - [2023-05-24T23:51:18.295+0000] {dag.py:3441} INFO - Setting next_dagrun for example_task_group_decorator to 2023-05-23T23:51:18.295470+00:00, run_after=2023-05-24T23:51:18.295470+00:00
[2023-05-24T23:51:18.333+0000] {processor.py:175} INFO - Processing /home/airflow/.local/lib/python3.7/site-packages/airflow/example_dags/example_task_group_decorator.py took 0.355 seconds
[2023-05-24T23:51:49.106+0000] {processor.py:153} INFO - Started process (PID=1070) to work on /home/airflow/.local/lib/python3.7/site-packages/airflow/example_dags/example_task_group_decorator.py
[2023-05-24T23:51:49.110+0000] {processor.py:743} INFO - Processing file /home/airflow/.local/lib/python3.7/site-packages/airflow/example_dags/example_task_group_decorator.py for tasks to queue
[2023-05-24T23:51:49.114+0000] {logging_mixin.py:137} INFO - [2023-05-24T23:51:49.113+0000] {dagbag.py:538} INFO - Filling up the DagBag from /home/airflow/.local/lib/python3.7/site-packages/airflow/example_dags/example_task_group_decorator.py
[2023-05-24T23:51:49.188+0000] {processor.py:753} INFO - DAG(s) dict_keys(['example_task_group_decorator']) retrieved from /home/airflow/.local/lib/python3.7/site-packages/airflow/example_dags/example_task_group_decorator.py
[2023-05-24T23:51:49.228+0000] {logging_mixin.py:137} INFO - [2023-05-24T23:51:49.228+0000] {dag.py:2690} INFO - Sync 1 DAGs
[2023-05-24T23:51:49.270+0000] {logging_mixin.py:137} INFO - [2023-05-24T23:51:49.270+0000] {dag.py:3441} INFO - Setting next_dagrun for example_task_group_decorator to 2023-05-23T23:51:49.269822+00:00, run_after=2023-05-24T23:51:49.269822+00:00
[2023-05-24T23:51:49.303+0000] {processor.py:175} INFO - Processing /home/airflow/.local/lib/python3.7/site-packages/airflow/example_dags/example_task_group_decorator.py took 0.204 seconds
[2023-05-24T23:52:22.848+0000] {processor.py:153} INFO - Started process (PID=1144) to work on /home/airflow/.local/lib/python3.7/site-packages/airflow/example_dags/example_task_group_decorator.py
[2023-05-24T23:52:22.853+0000] {processor.py:743} INFO - Processing file /home/airflow/.local/lib/python3.7/site-packages/airflow/example_dags/example_task_group_decorator.py for tasks to queue
[2023-05-24T23:52:22.856+0000] {logging_mixin.py:137} INFO - [2023-05-24T23:52:22.856+0000] {dagbag.py:538} INFO - Filling up the DagBag from /home/airflow/.local/lib/python3.7/site-packages/airflow/example_dags/example_task_group_decorator.py
[2023-05-24T23:52:22.962+0000] {processor.py:753} INFO - DAG(s) dict_keys(['example_task_group_decorator']) retrieved from /home/airflow/.local/lib/python3.7/site-packages/airflow/example_dags/example_task_group_decorator.py
[2023-05-24T23:52:23.016+0000] {logging_mixin.py:137} INFO - [2023-05-24T23:52:23.016+0000] {dag.py:2690} INFO - Sync 1 DAGs
[2023-05-24T23:52:23.087+0000] {logging_mixin.py:137} INFO - [2023-05-24T23:52:23.086+0000] {dag.py:3441} INFO - Setting next_dagrun for example_task_group_decorator to 2023-05-23T23:52:23.086514+00:00, run_after=2023-05-24T23:52:23.086514+00:00
[2023-05-24T23:52:23.161+0000] {processor.py:175} INFO - Processing /home/airflow/.local/lib/python3.7/site-packages/airflow/example_dags/example_task_group_decorator.py took 0.325 seconds
[2023-05-24T23:53:05.890+0000] {processor.py:153} INFO - Started process (PID=1210) to work on /home/airflow/.local/lib/python3.7/site-packages/airflow/example_dags/example_task_group_decorator.py
[2023-05-24T23:53:05.897+0000] {processor.py:743} INFO - Processing file /home/airflow/.local/lib/python3.7/site-packages/airflow/example_dags/example_task_group_decorator.py for tasks to queue
[2023-05-24T23:53:05.901+0000] {logging_mixin.py:137} INFO - [2023-05-24T23:53:05.901+0000] {dagbag.py:538} INFO - Filling up the DagBag from /home/airflow/.local/lib/python3.7/site-packages/airflow/example_dags/example_task_group_decorator.py
[2023-05-24T23:53:05.997+0000] {processor.py:753} INFO - DAG(s) dict_keys(['example_task_group_decorator']) retrieved from /home/airflow/.local/lib/python3.7/site-packages/airflow/example_dags/example_task_group_decorator.py
[2023-05-24T23:53:06.096+0000] {logging_mixin.py:137} INFO - [2023-05-24T23:53:06.096+0000] {dag.py:2690} INFO - Sync 1 DAGs
[2023-05-24T23:53:06.277+0000] {logging_mixin.py:137} INFO - [2023-05-24T23:53:06.276+0000] {dag.py:3441} INFO - Setting next_dagrun for example_task_group_decorator to 2023-05-23T23:53:06.275720+00:00, run_after=2023-05-24T23:53:06.275720+00:00
[2023-05-24T23:53:06.387+0000] {processor.py:175} INFO - Processing /home/airflow/.local/lib/python3.7/site-packages/airflow/example_dags/example_task_group_decorator.py took 0.520 seconds
[2023-05-24T23:53:36.989+0000] {processor.py:153} INFO - Started process (PID=1271) to work on /home/airflow/.local/lib/python3.7/site-packages/airflow/example_dags/example_task_group_decorator.py
[2023-05-24T23:53:36.996+0000] {processor.py:743} INFO - Processing file /home/airflow/.local/lib/python3.7/site-packages/airflow/example_dags/example_task_group_decorator.py for tasks to queue
[2023-05-24T23:53:37.020+0000] {logging_mixin.py:137} INFO - [2023-05-24T23:53:37.014+0000] {dagbag.py:538} INFO - Filling up the DagBag from /home/airflow/.local/lib/python3.7/site-packages/airflow/example_dags/example_task_group_decorator.py
[2023-05-24T23:53:37.363+0000] {processor.py:753} INFO - DAG(s) dict_keys(['example_task_group_decorator']) retrieved from /home/airflow/.local/lib/python3.7/site-packages/airflow/example_dags/example_task_group_decorator.py
[2023-05-24T23:53:37.494+0000] {logging_mixin.py:137} INFO - [2023-05-24T23:53:37.493+0000] {dag.py:2690} INFO - Sync 1 DAGs
[2023-05-24T23:53:37.563+0000] {logging_mixin.py:137} INFO - [2023-05-24T23:53:37.563+0000] {dag.py:3441} INFO - Setting next_dagrun for example_task_group_decorator to 2023-05-23T23:53:37.562895+00:00, run_after=2023-05-24T23:53:37.562895+00:00
[2023-05-24T23:53:37.614+0000] {processor.py:175} INFO - Processing /home/airflow/.local/lib/python3.7/site-packages/airflow/example_dags/example_task_group_decorator.py took 0.641 seconds
[2023-05-24T23:54:10.206+0000] {processor.py:153} INFO - Started process (PID=1340) to work on /home/airflow/.local/lib/python3.7/site-packages/airflow/example_dags/example_task_group_decorator.py
[2023-05-24T23:54:10.215+0000] {processor.py:743} INFO - Processing file /home/airflow/.local/lib/python3.7/site-packages/airflow/example_dags/example_task_group_decorator.py for tasks to queue
[2023-05-24T23:54:10.225+0000] {logging_mixin.py:137} INFO - [2023-05-24T23:54:10.223+0000] {dagbag.py:538} INFO - Filling up the DagBag from /home/airflow/.local/lib/python3.7/site-packages/airflow/example_dags/example_task_group_decorator.py
[2023-05-24T23:54:10.464+0000] {processor.py:753} INFO - DAG(s) dict_keys(['example_task_group_decorator']) retrieved from /home/airflow/.local/lib/python3.7/site-packages/airflow/example_dags/example_task_group_decorator.py
[2023-05-24T23:54:10.599+0000] {logging_mixin.py:137} INFO - [2023-05-24T23:54:10.597+0000] {dag.py:2690} INFO - Sync 1 DAGs
[2023-05-24T23:54:10.790+0000] {logging_mixin.py:137} INFO - [2023-05-24T23:54:10.789+0000] {dag.py:3441} INFO - Setting next_dagrun for example_task_group_decorator to 2023-05-23T23:54:10.789465+00:00, run_after=2023-05-24T23:54:10.789465+00:00
[2023-05-24T23:54:10.898+0000] {processor.py:175} INFO - Processing /home/airflow/.local/lib/python3.7/site-packages/airflow/example_dags/example_task_group_decorator.py took 0.707 seconds
[2023-05-24T23:54:41.810+0000] {processor.py:153} INFO - Started process (PID=1391) to work on /home/airflow/.local/lib/python3.7/site-packages/airflow/example_dags/example_task_group_decorator.py
[2023-05-24T23:54:41.844+0000] {processor.py:743} INFO - Processing file /home/airflow/.local/lib/python3.7/site-packages/airflow/example_dags/example_task_group_decorator.py for tasks to queue
[2023-05-24T23:54:41.888+0000] {logging_mixin.py:137} INFO - [2023-05-24T23:54:41.888+0000] {dagbag.py:538} INFO - Filling up the DagBag from /home/airflow/.local/lib/python3.7/site-packages/airflow/example_dags/example_task_group_decorator.py
[2023-05-24T23:54:42.332+0000] {processor.py:753} INFO - DAG(s) dict_keys(['example_task_group_decorator']) retrieved from /home/airflow/.local/lib/python3.7/site-packages/airflow/example_dags/example_task_group_decorator.py
[2023-05-24T23:54:42.800+0000] {logging_mixin.py:137} INFO - [2023-05-24T23:54:42.799+0000] {dag.py:2690} INFO - Sync 1 DAGs
[2023-05-24T23:54:42.898+0000] {logging_mixin.py:137} INFO - [2023-05-24T23:54:42.898+0000] {dag.py:3441} INFO - Setting next_dagrun for example_task_group_decorator to 2023-05-23T23:54:42.898079+00:00, run_after=2023-05-24T23:54:42.898079+00:00
[2023-05-24T23:54:43.037+0000] {processor.py:175} INFO - Processing /home/airflow/.local/lib/python3.7/site-packages/airflow/example_dags/example_task_group_decorator.py took 1.253 seconds
[2023-05-24T23:55:13.292+0000] {processor.py:153} INFO - Started process (PID=1451) to work on /home/airflow/.local/lib/python3.7/site-packages/airflow/example_dags/example_task_group_decorator.py
[2023-05-24T23:55:13.295+0000] {processor.py:743} INFO - Processing file /home/airflow/.local/lib/python3.7/site-packages/airflow/example_dags/example_task_group_decorator.py for tasks to queue
[2023-05-24T23:55:13.297+0000] {logging_mixin.py:137} INFO - [2023-05-24T23:55:13.297+0000] {dagbag.py:538} INFO - Filling up the DagBag from /home/airflow/.local/lib/python3.7/site-packages/airflow/example_dags/example_task_group_decorator.py
[2023-05-24T23:55:13.337+0000] {processor.py:753} INFO - DAG(s) dict_keys(['example_task_group_decorator']) retrieved from /home/airflow/.local/lib/python3.7/site-packages/airflow/example_dags/example_task_group_decorator.py
[2023-05-24T23:55:13.421+0000] {logging_mixin.py:137} INFO - [2023-05-24T23:55:13.421+0000] {dag.py:2690} INFO - Sync 1 DAGs
[2023-05-24T23:55:13.489+0000] {logging_mixin.py:137} INFO - [2023-05-24T23:55:13.489+0000] {dag.py:3441} INFO - Setting next_dagrun for example_task_group_decorator to 2023-05-23T23:55:13.489095+00:00, run_after=2023-05-24T23:55:13.489095+00:00
[2023-05-24T23:55:13.522+0000] {processor.py:175} INFO - Processing /home/airflow/.local/lib/python3.7/site-packages/airflow/example_dags/example_task_group_decorator.py took 0.235 seconds
[2023-05-24T23:55:43.702+0000] {processor.py:153} INFO - Started process (PID=1510) to work on /home/airflow/.local/lib/python3.7/site-packages/airflow/example_dags/example_task_group_decorator.py
[2023-05-24T23:55:43.704+0000] {processor.py:743} INFO - Processing file /home/airflow/.local/lib/python3.7/site-packages/airflow/example_dags/example_task_group_decorator.py for tasks to queue
[2023-05-24T23:55:43.706+0000] {logging_mixin.py:137} INFO - [2023-05-24T23:55:43.705+0000] {dagbag.py:538} INFO - Filling up the DagBag from /home/airflow/.local/lib/python3.7/site-packages/airflow/example_dags/example_task_group_decorator.py
[2023-05-24T23:55:43.811+0000] {processor.py:753} INFO - DAG(s) dict_keys(['example_task_group_decorator']) retrieved from /home/airflow/.local/lib/python3.7/site-packages/airflow/example_dags/example_task_group_decorator.py
[2023-05-24T23:55:43.854+0000] {logging_mixin.py:137} INFO - [2023-05-24T23:55:43.854+0000] {dag.py:2690} INFO - Sync 1 DAGs
[2023-05-24T23:55:43.925+0000] {logging_mixin.py:137} INFO - [2023-05-24T23:55:43.925+0000] {dag.py:3441} INFO - Setting next_dagrun for example_task_group_decorator to 2023-05-23T23:55:43.925446+00:00, run_after=2023-05-24T23:55:43.925446+00:00
[2023-05-24T23:55:43.965+0000] {processor.py:175} INFO - Processing /home/airflow/.local/lib/python3.7/site-packages/airflow/example_dags/example_task_group_decorator.py took 0.271 seconds
[2023-05-24T23:56:14.496+0000] {processor.py:153} INFO - Started process (PID=1570) to work on /home/airflow/.local/lib/python3.7/site-packages/airflow/example_dags/example_task_group_decorator.py
[2023-05-24T23:56:14.502+0000] {processor.py:743} INFO - Processing file /home/airflow/.local/lib/python3.7/site-packages/airflow/example_dags/example_task_group_decorator.py for tasks to queue
[2023-05-24T23:56:14.504+0000] {logging_mixin.py:137} INFO - [2023-05-24T23:56:14.504+0000] {dagbag.py:538} INFO - Filling up the DagBag from /home/airflow/.local/lib/python3.7/site-packages/airflow/example_dags/example_task_group_decorator.py
[2023-05-24T23:56:14.561+0000] {processor.py:753} INFO - DAG(s) dict_keys(['example_task_group_decorator']) retrieved from /home/airflow/.local/lib/python3.7/site-packages/airflow/example_dags/example_task_group_decorator.py
[2023-05-24T23:56:14.615+0000] {logging_mixin.py:137} INFO - [2023-05-24T23:56:14.614+0000] {dag.py:2690} INFO - Sync 1 DAGs
[2023-05-24T23:56:14.664+0000] {logging_mixin.py:137} INFO - [2023-05-24T23:56:14.664+0000] {dag.py:3441} INFO - Setting next_dagrun for example_task_group_decorator to 2023-05-23T23:56:14.663912+00:00, run_after=2023-05-24T23:56:14.663912+00:00
[2023-05-24T23:56:14.698+0000] {processor.py:175} INFO - Processing /home/airflow/.local/lib/python3.7/site-packages/airflow/example_dags/example_task_group_decorator.py took 0.213 seconds
[2023-05-24T23:56:44.880+0000] {processor.py:153} INFO - Started process (PID=1629) to work on /home/airflow/.local/lib/python3.7/site-packages/airflow/example_dags/example_task_group_decorator.py
[2023-05-24T23:56:44.883+0000] {processor.py:743} INFO - Processing file /home/airflow/.local/lib/python3.7/site-packages/airflow/example_dags/example_task_group_decorator.py for tasks to queue
[2023-05-24T23:56:44.886+0000] {logging_mixin.py:137} INFO - [2023-05-24T23:56:44.885+0000] {dagbag.py:538} INFO - Filling up the DagBag from /home/airflow/.local/lib/python3.7/site-packages/airflow/example_dags/example_task_group_decorator.py
[2023-05-24T23:56:44.933+0000] {processor.py:753} INFO - DAG(s) dict_keys(['example_task_group_decorator']) retrieved from /home/airflow/.local/lib/python3.7/site-packages/airflow/example_dags/example_task_group_decorator.py
[2023-05-24T23:56:44.990+0000] {logging_mixin.py:137} INFO - [2023-05-24T23:56:44.990+0000] {dag.py:2690} INFO - Sync 1 DAGs
[2023-05-24T23:56:45.024+0000] {logging_mixin.py:137} INFO - [2023-05-24T23:56:45.024+0000] {dag.py:3441} INFO - Setting next_dagrun for example_task_group_decorator to 2023-05-23T23:56:45.024261+00:00, run_after=2023-05-24T23:56:45.024261+00:00
[2023-05-24T23:56:45.064+0000] {processor.py:175} INFO - Processing /home/airflow/.local/lib/python3.7/site-packages/airflow/example_dags/example_task_group_decorator.py took 0.194 seconds
[2023-05-24T23:57:15.543+0000] {processor.py:153} INFO - Started process (PID=1688) to work on /home/airflow/.local/lib/python3.7/site-packages/airflow/example_dags/example_task_group_decorator.py
[2023-05-24T23:57:15.553+0000] {processor.py:743} INFO - Processing file /home/airflow/.local/lib/python3.7/site-packages/airflow/example_dags/example_task_group_decorator.py for tasks to queue
[2023-05-24T23:57:15.556+0000] {logging_mixin.py:137} INFO - [2023-05-24T23:57:15.556+0000] {dagbag.py:538} INFO - Filling up the DagBag from /home/airflow/.local/lib/python3.7/site-packages/airflow/example_dags/example_task_group_decorator.py
[2023-05-24T23:57:15.658+0000] {processor.py:753} INFO - DAG(s) dict_keys(['example_task_group_decorator']) retrieved from /home/airflow/.local/lib/python3.7/site-packages/airflow/example_dags/example_task_group_decorator.py
[2023-05-24T23:57:15.779+0000] {logging_mixin.py:137} INFO - [2023-05-24T23:57:15.779+0000] {dag.py:2690} INFO - Sync 1 DAGs
[2023-05-24T23:57:15.852+0000] {logging_mixin.py:137} INFO - [2023-05-24T23:57:15.852+0000] {dag.py:3441} INFO - Setting next_dagrun for example_task_group_decorator to 2023-05-23T23:57:15.851797+00:00, run_after=2023-05-24T23:57:15.851797+00:00
[2023-05-24T23:57:15.883+0000] {processor.py:175} INFO - Processing /home/airflow/.local/lib/python3.7/site-packages/airflow/example_dags/example_task_group_decorator.py took 0.352 seconds
[2023-05-24T23:57:46.489+0000] {processor.py:153} INFO - Started process (PID=1757) to work on /home/airflow/.local/lib/python3.7/site-packages/airflow/example_dags/example_task_group_decorator.py
[2023-05-24T23:57:46.492+0000] {processor.py:743} INFO - Processing file /home/airflow/.local/lib/python3.7/site-packages/airflow/example_dags/example_task_group_decorator.py for tasks to queue
[2023-05-24T23:57:46.496+0000] {logging_mixin.py:137} INFO - [2023-05-24T23:57:46.494+0000] {dagbag.py:538} INFO - Filling up the DagBag from /home/airflow/.local/lib/python3.7/site-packages/airflow/example_dags/example_task_group_decorator.py
[2023-05-24T23:57:46.592+0000] {processor.py:753} INFO - DAG(s) dict_keys(['example_task_group_decorator']) retrieved from /home/airflow/.local/lib/python3.7/site-packages/airflow/example_dags/example_task_group_decorator.py
[2023-05-24T23:57:46.661+0000] {logging_mixin.py:137} INFO - [2023-05-24T23:57:46.660+0000] {dag.py:2690} INFO - Sync 1 DAGs
[2023-05-24T23:57:46.732+0000] {logging_mixin.py:137} INFO - [2023-05-24T23:57:46.732+0000] {dag.py:3441} INFO - Setting next_dagrun for example_task_group_decorator to 2023-05-23T23:57:46.732198+00:00, run_after=2023-05-24T23:57:46.732198+00:00
[2023-05-24T23:57:46.771+0000] {processor.py:175} INFO - Processing /home/airflow/.local/lib/python3.7/site-packages/airflow/example_dags/example_task_group_decorator.py took 0.303 seconds
[2023-05-24T23:58:17.519+0000] {processor.py:153} INFO - Started process (PID=1815) to work on /home/airflow/.local/lib/python3.7/site-packages/airflow/example_dags/example_task_group_decorator.py
[2023-05-24T23:58:17.527+0000] {processor.py:743} INFO - Processing file /home/airflow/.local/lib/python3.7/site-packages/airflow/example_dags/example_task_group_decorator.py for tasks to queue
[2023-05-24T23:58:17.529+0000] {logging_mixin.py:137} INFO - [2023-05-24T23:58:17.529+0000] {dagbag.py:538} INFO - Filling up the DagBag from /home/airflow/.local/lib/python3.7/site-packages/airflow/example_dags/example_task_group_decorator.py
[2023-05-24T23:58:17.582+0000] {processor.py:753} INFO - DAG(s) dict_keys(['example_task_group_decorator']) retrieved from /home/airflow/.local/lib/python3.7/site-packages/airflow/example_dags/example_task_group_decorator.py
[2023-05-24T23:58:17.631+0000] {logging_mixin.py:137} INFO - [2023-05-24T23:58:17.631+0000] {dag.py:2690} INFO - Sync 1 DAGs
[2023-05-24T23:58:17.708+0000] {logging_mixin.py:137} INFO - [2023-05-24T23:58:17.708+0000] {dag.py:3441} INFO - Setting next_dagrun for example_task_group_decorator to 2023-05-23T23:58:17.708015+00:00, run_after=2023-05-24T23:58:17.708015+00:00
[2023-05-24T23:58:17.765+0000] {processor.py:175} INFO - Processing /home/airflow/.local/lib/python3.7/site-packages/airflow/example_dags/example_task_group_decorator.py took 0.253 seconds
[2023-05-24T23:58:48.226+0000] {processor.py:153} INFO - Started process (PID=1875) to work on /home/airflow/.local/lib/python3.7/site-packages/airflow/example_dags/example_task_group_decorator.py
[2023-05-24T23:58:48.234+0000] {processor.py:743} INFO - Processing file /home/airflow/.local/lib/python3.7/site-packages/airflow/example_dags/example_task_group_decorator.py for tasks to queue
[2023-05-24T23:58:48.236+0000] {logging_mixin.py:137} INFO - [2023-05-24T23:58:48.236+0000] {dagbag.py:538} INFO - Filling up the DagBag from /home/airflow/.local/lib/python3.7/site-packages/airflow/example_dags/example_task_group_decorator.py
[2023-05-24T23:58:48.331+0000] {processor.py:753} INFO - DAG(s) dict_keys(['example_task_group_decorator']) retrieved from /home/airflow/.local/lib/python3.7/site-packages/airflow/example_dags/example_task_group_decorator.py
[2023-05-24T23:58:48.408+0000] {logging_mixin.py:137} INFO - [2023-05-24T23:58:48.407+0000] {dag.py:2690} INFO - Sync 1 DAGs
[2023-05-24T23:58:48.478+0000] {logging_mixin.py:137} INFO - [2023-05-24T23:58:48.478+0000] {dag.py:3441} INFO - Setting next_dagrun for example_task_group_decorator to 2023-05-23T23:58:48.478050+00:00, run_after=2023-05-24T23:58:48.478050+00:00
[2023-05-24T23:58:48.533+0000] {processor.py:175} INFO - Processing /home/airflow/.local/lib/python3.7/site-packages/airflow/example_dags/example_task_group_decorator.py took 0.315 seconds
[2023-05-24T23:59:19.041+0000] {processor.py:153} INFO - Started process (PID=1935) to work on /home/airflow/.local/lib/python3.7/site-packages/airflow/example_dags/example_task_group_decorator.py
[2023-05-24T23:59:19.049+0000] {processor.py:743} INFO - Processing file /home/airflow/.local/lib/python3.7/site-packages/airflow/example_dags/example_task_group_decorator.py for tasks to queue
[2023-05-24T23:59:19.051+0000] {logging_mixin.py:137} INFO - [2023-05-24T23:59:19.051+0000] {dagbag.py:538} INFO - Filling up the DagBag from /home/airflow/.local/lib/python3.7/site-packages/airflow/example_dags/example_task_group_decorator.py
[2023-05-24T23:59:19.226+0000] {processor.py:753} INFO - DAG(s) dict_keys(['example_task_group_decorator']) retrieved from /home/airflow/.local/lib/python3.7/site-packages/airflow/example_dags/example_task_group_decorator.py
[2023-05-24T23:59:19.297+0000] {logging_mixin.py:137} INFO - [2023-05-24T23:59:19.297+0000] {dag.py:2690} INFO - Sync 1 DAGs
[2023-05-24T23:59:19.448+0000] {logging_mixin.py:137} INFO - [2023-05-24T23:59:19.447+0000] {dag.py:3441} INFO - Setting next_dagrun for example_task_group_decorator to 2023-05-23T23:59:19.444839+00:00, run_after=2023-05-24T23:59:19.444839+00:00
[2023-05-24T23:59:19.511+0000] {processor.py:175} INFO - Processing /home/airflow/.local/lib/python3.7/site-packages/airflow/example_dags/example_task_group_decorator.py took 0.481 seconds
