[2023-05-24T23:13:30.421+0000] {processor.py:153} INFO - Started process (PID=89) to work on /home/airflow/.local/lib/python3.7/site-packages/airflow/example_dags/example_short_circuit_decorator.py
[2023-05-24T23:13:30.424+0000] {processor.py:743} INFO - Processing file /home/airflow/.local/lib/python3.7/site-packages/airflow/example_dags/example_short_circuit_decorator.py for tasks to queue
[2023-05-24T23:13:30.427+0000] {logging_mixin.py:137} INFO - [2023-05-24T23:13:30.427+0000] {dagbag.py:538} INFO - Filling up the DagBag from /home/airflow/.local/lib/python3.7/site-packages/airflow/example_dags/example_short_circuit_decorator.py
[2023-05-24T23:13:30.810+0000] {processor.py:753} INFO - DAG(s) dict_keys(['example_short_circuit_decorator']) retrieved from /home/airflow/.local/lib/python3.7/site-packages/airflow/example_dags/example_short_circuit_decorator.py
[2023-05-24T23:13:31.105+0000] {logging_mixin.py:137} INFO - [2023-05-24T23:13:31.104+0000] {dag.py:2690} INFO - Sync 1 DAGs
[2023-05-24T23:13:31.470+0000] {logging_mixin.py:137} INFO - [2023-05-24T23:13:31.470+0000] {dag.py:3441} INFO - Setting next_dagrun for example_short_circuit_decorator to 2023-05-23T23:13:31.470241+00:00, run_after=2023-05-24T23:13:31.470241+00:00
[2023-05-24T23:13:31.715+0000] {processor.py:175} INFO - Processing /home/airflow/.local/lib/python3.7/site-packages/airflow/example_dags/example_short_circuit_decorator.py took 1.491 seconds
[2023-05-24T23:14:02.442+0000] {processor.py:153} INFO - Started process (PID=141) to work on /home/airflow/.local/lib/python3.7/site-packages/airflow/example_dags/example_short_circuit_decorator.py
[2023-05-24T23:14:02.449+0000] {processor.py:743} INFO - Processing file /home/airflow/.local/lib/python3.7/site-packages/airflow/example_dags/example_short_circuit_decorator.py for tasks to queue
[2023-05-24T23:14:02.453+0000] {logging_mixin.py:137} INFO - [2023-05-24T23:14:02.452+0000] {dagbag.py:538} INFO - Filling up the DagBag from /home/airflow/.local/lib/python3.7/site-packages/airflow/example_dags/example_short_circuit_decorator.py
[2023-05-24T23:14:02.539+0000] {processor.py:753} INFO - DAG(s) dict_keys(['example_short_circuit_decorator']) retrieved from /home/airflow/.local/lib/python3.7/site-packages/airflow/example_dags/example_short_circuit_decorator.py
[2023-05-24T23:14:02.632+0000] {logging_mixin.py:137} INFO - [2023-05-24T23:14:02.632+0000] {dag.py:2690} INFO - Sync 1 DAGs
[2023-05-24T23:14:02.719+0000] {logging_mixin.py:137} INFO - [2023-05-24T23:14:02.718+0000] {dag.py:3441} INFO - Setting next_dagrun for example_short_circuit_decorator to 2023-05-23T23:14:02.718664+00:00, run_after=2023-05-24T23:14:02.718664+00:00
[2023-05-24T23:14:02.760+0000] {processor.py:175} INFO - Processing /home/airflow/.local/lib/python3.7/site-packages/airflow/example_dags/example_short_circuit_decorator.py took 0.332 seconds
[2023-05-24T23:14:38.663+0000] {processor.py:153} INFO - Started process (PID=199) to work on /home/airflow/.local/lib/python3.7/site-packages/airflow/example_dags/example_short_circuit_decorator.py
[2023-05-24T23:14:38.667+0000] {processor.py:743} INFO - Processing file /home/airflow/.local/lib/python3.7/site-packages/airflow/example_dags/example_short_circuit_decorator.py for tasks to queue
[2023-05-24T23:14:38.671+0000] {logging_mixin.py:137} INFO - [2023-05-24T23:14:38.670+0000] {dagbag.py:538} INFO - Filling up the DagBag from /home/airflow/.local/lib/python3.7/site-packages/airflow/example_dags/example_short_circuit_decorator.py
[2023-05-24T23:14:38.735+0000] {processor.py:753} INFO - DAG(s) dict_keys(['example_short_circuit_decorator']) retrieved from /home/airflow/.local/lib/python3.7/site-packages/airflow/example_dags/example_short_circuit_decorator.py
[2023-05-24T23:14:38.796+0000] {logging_mixin.py:137} INFO - [2023-05-24T23:14:38.796+0000] {dag.py:2690} INFO - Sync 1 DAGs
[2023-05-24T23:14:39.042+0000] {logging_mixin.py:137} INFO - [2023-05-24T23:14:39.041+0000] {dag.py:3441} INFO - Setting next_dagrun for example_short_circuit_decorator to 2023-05-23T23:14:39.039005+00:00, run_after=2023-05-24T23:14:39.039005+00:00
[2023-05-24T23:14:39.222+0000] {processor.py:175} INFO - Processing /home/airflow/.local/lib/python3.7/site-packages/airflow/example_dags/example_short_circuit_decorator.py took 0.574 seconds
[2023-05-24T23:15:27.538+0000] {processor.py:153} INFO - Started process (PID=265) to work on /home/airflow/.local/lib/python3.7/site-packages/airflow/example_dags/example_short_circuit_decorator.py
[2023-05-24T23:15:27.577+0000] {processor.py:743} INFO - Processing file /home/airflow/.local/lib/python3.7/site-packages/airflow/example_dags/example_short_circuit_decorator.py for tasks to queue
[2023-05-24T23:15:27.595+0000] {logging_mixin.py:137} INFO - [2023-05-24T23:15:27.595+0000] {dagbag.py:538} INFO - Filling up the DagBag from /home/airflow/.local/lib/python3.7/site-packages/airflow/example_dags/example_short_circuit_decorator.py
[2023-05-24T23:15:28.138+0000] {processor.py:753} INFO - DAG(s) dict_keys(['example_short_circuit_decorator']) retrieved from /home/airflow/.local/lib/python3.7/site-packages/airflow/example_dags/example_short_circuit_decorator.py
[2023-05-24T23:15:28.713+0000] {logging_mixin.py:137} INFO - [2023-05-24T23:15:28.712+0000] {dag.py:2690} INFO - Sync 1 DAGs
[2023-05-24T23:15:29.156+0000] {logging_mixin.py:137} INFO - [2023-05-24T23:15:29.153+0000] {dag.py:3441} INFO - Setting next_dagrun for example_short_circuit_decorator to 2023-05-23T23:15:29.147245+00:00, run_after=2023-05-24T23:15:29.147245+00:00
[2023-05-24T23:15:29.994+0000] {processor.py:175} INFO - Processing /home/airflow/.local/lib/python3.7/site-packages/airflow/example_dags/example_short_circuit_decorator.py took 2.625 seconds
[2023-05-24T23:16:05.312+0000] {processor.py:153} INFO - Started process (PID=316) to work on /home/airflow/.local/lib/python3.7/site-packages/airflow/example_dags/example_short_circuit_decorator.py
[2023-05-24T23:16:05.317+0000] {processor.py:743} INFO - Processing file /home/airflow/.local/lib/python3.7/site-packages/airflow/example_dags/example_short_circuit_decorator.py for tasks to queue
[2023-05-24T23:16:05.323+0000] {logging_mixin.py:137} INFO - [2023-05-24T23:16:05.322+0000] {dagbag.py:538} INFO - Filling up the DagBag from /home/airflow/.local/lib/python3.7/site-packages/airflow/example_dags/example_short_circuit_decorator.py
[2023-05-24T23:16:05.424+0000] {processor.py:753} INFO - DAG(s) dict_keys(['example_short_circuit_decorator']) retrieved from /home/airflow/.local/lib/python3.7/site-packages/airflow/example_dags/example_short_circuit_decorator.py
[2023-05-24T23:16:05.522+0000] {logging_mixin.py:137} INFO - [2023-05-24T23:16:05.522+0000] {dag.py:2690} INFO - Sync 1 DAGs
[2023-05-24T23:16:05.676+0000] {logging_mixin.py:137} INFO - [2023-05-24T23:16:05.676+0000] {dag.py:3441} INFO - Setting next_dagrun for example_short_circuit_decorator to 2023-05-23T23:16:05.676262+00:00, run_after=2023-05-24T23:16:05.676262+00:00
[2023-05-24T23:16:05.755+0000] {processor.py:175} INFO - Processing /home/airflow/.local/lib/python3.7/site-packages/airflow/example_dags/example_short_circuit_decorator.py took 0.454 seconds
[2023-05-24T23:17:28.301+0000] {processor.py:153} INFO - Started process (PID=388) to work on /home/airflow/.local/lib/python3.7/site-packages/airflow/example_dags/example_short_circuit_decorator.py
[2023-05-24T23:17:28.318+0000] {processor.py:743} INFO - Processing file /home/airflow/.local/lib/python3.7/site-packages/airflow/example_dags/example_short_circuit_decorator.py for tasks to queue
[2023-05-24T23:17:28.322+0000] {logging_mixin.py:137} INFO - [2023-05-24T23:17:28.321+0000] {dagbag.py:538} INFO - Filling up the DagBag from /home/airflow/.local/lib/python3.7/site-packages/airflow/example_dags/example_short_circuit_decorator.py
[2023-05-24T23:17:28.780+0000] {processor.py:753} INFO - DAG(s) dict_keys(['example_short_circuit_decorator']) retrieved from /home/airflow/.local/lib/python3.7/site-packages/airflow/example_dags/example_short_circuit_decorator.py
[2023-05-24T23:17:28.900+0000] {logging_mixin.py:137} INFO - [2023-05-24T23:17:28.899+0000] {dag.py:2690} INFO - Sync 1 DAGs
[2023-05-24T23:17:29.692+0000] {logging_mixin.py:137} INFO - [2023-05-24T23:17:29.679+0000] {dag.py:3441} INFO - Setting next_dagrun for example_short_circuit_decorator to 2023-05-23T23:17:29.678890+00:00, run_after=2023-05-24T23:17:29.678890+00:00
[2023-05-24T23:17:29.945+0000] {processor.py:175} INFO - Processing /home/airflow/.local/lib/python3.7/site-packages/airflow/example_dags/example_short_circuit_decorator.py took 1.739 seconds
[2023-05-24T23:18:13.687+0000] {processor.py:153} INFO - Started process (PID=458) to work on /home/airflow/.local/lib/python3.7/site-packages/airflow/example_dags/example_short_circuit_decorator.py
[2023-05-24T23:18:13.702+0000] {processor.py:743} INFO - Processing file /home/airflow/.local/lib/python3.7/site-packages/airflow/example_dags/example_short_circuit_decorator.py for tasks to queue
[2023-05-24T23:18:13.710+0000] {logging_mixin.py:137} INFO - [2023-05-24T23:18:13.710+0000] {dagbag.py:538} INFO - Filling up the DagBag from /home/airflow/.local/lib/python3.7/site-packages/airflow/example_dags/example_short_circuit_decorator.py
[2023-05-24T23:18:13.978+0000] {processor.py:753} INFO - DAG(s) dict_keys(['example_short_circuit_decorator']) retrieved from /home/airflow/.local/lib/python3.7/site-packages/airflow/example_dags/example_short_circuit_decorator.py
[2023-05-24T23:18:14.237+0000] {logging_mixin.py:137} INFO - [2023-05-24T23:18:14.237+0000] {dag.py:2690} INFO - Sync 1 DAGs
[2023-05-24T23:18:14.322+0000] {logging_mixin.py:137} INFO - [2023-05-24T23:18:14.322+0000] {dag.py:3441} INFO - Setting next_dagrun for example_short_circuit_decorator to 2023-05-23T23:18:14.322173+00:00, run_after=2023-05-24T23:18:14.322173+00:00
[2023-05-24T23:18:14.388+0000] {processor.py:175} INFO - Processing /home/airflow/.local/lib/python3.7/site-packages/airflow/example_dags/example_short_circuit_decorator.py took 0.715 seconds
[2023-05-24T23:20:26.913+0000] {processor.py:153} INFO - Started process (PID=73) to work on /home/airflow/.local/lib/python3.7/site-packages/airflow/example_dags/example_short_circuit_decorator.py
[2023-05-24T23:20:26.918+0000] {processor.py:743} INFO - Processing file /home/airflow/.local/lib/python3.7/site-packages/airflow/example_dags/example_short_circuit_decorator.py for tasks to queue
[2023-05-24T23:20:26.923+0000] {logging_mixin.py:137} INFO - [2023-05-24T23:20:26.923+0000] {dagbag.py:538} INFO - Filling up the DagBag from /home/airflow/.local/lib/python3.7/site-packages/airflow/example_dags/example_short_circuit_decorator.py
[2023-05-24T23:20:27.303+0000] {processor.py:753} INFO - DAG(s) dict_keys(['example_short_circuit_decorator']) retrieved from /home/airflow/.local/lib/python3.7/site-packages/airflow/example_dags/example_short_circuit_decorator.py
[2023-05-24T23:20:27.556+0000] {logging_mixin.py:137} INFO - [2023-05-24T23:20:27.556+0000] {dag.py:2690} INFO - Sync 1 DAGs
[2023-05-24T23:20:27.911+0000] {logging_mixin.py:137} INFO - [2023-05-24T23:20:27.911+0000] {dag.py:3441} INFO - Setting next_dagrun for example_short_circuit_decorator to 2023-05-23T23:20:27.910978+00:00, run_after=2023-05-24T23:20:27.910978+00:00
[2023-05-24T23:20:28.208+0000] {processor.py:175} INFO - Processing /home/airflow/.local/lib/python3.7/site-packages/airflow/example_dags/example_short_circuit_decorator.py took 1.320 seconds
[2023-05-24T23:20:58.593+0000] {processor.py:153} INFO - Started process (PID=133) to work on /home/airflow/.local/lib/python3.7/site-packages/airflow/example_dags/example_short_circuit_decorator.py
[2023-05-24T23:20:58.596+0000] {processor.py:743} INFO - Processing file /home/airflow/.local/lib/python3.7/site-packages/airflow/example_dags/example_short_circuit_decorator.py for tasks to queue
[2023-05-24T23:20:58.598+0000] {logging_mixin.py:137} INFO - [2023-05-24T23:20:58.598+0000] {dagbag.py:538} INFO - Filling up the DagBag from /home/airflow/.local/lib/python3.7/site-packages/airflow/example_dags/example_short_circuit_decorator.py
[2023-05-24T23:20:58.646+0000] {processor.py:753} INFO - DAG(s) dict_keys(['example_short_circuit_decorator']) retrieved from /home/airflow/.local/lib/python3.7/site-packages/airflow/example_dags/example_short_circuit_decorator.py
[2023-05-24T23:20:58.685+0000] {logging_mixin.py:137} INFO - [2023-05-24T23:20:58.685+0000] {dag.py:2690} INFO - Sync 1 DAGs
[2023-05-24T23:20:58.728+0000] {logging_mixin.py:137} INFO - [2023-05-24T23:20:58.728+0000] {dag.py:3441} INFO - Setting next_dagrun for example_short_circuit_decorator to 2023-05-23T23:20:58.727823+00:00, run_after=2023-05-24T23:20:58.727823+00:00
[2023-05-24T23:20:58.754+0000] {processor.py:175} INFO - Processing /home/airflow/.local/lib/python3.7/site-packages/airflow/example_dags/example_short_circuit_decorator.py took 0.174 seconds
[2023-05-24T23:21:29.412+0000] {processor.py:153} INFO - Started process (PID=192) to work on /home/airflow/.local/lib/python3.7/site-packages/airflow/example_dags/example_short_circuit_decorator.py
[2023-05-24T23:21:29.420+0000] {processor.py:743} INFO - Processing file /home/airflow/.local/lib/python3.7/site-packages/airflow/example_dags/example_short_circuit_decorator.py for tasks to queue
[2023-05-24T23:21:29.422+0000] {logging_mixin.py:137} INFO - [2023-05-24T23:21:29.421+0000] {dagbag.py:538} INFO - Filling up the DagBag from /home/airflow/.local/lib/python3.7/site-packages/airflow/example_dags/example_short_circuit_decorator.py
[2023-05-24T23:21:29.469+0000] {processor.py:753} INFO - DAG(s) dict_keys(['example_short_circuit_decorator']) retrieved from /home/airflow/.local/lib/python3.7/site-packages/airflow/example_dags/example_short_circuit_decorator.py
[2023-05-24T23:21:29.509+0000] {logging_mixin.py:137} INFO - [2023-05-24T23:21:29.509+0000] {dag.py:2690} INFO - Sync 1 DAGs
[2023-05-24T23:21:29.560+0000] {logging_mixin.py:137} INFO - [2023-05-24T23:21:29.560+0000] {dag.py:3441} INFO - Setting next_dagrun for example_short_circuit_decorator to 2023-05-23T23:21:29.559752+00:00, run_after=2023-05-24T23:21:29.559752+00:00
[2023-05-24T23:21:29.593+0000] {processor.py:175} INFO - Processing /home/airflow/.local/lib/python3.7/site-packages/airflow/example_dags/example_short_circuit_decorator.py took 0.186 seconds
[2023-05-24T23:21:59.925+0000] {processor.py:153} INFO - Started process (PID=263) to work on /home/airflow/.local/lib/python3.7/site-packages/airflow/example_dags/example_short_circuit_decorator.py
[2023-05-24T23:21:59.933+0000] {processor.py:743} INFO - Processing file /home/airflow/.local/lib/python3.7/site-packages/airflow/example_dags/example_short_circuit_decorator.py for tasks to queue
[2023-05-24T23:21:59.937+0000] {logging_mixin.py:137} INFO - [2023-05-24T23:21:59.936+0000] {dagbag.py:538} INFO - Filling up the DagBag from /home/airflow/.local/lib/python3.7/site-packages/airflow/example_dags/example_short_circuit_decorator.py
[2023-05-24T23:22:00.013+0000] {processor.py:753} INFO - DAG(s) dict_keys(['example_short_circuit_decorator']) retrieved from /home/airflow/.local/lib/python3.7/site-packages/airflow/example_dags/example_short_circuit_decorator.py
[2023-05-24T23:22:00.063+0000] {logging_mixin.py:137} INFO - [2023-05-24T23:22:00.063+0000] {dag.py:2690} INFO - Sync 1 DAGs
[2023-05-24T23:22:00.099+0000] {logging_mixin.py:137} INFO - [2023-05-24T23:22:00.099+0000] {dag.py:3441} INFO - Setting next_dagrun for example_short_circuit_decorator to 2023-05-23T23:22:00.098693+00:00, run_after=2023-05-24T23:22:00.098693+00:00
[2023-05-24T23:22:00.142+0000] {processor.py:175} INFO - Processing /home/airflow/.local/lib/python3.7/site-packages/airflow/example_dags/example_short_circuit_decorator.py took 0.223 seconds
[2023-05-24T23:22:30.256+0000] {processor.py:153} INFO - Started process (PID=322) to work on /home/airflow/.local/lib/python3.7/site-packages/airflow/example_dags/example_short_circuit_decorator.py
[2023-05-24T23:22:30.258+0000] {processor.py:743} INFO - Processing file /home/airflow/.local/lib/python3.7/site-packages/airflow/example_dags/example_short_circuit_decorator.py for tasks to queue
[2023-05-24T23:22:30.260+0000] {logging_mixin.py:137} INFO - [2023-05-24T23:22:30.259+0000] {dagbag.py:538} INFO - Filling up the DagBag from /home/airflow/.local/lib/python3.7/site-packages/airflow/example_dags/example_short_circuit_decorator.py
[2023-05-24T23:22:30.292+0000] {processor.py:753} INFO - DAG(s) dict_keys(['example_short_circuit_decorator']) retrieved from /home/airflow/.local/lib/python3.7/site-packages/airflow/example_dags/example_short_circuit_decorator.py
[2023-05-24T23:22:30.330+0000] {logging_mixin.py:137} INFO - [2023-05-24T23:22:30.330+0000] {dag.py:2690} INFO - Sync 1 DAGs
[2023-05-24T23:22:30.365+0000] {logging_mixin.py:137} INFO - [2023-05-24T23:22:30.365+0000] {dag.py:3441} INFO - Setting next_dagrun for example_short_circuit_decorator to 2023-05-23T23:22:30.365232+00:00, run_after=2023-05-24T23:22:30.365232+00:00
[2023-05-24T23:22:30.392+0000] {processor.py:175} INFO - Processing /home/airflow/.local/lib/python3.7/site-packages/airflow/example_dags/example_short_circuit_decorator.py took 0.142 seconds
[2023-05-24T23:23:00.722+0000] {processor.py:153} INFO - Started process (PID=382) to work on /home/airflow/.local/lib/python3.7/site-packages/airflow/example_dags/example_short_circuit_decorator.py
[2023-05-24T23:23:00.724+0000] {processor.py:743} INFO - Processing file /home/airflow/.local/lib/python3.7/site-packages/airflow/example_dags/example_short_circuit_decorator.py for tasks to queue
[2023-05-24T23:23:00.726+0000] {logging_mixin.py:137} INFO - [2023-05-24T23:23:00.726+0000] {dagbag.py:538} INFO - Filling up the DagBag from /home/airflow/.local/lib/python3.7/site-packages/airflow/example_dags/example_short_circuit_decorator.py
[2023-05-24T23:23:00.761+0000] {processor.py:753} INFO - DAG(s) dict_keys(['example_short_circuit_decorator']) retrieved from /home/airflow/.local/lib/python3.7/site-packages/airflow/example_dags/example_short_circuit_decorator.py
[2023-05-24T23:23:00.795+0000] {logging_mixin.py:137} INFO - [2023-05-24T23:23:00.795+0000] {dag.py:2690} INFO - Sync 1 DAGs
[2023-05-24T23:23:00.830+0000] {logging_mixin.py:137} INFO - [2023-05-24T23:23:00.830+0000] {dag.py:3441} INFO - Setting next_dagrun for example_short_circuit_decorator to 2023-05-23T23:23:00.829839+00:00, run_after=2023-05-24T23:23:00.829839+00:00
[2023-05-24T23:23:00.859+0000] {processor.py:175} INFO - Processing /home/airflow/.local/lib/python3.7/site-packages/airflow/example_dags/example_short_circuit_decorator.py took 0.143 seconds
[2023-05-24T23:23:30.985+0000] {processor.py:153} INFO - Started process (PID=441) to work on /home/airflow/.local/lib/python3.7/site-packages/airflow/example_dags/example_short_circuit_decorator.py
[2023-05-24T23:23:30.989+0000] {processor.py:743} INFO - Processing file /home/airflow/.local/lib/python3.7/site-packages/airflow/example_dags/example_short_circuit_decorator.py for tasks to queue
[2023-05-24T23:23:30.993+0000] {logging_mixin.py:137} INFO - [2023-05-24T23:23:30.993+0000] {dagbag.py:538} INFO - Filling up the DagBag from /home/airflow/.local/lib/python3.7/site-packages/airflow/example_dags/example_short_circuit_decorator.py
[2023-05-24T23:23:31.103+0000] {processor.py:753} INFO - DAG(s) dict_keys(['example_short_circuit_decorator']) retrieved from /home/airflow/.local/lib/python3.7/site-packages/airflow/example_dags/example_short_circuit_decorator.py
[2023-05-24T23:23:31.157+0000] {logging_mixin.py:137} INFO - [2023-05-24T23:23:31.157+0000] {dag.py:2690} INFO - Sync 1 DAGs
[2023-05-24T23:23:31.198+0000] {logging_mixin.py:137} INFO - [2023-05-24T23:23:31.198+0000] {dag.py:3441} INFO - Setting next_dagrun for example_short_circuit_decorator to 2023-05-23T23:23:31.198107+00:00, run_after=2023-05-24T23:23:31.198107+00:00
[2023-05-24T23:23:31.229+0000] {processor.py:175} INFO - Processing /home/airflow/.local/lib/python3.7/site-packages/airflow/example_dags/example_short_circuit_decorator.py took 0.261 seconds
[2023-05-24T23:24:07.154+0000] {processor.py:153} INFO - Started process (PID=508) to work on /home/airflow/.local/lib/python3.7/site-packages/airflow/example_dags/example_short_circuit_decorator.py
[2023-05-24T23:24:07.187+0000] {processor.py:743} INFO - Processing file /home/airflow/.local/lib/python3.7/site-packages/airflow/example_dags/example_short_circuit_decorator.py for tasks to queue
[2023-05-24T23:24:07.292+0000] {logging_mixin.py:137} INFO - [2023-05-24T23:24:07.292+0000] {dagbag.py:538} INFO - Filling up the DagBag from /home/airflow/.local/lib/python3.7/site-packages/airflow/example_dags/example_short_circuit_decorator.py
[2023-05-24T23:24:07.699+0000] {processor.py:753} INFO - DAG(s) dict_keys(['example_short_circuit_decorator']) retrieved from /home/airflow/.local/lib/python3.7/site-packages/airflow/example_dags/example_short_circuit_decorator.py
[2023-05-24T23:24:08.229+0000] {logging_mixin.py:137} INFO - [2023-05-24T23:24:08.229+0000] {dag.py:2690} INFO - Sync 1 DAGs
[2023-05-24T23:24:08.632+0000] {logging_mixin.py:137} INFO - [2023-05-24T23:24:08.632+0000] {dag.py:3441} INFO - Setting next_dagrun for example_short_circuit_decorator to 2023-05-23T23:24:08.619069+00:00, run_after=2023-05-24T23:24:08.619069+00:00
[2023-05-24T23:24:08.883+0000] {processor.py:175} INFO - Processing /home/airflow/.local/lib/python3.7/site-packages/airflow/example_dags/example_short_circuit_decorator.py took 1.842 seconds
[2023-05-24T23:24:39.456+0000] {processor.py:153} INFO - Started process (PID=570) to work on /home/airflow/.local/lib/python3.7/site-packages/airflow/example_dags/example_short_circuit_decorator.py
[2023-05-24T23:24:39.465+0000] {processor.py:743} INFO - Processing file /home/airflow/.local/lib/python3.7/site-packages/airflow/example_dags/example_short_circuit_decorator.py for tasks to queue
[2023-05-24T23:24:39.469+0000] {logging_mixin.py:137} INFO - [2023-05-24T23:24:39.469+0000] {dagbag.py:538} INFO - Filling up the DagBag from /home/airflow/.local/lib/python3.7/site-packages/airflow/example_dags/example_short_circuit_decorator.py
[2023-05-24T23:24:39.555+0000] {processor.py:753} INFO - DAG(s) dict_keys(['example_short_circuit_decorator']) retrieved from /home/airflow/.local/lib/python3.7/site-packages/airflow/example_dags/example_short_circuit_decorator.py
[2023-05-24T23:24:39.621+0000] {logging_mixin.py:137} INFO - [2023-05-24T23:24:39.621+0000] {dag.py:2690} INFO - Sync 1 DAGs
[2023-05-24T23:24:39.722+0000] {logging_mixin.py:137} INFO - [2023-05-24T23:24:39.722+0000] {dag.py:3441} INFO - Setting next_dagrun for example_short_circuit_decorator to 2023-05-23T23:24:39.721953+00:00, run_after=2023-05-24T23:24:39.721953+00:00
[2023-05-24T23:24:39.796+0000] {processor.py:175} INFO - Processing /home/airflow/.local/lib/python3.7/site-packages/airflow/example_dags/example_short_circuit_decorator.py took 0.355 seconds
[2023-05-24T23:25:09.986+0000] {processor.py:153} INFO - Started process (PID=630) to work on /home/airflow/.local/lib/python3.7/site-packages/airflow/example_dags/example_short_circuit_decorator.py
[2023-05-24T23:25:09.992+0000] {processor.py:743} INFO - Processing file /home/airflow/.local/lib/python3.7/site-packages/airflow/example_dags/example_short_circuit_decorator.py for tasks to queue
[2023-05-24T23:25:09.994+0000] {logging_mixin.py:137} INFO - [2023-05-24T23:25:09.994+0000] {dagbag.py:538} INFO - Filling up the DagBag from /home/airflow/.local/lib/python3.7/site-packages/airflow/example_dags/example_short_circuit_decorator.py
[2023-05-24T23:25:10.058+0000] {processor.py:753} INFO - DAG(s) dict_keys(['example_short_circuit_decorator']) retrieved from /home/airflow/.local/lib/python3.7/site-packages/airflow/example_dags/example_short_circuit_decorator.py
[2023-05-24T23:25:10.111+0000] {logging_mixin.py:137} INFO - [2023-05-24T23:25:10.111+0000] {dag.py:2690} INFO - Sync 1 DAGs
[2023-05-24T23:25:10.168+0000] {logging_mixin.py:137} INFO - [2023-05-24T23:25:10.168+0000] {dag.py:3441} INFO - Setting next_dagrun for example_short_circuit_decorator to 2023-05-23T23:25:10.167895+00:00, run_after=2023-05-24T23:25:10.167895+00:00
[2023-05-24T23:25:10.209+0000] {processor.py:175} INFO - Processing /home/airflow/.local/lib/python3.7/site-packages/airflow/example_dags/example_short_circuit_decorator.py took 0.232 seconds
[2023-05-24T23:25:40.436+0000] {processor.py:153} INFO - Started process (PID=689) to work on /home/airflow/.local/lib/python3.7/site-packages/airflow/example_dags/example_short_circuit_decorator.py
[2023-05-24T23:25:40.442+0000] {processor.py:743} INFO - Processing file /home/airflow/.local/lib/python3.7/site-packages/airflow/example_dags/example_short_circuit_decorator.py for tasks to queue
[2023-05-24T23:25:40.445+0000] {logging_mixin.py:137} INFO - [2023-05-24T23:25:40.445+0000] {dagbag.py:538} INFO - Filling up the DagBag from /home/airflow/.local/lib/python3.7/site-packages/airflow/example_dags/example_short_circuit_decorator.py
[2023-05-24T23:25:40.488+0000] {processor.py:753} INFO - DAG(s) dict_keys(['example_short_circuit_decorator']) retrieved from /home/airflow/.local/lib/python3.7/site-packages/airflow/example_dags/example_short_circuit_decorator.py
[2023-05-24T23:25:40.530+0000] {logging_mixin.py:137} INFO - [2023-05-24T23:25:40.530+0000] {dag.py:2690} INFO - Sync 1 DAGs
[2023-05-24T23:25:40.637+0000] {logging_mixin.py:137} INFO - [2023-05-24T23:25:40.637+0000] {dag.py:3441} INFO - Setting next_dagrun for example_short_circuit_decorator to 2023-05-23T23:25:40.637442+00:00, run_after=2023-05-24T23:25:40.637442+00:00
[2023-05-24T23:25:40.707+0000] {processor.py:175} INFO - Processing /home/airflow/.local/lib/python3.7/site-packages/airflow/example_dags/example_short_circuit_decorator.py took 0.277 seconds
[2023-05-24T23:26:11.593+0000] {processor.py:153} INFO - Started process (PID=749) to work on /home/airflow/.local/lib/python3.7/site-packages/airflow/example_dags/example_short_circuit_decorator.py
[2023-05-24T23:26:11.599+0000] {processor.py:743} INFO - Processing file /home/airflow/.local/lib/python3.7/site-packages/airflow/example_dags/example_short_circuit_decorator.py for tasks to queue
[2023-05-24T23:26:11.601+0000] {logging_mixin.py:137} INFO - [2023-05-24T23:26:11.600+0000] {dagbag.py:538} INFO - Filling up the DagBag from /home/airflow/.local/lib/python3.7/site-packages/airflow/example_dags/example_short_circuit_decorator.py
[2023-05-24T23:26:11.676+0000] {processor.py:753} INFO - DAG(s) dict_keys(['example_short_circuit_decorator']) retrieved from /home/airflow/.local/lib/python3.7/site-packages/airflow/example_dags/example_short_circuit_decorator.py
[2023-05-24T23:26:11.741+0000] {logging_mixin.py:137} INFO - [2023-05-24T23:26:11.741+0000] {dag.py:2690} INFO - Sync 1 DAGs
[2023-05-24T23:26:11.815+0000] {logging_mixin.py:137} INFO - [2023-05-24T23:26:11.814+0000] {dag.py:3441} INFO - Setting next_dagrun for example_short_circuit_decorator to 2023-05-23T23:26:11.814450+00:00, run_after=2023-05-24T23:26:11.814450+00:00
[2023-05-24T23:26:11.874+0000] {processor.py:175} INFO - Processing /home/airflow/.local/lib/python3.7/site-packages/airflow/example_dags/example_short_circuit_decorator.py took 0.289 seconds
[2023-05-24T23:27:00.937+0000] {processor.py:153} INFO - Started process (PID=816) to work on /home/airflow/.local/lib/python3.7/site-packages/airflow/example_dags/example_short_circuit_decorator.py
[2023-05-24T23:27:00.941+0000] {processor.py:743} INFO - Processing file /home/airflow/.local/lib/python3.7/site-packages/airflow/example_dags/example_short_circuit_decorator.py for tasks to queue
[2023-05-24T23:27:00.949+0000] {logging_mixin.py:137} INFO - [2023-05-24T23:27:00.948+0000] {dagbag.py:538} INFO - Filling up the DagBag from /home/airflow/.local/lib/python3.7/site-packages/airflow/example_dags/example_short_circuit_decorator.py
[2023-05-24T23:27:01.125+0000] {processor.py:753} INFO - DAG(s) dict_keys(['example_short_circuit_decorator']) retrieved from /home/airflow/.local/lib/python3.7/site-packages/airflow/example_dags/example_short_circuit_decorator.py
[2023-05-24T23:27:01.280+0000] {logging_mixin.py:137} INFO - [2023-05-24T23:27:01.280+0000] {dag.py:2690} INFO - Sync 1 DAGs
[2023-05-24T23:27:01.505+0000] {logging_mixin.py:137} INFO - [2023-05-24T23:27:01.505+0000] {dag.py:3441} INFO - Setting next_dagrun for example_short_circuit_decorator to 2023-05-23T23:27:01.504719+00:00, run_after=2023-05-24T23:27:01.504719+00:00
[2023-05-24T23:27:01.588+0000] {processor.py:175} INFO - Processing /home/airflow/.local/lib/python3.7/site-packages/airflow/example_dags/example_short_circuit_decorator.py took 0.685 seconds
[2023-05-24T23:27:35.949+0000] {processor.py:153} INFO - Started process (PID=876) to work on /home/airflow/.local/lib/python3.7/site-packages/airflow/example_dags/example_short_circuit_decorator.py
[2023-05-24T23:27:35.998+0000] {processor.py:743} INFO - Processing file /home/airflow/.local/lib/python3.7/site-packages/airflow/example_dags/example_short_circuit_decorator.py for tasks to queue
[2023-05-24T23:27:36.065+0000] {logging_mixin.py:137} INFO - [2023-05-24T23:27:36.037+0000] {dagbag.py:538} INFO - Filling up the DagBag from /home/airflow/.local/lib/python3.7/site-packages/airflow/example_dags/example_short_circuit_decorator.py
[2023-05-24T23:27:36.965+0000] {processor.py:753} INFO - DAG(s) dict_keys(['example_short_circuit_decorator']) retrieved from /home/airflow/.local/lib/python3.7/site-packages/airflow/example_dags/example_short_circuit_decorator.py
[2023-05-24T23:27:37.852+0000] {logging_mixin.py:137} INFO - [2023-05-24T23:27:37.849+0000] {dag.py:2690} INFO - Sync 1 DAGs
[2023-05-24T23:27:38.590+0000] {logging_mixin.py:137} INFO - [2023-05-24T23:27:38.590+0000] {dag.py:3441} INFO - Setting next_dagrun for example_short_circuit_decorator to 2023-05-23T23:27:38.590132+00:00, run_after=2023-05-24T23:27:38.590132+00:00
[2023-05-24T23:27:39.545+0000] {processor.py:175} INFO - Processing /home/airflow/.local/lib/python3.7/site-packages/airflow/example_dags/example_short_circuit_decorator.py took 3.641 seconds
[2023-05-24T23:29:07.587+0000] {processor.py:153} INFO - Started process (PID=966) to work on /home/airflow/.local/lib/python3.7/site-packages/airflow/example_dags/example_short_circuit_decorator.py
[2023-05-24T23:29:07.602+0000] {processor.py:743} INFO - Processing file /home/airflow/.local/lib/python3.7/site-packages/airflow/example_dags/example_short_circuit_decorator.py for tasks to queue
[2023-05-24T23:29:07.608+0000] {logging_mixin.py:137} INFO - [2023-05-24T23:29:07.608+0000] {dagbag.py:538} INFO - Filling up the DagBag from /home/airflow/.local/lib/python3.7/site-packages/airflow/example_dags/example_short_circuit_decorator.py
[2023-05-24T23:29:07.826+0000] {processor.py:753} INFO - DAG(s) dict_keys(['example_short_circuit_decorator']) retrieved from /home/airflow/.local/lib/python3.7/site-packages/airflow/example_dags/example_short_circuit_decorator.py
[2023-05-24T23:29:07.936+0000] {logging_mixin.py:137} INFO - [2023-05-24T23:29:07.936+0000] {dag.py:2690} INFO - Sync 1 DAGs
[2023-05-24T23:29:08.102+0000] {logging_mixin.py:137} INFO - [2023-05-24T23:29:08.102+0000] {dag.py:3441} INFO - Setting next_dagrun for example_short_circuit_decorator to 2023-05-23T23:29:08.101803+00:00, run_after=2023-05-24T23:29:08.101803+00:00
[2023-05-24T23:29:08.195+0000] {processor.py:175} INFO - Processing /home/airflow/.local/lib/python3.7/site-packages/airflow/example_dags/example_short_circuit_decorator.py took 0.619 seconds
[2023-05-24T23:29:38.550+0000] {processor.py:153} INFO - Started process (PID=1027) to work on /home/airflow/.local/lib/python3.7/site-packages/airflow/example_dags/example_short_circuit_decorator.py
[2023-05-24T23:29:38.556+0000] {processor.py:743} INFO - Processing file /home/airflow/.local/lib/python3.7/site-packages/airflow/example_dags/example_short_circuit_decorator.py for tasks to queue
[2023-05-24T23:29:38.559+0000] {logging_mixin.py:137} INFO - [2023-05-24T23:29:38.559+0000] {dagbag.py:538} INFO - Filling up the DagBag from /home/airflow/.local/lib/python3.7/site-packages/airflow/example_dags/example_short_circuit_decorator.py
[2023-05-24T23:29:38.606+0000] {processor.py:753} INFO - DAG(s) dict_keys(['example_short_circuit_decorator']) retrieved from /home/airflow/.local/lib/python3.7/site-packages/airflow/example_dags/example_short_circuit_decorator.py
[2023-05-24T23:29:38.651+0000] {logging_mixin.py:137} INFO - [2023-05-24T23:29:38.650+0000] {dag.py:2690} INFO - Sync 1 DAGs
[2023-05-24T23:29:38.689+0000] {logging_mixin.py:137} INFO - [2023-05-24T23:29:38.688+0000] {dag.py:3441} INFO - Setting next_dagrun for example_short_circuit_decorator to 2023-05-23T23:29:38.688600+00:00, run_after=2023-05-24T23:29:38.688600+00:00
[2023-05-24T23:29:38.718+0000] {processor.py:175} INFO - Processing /home/airflow/.local/lib/python3.7/site-packages/airflow/example_dags/example_short_circuit_decorator.py took 0.181 seconds
[2023-05-24T23:30:09.668+0000] {processor.py:153} INFO - Started process (PID=1086) to work on /home/airflow/.local/lib/python3.7/site-packages/airflow/example_dags/example_short_circuit_decorator.py
[2023-05-24T23:30:09.674+0000] {processor.py:743} INFO - Processing file /home/airflow/.local/lib/python3.7/site-packages/airflow/example_dags/example_short_circuit_decorator.py for tasks to queue
[2023-05-24T23:30:09.697+0000] {logging_mixin.py:137} INFO - [2023-05-24T23:30:09.693+0000] {dagbag.py:538} INFO - Filling up the DagBag from /home/airflow/.local/lib/python3.7/site-packages/airflow/example_dags/example_short_circuit_decorator.py
[2023-05-24T23:30:09.975+0000] {processor.py:753} INFO - DAG(s) dict_keys(['example_short_circuit_decorator']) retrieved from /home/airflow/.local/lib/python3.7/site-packages/airflow/example_dags/example_short_circuit_decorator.py
[2023-05-24T23:30:10.106+0000] {logging_mixin.py:137} INFO - [2023-05-24T23:30:10.106+0000] {dag.py:2690} INFO - Sync 1 DAGs
[2023-05-24T23:30:10.175+0000] {logging_mixin.py:137} INFO - [2023-05-24T23:30:10.174+0000] {dag.py:3441} INFO - Setting next_dagrun for example_short_circuit_decorator to 2023-05-23T23:30:10.173416+00:00, run_after=2023-05-24T23:30:10.173416+00:00
[2023-05-24T23:30:10.335+0000] {processor.py:175} INFO - Processing /home/airflow/.local/lib/python3.7/site-packages/airflow/example_dags/example_short_circuit_decorator.py took 0.702 seconds
[2023-05-24T23:30:40.654+0000] {processor.py:153} INFO - Started process (PID=1155) to work on /home/airflow/.local/lib/python3.7/site-packages/airflow/example_dags/example_short_circuit_decorator.py
[2023-05-24T23:30:40.660+0000] {processor.py:743} INFO - Processing file /home/airflow/.local/lib/python3.7/site-packages/airflow/example_dags/example_short_circuit_decorator.py for tasks to queue
[2023-05-24T23:30:40.664+0000] {logging_mixin.py:137} INFO - [2023-05-24T23:30:40.664+0000] {dagbag.py:538} INFO - Filling up the DagBag from /home/airflow/.local/lib/python3.7/site-packages/airflow/example_dags/example_short_circuit_decorator.py
[2023-05-24T23:30:40.798+0000] {processor.py:753} INFO - DAG(s) dict_keys(['example_short_circuit_decorator']) retrieved from /home/airflow/.local/lib/python3.7/site-packages/airflow/example_dags/example_short_circuit_decorator.py
[2023-05-24T23:30:40.888+0000] {logging_mixin.py:137} INFO - [2023-05-24T23:30:40.888+0000] {dag.py:2690} INFO - Sync 1 DAGs
[2023-05-24T23:30:40.993+0000] {logging_mixin.py:137} INFO - [2023-05-24T23:30:40.992+0000] {dag.py:3441} INFO - Setting next_dagrun for example_short_circuit_decorator to 2023-05-23T23:30:40.990772+00:00, run_after=2023-05-24T23:30:40.990772+00:00
[2023-05-24T23:30:41.095+0000] {processor.py:175} INFO - Processing /home/airflow/.local/lib/python3.7/site-packages/airflow/example_dags/example_short_circuit_decorator.py took 0.463 seconds
[2023-05-24T23:33:58.643+0000] {processor.py:153} INFO - Started process (PID=78) to work on /home/airflow/.local/lib/python3.7/site-packages/airflow/example_dags/example_short_circuit_decorator.py
[2023-05-24T23:33:58.841+0000] {processor.py:743} INFO - Processing file /home/airflow/.local/lib/python3.7/site-packages/airflow/example_dags/example_short_circuit_decorator.py for tasks to queue
[2023-05-24T23:33:58.852+0000] {logging_mixin.py:137} INFO - [2023-05-24T23:33:58.852+0000] {dagbag.py:538} INFO - Filling up the DagBag from /home/airflow/.local/lib/python3.7/site-packages/airflow/example_dags/example_short_circuit_decorator.py
[2023-05-24T23:33:59.098+0000] {processor.py:753} INFO - DAG(s) dict_keys(['example_short_circuit_decorator']) retrieved from /home/airflow/.local/lib/python3.7/site-packages/airflow/example_dags/example_short_circuit_decorator.py
[2023-05-24T23:33:59.340+0000] {logging_mixin.py:137} INFO - [2023-05-24T23:33:59.340+0000] {dag.py:2690} INFO - Sync 1 DAGs
[2023-05-24T23:33:59.481+0000] {logging_mixin.py:137} INFO - [2023-05-24T23:33:59.481+0000] {dag.py:3441} INFO - Setting next_dagrun for example_short_circuit_decorator to 2023-05-23T23:33:59.481337+00:00, run_after=2023-05-24T23:33:59.481337+00:00
[2023-05-24T23:33:59.632+0000] {processor.py:175} INFO - Processing /home/airflow/.local/lib/python3.7/site-packages/airflow/example_dags/example_short_circuit_decorator.py took 1.009 seconds
[2023-05-24T23:34:31.397+0000] {processor.py:153} INFO - Started process (PID=131) to work on /home/airflow/.local/lib/python3.7/site-packages/airflow/example_dags/example_short_circuit_decorator.py
[2023-05-24T23:34:31.410+0000] {processor.py:743} INFO - Processing file /home/airflow/.local/lib/python3.7/site-packages/airflow/example_dags/example_short_circuit_decorator.py for tasks to queue
[2023-05-24T23:34:31.420+0000] {logging_mixin.py:137} INFO - [2023-05-24T23:34:31.416+0000] {dagbag.py:538} INFO - Filling up the DagBag from /home/airflow/.local/lib/python3.7/site-packages/airflow/example_dags/example_short_circuit_decorator.py
[2023-05-24T23:34:31.847+0000] {processor.py:753} INFO - DAG(s) dict_keys(['example_short_circuit_decorator']) retrieved from /home/airflow/.local/lib/python3.7/site-packages/airflow/example_dags/example_short_circuit_decorator.py
[2023-05-24T23:34:32.286+0000] {logging_mixin.py:137} INFO - [2023-05-24T23:34:32.286+0000] {dag.py:2690} INFO - Sync 1 DAGs
[2023-05-24T23:34:32.548+0000] {logging_mixin.py:137} INFO - [2023-05-24T23:34:32.547+0000] {dag.py:3441} INFO - Setting next_dagrun for example_short_circuit_decorator to 2023-05-23T23:34:32.547606+00:00, run_after=2023-05-24T23:34:32.547606+00:00
[2023-05-24T23:34:32.982+0000] {processor.py:175} INFO - Processing /home/airflow/.local/lib/python3.7/site-packages/airflow/example_dags/example_short_circuit_decorator.py took 1.607 seconds
[2023-05-24T23:35:07.896+0000] {processor.py:153} INFO - Started process (PID=190) to work on /home/airflow/.local/lib/python3.7/site-packages/airflow/example_dags/example_short_circuit_decorator.py
[2023-05-24T23:35:07.977+0000] {processor.py:743} INFO - Processing file /home/airflow/.local/lib/python3.7/site-packages/airflow/example_dags/example_short_circuit_decorator.py for tasks to queue
[2023-05-24T23:35:07.984+0000] {logging_mixin.py:137} INFO - [2023-05-24T23:35:07.984+0000] {dagbag.py:538} INFO - Filling up the DagBag from /home/airflow/.local/lib/python3.7/site-packages/airflow/example_dags/example_short_circuit_decorator.py
[2023-05-24T23:35:08.587+0000] {processor.py:753} INFO - DAG(s) dict_keys(['example_short_circuit_decorator']) retrieved from /home/airflow/.local/lib/python3.7/site-packages/airflow/example_dags/example_short_circuit_decorator.py
[2023-05-24T23:35:09.003+0000] {logging_mixin.py:137} INFO - [2023-05-24T23:35:09.002+0000] {dag.py:2690} INFO - Sync 1 DAGs
[2023-05-24T23:35:09.556+0000] {logging_mixin.py:137} INFO - [2023-05-24T23:35:09.551+0000] {dag.py:3441} INFO - Setting next_dagrun for example_short_circuit_decorator to 2023-05-23T23:35:09.537878+00:00, run_after=2023-05-24T23:35:09.537878+00:00
[2023-05-24T23:35:10.239+0000] {processor.py:175} INFO - Processing /home/airflow/.local/lib/python3.7/site-packages/airflow/example_dags/example_short_circuit_decorator.py took 2.416 seconds
[2023-05-24T23:36:27.018+0000] {processor.py:153} INFO - Started process (PID=271) to work on /home/airflow/.local/lib/python3.7/site-packages/airflow/example_dags/example_short_circuit_decorator.py
[2023-05-24T23:36:27.045+0000] {processor.py:743} INFO - Processing file /home/airflow/.local/lib/python3.7/site-packages/airflow/example_dags/example_short_circuit_decorator.py for tasks to queue
[2023-05-24T23:36:27.072+0000] {logging_mixin.py:137} INFO - [2023-05-24T23:36:27.072+0000] {dagbag.py:538} INFO - Filling up the DagBag from /home/airflow/.local/lib/python3.7/site-packages/airflow/example_dags/example_short_circuit_decorator.py
[2023-05-24T23:36:27.942+0000] {processor.py:753} INFO - DAG(s) dict_keys(['example_short_circuit_decorator']) retrieved from /home/airflow/.local/lib/python3.7/site-packages/airflow/example_dags/example_short_circuit_decorator.py
[2023-05-24T23:36:28.525+0000] {logging_mixin.py:137} INFO - [2023-05-24T23:36:28.525+0000] {dag.py:2690} INFO - Sync 1 DAGs
[2023-05-24T23:36:29.529+0000] {logging_mixin.py:137} INFO - [2023-05-24T23:36:29.529+0000] {dag.py:3441} INFO - Setting next_dagrun for example_short_circuit_decorator to 2023-05-23T23:36:29.528705+00:00, run_after=2023-05-24T23:36:29.528705+00:00
[2023-05-24T23:36:29.924+0000] {processor.py:175} INFO - Processing /home/airflow/.local/lib/python3.7/site-packages/airflow/example_dags/example_short_circuit_decorator.py took 3.159 seconds
[2023-05-24T23:37:28.606+0000] {processor.py:153} INFO - Started process (PID=338) to work on /home/airflow/.local/lib/python3.7/site-packages/airflow/example_dags/example_short_circuit_decorator.py
[2023-05-24T23:37:28.621+0000] {processor.py:743} INFO - Processing file /home/airflow/.local/lib/python3.7/site-packages/airflow/example_dags/example_short_circuit_decorator.py for tasks to queue
[2023-05-24T23:37:28.639+0000] {logging_mixin.py:137} INFO - [2023-05-24T23:37:28.638+0000] {dagbag.py:538} INFO - Filling up the DagBag from /home/airflow/.local/lib/python3.7/site-packages/airflow/example_dags/example_short_circuit_decorator.py
[2023-05-24T23:37:29.239+0000] {processor.py:753} INFO - DAG(s) dict_keys(['example_short_circuit_decorator']) retrieved from /home/airflow/.local/lib/python3.7/site-packages/airflow/example_dags/example_short_circuit_decorator.py
[2023-05-24T23:37:29.839+0000] {logging_mixin.py:137} INFO - [2023-05-24T23:37:29.838+0000] {dag.py:2690} INFO - Sync 1 DAGs
[2023-05-24T23:37:30.217+0000] {logging_mixin.py:137} INFO - [2023-05-24T23:37:30.210+0000] {dag.py:3441} INFO - Setting next_dagrun for example_short_circuit_decorator to 2023-05-23T23:37:30.206174+00:00, run_after=2023-05-24T23:37:30.206174+00:00
[2023-05-24T23:37:30.720+0000] {processor.py:175} INFO - Processing /home/airflow/.local/lib/python3.7/site-packages/airflow/example_dags/example_short_circuit_decorator.py took 2.174 seconds
[2023-05-24T23:38:30.083+0000] {processor.py:153} INFO - Started process (PID=410) to work on /home/airflow/.local/lib/python3.7/site-packages/airflow/example_dags/example_short_circuit_decorator.py
[2023-05-24T23:38:30.123+0000] {processor.py:743} INFO - Processing file /home/airflow/.local/lib/python3.7/site-packages/airflow/example_dags/example_short_circuit_decorator.py for tasks to queue
[2023-05-24T23:38:30.128+0000] {logging_mixin.py:137} INFO - [2023-05-24T23:38:30.128+0000] {dagbag.py:538} INFO - Filling up the DagBag from /home/airflow/.local/lib/python3.7/site-packages/airflow/example_dags/example_short_circuit_decorator.py
[2023-05-24T23:38:30.370+0000] {processor.py:753} INFO - DAG(s) dict_keys(['example_short_circuit_decorator']) retrieved from /home/airflow/.local/lib/python3.7/site-packages/airflow/example_dags/example_short_circuit_decorator.py
[2023-05-24T23:38:30.450+0000] {logging_mixin.py:137} INFO - [2023-05-24T23:38:30.449+0000] {dag.py:2690} INFO - Sync 1 DAGs
[2023-05-24T23:38:30.560+0000] {logging_mixin.py:137} INFO - [2023-05-24T23:38:30.559+0000] {dag.py:3441} INFO - Setting next_dagrun for example_short_circuit_decorator to 2023-05-23T23:38:30.559329+00:00, run_after=2023-05-24T23:38:30.559329+00:00
[2023-05-24T23:38:30.708+0000] {processor.py:175} INFO - Processing /home/airflow/.local/lib/python3.7/site-packages/airflow/example_dags/example_short_circuit_decorator.py took 0.678 seconds
[2023-05-24T23:39:53.362+0000] {processor.py:153} INFO - Started process (PID=482) to work on /home/airflow/.local/lib/python3.7/site-packages/airflow/example_dags/example_short_circuit_decorator.py
[2023-05-24T23:39:53.368+0000] {processor.py:743} INFO - Processing file /home/airflow/.local/lib/python3.7/site-packages/airflow/example_dags/example_short_circuit_decorator.py for tasks to queue
[2023-05-24T23:39:53.379+0000] {logging_mixin.py:137} INFO - [2023-05-24T23:39:53.377+0000] {dagbag.py:538} INFO - Filling up the DagBag from /home/airflow/.local/lib/python3.7/site-packages/airflow/example_dags/example_short_circuit_decorator.py
[2023-05-24T23:39:53.642+0000] {processor.py:753} INFO - DAG(s) dict_keys(['example_short_circuit_decorator']) retrieved from /home/airflow/.local/lib/python3.7/site-packages/airflow/example_dags/example_short_circuit_decorator.py
[2023-05-24T23:39:53.872+0000] {logging_mixin.py:137} INFO - [2023-05-24T23:39:53.872+0000] {dag.py:2690} INFO - Sync 1 DAGs
[2023-05-24T23:39:54.209+0000] {logging_mixin.py:137} INFO - [2023-05-24T23:39:54.195+0000] {dag.py:3441} INFO - Setting next_dagrun for example_short_circuit_decorator to 2023-05-23T23:39:54.194873+00:00, run_after=2023-05-24T23:39:54.194873+00:00
[2023-05-24T23:39:54.500+0000] {processor.py:175} INFO - Processing /home/airflow/.local/lib/python3.7/site-packages/airflow/example_dags/example_short_circuit_decorator.py took 1.180 seconds
[2023-05-24T23:40:27.966+0000] {processor.py:153} INFO - Started process (PID=533) to work on /home/airflow/.local/lib/python3.7/site-packages/airflow/example_dags/example_short_circuit_decorator.py
[2023-05-24T23:40:27.975+0000] {processor.py:743} INFO - Processing file /home/airflow/.local/lib/python3.7/site-packages/airflow/example_dags/example_short_circuit_decorator.py for tasks to queue
[2023-05-24T23:40:27.983+0000] {logging_mixin.py:137} INFO - [2023-05-24T23:40:27.982+0000] {dagbag.py:538} INFO - Filling up the DagBag from /home/airflow/.local/lib/python3.7/site-packages/airflow/example_dags/example_short_circuit_decorator.py
[2023-05-24T23:40:28.237+0000] {processor.py:753} INFO - DAG(s) dict_keys(['example_short_circuit_decorator']) retrieved from /home/airflow/.local/lib/python3.7/site-packages/airflow/example_dags/example_short_circuit_decorator.py
[2023-05-24T23:40:28.365+0000] {logging_mixin.py:137} INFO - [2023-05-24T23:40:28.364+0000] {dag.py:2690} INFO - Sync 1 DAGs
[2023-05-24T23:40:28.461+0000] {logging_mixin.py:137} INFO - [2023-05-24T23:40:28.461+0000] {dag.py:3441} INFO - Setting next_dagrun for example_short_circuit_decorator to 2023-05-23T23:40:28.460472+00:00, run_after=2023-05-24T23:40:28.460472+00:00
[2023-05-24T23:40:28.519+0000] {processor.py:175} INFO - Processing /home/airflow/.local/lib/python3.7/site-packages/airflow/example_dags/example_short_circuit_decorator.py took 0.571 seconds
[2023-05-24T23:40:58.598+0000] {processor.py:153} INFO - Started process (PID=592) to work on /home/airflow/.local/lib/python3.7/site-packages/airflow/example_dags/example_short_circuit_decorator.py
[2023-05-24T23:40:58.602+0000] {processor.py:743} INFO - Processing file /home/airflow/.local/lib/python3.7/site-packages/airflow/example_dags/example_short_circuit_decorator.py for tasks to queue
[2023-05-24T23:40:58.604+0000] {logging_mixin.py:137} INFO - [2023-05-24T23:40:58.604+0000] {dagbag.py:538} INFO - Filling up the DagBag from /home/airflow/.local/lib/python3.7/site-packages/airflow/example_dags/example_short_circuit_decorator.py
[2023-05-24T23:40:58.636+0000] {processor.py:753} INFO - DAG(s) dict_keys(['example_short_circuit_decorator']) retrieved from /home/airflow/.local/lib/python3.7/site-packages/airflow/example_dags/example_short_circuit_decorator.py
[2023-05-24T23:40:58.672+0000] {logging_mixin.py:137} INFO - [2023-05-24T23:40:58.671+0000] {dag.py:2690} INFO - Sync 1 DAGs
[2023-05-24T23:40:58.703+0000] {logging_mixin.py:137} INFO - [2023-05-24T23:40:58.703+0000] {dag.py:3441} INFO - Setting next_dagrun for example_short_circuit_decorator to 2023-05-23T23:40:58.702989+00:00, run_after=2023-05-24T23:40:58.702989+00:00
[2023-05-24T23:40:58.736+0000] {processor.py:175} INFO - Processing /home/airflow/.local/lib/python3.7/site-packages/airflow/example_dags/example_short_circuit_decorator.py took 0.143 seconds
[2023-05-24T23:43:13.940+0000] {processor.py:153} INFO - Started process (PID=83) to work on /home/airflow/.local/lib/python3.7/site-packages/airflow/example_dags/example_short_circuit_decorator.py
[2023-05-24T23:43:13.944+0000] {processor.py:743} INFO - Processing file /home/airflow/.local/lib/python3.7/site-packages/airflow/example_dags/example_short_circuit_decorator.py for tasks to queue
[2023-05-24T23:43:13.946+0000] {logging_mixin.py:137} INFO - [2023-05-24T23:43:13.946+0000] {dagbag.py:538} INFO - Filling up the DagBag from /home/airflow/.local/lib/python3.7/site-packages/airflow/example_dags/example_short_circuit_decorator.py
[2023-05-24T23:43:14.062+0000] {processor.py:753} INFO - DAG(s) dict_keys(['example_short_circuit_decorator']) retrieved from /home/airflow/.local/lib/python3.7/site-packages/airflow/example_dags/example_short_circuit_decorator.py
[2023-05-24T23:43:14.157+0000] {logging_mixin.py:137} INFO - [2023-05-24T23:43:14.157+0000] {dag.py:2690} INFO - Sync 1 DAGs
[2023-05-24T23:43:14.270+0000] {logging_mixin.py:137} INFO - [2023-05-24T23:43:14.269+0000] {dag.py:3441} INFO - Setting next_dagrun for example_short_circuit_decorator to 2023-05-23T23:43:14.269251+00:00, run_after=2023-05-24T23:43:14.269251+00:00
[2023-05-24T23:43:14.411+0000] {processor.py:175} INFO - Processing /home/airflow/.local/lib/python3.7/site-packages/airflow/example_dags/example_short_circuit_decorator.py took 0.480 seconds
[2023-05-24T23:43:55.189+0000] {processor.py:153} INFO - Started process (PID=142) to work on /home/airflow/.local/lib/python3.7/site-packages/airflow/example_dags/example_short_circuit_decorator.py
[2023-05-24T23:43:55.197+0000] {processor.py:743} INFO - Processing file /home/airflow/.local/lib/python3.7/site-packages/airflow/example_dags/example_short_circuit_decorator.py for tasks to queue
[2023-05-24T23:43:55.200+0000] {logging_mixin.py:137} INFO - [2023-05-24T23:43:55.199+0000] {dagbag.py:538} INFO - Filling up the DagBag from /home/airflow/.local/lib/python3.7/site-packages/airflow/example_dags/example_short_circuit_decorator.py
[2023-05-24T23:43:55.382+0000] {processor.py:753} INFO - DAG(s) dict_keys(['example_short_circuit_decorator']) retrieved from /home/airflow/.local/lib/python3.7/site-packages/airflow/example_dags/example_short_circuit_decorator.py
[2023-05-24T23:43:55.528+0000] {logging_mixin.py:137} INFO - [2023-05-24T23:43:55.528+0000] {dag.py:2690} INFO - Sync 1 DAGs
[2023-05-24T23:43:55.750+0000] {logging_mixin.py:137} INFO - [2023-05-24T23:43:55.750+0000] {dag.py:3441} INFO - Setting next_dagrun for example_short_circuit_decorator to 2023-05-23T23:43:55.749938+00:00, run_after=2023-05-24T23:43:55.749938+00:00
[2023-05-24T23:43:55.854+0000] {processor.py:175} INFO - Processing /home/airflow/.local/lib/python3.7/site-packages/airflow/example_dags/example_short_circuit_decorator.py took 0.682 seconds
[2023-05-24T23:44:27.496+0000] {processor.py:153} INFO - Started process (PID=203) to work on /home/airflow/.local/lib/python3.7/site-packages/airflow/example_dags/example_short_circuit_decorator.py
[2023-05-24T23:44:27.498+0000] {processor.py:743} INFO - Processing file /home/airflow/.local/lib/python3.7/site-packages/airflow/example_dags/example_short_circuit_decorator.py for tasks to queue
[2023-05-24T23:44:27.502+0000] {logging_mixin.py:137} INFO - [2023-05-24T23:44:27.501+0000] {dagbag.py:538} INFO - Filling up the DagBag from /home/airflow/.local/lib/python3.7/site-packages/airflow/example_dags/example_short_circuit_decorator.py
[2023-05-24T23:44:27.650+0000] {processor.py:753} INFO - DAG(s) dict_keys(['example_short_circuit_decorator']) retrieved from /home/airflow/.local/lib/python3.7/site-packages/airflow/example_dags/example_short_circuit_decorator.py
[2023-05-24T23:44:27.710+0000] {logging_mixin.py:137} INFO - [2023-05-24T23:44:27.710+0000] {dag.py:2690} INFO - Sync 1 DAGs
[2023-05-24T23:44:27.908+0000] {logging_mixin.py:137} INFO - [2023-05-24T23:44:27.908+0000] {dag.py:3441} INFO - Setting next_dagrun for example_short_circuit_decorator to 2023-05-23T23:44:27.908051+00:00, run_after=2023-05-24T23:44:27.908051+00:00
[2023-05-24T23:44:28.278+0000] {processor.py:175} INFO - Processing /home/airflow/.local/lib/python3.7/site-packages/airflow/example_dags/example_short_circuit_decorator.py took 0.796 seconds
[2023-05-24T23:44:58.732+0000] {processor.py:153} INFO - Started process (PID=262) to work on /home/airflow/.local/lib/python3.7/site-packages/airflow/example_dags/example_short_circuit_decorator.py
[2023-05-24T23:44:58.735+0000] {processor.py:743} INFO - Processing file /home/airflow/.local/lib/python3.7/site-packages/airflow/example_dags/example_short_circuit_decorator.py for tasks to queue
[2023-05-24T23:44:58.741+0000] {logging_mixin.py:137} INFO - [2023-05-24T23:44:58.741+0000] {dagbag.py:538} INFO - Filling up the DagBag from /home/airflow/.local/lib/python3.7/site-packages/airflow/example_dags/example_short_circuit_decorator.py
[2023-05-24T23:44:58.819+0000] {processor.py:753} INFO - DAG(s) dict_keys(['example_short_circuit_decorator']) retrieved from /home/airflow/.local/lib/python3.7/site-packages/airflow/example_dags/example_short_circuit_decorator.py
[2023-05-24T23:44:58.912+0000] {logging_mixin.py:137} INFO - [2023-05-24T23:44:58.912+0000] {dag.py:2690} INFO - Sync 1 DAGs
[2023-05-24T23:44:59.113+0000] {logging_mixin.py:137} INFO - [2023-05-24T23:44:59.113+0000] {dag.py:3441} INFO - Setting next_dagrun for example_short_circuit_decorator to 2023-05-23T23:44:59.112246+00:00, run_after=2023-05-24T23:44:59.112246+00:00
[2023-05-24T23:44:59.178+0000] {processor.py:175} INFO - Processing /home/airflow/.local/lib/python3.7/site-packages/airflow/example_dags/example_short_circuit_decorator.py took 0.466 seconds
[2023-05-24T23:45:29.538+0000] {processor.py:153} INFO - Started process (PID=321) to work on /home/airflow/.local/lib/python3.7/site-packages/airflow/example_dags/example_short_circuit_decorator.py
[2023-05-24T23:45:29.546+0000] {processor.py:743} INFO - Processing file /home/airflow/.local/lib/python3.7/site-packages/airflow/example_dags/example_short_circuit_decorator.py for tasks to queue
[2023-05-24T23:45:29.551+0000] {logging_mixin.py:137} INFO - [2023-05-24T23:45:29.551+0000] {dagbag.py:538} INFO - Filling up the DagBag from /home/airflow/.local/lib/python3.7/site-packages/airflow/example_dags/example_short_circuit_decorator.py
[2023-05-24T23:45:29.723+0000] {processor.py:753} INFO - DAG(s) dict_keys(['example_short_circuit_decorator']) retrieved from /home/airflow/.local/lib/python3.7/site-packages/airflow/example_dags/example_short_circuit_decorator.py
[2023-05-24T23:45:29.867+0000] {logging_mixin.py:137} INFO - [2023-05-24T23:45:29.867+0000] {dag.py:2690} INFO - Sync 1 DAGs
[2023-05-24T23:45:30.165+0000] {logging_mixin.py:137} INFO - [2023-05-24T23:45:30.165+0000] {dag.py:3441} INFO - Setting next_dagrun for example_short_circuit_decorator to 2023-05-23T23:45:30.164811+00:00, run_after=2023-05-24T23:45:30.164811+00:00
[2023-05-24T23:45:30.350+0000] {processor.py:175} INFO - Processing /home/airflow/.local/lib/python3.7/site-packages/airflow/example_dags/example_short_circuit_decorator.py took 0.822 seconds
[2023-05-24T23:46:00.635+0000] {processor.py:153} INFO - Started process (PID=390) to work on /home/airflow/.local/lib/python3.7/site-packages/airflow/example_dags/example_short_circuit_decorator.py
[2023-05-24T23:46:00.647+0000] {processor.py:743} INFO - Processing file /home/airflow/.local/lib/python3.7/site-packages/airflow/example_dags/example_short_circuit_decorator.py for tasks to queue
[2023-05-24T23:46:00.664+0000] {logging_mixin.py:137} INFO - [2023-05-24T23:46:00.660+0000] {dagbag.py:538} INFO - Filling up the DagBag from /home/airflow/.local/lib/python3.7/site-packages/airflow/example_dags/example_short_circuit_decorator.py
[2023-05-24T23:46:00.816+0000] {processor.py:753} INFO - DAG(s) dict_keys(['example_short_circuit_decorator']) retrieved from /home/airflow/.local/lib/python3.7/site-packages/airflow/example_dags/example_short_circuit_decorator.py
[2023-05-24T23:46:00.921+0000] {logging_mixin.py:137} INFO - [2023-05-24T23:46:00.921+0000] {dag.py:2690} INFO - Sync 1 DAGs
[2023-05-24T23:46:01.026+0000] {logging_mixin.py:137} INFO - [2023-05-24T23:46:01.026+0000] {dag.py:3441} INFO - Setting next_dagrun for example_short_circuit_decorator to 2023-05-23T23:46:01.026007+00:00, run_after=2023-05-24T23:46:01.026007+00:00
[2023-05-24T23:46:01.094+0000] {processor.py:175} INFO - Processing /home/airflow/.local/lib/python3.7/site-packages/airflow/example_dags/example_short_circuit_decorator.py took 0.493 seconds
[2023-05-24T23:46:31.331+0000] {processor.py:153} INFO - Started process (PID=453) to work on /home/airflow/.local/lib/python3.7/site-packages/airflow/example_dags/example_short_circuit_decorator.py
[2023-05-24T23:46:31.344+0000] {processor.py:743} INFO - Processing file /home/airflow/.local/lib/python3.7/site-packages/airflow/example_dags/example_short_circuit_decorator.py for tasks to queue
[2023-05-24T23:46:31.349+0000] {logging_mixin.py:137} INFO - [2023-05-24T23:46:31.349+0000] {dagbag.py:538} INFO - Filling up the DagBag from /home/airflow/.local/lib/python3.7/site-packages/airflow/example_dags/example_short_circuit_decorator.py
[2023-05-24T23:46:31.661+0000] {processor.py:753} INFO - DAG(s) dict_keys(['example_short_circuit_decorator']) retrieved from /home/airflow/.local/lib/python3.7/site-packages/airflow/example_dags/example_short_circuit_decorator.py
[2023-05-24T23:46:31.839+0000] {logging_mixin.py:137} INFO - [2023-05-24T23:46:31.839+0000] {dag.py:2690} INFO - Sync 1 DAGs
[2023-05-24T23:46:32.145+0000] {logging_mixin.py:137} INFO - [2023-05-24T23:46:32.133+0000] {dag.py:3441} INFO - Setting next_dagrun for example_short_circuit_decorator to 2023-05-23T23:46:32.130865+00:00, run_after=2023-05-24T23:46:32.130865+00:00
[2023-05-24T23:46:32.390+0000] {processor.py:175} INFO - Processing /home/airflow/.local/lib/python3.7/site-packages/airflow/example_dags/example_short_circuit_decorator.py took 1.082 seconds
[2023-05-24T23:47:02.555+0000] {processor.py:153} INFO - Started process (PID=511) to work on /home/airflow/.local/lib/python3.7/site-packages/airflow/example_dags/example_short_circuit_decorator.py
[2023-05-24T23:47:02.559+0000] {processor.py:743} INFO - Processing file /home/airflow/.local/lib/python3.7/site-packages/airflow/example_dags/example_short_circuit_decorator.py for tasks to queue
[2023-05-24T23:47:02.563+0000] {logging_mixin.py:137} INFO - [2023-05-24T23:47:02.563+0000] {dagbag.py:538} INFO - Filling up the DagBag from /home/airflow/.local/lib/python3.7/site-packages/airflow/example_dags/example_short_circuit_decorator.py
[2023-05-24T23:47:02.644+0000] {processor.py:753} INFO - DAG(s) dict_keys(['example_short_circuit_decorator']) retrieved from /home/airflow/.local/lib/python3.7/site-packages/airflow/example_dags/example_short_circuit_decorator.py
[2023-05-24T23:47:02.699+0000] {logging_mixin.py:137} INFO - [2023-05-24T23:47:02.699+0000] {dag.py:2690} INFO - Sync 1 DAGs
[2023-05-24T23:47:02.742+0000] {logging_mixin.py:137} INFO - [2023-05-24T23:47:02.742+0000] {dag.py:3441} INFO - Setting next_dagrun for example_short_circuit_decorator to 2023-05-23T23:47:02.742072+00:00, run_after=2023-05-24T23:47:02.742072+00:00
[2023-05-24T23:47:02.798+0000] {processor.py:175} INFO - Processing /home/airflow/.local/lib/python3.7/site-packages/airflow/example_dags/example_short_circuit_decorator.py took 0.258 seconds
[2023-05-24T23:47:33.422+0000] {processor.py:153} INFO - Started process (PID=571) to work on /home/airflow/.local/lib/python3.7/site-packages/airflow/example_dags/example_short_circuit_decorator.py
[2023-05-24T23:47:33.426+0000] {processor.py:743} INFO - Processing file /home/airflow/.local/lib/python3.7/site-packages/airflow/example_dags/example_short_circuit_decorator.py for tasks to queue
[2023-05-24T23:47:33.427+0000] {logging_mixin.py:137} INFO - [2023-05-24T23:47:33.427+0000] {dagbag.py:538} INFO - Filling up the DagBag from /home/airflow/.local/lib/python3.7/site-packages/airflow/example_dags/example_short_circuit_decorator.py
[2023-05-24T23:47:33.465+0000] {processor.py:753} INFO - DAG(s) dict_keys(['example_short_circuit_decorator']) retrieved from /home/airflow/.local/lib/python3.7/site-packages/airflow/example_dags/example_short_circuit_decorator.py
[2023-05-24T23:47:33.513+0000] {logging_mixin.py:137} INFO - [2023-05-24T23:47:33.512+0000] {dag.py:2690} INFO - Sync 1 DAGs
[2023-05-24T23:47:33.582+0000] {logging_mixin.py:137} INFO - [2023-05-24T23:47:33.582+0000] {dag.py:3441} INFO - Setting next_dagrun for example_short_circuit_decorator to 2023-05-23T23:47:33.582224+00:00, run_after=2023-05-24T23:47:33.582224+00:00
[2023-05-24T23:47:33.625+0000] {processor.py:175} INFO - Processing /home/airflow/.local/lib/python3.7/site-packages/airflow/example_dags/example_short_circuit_decorator.py took 0.214 seconds
[2023-05-24T23:48:04.545+0000] {processor.py:153} INFO - Started process (PID=632) to work on /home/airflow/.local/lib/python3.7/site-packages/airflow/example_dags/example_short_circuit_decorator.py
[2023-05-24T23:48:04.550+0000] {processor.py:743} INFO - Processing file /home/airflow/.local/lib/python3.7/site-packages/airflow/example_dags/example_short_circuit_decorator.py for tasks to queue
[2023-05-24T23:48:04.555+0000] {logging_mixin.py:137} INFO - [2023-05-24T23:48:04.554+0000] {dagbag.py:538} INFO - Filling up the DagBag from /home/airflow/.local/lib/python3.7/site-packages/airflow/example_dags/example_short_circuit_decorator.py
[2023-05-24T23:48:04.625+0000] {processor.py:753} INFO - DAG(s) dict_keys(['example_short_circuit_decorator']) retrieved from /home/airflow/.local/lib/python3.7/site-packages/airflow/example_dags/example_short_circuit_decorator.py
[2023-05-24T23:48:04.698+0000] {logging_mixin.py:137} INFO - [2023-05-24T23:48:04.698+0000] {dag.py:2690} INFO - Sync 1 DAGs
[2023-05-24T23:48:04.800+0000] {logging_mixin.py:137} INFO - [2023-05-24T23:48:04.800+0000] {dag.py:3441} INFO - Setting next_dagrun for example_short_circuit_decorator to 2023-05-23T23:48:04.799689+00:00, run_after=2023-05-24T23:48:04.799689+00:00
[2023-05-24T23:48:04.886+0000] {processor.py:175} INFO - Processing /home/airflow/.local/lib/python3.7/site-packages/airflow/example_dags/example_short_circuit_decorator.py took 0.352 seconds
[2023-05-24T23:48:35.622+0000] {processor.py:153} INFO - Started process (PID=692) to work on /home/airflow/.local/lib/python3.7/site-packages/airflow/example_dags/example_short_circuit_decorator.py
[2023-05-24T23:48:35.629+0000] {processor.py:743} INFO - Processing file /home/airflow/.local/lib/python3.7/site-packages/airflow/example_dags/example_short_circuit_decorator.py for tasks to queue
[2023-05-24T23:48:35.636+0000] {logging_mixin.py:137} INFO - [2023-05-24T23:48:35.635+0000] {dagbag.py:538} INFO - Filling up the DagBag from /home/airflow/.local/lib/python3.7/site-packages/airflow/example_dags/example_short_circuit_decorator.py
[2023-05-24T23:48:35.761+0000] {processor.py:753} INFO - DAG(s) dict_keys(['example_short_circuit_decorator']) retrieved from /home/airflow/.local/lib/python3.7/site-packages/airflow/example_dags/example_short_circuit_decorator.py
[2023-05-24T23:48:35.877+0000] {logging_mixin.py:137} INFO - [2023-05-24T23:48:35.877+0000] {dag.py:2690} INFO - Sync 1 DAGs
[2023-05-24T23:48:35.958+0000] {logging_mixin.py:137} INFO - [2023-05-24T23:48:35.957+0000] {dag.py:3441} INFO - Setting next_dagrun for example_short_circuit_decorator to 2023-05-23T23:48:35.957509+00:00, run_after=2023-05-24T23:48:35.957509+00:00
[2023-05-24T23:48:35.988+0000] {processor.py:175} INFO - Processing /home/airflow/.local/lib/python3.7/site-packages/airflow/example_dags/example_short_circuit_decorator.py took 0.392 seconds
[2023-05-24T23:49:06.402+0000] {processor.py:153} INFO - Started process (PID=751) to work on /home/airflow/.local/lib/python3.7/site-packages/airflow/example_dags/example_short_circuit_decorator.py
[2023-05-24T23:49:06.404+0000] {processor.py:743} INFO - Processing file /home/airflow/.local/lib/python3.7/site-packages/airflow/example_dags/example_short_circuit_decorator.py for tasks to queue
[2023-05-24T23:49:06.406+0000] {logging_mixin.py:137} INFO - [2023-05-24T23:49:06.406+0000] {dagbag.py:538} INFO - Filling up the DagBag from /home/airflow/.local/lib/python3.7/site-packages/airflow/example_dags/example_short_circuit_decorator.py
[2023-05-24T23:49:06.440+0000] {processor.py:753} INFO - DAG(s) dict_keys(['example_short_circuit_decorator']) retrieved from /home/airflow/.local/lib/python3.7/site-packages/airflow/example_dags/example_short_circuit_decorator.py
[2023-05-24T23:49:06.476+0000] {logging_mixin.py:137} INFO - [2023-05-24T23:49:06.476+0000] {dag.py:2690} INFO - Sync 1 DAGs
[2023-05-24T23:49:06.516+0000] {logging_mixin.py:137} INFO - [2023-05-24T23:49:06.515+0000] {dag.py:3441} INFO - Setting next_dagrun for example_short_circuit_decorator to 2023-05-23T23:49:06.515501+00:00, run_after=2023-05-24T23:49:06.515501+00:00
[2023-05-24T23:49:06.551+0000] {processor.py:175} INFO - Processing /home/airflow/.local/lib/python3.7/site-packages/airflow/example_dags/example_short_circuit_decorator.py took 0.154 seconds
[2023-05-24T23:49:37.629+0000] {processor.py:153} INFO - Started process (PID=811) to work on /home/airflow/.local/lib/python3.7/site-packages/airflow/example_dags/example_short_circuit_decorator.py
[2023-05-24T23:49:37.642+0000] {processor.py:743} INFO - Processing file /home/airflow/.local/lib/python3.7/site-packages/airflow/example_dags/example_short_circuit_decorator.py for tasks to queue
[2023-05-24T23:49:37.660+0000] {logging_mixin.py:137} INFO - [2023-05-24T23:49:37.658+0000] {dagbag.py:538} INFO - Filling up the DagBag from /home/airflow/.local/lib/python3.7/site-packages/airflow/example_dags/example_short_circuit_decorator.py
[2023-05-24T23:49:37.816+0000] {processor.py:753} INFO - DAG(s) dict_keys(['example_short_circuit_decorator']) retrieved from /home/airflow/.local/lib/python3.7/site-packages/airflow/example_dags/example_short_circuit_decorator.py
[2023-05-24T23:49:38.067+0000] {logging_mixin.py:137} INFO - [2023-05-24T23:49:38.066+0000] {dag.py:2690} INFO - Sync 1 DAGs
[2023-05-24T23:49:38.142+0000] {logging_mixin.py:137} INFO - [2023-05-24T23:49:38.142+0000] {dag.py:3441} INFO - Setting next_dagrun for example_short_circuit_decorator to 2023-05-23T23:49:38.142319+00:00, run_after=2023-05-24T23:49:38.142319+00:00
[2023-05-24T23:49:38.231+0000] {processor.py:175} INFO - Processing /home/airflow/.local/lib/python3.7/site-packages/airflow/example_dags/example_short_circuit_decorator.py took 0.618 seconds
[2023-05-24T23:50:08.424+0000] {processor.py:153} INFO - Started process (PID=869) to work on /home/airflow/.local/lib/python3.7/site-packages/airflow/example_dags/example_short_circuit_decorator.py
[2023-05-24T23:50:08.428+0000] {processor.py:743} INFO - Processing file /home/airflow/.local/lib/python3.7/site-packages/airflow/example_dags/example_short_circuit_decorator.py for tasks to queue
[2023-05-24T23:50:08.431+0000] {logging_mixin.py:137} INFO - [2023-05-24T23:50:08.431+0000] {dagbag.py:538} INFO - Filling up the DagBag from /home/airflow/.local/lib/python3.7/site-packages/airflow/example_dags/example_short_circuit_decorator.py
[2023-05-24T23:50:08.494+0000] {processor.py:753} INFO - DAG(s) dict_keys(['example_short_circuit_decorator']) retrieved from /home/airflow/.local/lib/python3.7/site-packages/airflow/example_dags/example_short_circuit_decorator.py
[2023-05-24T23:50:08.566+0000] {logging_mixin.py:137} INFO - [2023-05-24T23:50:08.566+0000] {dag.py:2690} INFO - Sync 1 DAGs
[2023-05-24T23:50:08.625+0000] {logging_mixin.py:137} INFO - [2023-05-24T23:50:08.625+0000] {dag.py:3441} INFO - Setting next_dagrun for example_short_circuit_decorator to 2023-05-23T23:50:08.625294+00:00, run_after=2023-05-24T23:50:08.625294+00:00
[2023-05-24T23:50:08.667+0000] {processor.py:175} INFO - Processing /home/airflow/.local/lib/python3.7/site-packages/airflow/example_dags/example_short_circuit_decorator.py took 0.252 seconds
[2023-05-24T23:50:40.289+0000] {processor.py:153} INFO - Started process (PID=937) to work on /home/airflow/.local/lib/python3.7/site-packages/airflow/example_dags/example_short_circuit_decorator.py
[2023-05-24T23:50:40.293+0000] {processor.py:743} INFO - Processing file /home/airflow/.local/lib/python3.7/site-packages/airflow/example_dags/example_short_circuit_decorator.py for tasks to queue
[2023-05-24T23:50:40.296+0000] {logging_mixin.py:137} INFO - [2023-05-24T23:50:40.295+0000] {dagbag.py:538} INFO - Filling up the DagBag from /home/airflow/.local/lib/python3.7/site-packages/airflow/example_dags/example_short_circuit_decorator.py
[2023-05-24T23:50:40.369+0000] {processor.py:753} INFO - DAG(s) dict_keys(['example_short_circuit_decorator']) retrieved from /home/airflow/.local/lib/python3.7/site-packages/airflow/example_dags/example_short_circuit_decorator.py
[2023-05-24T23:50:40.402+0000] {logging_mixin.py:137} INFO - [2023-05-24T23:50:40.402+0000] {dag.py:2690} INFO - Sync 1 DAGs
[2023-05-24T23:50:40.444+0000] {logging_mixin.py:137} INFO - [2023-05-24T23:50:40.443+0000] {dag.py:3441} INFO - Setting next_dagrun for example_short_circuit_decorator to 2023-05-23T23:50:40.443552+00:00, run_after=2023-05-24T23:50:40.443552+00:00
[2023-05-24T23:50:40.486+0000] {processor.py:175} INFO - Processing /home/airflow/.local/lib/python3.7/site-packages/airflow/example_dags/example_short_circuit_decorator.py took 0.202 seconds
[2023-05-24T23:51:13.718+0000] {processor.py:153} INFO - Started process (PID=1000) to work on /home/airflow/.local/lib/python3.7/site-packages/airflow/example_dags/example_short_circuit_decorator.py
[2023-05-24T23:51:13.724+0000] {processor.py:743} INFO - Processing file /home/airflow/.local/lib/python3.7/site-packages/airflow/example_dags/example_short_circuit_decorator.py for tasks to queue
[2023-05-24T23:51:13.731+0000] {logging_mixin.py:137} INFO - [2023-05-24T23:51:13.731+0000] {dagbag.py:538} INFO - Filling up the DagBag from /home/airflow/.local/lib/python3.7/site-packages/airflow/example_dags/example_short_circuit_decorator.py
[2023-05-24T23:51:13.779+0000] {processor.py:753} INFO - DAG(s) dict_keys(['example_short_circuit_decorator']) retrieved from /home/airflow/.local/lib/python3.7/site-packages/airflow/example_dags/example_short_circuit_decorator.py
[2023-05-24T23:51:13.828+0000] {logging_mixin.py:137} INFO - [2023-05-24T23:51:13.828+0000] {dag.py:2690} INFO - Sync 1 DAGs
[2023-05-24T23:51:13.892+0000] {logging_mixin.py:137} INFO - [2023-05-24T23:51:13.892+0000] {dag.py:3441} INFO - Setting next_dagrun for example_short_circuit_decorator to 2023-05-23T23:51:13.891951+00:00, run_after=2023-05-24T23:51:13.891951+00:00
[2023-05-24T23:51:13.977+0000] {processor.py:175} INFO - Processing /home/airflow/.local/lib/python3.7/site-packages/airflow/example_dags/example_short_circuit_decorator.py took 0.269 seconds
[2023-05-24T23:51:45.564+0000] {processor.py:153} INFO - Started process (PID=1059) to work on /home/airflow/.local/lib/python3.7/site-packages/airflow/example_dags/example_short_circuit_decorator.py
[2023-05-24T23:51:45.578+0000] {processor.py:743} INFO - Processing file /home/airflow/.local/lib/python3.7/site-packages/airflow/example_dags/example_short_circuit_decorator.py for tasks to queue
[2023-05-24T23:51:45.589+0000] {logging_mixin.py:137} INFO - [2023-05-24T23:51:45.588+0000] {dagbag.py:538} INFO - Filling up the DagBag from /home/airflow/.local/lib/python3.7/site-packages/airflow/example_dags/example_short_circuit_decorator.py
[2023-05-24T23:51:45.723+0000] {processor.py:753} INFO - DAG(s) dict_keys(['example_short_circuit_decorator']) retrieved from /home/airflow/.local/lib/python3.7/site-packages/airflow/example_dags/example_short_circuit_decorator.py
[2023-05-24T23:51:45.769+0000] {logging_mixin.py:137} INFO - [2023-05-24T23:51:45.768+0000] {dag.py:2690} INFO - Sync 1 DAGs
[2023-05-24T23:51:45.816+0000] {logging_mixin.py:137} INFO - [2023-05-24T23:51:45.816+0000] {dag.py:3441} INFO - Setting next_dagrun for example_short_circuit_decorator to 2023-05-23T23:51:45.815628+00:00, run_after=2023-05-24T23:51:45.815628+00:00
[2023-05-24T23:51:45.873+0000] {processor.py:175} INFO - Processing /home/airflow/.local/lib/python3.7/site-packages/airflow/example_dags/example_short_circuit_decorator.py took 0.313 seconds
[2023-05-24T23:52:17.297+0000] {processor.py:153} INFO - Started process (PID=1123) to work on /home/airflow/.local/lib/python3.7/site-packages/airflow/example_dags/example_short_circuit_decorator.py
[2023-05-24T23:52:17.302+0000] {processor.py:743} INFO - Processing file /home/airflow/.local/lib/python3.7/site-packages/airflow/example_dags/example_short_circuit_decorator.py for tasks to queue
[2023-05-24T23:52:17.311+0000] {logging_mixin.py:137} INFO - [2023-05-24T23:52:17.310+0000] {dagbag.py:538} INFO - Filling up the DagBag from /home/airflow/.local/lib/python3.7/site-packages/airflow/example_dags/example_short_circuit_decorator.py
[2023-05-24T23:52:17.416+0000] {processor.py:753} INFO - DAG(s) dict_keys(['example_short_circuit_decorator']) retrieved from /home/airflow/.local/lib/python3.7/site-packages/airflow/example_dags/example_short_circuit_decorator.py
[2023-05-24T23:52:17.519+0000] {logging_mixin.py:137} INFO - [2023-05-24T23:52:17.519+0000] {dag.py:2690} INFO - Sync 1 DAGs
[2023-05-24T23:52:17.594+0000] {logging_mixin.py:137} INFO - [2023-05-24T23:52:17.593+0000] {dag.py:3441} INFO - Setting next_dagrun for example_short_circuit_decorator to 2023-05-23T23:52:17.593665+00:00, run_after=2023-05-24T23:52:17.593665+00:00
[2023-05-24T23:52:17.693+0000] {processor.py:175} INFO - Processing /home/airflow/.local/lib/python3.7/site-packages/airflow/example_dags/example_short_circuit_decorator.py took 0.414 seconds
[2023-05-24T23:52:47.817+0000] {processor.py:153} INFO - Started process (PID=1183) to work on /home/airflow/.local/lib/python3.7/site-packages/airflow/example_dags/example_short_circuit_decorator.py
[2023-05-24T23:52:47.819+0000] {processor.py:743} INFO - Processing file /home/airflow/.local/lib/python3.7/site-packages/airflow/example_dags/example_short_circuit_decorator.py for tasks to queue
[2023-05-24T23:52:47.821+0000] {logging_mixin.py:137} INFO - [2023-05-24T23:52:47.821+0000] {dagbag.py:538} INFO - Filling up the DagBag from /home/airflow/.local/lib/python3.7/site-packages/airflow/example_dags/example_short_circuit_decorator.py
[2023-05-24T23:52:47.853+0000] {processor.py:753} INFO - DAG(s) dict_keys(['example_short_circuit_decorator']) retrieved from /home/airflow/.local/lib/python3.7/site-packages/airflow/example_dags/example_short_circuit_decorator.py
[2023-05-24T23:52:47.883+0000] {logging_mixin.py:137} INFO - [2023-05-24T23:52:47.883+0000] {dag.py:2690} INFO - Sync 1 DAGs
[2023-05-24T23:52:47.917+0000] {logging_mixin.py:137} INFO - [2023-05-24T23:52:47.917+0000] {dag.py:3441} INFO - Setting next_dagrun for example_short_circuit_decorator to 2023-05-23T23:52:47.917152+00:00, run_after=2023-05-24T23:52:47.917152+00:00
[2023-05-24T23:52:47.949+0000] {processor.py:175} INFO - Processing /home/airflow/.local/lib/python3.7/site-packages/airflow/example_dags/example_short_circuit_decorator.py took 0.135 seconds
[2023-05-24T23:53:19.106+0000] {processor.py:153} INFO - Started process (PID=1242) to work on /home/airflow/.local/lib/python3.7/site-packages/airflow/example_dags/example_short_circuit_decorator.py
[2023-05-24T23:53:19.120+0000] {processor.py:743} INFO - Processing file /home/airflow/.local/lib/python3.7/site-packages/airflow/example_dags/example_short_circuit_decorator.py for tasks to queue
[2023-05-24T23:53:19.123+0000] {logging_mixin.py:137} INFO - [2023-05-24T23:53:19.122+0000] {dagbag.py:538} INFO - Filling up the DagBag from /home/airflow/.local/lib/python3.7/site-packages/airflow/example_dags/example_short_circuit_decorator.py
[2023-05-24T23:53:19.178+0000] {processor.py:753} INFO - DAG(s) dict_keys(['example_short_circuit_decorator']) retrieved from /home/airflow/.local/lib/python3.7/site-packages/airflow/example_dags/example_short_circuit_decorator.py
[2023-05-24T23:53:19.246+0000] {logging_mixin.py:137} INFO - [2023-05-24T23:53:19.246+0000] {dag.py:2690} INFO - Sync 1 DAGs
[2023-05-24T23:53:19.307+0000] {logging_mixin.py:137} INFO - [2023-05-24T23:53:19.307+0000] {dag.py:3441} INFO - Setting next_dagrun for example_short_circuit_decorator to 2023-05-23T23:53:19.307081+00:00, run_after=2023-05-24T23:53:19.307081+00:00
[2023-05-24T23:53:19.339+0000] {processor.py:175} INFO - Processing /home/airflow/.local/lib/python3.7/site-packages/airflow/example_dags/example_short_circuit_decorator.py took 0.261 seconds
[2023-05-24T23:53:49.599+0000] {processor.py:153} INFO - Started process (PID=1303) to work on /home/airflow/.local/lib/python3.7/site-packages/airflow/example_dags/example_short_circuit_decorator.py
[2023-05-24T23:53:49.604+0000] {processor.py:743} INFO - Processing file /home/airflow/.local/lib/python3.7/site-packages/airflow/example_dags/example_short_circuit_decorator.py for tasks to queue
[2023-05-24T23:53:49.607+0000] {logging_mixin.py:137} INFO - [2023-05-24T23:53:49.607+0000] {dagbag.py:538} INFO - Filling up the DagBag from /home/airflow/.local/lib/python3.7/site-packages/airflow/example_dags/example_short_circuit_decorator.py
[2023-05-24T23:53:49.668+0000] {processor.py:753} INFO - DAG(s) dict_keys(['example_short_circuit_decorator']) retrieved from /home/airflow/.local/lib/python3.7/site-packages/airflow/example_dags/example_short_circuit_decorator.py
[2023-05-24T23:53:49.736+0000] {logging_mixin.py:137} INFO - [2023-05-24T23:53:49.736+0000] {dag.py:2690} INFO - Sync 1 DAGs
[2023-05-24T23:53:49.805+0000] {logging_mixin.py:137} INFO - [2023-05-24T23:53:49.805+0000] {dag.py:3441} INFO - Setting next_dagrun for example_short_circuit_decorator to 2023-05-23T23:53:49.802854+00:00, run_after=2023-05-24T23:53:49.802854+00:00
[2023-05-24T23:53:49.842+0000] {processor.py:175} INFO - Processing /home/airflow/.local/lib/python3.7/site-packages/airflow/example_dags/example_short_circuit_decorator.py took 0.252 seconds
[2023-05-24T23:54:20.085+0000] {processor.py:153} INFO - Started process (PID=1363) to work on /home/airflow/.local/lib/python3.7/site-packages/airflow/example_dags/example_short_circuit_decorator.py
[2023-05-24T23:54:20.090+0000] {processor.py:743} INFO - Processing file /home/airflow/.local/lib/python3.7/site-packages/airflow/example_dags/example_short_circuit_decorator.py for tasks to queue
[2023-05-24T23:54:20.093+0000] {logging_mixin.py:137} INFO - [2023-05-24T23:54:20.093+0000] {dagbag.py:538} INFO - Filling up the DagBag from /home/airflow/.local/lib/python3.7/site-packages/airflow/example_dags/example_short_circuit_decorator.py
[2023-05-24T23:54:20.164+0000] {processor.py:753} INFO - DAG(s) dict_keys(['example_short_circuit_decorator']) retrieved from /home/airflow/.local/lib/python3.7/site-packages/airflow/example_dags/example_short_circuit_decorator.py
[2023-05-24T23:54:20.217+0000] {logging_mixin.py:137} INFO - [2023-05-24T23:54:20.216+0000] {dag.py:2690} INFO - Sync 1 DAGs
[2023-05-24T23:54:20.301+0000] {logging_mixin.py:137} INFO - [2023-05-24T23:54:20.301+0000] {dag.py:3441} INFO - Setting next_dagrun for example_short_circuit_decorator to 2023-05-23T23:54:20.299660+00:00, run_after=2023-05-24T23:54:20.299660+00:00
[2023-05-24T23:54:20.406+0000] {processor.py:175} INFO - Processing /home/airflow/.local/lib/python3.7/site-packages/airflow/example_dags/example_short_circuit_decorator.py took 0.329 seconds
[2023-05-24T23:54:52.013+0000] {processor.py:153} INFO - Started process (PID=1422) to work on /home/airflow/.local/lib/python3.7/site-packages/airflow/example_dags/example_short_circuit_decorator.py
[2023-05-24T23:54:52.032+0000] {processor.py:743} INFO - Processing file /home/airflow/.local/lib/python3.7/site-packages/airflow/example_dags/example_short_circuit_decorator.py for tasks to queue
[2023-05-24T23:54:52.037+0000] {logging_mixin.py:137} INFO - [2023-05-24T23:54:52.036+0000] {dagbag.py:538} INFO - Filling up the DagBag from /home/airflow/.local/lib/python3.7/site-packages/airflow/example_dags/example_short_circuit_decorator.py
[2023-05-24T23:54:52.356+0000] {processor.py:753} INFO - DAG(s) dict_keys(['example_short_circuit_decorator']) retrieved from /home/airflow/.local/lib/python3.7/site-packages/airflow/example_dags/example_short_circuit_decorator.py
[2023-05-24T23:54:52.638+0000] {logging_mixin.py:137} INFO - [2023-05-24T23:54:52.636+0000] {dag.py:2690} INFO - Sync 1 DAGs
[2023-05-24T23:54:52.789+0000] {logging_mixin.py:137} INFO - [2023-05-24T23:54:52.789+0000] {dag.py:3441} INFO - Setting next_dagrun for example_short_circuit_decorator to 2023-05-23T23:54:52.788571+00:00, run_after=2023-05-24T23:54:52.788571+00:00
[2023-05-24T23:54:52.859+0000] {processor.py:175} INFO - Processing /home/airflow/.local/lib/python3.7/site-packages/airflow/example_dags/example_short_circuit_decorator.py took 0.883 seconds
[2023-05-24T23:55:22.950+0000] {processor.py:153} INFO - Started process (PID=1482) to work on /home/airflow/.local/lib/python3.7/site-packages/airflow/example_dags/example_short_circuit_decorator.py
[2023-05-24T23:55:22.962+0000] {processor.py:743} INFO - Processing file /home/airflow/.local/lib/python3.7/site-packages/airflow/example_dags/example_short_circuit_decorator.py for tasks to queue
[2023-05-24T23:55:22.970+0000] {logging_mixin.py:137} INFO - [2023-05-24T23:55:22.968+0000] {dagbag.py:538} INFO - Filling up the DagBag from /home/airflow/.local/lib/python3.7/site-packages/airflow/example_dags/example_short_circuit_decorator.py
[2023-05-24T23:55:23.107+0000] {processor.py:753} INFO - DAG(s) dict_keys(['example_short_circuit_decorator']) retrieved from /home/airflow/.local/lib/python3.7/site-packages/airflow/example_dags/example_short_circuit_decorator.py
[2023-05-24T23:55:23.157+0000] {logging_mixin.py:137} INFO - [2023-05-24T23:55:23.157+0000] {dag.py:2690} INFO - Sync 1 DAGs
[2023-05-24T23:55:23.197+0000] {logging_mixin.py:137} INFO - [2023-05-24T23:55:23.196+0000] {dag.py:3441} INFO - Setting next_dagrun for example_short_circuit_decorator to 2023-05-23T23:55:23.196538+00:00, run_after=2023-05-24T23:55:23.196538+00:00
[2023-05-24T23:55:23.226+0000] {processor.py:175} INFO - Processing /home/airflow/.local/lib/python3.7/site-packages/airflow/example_dags/example_short_circuit_decorator.py took 0.281 seconds
[2023-05-24T23:55:53.844+0000] {processor.py:153} INFO - Started process (PID=1542) to work on /home/airflow/.local/lib/python3.7/site-packages/airflow/example_dags/example_short_circuit_decorator.py
[2023-05-24T23:55:53.849+0000] {processor.py:743} INFO - Processing file /home/airflow/.local/lib/python3.7/site-packages/airflow/example_dags/example_short_circuit_decorator.py for tasks to queue
[2023-05-24T23:55:53.850+0000] {logging_mixin.py:137} INFO - [2023-05-24T23:55:53.850+0000] {dagbag.py:538} INFO - Filling up the DagBag from /home/airflow/.local/lib/python3.7/site-packages/airflow/example_dags/example_short_circuit_decorator.py
[2023-05-24T23:55:53.915+0000] {processor.py:753} INFO - DAG(s) dict_keys(['example_short_circuit_decorator']) retrieved from /home/airflow/.local/lib/python3.7/site-packages/airflow/example_dags/example_short_circuit_decorator.py
[2023-05-24T23:55:54.019+0000] {logging_mixin.py:137} INFO - [2023-05-24T23:55:54.019+0000] {dag.py:2690} INFO - Sync 1 DAGs
[2023-05-24T23:55:54.156+0000] {logging_mixin.py:137} INFO - [2023-05-24T23:55:54.156+0000] {dag.py:3441} INFO - Setting next_dagrun for example_short_circuit_decorator to 2023-05-23T23:55:54.148795+00:00, run_after=2023-05-24T23:55:54.148795+00:00
[2023-05-24T23:55:54.220+0000] {processor.py:175} INFO - Processing /home/airflow/.local/lib/python3.7/site-packages/airflow/example_dags/example_short_circuit_decorator.py took 0.389 seconds
[2023-05-24T23:56:24.706+0000] {processor.py:153} INFO - Started process (PID=1602) to work on /home/airflow/.local/lib/python3.7/site-packages/airflow/example_dags/example_short_circuit_decorator.py
[2023-05-24T23:56:24.709+0000] {processor.py:743} INFO - Processing file /home/airflow/.local/lib/python3.7/site-packages/airflow/example_dags/example_short_circuit_decorator.py for tasks to queue
[2023-05-24T23:56:24.716+0000] {logging_mixin.py:137} INFO - [2023-05-24T23:56:24.716+0000] {dagbag.py:538} INFO - Filling up the DagBag from /home/airflow/.local/lib/python3.7/site-packages/airflow/example_dags/example_short_circuit_decorator.py
[2023-05-24T23:56:24.841+0000] {processor.py:753} INFO - DAG(s) dict_keys(['example_short_circuit_decorator']) retrieved from /home/airflow/.local/lib/python3.7/site-packages/airflow/example_dags/example_short_circuit_decorator.py
[2023-05-24T23:56:24.991+0000] {logging_mixin.py:137} INFO - [2023-05-24T23:56:24.991+0000] {dag.py:2690} INFO - Sync 1 DAGs
[2023-05-24T23:56:25.117+0000] {logging_mixin.py:137} INFO - [2023-05-24T23:56:25.117+0000] {dag.py:3441} INFO - Setting next_dagrun for example_short_circuit_decorator to 2023-05-23T23:56:25.117115+00:00, run_after=2023-05-24T23:56:25.117115+00:00
[2023-05-24T23:56:25.264+0000] {processor.py:175} INFO - Processing /home/airflow/.local/lib/python3.7/site-packages/airflow/example_dags/example_short_circuit_decorator.py took 0.586 seconds
[2023-05-24T23:56:56.109+0000] {processor.py:153} INFO - Started process (PID=1661) to work on /home/airflow/.local/lib/python3.7/site-packages/airflow/example_dags/example_short_circuit_decorator.py
[2023-05-24T23:56:56.114+0000] {processor.py:743} INFO - Processing file /home/airflow/.local/lib/python3.7/site-packages/airflow/example_dags/example_short_circuit_decorator.py for tasks to queue
[2023-05-24T23:56:56.117+0000] {logging_mixin.py:137} INFO - [2023-05-24T23:56:56.116+0000] {dagbag.py:538} INFO - Filling up the DagBag from /home/airflow/.local/lib/python3.7/site-packages/airflow/example_dags/example_short_circuit_decorator.py
[2023-05-24T23:56:56.161+0000] {processor.py:753} INFO - DAG(s) dict_keys(['example_short_circuit_decorator']) retrieved from /home/airflow/.local/lib/python3.7/site-packages/airflow/example_dags/example_short_circuit_decorator.py
[2023-05-24T23:56:56.229+0000] {logging_mixin.py:137} INFO - [2023-05-24T23:56:56.229+0000] {dag.py:2690} INFO - Sync 1 DAGs
[2023-05-24T23:56:56.270+0000] {logging_mixin.py:137} INFO - [2023-05-24T23:56:56.270+0000] {dag.py:3441} INFO - Setting next_dagrun for example_short_circuit_decorator to 2023-05-23T23:56:56.270039+00:00, run_after=2023-05-24T23:56:56.270039+00:00
[2023-05-24T23:56:56.315+0000] {processor.py:175} INFO - Processing /home/airflow/.local/lib/python3.7/site-packages/airflow/example_dags/example_short_circuit_decorator.py took 0.214 seconds
[2023-05-24T23:57:26.537+0000] {processor.py:153} INFO - Started process (PID=1720) to work on /home/airflow/.local/lib/python3.7/site-packages/airflow/example_dags/example_short_circuit_decorator.py
[2023-05-24T23:57:26.541+0000] {processor.py:743} INFO - Processing file /home/airflow/.local/lib/python3.7/site-packages/airflow/example_dags/example_short_circuit_decorator.py for tasks to queue
[2023-05-24T23:57:26.544+0000] {logging_mixin.py:137} INFO - [2023-05-24T23:57:26.543+0000] {dagbag.py:538} INFO - Filling up the DagBag from /home/airflow/.local/lib/python3.7/site-packages/airflow/example_dags/example_short_circuit_decorator.py
[2023-05-24T23:57:26.645+0000] {processor.py:753} INFO - DAG(s) dict_keys(['example_short_circuit_decorator']) retrieved from /home/airflow/.local/lib/python3.7/site-packages/airflow/example_dags/example_short_circuit_decorator.py
[2023-05-24T23:57:26.722+0000] {logging_mixin.py:137} INFO - [2023-05-24T23:57:26.721+0000] {dag.py:2690} INFO - Sync 1 DAGs
[2023-05-24T23:57:26.781+0000] {logging_mixin.py:137} INFO - [2023-05-24T23:57:26.780+0000] {dag.py:3441} INFO - Setting next_dagrun for example_short_circuit_decorator to 2023-05-23T23:57:26.777649+00:00, run_after=2023-05-24T23:57:26.777649+00:00
[2023-05-24T23:57:26.843+0000] {processor.py:175} INFO - Processing /home/airflow/.local/lib/python3.7/site-packages/airflow/example_dags/example_short_circuit_decorator.py took 0.321 seconds
[2023-05-24T23:58:04.374+0000] {processor.py:153} INFO - Started process (PID=1788) to work on /home/airflow/.local/lib/python3.7/site-packages/airflow/example_dags/example_short_circuit_decorator.py
[2023-05-24T23:58:04.377+0000] {processor.py:743} INFO - Processing file /home/airflow/.local/lib/python3.7/site-packages/airflow/example_dags/example_short_circuit_decorator.py for tasks to queue
[2023-05-24T23:58:04.379+0000] {logging_mixin.py:137} INFO - [2023-05-24T23:58:04.379+0000] {dagbag.py:538} INFO - Filling up the DagBag from /home/airflow/.local/lib/python3.7/site-packages/airflow/example_dags/example_short_circuit_decorator.py
[2023-05-24T23:58:04.440+0000] {processor.py:753} INFO - DAG(s) dict_keys(['example_short_circuit_decorator']) retrieved from /home/airflow/.local/lib/python3.7/site-packages/airflow/example_dags/example_short_circuit_decorator.py
[2023-05-24T23:58:04.553+0000] {logging_mixin.py:137} INFO - [2023-05-24T23:58:04.553+0000] {dag.py:2690} INFO - Sync 1 DAGs
[2023-05-24T23:58:04.748+0000] {logging_mixin.py:137} INFO - [2023-05-24T23:58:04.737+0000] {dag.py:3441} INFO - Setting next_dagrun for example_short_circuit_decorator to 2023-05-23T23:58:04.736251+00:00, run_after=2023-05-24T23:58:04.736251+00:00
[2023-05-24T23:58:04.804+0000] {processor.py:175} INFO - Processing /home/airflow/.local/lib/python3.7/site-packages/airflow/example_dags/example_short_circuit_decorator.py took 0.438 seconds
[2023-05-24T23:58:35.728+0000] {processor.py:153} INFO - Started process (PID=1848) to work on /home/airflow/.local/lib/python3.7/site-packages/airflow/example_dags/example_short_circuit_decorator.py
[2023-05-24T23:58:35.732+0000] {processor.py:743} INFO - Processing file /home/airflow/.local/lib/python3.7/site-packages/airflow/example_dags/example_short_circuit_decorator.py for tasks to queue
[2023-05-24T23:58:35.734+0000] {logging_mixin.py:137} INFO - [2023-05-24T23:58:35.734+0000] {dagbag.py:538} INFO - Filling up the DagBag from /home/airflow/.local/lib/python3.7/site-packages/airflow/example_dags/example_short_circuit_decorator.py
[2023-05-24T23:58:35.774+0000] {processor.py:753} INFO - DAG(s) dict_keys(['example_short_circuit_decorator']) retrieved from /home/airflow/.local/lib/python3.7/site-packages/airflow/example_dags/example_short_circuit_decorator.py
[2023-05-24T23:58:35.821+0000] {logging_mixin.py:137} INFO - [2023-05-24T23:58:35.820+0000] {dag.py:2690} INFO - Sync 1 DAGs
[2023-05-24T23:58:35.911+0000] {logging_mixin.py:137} INFO - [2023-05-24T23:58:35.911+0000] {dag.py:3441} INFO - Setting next_dagrun for example_short_circuit_decorator to 2023-05-23T23:58:35.911170+00:00, run_after=2023-05-24T23:58:35.911170+00:00
[2023-05-24T23:58:35.986+0000] {processor.py:175} INFO - Processing /home/airflow/.local/lib/python3.7/site-packages/airflow/example_dags/example_short_circuit_decorator.py took 0.266 seconds
[2023-05-24T23:59:06.945+0000] {processor.py:153} INFO - Started process (PID=1907) to work on /home/airflow/.local/lib/python3.7/site-packages/airflow/example_dags/example_short_circuit_decorator.py
[2023-05-24T23:59:06.970+0000] {processor.py:743} INFO - Processing file /home/airflow/.local/lib/python3.7/site-packages/airflow/example_dags/example_short_circuit_decorator.py for tasks to queue
[2023-05-24T23:59:06.972+0000] {logging_mixin.py:137} INFO - [2023-05-24T23:59:06.972+0000] {dagbag.py:538} INFO - Filling up the DagBag from /home/airflow/.local/lib/python3.7/site-packages/airflow/example_dags/example_short_circuit_decorator.py
[2023-05-24T23:59:07.073+0000] {processor.py:753} INFO - DAG(s) dict_keys(['example_short_circuit_decorator']) retrieved from /home/airflow/.local/lib/python3.7/site-packages/airflow/example_dags/example_short_circuit_decorator.py
[2023-05-24T23:59:07.146+0000] {logging_mixin.py:137} INFO - [2023-05-24T23:59:07.146+0000] {dag.py:2690} INFO - Sync 1 DAGs
[2023-05-24T23:59:07.209+0000] {logging_mixin.py:137} INFO - [2023-05-24T23:59:07.208+0000] {dag.py:3441} INFO - Setting next_dagrun for example_short_circuit_decorator to 2023-05-23T23:59:07.208554+00:00, run_after=2023-05-24T23:59:07.208554+00:00
[2023-05-24T23:59:07.325+0000] {processor.py:175} INFO - Processing /home/airflow/.local/lib/python3.7/site-packages/airflow/example_dags/example_short_circuit_decorator.py took 0.385 seconds
