[2023-05-24T23:13:28.260+0000] {processor.py:153} INFO - Started process (PID=79) to work on /home/airflow/.local/lib/python3.7/site-packages/airflow/example_dags/example_local_kubernetes_executor.py
[2023-05-24T23:13:28.271+0000] {processor.py:743} INFO - Processing file /home/airflow/.local/lib/python3.7/site-packages/airflow/example_dags/example_local_kubernetes_executor.py for tasks to queue
[2023-05-24T23:13:28.282+0000] {logging_mixin.py:137} INFO - [2023-05-24T23:13:28.278+0000] {dagbag.py:538} INFO - Filling up the DagBag from /home/airflow/.local/lib/python3.7/site-packages/airflow/example_dags/example_local_kubernetes_executor.py
[2023-05-24T23:13:28.403+0000] {processor.py:753} INFO - DAG(s) dict_keys(['example_local_kubernetes_executor']) retrieved from /home/airflow/.local/lib/python3.7/site-packages/airflow/example_dags/example_local_kubernetes_executor.py
[2023-05-24T23:13:28.504+0000] {logging_mixin.py:137} INFO - [2023-05-24T23:13:28.504+0000] {dag.py:2690} INFO - Sync 1 DAGs
[2023-05-24T23:13:28.941+0000] {logging_mixin.py:137} INFO - [2023-05-24T23:13:28.941+0000] {dag.py:3441} INFO - Setting next_dagrun for example_local_kubernetes_executor to None, run_after=None
[2023-05-24T23:13:29.174+0000] {processor.py:175} INFO - Processing /home/airflow/.local/lib/python3.7/site-packages/airflow/example_dags/example_local_kubernetes_executor.py took 0.932 seconds
[2023-05-24T23:13:59.443+0000] {processor.py:153} INFO - Started process (PID=138) to work on /home/airflow/.local/lib/python3.7/site-packages/airflow/example_dags/example_local_kubernetes_executor.py
[2023-05-24T23:13:59.447+0000] {processor.py:743} INFO - Processing file /home/airflow/.local/lib/python3.7/site-packages/airflow/example_dags/example_local_kubernetes_executor.py for tasks to queue
[2023-05-24T23:13:59.454+0000] {logging_mixin.py:137} INFO - [2023-05-24T23:13:59.453+0000] {dagbag.py:538} INFO - Filling up the DagBag from /home/airflow/.local/lib/python3.7/site-packages/airflow/example_dags/example_local_kubernetes_executor.py
[2023-05-24T23:13:59.581+0000] {processor.py:753} INFO - DAG(s) dict_keys(['example_local_kubernetes_executor']) retrieved from /home/airflow/.local/lib/python3.7/site-packages/airflow/example_dags/example_local_kubernetes_executor.py
[2023-05-24T23:13:59.685+0000] {logging_mixin.py:137} INFO - [2023-05-24T23:13:59.685+0000] {dag.py:2690} INFO - Sync 1 DAGs
[2023-05-24T23:13:59.800+0000] {logging_mixin.py:137} INFO - [2023-05-24T23:13:59.791+0000] {dag.py:3441} INFO - Setting next_dagrun for example_local_kubernetes_executor to None, run_after=None
[2023-05-24T23:13:59.856+0000] {processor.py:175} INFO - Processing /home/airflow/.local/lib/python3.7/site-packages/airflow/example_dags/example_local_kubernetes_executor.py took 0.441 seconds
[2023-05-24T23:14:36.706+0000] {processor.py:153} INFO - Started process (PID=196) to work on /home/airflow/.local/lib/python3.7/site-packages/airflow/example_dags/example_local_kubernetes_executor.py
[2023-05-24T23:14:36.716+0000] {processor.py:743} INFO - Processing file /home/airflow/.local/lib/python3.7/site-packages/airflow/example_dags/example_local_kubernetes_executor.py for tasks to queue
[2023-05-24T23:14:36.718+0000] {logging_mixin.py:137} INFO - [2023-05-24T23:14:36.717+0000] {dagbag.py:538} INFO - Filling up the DagBag from /home/airflow/.local/lib/python3.7/site-packages/airflow/example_dags/example_local_kubernetes_executor.py
[2023-05-24T23:14:36.978+0000] {processor.py:753} INFO - DAG(s) dict_keys(['example_local_kubernetes_executor']) retrieved from /home/airflow/.local/lib/python3.7/site-packages/airflow/example_dags/example_local_kubernetes_executor.py
[2023-05-24T23:14:37.265+0000] {logging_mixin.py:137} INFO - [2023-05-24T23:14:37.263+0000] {dag.py:2690} INFO - Sync 1 DAGs
[2023-05-24T23:14:37.562+0000] {logging_mixin.py:137} INFO - [2023-05-24T23:14:37.562+0000] {dag.py:3441} INFO - Setting next_dagrun for example_local_kubernetes_executor to None, run_after=None
[2023-05-24T23:14:37.705+0000] {processor.py:175} INFO - Processing /home/airflow/.local/lib/python3.7/site-packages/airflow/example_dags/example_local_kubernetes_executor.py took 1.010 seconds
[2023-05-24T23:15:21.304+0000] {processor.py:153} INFO - Started process (PID=255) to work on /home/airflow/.local/lib/python3.7/site-packages/airflow/example_dags/example_local_kubernetes_executor.py
[2023-05-24T23:15:21.326+0000] {processor.py:743} INFO - Processing file /home/airflow/.local/lib/python3.7/site-packages/airflow/example_dags/example_local_kubernetes_executor.py for tasks to queue
[2023-05-24T23:15:21.334+0000] {logging_mixin.py:137} INFO - [2023-05-24T23:15:21.333+0000] {dagbag.py:538} INFO - Filling up the DagBag from /home/airflow/.local/lib/python3.7/site-packages/airflow/example_dags/example_local_kubernetes_executor.py
[2023-05-24T23:15:21.897+0000] {processor.py:753} INFO - DAG(s) dict_keys(['example_local_kubernetes_executor']) retrieved from /home/airflow/.local/lib/python3.7/site-packages/airflow/example_dags/example_local_kubernetes_executor.py
[2023-05-24T23:15:22.760+0000] {logging_mixin.py:137} INFO - [2023-05-24T23:15:22.759+0000] {dag.py:2690} INFO - Sync 1 DAGs
[2023-05-24T23:15:23.147+0000] {logging_mixin.py:137} INFO - [2023-05-24T23:15:23.147+0000] {dag.py:3441} INFO - Setting next_dagrun for example_local_kubernetes_executor to None, run_after=None
[2023-05-24T23:15:23.505+0000] {processor.py:175} INFO - Processing /home/airflow/.local/lib/python3.7/site-packages/airflow/example_dags/example_local_kubernetes_executor.py took 2.478 seconds
[2023-05-24T23:16:03.878+0000] {processor.py:153} INFO - Started process (PID=313) to work on /home/airflow/.local/lib/python3.7/site-packages/airflow/example_dags/example_local_kubernetes_executor.py
[2023-05-24T23:16:03.882+0000] {processor.py:743} INFO - Processing file /home/airflow/.local/lib/python3.7/site-packages/airflow/example_dags/example_local_kubernetes_executor.py for tasks to queue
[2023-05-24T23:16:03.896+0000] {logging_mixin.py:137} INFO - [2023-05-24T23:16:03.896+0000] {dagbag.py:538} INFO - Filling up the DagBag from /home/airflow/.local/lib/python3.7/site-packages/airflow/example_dags/example_local_kubernetes_executor.py
[2023-05-24T23:16:04.311+0000] {processor.py:753} INFO - DAG(s) dict_keys(['example_local_kubernetes_executor']) retrieved from /home/airflow/.local/lib/python3.7/site-packages/airflow/example_dags/example_local_kubernetes_executor.py
[2023-05-24T23:16:04.597+0000] {logging_mixin.py:137} INFO - [2023-05-24T23:16:04.597+0000] {dag.py:2690} INFO - Sync 1 DAGs
[2023-05-24T23:16:04.746+0000] {logging_mixin.py:137} INFO - [2023-05-24T23:16:04.746+0000] {dag.py:3441} INFO - Setting next_dagrun for example_local_kubernetes_executor to None, run_after=None
[2023-05-24T23:16:04.852+0000] {processor.py:175} INFO - Processing /home/airflow/.local/lib/python3.7/site-packages/airflow/example_dags/example_local_kubernetes_executor.py took 1.015 seconds
[2023-05-24T23:17:21.343+0000] {processor.py:153} INFO - Started process (PID=385) to work on /home/airflow/.local/lib/python3.7/site-packages/airflow/example_dags/example_local_kubernetes_executor.py
[2023-05-24T23:17:21.390+0000] {processor.py:743} INFO - Processing file /home/airflow/.local/lib/python3.7/site-packages/airflow/example_dags/example_local_kubernetes_executor.py for tasks to queue
[2023-05-24T23:17:21.435+0000] {logging_mixin.py:137} INFO - [2023-05-24T23:17:21.410+0000] {dagbag.py:538} INFO - Filling up the DagBag from /home/airflow/.local/lib/python3.7/site-packages/airflow/example_dags/example_local_kubernetes_executor.py
[2023-05-24T23:17:22.437+0000] {processor.py:753} INFO - DAG(s) dict_keys(['example_local_kubernetes_executor']) retrieved from /home/airflow/.local/lib/python3.7/site-packages/airflow/example_dags/example_local_kubernetes_executor.py
[2023-05-24T23:17:23.242+0000] {logging_mixin.py:137} INFO - [2023-05-24T23:17:23.242+0000] {dag.py:2690} INFO - Sync 1 DAGs
[2023-05-24T23:17:24.622+0000] {logging_mixin.py:137} INFO - [2023-05-24T23:17:24.571+0000] {dag.py:3441} INFO - Setting next_dagrun for example_local_kubernetes_executor to None, run_after=None
[2023-05-24T23:17:25.112+0000] {processor.py:175} INFO - Processing /home/airflow/.local/lib/python3.7/site-packages/airflow/example_dags/example_local_kubernetes_executor.py took 3.872 seconds
[2023-05-24T23:18:10.155+0000] {processor.py:153} INFO - Started process (PID=443) to work on /home/airflow/.local/lib/python3.7/site-packages/airflow/example_dags/example_local_kubernetes_executor.py
[2023-05-24T23:18:10.166+0000] {processor.py:743} INFO - Processing file /home/airflow/.local/lib/python3.7/site-packages/airflow/example_dags/example_local_kubernetes_executor.py for tasks to queue
[2023-05-24T23:18:10.176+0000] {logging_mixin.py:137} INFO - [2023-05-24T23:18:10.174+0000] {dagbag.py:538} INFO - Filling up the DagBag from /home/airflow/.local/lib/python3.7/site-packages/airflow/example_dags/example_local_kubernetes_executor.py
[2023-05-24T23:18:10.607+0000] {processor.py:753} INFO - DAG(s) dict_keys(['example_local_kubernetes_executor']) retrieved from /home/airflow/.local/lib/python3.7/site-packages/airflow/example_dags/example_local_kubernetes_executor.py
[2023-05-24T23:18:10.914+0000] {logging_mixin.py:137} INFO - [2023-05-24T23:18:10.914+0000] {dag.py:2690} INFO - Sync 1 DAGs
[2023-05-24T23:18:11.273+0000] {logging_mixin.py:137} INFO - [2023-05-24T23:18:11.273+0000] {dag.py:3441} INFO - Setting next_dagrun for example_local_kubernetes_executor to None, run_after=None
[2023-05-24T23:18:11.561+0000] {processor.py:175} INFO - Processing /home/airflow/.local/lib/python3.7/site-packages/airflow/example_dags/example_local_kubernetes_executor.py took 1.411 seconds
[2023-05-24T23:20:24.849+0000] {processor.py:153} INFO - Started process (PID=70) to work on /home/airflow/.local/lib/python3.7/site-packages/airflow/example_dags/example_local_kubernetes_executor.py
[2023-05-24T23:20:24.868+0000] {processor.py:743} INFO - Processing file /home/airflow/.local/lib/python3.7/site-packages/airflow/example_dags/example_local_kubernetes_executor.py for tasks to queue
[2023-05-24T23:20:24.874+0000] {logging_mixin.py:137} INFO - [2023-05-24T23:20:24.871+0000] {dagbag.py:538} INFO - Filling up the DagBag from /home/airflow/.local/lib/python3.7/site-packages/airflow/example_dags/example_local_kubernetes_executor.py
[2023-05-24T23:20:25.097+0000] {processor.py:753} INFO - DAG(s) dict_keys(['example_local_kubernetes_executor']) retrieved from /home/airflow/.local/lib/python3.7/site-packages/airflow/example_dags/example_local_kubernetes_executor.py
[2023-05-24T23:20:25.295+0000] {logging_mixin.py:137} INFO - [2023-05-24T23:20:25.295+0000] {dag.py:2690} INFO - Sync 1 DAGs
[2023-05-24T23:20:25.499+0000] {logging_mixin.py:137} INFO - [2023-05-24T23:20:25.499+0000] {dag.py:3441} INFO - Setting next_dagrun for example_local_kubernetes_executor to None, run_after=None
[2023-05-24T23:20:25.690+0000] {processor.py:175} INFO - Processing /home/airflow/.local/lib/python3.7/site-packages/airflow/example_dags/example_local_kubernetes_executor.py took 0.872 seconds
[2023-05-24T23:20:56.232+0000] {processor.py:153} INFO - Started process (PID=130) to work on /home/airflow/.local/lib/python3.7/site-packages/airflow/example_dags/example_local_kubernetes_executor.py
[2023-05-24T23:20:56.236+0000] {processor.py:743} INFO - Processing file /home/airflow/.local/lib/python3.7/site-packages/airflow/example_dags/example_local_kubernetes_executor.py for tasks to queue
[2023-05-24T23:20:56.239+0000] {logging_mixin.py:137} INFO - [2023-05-24T23:20:56.239+0000] {dagbag.py:538} INFO - Filling up the DagBag from /home/airflow/.local/lib/python3.7/site-packages/airflow/example_dags/example_local_kubernetes_executor.py
[2023-05-24T23:20:56.285+0000] {processor.py:753} INFO - DAG(s) dict_keys(['example_local_kubernetes_executor']) retrieved from /home/airflow/.local/lib/python3.7/site-packages/airflow/example_dags/example_local_kubernetes_executor.py
[2023-05-24T23:20:56.324+0000] {logging_mixin.py:137} INFO - [2023-05-24T23:20:56.323+0000] {dag.py:2690} INFO - Sync 1 DAGs
[2023-05-24T23:20:56.360+0000] {logging_mixin.py:137} INFO - [2023-05-24T23:20:56.359+0000] {dag.py:3441} INFO - Setting next_dagrun for example_local_kubernetes_executor to None, run_after=None
[2023-05-24T23:20:56.404+0000] {processor.py:175} INFO - Processing /home/airflow/.local/lib/python3.7/site-packages/airflow/example_dags/example_local_kubernetes_executor.py took 0.182 seconds
[2023-05-24T23:21:27.267+0000] {processor.py:153} INFO - Started process (PID=189) to work on /home/airflow/.local/lib/python3.7/site-packages/airflow/example_dags/example_local_kubernetes_executor.py
[2023-05-24T23:21:27.275+0000] {processor.py:743} INFO - Processing file /home/airflow/.local/lib/python3.7/site-packages/airflow/example_dags/example_local_kubernetes_executor.py for tasks to queue
[2023-05-24T23:21:27.279+0000] {logging_mixin.py:137} INFO - [2023-05-24T23:21:27.279+0000] {dagbag.py:538} INFO - Filling up the DagBag from /home/airflow/.local/lib/python3.7/site-packages/airflow/example_dags/example_local_kubernetes_executor.py
[2023-05-24T23:21:27.368+0000] {processor.py:753} INFO - DAG(s) dict_keys(['example_local_kubernetes_executor']) retrieved from /home/airflow/.local/lib/python3.7/site-packages/airflow/example_dags/example_local_kubernetes_executor.py
[2023-05-24T23:21:27.435+0000] {logging_mixin.py:137} INFO - [2023-05-24T23:21:27.434+0000] {dag.py:2690} INFO - Sync 1 DAGs
[2023-05-24T23:21:27.527+0000] {logging_mixin.py:137} INFO - [2023-05-24T23:21:27.527+0000] {dag.py:3441} INFO - Setting next_dagrun for example_local_kubernetes_executor to None, run_after=None
[2023-05-24T23:21:27.617+0000] {processor.py:175} INFO - Processing /home/airflow/.local/lib/python3.7/site-packages/airflow/example_dags/example_local_kubernetes_executor.py took 0.367 seconds
[2023-05-24T23:21:58.303+0000] {processor.py:153} INFO - Started process (PID=260) to work on /home/airflow/.local/lib/python3.7/site-packages/airflow/example_dags/example_local_kubernetes_executor.py
[2023-05-24T23:21:58.309+0000] {processor.py:743} INFO - Processing file /home/airflow/.local/lib/python3.7/site-packages/airflow/example_dags/example_local_kubernetes_executor.py for tasks to queue
[2023-05-24T23:21:58.314+0000] {logging_mixin.py:137} INFO - [2023-05-24T23:21:58.313+0000] {dagbag.py:538} INFO - Filling up the DagBag from /home/airflow/.local/lib/python3.7/site-packages/airflow/example_dags/example_local_kubernetes_executor.py
[2023-05-24T23:21:58.387+0000] {processor.py:753} INFO - DAG(s) dict_keys(['example_local_kubernetes_executor']) retrieved from /home/airflow/.local/lib/python3.7/site-packages/airflow/example_dags/example_local_kubernetes_executor.py
[2023-05-24T23:21:58.460+0000] {logging_mixin.py:137} INFO - [2023-05-24T23:21:58.460+0000] {dag.py:2690} INFO - Sync 1 DAGs
[2023-05-24T23:21:58.527+0000] {logging_mixin.py:137} INFO - [2023-05-24T23:21:58.527+0000] {dag.py:3441} INFO - Setting next_dagrun for example_local_kubernetes_executor to None, run_after=None
[2023-05-24T23:21:58.585+0000] {processor.py:175} INFO - Processing /home/airflow/.local/lib/python3.7/site-packages/airflow/example_dags/example_local_kubernetes_executor.py took 0.294 seconds
[2023-05-24T23:22:28.741+0000] {processor.py:153} INFO - Started process (PID=319) to work on /home/airflow/.local/lib/python3.7/site-packages/airflow/example_dags/example_local_kubernetes_executor.py
[2023-05-24T23:22:28.743+0000] {processor.py:743} INFO - Processing file /home/airflow/.local/lib/python3.7/site-packages/airflow/example_dags/example_local_kubernetes_executor.py for tasks to queue
[2023-05-24T23:22:28.746+0000] {logging_mixin.py:137} INFO - [2023-05-24T23:22:28.745+0000] {dagbag.py:538} INFO - Filling up the DagBag from /home/airflow/.local/lib/python3.7/site-packages/airflow/example_dags/example_local_kubernetes_executor.py
[2023-05-24T23:22:28.787+0000] {processor.py:753} INFO - DAG(s) dict_keys(['example_local_kubernetes_executor']) retrieved from /home/airflow/.local/lib/python3.7/site-packages/airflow/example_dags/example_local_kubernetes_executor.py
[2023-05-24T23:22:28.827+0000] {logging_mixin.py:137} INFO - [2023-05-24T23:22:28.827+0000] {dag.py:2690} INFO - Sync 1 DAGs
[2023-05-24T23:22:28.868+0000] {logging_mixin.py:137} INFO - [2023-05-24T23:22:28.868+0000] {dag.py:3441} INFO - Setting next_dagrun for example_local_kubernetes_executor to None, run_after=None
[2023-05-24T23:22:28.913+0000] {processor.py:175} INFO - Processing /home/airflow/.local/lib/python3.7/site-packages/airflow/example_dags/example_local_kubernetes_executor.py took 0.180 seconds
[2023-05-24T23:22:59.271+0000] {processor.py:153} INFO - Started process (PID=379) to work on /home/airflow/.local/lib/python3.7/site-packages/airflow/example_dags/example_local_kubernetes_executor.py
[2023-05-24T23:22:59.273+0000] {processor.py:743} INFO - Processing file /home/airflow/.local/lib/python3.7/site-packages/airflow/example_dags/example_local_kubernetes_executor.py for tasks to queue
[2023-05-24T23:22:59.275+0000] {logging_mixin.py:137} INFO - [2023-05-24T23:22:59.275+0000] {dagbag.py:538} INFO - Filling up the DagBag from /home/airflow/.local/lib/python3.7/site-packages/airflow/example_dags/example_local_kubernetes_executor.py
[2023-05-24T23:22:59.318+0000] {processor.py:753} INFO - DAG(s) dict_keys(['example_local_kubernetes_executor']) retrieved from /home/airflow/.local/lib/python3.7/site-packages/airflow/example_dags/example_local_kubernetes_executor.py
[2023-05-24T23:22:59.365+0000] {logging_mixin.py:137} INFO - [2023-05-24T23:22:59.364+0000] {dag.py:2690} INFO - Sync 1 DAGs
[2023-05-24T23:22:59.414+0000] {logging_mixin.py:137} INFO - [2023-05-24T23:22:59.414+0000] {dag.py:3441} INFO - Setting next_dagrun for example_local_kubernetes_executor to None, run_after=None
[2023-05-24T23:22:59.456+0000] {processor.py:175} INFO - Processing /home/airflow/.local/lib/python3.7/site-packages/airflow/example_dags/example_local_kubernetes_executor.py took 0.195 seconds
[2023-05-24T23:23:30.212+0000] {processor.py:153} INFO - Started process (PID=438) to work on /home/airflow/.local/lib/python3.7/site-packages/airflow/example_dags/example_local_kubernetes_executor.py
[2023-05-24T23:23:30.224+0000] {processor.py:743} INFO - Processing file /home/airflow/.local/lib/python3.7/site-packages/airflow/example_dags/example_local_kubernetes_executor.py for tasks to queue
[2023-05-24T23:23:30.232+0000] {logging_mixin.py:137} INFO - [2023-05-24T23:23:30.231+0000] {dagbag.py:538} INFO - Filling up the DagBag from /home/airflow/.local/lib/python3.7/site-packages/airflow/example_dags/example_local_kubernetes_executor.py
[2023-05-24T23:23:30.277+0000] {processor.py:753} INFO - DAG(s) dict_keys(['example_local_kubernetes_executor']) retrieved from /home/airflow/.local/lib/python3.7/site-packages/airflow/example_dags/example_local_kubernetes_executor.py
[2023-05-24T23:23:30.354+0000] {logging_mixin.py:137} INFO - [2023-05-24T23:23:30.354+0000] {dag.py:2690} INFO - Sync 1 DAGs
[2023-05-24T23:23:30.424+0000] {logging_mixin.py:137} INFO - [2023-05-24T23:23:30.424+0000] {dag.py:3441} INFO - Setting next_dagrun for example_local_kubernetes_executor to None, run_after=None
[2023-05-24T23:23:30.474+0000] {processor.py:175} INFO - Processing /home/airflow/.local/lib/python3.7/site-packages/airflow/example_dags/example_local_kubernetes_executor.py took 0.294 seconds
[2023-05-24T23:24:01.099+0000] {processor.py:153} INFO - Started process (PID=498) to work on /home/airflow/.local/lib/python3.7/site-packages/airflow/example_dags/example_local_kubernetes_executor.py
[2023-05-24T23:24:01.106+0000] {processor.py:743} INFO - Processing file /home/airflow/.local/lib/python3.7/site-packages/airflow/example_dags/example_local_kubernetes_executor.py for tasks to queue
[2023-05-24T23:24:01.117+0000] {logging_mixin.py:137} INFO - [2023-05-24T23:24:01.112+0000] {dagbag.py:538} INFO - Filling up the DagBag from /home/airflow/.local/lib/python3.7/site-packages/airflow/example_dags/example_local_kubernetes_executor.py
[2023-05-24T23:24:01.252+0000] {processor.py:753} INFO - DAG(s) dict_keys(['example_local_kubernetes_executor']) retrieved from /home/airflow/.local/lib/python3.7/site-packages/airflow/example_dags/example_local_kubernetes_executor.py
[2023-05-24T23:24:01.467+0000] {logging_mixin.py:137} INFO - [2023-05-24T23:24:01.467+0000] {dag.py:2690} INFO - Sync 1 DAGs
[2023-05-24T23:24:01.770+0000] {logging_mixin.py:137} INFO - [2023-05-24T23:24:01.765+0000] {dag.py:3441} INFO - Setting next_dagrun for example_local_kubernetes_executor to None, run_after=None
[2023-05-24T23:24:01.996+0000] {processor.py:175} INFO - Processing /home/airflow/.local/lib/python3.7/site-packages/airflow/example_dags/example_local_kubernetes_executor.py took 0.917 seconds
[2023-05-24T23:24:32.773+0000] {processor.py:153} INFO - Started process (PID=557) to work on /home/airflow/.local/lib/python3.7/site-packages/airflow/example_dags/example_local_kubernetes_executor.py
[2023-05-24T23:24:32.776+0000] {processor.py:743} INFO - Processing file /home/airflow/.local/lib/python3.7/site-packages/airflow/example_dags/example_local_kubernetes_executor.py for tasks to queue
[2023-05-24T23:24:32.778+0000] {logging_mixin.py:137} INFO - [2023-05-24T23:24:32.777+0000] {dagbag.py:538} INFO - Filling up the DagBag from /home/airflow/.local/lib/python3.7/site-packages/airflow/example_dags/example_local_kubernetes_executor.py
[2023-05-24T23:24:32.824+0000] {processor.py:753} INFO - DAG(s) dict_keys(['example_local_kubernetes_executor']) retrieved from /home/airflow/.local/lib/python3.7/site-packages/airflow/example_dags/example_local_kubernetes_executor.py
[2023-05-24T23:24:32.883+0000] {logging_mixin.py:137} INFO - [2023-05-24T23:24:32.882+0000] {dag.py:2690} INFO - Sync 1 DAGs
[2023-05-24T23:24:32.921+0000] {logging_mixin.py:137} INFO - [2023-05-24T23:24:32.921+0000] {dag.py:3441} INFO - Setting next_dagrun for example_local_kubernetes_executor to None, run_after=None
[2023-05-24T23:24:32.977+0000] {processor.py:175} INFO - Processing /home/airflow/.local/lib/python3.7/site-packages/airflow/example_dags/example_local_kubernetes_executor.py took 0.211 seconds
[2023-05-24T23:25:03.206+0000] {processor.py:153} INFO - Started process (PID=616) to work on /home/airflow/.local/lib/python3.7/site-packages/airflow/example_dags/example_local_kubernetes_executor.py
[2023-05-24T23:25:03.210+0000] {processor.py:743} INFO - Processing file /home/airflow/.local/lib/python3.7/site-packages/airflow/example_dags/example_local_kubernetes_executor.py for tasks to queue
[2023-05-24T23:25:03.213+0000] {logging_mixin.py:137} INFO - [2023-05-24T23:25:03.213+0000] {dagbag.py:538} INFO - Filling up the DagBag from /home/airflow/.local/lib/python3.7/site-packages/airflow/example_dags/example_local_kubernetes_executor.py
[2023-05-24T23:25:03.250+0000] {processor.py:753} INFO - DAG(s) dict_keys(['example_local_kubernetes_executor']) retrieved from /home/airflow/.local/lib/python3.7/site-packages/airflow/example_dags/example_local_kubernetes_executor.py
[2023-05-24T23:25:03.293+0000] {logging_mixin.py:137} INFO - [2023-05-24T23:25:03.293+0000] {dag.py:2690} INFO - Sync 1 DAGs
[2023-05-24T23:25:03.329+0000] {logging_mixin.py:137} INFO - [2023-05-24T23:25:03.329+0000] {dag.py:3441} INFO - Setting next_dagrun for example_local_kubernetes_executor to None, run_after=None
[2023-05-24T23:25:03.366+0000] {processor.py:175} INFO - Processing /home/airflow/.local/lib/python3.7/site-packages/airflow/example_dags/example_local_kubernetes_executor.py took 0.165 seconds
[2023-05-24T23:25:33.532+0000] {processor.py:153} INFO - Started process (PID=676) to work on /home/airflow/.local/lib/python3.7/site-packages/airflow/example_dags/example_local_kubernetes_executor.py
[2023-05-24T23:25:33.543+0000] {processor.py:743} INFO - Processing file /home/airflow/.local/lib/python3.7/site-packages/airflow/example_dags/example_local_kubernetes_executor.py for tasks to queue
[2023-05-24T23:25:33.546+0000] {logging_mixin.py:137} INFO - [2023-05-24T23:25:33.546+0000] {dagbag.py:538} INFO - Filling up the DagBag from /home/airflow/.local/lib/python3.7/site-packages/airflow/example_dags/example_local_kubernetes_executor.py
[2023-05-24T23:25:33.686+0000] {processor.py:753} INFO - DAG(s) dict_keys(['example_local_kubernetes_executor']) retrieved from /home/airflow/.local/lib/python3.7/site-packages/airflow/example_dags/example_local_kubernetes_executor.py
[2023-05-24T23:25:33.816+0000] {logging_mixin.py:137} INFO - [2023-05-24T23:25:33.816+0000] {dag.py:2690} INFO - Sync 1 DAGs
[2023-05-24T23:25:33.915+0000] {logging_mixin.py:137} INFO - [2023-05-24T23:25:33.915+0000] {dag.py:3441} INFO - Setting next_dagrun for example_local_kubernetes_executor to None, run_after=None
[2023-05-24T23:25:34.002+0000] {processor.py:175} INFO - Processing /home/airflow/.local/lib/python3.7/site-packages/airflow/example_dags/example_local_kubernetes_executor.py took 0.485 seconds
[2023-05-24T23:26:04.114+0000] {processor.py:153} INFO - Started process (PID=745) to work on /home/airflow/.local/lib/python3.7/site-packages/airflow/example_dags/example_local_kubernetes_executor.py
[2023-05-24T23:26:04.116+0000] {processor.py:743} INFO - Processing file /home/airflow/.local/lib/python3.7/site-packages/airflow/example_dags/example_local_kubernetes_executor.py for tasks to queue
[2023-05-24T23:26:04.120+0000] {logging_mixin.py:137} INFO - [2023-05-24T23:26:04.119+0000] {dagbag.py:538} INFO - Filling up the DagBag from /home/airflow/.local/lib/python3.7/site-packages/airflow/example_dags/example_local_kubernetes_executor.py
[2023-05-24T23:26:04.151+0000] {processor.py:753} INFO - DAG(s) dict_keys(['example_local_kubernetes_executor']) retrieved from /home/airflow/.local/lib/python3.7/site-packages/airflow/example_dags/example_local_kubernetes_executor.py
[2023-05-24T23:26:04.190+0000] {logging_mixin.py:137} INFO - [2023-05-24T23:26:04.189+0000] {dag.py:2690} INFO - Sync 1 DAGs
[2023-05-24T23:26:04.226+0000] {logging_mixin.py:137} INFO - [2023-05-24T23:26:04.226+0000] {dag.py:3441} INFO - Setting next_dagrun for example_local_kubernetes_executor to None, run_after=None
[2023-05-24T23:26:04.254+0000] {processor.py:175} INFO - Processing /home/airflow/.local/lib/python3.7/site-packages/airflow/example_dags/example_local_kubernetes_executor.py took 0.150 seconds
[2023-05-24T23:26:59.711+0000] {processor.py:153} INFO - Started process (PID=813) to work on /home/airflow/.local/lib/python3.7/site-packages/airflow/example_dags/example_local_kubernetes_executor.py
[2023-05-24T23:26:59.721+0000] {processor.py:743} INFO - Processing file /home/airflow/.local/lib/python3.7/site-packages/airflow/example_dags/example_local_kubernetes_executor.py for tasks to queue
[2023-05-24T23:26:59.728+0000] {logging_mixin.py:137} INFO - [2023-05-24T23:26:59.726+0000] {dagbag.py:538} INFO - Filling up the DagBag from /home/airflow/.local/lib/python3.7/site-packages/airflow/example_dags/example_local_kubernetes_executor.py
[2023-05-24T23:26:59.934+0000] {processor.py:753} INFO - DAG(s) dict_keys(['example_local_kubernetes_executor']) retrieved from /home/airflow/.local/lib/python3.7/site-packages/airflow/example_dags/example_local_kubernetes_executor.py
[2023-05-24T23:27:00.087+0000] {logging_mixin.py:137} INFO - [2023-05-24T23:27:00.086+0000] {dag.py:2690} INFO - Sync 1 DAGs
[2023-05-24T23:27:00.268+0000] {logging_mixin.py:137} INFO - [2023-05-24T23:27:00.268+0000] {dag.py:3441} INFO - Setting next_dagrun for example_local_kubernetes_executor to None, run_after=None
[2023-05-24T23:27:00.398+0000] {processor.py:175} INFO - Processing /home/airflow/.local/lib/python3.7/site-packages/airflow/example_dags/example_local_kubernetes_executor.py took 0.720 seconds
[2023-05-24T23:27:32.488+0000] {processor.py:153} INFO - Started process (PID=873) to work on /home/airflow/.local/lib/python3.7/site-packages/airflow/example_dags/example_local_kubernetes_executor.py
[2023-05-24T23:27:32.498+0000] {processor.py:743} INFO - Processing file /home/airflow/.local/lib/python3.7/site-packages/airflow/example_dags/example_local_kubernetes_executor.py for tasks to queue
[2023-05-24T23:27:32.534+0000] {logging_mixin.py:137} INFO - [2023-05-24T23:27:32.531+0000] {dagbag.py:538} INFO - Filling up the DagBag from /home/airflow/.local/lib/python3.7/site-packages/airflow/example_dags/example_local_kubernetes_executor.py
[2023-05-24T23:27:33.244+0000] {processor.py:753} INFO - DAG(s) dict_keys(['example_local_kubernetes_executor']) retrieved from /home/airflow/.local/lib/python3.7/site-packages/airflow/example_dags/example_local_kubernetes_executor.py
[2023-05-24T23:27:33.600+0000] {logging_mixin.py:137} INFO - [2023-05-24T23:27:33.600+0000] {dag.py:2690} INFO - Sync 1 DAGs
[2023-05-24T23:27:33.775+0000] {logging_mixin.py:137} INFO - [2023-05-24T23:27:33.774+0000] {dag.py:3441} INFO - Setting next_dagrun for example_local_kubernetes_executor to None, run_after=None
[2023-05-24T23:27:34.008+0000] {processor.py:175} INFO - Processing /home/airflow/.local/lib/python3.7/site-packages/airflow/example_dags/example_local_kubernetes_executor.py took 1.555 seconds
[2023-05-24T23:29:05.503+0000] {processor.py:153} INFO - Started process (PID=962) to work on /home/airflow/.local/lib/python3.7/site-packages/airflow/example_dags/example_local_kubernetes_executor.py
[2023-05-24T23:29:05.513+0000] {processor.py:743} INFO - Processing file /home/airflow/.local/lib/python3.7/site-packages/airflow/example_dags/example_local_kubernetes_executor.py for tasks to queue
[2023-05-24T23:29:05.525+0000] {logging_mixin.py:137} INFO - [2023-05-24T23:29:05.524+0000] {dagbag.py:538} INFO - Filling up the DagBag from /home/airflow/.local/lib/python3.7/site-packages/airflow/example_dags/example_local_kubernetes_executor.py
[2023-05-24T23:29:05.817+0000] {processor.py:753} INFO - DAG(s) dict_keys(['example_local_kubernetes_executor']) retrieved from /home/airflow/.local/lib/python3.7/site-packages/airflow/example_dags/example_local_kubernetes_executor.py
[2023-05-24T23:29:06.170+0000] {logging_mixin.py:137} INFO - [2023-05-24T23:29:06.168+0000] {dag.py:2690} INFO - Sync 1 DAGs
[2023-05-24T23:29:06.432+0000] {logging_mixin.py:137} INFO - [2023-05-24T23:29:06.432+0000] {dag.py:3441} INFO - Setting next_dagrun for example_local_kubernetes_executor to None, run_after=None
[2023-05-24T23:29:06.635+0000] {processor.py:175} INFO - Processing /home/airflow/.local/lib/python3.7/site-packages/airflow/example_dags/example_local_kubernetes_executor.py took 1.175 seconds
[2023-05-24T23:29:37.001+0000] {processor.py:153} INFO - Started process (PID=1024) to work on /home/airflow/.local/lib/python3.7/site-packages/airflow/example_dags/example_local_kubernetes_executor.py
[2023-05-24T23:29:37.005+0000] {processor.py:743} INFO - Processing file /home/airflow/.local/lib/python3.7/site-packages/airflow/example_dags/example_local_kubernetes_executor.py for tasks to queue
[2023-05-24T23:29:37.009+0000] {logging_mixin.py:137} INFO - [2023-05-24T23:29:37.009+0000] {dagbag.py:538} INFO - Filling up the DagBag from /home/airflow/.local/lib/python3.7/site-packages/airflow/example_dags/example_local_kubernetes_executor.py
[2023-05-24T23:29:37.087+0000] {processor.py:753} INFO - DAG(s) dict_keys(['example_local_kubernetes_executor']) retrieved from /home/airflow/.local/lib/python3.7/site-packages/airflow/example_dags/example_local_kubernetes_executor.py
[2023-05-24T23:29:37.130+0000] {logging_mixin.py:137} INFO - [2023-05-24T23:29:37.130+0000] {dag.py:2690} INFO - Sync 1 DAGs
[2023-05-24T23:29:37.173+0000] {logging_mixin.py:137} INFO - [2023-05-24T23:29:37.173+0000] {dag.py:3441} INFO - Setting next_dagrun for example_local_kubernetes_executor to None, run_after=None
[2023-05-24T23:29:37.239+0000] {processor.py:175} INFO - Processing /home/airflow/.local/lib/python3.7/site-packages/airflow/example_dags/example_local_kubernetes_executor.py took 0.259 seconds
[2023-05-24T23:30:07.962+0000] {processor.py:153} INFO - Started process (PID=1083) to work on /home/airflow/.local/lib/python3.7/site-packages/airflow/example_dags/example_local_kubernetes_executor.py
[2023-05-24T23:30:07.965+0000] {processor.py:743} INFO - Processing file /home/airflow/.local/lib/python3.7/site-packages/airflow/example_dags/example_local_kubernetes_executor.py for tasks to queue
[2023-05-24T23:30:07.975+0000] {logging_mixin.py:137} INFO - [2023-05-24T23:30:07.975+0000] {dagbag.py:538} INFO - Filling up the DagBag from /home/airflow/.local/lib/python3.7/site-packages/airflow/example_dags/example_local_kubernetes_executor.py
[2023-05-24T23:30:08.018+0000] {processor.py:753} INFO - DAG(s) dict_keys(['example_local_kubernetes_executor']) retrieved from /home/airflow/.local/lib/python3.7/site-packages/airflow/example_dags/example_local_kubernetes_executor.py
[2023-05-24T23:30:08.063+0000] {logging_mixin.py:137} INFO - [2023-05-24T23:30:08.062+0000] {dag.py:2690} INFO - Sync 1 DAGs
[2023-05-24T23:30:08.102+0000] {logging_mixin.py:137} INFO - [2023-05-24T23:30:08.102+0000] {dag.py:3441} INFO - Setting next_dagrun for example_local_kubernetes_executor to None, run_after=None
[2023-05-24T23:30:08.162+0000] {processor.py:175} INFO - Processing /home/airflow/.local/lib/python3.7/site-packages/airflow/example_dags/example_local_kubernetes_executor.py took 0.204 seconds
[2023-05-24T23:30:38.315+0000] {processor.py:153} INFO - Started process (PID=1143) to work on /home/airflow/.local/lib/python3.7/site-packages/airflow/example_dags/example_local_kubernetes_executor.py
[2023-05-24T23:30:38.324+0000] {processor.py:743} INFO - Processing file /home/airflow/.local/lib/python3.7/site-packages/airflow/example_dags/example_local_kubernetes_executor.py for tasks to queue
[2023-05-24T23:30:38.326+0000] {logging_mixin.py:137} INFO - [2023-05-24T23:30:38.326+0000] {dagbag.py:538} INFO - Filling up the DagBag from /home/airflow/.local/lib/python3.7/site-packages/airflow/example_dags/example_local_kubernetes_executor.py
[2023-05-24T23:30:38.372+0000] {processor.py:753} INFO - DAG(s) dict_keys(['example_local_kubernetes_executor']) retrieved from /home/airflow/.local/lib/python3.7/site-packages/airflow/example_dags/example_local_kubernetes_executor.py
[2023-05-24T23:30:38.413+0000] {logging_mixin.py:137} INFO - [2023-05-24T23:30:38.413+0000] {dag.py:2690} INFO - Sync 1 DAGs
[2023-05-24T23:30:38.449+0000] {logging_mixin.py:137} INFO - [2023-05-24T23:30:38.449+0000] {dag.py:3441} INFO - Setting next_dagrun for example_local_kubernetes_executor to None, run_after=None
[2023-05-24T23:30:38.496+0000] {processor.py:175} INFO - Processing /home/airflow/.local/lib/python3.7/site-packages/airflow/example_dags/example_local_kubernetes_executor.py took 0.185 seconds
[2023-05-24T23:33:56.313+0000] {processor.py:153} INFO - Started process (PID=75) to work on /home/airflow/.local/lib/python3.7/site-packages/airflow/example_dags/example_local_kubernetes_executor.py
[2023-05-24T23:33:56.325+0000] {processor.py:743} INFO - Processing file /home/airflow/.local/lib/python3.7/site-packages/airflow/example_dags/example_local_kubernetes_executor.py for tasks to queue
[2023-05-24T23:33:56.327+0000] {logging_mixin.py:137} INFO - [2023-05-24T23:33:56.327+0000] {dagbag.py:538} INFO - Filling up the DagBag from /home/airflow/.local/lib/python3.7/site-packages/airflow/example_dags/example_local_kubernetes_executor.py
[2023-05-24T23:33:56.601+0000] {processor.py:753} INFO - DAG(s) dict_keys(['example_local_kubernetes_executor']) retrieved from /home/airflow/.local/lib/python3.7/site-packages/airflow/example_dags/example_local_kubernetes_executor.py
[2023-05-24T23:33:56.873+0000] {logging_mixin.py:137} INFO - [2023-05-24T23:33:56.873+0000] {dag.py:2690} INFO - Sync 1 DAGs
[2023-05-24T23:33:57.369+0000] {logging_mixin.py:137} INFO - [2023-05-24T23:33:57.369+0000] {dag.py:3441} INFO - Setting next_dagrun for example_local_kubernetes_executor to None, run_after=None
[2023-05-24T23:33:57.557+0000] {processor.py:175} INFO - Processing /home/airflow/.local/lib/python3.7/site-packages/airflow/example_dags/example_local_kubernetes_executor.py took 1.278 seconds
[2023-05-24T23:34:28.157+0000] {processor.py:153} INFO - Started process (PID=127) to work on /home/airflow/.local/lib/python3.7/site-packages/airflow/example_dags/example_local_kubernetes_executor.py
[2023-05-24T23:34:28.171+0000] {processor.py:743} INFO - Processing file /home/airflow/.local/lib/python3.7/site-packages/airflow/example_dags/example_local_kubernetes_executor.py for tasks to queue
[2023-05-24T23:34:28.173+0000] {logging_mixin.py:137} INFO - [2023-05-24T23:34:28.173+0000] {dagbag.py:538} INFO - Filling up the DagBag from /home/airflow/.local/lib/python3.7/site-packages/airflow/example_dags/example_local_kubernetes_executor.py
[2023-05-24T23:34:28.256+0000] {processor.py:753} INFO - DAG(s) dict_keys(['example_local_kubernetes_executor']) retrieved from /home/airflow/.local/lib/python3.7/site-packages/airflow/example_dags/example_local_kubernetes_executor.py
[2023-05-24T23:34:28.331+0000] {logging_mixin.py:137} INFO - [2023-05-24T23:34:28.331+0000] {dag.py:2690} INFO - Sync 1 DAGs
[2023-05-24T23:34:28.414+0000] {logging_mixin.py:137} INFO - [2023-05-24T23:34:28.414+0000] {dag.py:3441} INFO - Setting next_dagrun for example_local_kubernetes_executor to None, run_after=None
[2023-05-24T23:34:28.471+0000] {processor.py:175} INFO - Processing /home/airflow/.local/lib/python3.7/site-packages/airflow/example_dags/example_local_kubernetes_executor.py took 0.326 seconds
[2023-05-24T23:35:02.660+0000] {processor.py:153} INFO - Started process (PID=187) to work on /home/airflow/.local/lib/python3.7/site-packages/airflow/example_dags/example_local_kubernetes_executor.py
[2023-05-24T23:35:02.687+0000] {processor.py:743} INFO - Processing file /home/airflow/.local/lib/python3.7/site-packages/airflow/example_dags/example_local_kubernetes_executor.py for tasks to queue
[2023-05-24T23:35:02.707+0000] {logging_mixin.py:137} INFO - [2023-05-24T23:35:02.706+0000] {dagbag.py:538} INFO - Filling up the DagBag from /home/airflow/.local/lib/python3.7/site-packages/airflow/example_dags/example_local_kubernetes_executor.py
[2023-05-24T23:35:03.094+0000] {processor.py:753} INFO - DAG(s) dict_keys(['example_local_kubernetes_executor']) retrieved from /home/airflow/.local/lib/python3.7/site-packages/airflow/example_dags/example_local_kubernetes_executor.py
[2023-05-24T23:35:03.672+0000] {logging_mixin.py:137} INFO - [2023-05-24T23:35:03.672+0000] {dag.py:2690} INFO - Sync 1 DAGs
[2023-05-24T23:35:04.069+0000] {logging_mixin.py:137} INFO - [2023-05-24T23:35:04.069+0000] {dag.py:3441} INFO - Setting next_dagrun for example_local_kubernetes_executor to None, run_after=None
[2023-05-24T23:35:04.439+0000] {processor.py:175} INFO - Processing /home/airflow/.local/lib/python3.7/site-packages/airflow/example_dags/example_local_kubernetes_executor.py took 1.878 seconds
[2023-05-24T23:36:17.668+0000] {processor.py:153} INFO - Started process (PID=259) to work on /home/airflow/.local/lib/python3.7/site-packages/airflow/example_dags/example_local_kubernetes_executor.py
[2023-05-24T23:36:17.685+0000] {processor.py:743} INFO - Processing file /home/airflow/.local/lib/python3.7/site-packages/airflow/example_dags/example_local_kubernetes_executor.py for tasks to queue
[2023-05-24T23:36:17.791+0000] {logging_mixin.py:137} INFO - [2023-05-24T23:36:17.764+0000] {dagbag.py:538} INFO - Filling up the DagBag from /home/airflow/.local/lib/python3.7/site-packages/airflow/example_dags/example_local_kubernetes_executor.py
[2023-05-24T23:36:18.751+0000] {processor.py:753} INFO - DAG(s) dict_keys(['example_local_kubernetes_executor']) retrieved from /home/airflow/.local/lib/python3.7/site-packages/airflow/example_dags/example_local_kubernetes_executor.py
[2023-05-24T23:36:19.263+0000] {logging_mixin.py:137} INFO - [2023-05-24T23:36:19.263+0000] {dag.py:2690} INFO - Sync 1 DAGs
[2023-05-24T23:36:20.645+0000] {logging_mixin.py:137} INFO - [2023-05-24T23:36:20.644+0000] {dag.py:3441} INFO - Setting next_dagrun for example_local_kubernetes_executor to None, run_after=None
[2023-05-24T23:36:21.534+0000] {processor.py:175} INFO - Processing /home/airflow/.local/lib/python3.7/site-packages/airflow/example_dags/example_local_kubernetes_executor.py took 3.872 seconds
[2023-05-24T23:37:23.140+0000] {processor.py:153} INFO - Started process (PID=333) to work on /home/airflow/.local/lib/python3.7/site-packages/airflow/example_dags/example_local_kubernetes_executor.py
[2023-05-24T23:37:23.152+0000] {processor.py:743} INFO - Processing file /home/airflow/.local/lib/python3.7/site-packages/airflow/example_dags/example_local_kubernetes_executor.py for tasks to queue
[2023-05-24T23:37:23.157+0000] {logging_mixin.py:137} INFO - [2023-05-24T23:37:23.156+0000] {dagbag.py:538} INFO - Filling up the DagBag from /home/airflow/.local/lib/python3.7/site-packages/airflow/example_dags/example_local_kubernetes_executor.py
[2023-05-24T23:37:23.616+0000] {processor.py:753} INFO - DAG(s) dict_keys(['example_local_kubernetes_executor']) retrieved from /home/airflow/.local/lib/python3.7/site-packages/airflow/example_dags/example_local_kubernetes_executor.py
[2023-05-24T23:37:23.883+0000] {logging_mixin.py:137} INFO - [2023-05-24T23:37:23.883+0000] {dag.py:2690} INFO - Sync 1 DAGs
[2023-05-24T23:37:24.111+0000] {logging_mixin.py:137} INFO - [2023-05-24T23:37:24.110+0000] {dag.py:3441} INFO - Setting next_dagrun for example_local_kubernetes_executor to None, run_after=None
[2023-05-24T23:37:24.294+0000] {processor.py:175} INFO - Processing /home/airflow/.local/lib/python3.7/site-packages/airflow/example_dags/example_local_kubernetes_executor.py took 1.175 seconds
[2023-05-24T23:38:15.111+0000] {processor.py:153} INFO - Started process (PID=394) to work on /home/airflow/.local/lib/python3.7/site-packages/airflow/example_dags/example_local_kubernetes_executor.py
[2023-05-24T23:38:15.148+0000] {processor.py:743} INFO - Processing file /home/airflow/.local/lib/python3.7/site-packages/airflow/example_dags/example_local_kubernetes_executor.py for tasks to queue
[2023-05-24T23:38:15.165+0000] {logging_mixin.py:137} INFO - [2023-05-24T23:38:15.165+0000] {dagbag.py:538} INFO - Filling up the DagBag from /home/airflow/.local/lib/python3.7/site-packages/airflow/example_dags/example_local_kubernetes_executor.py
[2023-05-24T23:38:17.013+0000] {processor.py:753} INFO - DAG(s) dict_keys(['example_local_kubernetes_executor']) retrieved from /home/airflow/.local/lib/python3.7/site-packages/airflow/example_dags/example_local_kubernetes_executor.py
[2023-05-24T23:38:17.934+0000] {logging_mixin.py:137} INFO - [2023-05-24T23:38:17.934+0000] {dag.py:2690} INFO - Sync 1 DAGs
[2023-05-24T23:38:18.631+0000] {logging_mixin.py:137} INFO - [2023-05-24T23:38:18.631+0000] {dag.py:3441} INFO - Setting next_dagrun for example_local_kubernetes_executor to None, run_after=None
[2023-05-24T23:38:19.841+0000] {processor.py:175} INFO - Processing /home/airflow/.local/lib/python3.7/site-packages/airflow/example_dags/example_local_kubernetes_executor.py took 4.800 seconds
[2023-05-24T23:39:47.940+0000] {processor.py:153} INFO - Started process (PID=477) to work on /home/airflow/.local/lib/python3.7/site-packages/airflow/example_dags/example_local_kubernetes_executor.py
[2023-05-24T23:39:47.986+0000] {processor.py:743} INFO - Processing file /home/airflow/.local/lib/python3.7/site-packages/airflow/example_dags/example_local_kubernetes_executor.py for tasks to queue
[2023-05-24T23:39:48.028+0000] {logging_mixin.py:137} INFO - [2023-05-24T23:39:48.027+0000] {dagbag.py:538} INFO - Filling up the DagBag from /home/airflow/.local/lib/python3.7/site-packages/airflow/example_dags/example_local_kubernetes_executor.py
[2023-05-24T23:39:49.433+0000] {processor.py:753} INFO - DAG(s) dict_keys(['example_local_kubernetes_executor']) retrieved from /home/airflow/.local/lib/python3.7/site-packages/airflow/example_dags/example_local_kubernetes_executor.py
[2023-05-24T23:39:49.727+0000] {logging_mixin.py:137} INFO - [2023-05-24T23:39:49.721+0000] {dag.py:2690} INFO - Sync 1 DAGs
[2023-05-24T23:39:50.175+0000] {logging_mixin.py:137} INFO - [2023-05-24T23:39:50.175+0000] {dag.py:3441} INFO - Setting next_dagrun for example_local_kubernetes_executor to None, run_after=None
[2023-05-24T23:39:51.115+0000] {processor.py:175} INFO - Processing /home/airflow/.local/lib/python3.7/site-packages/airflow/example_dags/example_local_kubernetes_executor.py took 3.210 seconds
[2023-05-24T23:40:26.760+0000] {processor.py:153} INFO - Started process (PID=529) to work on /home/airflow/.local/lib/python3.7/site-packages/airflow/example_dags/example_local_kubernetes_executor.py
[2023-05-24T23:40:26.766+0000] {processor.py:743} INFO - Processing file /home/airflow/.local/lib/python3.7/site-packages/airflow/example_dags/example_local_kubernetes_executor.py for tasks to queue
[2023-05-24T23:40:26.773+0000] {logging_mixin.py:137} INFO - [2023-05-24T23:40:26.772+0000] {dagbag.py:538} INFO - Filling up the DagBag from /home/airflow/.local/lib/python3.7/site-packages/airflow/example_dags/example_local_kubernetes_executor.py
[2023-05-24T23:40:26.990+0000] {processor.py:753} INFO - DAG(s) dict_keys(['example_local_kubernetes_executor']) retrieved from /home/airflow/.local/lib/python3.7/site-packages/airflow/example_dags/example_local_kubernetes_executor.py
[2023-05-24T23:40:27.110+0000] {logging_mixin.py:137} INFO - [2023-05-24T23:40:27.108+0000] {dag.py:2690} INFO - Sync 1 DAGs
[2023-05-24T23:40:27.198+0000] {logging_mixin.py:137} INFO - [2023-05-24T23:40:27.197+0000] {dag.py:3441} INFO - Setting next_dagrun for example_local_kubernetes_executor to None, run_after=None
[2023-05-24T23:40:27.299+0000] {processor.py:175} INFO - Processing /home/airflow/.local/lib/python3.7/site-packages/airflow/example_dags/example_local_kubernetes_executor.py took 0.550 seconds
[2023-05-24T23:40:57.885+0000] {processor.py:153} INFO - Started process (PID=588) to work on /home/airflow/.local/lib/python3.7/site-packages/airflow/example_dags/example_local_kubernetes_executor.py
[2023-05-24T23:40:57.889+0000] {processor.py:743} INFO - Processing file /home/airflow/.local/lib/python3.7/site-packages/airflow/example_dags/example_local_kubernetes_executor.py for tasks to queue
[2023-05-24T23:40:57.902+0000] {logging_mixin.py:137} INFO - [2023-05-24T23:40:57.902+0000] {dagbag.py:538} INFO - Filling up the DagBag from /home/airflow/.local/lib/python3.7/site-packages/airflow/example_dags/example_local_kubernetes_executor.py
[2023-05-24T23:40:58.015+0000] {processor.py:753} INFO - DAG(s) dict_keys(['example_local_kubernetes_executor']) retrieved from /home/airflow/.local/lib/python3.7/site-packages/airflow/example_dags/example_local_kubernetes_executor.py
[2023-05-24T23:40:58.076+0000] {logging_mixin.py:137} INFO - [2023-05-24T23:40:58.076+0000] {dag.py:2690} INFO - Sync 1 DAGs
[2023-05-24T23:40:58.120+0000] {logging_mixin.py:137} INFO - [2023-05-24T23:40:58.120+0000] {dag.py:3441} INFO - Setting next_dagrun for example_local_kubernetes_executor to None, run_after=None
[2023-05-24T23:40:58.149+0000] {processor.py:175} INFO - Processing /home/airflow/.local/lib/python3.7/site-packages/airflow/example_dags/example_local_kubernetes_executor.py took 0.271 seconds
[2023-05-24T23:43:13.391+0000] {processor.py:153} INFO - Started process (PID=80) to work on /home/airflow/.local/lib/python3.7/site-packages/airflow/example_dags/example_local_kubernetes_executor.py
[2023-05-24T23:43:13.394+0000] {processor.py:743} INFO - Processing file /home/airflow/.local/lib/python3.7/site-packages/airflow/example_dags/example_local_kubernetes_executor.py for tasks to queue
[2023-05-24T23:43:13.397+0000] {logging_mixin.py:137} INFO - [2023-05-24T23:43:13.397+0000] {dagbag.py:538} INFO - Filling up the DagBag from /home/airflow/.local/lib/python3.7/site-packages/airflow/example_dags/example_local_kubernetes_executor.py
[2023-05-24T23:43:13.436+0000] {processor.py:753} INFO - DAG(s) dict_keys(['example_local_kubernetes_executor']) retrieved from /home/airflow/.local/lib/python3.7/site-packages/airflow/example_dags/example_local_kubernetes_executor.py
[2023-05-24T23:43:13.508+0000] {logging_mixin.py:137} INFO - [2023-05-24T23:43:13.508+0000] {dag.py:2690} INFO - Sync 1 DAGs
[2023-05-24T23:43:13.589+0000] {logging_mixin.py:137} INFO - [2023-05-24T23:43:13.588+0000] {dag.py:3441} INFO - Setting next_dagrun for example_local_kubernetes_executor to None, run_after=None
[2023-05-24T23:43:13.647+0000] {processor.py:175} INFO - Processing /home/airflow/.local/lib/python3.7/site-packages/airflow/example_dags/example_local_kubernetes_executor.py took 0.263 seconds
[2023-05-24T23:43:53.961+0000] {processor.py:153} INFO - Started process (PID=139) to work on /home/airflow/.local/lib/python3.7/site-packages/airflow/example_dags/example_local_kubernetes_executor.py
[2023-05-24T23:43:53.971+0000] {processor.py:743} INFO - Processing file /home/airflow/.local/lib/python3.7/site-packages/airflow/example_dags/example_local_kubernetes_executor.py for tasks to queue
[2023-05-24T23:43:53.979+0000] {logging_mixin.py:137} INFO - [2023-05-24T23:43:53.979+0000] {dagbag.py:538} INFO - Filling up the DagBag from /home/airflow/.local/lib/python3.7/site-packages/airflow/example_dags/example_local_kubernetes_executor.py
[2023-05-24T23:43:54.361+0000] {processor.py:753} INFO - DAG(s) dict_keys(['example_local_kubernetes_executor']) retrieved from /home/airflow/.local/lib/python3.7/site-packages/airflow/example_dags/example_local_kubernetes_executor.py
[2023-05-24T23:43:54.521+0000] {logging_mixin.py:137} INFO - [2023-05-24T23:43:54.521+0000] {dag.py:2690} INFO - Sync 1 DAGs
[2023-05-24T23:43:54.633+0000] {logging_mixin.py:137} INFO - [2023-05-24T23:43:54.633+0000] {dag.py:3441} INFO - Setting next_dagrun for example_local_kubernetes_executor to None, run_after=None
[2023-05-24T23:43:54.750+0000] {processor.py:175} INFO - Processing /home/airflow/.local/lib/python3.7/site-packages/airflow/example_dags/example_local_kubernetes_executor.py took 0.857 seconds
[2023-05-24T23:44:24.804+0000] {processor.py:153} INFO - Started process (PID=200) to work on /home/airflow/.local/lib/python3.7/site-packages/airflow/example_dags/example_local_kubernetes_executor.py
[2023-05-24T23:44:24.807+0000] {processor.py:743} INFO - Processing file /home/airflow/.local/lib/python3.7/site-packages/airflow/example_dags/example_local_kubernetes_executor.py for tasks to queue
[2023-05-24T23:44:24.809+0000] {logging_mixin.py:137} INFO - [2023-05-24T23:44:24.809+0000] {dagbag.py:538} INFO - Filling up the DagBag from /home/airflow/.local/lib/python3.7/site-packages/airflow/example_dags/example_local_kubernetes_executor.py
[2023-05-24T23:44:24.840+0000] {processor.py:753} INFO - DAG(s) dict_keys(['example_local_kubernetes_executor']) retrieved from /home/airflow/.local/lib/python3.7/site-packages/airflow/example_dags/example_local_kubernetes_executor.py
[2023-05-24T23:44:24.879+0000] {logging_mixin.py:137} INFO - [2023-05-24T23:44:24.879+0000] {dag.py:2690} INFO - Sync 1 DAGs
[2023-05-24T23:44:24.916+0000] {logging_mixin.py:137} INFO - [2023-05-24T23:44:24.915+0000] {dag.py:3441} INFO - Setting next_dagrun for example_local_kubernetes_executor to None, run_after=None
[2023-05-24T23:44:24.946+0000] {processor.py:175} INFO - Processing /home/airflow/.local/lib/python3.7/site-packages/airflow/example_dags/example_local_kubernetes_executor.py took 0.147 seconds
[2023-05-24T23:44:55.265+0000] {processor.py:153} INFO - Started process (PID=259) to work on /home/airflow/.local/lib/python3.7/site-packages/airflow/example_dags/example_local_kubernetes_executor.py
[2023-05-24T23:44:55.268+0000] {processor.py:743} INFO - Processing file /home/airflow/.local/lib/python3.7/site-packages/airflow/example_dags/example_local_kubernetes_executor.py for tasks to queue
[2023-05-24T23:44:55.270+0000] {logging_mixin.py:137} INFO - [2023-05-24T23:44:55.269+0000] {dagbag.py:538} INFO - Filling up the DagBag from /home/airflow/.local/lib/python3.7/site-packages/airflow/example_dags/example_local_kubernetes_executor.py
[2023-05-24T23:44:55.300+0000] {processor.py:753} INFO - DAG(s) dict_keys(['example_local_kubernetes_executor']) retrieved from /home/airflow/.local/lib/python3.7/site-packages/airflow/example_dags/example_local_kubernetes_executor.py
[2023-05-24T23:44:55.341+0000] {logging_mixin.py:137} INFO - [2023-05-24T23:44:55.341+0000] {dag.py:2690} INFO - Sync 1 DAGs
[2023-05-24T23:44:55.374+0000] {logging_mixin.py:137} INFO - [2023-05-24T23:44:55.374+0000] {dag.py:3441} INFO - Setting next_dagrun for example_local_kubernetes_executor to None, run_after=None
[2023-05-24T23:44:55.404+0000] {processor.py:175} INFO - Processing /home/airflow/.local/lib/python3.7/site-packages/airflow/example_dags/example_local_kubernetes_executor.py took 0.144 seconds
[2023-05-24T23:45:25.711+0000] {processor.py:153} INFO - Started process (PID=318) to work on /home/airflow/.local/lib/python3.7/site-packages/airflow/example_dags/example_local_kubernetes_executor.py
[2023-05-24T23:45:25.725+0000] {processor.py:743} INFO - Processing file /home/airflow/.local/lib/python3.7/site-packages/airflow/example_dags/example_local_kubernetes_executor.py for tasks to queue
[2023-05-24T23:45:25.730+0000] {logging_mixin.py:137} INFO - [2023-05-24T23:45:25.729+0000] {dagbag.py:538} INFO - Filling up the DagBag from /home/airflow/.local/lib/python3.7/site-packages/airflow/example_dags/example_local_kubernetes_executor.py
[2023-05-24T23:45:25.779+0000] {processor.py:753} INFO - DAG(s) dict_keys(['example_local_kubernetes_executor']) retrieved from /home/airflow/.local/lib/python3.7/site-packages/airflow/example_dags/example_local_kubernetes_executor.py
[2023-05-24T23:45:25.945+0000] {logging_mixin.py:137} INFO - [2023-05-24T23:45:25.945+0000] {dag.py:2690} INFO - Sync 1 DAGs
[2023-05-24T23:45:25.991+0000] {logging_mixin.py:137} INFO - [2023-05-24T23:45:25.991+0000] {dag.py:3441} INFO - Setting next_dagrun for example_local_kubernetes_executor to None, run_after=None
[2023-05-24T23:45:26.018+0000] {processor.py:175} INFO - Processing /home/airflow/.local/lib/python3.7/site-packages/airflow/example_dags/example_local_kubernetes_executor.py took 0.315 seconds
[2023-05-24T23:45:56.223+0000] {processor.py:153} INFO - Started process (PID=378) to work on /home/airflow/.local/lib/python3.7/site-packages/airflow/example_dags/example_local_kubernetes_executor.py
[2023-05-24T23:45:56.237+0000] {processor.py:743} INFO - Processing file /home/airflow/.local/lib/python3.7/site-packages/airflow/example_dags/example_local_kubernetes_executor.py for tasks to queue
[2023-05-24T23:45:56.240+0000] {logging_mixin.py:137} INFO - [2023-05-24T23:45:56.240+0000] {dagbag.py:538} INFO - Filling up the DagBag from /home/airflow/.local/lib/python3.7/site-packages/airflow/example_dags/example_local_kubernetes_executor.py
[2023-05-24T23:45:56.319+0000] {processor.py:753} INFO - DAG(s) dict_keys(['example_local_kubernetes_executor']) retrieved from /home/airflow/.local/lib/python3.7/site-packages/airflow/example_dags/example_local_kubernetes_executor.py
[2023-05-24T23:45:56.409+0000] {logging_mixin.py:137} INFO - [2023-05-24T23:45:56.409+0000] {dag.py:2690} INFO - Sync 1 DAGs
[2023-05-24T23:45:56.487+0000] {logging_mixin.py:137} INFO - [2023-05-24T23:45:56.487+0000] {dag.py:3441} INFO - Setting next_dagrun for example_local_kubernetes_executor to None, run_after=None
[2023-05-24T23:45:56.545+0000] {processor.py:175} INFO - Processing /home/airflow/.local/lib/python3.7/site-packages/airflow/example_dags/example_local_kubernetes_executor.py took 0.326 seconds
[2023-05-24T23:46:27.407+0000] {processor.py:153} INFO - Started process (PID=440) to work on /home/airflow/.local/lib/python3.7/site-packages/airflow/example_dags/example_local_kubernetes_executor.py
[2023-05-24T23:46:27.422+0000] {processor.py:743} INFO - Processing file /home/airflow/.local/lib/python3.7/site-packages/airflow/example_dags/example_local_kubernetes_executor.py for tasks to queue
[2023-05-24T23:46:27.433+0000] {logging_mixin.py:137} INFO - [2023-05-24T23:46:27.430+0000] {dagbag.py:538} INFO - Filling up the DagBag from /home/airflow/.local/lib/python3.7/site-packages/airflow/example_dags/example_local_kubernetes_executor.py
[2023-05-24T23:46:27.549+0000] {processor.py:753} INFO - DAG(s) dict_keys(['example_local_kubernetes_executor']) retrieved from /home/airflow/.local/lib/python3.7/site-packages/airflow/example_dags/example_local_kubernetes_executor.py
[2023-05-24T23:46:27.672+0000] {logging_mixin.py:137} INFO - [2023-05-24T23:46:27.671+0000] {dag.py:2690} INFO - Sync 1 DAGs
[2023-05-24T23:46:27.783+0000] {logging_mixin.py:137} INFO - [2023-05-24T23:46:27.783+0000] {dag.py:3441} INFO - Setting next_dagrun for example_local_kubernetes_executor to None, run_after=None
[2023-05-24T23:46:27.876+0000] {processor.py:175} INFO - Processing /home/airflow/.local/lib/python3.7/site-packages/airflow/example_dags/example_local_kubernetes_executor.py took 0.561 seconds
[2023-05-24T23:46:58.196+0000] {processor.py:153} INFO - Started process (PID=506) to work on /home/airflow/.local/lib/python3.7/site-packages/airflow/example_dags/example_local_kubernetes_executor.py
[2023-05-24T23:46:58.208+0000] {processor.py:743} INFO - Processing file /home/airflow/.local/lib/python3.7/site-packages/airflow/example_dags/example_local_kubernetes_executor.py for tasks to queue
[2023-05-24T23:46:58.219+0000] {logging_mixin.py:137} INFO - [2023-05-24T23:46:58.219+0000] {dagbag.py:538} INFO - Filling up the DagBag from /home/airflow/.local/lib/python3.7/site-packages/airflow/example_dags/example_local_kubernetes_executor.py
[2023-05-24T23:46:58.520+0000] {processor.py:753} INFO - DAG(s) dict_keys(['example_local_kubernetes_executor']) retrieved from /home/airflow/.local/lib/python3.7/site-packages/airflow/example_dags/example_local_kubernetes_executor.py
[2023-05-24T23:46:58.933+0000] {logging_mixin.py:137} INFO - [2023-05-24T23:46:58.933+0000] {dag.py:2690} INFO - Sync 1 DAGs
[2023-05-24T23:46:59.315+0000] {logging_mixin.py:137} INFO - [2023-05-24T23:46:59.314+0000] {dag.py:3441} INFO - Setting next_dagrun for example_local_kubernetes_executor to None, run_after=None
[2023-05-24T23:46:59.636+0000] {processor.py:175} INFO - Processing /home/airflow/.local/lib/python3.7/site-packages/airflow/example_dags/example_local_kubernetes_executor.py took 1.472 seconds
[2023-05-24T23:47:29.986+0000] {processor.py:153} INFO - Started process (PID=567) to work on /home/airflow/.local/lib/python3.7/site-packages/airflow/example_dags/example_local_kubernetes_executor.py
[2023-05-24T23:47:29.989+0000] {processor.py:743} INFO - Processing file /home/airflow/.local/lib/python3.7/site-packages/airflow/example_dags/example_local_kubernetes_executor.py for tasks to queue
[2023-05-24T23:47:29.993+0000] {logging_mixin.py:137} INFO - [2023-05-24T23:47:29.992+0000] {dagbag.py:538} INFO - Filling up the DagBag from /home/airflow/.local/lib/python3.7/site-packages/airflow/example_dags/example_local_kubernetes_executor.py
[2023-05-24T23:47:30.034+0000] {processor.py:753} INFO - DAG(s) dict_keys(['example_local_kubernetes_executor']) retrieved from /home/airflow/.local/lib/python3.7/site-packages/airflow/example_dags/example_local_kubernetes_executor.py
[2023-05-24T23:47:30.074+0000] {logging_mixin.py:137} INFO - [2023-05-24T23:47:30.074+0000] {dag.py:2690} INFO - Sync 1 DAGs
[2023-05-24T23:47:30.110+0000] {logging_mixin.py:137} INFO - [2023-05-24T23:47:30.109+0000] {dag.py:3441} INFO - Setting next_dagrun for example_local_kubernetes_executor to None, run_after=None
[2023-05-24T23:47:30.141+0000] {processor.py:175} INFO - Processing /home/airflow/.local/lib/python3.7/site-packages/airflow/example_dags/example_local_kubernetes_executor.py took 0.160 seconds
[2023-05-24T23:48:03.925+0000] {processor.py:153} INFO - Started process (PID=629) to work on /home/airflow/.local/lib/python3.7/site-packages/airflow/example_dags/example_local_kubernetes_executor.py
[2023-05-24T23:48:03.932+0000] {processor.py:743} INFO - Processing file /home/airflow/.local/lib/python3.7/site-packages/airflow/example_dags/example_local_kubernetes_executor.py for tasks to queue
[2023-05-24T23:48:03.938+0000] {logging_mixin.py:137} INFO - [2023-05-24T23:48:03.936+0000] {dagbag.py:538} INFO - Filling up the DagBag from /home/airflow/.local/lib/python3.7/site-packages/airflow/example_dags/example_local_kubernetes_executor.py
[2023-05-24T23:48:04.005+0000] {processor.py:753} INFO - DAG(s) dict_keys(['example_local_kubernetes_executor']) retrieved from /home/airflow/.local/lib/python3.7/site-packages/airflow/example_dags/example_local_kubernetes_executor.py
[2023-05-24T23:48:04.093+0000] {logging_mixin.py:137} INFO - [2023-05-24T23:48:04.092+0000] {dag.py:2690} INFO - Sync 1 DAGs
[2023-05-24T23:48:04.163+0000] {logging_mixin.py:137} INFO - [2023-05-24T23:48:04.163+0000] {dag.py:3441} INFO - Setting next_dagrun for example_local_kubernetes_executor to None, run_after=None
[2023-05-24T23:48:04.219+0000] {processor.py:175} INFO - Processing /home/airflow/.local/lib/python3.7/site-packages/airflow/example_dags/example_local_kubernetes_executor.py took 0.307 seconds
[2023-05-24T23:48:34.851+0000] {processor.py:153} INFO - Started process (PID=689) to work on /home/airflow/.local/lib/python3.7/site-packages/airflow/example_dags/example_local_kubernetes_executor.py
[2023-05-24T23:48:34.854+0000] {processor.py:743} INFO - Processing file /home/airflow/.local/lib/python3.7/site-packages/airflow/example_dags/example_local_kubernetes_executor.py for tasks to queue
[2023-05-24T23:48:34.857+0000] {logging_mixin.py:137} INFO - [2023-05-24T23:48:34.857+0000] {dagbag.py:538} INFO - Filling up the DagBag from /home/airflow/.local/lib/python3.7/site-packages/airflow/example_dags/example_local_kubernetes_executor.py
[2023-05-24T23:48:34.994+0000] {processor.py:753} INFO - DAG(s) dict_keys(['example_local_kubernetes_executor']) retrieved from /home/airflow/.local/lib/python3.7/site-packages/airflow/example_dags/example_local_kubernetes_executor.py
[2023-05-24T23:48:35.109+0000] {logging_mixin.py:137} INFO - [2023-05-24T23:48:35.108+0000] {dag.py:2690} INFO - Sync 1 DAGs
[2023-05-24T23:48:35.193+0000] {logging_mixin.py:137} INFO - [2023-05-24T23:48:35.193+0000] {dag.py:3441} INFO - Setting next_dagrun for example_local_kubernetes_executor to None, run_after=None
[2023-05-24T23:48:35.289+0000] {processor.py:175} INFO - Processing /home/airflow/.local/lib/python3.7/site-packages/airflow/example_dags/example_local_kubernetes_executor.py took 0.447 seconds
[2023-05-24T23:49:06.177+0000] {processor.py:153} INFO - Started process (PID=749) to work on /home/airflow/.local/lib/python3.7/site-packages/airflow/example_dags/example_local_kubernetes_executor.py
[2023-05-24T23:49:06.183+0000] {processor.py:743} INFO - Processing file /home/airflow/.local/lib/python3.7/site-packages/airflow/example_dags/example_local_kubernetes_executor.py for tasks to queue
[2023-05-24T23:49:06.187+0000] {logging_mixin.py:137} INFO - [2023-05-24T23:49:06.186+0000] {dagbag.py:538} INFO - Filling up the DagBag from /home/airflow/.local/lib/python3.7/site-packages/airflow/example_dags/example_local_kubernetes_executor.py
[2023-05-24T23:49:06.227+0000] {processor.py:753} INFO - DAG(s) dict_keys(['example_local_kubernetes_executor']) retrieved from /home/airflow/.local/lib/python3.7/site-packages/airflow/example_dags/example_local_kubernetes_executor.py
[2023-05-24T23:49:06.284+0000] {logging_mixin.py:137} INFO - [2023-05-24T23:49:06.283+0000] {dag.py:2690} INFO - Sync 1 DAGs
[2023-05-24T23:49:06.333+0000] {logging_mixin.py:137} INFO - [2023-05-24T23:49:06.333+0000] {dag.py:3441} INFO - Setting next_dagrun for example_local_kubernetes_executor to None, run_after=None
[2023-05-24T23:49:06.359+0000] {processor.py:175} INFO - Processing /home/airflow/.local/lib/python3.7/site-packages/airflow/example_dags/example_local_kubernetes_executor.py took 0.189 seconds
[2023-05-24T23:49:36.969+0000] {processor.py:153} INFO - Started process (PID=809) to work on /home/airflow/.local/lib/python3.7/site-packages/airflow/example_dags/example_local_kubernetes_executor.py
[2023-05-24T23:49:36.977+0000] {processor.py:743} INFO - Processing file /home/airflow/.local/lib/python3.7/site-packages/airflow/example_dags/example_local_kubernetes_executor.py for tasks to queue
[2023-05-24T23:49:36.984+0000] {logging_mixin.py:137} INFO - [2023-05-24T23:49:36.984+0000] {dagbag.py:538} INFO - Filling up the DagBag from /home/airflow/.local/lib/python3.7/site-packages/airflow/example_dags/example_local_kubernetes_executor.py
[2023-05-24T23:49:37.104+0000] {processor.py:753} INFO - DAG(s) dict_keys(['example_local_kubernetes_executor']) retrieved from /home/airflow/.local/lib/python3.7/site-packages/airflow/example_dags/example_local_kubernetes_executor.py
[2023-05-24T23:49:37.303+0000] {logging_mixin.py:137} INFO - [2023-05-24T23:49:37.303+0000] {dag.py:2690} INFO - Sync 1 DAGs
[2023-05-24T23:49:37.401+0000] {logging_mixin.py:137} INFO - [2023-05-24T23:49:37.401+0000] {dag.py:3441} INFO - Setting next_dagrun for example_local_kubernetes_executor to None, run_after=None
[2023-05-24T23:49:37.485+0000] {processor.py:175} INFO - Processing /home/airflow/.local/lib/python3.7/site-packages/airflow/example_dags/example_local_kubernetes_executor.py took 0.529 seconds
[2023-05-24T23:50:07.932+0000] {processor.py:153} INFO - Started process (PID=867) to work on /home/airflow/.local/lib/python3.7/site-packages/airflow/example_dags/example_local_kubernetes_executor.py
[2023-05-24T23:50:07.941+0000] {processor.py:743} INFO - Processing file /home/airflow/.local/lib/python3.7/site-packages/airflow/example_dags/example_local_kubernetes_executor.py for tasks to queue
[2023-05-24T23:50:07.943+0000] {logging_mixin.py:137} INFO - [2023-05-24T23:50:07.943+0000] {dagbag.py:538} INFO - Filling up the DagBag from /home/airflow/.local/lib/python3.7/site-packages/airflow/example_dags/example_local_kubernetes_executor.py
[2023-05-24T23:50:08.011+0000] {processor.py:753} INFO - DAG(s) dict_keys(['example_local_kubernetes_executor']) retrieved from /home/airflow/.local/lib/python3.7/site-packages/airflow/example_dags/example_local_kubernetes_executor.py
[2023-05-24T23:50:08.099+0000] {logging_mixin.py:137} INFO - [2023-05-24T23:50:08.099+0000] {dag.py:2690} INFO - Sync 1 DAGs
[2023-05-24T23:50:08.167+0000] {logging_mixin.py:137} INFO - [2023-05-24T23:50:08.167+0000] {dag.py:3441} INFO - Setting next_dagrun for example_local_kubernetes_executor to None, run_after=None
[2023-05-24T23:50:08.339+0000] {processor.py:175} INFO - Processing /home/airflow/.local/lib/python3.7/site-packages/airflow/example_dags/example_local_kubernetes_executor.py took 0.429 seconds
[2023-05-24T23:50:39.731+0000] {processor.py:153} INFO - Started process (PID=935) to work on /home/airflow/.local/lib/python3.7/site-packages/airflow/example_dags/example_local_kubernetes_executor.py
[2023-05-24T23:50:39.738+0000] {processor.py:743} INFO - Processing file /home/airflow/.local/lib/python3.7/site-packages/airflow/example_dags/example_local_kubernetes_executor.py for tasks to queue
[2023-05-24T23:50:39.821+0000] {logging_mixin.py:137} INFO - [2023-05-24T23:50:39.821+0000] {dagbag.py:538} INFO - Filling up the DagBag from /home/airflow/.local/lib/python3.7/site-packages/airflow/example_dags/example_local_kubernetes_executor.py
[2023-05-24T23:50:40.027+0000] {processor.py:753} INFO - DAG(s) dict_keys(['example_local_kubernetes_executor']) retrieved from /home/airflow/.local/lib/python3.7/site-packages/airflow/example_dags/example_local_kubernetes_executor.py
[2023-05-24T23:50:40.103+0000] {logging_mixin.py:137} INFO - [2023-05-24T23:50:40.102+0000] {dag.py:2690} INFO - Sync 1 DAGs
[2023-05-24T23:50:40.180+0000] {logging_mixin.py:137} INFO - [2023-05-24T23:50:40.180+0000] {dag.py:3441} INFO - Setting next_dagrun for example_local_kubernetes_executor to None, run_after=None
[2023-05-24T23:50:40.248+0000] {processor.py:175} INFO - Processing /home/airflow/.local/lib/python3.7/site-packages/airflow/example_dags/example_local_kubernetes_executor.py took 0.528 seconds
[2023-05-24T23:51:13.288+0000] {processor.py:153} INFO - Started process (PID=998) to work on /home/airflow/.local/lib/python3.7/site-packages/airflow/example_dags/example_local_kubernetes_executor.py
[2023-05-24T23:51:13.294+0000] {processor.py:743} INFO - Processing file /home/airflow/.local/lib/python3.7/site-packages/airflow/example_dags/example_local_kubernetes_executor.py for tasks to queue
[2023-05-24T23:51:13.299+0000] {logging_mixin.py:137} INFO - [2023-05-24T23:51:13.298+0000] {dagbag.py:538} INFO - Filling up the DagBag from /home/airflow/.local/lib/python3.7/site-packages/airflow/example_dags/example_local_kubernetes_executor.py
[2023-05-24T23:51:13.376+0000] {processor.py:753} INFO - DAG(s) dict_keys(['example_local_kubernetes_executor']) retrieved from /home/airflow/.local/lib/python3.7/site-packages/airflow/example_dags/example_local_kubernetes_executor.py
[2023-05-24T23:51:13.465+0000] {logging_mixin.py:137} INFO - [2023-05-24T23:51:13.465+0000] {dag.py:2690} INFO - Sync 1 DAGs
[2023-05-24T23:51:13.558+0000] {logging_mixin.py:137} INFO - [2023-05-24T23:51:13.557+0000] {dag.py:3441} INFO - Setting next_dagrun for example_local_kubernetes_executor to None, run_after=None
[2023-05-24T23:51:13.625+0000] {processor.py:175} INFO - Processing /home/airflow/.local/lib/python3.7/site-packages/airflow/example_dags/example_local_kubernetes_executor.py took 0.342 seconds
[2023-05-24T23:51:44.545+0000] {processor.py:153} INFO - Started process (PID=1056) to work on /home/airflow/.local/lib/python3.7/site-packages/airflow/example_dags/example_local_kubernetes_executor.py
[2023-05-24T23:51:44.549+0000] {processor.py:743} INFO - Processing file /home/airflow/.local/lib/python3.7/site-packages/airflow/example_dags/example_local_kubernetes_executor.py for tasks to queue
[2023-05-24T23:51:44.553+0000] {logging_mixin.py:137} INFO - [2023-05-24T23:51:44.553+0000] {dagbag.py:538} INFO - Filling up the DagBag from /home/airflow/.local/lib/python3.7/site-packages/airflow/example_dags/example_local_kubernetes_executor.py
[2023-05-24T23:51:44.694+0000] {processor.py:753} INFO - DAG(s) dict_keys(['example_local_kubernetes_executor']) retrieved from /home/airflow/.local/lib/python3.7/site-packages/airflow/example_dags/example_local_kubernetes_executor.py
[2023-05-24T23:51:44.842+0000] {logging_mixin.py:137} INFO - [2023-05-24T23:51:44.841+0000] {dag.py:2690} INFO - Sync 1 DAGs
[2023-05-24T23:51:44.937+0000] {logging_mixin.py:137} INFO - [2023-05-24T23:51:44.937+0000] {dag.py:3441} INFO - Setting next_dagrun for example_local_kubernetes_executor to None, run_after=None
[2023-05-24T23:51:44.976+0000] {processor.py:175} INFO - Processing /home/airflow/.local/lib/python3.7/site-packages/airflow/example_dags/example_local_kubernetes_executor.py took 0.437 seconds
[2023-05-24T23:52:16.046+0000] {processor.py:153} INFO - Started process (PID=1120) to work on /home/airflow/.local/lib/python3.7/site-packages/airflow/example_dags/example_local_kubernetes_executor.py
[2023-05-24T23:52:16.049+0000] {processor.py:743} INFO - Processing file /home/airflow/.local/lib/python3.7/site-packages/airflow/example_dags/example_local_kubernetes_executor.py for tasks to queue
[2023-05-24T23:52:16.053+0000] {logging_mixin.py:137} INFO - [2023-05-24T23:52:16.052+0000] {dagbag.py:538} INFO - Filling up the DagBag from /home/airflow/.local/lib/python3.7/site-packages/airflow/example_dags/example_local_kubernetes_executor.py
[2023-05-24T23:52:16.128+0000] {processor.py:753} INFO - DAG(s) dict_keys(['example_local_kubernetes_executor']) retrieved from /home/airflow/.local/lib/python3.7/site-packages/airflow/example_dags/example_local_kubernetes_executor.py
[2023-05-24T23:52:16.179+0000] {logging_mixin.py:137} INFO - [2023-05-24T23:52:16.179+0000] {dag.py:2690} INFO - Sync 1 DAGs
[2023-05-24T23:52:16.217+0000] {logging_mixin.py:137} INFO - [2023-05-24T23:52:16.217+0000] {dag.py:3441} INFO - Setting next_dagrun for example_local_kubernetes_executor to None, run_after=None
[2023-05-24T23:52:16.248+0000] {processor.py:175} INFO - Processing /home/airflow/.local/lib/python3.7/site-packages/airflow/example_dags/example_local_kubernetes_executor.py took 0.210 seconds
[2023-05-24T23:52:46.909+0000] {processor.py:153} INFO - Started process (PID=1180) to work on /home/airflow/.local/lib/python3.7/site-packages/airflow/example_dags/example_local_kubernetes_executor.py
[2023-05-24T23:52:46.913+0000] {processor.py:743} INFO - Processing file /home/airflow/.local/lib/python3.7/site-packages/airflow/example_dags/example_local_kubernetes_executor.py for tasks to queue
[2023-05-24T23:52:46.932+0000] {logging_mixin.py:137} INFO - [2023-05-24T23:52:46.932+0000] {dagbag.py:538} INFO - Filling up the DagBag from /home/airflow/.local/lib/python3.7/site-packages/airflow/example_dags/example_local_kubernetes_executor.py
[2023-05-24T23:52:47.155+0000] {processor.py:753} INFO - DAG(s) dict_keys(['example_local_kubernetes_executor']) retrieved from /home/airflow/.local/lib/python3.7/site-packages/airflow/example_dags/example_local_kubernetes_executor.py
[2023-05-24T23:52:47.254+0000] {logging_mixin.py:137} INFO - [2023-05-24T23:52:47.254+0000] {dag.py:2690} INFO - Sync 1 DAGs
[2023-05-24T23:52:47.363+0000] {logging_mixin.py:137} INFO - [2023-05-24T23:52:47.363+0000] {dag.py:3441} INFO - Setting next_dagrun for example_local_kubernetes_executor to None, run_after=None
[2023-05-24T23:52:47.561+0000] {processor.py:175} INFO - Processing /home/airflow/.local/lib/python3.7/site-packages/airflow/example_dags/example_local_kubernetes_executor.py took 0.668 seconds
[2023-05-24T23:53:18.265+0000] {processor.py:153} INFO - Started process (PID=1239) to work on /home/airflow/.local/lib/python3.7/site-packages/airflow/example_dags/example_local_kubernetes_executor.py
[2023-05-24T23:53:18.269+0000] {processor.py:743} INFO - Processing file /home/airflow/.local/lib/python3.7/site-packages/airflow/example_dags/example_local_kubernetes_executor.py for tasks to queue
[2023-05-24T23:53:18.273+0000] {logging_mixin.py:137} INFO - [2023-05-24T23:53:18.273+0000] {dagbag.py:538} INFO - Filling up the DagBag from /home/airflow/.local/lib/python3.7/site-packages/airflow/example_dags/example_local_kubernetes_executor.py
[2023-05-24T23:53:18.362+0000] {processor.py:753} INFO - DAG(s) dict_keys(['example_local_kubernetes_executor']) retrieved from /home/airflow/.local/lib/python3.7/site-packages/airflow/example_dags/example_local_kubernetes_executor.py
[2023-05-24T23:53:18.444+0000] {logging_mixin.py:137} INFO - [2023-05-24T23:53:18.444+0000] {dag.py:2690} INFO - Sync 1 DAGs
[2023-05-24T23:53:18.494+0000] {logging_mixin.py:137} INFO - [2023-05-24T23:53:18.494+0000] {dag.py:3441} INFO - Setting next_dagrun for example_local_kubernetes_executor to None, run_after=None
[2023-05-24T23:53:18.533+0000] {processor.py:175} INFO - Processing /home/airflow/.local/lib/python3.7/site-packages/airflow/example_dags/example_local_kubernetes_executor.py took 0.283 seconds
[2023-05-24T23:53:48.935+0000] {processor.py:153} INFO - Started process (PID=1299) to work on /home/airflow/.local/lib/python3.7/site-packages/airflow/example_dags/example_local_kubernetes_executor.py
[2023-05-24T23:53:48.942+0000] {processor.py:743} INFO - Processing file /home/airflow/.local/lib/python3.7/site-packages/airflow/example_dags/example_local_kubernetes_executor.py for tasks to queue
[2023-05-24T23:53:48.944+0000] {logging_mixin.py:137} INFO - [2023-05-24T23:53:48.944+0000] {dagbag.py:538} INFO - Filling up the DagBag from /home/airflow/.local/lib/python3.7/site-packages/airflow/example_dags/example_local_kubernetes_executor.py
[2023-05-24T23:53:48.988+0000] {processor.py:753} INFO - DAG(s) dict_keys(['example_local_kubernetes_executor']) retrieved from /home/airflow/.local/lib/python3.7/site-packages/airflow/example_dags/example_local_kubernetes_executor.py
[2023-05-24T23:53:49.034+0000] {logging_mixin.py:137} INFO - [2023-05-24T23:53:49.034+0000] {dag.py:2690} INFO - Sync 1 DAGs
[2023-05-24T23:53:49.088+0000] {logging_mixin.py:137} INFO - [2023-05-24T23:53:49.088+0000] {dag.py:3441} INFO - Setting next_dagrun for example_local_kubernetes_executor to None, run_after=None
[2023-05-24T23:53:49.126+0000] {processor.py:175} INFO - Processing /home/airflow/.local/lib/python3.7/site-packages/airflow/example_dags/example_local_kubernetes_executor.py took 0.197 seconds
[2023-05-24T23:54:19.621+0000] {processor.py:153} INFO - Started process (PID=1360) to work on /home/airflow/.local/lib/python3.7/site-packages/airflow/example_dags/example_local_kubernetes_executor.py
[2023-05-24T23:54:19.625+0000] {processor.py:743} INFO - Processing file /home/airflow/.local/lib/python3.7/site-packages/airflow/example_dags/example_local_kubernetes_executor.py for tasks to queue
[2023-05-24T23:54:19.628+0000] {logging_mixin.py:137} INFO - [2023-05-24T23:54:19.628+0000] {dagbag.py:538} INFO - Filling up the DagBag from /home/airflow/.local/lib/python3.7/site-packages/airflow/example_dags/example_local_kubernetes_executor.py
[2023-05-24T23:54:19.683+0000] {processor.py:753} INFO - DAG(s) dict_keys(['example_local_kubernetes_executor']) retrieved from /home/airflow/.local/lib/python3.7/site-packages/airflow/example_dags/example_local_kubernetes_executor.py
[2023-05-24T23:54:19.749+0000] {logging_mixin.py:137} INFO - [2023-05-24T23:54:19.748+0000] {dag.py:2690} INFO - Sync 1 DAGs
[2023-05-24T23:54:19.796+0000] {logging_mixin.py:137} INFO - [2023-05-24T23:54:19.796+0000] {dag.py:3441} INFO - Setting next_dagrun for example_local_kubernetes_executor to None, run_after=None
[2023-05-24T23:54:19.829+0000] {processor.py:175} INFO - Processing /home/airflow/.local/lib/python3.7/site-packages/airflow/example_dags/example_local_kubernetes_executor.py took 0.213 seconds
[2023-05-24T23:54:50.372+0000] {processor.py:153} INFO - Started process (PID=1419) to work on /home/airflow/.local/lib/python3.7/site-packages/airflow/example_dags/example_local_kubernetes_executor.py
[2023-05-24T23:54:50.376+0000] {processor.py:743} INFO - Processing file /home/airflow/.local/lib/python3.7/site-packages/airflow/example_dags/example_local_kubernetes_executor.py for tasks to queue
[2023-05-24T23:54:50.381+0000] {logging_mixin.py:137} INFO - [2023-05-24T23:54:50.380+0000] {dagbag.py:538} INFO - Filling up the DagBag from /home/airflow/.local/lib/python3.7/site-packages/airflow/example_dags/example_local_kubernetes_executor.py
[2023-05-24T23:54:50.432+0000] {processor.py:753} INFO - DAG(s) dict_keys(['example_local_kubernetes_executor']) retrieved from /home/airflow/.local/lib/python3.7/site-packages/airflow/example_dags/example_local_kubernetes_executor.py
[2023-05-24T23:54:50.511+0000] {logging_mixin.py:137} INFO - [2023-05-24T23:54:50.511+0000] {dag.py:2690} INFO - Sync 1 DAGs
[2023-05-24T23:54:50.557+0000] {logging_mixin.py:137} INFO - [2023-05-24T23:54:50.556+0000] {dag.py:3441} INFO - Setting next_dagrun for example_local_kubernetes_executor to None, run_after=None
[2023-05-24T23:54:50.608+0000] {processor.py:175} INFO - Processing /home/airflow/.local/lib/python3.7/site-packages/airflow/example_dags/example_local_kubernetes_executor.py took 0.245 seconds
[2023-05-24T23:55:20.679+0000] {processor.py:153} INFO - Started process (PID=1478) to work on /home/airflow/.local/lib/python3.7/site-packages/airflow/example_dags/example_local_kubernetes_executor.py
[2023-05-24T23:55:20.683+0000] {processor.py:743} INFO - Processing file /home/airflow/.local/lib/python3.7/site-packages/airflow/example_dags/example_local_kubernetes_executor.py for tasks to queue
[2023-05-24T23:55:20.686+0000] {logging_mixin.py:137} INFO - [2023-05-24T23:55:20.686+0000] {dagbag.py:538} INFO - Filling up the DagBag from /home/airflow/.local/lib/python3.7/site-packages/airflow/example_dags/example_local_kubernetes_executor.py
[2023-05-24T23:55:20.760+0000] {processor.py:753} INFO - DAG(s) dict_keys(['example_local_kubernetes_executor']) retrieved from /home/airflow/.local/lib/python3.7/site-packages/airflow/example_dags/example_local_kubernetes_executor.py
[2023-05-24T23:55:20.844+0000] {logging_mixin.py:137} INFO - [2023-05-24T23:55:20.844+0000] {dag.py:2690} INFO - Sync 1 DAGs
[2023-05-24T23:55:20.921+0000] {logging_mixin.py:137} INFO - [2023-05-24T23:55:20.921+0000] {dag.py:3441} INFO - Setting next_dagrun for example_local_kubernetes_executor to None, run_after=None
[2023-05-24T23:55:20.971+0000] {processor.py:175} INFO - Processing /home/airflow/.local/lib/python3.7/site-packages/airflow/example_dags/example_local_kubernetes_executor.py took 0.300 seconds
[2023-05-24T23:55:52.011+0000] {processor.py:153} INFO - Started process (PID=1538) to work on /home/airflow/.local/lib/python3.7/site-packages/airflow/example_dags/example_local_kubernetes_executor.py
[2023-05-24T23:55:52.019+0000] {processor.py:743} INFO - Processing file /home/airflow/.local/lib/python3.7/site-packages/airflow/example_dags/example_local_kubernetes_executor.py for tasks to queue
[2023-05-24T23:55:52.022+0000] {logging_mixin.py:137} INFO - [2023-05-24T23:55:52.021+0000] {dagbag.py:538} INFO - Filling up the DagBag from /home/airflow/.local/lib/python3.7/site-packages/airflow/example_dags/example_local_kubernetes_executor.py
[2023-05-24T23:55:52.089+0000] {processor.py:753} INFO - DAG(s) dict_keys(['example_local_kubernetes_executor']) retrieved from /home/airflow/.local/lib/python3.7/site-packages/airflow/example_dags/example_local_kubernetes_executor.py
[2023-05-24T23:55:52.158+0000] {logging_mixin.py:137} INFO - [2023-05-24T23:55:52.158+0000] {dag.py:2690} INFO - Sync 1 DAGs
[2023-05-24T23:55:52.248+0000] {logging_mixin.py:137} INFO - [2023-05-24T23:55:52.248+0000] {dag.py:3441} INFO - Setting next_dagrun for example_local_kubernetes_executor to None, run_after=None
[2023-05-24T23:55:52.297+0000] {processor.py:175} INFO - Processing /home/airflow/.local/lib/python3.7/site-packages/airflow/example_dags/example_local_kubernetes_executor.py took 0.294 seconds
[2023-05-24T23:56:22.819+0000] {processor.py:153} INFO - Started process (PID=1597) to work on /home/airflow/.local/lib/python3.7/site-packages/airflow/example_dags/example_local_kubernetes_executor.py
[2023-05-24T23:56:22.825+0000] {processor.py:743} INFO - Processing file /home/airflow/.local/lib/python3.7/site-packages/airflow/example_dags/example_local_kubernetes_executor.py for tasks to queue
[2023-05-24T23:56:22.831+0000] {logging_mixin.py:137} INFO - [2023-05-24T23:56:22.829+0000] {dagbag.py:538} INFO - Filling up the DagBag from /home/airflow/.local/lib/python3.7/site-packages/airflow/example_dags/example_local_kubernetes_executor.py
[2023-05-24T23:56:22.927+0000] {processor.py:753} INFO - DAG(s) dict_keys(['example_local_kubernetes_executor']) retrieved from /home/airflow/.local/lib/python3.7/site-packages/airflow/example_dags/example_local_kubernetes_executor.py
[2023-05-24T23:56:23.022+0000] {logging_mixin.py:137} INFO - [2023-05-24T23:56:23.022+0000] {dag.py:2690} INFO - Sync 1 DAGs
[2023-05-24T23:56:23.101+0000] {logging_mixin.py:137} INFO - [2023-05-24T23:56:23.101+0000] {dag.py:3441} INFO - Setting next_dagrun for example_local_kubernetes_executor to None, run_after=None
[2023-05-24T23:56:23.147+0000] {processor.py:175} INFO - Processing /home/airflow/.local/lib/python3.7/site-packages/airflow/example_dags/example_local_kubernetes_executor.py took 0.339 seconds
[2023-05-24T23:56:53.577+0000] {processor.py:153} INFO - Started process (PID=1657) to work on /home/airflow/.local/lib/python3.7/site-packages/airflow/example_dags/example_local_kubernetes_executor.py
[2023-05-24T23:56:53.580+0000] {processor.py:743} INFO - Processing file /home/airflow/.local/lib/python3.7/site-packages/airflow/example_dags/example_local_kubernetes_executor.py for tasks to queue
[2023-05-24T23:56:53.583+0000] {logging_mixin.py:137} INFO - [2023-05-24T23:56:53.582+0000] {dagbag.py:538} INFO - Filling up the DagBag from /home/airflow/.local/lib/python3.7/site-packages/airflow/example_dags/example_local_kubernetes_executor.py
[2023-05-24T23:56:53.686+0000] {processor.py:753} INFO - DAG(s) dict_keys(['example_local_kubernetes_executor']) retrieved from /home/airflow/.local/lib/python3.7/site-packages/airflow/example_dags/example_local_kubernetes_executor.py
[2023-05-24T23:56:53.727+0000] {logging_mixin.py:137} INFO - [2023-05-24T23:56:53.726+0000] {dag.py:2690} INFO - Sync 1 DAGs
[2023-05-24T23:56:53.761+0000] {logging_mixin.py:137} INFO - [2023-05-24T23:56:53.761+0000] {dag.py:3441} INFO - Setting next_dagrun for example_local_kubernetes_executor to None, run_after=None
[2023-05-24T23:56:53.785+0000] {processor.py:175} INFO - Processing /home/airflow/.local/lib/python3.7/site-packages/airflow/example_dags/example_local_kubernetes_executor.py took 0.215 seconds
[2023-05-24T23:57:24.012+0000] {processor.py:153} INFO - Started process (PID=1716) to work on /home/airflow/.local/lib/python3.7/site-packages/airflow/example_dags/example_local_kubernetes_executor.py
[2023-05-24T23:57:24.018+0000] {processor.py:743} INFO - Processing file /home/airflow/.local/lib/python3.7/site-packages/airflow/example_dags/example_local_kubernetes_executor.py for tasks to queue
[2023-05-24T23:57:24.020+0000] {logging_mixin.py:137} INFO - [2023-05-24T23:57:24.020+0000] {dagbag.py:538} INFO - Filling up the DagBag from /home/airflow/.local/lib/python3.7/site-packages/airflow/example_dags/example_local_kubernetes_executor.py
[2023-05-24T23:57:24.053+0000] {processor.py:753} INFO - DAG(s) dict_keys(['example_local_kubernetes_executor']) retrieved from /home/airflow/.local/lib/python3.7/site-packages/airflow/example_dags/example_local_kubernetes_executor.py
[2023-05-24T23:57:24.104+0000] {logging_mixin.py:137} INFO - [2023-05-24T23:57:24.104+0000] {dag.py:2690} INFO - Sync 1 DAGs
[2023-05-24T23:57:24.143+0000] {logging_mixin.py:137} INFO - [2023-05-24T23:57:24.143+0000] {dag.py:3441} INFO - Setting next_dagrun for example_local_kubernetes_executor to None, run_after=None
[2023-05-24T23:57:24.182+0000] {processor.py:175} INFO - Processing /home/airflow/.local/lib/python3.7/site-packages/airflow/example_dags/example_local_kubernetes_executor.py took 0.174 seconds
[2023-05-24T23:58:03.713+0000] {processor.py:153} INFO - Started process (PID=1784) to work on /home/airflow/.local/lib/python3.7/site-packages/airflow/example_dags/example_local_kubernetes_executor.py
[2023-05-24T23:58:03.716+0000] {processor.py:743} INFO - Processing file /home/airflow/.local/lib/python3.7/site-packages/airflow/example_dags/example_local_kubernetes_executor.py for tasks to queue
[2023-05-24T23:58:03.719+0000] {logging_mixin.py:137} INFO - [2023-05-24T23:58:03.719+0000] {dagbag.py:538} INFO - Filling up the DagBag from /home/airflow/.local/lib/python3.7/site-packages/airflow/example_dags/example_local_kubernetes_executor.py
[2023-05-24T23:58:03.798+0000] {processor.py:753} INFO - DAG(s) dict_keys(['example_local_kubernetes_executor']) retrieved from /home/airflow/.local/lib/python3.7/site-packages/airflow/example_dags/example_local_kubernetes_executor.py
[2023-05-24T23:58:03.887+0000] {logging_mixin.py:137} INFO - [2023-05-24T23:58:03.887+0000] {dag.py:2690} INFO - Sync 1 DAGs
[2023-05-24T23:58:03.933+0000] {logging_mixin.py:137} INFO - [2023-05-24T23:58:03.933+0000] {dag.py:3441} INFO - Setting next_dagrun for example_local_kubernetes_executor to None, run_after=None
[2023-05-24T23:58:03.990+0000] {processor.py:175} INFO - Processing /home/airflow/.local/lib/python3.7/site-packages/airflow/example_dags/example_local_kubernetes_executor.py took 0.291 seconds
[2023-05-24T23:58:34.431+0000] {processor.py:153} INFO - Started process (PID=1845) to work on /home/airflow/.local/lib/python3.7/site-packages/airflow/example_dags/example_local_kubernetes_executor.py
[2023-05-24T23:58:34.437+0000] {processor.py:743} INFO - Processing file /home/airflow/.local/lib/python3.7/site-packages/airflow/example_dags/example_local_kubernetes_executor.py for tasks to queue
[2023-05-24T23:58:34.439+0000] {logging_mixin.py:137} INFO - [2023-05-24T23:58:34.439+0000] {dagbag.py:538} INFO - Filling up the DagBag from /home/airflow/.local/lib/python3.7/site-packages/airflow/example_dags/example_local_kubernetes_executor.py
[2023-05-24T23:58:34.480+0000] {processor.py:753} INFO - DAG(s) dict_keys(['example_local_kubernetes_executor']) retrieved from /home/airflow/.local/lib/python3.7/site-packages/airflow/example_dags/example_local_kubernetes_executor.py
[2023-05-24T23:58:34.524+0000] {logging_mixin.py:137} INFO - [2023-05-24T23:58:34.524+0000] {dag.py:2690} INFO - Sync 1 DAGs
[2023-05-24T23:58:34.568+0000] {logging_mixin.py:137} INFO - [2023-05-24T23:58:34.567+0000] {dag.py:3441} INFO - Setting next_dagrun for example_local_kubernetes_executor to None, run_after=None
[2023-05-24T23:58:34.597+0000] {processor.py:175} INFO - Processing /home/airflow/.local/lib/python3.7/site-packages/airflow/example_dags/example_local_kubernetes_executor.py took 0.172 seconds
[2023-05-24T23:59:05.579+0000] {processor.py:153} INFO - Started process (PID=1904) to work on /home/airflow/.local/lib/python3.7/site-packages/airflow/example_dags/example_local_kubernetes_executor.py
[2023-05-24T23:59:05.587+0000] {processor.py:743} INFO - Processing file /home/airflow/.local/lib/python3.7/site-packages/airflow/example_dags/example_local_kubernetes_executor.py for tasks to queue
[2023-05-24T23:59:05.592+0000] {logging_mixin.py:137} INFO - [2023-05-24T23:59:05.592+0000] {dagbag.py:538} INFO - Filling up the DagBag from /home/airflow/.local/lib/python3.7/site-packages/airflow/example_dags/example_local_kubernetes_executor.py
[2023-05-24T23:59:05.646+0000] {processor.py:753} INFO - DAG(s) dict_keys(['example_local_kubernetes_executor']) retrieved from /home/airflow/.local/lib/python3.7/site-packages/airflow/example_dags/example_local_kubernetes_executor.py
[2023-05-24T23:59:05.693+0000] {logging_mixin.py:137} INFO - [2023-05-24T23:59:05.693+0000] {dag.py:2690} INFO - Sync 1 DAGs
[2023-05-24T23:59:05.732+0000] {logging_mixin.py:137} INFO - [2023-05-24T23:59:05.732+0000] {dag.py:3441} INFO - Setting next_dagrun for example_local_kubernetes_executor to None, run_after=None
[2023-05-24T23:59:05.762+0000] {processor.py:175} INFO - Processing /home/airflow/.local/lib/python3.7/site-packages/airflow/example_dags/example_local_kubernetes_executor.py took 0.193 seconds
