[2023-05-24T23:13:21.375+0000] {processor.py:153} INFO - Started process (PID=66) to work on /home/airflow/.local/lib/python3.7/site-packages/airflow/example_dags/example_skip_dag.py
[2023-05-24T23:13:21.426+0000] {processor.py:743} INFO - Processing file /home/airflow/.local/lib/python3.7/site-packages/airflow/example_dags/example_skip_dag.py for tasks to queue
[2023-05-24T23:13:21.436+0000] {logging_mixin.py:137} INFO - [2023-05-24T23:13:21.433+0000] {dagbag.py:538} INFO - Filling up the DagBag from /home/airflow/.local/lib/python3.7/site-packages/airflow/example_dags/example_skip_dag.py
[2023-05-24T23:13:21.553+0000] {processor.py:753} INFO - DAG(s) dict_keys(['example_skip_dag']) retrieved from /home/airflow/.local/lib/python3.7/site-packages/airflow/example_dags/example_skip_dag.py
[2023-05-24T23:13:21.687+0000] {logging_mixin.py:137} INFO - [2023-05-24T23:13:21.687+0000] {dag.py:2690} INFO - Sync 1 DAGs
[2023-05-24T23:13:22.177+0000] {logging_mixin.py:137} INFO - [2023-05-24T23:13:22.169+0000] {dag.py:3441} INFO - Setting next_dagrun for example_skip_dag to 2023-05-23T23:13:22.168923+00:00, run_after=2023-05-24T23:13:22.168923+00:00
[2023-05-24T23:13:22.450+0000] {processor.py:175} INFO - Processing /home/airflow/.local/lib/python3.7/site-packages/airflow/example_dags/example_skip_dag.py took 1.137 seconds
[2023-05-24T23:13:52.824+0000] {processor.py:153} INFO - Started process (PID=125) to work on /home/airflow/.local/lib/python3.7/site-packages/airflow/example_dags/example_skip_dag.py
[2023-05-24T23:13:52.830+0000] {processor.py:743} INFO - Processing file /home/airflow/.local/lib/python3.7/site-packages/airflow/example_dags/example_skip_dag.py for tasks to queue
[2023-05-24T23:13:52.842+0000] {logging_mixin.py:137} INFO - [2023-05-24T23:13:52.835+0000] {dagbag.py:538} INFO - Filling up the DagBag from /home/airflow/.local/lib/python3.7/site-packages/airflow/example_dags/example_skip_dag.py
[2023-05-24T23:13:52.885+0000] {processor.py:753} INFO - DAG(s) dict_keys(['example_skip_dag']) retrieved from /home/airflow/.local/lib/python3.7/site-packages/airflow/example_dags/example_skip_dag.py
[2023-05-24T23:13:52.952+0000] {logging_mixin.py:137} INFO - [2023-05-24T23:13:52.952+0000] {dag.py:2690} INFO - Sync 1 DAGs
[2023-05-24T23:13:53.139+0000] {logging_mixin.py:137} INFO - [2023-05-24T23:13:53.139+0000] {dag.py:3441} INFO - Setting next_dagrun for example_skip_dag to 2023-05-23T23:13:53.139008+00:00, run_after=2023-05-24T23:13:53.139008+00:00
[2023-05-24T23:13:53.244+0000] {processor.py:175} INFO - Processing /home/airflow/.local/lib/python3.7/site-packages/airflow/example_dags/example_skip_dag.py took 0.481 seconds
[2023-05-24T23:14:24.015+0000] {processor.py:153} INFO - Started process (PID=181) to work on /home/airflow/.local/lib/python3.7/site-packages/airflow/example_dags/example_skip_dag.py
[2023-05-24T23:14:24.035+0000] {processor.py:743} INFO - Processing file /home/airflow/.local/lib/python3.7/site-packages/airflow/example_dags/example_skip_dag.py for tasks to queue
[2023-05-24T23:14:24.064+0000] {logging_mixin.py:137} INFO - [2023-05-24T23:14:24.064+0000] {dagbag.py:538} INFO - Filling up the DagBag from /home/airflow/.local/lib/python3.7/site-packages/airflow/example_dags/example_skip_dag.py
[2023-05-24T23:14:24.432+0000] {processor.py:753} INFO - DAG(s) dict_keys(['example_skip_dag']) retrieved from /home/airflow/.local/lib/python3.7/site-packages/airflow/example_dags/example_skip_dag.py
[2023-05-24T23:14:24.950+0000] {logging_mixin.py:137} INFO - [2023-05-24T23:14:24.949+0000] {dag.py:2690} INFO - Sync 1 DAGs
[2023-05-24T23:14:25.736+0000] {logging_mixin.py:137} INFO - [2023-05-24T23:14:25.735+0000] {dag.py:3441} INFO - Setting next_dagrun for example_skip_dag to 2023-05-23T23:14:25.735407+00:00, run_after=2023-05-24T23:14:25.735407+00:00
[2023-05-24T23:14:26.014+0000] {processor.py:175} INFO - Processing /home/airflow/.local/lib/python3.7/site-packages/airflow/example_dags/example_skip_dag.py took 2.041 seconds
[2023-05-24T23:15:05.500+0000] {processor.py:153} INFO - Started process (PID=240) to work on /home/airflow/.local/lib/python3.7/site-packages/airflow/example_dags/example_skip_dag.py
[2023-05-24T23:15:05.519+0000] {processor.py:743} INFO - Processing file /home/airflow/.local/lib/python3.7/site-packages/airflow/example_dags/example_skip_dag.py for tasks to queue
[2023-05-24T23:15:05.545+0000] {logging_mixin.py:137} INFO - [2023-05-24T23:15:05.543+0000] {dagbag.py:538} INFO - Filling up the DagBag from /home/airflow/.local/lib/python3.7/site-packages/airflow/example_dags/example_skip_dag.py
[2023-05-24T23:15:06.086+0000] {processor.py:753} INFO - DAG(s) dict_keys(['example_skip_dag']) retrieved from /home/airflow/.local/lib/python3.7/site-packages/airflow/example_dags/example_skip_dag.py
[2023-05-24T23:15:06.847+0000] {logging_mixin.py:137} INFO - [2023-05-24T23:15:06.846+0000] {dag.py:2690} INFO - Sync 1 DAGs
[2023-05-24T23:15:07.001+0000] {logging_mixin.py:137} INFO - [2023-05-24T23:15:07.001+0000] {dag.py:3441} INFO - Setting next_dagrun for example_skip_dag to 2023-05-23T23:15:07.000813+00:00, run_after=2023-05-24T23:15:07.000813+00:00
[2023-05-24T23:15:07.230+0000] {processor.py:175} INFO - Processing /home/airflow/.local/lib/python3.7/site-packages/airflow/example_dags/example_skip_dag.py took 1.877 seconds
[2023-05-24T23:15:55.013+0000] {processor.py:153} INFO - Started process (PID=296) to work on /home/airflow/.local/lib/python3.7/site-packages/airflow/example_dags/example_skip_dag.py
[2023-05-24T23:15:55.021+0000] {processor.py:743} INFO - Processing file /home/airflow/.local/lib/python3.7/site-packages/airflow/example_dags/example_skip_dag.py for tasks to queue
[2023-05-24T23:15:55.029+0000] {logging_mixin.py:137} INFO - [2023-05-24T23:15:55.028+0000] {dagbag.py:538} INFO - Filling up the DagBag from /home/airflow/.local/lib/python3.7/site-packages/airflow/example_dags/example_skip_dag.py
[2023-05-24T23:15:55.102+0000] {processor.py:753} INFO - DAG(s) dict_keys(['example_skip_dag']) retrieved from /home/airflow/.local/lib/python3.7/site-packages/airflow/example_dags/example_skip_dag.py
[2023-05-24T23:15:55.165+0000] {logging_mixin.py:137} INFO - [2023-05-24T23:15:55.164+0000] {dag.py:2690} INFO - Sync 1 DAGs
[2023-05-24T23:15:55.210+0000] {logging_mixin.py:137} INFO - [2023-05-24T23:15:55.210+0000] {dag.py:3441} INFO - Setting next_dagrun for example_skip_dag to 2023-05-23T23:15:55.209908+00:00, run_after=2023-05-24T23:15:55.209908+00:00
[2023-05-24T23:15:55.649+0000] {processor.py:175} INFO - Processing /home/airflow/.local/lib/python3.7/site-packages/airflow/example_dags/example_skip_dag.py took 0.667 seconds
[2023-05-24T23:17:00.246+0000] {processor.py:153} INFO - Started process (PID=363) to work on /home/airflow/.local/lib/python3.7/site-packages/airflow/example_dags/example_skip_dag.py
[2023-05-24T23:17:00.321+0000] {processor.py:743} INFO - Processing file /home/airflow/.local/lib/python3.7/site-packages/airflow/example_dags/example_skip_dag.py for tasks to queue
[2023-05-24T23:17:00.346+0000] {logging_mixin.py:137} INFO - [2023-05-24T23:17:00.346+0000] {dagbag.py:538} INFO - Filling up the DagBag from /home/airflow/.local/lib/python3.7/site-packages/airflow/example_dags/example_skip_dag.py
[2023-05-24T23:17:00.797+0000] {processor.py:753} INFO - DAG(s) dict_keys(['example_skip_dag']) retrieved from /home/airflow/.local/lib/python3.7/site-packages/airflow/example_dags/example_skip_dag.py
[2023-05-24T23:17:01.310+0000] {logging_mixin.py:137} INFO - [2023-05-24T23:17:01.310+0000] {dag.py:2690} INFO - Sync 1 DAGs
[2023-05-24T23:17:01.738+0000] {logging_mixin.py:137} INFO - [2023-05-24T23:17:01.738+0000] {dag.py:3441} INFO - Setting next_dagrun for example_skip_dag to 2023-05-23T23:17:01.737992+00:00, run_after=2023-05-24T23:17:01.737992+00:00
[2023-05-24T23:17:02.307+0000] {processor.py:175} INFO - Processing /home/airflow/.local/lib/python3.7/site-packages/airflow/example_dags/example_skip_dag.py took 2.165 seconds
[2023-05-24T23:17:48.116+0000] {processor.py:153} INFO - Started process (PID=413) to work on /home/airflow/.local/lib/python3.7/site-packages/airflow/example_dags/example_skip_dag.py
[2023-05-24T23:17:48.187+0000] {processor.py:743} INFO - Processing file /home/airflow/.local/lib/python3.7/site-packages/airflow/example_dags/example_skip_dag.py for tasks to queue
[2023-05-24T23:17:48.246+0000] {logging_mixin.py:137} INFO - [2023-05-24T23:17:48.201+0000] {dagbag.py:538} INFO - Filling up the DagBag from /home/airflow/.local/lib/python3.7/site-packages/airflow/example_dags/example_skip_dag.py
[2023-05-24T23:17:48.610+0000] {processor.py:753} INFO - DAG(s) dict_keys(['example_skip_dag']) retrieved from /home/airflow/.local/lib/python3.7/site-packages/airflow/example_dags/example_skip_dag.py
[2023-05-24T23:17:48.839+0000] {logging_mixin.py:137} INFO - [2023-05-24T23:17:48.838+0000] {dag.py:2690} INFO - Sync 1 DAGs
[2023-05-24T23:17:49.204+0000] {logging_mixin.py:137} INFO - [2023-05-24T23:17:49.204+0000] {dag.py:3441} INFO - Setting next_dagrun for example_skip_dag to 2023-05-23T23:17:49.203864+00:00, run_after=2023-05-24T23:17:49.203864+00:00
[2023-05-24T23:17:49.380+0000] {processor.py:175} INFO - Processing /home/airflow/.local/lib/python3.7/site-packages/airflow/example_dags/example_skip_dag.py took 1.355 seconds
[2023-05-24T23:18:19.492+0000] {processor.py:153} INFO - Started process (PID=472) to work on /home/airflow/.local/lib/python3.7/site-packages/airflow/example_dags/example_skip_dag.py
[2023-05-24T23:18:19.498+0000] {processor.py:743} INFO - Processing file /home/airflow/.local/lib/python3.7/site-packages/airflow/example_dags/example_skip_dag.py for tasks to queue
[2023-05-24T23:18:19.499+0000] {logging_mixin.py:137} INFO - [2023-05-24T23:18:19.499+0000] {dagbag.py:538} INFO - Filling up the DagBag from /home/airflow/.local/lib/python3.7/site-packages/airflow/example_dags/example_skip_dag.py
[2023-05-24T23:18:19.551+0000] {processor.py:753} INFO - DAG(s) dict_keys(['example_skip_dag']) retrieved from /home/airflow/.local/lib/python3.7/site-packages/airflow/example_dags/example_skip_dag.py
[2023-05-24T23:18:19.637+0000] {logging_mixin.py:137} INFO - [2023-05-24T23:18:19.637+0000] {dag.py:2690} INFO - Sync 1 DAGs
[2023-05-24T23:18:19.759+0000] {logging_mixin.py:137} INFO - [2023-05-24T23:18:19.759+0000] {dag.py:3441} INFO - Setting next_dagrun for example_skip_dag to 2023-05-23T23:18:19.758856+00:00, run_after=2023-05-24T23:18:19.758856+00:00
[2023-05-24T23:18:19.842+0000] {processor.py:175} INFO - Processing /home/airflow/.local/lib/python3.7/site-packages/airflow/example_dags/example_skip_dag.py took 0.358 seconds
[2023-05-24T23:20:18.062+0000] {processor.py:153} INFO - Started process (PID=56) to work on /home/airflow/.local/lib/python3.7/site-packages/airflow/example_dags/example_skip_dag.py
[2023-05-24T23:20:18.075+0000] {processor.py:743} INFO - Processing file /home/airflow/.local/lib/python3.7/site-packages/airflow/example_dags/example_skip_dag.py for tasks to queue
[2023-05-24T23:20:18.083+0000] {logging_mixin.py:137} INFO - [2023-05-24T23:20:18.083+0000] {dagbag.py:538} INFO - Filling up the DagBag from /home/airflow/.local/lib/python3.7/site-packages/airflow/example_dags/example_skip_dag.py
[2023-05-24T23:20:18.215+0000] {processor.py:753} INFO - DAG(s) dict_keys(['example_skip_dag']) retrieved from /home/airflow/.local/lib/python3.7/site-packages/airflow/example_dags/example_skip_dag.py
[2023-05-24T23:20:18.403+0000] {logging_mixin.py:137} INFO - [2023-05-24T23:20:18.402+0000] {dag.py:2690} INFO - Sync 1 DAGs
[2023-05-24T23:20:18.649+0000] {logging_mixin.py:137} INFO - [2023-05-24T23:20:18.643+0000] {dag.py:3441} INFO - Setting next_dagrun for example_skip_dag to 2023-05-23T23:20:18.643043+00:00, run_after=2023-05-24T23:20:18.643043+00:00
[2023-05-24T23:20:18.849+0000] {processor.py:175} INFO - Processing /home/airflow/.local/lib/python3.7/site-packages/airflow/example_dags/example_skip_dag.py took 0.809 seconds
[2023-05-24T23:20:48.937+0000] {processor.py:153} INFO - Started process (PID=114) to work on /home/airflow/.local/lib/python3.7/site-packages/airflow/example_dags/example_skip_dag.py
[2023-05-24T23:20:48.946+0000] {processor.py:743} INFO - Processing file /home/airflow/.local/lib/python3.7/site-packages/airflow/example_dags/example_skip_dag.py for tasks to queue
[2023-05-24T23:20:48.950+0000] {logging_mixin.py:137} INFO - [2023-05-24T23:20:48.950+0000] {dagbag.py:538} INFO - Filling up the DagBag from /home/airflow/.local/lib/python3.7/site-packages/airflow/example_dags/example_skip_dag.py
[2023-05-24T23:20:49.012+0000] {processor.py:753} INFO - DAG(s) dict_keys(['example_skip_dag']) retrieved from /home/airflow/.local/lib/python3.7/site-packages/airflow/example_dags/example_skip_dag.py
[2023-05-24T23:20:49.122+0000] {logging_mixin.py:137} INFO - [2023-05-24T23:20:49.122+0000] {dag.py:2690} INFO - Sync 1 DAGs
[2023-05-24T23:20:49.188+0000] {logging_mixin.py:137} INFO - [2023-05-24T23:20:49.188+0000] {dag.py:3441} INFO - Setting next_dagrun for example_skip_dag to 2023-05-23T23:20:49.187807+00:00, run_after=2023-05-24T23:20:49.187807+00:00
[2023-05-24T23:20:49.237+0000] {processor.py:175} INFO - Processing /home/airflow/.local/lib/python3.7/site-packages/airflow/example_dags/example_skip_dag.py took 0.309 seconds
[2023-05-24T23:21:19.738+0000] {processor.py:153} INFO - Started process (PID=176) to work on /home/airflow/.local/lib/python3.7/site-packages/airflow/example_dags/example_skip_dag.py
[2023-05-24T23:21:19.741+0000] {processor.py:743} INFO - Processing file /home/airflow/.local/lib/python3.7/site-packages/airflow/example_dags/example_skip_dag.py for tasks to queue
[2023-05-24T23:21:19.745+0000] {logging_mixin.py:137} INFO - [2023-05-24T23:21:19.743+0000] {dagbag.py:538} INFO - Filling up the DagBag from /home/airflow/.local/lib/python3.7/site-packages/airflow/example_dags/example_skip_dag.py
[2023-05-24T23:21:19.771+0000] {processor.py:753} INFO - DAG(s) dict_keys(['example_skip_dag']) retrieved from /home/airflow/.local/lib/python3.7/site-packages/airflow/example_dags/example_skip_dag.py
[2023-05-24T23:21:19.811+0000] {logging_mixin.py:137} INFO - [2023-05-24T23:21:19.811+0000] {dag.py:2690} INFO - Sync 1 DAGs
[2023-05-24T23:21:19.847+0000] {logging_mixin.py:137} INFO - [2023-05-24T23:21:19.847+0000] {dag.py:3441} INFO - Setting next_dagrun for example_skip_dag to 2023-05-23T23:21:19.846872+00:00, run_after=2023-05-24T23:21:19.846872+00:00
[2023-05-24T23:21:19.872+0000] {processor.py:175} INFO - Processing /home/airflow/.local/lib/python3.7/site-packages/airflow/example_dags/example_skip_dag.py took 0.139 seconds
[2023-05-24T23:21:50.110+0000] {processor.py:153} INFO - Started process (PID=237) to work on /home/airflow/.local/lib/python3.7/site-packages/airflow/example_dags/example_skip_dag.py
[2023-05-24T23:21:50.112+0000] {processor.py:743} INFO - Processing file /home/airflow/.local/lib/python3.7/site-packages/airflow/example_dags/example_skip_dag.py for tasks to queue
[2023-05-24T23:21:50.114+0000] {logging_mixin.py:137} INFO - [2023-05-24T23:21:50.114+0000] {dagbag.py:538} INFO - Filling up the DagBag from /home/airflow/.local/lib/python3.7/site-packages/airflow/example_dags/example_skip_dag.py
[2023-05-24T23:21:50.134+0000] {processor.py:753} INFO - DAG(s) dict_keys(['example_skip_dag']) retrieved from /home/airflow/.local/lib/python3.7/site-packages/airflow/example_dags/example_skip_dag.py
[2023-05-24T23:21:50.178+0000] {logging_mixin.py:137} INFO - [2023-05-24T23:21:50.177+0000] {dag.py:2690} INFO - Sync 1 DAGs
[2023-05-24T23:21:50.212+0000] {logging_mixin.py:137} INFO - [2023-05-24T23:21:50.212+0000] {dag.py:3441} INFO - Setting next_dagrun for example_skip_dag to 2023-05-23T23:21:50.212076+00:00, run_after=2023-05-24T23:21:50.212076+00:00
[2023-05-24T23:21:50.238+0000] {processor.py:175} INFO - Processing /home/airflow/.local/lib/python3.7/site-packages/airflow/example_dags/example_skip_dag.py took 0.132 seconds
[2023-05-24T23:22:20.942+0000] {processor.py:153} INFO - Started process (PID=297) to work on /home/airflow/.local/lib/python3.7/site-packages/airflow/example_dags/example_skip_dag.py
[2023-05-24T23:22:20.953+0000] {processor.py:743} INFO - Processing file /home/airflow/.local/lib/python3.7/site-packages/airflow/example_dags/example_skip_dag.py for tasks to queue
[2023-05-24T23:22:20.956+0000] {logging_mixin.py:137} INFO - [2023-05-24T23:22:20.955+0000] {dagbag.py:538} INFO - Filling up the DagBag from /home/airflow/.local/lib/python3.7/site-packages/airflow/example_dags/example_skip_dag.py
[2023-05-24T23:22:21.023+0000] {processor.py:753} INFO - DAG(s) dict_keys(['example_skip_dag']) retrieved from /home/airflow/.local/lib/python3.7/site-packages/airflow/example_dags/example_skip_dag.py
[2023-05-24T23:22:21.118+0000] {logging_mixin.py:137} INFO - [2023-05-24T23:22:21.118+0000] {dag.py:2690} INFO - Sync 1 DAGs
[2023-05-24T23:22:21.181+0000] {logging_mixin.py:137} INFO - [2023-05-24T23:22:21.181+0000] {dag.py:3441} INFO - Setting next_dagrun for example_skip_dag to 2023-05-23T23:22:21.180539+00:00, run_after=2023-05-24T23:22:21.180539+00:00
[2023-05-24T23:22:21.219+0000] {processor.py:175} INFO - Processing /home/airflow/.local/lib/python3.7/site-packages/airflow/example_dags/example_skip_dag.py took 0.299 seconds
[2023-05-24T23:22:52.034+0000] {processor.py:153} INFO - Started process (PID=363) to work on /home/airflow/.local/lib/python3.7/site-packages/airflow/example_dags/example_skip_dag.py
[2023-05-24T23:22:52.046+0000] {processor.py:743} INFO - Processing file /home/airflow/.local/lib/python3.7/site-packages/airflow/example_dags/example_skip_dag.py for tasks to queue
[2023-05-24T23:22:52.049+0000] {logging_mixin.py:137} INFO - [2023-05-24T23:22:52.049+0000] {dagbag.py:538} INFO - Filling up the DagBag from /home/airflow/.local/lib/python3.7/site-packages/airflow/example_dags/example_skip_dag.py
[2023-05-24T23:22:52.097+0000] {processor.py:753} INFO - DAG(s) dict_keys(['example_skip_dag']) retrieved from /home/airflow/.local/lib/python3.7/site-packages/airflow/example_dags/example_skip_dag.py
[2023-05-24T23:22:52.158+0000] {logging_mixin.py:137} INFO - [2023-05-24T23:22:52.158+0000] {dag.py:2690} INFO - Sync 1 DAGs
[2023-05-24T23:22:52.287+0000] {logging_mixin.py:137} INFO - [2023-05-24T23:22:52.287+0000] {dag.py:3441} INFO - Setting next_dagrun for example_skip_dag to 2023-05-23T23:22:52.287113+00:00, run_after=2023-05-24T23:22:52.287113+00:00
[2023-05-24T23:22:52.357+0000] {processor.py:175} INFO - Processing /home/airflow/.local/lib/python3.7/site-packages/airflow/example_dags/example_skip_dag.py took 0.337 seconds
[2023-05-24T23:23:22.503+0000] {processor.py:153} INFO - Started process (PID=425) to work on /home/airflow/.local/lib/python3.7/site-packages/airflow/example_dags/example_skip_dag.py
[2023-05-24T23:23:22.506+0000] {processor.py:743} INFO - Processing file /home/airflow/.local/lib/python3.7/site-packages/airflow/example_dags/example_skip_dag.py for tasks to queue
[2023-05-24T23:23:22.509+0000] {logging_mixin.py:137} INFO - [2023-05-24T23:23:22.508+0000] {dagbag.py:538} INFO - Filling up the DagBag from /home/airflow/.local/lib/python3.7/site-packages/airflow/example_dags/example_skip_dag.py
[2023-05-24T23:23:22.542+0000] {processor.py:753} INFO - DAG(s) dict_keys(['example_skip_dag']) retrieved from /home/airflow/.local/lib/python3.7/site-packages/airflow/example_dags/example_skip_dag.py
[2023-05-24T23:23:22.580+0000] {logging_mixin.py:137} INFO - [2023-05-24T23:23:22.580+0000] {dag.py:2690} INFO - Sync 1 DAGs
[2023-05-24T23:23:22.614+0000] {logging_mixin.py:137} INFO - [2023-05-24T23:23:22.614+0000] {dag.py:3441} INFO - Setting next_dagrun for example_skip_dag to 2023-05-23T23:23:22.613724+00:00, run_after=2023-05-24T23:23:22.613724+00:00
[2023-05-24T23:23:22.644+0000] {processor.py:175} INFO - Processing /home/airflow/.local/lib/python3.7/site-packages/airflow/example_dags/example_skip_dag.py took 0.150 seconds
[2023-05-24T23:23:53.241+0000] {processor.py:153} INFO - Started process (PID=486) to work on /home/airflow/.local/lib/python3.7/site-packages/airflow/example_dags/example_skip_dag.py
[2023-05-24T23:23:53.323+0000] {processor.py:743} INFO - Processing file /home/airflow/.local/lib/python3.7/site-packages/airflow/example_dags/example_skip_dag.py for tasks to queue
[2023-05-24T23:23:53.344+0000] {logging_mixin.py:137} INFO - [2023-05-24T23:23:53.343+0000] {dagbag.py:538} INFO - Filling up the DagBag from /home/airflow/.local/lib/python3.7/site-packages/airflow/example_dags/example_skip_dag.py
[2023-05-24T23:23:53.386+0000] {processor.py:753} INFO - DAG(s) dict_keys(['example_skip_dag']) retrieved from /home/airflow/.local/lib/python3.7/site-packages/airflow/example_dags/example_skip_dag.py
[2023-05-24T23:23:53.472+0000] {logging_mixin.py:137} INFO - [2023-05-24T23:23:53.472+0000] {dag.py:2690} INFO - Sync 1 DAGs
[2023-05-24T23:23:53.557+0000] {logging_mixin.py:137} INFO - [2023-05-24T23:23:53.557+0000] {dag.py:3441} INFO - Setting next_dagrun for example_skip_dag to 2023-05-23T23:23:53.554419+00:00, run_after=2023-05-24T23:23:53.554419+00:00
[2023-05-24T23:23:53.615+0000] {processor.py:175} INFO - Processing /home/airflow/.local/lib/python3.7/site-packages/airflow/example_dags/example_skip_dag.py took 0.394 seconds
[2023-05-24T23:24:24.354+0000] {processor.py:153} INFO - Started process (PID=545) to work on /home/airflow/.local/lib/python3.7/site-packages/airflow/example_dags/example_skip_dag.py
[2023-05-24T23:24:24.356+0000] {processor.py:743} INFO - Processing file /home/airflow/.local/lib/python3.7/site-packages/airflow/example_dags/example_skip_dag.py for tasks to queue
[2023-05-24T23:24:24.359+0000] {logging_mixin.py:137} INFO - [2023-05-24T23:24:24.358+0000] {dagbag.py:538} INFO - Filling up the DagBag from /home/airflow/.local/lib/python3.7/site-packages/airflow/example_dags/example_skip_dag.py
[2023-05-24T23:24:24.407+0000] {processor.py:753} INFO - DAG(s) dict_keys(['example_skip_dag']) retrieved from /home/airflow/.local/lib/python3.7/site-packages/airflow/example_dags/example_skip_dag.py
[2023-05-24T23:24:24.470+0000] {logging_mixin.py:137} INFO - [2023-05-24T23:24:24.470+0000] {dag.py:2690} INFO - Sync 1 DAGs
[2023-05-24T23:24:24.539+0000] {logging_mixin.py:137} INFO - [2023-05-24T23:24:24.539+0000] {dag.py:3441} INFO - Setting next_dagrun for example_skip_dag to 2023-05-23T23:24:24.538988+00:00, run_after=2023-05-24T23:24:24.538988+00:00
[2023-05-24T23:24:24.586+0000] {processor.py:175} INFO - Processing /home/airflow/.local/lib/python3.7/site-packages/airflow/example_dags/example_skip_dag.py took 0.238 seconds
[2023-05-24T23:24:55.147+0000] {processor.py:153} INFO - Started process (PID=604) to work on /home/airflow/.local/lib/python3.7/site-packages/airflow/example_dags/example_skip_dag.py
[2023-05-24T23:24:55.155+0000] {processor.py:743} INFO - Processing file /home/airflow/.local/lib/python3.7/site-packages/airflow/example_dags/example_skip_dag.py for tasks to queue
[2023-05-24T23:24:55.159+0000] {logging_mixin.py:137} INFO - [2023-05-24T23:24:55.159+0000] {dagbag.py:538} INFO - Filling up the DagBag from /home/airflow/.local/lib/python3.7/site-packages/airflow/example_dags/example_skip_dag.py
[2023-05-24T23:24:55.231+0000] {processor.py:753} INFO - DAG(s) dict_keys(['example_skip_dag']) retrieved from /home/airflow/.local/lib/python3.7/site-packages/airflow/example_dags/example_skip_dag.py
[2023-05-24T23:24:55.345+0000] {logging_mixin.py:137} INFO - [2023-05-24T23:24:55.344+0000] {dag.py:2690} INFO - Sync 1 DAGs
[2023-05-24T23:24:55.558+0000] {logging_mixin.py:137} INFO - [2023-05-24T23:24:55.558+0000] {dag.py:3441} INFO - Setting next_dagrun for example_skip_dag to 2023-05-23T23:24:55.558164+00:00, run_after=2023-05-24T23:24:55.558164+00:00
[2023-05-24T23:24:55.624+0000] {processor.py:175} INFO - Processing /home/airflow/.local/lib/python3.7/site-packages/airflow/example_dags/example_skip_dag.py took 0.493 seconds
[2023-05-24T23:25:26.002+0000] {processor.py:153} INFO - Started process (PID=664) to work on /home/airflow/.local/lib/python3.7/site-packages/airflow/example_dags/example_skip_dag.py
[2023-05-24T23:25:26.004+0000] {processor.py:743} INFO - Processing file /home/airflow/.local/lib/python3.7/site-packages/airflow/example_dags/example_skip_dag.py for tasks to queue
[2023-05-24T23:25:26.007+0000] {logging_mixin.py:137} INFO - [2023-05-24T23:25:26.006+0000] {dagbag.py:538} INFO - Filling up the DagBag from /home/airflow/.local/lib/python3.7/site-packages/airflow/example_dags/example_skip_dag.py
[2023-05-24T23:25:26.027+0000] {processor.py:753} INFO - DAG(s) dict_keys(['example_skip_dag']) retrieved from /home/airflow/.local/lib/python3.7/site-packages/airflow/example_dags/example_skip_dag.py
[2023-05-24T23:25:26.060+0000] {logging_mixin.py:137} INFO - [2023-05-24T23:25:26.060+0000] {dag.py:2690} INFO - Sync 1 DAGs
[2023-05-24T23:25:26.091+0000] {logging_mixin.py:137} INFO - [2023-05-24T23:25:26.091+0000] {dag.py:3441} INFO - Setting next_dagrun for example_skip_dag to 2023-05-23T23:25:26.091386+00:00, run_after=2023-05-24T23:25:26.091386+00:00
[2023-05-24T23:25:26.122+0000] {processor.py:175} INFO - Processing /home/airflow/.local/lib/python3.7/site-packages/airflow/example_dags/example_skip_dag.py took 0.125 seconds
[2023-05-24T23:25:56.688+0000] {processor.py:153} INFO - Started process (PID=723) to work on /home/airflow/.local/lib/python3.7/site-packages/airflow/example_dags/example_skip_dag.py
[2023-05-24T23:25:56.691+0000] {processor.py:743} INFO - Processing file /home/airflow/.local/lib/python3.7/site-packages/airflow/example_dags/example_skip_dag.py for tasks to queue
[2023-05-24T23:25:56.695+0000] {logging_mixin.py:137} INFO - [2023-05-24T23:25:56.694+0000] {dagbag.py:538} INFO - Filling up the DagBag from /home/airflow/.local/lib/python3.7/site-packages/airflow/example_dags/example_skip_dag.py
[2023-05-24T23:25:56.721+0000] {processor.py:753} INFO - DAG(s) dict_keys(['example_skip_dag']) retrieved from /home/airflow/.local/lib/python3.7/site-packages/airflow/example_dags/example_skip_dag.py
[2023-05-24T23:25:56.753+0000] {logging_mixin.py:137} INFO - [2023-05-24T23:25:56.753+0000] {dag.py:2690} INFO - Sync 1 DAGs
[2023-05-24T23:25:56.792+0000] {logging_mixin.py:137} INFO - [2023-05-24T23:25:56.792+0000] {dag.py:3441} INFO - Setting next_dagrun for example_skip_dag to 2023-05-23T23:25:56.792182+00:00, run_after=2023-05-24T23:25:56.792182+00:00
[2023-05-24T23:25:56.821+0000] {processor.py:175} INFO - Processing /home/airflow/.local/lib/python3.7/site-packages/airflow/example_dags/example_skip_dag.py took 0.142 seconds
[2023-05-24T23:26:39.269+0000] {processor.py:153} INFO - Started process (PID=792) to work on /home/airflow/.local/lib/python3.7/site-packages/airflow/example_dags/example_skip_dag.py
[2023-05-24T23:26:39.351+0000] {processor.py:743} INFO - Processing file /home/airflow/.local/lib/python3.7/site-packages/airflow/example_dags/example_skip_dag.py for tasks to queue
[2023-05-24T23:26:39.460+0000] {logging_mixin.py:137} INFO - [2023-05-24T23:26:39.459+0000] {dagbag.py:538} INFO - Filling up the DagBag from /home/airflow/.local/lib/python3.7/site-packages/airflow/example_dags/example_skip_dag.py
[2023-05-24T23:26:39.709+0000] {processor.py:753} INFO - DAG(s) dict_keys(['example_skip_dag']) retrieved from /home/airflow/.local/lib/python3.7/site-packages/airflow/example_dags/example_skip_dag.py
[2023-05-24T23:26:40.754+0000] {logging_mixin.py:137} INFO - [2023-05-24T23:26:40.754+0000] {dag.py:2690} INFO - Sync 1 DAGs
[2023-05-24T23:26:41.971+0000] {logging_mixin.py:137} INFO - [2023-05-24T23:26:41.971+0000] {dag.py:3441} INFO - Setting next_dagrun for example_skip_dag to 2023-05-23T23:26:41.926869+00:00, run_after=2023-05-24T23:26:41.926869+00:00
[2023-05-24T23:26:43.482+0000] {processor.py:175} INFO - Processing /home/airflow/.local/lib/python3.7/site-packages/airflow/example_dags/example_skip_dag.py took 4.394 seconds
[2023-05-24T23:27:15.797+0000] {processor.py:153} INFO - Started process (PID=850) to work on /home/airflow/.local/lib/python3.7/site-packages/airflow/example_dags/example_skip_dag.py
[2023-05-24T23:27:15.800+0000] {processor.py:743} INFO - Processing file /home/airflow/.local/lib/python3.7/site-packages/airflow/example_dags/example_skip_dag.py for tasks to queue
[2023-05-24T23:27:15.803+0000] {logging_mixin.py:137} INFO - [2023-05-24T23:27:15.802+0000] {dagbag.py:538} INFO - Filling up the DagBag from /home/airflow/.local/lib/python3.7/site-packages/airflow/example_dags/example_skip_dag.py
[2023-05-24T23:27:15.854+0000] {processor.py:753} INFO - DAG(s) dict_keys(['example_skip_dag']) retrieved from /home/airflow/.local/lib/python3.7/site-packages/airflow/example_dags/example_skip_dag.py
[2023-05-24T23:27:15.948+0000] {logging_mixin.py:137} INFO - [2023-05-24T23:27:15.948+0000] {dag.py:2690} INFO - Sync 1 DAGs
[2023-05-24T23:27:16.092+0000] {logging_mixin.py:137} INFO - [2023-05-24T23:27:16.091+0000] {dag.py:3441} INFO - Setting next_dagrun for example_skip_dag to 2023-05-23T23:27:16.090548+00:00, run_after=2023-05-24T23:27:16.090548+00:00
[2023-05-24T23:27:16.181+0000] {processor.py:175} INFO - Processing /home/airflow/.local/lib/python3.7/site-packages/airflow/example_dags/example_skip_dag.py took 0.401 seconds
[2023-05-24T23:28:14.717+0000] {processor.py:153} INFO - Started process (PID=912) to work on /home/airflow/.local/lib/python3.7/site-packages/airflow/example_dags/example_skip_dag.py
[2023-05-24T23:28:14.745+0000] {processor.py:743} INFO - Processing file /home/airflow/.local/lib/python3.7/site-packages/airflow/example_dags/example_skip_dag.py for tasks to queue
[2023-05-24T23:28:14.763+0000] {logging_mixin.py:137} INFO - [2023-05-24T23:28:14.763+0000] {dagbag.py:538} INFO - Filling up the DagBag from /home/airflow/.local/lib/python3.7/site-packages/airflow/example_dags/example_skip_dag.py
[2023-05-24T23:28:15.061+0000] {processor.py:753} INFO - DAG(s) dict_keys(['example_skip_dag']) retrieved from /home/airflow/.local/lib/python3.7/site-packages/airflow/example_dags/example_skip_dag.py
[2023-05-24T23:28:15.269+0000] {logging_mixin.py:137} INFO - [2023-05-24T23:28:15.268+0000] {dag.py:2690} INFO - Sync 1 DAGs
[2023-05-24T23:28:15.841+0000] {logging_mixin.py:137} INFO - [2023-05-24T23:28:15.840+0000] {dag.py:3441} INFO - Setting next_dagrun for example_skip_dag to 2023-05-23T23:28:15.840470+00:00, run_after=2023-05-24T23:28:15.840470+00:00
[2023-05-24T23:28:16.114+0000] {processor.py:175} INFO - Processing /home/airflow/.local/lib/python3.7/site-packages/airflow/example_dags/example_skip_dag.py took 1.485 seconds
[2023-05-24T23:29:00.697+0000] {processor.py:153} INFO - Started process (PID=954) to work on /home/airflow/.local/lib/python3.7/site-packages/airflow/example_dags/example_skip_dag.py
[2023-05-24T23:29:00.704+0000] {processor.py:743} INFO - Processing file /home/airflow/.local/lib/python3.7/site-packages/airflow/example_dags/example_skip_dag.py for tasks to queue
[2023-05-24T23:29:00.717+0000] {logging_mixin.py:137} INFO - [2023-05-24T23:29:00.715+0000] {dagbag.py:538} INFO - Filling up the DagBag from /home/airflow/.local/lib/python3.7/site-packages/airflow/example_dags/example_skip_dag.py
[2023-05-24T23:29:00.900+0000] {processor.py:753} INFO - DAG(s) dict_keys(['example_skip_dag']) retrieved from /home/airflow/.local/lib/python3.7/site-packages/airflow/example_dags/example_skip_dag.py
[2023-05-24T23:29:01.284+0000] {logging_mixin.py:137} INFO - [2023-05-24T23:29:01.284+0000] {dag.py:2690} INFO - Sync 1 DAGs
[2023-05-24T23:29:01.480+0000] {logging_mixin.py:137} INFO - [2023-05-24T23:29:01.480+0000] {dag.py:3441} INFO - Setting next_dagrun for example_skip_dag to 2023-05-23T23:29:01.479602+00:00, run_after=2023-05-24T23:29:01.479602+00:00
[2023-05-24T23:29:01.777+0000] {processor.py:175} INFO - Processing /home/airflow/.local/lib/python3.7/site-packages/airflow/example_dags/example_skip_dag.py took 1.182 seconds
[2023-05-24T23:29:32.220+0000] {processor.py:153} INFO - Started process (PID=1016) to work on /home/airflow/.local/lib/python3.7/site-packages/airflow/example_dags/example_skip_dag.py
[2023-05-24T23:29:32.222+0000] {processor.py:743} INFO - Processing file /home/airflow/.local/lib/python3.7/site-packages/airflow/example_dags/example_skip_dag.py for tasks to queue
[2023-05-24T23:29:32.224+0000] {logging_mixin.py:137} INFO - [2023-05-24T23:29:32.224+0000] {dagbag.py:538} INFO - Filling up the DagBag from /home/airflow/.local/lib/python3.7/site-packages/airflow/example_dags/example_skip_dag.py
[2023-05-24T23:29:32.246+0000] {processor.py:753} INFO - DAG(s) dict_keys(['example_skip_dag']) retrieved from /home/airflow/.local/lib/python3.7/site-packages/airflow/example_dags/example_skip_dag.py
[2023-05-24T23:29:32.290+0000] {logging_mixin.py:137} INFO - [2023-05-24T23:29:32.290+0000] {dag.py:2690} INFO - Sync 1 DAGs
[2023-05-24T23:29:32.328+0000] {logging_mixin.py:137} INFO - [2023-05-24T23:29:32.328+0000] {dag.py:3441} INFO - Setting next_dagrun for example_skip_dag to 2023-05-23T23:29:32.328080+00:00, run_after=2023-05-24T23:29:32.328080+00:00
[2023-05-24T23:29:32.356+0000] {processor.py:175} INFO - Processing /home/airflow/.local/lib/python3.7/site-packages/airflow/example_dags/example_skip_dag.py took 0.143 seconds
[2023-05-24T23:30:02.734+0000] {processor.py:153} INFO - Started process (PID=1075) to work on /home/airflow/.local/lib/python3.7/site-packages/airflow/example_dags/example_skip_dag.py
[2023-05-24T23:30:02.739+0000] {processor.py:743} INFO - Processing file /home/airflow/.local/lib/python3.7/site-packages/airflow/example_dags/example_skip_dag.py for tasks to queue
[2023-05-24T23:30:02.743+0000] {logging_mixin.py:137} INFO - [2023-05-24T23:30:02.742+0000] {dagbag.py:538} INFO - Filling up the DagBag from /home/airflow/.local/lib/python3.7/site-packages/airflow/example_dags/example_skip_dag.py
[2023-05-24T23:30:02.791+0000] {processor.py:753} INFO - DAG(s) dict_keys(['example_skip_dag']) retrieved from /home/airflow/.local/lib/python3.7/site-packages/airflow/example_dags/example_skip_dag.py
[2023-05-24T23:30:02.866+0000] {logging_mixin.py:137} INFO - [2023-05-24T23:30:02.866+0000] {dag.py:2690} INFO - Sync 1 DAGs
[2023-05-24T23:30:02.915+0000] {logging_mixin.py:137} INFO - [2023-05-24T23:30:02.915+0000] {dag.py:3441} INFO - Setting next_dagrun for example_skip_dag to 2023-05-23T23:30:02.915072+00:00, run_after=2023-05-24T23:30:02.915072+00:00
[2023-05-24T23:30:02.943+0000] {processor.py:175} INFO - Processing /home/airflow/.local/lib/python3.7/site-packages/airflow/example_dags/example_skip_dag.py took 0.217 seconds
[2023-05-24T23:30:33.104+0000] {processor.py:153} INFO - Started process (PID=1135) to work on /home/airflow/.local/lib/python3.7/site-packages/airflow/example_dags/example_skip_dag.py
[2023-05-24T23:30:33.106+0000] {processor.py:743} INFO - Processing file /home/airflow/.local/lib/python3.7/site-packages/airflow/example_dags/example_skip_dag.py for tasks to queue
[2023-05-24T23:30:33.109+0000] {logging_mixin.py:137} INFO - [2023-05-24T23:30:33.108+0000] {dagbag.py:538} INFO - Filling up the DagBag from /home/airflow/.local/lib/python3.7/site-packages/airflow/example_dags/example_skip_dag.py
[2023-05-24T23:30:33.129+0000] {processor.py:753} INFO - DAG(s) dict_keys(['example_skip_dag']) retrieved from /home/airflow/.local/lib/python3.7/site-packages/airflow/example_dags/example_skip_dag.py
[2023-05-24T23:30:33.164+0000] {logging_mixin.py:137} INFO - [2023-05-24T23:30:33.164+0000] {dag.py:2690} INFO - Sync 1 DAGs
[2023-05-24T23:30:33.197+0000] {logging_mixin.py:137} INFO - [2023-05-24T23:30:33.197+0000] {dag.py:3441} INFO - Setting next_dagrun for example_skip_dag to 2023-05-23T23:30:33.197187+00:00, run_after=2023-05-24T23:30:33.197187+00:00
[2023-05-24T23:30:33.236+0000] {processor.py:175} INFO - Processing /home/airflow/.local/lib/python3.7/site-packages/airflow/example_dags/example_skip_dag.py took 0.140 seconds
[2023-05-24T23:31:04.165+0000] {processor.py:153} INFO - Started process (PID=1195) to work on /home/airflow/.local/lib/python3.7/site-packages/airflow/example_dags/example_skip_dag.py
[2023-05-24T23:31:04.171+0000] {processor.py:743} INFO - Processing file /home/airflow/.local/lib/python3.7/site-packages/airflow/example_dags/example_skip_dag.py for tasks to queue
[2023-05-24T23:31:04.175+0000] {logging_mixin.py:137} INFO - [2023-05-24T23:31:04.174+0000] {dagbag.py:538} INFO - Filling up the DagBag from /home/airflow/.local/lib/python3.7/site-packages/airflow/example_dags/example_skip_dag.py
[2023-05-24T23:31:04.197+0000] {processor.py:753} INFO - DAG(s) dict_keys(['example_skip_dag']) retrieved from /home/airflow/.local/lib/python3.7/site-packages/airflow/example_dags/example_skip_dag.py
[2023-05-24T23:31:04.241+0000] {logging_mixin.py:137} INFO - [2023-05-24T23:31:04.241+0000] {dag.py:2690} INFO - Sync 1 DAGs
[2023-05-24T23:31:04.278+0000] {logging_mixin.py:137} INFO - [2023-05-24T23:31:04.278+0000] {dag.py:3441} INFO - Setting next_dagrun for example_skip_dag to 2023-05-23T23:31:04.277744+00:00, run_after=2023-05-24T23:31:04.277744+00:00
[2023-05-24T23:31:04.306+0000] {processor.py:175} INFO - Processing /home/airflow/.local/lib/python3.7/site-packages/airflow/example_dags/example_skip_dag.py took 0.149 seconds
[2023-05-24T23:33:50.837+0000] {processor.py:153} INFO - Started process (PID=56) to work on /home/airflow/.local/lib/python3.7/site-packages/airflow/example_dags/example_skip_dag.py
[2023-05-24T23:33:50.858+0000] {processor.py:743} INFO - Processing file /home/airflow/.local/lib/python3.7/site-packages/airflow/example_dags/example_skip_dag.py for tasks to queue
[2023-05-24T23:33:50.869+0000] {logging_mixin.py:137} INFO - [2023-05-24T23:33:50.868+0000] {dagbag.py:538} INFO - Filling up the DagBag from /home/airflow/.local/lib/python3.7/site-packages/airflow/example_dags/example_skip_dag.py
[2023-05-24T23:33:50.979+0000] {processor.py:753} INFO - DAG(s) dict_keys(['example_skip_dag']) retrieved from /home/airflow/.local/lib/python3.7/site-packages/airflow/example_dags/example_skip_dag.py
[2023-05-24T23:33:51.094+0000] {logging_mixin.py:137} INFO - [2023-05-24T23:33:51.094+0000] {dag.py:2690} INFO - Sync 1 DAGs
[2023-05-24T23:33:51.358+0000] {logging_mixin.py:137} INFO - [2023-05-24T23:33:51.337+0000] {dag.py:3441} INFO - Setting next_dagrun for example_skip_dag to 2023-05-23T23:33:51.330875+00:00, run_after=2023-05-24T23:33:51.330875+00:00
[2023-05-24T23:33:51.846+0000] {processor.py:175} INFO - Processing /home/airflow/.local/lib/python3.7/site-packages/airflow/example_dags/example_skip_dag.py took 1.015 seconds
[2023-05-24T23:34:22.095+0000] {processor.py:153} INFO - Started process (PID=115) to work on /home/airflow/.local/lib/python3.7/site-packages/airflow/example_dags/example_skip_dag.py
[2023-05-24T23:34:22.099+0000] {processor.py:743} INFO - Processing file /home/airflow/.local/lib/python3.7/site-packages/airflow/example_dags/example_skip_dag.py for tasks to queue
[2023-05-24T23:34:22.102+0000] {logging_mixin.py:137} INFO - [2023-05-24T23:34:22.102+0000] {dagbag.py:538} INFO - Filling up the DagBag from /home/airflow/.local/lib/python3.7/site-packages/airflow/example_dags/example_skip_dag.py
[2023-05-24T23:34:22.147+0000] {processor.py:753} INFO - DAG(s) dict_keys(['example_skip_dag']) retrieved from /home/airflow/.local/lib/python3.7/site-packages/airflow/example_dags/example_skip_dag.py
[2023-05-24T23:34:22.304+0000] {logging_mixin.py:137} INFO - [2023-05-24T23:34:22.304+0000] {dag.py:2690} INFO - Sync 1 DAGs
[2023-05-24T23:34:22.423+0000] {logging_mixin.py:137} INFO - [2023-05-24T23:34:22.422+0000] {dag.py:3441} INFO - Setting next_dagrun for example_skip_dag to 2023-05-23T23:34:22.422659+00:00, run_after=2023-05-24T23:34:22.422659+00:00
[2023-05-24T23:34:22.490+0000] {processor.py:175} INFO - Processing /home/airflow/.local/lib/python3.7/site-packages/airflow/example_dags/example_skip_dag.py took 0.406 seconds
[2023-05-24T23:34:52.806+0000] {processor.py:153} INFO - Started process (PID=164) to work on /home/airflow/.local/lib/python3.7/site-packages/airflow/example_dags/example_skip_dag.py
[2023-05-24T23:34:52.815+0000] {processor.py:743} INFO - Processing file /home/airflow/.local/lib/python3.7/site-packages/airflow/example_dags/example_skip_dag.py for tasks to queue
[2023-05-24T23:34:52.819+0000] {logging_mixin.py:137} INFO - [2023-05-24T23:34:52.818+0000] {dagbag.py:538} INFO - Filling up the DagBag from /home/airflow/.local/lib/python3.7/site-packages/airflow/example_dags/example_skip_dag.py
[2023-05-24T23:34:52.840+0000] {processor.py:753} INFO - DAG(s) dict_keys(['example_skip_dag']) retrieved from /home/airflow/.local/lib/python3.7/site-packages/airflow/example_dags/example_skip_dag.py
[2023-05-24T23:34:52.929+0000] {logging_mixin.py:137} INFO - [2023-05-24T23:34:52.928+0000] {dag.py:2690} INFO - Sync 1 DAGs
[2023-05-24T23:34:53.017+0000] {logging_mixin.py:137} INFO - [2023-05-24T23:34:53.017+0000] {dag.py:3441} INFO - Setting next_dagrun for example_skip_dag to 2023-05-23T23:34:53.017344+00:00, run_after=2023-05-24T23:34:53.017344+00:00
[2023-05-24T23:34:53.050+0000] {processor.py:175} INFO - Processing /home/airflow/.local/lib/python3.7/site-packages/airflow/example_dags/example_skip_dag.py took 0.258 seconds
[2023-05-24T23:35:52.569+0000] {processor.py:153} INFO - Started process (PID=231) to work on /home/airflow/.local/lib/python3.7/site-packages/airflow/example_dags/example_skip_dag.py
[2023-05-24T23:35:52.588+0000] {processor.py:743} INFO - Processing file /home/airflow/.local/lib/python3.7/site-packages/airflow/example_dags/example_skip_dag.py for tasks to queue
[2023-05-24T23:35:52.611+0000] {logging_mixin.py:137} INFO - [2023-05-24T23:35:52.611+0000] {dagbag.py:538} INFO - Filling up the DagBag from /home/airflow/.local/lib/python3.7/site-packages/airflow/example_dags/example_skip_dag.py
[2023-05-24T23:35:53.386+0000] {processor.py:753} INFO - DAG(s) dict_keys(['example_skip_dag']) retrieved from /home/airflow/.local/lib/python3.7/site-packages/airflow/example_dags/example_skip_dag.py
[2023-05-24T23:35:54.415+0000] {logging_mixin.py:137} INFO - [2023-05-24T23:35:54.401+0000] {dag.py:2690} INFO - Sync 1 DAGs
[2023-05-24T23:35:55.030+0000] {logging_mixin.py:137} INFO - [2023-05-24T23:35:55.030+0000] {dag.py:3441} INFO - Setting next_dagrun for example_skip_dag to 2023-05-23T23:35:55.029216+00:00, run_after=2023-05-24T23:35:55.029216+00:00
[2023-05-24T23:35:55.671+0000] {processor.py:175} INFO - Processing /home/airflow/.local/lib/python3.7/site-packages/airflow/example_dags/example_skip_dag.py took 3.203 seconds
[2023-05-24T23:37:02.960+0000] {processor.py:153} INFO - Started process (PID=309) to work on /home/airflow/.local/lib/python3.7/site-packages/airflow/example_dags/example_skip_dag.py
[2023-05-24T23:37:02.970+0000] {processor.py:743} INFO - Processing file /home/airflow/.local/lib/python3.7/site-packages/airflow/example_dags/example_skip_dag.py for tasks to queue
[2023-05-24T23:37:02.976+0000] {logging_mixin.py:137} INFO - [2023-05-24T23:37:02.975+0000] {dagbag.py:538} INFO - Filling up the DagBag from /home/airflow/.local/lib/python3.7/site-packages/airflow/example_dags/example_skip_dag.py
[2023-05-24T23:37:03.154+0000] {processor.py:753} INFO - DAG(s) dict_keys(['example_skip_dag']) retrieved from /home/airflow/.local/lib/python3.7/site-packages/airflow/example_dags/example_skip_dag.py
[2023-05-24T23:37:03.958+0000] {logging_mixin.py:137} INFO - [2023-05-24T23:37:03.958+0000] {dag.py:2690} INFO - Sync 1 DAGs
[2023-05-24T23:37:04.619+0000] {logging_mixin.py:137} INFO - [2023-05-24T23:37:04.619+0000] {dag.py:3441} INFO - Setting next_dagrun for example_skip_dag to 2023-05-23T23:37:04.619241+00:00, run_after=2023-05-24T23:37:04.619241+00:00
[2023-05-24T23:37:06.001+0000] {processor.py:175} INFO - Processing /home/airflow/.local/lib/python3.7/site-packages/airflow/example_dags/example_skip_dag.py took 3.064 seconds
[2023-05-24T23:37:51.843+0000] {processor.py:153} INFO - Started process (PID=366) to work on /home/airflow/.local/lib/python3.7/site-packages/airflow/example_dags/example_skip_dag.py
[2023-05-24T23:37:51.873+0000] {processor.py:743} INFO - Processing file /home/airflow/.local/lib/python3.7/site-packages/airflow/example_dags/example_skip_dag.py for tasks to queue
[2023-05-24T23:37:51.896+0000] {logging_mixin.py:137} INFO - [2023-05-24T23:37:51.885+0000] {dagbag.py:538} INFO - Filling up the DagBag from /home/airflow/.local/lib/python3.7/site-packages/airflow/example_dags/example_skip_dag.py
[2023-05-24T23:37:52.127+0000] {processor.py:753} INFO - DAG(s) dict_keys(['example_skip_dag']) retrieved from /home/airflow/.local/lib/python3.7/site-packages/airflow/example_dags/example_skip_dag.py
[2023-05-24T23:37:52.842+0000] {logging_mixin.py:137} INFO - [2023-05-24T23:37:52.842+0000] {dag.py:2690} INFO - Sync 1 DAGs
[2023-05-24T23:37:53.325+0000] {logging_mixin.py:137} INFO - [2023-05-24T23:37:53.324+0000] {dag.py:3441} INFO - Setting next_dagrun for example_skip_dag to 2023-05-23T23:37:53.320889+00:00, run_after=2023-05-24T23:37:53.320889+00:00
[2023-05-24T23:37:53.861+0000] {processor.py:175} INFO - Processing /home/airflow/.local/lib/python3.7/site-packages/airflow/example_dags/example_skip_dag.py took 2.058 seconds
[2023-05-24T23:39:17.857+0000] {processor.py:153} INFO - Started process (PID=448) to work on /home/airflow/.local/lib/python3.7/site-packages/airflow/example_dags/example_skip_dag.py
[2023-05-24T23:39:17.874+0000] {processor.py:743} INFO - Processing file /home/airflow/.local/lib/python3.7/site-packages/airflow/example_dags/example_skip_dag.py for tasks to queue
[2023-05-24T23:39:17.877+0000] {logging_mixin.py:137} INFO - [2023-05-24T23:39:17.877+0000] {dagbag.py:538} INFO - Filling up the DagBag from /home/airflow/.local/lib/python3.7/site-packages/airflow/example_dags/example_skip_dag.py
[2023-05-24T23:39:18.194+0000] {processor.py:753} INFO - DAG(s) dict_keys(['example_skip_dag']) retrieved from /home/airflow/.local/lib/python3.7/site-packages/airflow/example_dags/example_skip_dag.py
[2023-05-24T23:39:18.797+0000] {logging_mixin.py:137} INFO - [2023-05-24T23:39:18.796+0000] {dag.py:2690} INFO - Sync 1 DAGs
[2023-05-24T23:39:19.692+0000] {logging_mixin.py:137} INFO - [2023-05-24T23:39:19.690+0000] {dag.py:3441} INFO - Setting next_dagrun for example_skip_dag to 2023-05-23T23:39:19.686320+00:00, run_after=2023-05-24T23:39:19.686320+00:00
[2023-05-24T23:39:20.816+0000] {processor.py:175} INFO - Processing /home/airflow/.local/lib/python3.7/site-packages/airflow/example_dags/example_skip_dag.py took 3.074 seconds
[2023-05-24T23:40:00.183+0000] {processor.py:153} INFO - Started process (PID=494) to work on /home/airflow/.local/lib/python3.7/site-packages/airflow/example_dags/example_skip_dag.py
[2023-05-24T23:40:00.193+0000] {processor.py:743} INFO - Processing file /home/airflow/.local/lib/python3.7/site-packages/airflow/example_dags/example_skip_dag.py for tasks to queue
[2023-05-24T23:40:00.206+0000] {logging_mixin.py:137} INFO - [2023-05-24T23:40:00.205+0000] {dagbag.py:538} INFO - Filling up the DagBag from /home/airflow/.local/lib/python3.7/site-packages/airflow/example_dags/example_skip_dag.py
[2023-05-24T23:40:00.409+0000] {processor.py:753} INFO - DAG(s) dict_keys(['example_skip_dag']) retrieved from /home/airflow/.local/lib/python3.7/site-packages/airflow/example_dags/example_skip_dag.py
[2023-05-24T23:40:00.732+0000] {logging_mixin.py:137} INFO - [2023-05-24T23:40:00.732+0000] {dag.py:2690} INFO - Sync 1 DAGs
[2023-05-24T23:40:00.990+0000] {logging_mixin.py:137} INFO - [2023-05-24T23:40:00.990+0000] {dag.py:3441} INFO - Setting next_dagrun for example_skip_dag to 2023-05-23T23:40:00.990003+00:00, run_after=2023-05-24T23:40:00.990003+00:00
[2023-05-24T23:40:01.215+0000] {processor.py:175} INFO - Processing /home/airflow/.local/lib/python3.7/site-packages/airflow/example_dags/example_skip_dag.py took 1.081 seconds
[2023-05-24T23:40:33.743+0000] {processor.py:153} INFO - Started process (PID=552) to work on /home/airflow/.local/lib/python3.7/site-packages/airflow/example_dags/example_skip_dag.py
[2023-05-24T23:40:33.755+0000] {processor.py:743} INFO - Processing file /home/airflow/.local/lib/python3.7/site-packages/airflow/example_dags/example_skip_dag.py for tasks to queue
[2023-05-24T23:40:33.764+0000] {logging_mixin.py:137} INFO - [2023-05-24T23:40:33.763+0000] {dagbag.py:538} INFO - Filling up the DagBag from /home/airflow/.local/lib/python3.7/site-packages/airflow/example_dags/example_skip_dag.py
[2023-05-24T23:40:33.847+0000] {processor.py:753} INFO - DAG(s) dict_keys(['example_skip_dag']) retrieved from /home/airflow/.local/lib/python3.7/site-packages/airflow/example_dags/example_skip_dag.py
[2023-05-24T23:40:33.970+0000] {logging_mixin.py:137} INFO - [2023-05-24T23:40:33.968+0000] {dag.py:2690} INFO - Sync 1 DAGs
[2023-05-24T23:40:34.130+0000] {logging_mixin.py:137} INFO - [2023-05-24T23:40:34.130+0000] {dag.py:3441} INFO - Setting next_dagrun for example_skip_dag to 2023-05-23T23:40:34.126043+00:00, run_after=2023-05-24T23:40:34.126043+00:00
[2023-05-24T23:40:34.266+0000] {processor.py:175} INFO - Processing /home/airflow/.local/lib/python3.7/site-packages/airflow/example_dags/example_skip_dag.py took 0.540 seconds
[2023-05-24T23:43:08.335+0000] {processor.py:153} INFO - Started process (PID=66) to work on /home/airflow/.local/lib/python3.7/site-packages/airflow/example_dags/example_skip_dag.py
[2023-05-24T23:43:08.349+0000] {processor.py:743} INFO - Processing file /home/airflow/.local/lib/python3.7/site-packages/airflow/example_dags/example_skip_dag.py for tasks to queue
[2023-05-24T23:43:08.362+0000] {logging_mixin.py:137} INFO - [2023-05-24T23:43:08.362+0000] {dagbag.py:538} INFO - Filling up the DagBag from /home/airflow/.local/lib/python3.7/site-packages/airflow/example_dags/example_skip_dag.py
[2023-05-24T23:43:08.439+0000] {processor.py:753} INFO - DAG(s) dict_keys(['example_skip_dag']) retrieved from /home/airflow/.local/lib/python3.7/site-packages/airflow/example_dags/example_skip_dag.py
[2023-05-24T23:43:08.652+0000] {logging_mixin.py:137} INFO - [2023-05-24T23:43:08.652+0000] {dag.py:2690} INFO - Sync 1 DAGs
[2023-05-24T23:43:08.840+0000] {logging_mixin.py:137} INFO - [2023-05-24T23:43:08.840+0000] {dag.py:3441} INFO - Setting next_dagrun for example_skip_dag to 2023-05-23T23:43:08.840029+00:00, run_after=2023-05-24T23:43:08.840029+00:00
[2023-05-24T23:43:09.052+0000] {processor.py:175} INFO - Processing /home/airflow/.local/lib/python3.7/site-packages/airflow/example_dags/example_skip_dag.py took 0.757 seconds
[2023-05-24T23:43:39.613+0000] {processor.py:153} INFO - Started process (PID=117) to work on /home/airflow/.local/lib/python3.7/site-packages/airflow/example_dags/example_skip_dag.py
[2023-05-24T23:43:39.615+0000] {processor.py:743} INFO - Processing file /home/airflow/.local/lib/python3.7/site-packages/airflow/example_dags/example_skip_dag.py for tasks to queue
[2023-05-24T23:43:39.618+0000] {logging_mixin.py:137} INFO - [2023-05-24T23:43:39.618+0000] {dagbag.py:538} INFO - Filling up the DagBag from /home/airflow/.local/lib/python3.7/site-packages/airflow/example_dags/example_skip_dag.py
[2023-05-24T23:43:39.644+0000] {processor.py:753} INFO - DAG(s) dict_keys(['example_skip_dag']) retrieved from /home/airflow/.local/lib/python3.7/site-packages/airflow/example_dags/example_skip_dag.py
[2023-05-24T23:43:39.693+0000] {logging_mixin.py:137} INFO - [2023-05-24T23:43:39.693+0000] {dag.py:2690} INFO - Sync 1 DAGs
[2023-05-24T23:43:39.751+0000] {logging_mixin.py:137} INFO - [2023-05-24T23:43:39.751+0000] {dag.py:3441} INFO - Setting next_dagrun for example_skip_dag to 2023-05-23T23:43:39.750574+00:00, run_after=2023-05-24T23:43:39.750574+00:00
[2023-05-24T23:43:39.793+0000] {processor.py:175} INFO - Processing /home/airflow/.local/lib/python3.7/site-packages/airflow/example_dags/example_skip_dag.py took 0.188 seconds
[2023-05-24T23:44:10.279+0000] {processor.py:153} INFO - Started process (PID=177) to work on /home/airflow/.local/lib/python3.7/site-packages/airflow/example_dags/example_skip_dag.py
[2023-05-24T23:44:10.295+0000] {processor.py:743} INFO - Processing file /home/airflow/.local/lib/python3.7/site-packages/airflow/example_dags/example_skip_dag.py for tasks to queue
[2023-05-24T23:44:10.302+0000] {logging_mixin.py:137} INFO - [2023-05-24T23:44:10.302+0000] {dagbag.py:538} INFO - Filling up the DagBag from /home/airflow/.local/lib/python3.7/site-packages/airflow/example_dags/example_skip_dag.py
[2023-05-24T23:44:10.335+0000] {processor.py:753} INFO - DAG(s) dict_keys(['example_skip_dag']) retrieved from /home/airflow/.local/lib/python3.7/site-packages/airflow/example_dags/example_skip_dag.py
[2023-05-24T23:44:10.377+0000] {logging_mixin.py:137} INFO - [2023-05-24T23:44:10.376+0000] {dag.py:2690} INFO - Sync 1 DAGs
[2023-05-24T23:44:10.415+0000] {logging_mixin.py:137} INFO - [2023-05-24T23:44:10.414+0000] {dag.py:3441} INFO - Setting next_dagrun for example_skip_dag to 2023-05-23T23:44:10.414478+00:00, run_after=2023-05-24T23:44:10.414478+00:00
[2023-05-24T23:44:10.442+0000] {processor.py:175} INFO - Processing /home/airflow/.local/lib/python3.7/site-packages/airflow/example_dags/example_skip_dag.py took 0.170 seconds
[2023-05-24T23:44:41.409+0000] {processor.py:153} INFO - Started process (PID=237) to work on /home/airflow/.local/lib/python3.7/site-packages/airflow/example_dags/example_skip_dag.py
[2023-05-24T23:44:41.412+0000] {processor.py:743} INFO - Processing file /home/airflow/.local/lib/python3.7/site-packages/airflow/example_dags/example_skip_dag.py for tasks to queue
[2023-05-24T23:44:41.414+0000] {logging_mixin.py:137} INFO - [2023-05-24T23:44:41.414+0000] {dagbag.py:538} INFO - Filling up the DagBag from /home/airflow/.local/lib/python3.7/site-packages/airflow/example_dags/example_skip_dag.py
[2023-05-24T23:44:41.435+0000] {processor.py:753} INFO - DAG(s) dict_keys(['example_skip_dag']) retrieved from /home/airflow/.local/lib/python3.7/site-packages/airflow/example_dags/example_skip_dag.py
[2023-05-24T23:44:41.479+0000] {logging_mixin.py:137} INFO - [2023-05-24T23:44:41.479+0000] {dag.py:2690} INFO - Sync 1 DAGs
[2023-05-24T23:44:41.520+0000] {logging_mixin.py:137} INFO - [2023-05-24T23:44:41.519+0000] {dag.py:3441} INFO - Setting next_dagrun for example_skip_dag to 2023-05-23T23:44:41.519576+00:00, run_after=2023-05-24T23:44:41.519576+00:00
[2023-05-24T23:44:41.554+0000] {processor.py:175} INFO - Processing /home/airflow/.local/lib/python3.7/site-packages/airflow/example_dags/example_skip_dag.py took 0.149 seconds
[2023-05-24T23:45:12.024+0000] {processor.py:153} INFO - Started process (PID=296) to work on /home/airflow/.local/lib/python3.7/site-packages/airflow/example_dags/example_skip_dag.py
[2023-05-24T23:45:12.026+0000] {processor.py:743} INFO - Processing file /home/airflow/.local/lib/python3.7/site-packages/airflow/example_dags/example_skip_dag.py for tasks to queue
[2023-05-24T23:45:12.029+0000] {logging_mixin.py:137} INFO - [2023-05-24T23:45:12.029+0000] {dagbag.py:538} INFO - Filling up the DagBag from /home/airflow/.local/lib/python3.7/site-packages/airflow/example_dags/example_skip_dag.py
[2023-05-24T23:45:12.068+0000] {processor.py:753} INFO - DAG(s) dict_keys(['example_skip_dag']) retrieved from /home/airflow/.local/lib/python3.7/site-packages/airflow/example_dags/example_skip_dag.py
[2023-05-24T23:45:12.119+0000] {logging_mixin.py:137} INFO - [2023-05-24T23:45:12.119+0000] {dag.py:2690} INFO - Sync 1 DAGs
[2023-05-24T23:45:12.161+0000] {logging_mixin.py:137} INFO - [2023-05-24T23:45:12.161+0000] {dag.py:3441} INFO - Setting next_dagrun for example_skip_dag to 2023-05-23T23:45:12.160503+00:00, run_after=2023-05-24T23:45:12.160503+00:00
[2023-05-24T23:45:12.192+0000] {processor.py:175} INFO - Processing /home/airflow/.local/lib/python3.7/site-packages/airflow/example_dags/example_skip_dag.py took 0.174 seconds
[2023-05-24T23:45:43.101+0000] {processor.py:153} INFO - Started process (PID=354) to work on /home/airflow/.local/lib/python3.7/site-packages/airflow/example_dags/example_skip_dag.py
[2023-05-24T23:45:43.113+0000] {processor.py:743} INFO - Processing file /home/airflow/.local/lib/python3.7/site-packages/airflow/example_dags/example_skip_dag.py for tasks to queue
[2023-05-24T23:45:43.117+0000] {logging_mixin.py:137} INFO - [2023-05-24T23:45:43.116+0000] {dagbag.py:538} INFO - Filling up the DagBag from /home/airflow/.local/lib/python3.7/site-packages/airflow/example_dags/example_skip_dag.py
[2023-05-24T23:45:43.208+0000] {processor.py:753} INFO - DAG(s) dict_keys(['example_skip_dag']) retrieved from /home/airflow/.local/lib/python3.7/site-packages/airflow/example_dags/example_skip_dag.py
[2023-05-24T23:45:43.372+0000] {logging_mixin.py:137} INFO - [2023-05-24T23:45:43.372+0000] {dag.py:2690} INFO - Sync 1 DAGs
[2023-05-24T23:45:43.517+0000] {logging_mixin.py:137} INFO - [2023-05-24T23:45:43.513+0000] {dag.py:3441} INFO - Setting next_dagrun for example_skip_dag to 2023-05-23T23:45:43.513457+00:00, run_after=2023-05-24T23:45:43.513457+00:00
[2023-05-24T23:45:43.717+0000] {processor.py:175} INFO - Processing /home/airflow/.local/lib/python3.7/site-packages/airflow/example_dags/example_skip_dag.py took 0.620 seconds
[2023-05-24T23:46:13.843+0000] {processor.py:153} INFO - Started process (PID=415) to work on /home/airflow/.local/lib/python3.7/site-packages/airflow/example_dags/example_skip_dag.py
[2023-05-24T23:46:13.854+0000] {processor.py:743} INFO - Processing file /home/airflow/.local/lib/python3.7/site-packages/airflow/example_dags/example_skip_dag.py for tasks to queue
[2023-05-24T23:46:13.864+0000] {logging_mixin.py:137} INFO - [2023-05-24T23:46:13.864+0000] {dagbag.py:538} INFO - Filling up the DagBag from /home/airflow/.local/lib/python3.7/site-packages/airflow/example_dags/example_skip_dag.py
[2023-05-24T23:46:13.941+0000] {processor.py:753} INFO - DAG(s) dict_keys(['example_skip_dag']) retrieved from /home/airflow/.local/lib/python3.7/site-packages/airflow/example_dags/example_skip_dag.py
[2023-05-24T23:46:14.030+0000] {logging_mixin.py:137} INFO - [2023-05-24T23:46:14.029+0000] {dag.py:2690} INFO - Sync 1 DAGs
[2023-05-24T23:46:14.091+0000] {logging_mixin.py:137} INFO - [2023-05-24T23:46:14.090+0000] {dag.py:3441} INFO - Setting next_dagrun for example_skip_dag to 2023-05-23T23:46:14.090461+00:00, run_after=2023-05-24T23:46:14.090461+00:00
[2023-05-24T23:46:14.140+0000] {processor.py:175} INFO - Processing /home/airflow/.local/lib/python3.7/site-packages/airflow/example_dags/example_skip_dag.py took 0.314 seconds
[2023-05-24T23:46:44.995+0000] {processor.py:153} INFO - Started process (PID=485) to work on /home/airflow/.local/lib/python3.7/site-packages/airflow/example_dags/example_skip_dag.py
[2023-05-24T23:46:45.004+0000] {processor.py:743} INFO - Processing file /home/airflow/.local/lib/python3.7/site-packages/airflow/example_dags/example_skip_dag.py for tasks to queue
[2023-05-24T23:46:45.008+0000] {logging_mixin.py:137} INFO - [2023-05-24T23:46:45.008+0000] {dagbag.py:538} INFO - Filling up the DagBag from /home/airflow/.local/lib/python3.7/site-packages/airflow/example_dags/example_skip_dag.py
[2023-05-24T23:46:45.068+0000] {processor.py:753} INFO - DAG(s) dict_keys(['example_skip_dag']) retrieved from /home/airflow/.local/lib/python3.7/site-packages/airflow/example_dags/example_skip_dag.py
[2023-05-24T23:46:45.140+0000] {logging_mixin.py:137} INFO - [2023-05-24T23:46:45.140+0000] {dag.py:2690} INFO - Sync 1 DAGs
[2023-05-24T23:46:45.212+0000] {logging_mixin.py:137} INFO - [2023-05-24T23:46:45.212+0000] {dag.py:3441} INFO - Setting next_dagrun for example_skip_dag to 2023-05-23T23:46:45.211854+00:00, run_after=2023-05-24T23:46:45.211854+00:00
[2023-05-24T23:46:45.245+0000] {processor.py:175} INFO - Processing /home/airflow/.local/lib/python3.7/site-packages/airflow/example_dags/example_skip_dag.py took 0.264 seconds
[2023-05-24T23:47:16.255+0000] {processor.py:153} INFO - Started process (PID=543) to work on /home/airflow/.local/lib/python3.7/site-packages/airflow/example_dags/example_skip_dag.py
[2023-05-24T23:47:16.263+0000] {processor.py:743} INFO - Processing file /home/airflow/.local/lib/python3.7/site-packages/airflow/example_dags/example_skip_dag.py for tasks to queue
[2023-05-24T23:47:16.266+0000] {logging_mixin.py:137} INFO - [2023-05-24T23:47:16.266+0000] {dagbag.py:538} INFO - Filling up the DagBag from /home/airflow/.local/lib/python3.7/site-packages/airflow/example_dags/example_skip_dag.py
[2023-05-24T23:47:16.313+0000] {processor.py:753} INFO - DAG(s) dict_keys(['example_skip_dag']) retrieved from /home/airflow/.local/lib/python3.7/site-packages/airflow/example_dags/example_skip_dag.py
[2023-05-24T23:47:16.373+0000] {logging_mixin.py:137} INFO - [2023-05-24T23:47:16.373+0000] {dag.py:2690} INFO - Sync 1 DAGs
[2023-05-24T23:47:16.451+0000] {logging_mixin.py:137} INFO - [2023-05-24T23:47:16.451+0000] {dag.py:3441} INFO - Setting next_dagrun for example_skip_dag to 2023-05-23T23:47:16.451074+00:00, run_after=2023-05-24T23:47:16.451074+00:00
[2023-05-24T23:47:16.518+0000] {processor.py:175} INFO - Processing /home/airflow/.local/lib/python3.7/site-packages/airflow/example_dags/example_skip_dag.py took 0.289 seconds
[2023-05-24T23:47:47.237+0000] {processor.py:153} INFO - Started process (PID=605) to work on /home/airflow/.local/lib/python3.7/site-packages/airflow/example_dags/example_skip_dag.py
[2023-05-24T23:47:47.241+0000] {processor.py:743} INFO - Processing file /home/airflow/.local/lib/python3.7/site-packages/airflow/example_dags/example_skip_dag.py for tasks to queue
[2023-05-24T23:47:47.244+0000] {logging_mixin.py:137} INFO - [2023-05-24T23:47:47.244+0000] {dagbag.py:538} INFO - Filling up the DagBag from /home/airflow/.local/lib/python3.7/site-packages/airflow/example_dags/example_skip_dag.py
[2023-05-24T23:47:47.270+0000] {processor.py:753} INFO - DAG(s) dict_keys(['example_skip_dag']) retrieved from /home/airflow/.local/lib/python3.7/site-packages/airflow/example_dags/example_skip_dag.py
[2023-05-24T23:47:47.310+0000] {logging_mixin.py:137} INFO - [2023-05-24T23:47:47.310+0000] {dag.py:2690} INFO - Sync 1 DAGs
[2023-05-24T23:47:47.371+0000] {logging_mixin.py:137} INFO - [2023-05-24T23:47:47.371+0000] {dag.py:3441} INFO - Setting next_dagrun for example_skip_dag to 2023-05-23T23:47:47.370787+00:00, run_after=2023-05-24T23:47:47.370787+00:00
[2023-05-24T23:47:47.403+0000] {processor.py:175} INFO - Processing /home/airflow/.local/lib/python3.7/site-packages/airflow/example_dags/example_skip_dag.py took 0.178 seconds
[2023-05-24T23:48:17.955+0000] {processor.py:153} INFO - Started process (PID=665) to work on /home/airflow/.local/lib/python3.7/site-packages/airflow/example_dags/example_skip_dag.py
[2023-05-24T23:48:17.962+0000] {processor.py:743} INFO - Processing file /home/airflow/.local/lib/python3.7/site-packages/airflow/example_dags/example_skip_dag.py for tasks to queue
[2023-05-24T23:48:17.965+0000] {logging_mixin.py:137} INFO - [2023-05-24T23:48:17.964+0000] {dagbag.py:538} INFO - Filling up the DagBag from /home/airflow/.local/lib/python3.7/site-packages/airflow/example_dags/example_skip_dag.py
[2023-05-24T23:48:17.995+0000] {processor.py:753} INFO - DAG(s) dict_keys(['example_skip_dag']) retrieved from /home/airflow/.local/lib/python3.7/site-packages/airflow/example_dags/example_skip_dag.py
[2023-05-24T23:48:18.052+0000] {logging_mixin.py:137} INFO - [2023-05-24T23:48:18.051+0000] {dag.py:2690} INFO - Sync 1 DAGs
[2023-05-24T23:48:18.092+0000] {logging_mixin.py:137} INFO - [2023-05-24T23:48:18.092+0000] {dag.py:3441} INFO - Setting next_dagrun for example_skip_dag to 2023-05-23T23:48:18.092070+00:00, run_after=2023-05-24T23:48:18.092070+00:00
[2023-05-24T23:48:18.129+0000] {processor.py:175} INFO - Processing /home/airflow/.local/lib/python3.7/site-packages/airflow/example_dags/example_skip_dag.py took 0.183 seconds
[2023-05-24T23:48:48.812+0000] {processor.py:153} INFO - Started process (PID=725) to work on /home/airflow/.local/lib/python3.7/site-packages/airflow/example_dags/example_skip_dag.py
[2023-05-24T23:48:48.820+0000] {processor.py:743} INFO - Processing file /home/airflow/.local/lib/python3.7/site-packages/airflow/example_dags/example_skip_dag.py for tasks to queue
[2023-05-24T23:48:48.823+0000] {logging_mixin.py:137} INFO - [2023-05-24T23:48:48.823+0000] {dagbag.py:538} INFO - Filling up the DagBag from /home/airflow/.local/lib/python3.7/site-packages/airflow/example_dags/example_skip_dag.py
[2023-05-24T23:48:48.882+0000] {processor.py:753} INFO - DAG(s) dict_keys(['example_skip_dag']) retrieved from /home/airflow/.local/lib/python3.7/site-packages/airflow/example_dags/example_skip_dag.py
[2023-05-24T23:48:48.943+0000] {logging_mixin.py:137} INFO - [2023-05-24T23:48:48.943+0000] {dag.py:2690} INFO - Sync 1 DAGs
[2023-05-24T23:48:49.039+0000] {logging_mixin.py:137} INFO - [2023-05-24T23:48:49.039+0000] {dag.py:3441} INFO - Setting next_dagrun for example_skip_dag to 2023-05-23T23:48:49.038620+00:00, run_after=2023-05-24T23:48:49.038620+00:00
[2023-05-24T23:48:49.095+0000] {processor.py:175} INFO - Processing /home/airflow/.local/lib/python3.7/site-packages/airflow/example_dags/example_skip_dag.py took 0.306 seconds
[2023-05-24T23:49:19.545+0000] {processor.py:153} INFO - Started process (PID=784) to work on /home/airflow/.local/lib/python3.7/site-packages/airflow/example_dags/example_skip_dag.py
[2023-05-24T23:49:19.561+0000] {processor.py:743} INFO - Processing file /home/airflow/.local/lib/python3.7/site-packages/airflow/example_dags/example_skip_dag.py for tasks to queue
[2023-05-24T23:49:19.566+0000] {logging_mixin.py:137} INFO - [2023-05-24T23:49:19.566+0000] {dagbag.py:538} INFO - Filling up the DagBag from /home/airflow/.local/lib/python3.7/site-packages/airflow/example_dags/example_skip_dag.py
[2023-05-24T23:49:19.665+0000] {processor.py:753} INFO - DAG(s) dict_keys(['example_skip_dag']) retrieved from /home/airflow/.local/lib/python3.7/site-packages/airflow/example_dags/example_skip_dag.py
[2023-05-24T23:49:19.928+0000] {logging_mixin.py:137} INFO - [2023-05-24T23:49:19.928+0000] {dag.py:2690} INFO - Sync 1 DAGs
[2023-05-24T23:49:20.214+0000] {logging_mixin.py:137} INFO - [2023-05-24T23:49:20.214+0000] {dag.py:3441} INFO - Setting next_dagrun for example_skip_dag to 2023-05-23T23:49:20.213975+00:00, run_after=2023-05-24T23:49:20.213975+00:00
[2023-05-24T23:49:20.366+0000] {processor.py:175} INFO - Processing /home/airflow/.local/lib/python3.7/site-packages/airflow/example_dags/example_skip_dag.py took 0.854 seconds
[2023-05-24T23:49:50.676+0000] {processor.py:153} INFO - Started process (PID=843) to work on /home/airflow/.local/lib/python3.7/site-packages/airflow/example_dags/example_skip_dag.py
[2023-05-24T23:49:50.756+0000] {processor.py:743} INFO - Processing file /home/airflow/.local/lib/python3.7/site-packages/airflow/example_dags/example_skip_dag.py for tasks to queue
[2023-05-24T23:49:50.762+0000] {logging_mixin.py:137} INFO - [2023-05-24T23:49:50.762+0000] {dagbag.py:538} INFO - Filling up the DagBag from /home/airflow/.local/lib/python3.7/site-packages/airflow/example_dags/example_skip_dag.py
[2023-05-24T23:49:51.002+0000] {processor.py:753} INFO - DAG(s) dict_keys(['example_skip_dag']) retrieved from /home/airflow/.local/lib/python3.7/site-packages/airflow/example_dags/example_skip_dag.py
[2023-05-24T23:49:51.094+0000] {logging_mixin.py:137} INFO - [2023-05-24T23:49:51.094+0000] {dag.py:2690} INFO - Sync 1 DAGs
[2023-05-24T23:49:51.224+0000] {logging_mixin.py:137} INFO - [2023-05-24T23:49:51.223+0000] {dag.py:3441} INFO - Setting next_dagrun for example_skip_dag to 2023-05-23T23:49:51.219550+00:00, run_after=2023-05-24T23:49:51.219550+00:00
[2023-05-24T23:49:51.262+0000] {processor.py:175} INFO - Processing /home/airflow/.local/lib/python3.7/site-packages/airflow/example_dags/example_skip_dag.py took 0.610 seconds
[2023-05-24T23:50:21.403+0000] {processor.py:153} INFO - Started process (PID=902) to work on /home/airflow/.local/lib/python3.7/site-packages/airflow/example_dags/example_skip_dag.py
[2023-05-24T23:50:21.406+0000] {processor.py:743} INFO - Processing file /home/airflow/.local/lib/python3.7/site-packages/airflow/example_dags/example_skip_dag.py for tasks to queue
[2023-05-24T23:50:21.408+0000] {logging_mixin.py:137} INFO - [2023-05-24T23:50:21.408+0000] {dagbag.py:538} INFO - Filling up the DagBag from /home/airflow/.local/lib/python3.7/site-packages/airflow/example_dags/example_skip_dag.py
[2023-05-24T23:50:21.451+0000] {processor.py:753} INFO - DAG(s) dict_keys(['example_skip_dag']) retrieved from /home/airflow/.local/lib/python3.7/site-packages/airflow/example_dags/example_skip_dag.py
[2023-05-24T23:50:21.512+0000] {logging_mixin.py:137} INFO - [2023-05-24T23:50:21.511+0000] {dag.py:2690} INFO - Sync 1 DAGs
[2023-05-24T23:50:21.583+0000] {logging_mixin.py:137} INFO - [2023-05-24T23:50:21.583+0000] {dag.py:3441} INFO - Setting next_dagrun for example_skip_dag to 2023-05-23T23:50:21.582751+00:00, run_after=2023-05-24T23:50:21.582751+00:00
[2023-05-24T23:50:21.644+0000] {processor.py:175} INFO - Processing /home/airflow/.local/lib/python3.7/site-packages/airflow/example_dags/example_skip_dag.py took 0.256 seconds
[2023-05-24T23:50:51.796+0000] {processor.py:153} INFO - Started process (PID=963) to work on /home/airflow/.local/lib/python3.7/site-packages/airflow/example_dags/example_skip_dag.py
[2023-05-24T23:50:51.800+0000] {processor.py:743} INFO - Processing file /home/airflow/.local/lib/python3.7/site-packages/airflow/example_dags/example_skip_dag.py for tasks to queue
[2023-05-24T23:50:51.804+0000] {logging_mixin.py:137} INFO - [2023-05-24T23:50:51.804+0000] {dagbag.py:538} INFO - Filling up the DagBag from /home/airflow/.local/lib/python3.7/site-packages/airflow/example_dags/example_skip_dag.py
[2023-05-24T23:50:51.833+0000] {processor.py:753} INFO - DAG(s) dict_keys(['example_skip_dag']) retrieved from /home/airflow/.local/lib/python3.7/site-packages/airflow/example_dags/example_skip_dag.py
[2023-05-24T23:50:51.871+0000] {logging_mixin.py:137} INFO - [2023-05-24T23:50:51.871+0000] {dag.py:2690} INFO - Sync 1 DAGs
[2023-05-24T23:50:51.910+0000] {logging_mixin.py:137} INFO - [2023-05-24T23:50:51.910+0000] {dag.py:3441} INFO - Setting next_dagrun for example_skip_dag to 2023-05-23T23:50:51.909929+00:00, run_after=2023-05-24T23:50:51.909929+00:00
[2023-05-24T23:50:51.965+0000] {processor.py:175} INFO - Processing /home/airflow/.local/lib/python3.7/site-packages/airflow/example_dags/example_skip_dag.py took 0.173 seconds
[2023-05-24T23:51:22.940+0000] {processor.py:153} INFO - Started process (PID=1023) to work on /home/airflow/.local/lib/python3.7/site-packages/airflow/example_dags/example_skip_dag.py
[2023-05-24T23:51:22.946+0000] {processor.py:743} INFO - Processing file /home/airflow/.local/lib/python3.7/site-packages/airflow/example_dags/example_skip_dag.py for tasks to queue
[2023-05-24T23:51:22.956+0000] {logging_mixin.py:137} INFO - [2023-05-24T23:51:22.955+0000] {dagbag.py:538} INFO - Filling up the DagBag from /home/airflow/.local/lib/python3.7/site-packages/airflow/example_dags/example_skip_dag.py
[2023-05-24T23:51:23.038+0000] {processor.py:753} INFO - DAG(s) dict_keys(['example_skip_dag']) retrieved from /home/airflow/.local/lib/python3.7/site-packages/airflow/example_dags/example_skip_dag.py
[2023-05-24T23:51:23.171+0000] {logging_mixin.py:137} INFO - [2023-05-24T23:51:23.170+0000] {dag.py:2690} INFO - Sync 1 DAGs
[2023-05-24T23:51:23.419+0000] {logging_mixin.py:137} INFO - [2023-05-24T23:51:23.419+0000] {dag.py:3441} INFO - Setting next_dagrun for example_skip_dag to 2023-05-23T23:51:23.419295+00:00, run_after=2023-05-24T23:51:23.419295+00:00
[2023-05-24T23:51:23.533+0000] {processor.py:175} INFO - Processing /home/airflow/.local/lib/python3.7/site-packages/airflow/example_dags/example_skip_dag.py took 0.614 seconds
[2023-05-24T23:51:53.700+0000] {processor.py:153} INFO - Started process (PID=1089) to work on /home/airflow/.local/lib/python3.7/site-packages/airflow/example_dags/example_skip_dag.py
[2023-05-24T23:51:53.710+0000] {processor.py:743} INFO - Processing file /home/airflow/.local/lib/python3.7/site-packages/airflow/example_dags/example_skip_dag.py for tasks to queue
[2023-05-24T23:51:53.714+0000] {logging_mixin.py:137} INFO - [2023-05-24T23:51:53.714+0000] {dagbag.py:538} INFO - Filling up the DagBag from /home/airflow/.local/lib/python3.7/site-packages/airflow/example_dags/example_skip_dag.py
[2023-05-24T23:51:53.787+0000] {processor.py:753} INFO - DAG(s) dict_keys(['example_skip_dag']) retrieved from /home/airflow/.local/lib/python3.7/site-packages/airflow/example_dags/example_skip_dag.py
[2023-05-24T23:51:53.889+0000] {logging_mixin.py:137} INFO - [2023-05-24T23:51:53.889+0000] {dag.py:2690} INFO - Sync 1 DAGs
[2023-05-24T23:51:54.012+0000] {logging_mixin.py:137} INFO - [2023-05-24T23:51:54.012+0000] {dag.py:3441} INFO - Setting next_dagrun for example_skip_dag to 2023-05-23T23:51:54.003845+00:00, run_after=2023-05-24T23:51:54.003845+00:00
[2023-05-24T23:51:54.122+0000] {processor.py:175} INFO - Processing /home/airflow/.local/lib/python3.7/site-packages/airflow/example_dags/example_skip_dag.py took 0.442 seconds
[2023-05-24T23:52:25.161+0000] {processor.py:153} INFO - Started process (PID=1155) to work on /home/airflow/.local/lib/python3.7/site-packages/airflow/example_dags/example_skip_dag.py
[2023-05-24T23:52:25.167+0000] {processor.py:743} INFO - Processing file /home/airflow/.local/lib/python3.7/site-packages/airflow/example_dags/example_skip_dag.py for tasks to queue
[2023-05-24T23:52:25.172+0000] {logging_mixin.py:137} INFO - [2023-05-24T23:52:25.170+0000] {dagbag.py:538} INFO - Filling up the DagBag from /home/airflow/.local/lib/python3.7/site-packages/airflow/example_dags/example_skip_dag.py
[2023-05-24T23:52:25.281+0000] {processor.py:753} INFO - DAG(s) dict_keys(['example_skip_dag']) retrieved from /home/airflow/.local/lib/python3.7/site-packages/airflow/example_dags/example_skip_dag.py
[2023-05-24T23:52:25.431+0000] {logging_mixin.py:137} INFO - [2023-05-24T23:52:25.430+0000] {dag.py:2690} INFO - Sync 1 DAGs
[2023-05-24T23:52:25.552+0000] {logging_mixin.py:137} INFO - [2023-05-24T23:52:25.552+0000] {dag.py:3441} INFO - Setting next_dagrun for example_skip_dag to 2023-05-23T23:52:25.552148+00:00, run_after=2023-05-24T23:52:25.552148+00:00
[2023-05-24T23:52:25.641+0000] {processor.py:175} INFO - Processing /home/airflow/.local/lib/python3.7/site-packages/airflow/example_dags/example_skip_dag.py took 0.492 seconds
[2023-05-24T23:53:02.511+0000] {processor.py:153} INFO - Started process (PID=1199) to work on /home/airflow/.local/lib/python3.7/site-packages/airflow/example_dags/example_skip_dag.py
[2023-05-24T23:53:02.519+0000] {processor.py:743} INFO - Processing file /home/airflow/.local/lib/python3.7/site-packages/airflow/example_dags/example_skip_dag.py for tasks to queue
[2023-05-24T23:53:02.524+0000] {logging_mixin.py:137} INFO - [2023-05-24T23:53:02.524+0000] {dagbag.py:538} INFO - Filling up the DagBag from /home/airflow/.local/lib/python3.7/site-packages/airflow/example_dags/example_skip_dag.py
[2023-05-24T23:53:02.575+0000] {processor.py:753} INFO - DAG(s) dict_keys(['example_skip_dag']) retrieved from /home/airflow/.local/lib/python3.7/site-packages/airflow/example_dags/example_skip_dag.py
[2023-05-24T23:53:02.631+0000] {logging_mixin.py:137} INFO - [2023-05-24T23:53:02.631+0000] {dag.py:2690} INFO - Sync 1 DAGs
[2023-05-24T23:53:02.706+0000] {logging_mixin.py:137} INFO - [2023-05-24T23:53:02.705+0000] {dag.py:3441} INFO - Setting next_dagrun for example_skip_dag to 2023-05-23T23:53:02.696757+00:00, run_after=2023-05-24T23:53:02.696757+00:00
[2023-05-24T23:53:02.776+0000] {processor.py:175} INFO - Processing /home/airflow/.local/lib/python3.7/site-packages/airflow/example_dags/example_skip_dag.py took 0.281 seconds
[2023-05-24T23:53:33.585+0000] {processor.py:153} INFO - Started process (PID=1260) to work on /home/airflow/.local/lib/python3.7/site-packages/airflow/example_dags/example_skip_dag.py
[2023-05-24T23:53:33.589+0000] {processor.py:743} INFO - Processing file /home/airflow/.local/lib/python3.7/site-packages/airflow/example_dags/example_skip_dag.py for tasks to queue
[2023-05-24T23:53:33.592+0000] {logging_mixin.py:137} INFO - [2023-05-24T23:53:33.592+0000] {dagbag.py:538} INFO - Filling up the DagBag from /home/airflow/.local/lib/python3.7/site-packages/airflow/example_dags/example_skip_dag.py
[2023-05-24T23:53:33.615+0000] {processor.py:753} INFO - DAG(s) dict_keys(['example_skip_dag']) retrieved from /home/airflow/.local/lib/python3.7/site-packages/airflow/example_dags/example_skip_dag.py
[2023-05-24T23:53:33.669+0000] {logging_mixin.py:137} INFO - [2023-05-24T23:53:33.669+0000] {dag.py:2690} INFO - Sync 1 DAGs
[2023-05-24T23:53:33.747+0000] {logging_mixin.py:137} INFO - [2023-05-24T23:53:33.747+0000] {dag.py:3441} INFO - Setting next_dagrun for example_skip_dag to 2023-05-23T23:53:33.747358+00:00, run_after=2023-05-24T23:53:33.747358+00:00
[2023-05-24T23:53:33.790+0000] {processor.py:175} INFO - Processing /home/airflow/.local/lib/python3.7/site-packages/airflow/example_dags/example_skip_dag.py took 0.212 seconds
[2023-05-24T23:54:05.439+0000] {processor.py:153} INFO - Started process (PID=1320) to work on /home/airflow/.local/lib/python3.7/site-packages/airflow/example_dags/example_skip_dag.py
[2023-05-24T23:54:05.450+0000] {processor.py:743} INFO - Processing file /home/airflow/.local/lib/python3.7/site-packages/airflow/example_dags/example_skip_dag.py for tasks to queue
[2023-05-24T23:54:05.476+0000] {logging_mixin.py:137} INFO - [2023-05-24T23:54:05.471+0000] {dagbag.py:538} INFO - Filling up the DagBag from /home/airflow/.local/lib/python3.7/site-packages/airflow/example_dags/example_skip_dag.py
[2023-05-24T23:54:05.533+0000] {processor.py:753} INFO - DAG(s) dict_keys(['example_skip_dag']) retrieved from /home/airflow/.local/lib/python3.7/site-packages/airflow/example_dags/example_skip_dag.py
[2023-05-24T23:54:05.744+0000] {logging_mixin.py:137} INFO - [2023-05-24T23:54:05.743+0000] {dag.py:2690} INFO - Sync 1 DAGs
[2023-05-24T23:54:05.849+0000] {logging_mixin.py:137} INFO - [2023-05-24T23:54:05.849+0000] {dag.py:3441} INFO - Setting next_dagrun for example_skip_dag to 2023-05-23T23:54:05.848921+00:00, run_after=2023-05-24T23:54:05.848921+00:00
[2023-05-24T23:54:06.006+0000] {processor.py:175} INFO - Processing /home/airflow/.local/lib/python3.7/site-packages/airflow/example_dags/example_skip_dag.py took 0.593 seconds
[2023-05-24T23:54:36.321+0000] {processor.py:153} INFO - Started process (PID=1380) to work on /home/airflow/.local/lib/python3.7/site-packages/airflow/example_dags/example_skip_dag.py
[2023-05-24T23:54:36.332+0000] {processor.py:743} INFO - Processing file /home/airflow/.local/lib/python3.7/site-packages/airflow/example_dags/example_skip_dag.py for tasks to queue
[2023-05-24T23:54:36.338+0000] {logging_mixin.py:137} INFO - [2023-05-24T23:54:36.337+0000] {dagbag.py:538} INFO - Filling up the DagBag from /home/airflow/.local/lib/python3.7/site-packages/airflow/example_dags/example_skip_dag.py
[2023-05-24T23:54:36.423+0000] {processor.py:753} INFO - DAG(s) dict_keys(['example_skip_dag']) retrieved from /home/airflow/.local/lib/python3.7/site-packages/airflow/example_dags/example_skip_dag.py
[2023-05-24T23:54:36.496+0000] {logging_mixin.py:137} INFO - [2023-05-24T23:54:36.496+0000] {dag.py:2690} INFO - Sync 1 DAGs
[2023-05-24T23:54:36.584+0000] {logging_mixin.py:137} INFO - [2023-05-24T23:54:36.583+0000] {dag.py:3441} INFO - Setting next_dagrun for example_skip_dag to 2023-05-23T23:54:36.583293+00:00, run_after=2023-05-24T23:54:36.583293+00:00
[2023-05-24T23:54:36.665+0000] {processor.py:175} INFO - Processing /home/airflow/.local/lib/python3.7/site-packages/airflow/example_dags/example_skip_dag.py took 0.360 seconds
[2023-05-24T23:55:07.587+0000] {processor.py:153} INFO - Started process (PID=1439) to work on /home/airflow/.local/lib/python3.7/site-packages/airflow/example_dags/example_skip_dag.py
[2023-05-24T23:55:07.595+0000] {processor.py:743} INFO - Processing file /home/airflow/.local/lib/python3.7/site-packages/airflow/example_dags/example_skip_dag.py for tasks to queue
[2023-05-24T23:55:07.601+0000] {logging_mixin.py:137} INFO - [2023-05-24T23:55:07.600+0000] {dagbag.py:538} INFO - Filling up the DagBag from /home/airflow/.local/lib/python3.7/site-packages/airflow/example_dags/example_skip_dag.py
[2023-05-24T23:55:07.657+0000] {processor.py:753} INFO - DAG(s) dict_keys(['example_skip_dag']) retrieved from /home/airflow/.local/lib/python3.7/site-packages/airflow/example_dags/example_skip_dag.py
[2023-05-24T23:55:07.770+0000] {logging_mixin.py:137} INFO - [2023-05-24T23:55:07.769+0000] {dag.py:2690} INFO - Sync 1 DAGs
[2023-05-24T23:55:07.837+0000] {logging_mixin.py:137} INFO - [2023-05-24T23:55:07.836+0000] {dag.py:3441} INFO - Setting next_dagrun for example_skip_dag to 2023-05-23T23:55:07.835786+00:00, run_after=2023-05-24T23:55:07.835786+00:00
[2023-05-24T23:55:07.893+0000] {processor.py:175} INFO - Processing /home/airflow/.local/lib/python3.7/site-packages/airflow/example_dags/example_skip_dag.py took 0.314 seconds
[2023-05-24T23:55:38.379+0000] {processor.py:153} INFO - Started process (PID=1499) to work on /home/airflow/.local/lib/python3.7/site-packages/airflow/example_dags/example_skip_dag.py
[2023-05-24T23:55:38.387+0000] {processor.py:743} INFO - Processing file /home/airflow/.local/lib/python3.7/site-packages/airflow/example_dags/example_skip_dag.py for tasks to queue
[2023-05-24T23:55:38.390+0000] {logging_mixin.py:137} INFO - [2023-05-24T23:55:38.390+0000] {dagbag.py:538} INFO - Filling up the DagBag from /home/airflow/.local/lib/python3.7/site-packages/airflow/example_dags/example_skip_dag.py
[2023-05-24T23:55:38.465+0000] {processor.py:753} INFO - DAG(s) dict_keys(['example_skip_dag']) retrieved from /home/airflow/.local/lib/python3.7/site-packages/airflow/example_dags/example_skip_dag.py
[2023-05-24T23:55:38.673+0000] {logging_mixin.py:137} INFO - [2023-05-24T23:55:38.673+0000] {dag.py:2690} INFO - Sync 1 DAGs
[2023-05-24T23:55:38.792+0000] {logging_mixin.py:137} INFO - [2023-05-24T23:55:38.792+0000] {dag.py:3441} INFO - Setting next_dagrun for example_skip_dag to 2023-05-23T23:55:38.792053+00:00, run_after=2023-05-24T23:55:38.792053+00:00
[2023-05-24T23:55:38.831+0000] {processor.py:175} INFO - Processing /home/airflow/.local/lib/python3.7/site-packages/airflow/example_dags/example_skip_dag.py took 0.468 seconds
[2023-05-24T23:56:09.287+0000] {processor.py:153} INFO - Started process (PID=1559) to work on /home/airflow/.local/lib/python3.7/site-packages/airflow/example_dags/example_skip_dag.py
[2023-05-24T23:56:09.290+0000] {processor.py:743} INFO - Processing file /home/airflow/.local/lib/python3.7/site-packages/airflow/example_dags/example_skip_dag.py for tasks to queue
[2023-05-24T23:56:09.293+0000] {logging_mixin.py:137} INFO - [2023-05-24T23:56:09.292+0000] {dagbag.py:538} INFO - Filling up the DagBag from /home/airflow/.local/lib/python3.7/site-packages/airflow/example_dags/example_skip_dag.py
[2023-05-24T23:56:09.353+0000] {processor.py:753} INFO - DAG(s) dict_keys(['example_skip_dag']) retrieved from /home/airflow/.local/lib/python3.7/site-packages/airflow/example_dags/example_skip_dag.py
[2023-05-24T23:56:09.386+0000] {logging_mixin.py:137} INFO - [2023-05-24T23:56:09.386+0000] {dag.py:2690} INFO - Sync 1 DAGs
[2023-05-24T23:56:09.437+0000] {logging_mixin.py:137} INFO - [2023-05-24T23:56:09.437+0000] {dag.py:3441} INFO - Setting next_dagrun for example_skip_dag to 2023-05-23T23:56:09.436410+00:00, run_after=2023-05-24T23:56:09.436410+00:00
[2023-05-24T23:56:09.466+0000] {processor.py:175} INFO - Processing /home/airflow/.local/lib/python3.7/site-packages/airflow/example_dags/example_skip_dag.py took 0.186 seconds
[2023-05-24T23:56:39.922+0000] {processor.py:153} INFO - Started process (PID=1618) to work on /home/airflow/.local/lib/python3.7/site-packages/airflow/example_dags/example_skip_dag.py
[2023-05-24T23:56:39.926+0000] {processor.py:743} INFO - Processing file /home/airflow/.local/lib/python3.7/site-packages/airflow/example_dags/example_skip_dag.py for tasks to queue
[2023-05-24T23:56:39.930+0000] {logging_mixin.py:137} INFO - [2023-05-24T23:56:39.929+0000] {dagbag.py:538} INFO - Filling up the DagBag from /home/airflow/.local/lib/python3.7/site-packages/airflow/example_dags/example_skip_dag.py
[2023-05-24T23:56:39.963+0000] {processor.py:753} INFO - DAG(s) dict_keys(['example_skip_dag']) retrieved from /home/airflow/.local/lib/python3.7/site-packages/airflow/example_dags/example_skip_dag.py
[2023-05-24T23:56:40.020+0000] {logging_mixin.py:137} INFO - [2023-05-24T23:56:40.020+0000] {dag.py:2690} INFO - Sync 1 DAGs
[2023-05-24T23:56:40.053+0000] {logging_mixin.py:137} INFO - [2023-05-24T23:56:40.053+0000] {dag.py:3441} INFO - Setting next_dagrun for example_skip_dag to 2023-05-23T23:56:40.053084+00:00, run_after=2023-05-24T23:56:40.053084+00:00
[2023-05-24T23:56:40.081+0000] {processor.py:175} INFO - Processing /home/airflow/.local/lib/python3.7/site-packages/airflow/example_dags/example_skip_dag.py took 0.167 seconds
[2023-05-24T23:57:10.909+0000] {processor.py:153} INFO - Started process (PID=1677) to work on /home/airflow/.local/lib/python3.7/site-packages/airflow/example_dags/example_skip_dag.py
[2023-05-24T23:57:10.911+0000] {processor.py:743} INFO - Processing file /home/airflow/.local/lib/python3.7/site-packages/airflow/example_dags/example_skip_dag.py for tasks to queue
[2023-05-24T23:57:10.915+0000] {logging_mixin.py:137} INFO - [2023-05-24T23:57:10.915+0000] {dagbag.py:538} INFO - Filling up the DagBag from /home/airflow/.local/lib/python3.7/site-packages/airflow/example_dags/example_skip_dag.py
[2023-05-24T23:57:10.942+0000] {processor.py:753} INFO - DAG(s) dict_keys(['example_skip_dag']) retrieved from /home/airflow/.local/lib/python3.7/site-packages/airflow/example_dags/example_skip_dag.py
[2023-05-24T23:57:10.990+0000] {logging_mixin.py:137} INFO - [2023-05-24T23:57:10.989+0000] {dag.py:2690} INFO - Sync 1 DAGs
[2023-05-24T23:57:11.035+0000] {logging_mixin.py:137} INFO - [2023-05-24T23:57:11.035+0000] {dag.py:3441} INFO - Setting next_dagrun for example_skip_dag to 2023-05-23T23:57:11.034862+00:00, run_after=2023-05-24T23:57:11.034862+00:00
[2023-05-24T23:57:11.067+0000] {processor.py:175} INFO - Processing /home/airflow/.local/lib/python3.7/site-packages/airflow/example_dags/example_skip_dag.py took 0.164 seconds
[2023-05-24T23:57:41.741+0000] {processor.py:153} INFO - Started process (PID=1736) to work on /home/airflow/.local/lib/python3.7/site-packages/airflow/example_dags/example_skip_dag.py
[2023-05-24T23:57:41.754+0000] {processor.py:743} INFO - Processing file /home/airflow/.local/lib/python3.7/site-packages/airflow/example_dags/example_skip_dag.py for tasks to queue
[2023-05-24T23:57:41.757+0000] {logging_mixin.py:137} INFO - [2023-05-24T23:57:41.756+0000] {dagbag.py:538} INFO - Filling up the DagBag from /home/airflow/.local/lib/python3.7/site-packages/airflow/example_dags/example_skip_dag.py
[2023-05-24T23:57:41.864+0000] {processor.py:753} INFO - DAG(s) dict_keys(['example_skip_dag']) retrieved from /home/airflow/.local/lib/python3.7/site-packages/airflow/example_dags/example_skip_dag.py
[2023-05-24T23:57:41.997+0000] {logging_mixin.py:137} INFO - [2023-05-24T23:57:41.997+0000] {dag.py:2690} INFO - Sync 1 DAGs
[2023-05-24T23:57:42.200+0000] {logging_mixin.py:137} INFO - [2023-05-24T23:57:42.200+0000] {dag.py:3441} INFO - Setting next_dagrun for example_skip_dag to 2023-05-23T23:57:42.200441+00:00, run_after=2023-05-24T23:57:42.200441+00:00
[2023-05-24T23:57:42.276+0000] {processor.py:175} INFO - Processing /home/airflow/.local/lib/python3.7/site-packages/airflow/example_dags/example_skip_dag.py took 0.546 seconds
[2023-05-24T23:58:12.486+0000] {processor.py:153} INFO - Started process (PID=1795) to work on /home/airflow/.local/lib/python3.7/site-packages/airflow/example_dags/example_skip_dag.py
[2023-05-24T23:58:12.498+0000] {processor.py:743} INFO - Processing file /home/airflow/.local/lib/python3.7/site-packages/airflow/example_dags/example_skip_dag.py for tasks to queue
[2023-05-24T23:58:12.502+0000] {logging_mixin.py:137} INFO - [2023-05-24T23:58:12.502+0000] {dagbag.py:538} INFO - Filling up the DagBag from /home/airflow/.local/lib/python3.7/site-packages/airflow/example_dags/example_skip_dag.py
[2023-05-24T23:58:12.535+0000] {processor.py:753} INFO - DAG(s) dict_keys(['example_skip_dag']) retrieved from /home/airflow/.local/lib/python3.7/site-packages/airflow/example_dags/example_skip_dag.py
[2023-05-24T23:58:12.590+0000] {logging_mixin.py:137} INFO - [2023-05-24T23:58:12.589+0000] {dag.py:2690} INFO - Sync 1 DAGs
[2023-05-24T23:58:12.632+0000] {logging_mixin.py:137} INFO - [2023-05-24T23:58:12.632+0000] {dag.py:3441} INFO - Setting next_dagrun for example_skip_dag to 2023-05-23T23:58:12.631960+00:00, run_after=2023-05-24T23:58:12.631960+00:00
[2023-05-24T23:58:12.711+0000] {processor.py:175} INFO - Processing /home/airflow/.local/lib/python3.7/site-packages/airflow/example_dags/example_skip_dag.py took 0.230 seconds
[2023-05-24T23:58:43.223+0000] {processor.py:153} INFO - Started process (PID=1861) to work on /home/airflow/.local/lib/python3.7/site-packages/airflow/example_dags/example_skip_dag.py
[2023-05-24T23:58:43.229+0000] {processor.py:743} INFO - Processing file /home/airflow/.local/lib/python3.7/site-packages/airflow/example_dags/example_skip_dag.py for tasks to queue
[2023-05-24T23:58:43.238+0000] {logging_mixin.py:137} INFO - [2023-05-24T23:58:43.237+0000] {dagbag.py:538} INFO - Filling up the DagBag from /home/airflow/.local/lib/python3.7/site-packages/airflow/example_dags/example_skip_dag.py
[2023-05-24T23:58:43.323+0000] {processor.py:753} INFO - DAG(s) dict_keys(['example_skip_dag']) retrieved from /home/airflow/.local/lib/python3.7/site-packages/airflow/example_dags/example_skip_dag.py
[2023-05-24T23:58:43.478+0000] {logging_mixin.py:137} INFO - [2023-05-24T23:58:43.473+0000] {dag.py:2690} INFO - Sync 1 DAGs
[2023-05-24T23:58:43.649+0000] {logging_mixin.py:137} INFO - [2023-05-24T23:58:43.649+0000] {dag.py:3441} INFO - Setting next_dagrun for example_skip_dag to 2023-05-23T23:58:43.648642+00:00, run_after=2023-05-24T23:58:43.648642+00:00
[2023-05-24T23:58:43.723+0000] {processor.py:175} INFO - Processing /home/airflow/.local/lib/python3.7/site-packages/airflow/example_dags/example_skip_dag.py took 0.519 seconds
[2023-05-24T23:59:14.304+0000] {processor.py:153} INFO - Started process (PID=1923) to work on /home/airflow/.local/lib/python3.7/site-packages/airflow/example_dags/example_skip_dag.py
[2023-05-24T23:59:14.319+0000] {processor.py:743} INFO - Processing file /home/airflow/.local/lib/python3.7/site-packages/airflow/example_dags/example_skip_dag.py for tasks to queue
[2023-05-24T23:59:14.322+0000] {logging_mixin.py:137} INFO - [2023-05-24T23:59:14.322+0000] {dagbag.py:538} INFO - Filling up the DagBag from /home/airflow/.local/lib/python3.7/site-packages/airflow/example_dags/example_skip_dag.py
[2023-05-24T23:59:14.374+0000] {processor.py:753} INFO - DAG(s) dict_keys(['example_skip_dag']) retrieved from /home/airflow/.local/lib/python3.7/site-packages/airflow/example_dags/example_skip_dag.py
[2023-05-24T23:59:14.449+0000] {logging_mixin.py:137} INFO - [2023-05-24T23:59:14.448+0000] {dag.py:2690} INFO - Sync 1 DAGs
[2023-05-24T23:59:14.649+0000] {logging_mixin.py:137} INFO - [2023-05-24T23:59:14.648+0000] {dag.py:3441} INFO - Setting next_dagrun for example_skip_dag to 2023-05-23T23:59:14.648144+00:00, run_after=2023-05-24T23:59:14.648144+00:00
[2023-05-24T23:59:15.122+0000] {processor.py:175} INFO - Processing /home/airflow/.local/lib/python3.7/site-packages/airflow/example_dags/example_skip_dag.py took 0.737 seconds
