[2023-05-24T23:13:29.408+0000] {processor.py:153} INFO - Started process (PID=88) to work on /home/airflow/.local/lib/python3.7/site-packages/airflow/example_dags/example_task_group.py
[2023-05-24T23:13:29.412+0000] {processor.py:743} INFO - Processing file /home/airflow/.local/lib/python3.7/site-packages/airflow/example_dags/example_task_group.py for tasks to queue
[2023-05-24T23:13:29.416+0000] {logging_mixin.py:137} INFO - [2023-05-24T23:13:29.415+0000] {dagbag.py:538} INFO - Filling up the DagBag from /home/airflow/.local/lib/python3.7/site-packages/airflow/example_dags/example_task_group.py
[2023-05-24T23:13:29.458+0000] {processor.py:753} INFO - DAG(s) dict_keys(['example_task_group']) retrieved from /home/airflow/.local/lib/python3.7/site-packages/airflow/example_dags/example_task_group.py
[2023-05-24T23:13:29.519+0000] {logging_mixin.py:137} INFO - [2023-05-24T23:13:29.509+0000] {dag.py:2690} INFO - Sync 1 DAGs
[2023-05-24T23:13:29.979+0000] {logging_mixin.py:137} INFO - [2023-05-24T23:13:29.979+0000] {dag.py:3441} INFO - Setting next_dagrun for example_task_group to 2023-05-23T23:13:29.979083+00:00, run_after=2023-05-24T23:13:29.979083+00:00
[2023-05-24T23:13:30.544+0000] {processor.py:175} INFO - Processing /home/airflow/.local/lib/python3.7/site-packages/airflow/example_dags/example_task_group.py took 1.157 seconds
[2023-05-24T23:14:01.211+0000] {processor.py:153} INFO - Started process (PID=140) to work on /home/airflow/.local/lib/python3.7/site-packages/airflow/example_dags/example_task_group.py
[2023-05-24T23:14:01.215+0000] {processor.py:743} INFO - Processing file /home/airflow/.local/lib/python3.7/site-packages/airflow/example_dags/example_task_group.py for tasks to queue
[2023-05-24T23:14:01.218+0000] {logging_mixin.py:137} INFO - [2023-05-24T23:14:01.218+0000] {dagbag.py:538} INFO - Filling up the DagBag from /home/airflow/.local/lib/python3.7/site-packages/airflow/example_dags/example_task_group.py
[2023-05-24T23:14:01.244+0000] {processor.py:753} INFO - DAG(s) dict_keys(['example_task_group']) retrieved from /home/airflow/.local/lib/python3.7/site-packages/airflow/example_dags/example_task_group.py
[2023-05-24T23:14:01.306+0000] {logging_mixin.py:137} INFO - [2023-05-24T23:14:01.306+0000] {dag.py:2690} INFO - Sync 1 DAGs
[2023-05-24T23:14:01.368+0000] {logging_mixin.py:137} INFO - [2023-05-24T23:14:01.368+0000] {dag.py:3441} INFO - Setting next_dagrun for example_task_group to 2023-05-23T23:14:01.367777+00:00, run_after=2023-05-24T23:14:01.367777+00:00
[2023-05-24T23:14:01.433+0000] {processor.py:175} INFO - Processing /home/airflow/.local/lib/python3.7/site-packages/airflow/example_dags/example_task_group.py took 0.233 seconds
[2023-05-24T23:14:37.887+0000] {processor.py:153} INFO - Started process (PID=198) to work on /home/airflow/.local/lib/python3.7/site-packages/airflow/example_dags/example_task_group.py
[2023-05-24T23:14:37.893+0000] {processor.py:743} INFO - Processing file /home/airflow/.local/lib/python3.7/site-packages/airflow/example_dags/example_task_group.py for tasks to queue
[2023-05-24T23:14:37.897+0000] {logging_mixin.py:137} INFO - [2023-05-24T23:14:37.897+0000] {dagbag.py:538} INFO - Filling up the DagBag from /home/airflow/.local/lib/python3.7/site-packages/airflow/example_dags/example_task_group.py
[2023-05-24T23:14:38.006+0000] {processor.py:753} INFO - DAG(s) dict_keys(['example_task_group']) retrieved from /home/airflow/.local/lib/python3.7/site-packages/airflow/example_dags/example_task_group.py
[2023-05-24T23:14:38.117+0000] {logging_mixin.py:137} INFO - [2023-05-24T23:14:38.115+0000] {dag.py:2690} INFO - Sync 1 DAGs
[2023-05-24T23:14:38.311+0000] {logging_mixin.py:137} INFO - [2023-05-24T23:14:38.309+0000] {dag.py:3441} INFO - Setting next_dagrun for example_task_group to 2023-05-23T23:14:38.309100+00:00, run_after=2023-05-24T23:14:38.309100+00:00
[2023-05-24T23:14:38.508+0000] {processor.py:175} INFO - Processing /home/airflow/.local/lib/python3.7/site-packages/airflow/example_dags/example_task_group.py took 0.645 seconds
[2023-05-24T23:15:24.101+0000] {processor.py:153} INFO - Started process (PID=257) to work on /home/airflow/.local/lib/python3.7/site-packages/airflow/example_dags/example_task_group.py
[2023-05-24T23:15:24.114+0000] {processor.py:743} INFO - Processing file /home/airflow/.local/lib/python3.7/site-packages/airflow/example_dags/example_task_group.py for tasks to queue
[2023-05-24T23:15:24.124+0000] {logging_mixin.py:137} INFO - [2023-05-24T23:15:24.122+0000] {dagbag.py:538} INFO - Filling up the DagBag from /home/airflow/.local/lib/python3.7/site-packages/airflow/example_dags/example_task_group.py
[2023-05-24T23:15:24.986+0000] {processor.py:753} INFO - DAG(s) dict_keys(['example_task_group']) retrieved from /home/airflow/.local/lib/python3.7/site-packages/airflow/example_dags/example_task_group.py
[2023-05-24T23:15:25.841+0000] {logging_mixin.py:137} INFO - [2023-05-24T23:15:25.841+0000] {dag.py:2690} INFO - Sync 1 DAGs
[2023-05-24T23:15:26.608+0000] {logging_mixin.py:137} INFO - [2023-05-24T23:15:26.606+0000] {dag.py:3441} INFO - Setting next_dagrun for example_task_group to 2023-05-23T23:15:26.597137+00:00, run_after=2023-05-24T23:15:26.597137+00:00
[2023-05-24T23:15:27.322+0000] {processor.py:175} INFO - Processing /home/airflow/.local/lib/python3.7/site-packages/airflow/example_dags/example_task_group.py took 3.331 seconds
[2023-05-24T23:16:04.956+0000] {processor.py:153} INFO - Started process (PID=315) to work on /home/airflow/.local/lib/python3.7/site-packages/airflow/example_dags/example_task_group.py
[2023-05-24T23:16:04.969+0000] {processor.py:743} INFO - Processing file /home/airflow/.local/lib/python3.7/site-packages/airflow/example_dags/example_task_group.py for tasks to queue
[2023-05-24T23:16:04.976+0000] {logging_mixin.py:137} INFO - [2023-05-24T23:16:04.975+0000] {dagbag.py:538} INFO - Filling up the DagBag from /home/airflow/.local/lib/python3.7/site-packages/airflow/example_dags/example_task_group.py
[2023-05-24T23:16:05.078+0000] {processor.py:753} INFO - DAG(s) dict_keys(['example_task_group']) retrieved from /home/airflow/.local/lib/python3.7/site-packages/airflow/example_dags/example_task_group.py
[2023-05-24T23:16:05.130+0000] {logging_mixin.py:137} INFO - [2023-05-24T23:16:05.130+0000] {dag.py:2690} INFO - Sync 1 DAGs
[2023-05-24T23:16:05.169+0000] {logging_mixin.py:137} INFO - [2023-05-24T23:16:05.168+0000] {dag.py:3441} INFO - Setting next_dagrun for example_task_group to 2023-05-23T23:16:05.168680+00:00, run_after=2023-05-24T23:16:05.168680+00:00
[2023-05-24T23:16:05.224+0000] {processor.py:175} INFO - Processing /home/airflow/.local/lib/python3.7/site-packages/airflow/example_dags/example_task_group.py took 0.273 seconds
[2023-05-24T23:17:25.917+0000] {processor.py:153} INFO - Started process (PID=387) to work on /home/airflow/.local/lib/python3.7/site-packages/airflow/example_dags/example_task_group.py
[2023-05-24T23:17:25.951+0000] {processor.py:743} INFO - Processing file /home/airflow/.local/lib/python3.7/site-packages/airflow/example_dags/example_task_group.py for tasks to queue
[2023-05-24T23:17:25.974+0000] {logging_mixin.py:137} INFO - [2023-05-24T23:17:25.964+0000] {dagbag.py:538} INFO - Filling up the DagBag from /home/airflow/.local/lib/python3.7/site-packages/airflow/example_dags/example_task_group.py
[2023-05-24T23:17:27.045+0000] {processor.py:753} INFO - DAG(s) dict_keys(['example_task_group']) retrieved from /home/airflow/.local/lib/python3.7/site-packages/airflow/example_dags/example_task_group.py
[2023-05-24T23:17:27.106+0000] {logging_mixin.py:137} INFO - [2023-05-24T23:17:27.105+0000] {dag.py:2690} INFO - Sync 1 DAGs
[2023-05-24T23:17:27.848+0000] {logging_mixin.py:137} INFO - [2023-05-24T23:17:27.848+0000] {dag.py:3441} INFO - Setting next_dagrun for example_task_group to 2023-05-23T23:17:27.847671+00:00, run_after=2023-05-24T23:17:27.847671+00:00
[2023-05-24T23:17:28.346+0000] {processor.py:175} INFO - Processing /home/airflow/.local/lib/python3.7/site-packages/airflow/example_dags/example_task_group.py took 2.482 seconds
[2023-05-24T23:18:12.860+0000] {processor.py:153} INFO - Started process (PID=455) to work on /home/airflow/.local/lib/python3.7/site-packages/airflow/example_dags/example_task_group.py
[2023-05-24T23:18:12.865+0000] {processor.py:743} INFO - Processing file /home/airflow/.local/lib/python3.7/site-packages/airflow/example_dags/example_task_group.py for tasks to queue
[2023-05-24T23:18:12.869+0000] {logging_mixin.py:137} INFO - [2023-05-24T23:18:12.869+0000] {dagbag.py:538} INFO - Filling up the DagBag from /home/airflow/.local/lib/python3.7/site-packages/airflow/example_dags/example_task_group.py
[2023-05-24T23:18:12.932+0000] {processor.py:753} INFO - DAG(s) dict_keys(['example_task_group']) retrieved from /home/airflow/.local/lib/python3.7/site-packages/airflow/example_dags/example_task_group.py
[2023-05-24T23:18:13.135+0000] {logging_mixin.py:137} INFO - [2023-05-24T23:18:13.127+0000] {dag.py:2690} INFO - Sync 1 DAGs
[2023-05-24T23:18:13.390+0000] {logging_mixin.py:137} INFO - [2023-05-24T23:18:13.387+0000] {dag.py:3441} INFO - Setting next_dagrun for example_task_group to 2023-05-23T23:18:13.371135+00:00, run_after=2023-05-24T23:18:13.371135+00:00
[2023-05-24T23:18:13.625+0000] {processor.py:175} INFO - Processing /home/airflow/.local/lib/python3.7/site-packages/airflow/example_dags/example_task_group.py took 0.787 seconds
[2023-05-24T23:20:26.142+0000] {processor.py:153} INFO - Started process (PID=72) to work on /home/airflow/.local/lib/python3.7/site-packages/airflow/example_dags/example_task_group.py
[2023-05-24T23:20:26.159+0000] {processor.py:743} INFO - Processing file /home/airflow/.local/lib/python3.7/site-packages/airflow/example_dags/example_task_group.py for tasks to queue
[2023-05-24T23:20:26.165+0000] {logging_mixin.py:137} INFO - [2023-05-24T23:20:26.165+0000] {dagbag.py:538} INFO - Filling up the DagBag from /home/airflow/.local/lib/python3.7/site-packages/airflow/example_dags/example_task_group.py
[2023-05-24T23:20:26.238+0000] {processor.py:753} INFO - DAG(s) dict_keys(['example_task_group']) retrieved from /home/airflow/.local/lib/python3.7/site-packages/airflow/example_dags/example_task_group.py
[2023-05-24T23:20:26.439+0000] {logging_mixin.py:137} INFO - [2023-05-24T23:20:26.438+0000] {dag.py:2690} INFO - Sync 1 DAGs
[2023-05-24T23:20:26.730+0000] {logging_mixin.py:137} INFO - [2023-05-24T23:20:26.729+0000] {dag.py:3441} INFO - Setting next_dagrun for example_task_group to 2023-05-23T23:20:26.729618+00:00, run_after=2023-05-24T23:20:26.729618+00:00
[2023-05-24T23:20:26.932+0000] {processor.py:175} INFO - Processing /home/airflow/.local/lib/python3.7/site-packages/airflow/example_dags/example_task_group.py took 0.810 seconds
[2023-05-24T23:20:57.479+0000] {processor.py:153} INFO - Started process (PID=132) to work on /home/airflow/.local/lib/python3.7/site-packages/airflow/example_dags/example_task_group.py
[2023-05-24T23:20:57.490+0000] {processor.py:743} INFO - Processing file /home/airflow/.local/lib/python3.7/site-packages/airflow/example_dags/example_task_group.py for tasks to queue
[2023-05-24T23:20:57.505+0000] {logging_mixin.py:137} INFO - [2023-05-24T23:20:57.495+0000] {dagbag.py:538} INFO - Filling up the DagBag from /home/airflow/.local/lib/python3.7/site-packages/airflow/example_dags/example_task_group.py
[2023-05-24T23:20:57.540+0000] {processor.py:753} INFO - DAG(s) dict_keys(['example_task_group']) retrieved from /home/airflow/.local/lib/python3.7/site-packages/airflow/example_dags/example_task_group.py
[2023-05-24T23:20:57.592+0000] {logging_mixin.py:137} INFO - [2023-05-24T23:20:57.591+0000] {dag.py:2690} INFO - Sync 1 DAGs
[2023-05-24T23:20:57.642+0000] {logging_mixin.py:137} INFO - [2023-05-24T23:20:57.642+0000] {dag.py:3441} INFO - Setting next_dagrun for example_task_group to 2023-05-23T23:20:57.641629+00:00, run_after=2023-05-24T23:20:57.641629+00:00
[2023-05-24T23:20:57.680+0000] {processor.py:175} INFO - Processing /home/airflow/.local/lib/python3.7/site-packages/airflow/example_dags/example_task_group.py took 0.211 seconds
[2023-05-24T23:21:27.825+0000] {processor.py:153} INFO - Started process (PID=191) to work on /home/airflow/.local/lib/python3.7/site-packages/airflow/example_dags/example_task_group.py
[2023-05-24T23:21:27.851+0000] {processor.py:743} INFO - Processing file /home/airflow/.local/lib/python3.7/site-packages/airflow/example_dags/example_task_group.py for tasks to queue
[2023-05-24T23:21:27.860+0000] {logging_mixin.py:137} INFO - [2023-05-24T23:21:27.859+0000] {dagbag.py:538} INFO - Filling up the DagBag from /home/airflow/.local/lib/python3.7/site-packages/airflow/example_dags/example_task_group.py
[2023-05-24T23:21:28.016+0000] {processor.py:753} INFO - DAG(s) dict_keys(['example_task_group']) retrieved from /home/airflow/.local/lib/python3.7/site-packages/airflow/example_dags/example_task_group.py
[2023-05-24T23:21:28.130+0000] {logging_mixin.py:137} INFO - [2023-05-24T23:21:28.130+0000] {dag.py:2690} INFO - Sync 1 DAGs
[2023-05-24T23:21:28.260+0000] {logging_mixin.py:137} INFO - [2023-05-24T23:21:28.260+0000] {dag.py:3441} INFO - Setting next_dagrun for example_task_group to 2023-05-23T23:21:28.260166+00:00, run_after=2023-05-24T23:21:28.260166+00:00
[2023-05-24T23:21:28.364+0000] {processor.py:175} INFO - Processing /home/airflow/.local/lib/python3.7/site-packages/airflow/example_dags/example_task_group.py took 0.553 seconds
[2023-05-24T23:21:58.737+0000] {processor.py:153} INFO - Started process (PID=262) to work on /home/airflow/.local/lib/python3.7/site-packages/airflow/example_dags/example_task_group.py
[2023-05-24T23:21:58.739+0000] {processor.py:743} INFO - Processing file /home/airflow/.local/lib/python3.7/site-packages/airflow/example_dags/example_task_group.py for tasks to queue
[2023-05-24T23:21:58.741+0000] {logging_mixin.py:137} INFO - [2023-05-24T23:21:58.741+0000] {dagbag.py:538} INFO - Filling up the DagBag from /home/airflow/.local/lib/python3.7/site-packages/airflow/example_dags/example_task_group.py
[2023-05-24T23:21:58.771+0000] {processor.py:753} INFO - DAG(s) dict_keys(['example_task_group']) retrieved from /home/airflow/.local/lib/python3.7/site-packages/airflow/example_dags/example_task_group.py
[2023-05-24T23:21:58.842+0000] {logging_mixin.py:137} INFO - [2023-05-24T23:21:58.841+0000] {dag.py:2690} INFO - Sync 1 DAGs
[2023-05-24T23:21:58.914+0000] {logging_mixin.py:137} INFO - [2023-05-24T23:21:58.913+0000] {dag.py:3441} INFO - Setting next_dagrun for example_task_group to 2023-05-23T23:21:58.913630+00:00, run_after=2023-05-24T23:21:58.913630+00:00
[2023-05-24T23:21:58.945+0000] {processor.py:175} INFO - Processing /home/airflow/.local/lib/python3.7/site-packages/airflow/example_dags/example_task_group.py took 0.214 seconds
[2023-05-24T23:22:29.057+0000] {processor.py:153} INFO - Started process (PID=321) to work on /home/airflow/.local/lib/python3.7/site-packages/airflow/example_dags/example_task_group.py
[2023-05-24T23:22:29.060+0000] {processor.py:743} INFO - Processing file /home/airflow/.local/lib/python3.7/site-packages/airflow/example_dags/example_task_group.py for tasks to queue
[2023-05-24T23:22:29.062+0000] {logging_mixin.py:137} INFO - [2023-05-24T23:22:29.062+0000] {dagbag.py:538} INFO - Filling up the DagBag from /home/airflow/.local/lib/python3.7/site-packages/airflow/example_dags/example_task_group.py
[2023-05-24T23:22:29.093+0000] {processor.py:753} INFO - DAG(s) dict_keys(['example_task_group']) retrieved from /home/airflow/.local/lib/python3.7/site-packages/airflow/example_dags/example_task_group.py
[2023-05-24T23:22:29.148+0000] {logging_mixin.py:137} INFO - [2023-05-24T23:22:29.148+0000] {dag.py:2690} INFO - Sync 1 DAGs
[2023-05-24T23:22:29.183+0000] {logging_mixin.py:137} INFO - [2023-05-24T23:22:29.183+0000] {dag.py:3441} INFO - Setting next_dagrun for example_task_group to 2023-05-23T23:22:29.182954+00:00, run_after=2023-05-24T23:22:29.182954+00:00
[2023-05-24T23:22:29.209+0000] {processor.py:175} INFO - Processing /home/airflow/.local/lib/python3.7/site-packages/airflow/example_dags/example_task_group.py took 0.159 seconds
[2023-05-24T23:22:59.562+0000] {processor.py:153} INFO - Started process (PID=381) to work on /home/airflow/.local/lib/python3.7/site-packages/airflow/example_dags/example_task_group.py
[2023-05-24T23:22:59.565+0000] {processor.py:743} INFO - Processing file /home/airflow/.local/lib/python3.7/site-packages/airflow/example_dags/example_task_group.py for tasks to queue
[2023-05-24T23:22:59.569+0000] {logging_mixin.py:137} INFO - [2023-05-24T23:22:59.569+0000] {dagbag.py:538} INFO - Filling up the DagBag from /home/airflow/.local/lib/python3.7/site-packages/airflow/example_dags/example_task_group.py
[2023-05-24T23:22:59.596+0000] {processor.py:753} INFO - DAG(s) dict_keys(['example_task_group']) retrieved from /home/airflow/.local/lib/python3.7/site-packages/airflow/example_dags/example_task_group.py
[2023-05-24T23:22:59.639+0000] {logging_mixin.py:137} INFO - [2023-05-24T23:22:59.638+0000] {dag.py:2690} INFO - Sync 1 DAGs
[2023-05-24T23:22:59.677+0000] {logging_mixin.py:137} INFO - [2023-05-24T23:22:59.676+0000] {dag.py:3441} INFO - Setting next_dagrun for example_task_group to 2023-05-23T23:22:59.676225+00:00, run_after=2023-05-24T23:22:59.676225+00:00
[2023-05-24T23:22:59.708+0000] {processor.py:175} INFO - Processing /home/airflow/.local/lib/python3.7/site-packages/airflow/example_dags/example_task_group.py took 0.153 seconds
[2023-05-24T23:23:30.803+0000] {processor.py:153} INFO - Started process (PID=440) to work on /home/airflow/.local/lib/python3.7/site-packages/airflow/example_dags/example_task_group.py
[2023-05-24T23:23:30.815+0000] {processor.py:743} INFO - Processing file /home/airflow/.local/lib/python3.7/site-packages/airflow/example_dags/example_task_group.py for tasks to queue
[2023-05-24T23:23:30.817+0000] {logging_mixin.py:137} INFO - [2023-05-24T23:23:30.817+0000] {dagbag.py:538} INFO - Filling up the DagBag from /home/airflow/.local/lib/python3.7/site-packages/airflow/example_dags/example_task_group.py
[2023-05-24T23:23:30.890+0000] {processor.py:753} INFO - DAG(s) dict_keys(['example_task_group']) retrieved from /home/airflow/.local/lib/python3.7/site-packages/airflow/example_dags/example_task_group.py
[2023-05-24T23:23:30.965+0000] {logging_mixin.py:137} INFO - [2023-05-24T23:23:30.964+0000] {dag.py:2690} INFO - Sync 1 DAGs
[2023-05-24T23:23:31.039+0000] {logging_mixin.py:137} INFO - [2023-05-24T23:23:31.039+0000] {dag.py:3441} INFO - Setting next_dagrun for example_task_group to 2023-05-23T23:23:31.039160+00:00, run_after=2023-05-24T23:23:31.039160+00:00
[2023-05-24T23:23:31.086+0000] {processor.py:175} INFO - Processing /home/airflow/.local/lib/python3.7/site-packages/airflow/example_dags/example_task_group.py took 0.295 seconds
[2023-05-24T23:24:03.031+0000] {processor.py:153} INFO - Started process (PID=507) to work on /home/airflow/.local/lib/python3.7/site-packages/airflow/example_dags/example_task_group.py
[2023-05-24T23:24:03.048+0000] {processor.py:743} INFO - Processing file /home/airflow/.local/lib/python3.7/site-packages/airflow/example_dags/example_task_group.py for tasks to queue
[2023-05-24T23:24:03.055+0000] {logging_mixin.py:137} INFO - [2023-05-24T23:24:03.053+0000] {dagbag.py:538} INFO - Filling up the DagBag from /home/airflow/.local/lib/python3.7/site-packages/airflow/example_dags/example_task_group.py
[2023-05-24T23:24:03.195+0000] {processor.py:753} INFO - DAG(s) dict_keys(['example_task_group']) retrieved from /home/airflow/.local/lib/python3.7/site-packages/airflow/example_dags/example_task_group.py
[2023-05-24T23:24:03.733+0000] {logging_mixin.py:137} INFO - [2023-05-24T23:24:03.732+0000] {dag.py:2690} INFO - Sync 1 DAGs
[2023-05-24T23:24:04.597+0000] {logging_mixin.py:137} INFO - [2023-05-24T23:24:04.597+0000] {dag.py:3441} INFO - Setting next_dagrun for example_task_group to 2023-05-23T23:24:04.596800+00:00, run_after=2023-05-24T23:24:04.596800+00:00
[2023-05-24T23:24:07.097+0000] {processor.py:175} INFO - Processing /home/airflow/.local/lib/python3.7/site-packages/airflow/example_dags/example_task_group.py took 4.086 seconds
[2023-05-24T23:24:37.348+0000] {processor.py:153} INFO - Started process (PID=566) to work on /home/airflow/.local/lib/python3.7/site-packages/airflow/example_dags/example_task_group.py
[2023-05-24T23:24:37.351+0000] {processor.py:743} INFO - Processing file /home/airflow/.local/lib/python3.7/site-packages/airflow/example_dags/example_task_group.py for tasks to queue
[2023-05-24T23:24:37.354+0000] {logging_mixin.py:137} INFO - [2023-05-24T23:24:37.353+0000] {dagbag.py:538} INFO - Filling up the DagBag from /home/airflow/.local/lib/python3.7/site-packages/airflow/example_dags/example_task_group.py
[2023-05-24T23:24:37.419+0000] {processor.py:753} INFO - DAG(s) dict_keys(['example_task_group']) retrieved from /home/airflow/.local/lib/python3.7/site-packages/airflow/example_dags/example_task_group.py
[2023-05-24T23:24:37.509+0000] {logging_mixin.py:137} INFO - [2023-05-24T23:24:37.509+0000] {dag.py:2690} INFO - Sync 1 DAGs
[2023-05-24T23:24:37.646+0000] {logging_mixin.py:137} INFO - [2023-05-24T23:24:37.645+0000] {dag.py:3441} INFO - Setting next_dagrun for example_task_group to 2023-05-23T23:24:37.644921+00:00, run_after=2023-05-24T23:24:37.644921+00:00
[2023-05-24T23:24:37.854+0000] {processor.py:175} INFO - Processing /home/airflow/.local/lib/python3.7/site-packages/airflow/example_dags/example_task_group.py took 0.512 seconds
[2023-05-24T23:25:08.709+0000] {processor.py:153} INFO - Started process (PID=628) to work on /home/airflow/.local/lib/python3.7/site-packages/airflow/example_dags/example_task_group.py
[2023-05-24T23:25:08.712+0000] {processor.py:743} INFO - Processing file /home/airflow/.local/lib/python3.7/site-packages/airflow/example_dags/example_task_group.py for tasks to queue
[2023-05-24T23:25:08.715+0000] {logging_mixin.py:137} INFO - [2023-05-24T23:25:08.714+0000] {dagbag.py:538} INFO - Filling up the DagBag from /home/airflow/.local/lib/python3.7/site-packages/airflow/example_dags/example_task_group.py
[2023-05-24T23:25:08.746+0000] {processor.py:753} INFO - DAG(s) dict_keys(['example_task_group']) retrieved from /home/airflow/.local/lib/python3.7/site-packages/airflow/example_dags/example_task_group.py
[2023-05-24T23:25:08.813+0000] {logging_mixin.py:137} INFO - [2023-05-24T23:25:08.813+0000] {dag.py:2690} INFO - Sync 1 DAGs
[2023-05-24T23:25:08.866+0000] {logging_mixin.py:137} INFO - [2023-05-24T23:25:08.866+0000] {dag.py:3441} INFO - Setting next_dagrun for example_task_group to 2023-05-23T23:25:08.866309+00:00, run_after=2023-05-24T23:25:08.866309+00:00
[2023-05-24T23:25:08.910+0000] {processor.py:175} INFO - Processing /home/airflow/.local/lib/python3.7/site-packages/airflow/example_dags/example_task_group.py took 0.209 seconds
[2023-05-24T23:25:39.223+0000] {processor.py:153} INFO - Started process (PID=688) to work on /home/airflow/.local/lib/python3.7/site-packages/airflow/example_dags/example_task_group.py
[2023-05-24T23:25:39.232+0000] {processor.py:743} INFO - Processing file /home/airflow/.local/lib/python3.7/site-packages/airflow/example_dags/example_task_group.py for tasks to queue
[2023-05-24T23:25:39.239+0000] {logging_mixin.py:137} INFO - [2023-05-24T23:25:39.239+0000] {dagbag.py:538} INFO - Filling up the DagBag from /home/airflow/.local/lib/python3.7/site-packages/airflow/example_dags/example_task_group.py
[2023-05-24T23:25:39.318+0000] {processor.py:753} INFO - DAG(s) dict_keys(['example_task_group']) retrieved from /home/airflow/.local/lib/python3.7/site-packages/airflow/example_dags/example_task_group.py
[2023-05-24T23:25:39.449+0000] {logging_mixin.py:137} INFO - [2023-05-24T23:25:39.448+0000] {dag.py:2690} INFO - Sync 1 DAGs
[2023-05-24T23:25:39.500+0000] {logging_mixin.py:137} INFO - [2023-05-24T23:25:39.500+0000] {dag.py:3441} INFO - Setting next_dagrun for example_task_group to 2023-05-23T23:25:39.500265+00:00, run_after=2023-05-24T23:25:39.500265+00:00
[2023-05-24T23:25:39.543+0000] {processor.py:175} INFO - Processing /home/airflow/.local/lib/python3.7/site-packages/airflow/example_dags/example_task_group.py took 0.331 seconds
[2023-05-24T23:26:10.459+0000] {processor.py:153} INFO - Started process (PID=748) to work on /home/airflow/.local/lib/python3.7/site-packages/airflow/example_dags/example_task_group.py
[2023-05-24T23:26:10.468+0000] {processor.py:743} INFO - Processing file /home/airflow/.local/lib/python3.7/site-packages/airflow/example_dags/example_task_group.py for tasks to queue
[2023-05-24T23:26:10.471+0000] {logging_mixin.py:137} INFO - [2023-05-24T23:26:10.471+0000] {dagbag.py:538} INFO - Filling up the DagBag from /home/airflow/.local/lib/python3.7/site-packages/airflow/example_dags/example_task_group.py
[2023-05-24T23:26:10.494+0000] {processor.py:753} INFO - DAG(s) dict_keys(['example_task_group']) retrieved from /home/airflow/.local/lib/python3.7/site-packages/airflow/example_dags/example_task_group.py
[2023-05-24T23:26:10.529+0000] {logging_mixin.py:137} INFO - [2023-05-24T23:26:10.529+0000] {dag.py:2690} INFO - Sync 1 DAGs
[2023-05-24T23:26:10.567+0000] {logging_mixin.py:137} INFO - [2023-05-24T23:26:10.566+0000] {dag.py:3441} INFO - Setting next_dagrun for example_task_group to 2023-05-23T23:26:10.566677+00:00, run_after=2023-05-24T23:26:10.566677+00:00
[2023-05-24T23:26:10.602+0000] {processor.py:175} INFO - Processing /home/airflow/.local/lib/python3.7/site-packages/airflow/example_dags/example_task_group.py took 0.147 seconds
[2023-05-24T23:27:00.623+0000] {processor.py:153} INFO - Started process (PID=815) to work on /home/airflow/.local/lib/python3.7/site-packages/airflow/example_dags/example_task_group.py
[2023-05-24T23:27:00.631+0000] {processor.py:743} INFO - Processing file /home/airflow/.local/lib/python3.7/site-packages/airflow/example_dags/example_task_group.py for tasks to queue
[2023-05-24T23:27:00.643+0000] {logging_mixin.py:137} INFO - [2023-05-24T23:27:00.642+0000] {dagbag.py:538} INFO - Filling up the DagBag from /home/airflow/.local/lib/python3.7/site-packages/airflow/example_dags/example_task_group.py
[2023-05-24T23:27:00.780+0000] {processor.py:753} INFO - DAG(s) dict_keys(['example_task_group']) retrieved from /home/airflow/.local/lib/python3.7/site-packages/airflow/example_dags/example_task_group.py
[2023-05-24T23:27:01.026+0000] {logging_mixin.py:137} INFO - [2023-05-24T23:27:01.019+0000] {dag.py:2690} INFO - Sync 1 DAGs
[2023-05-24T23:27:01.225+0000] {logging_mixin.py:137} INFO - [2023-05-24T23:27:01.224+0000] {dag.py:3441} INFO - Setting next_dagrun for example_task_group to 2023-05-23T23:27:01.224609+00:00, run_after=2023-05-24T23:27:01.224609+00:00
[2023-05-24T23:27:01.340+0000] {processor.py:175} INFO - Processing /home/airflow/.local/lib/python3.7/site-packages/airflow/example_dags/example_task_group.py took 0.743 seconds
[2023-05-24T23:27:34.216+0000] {processor.py:153} INFO - Started process (PID=875) to work on /home/airflow/.local/lib/python3.7/site-packages/airflow/example_dags/example_task_group.py
[2023-05-24T23:27:34.222+0000] {processor.py:743} INFO - Processing file /home/airflow/.local/lib/python3.7/site-packages/airflow/example_dags/example_task_group.py for tasks to queue
[2023-05-24T23:27:34.229+0000] {logging_mixin.py:137} INFO - [2023-05-24T23:27:34.228+0000] {dagbag.py:538} INFO - Filling up the DagBag from /home/airflow/.local/lib/python3.7/site-packages/airflow/example_dags/example_task_group.py
[2023-05-24T23:27:34.675+0000] {processor.py:753} INFO - DAG(s) dict_keys(['example_task_group']) retrieved from /home/airflow/.local/lib/python3.7/site-packages/airflow/example_dags/example_task_group.py
[2023-05-24T23:27:34.989+0000] {logging_mixin.py:137} INFO - [2023-05-24T23:27:34.989+0000] {dag.py:2690} INFO - Sync 1 DAGs
[2023-05-24T23:27:35.560+0000] {logging_mixin.py:137} INFO - [2023-05-24T23:27:35.559+0000] {dag.py:3441} INFO - Setting next_dagrun for example_task_group to 2023-05-23T23:27:35.558408+00:00, run_after=2023-05-24T23:27:35.558408+00:00
[2023-05-24T23:27:35.986+0000] {processor.py:175} INFO - Processing /home/airflow/.local/lib/python3.7/site-packages/airflow/example_dags/example_task_group.py took 1.799 seconds
[2023-05-24T23:29:07.044+0000] {processor.py:153} INFO - Started process (PID=965) to work on /home/airflow/.local/lib/python3.7/site-packages/airflow/example_dags/example_task_group.py
[2023-05-24T23:29:07.055+0000] {processor.py:743} INFO - Processing file /home/airflow/.local/lib/python3.7/site-packages/airflow/example_dags/example_task_group.py for tasks to queue
[2023-05-24T23:29:07.082+0000] {logging_mixin.py:137} INFO - [2023-05-24T23:29:07.074+0000] {dagbag.py:538} INFO - Filling up the DagBag from /home/airflow/.local/lib/python3.7/site-packages/airflow/example_dags/example_task_group.py
[2023-05-24T23:29:07.309+0000] {processor.py:753} INFO - DAG(s) dict_keys(['example_task_group']) retrieved from /home/airflow/.local/lib/python3.7/site-packages/airflow/example_dags/example_task_group.py
[2023-05-24T23:29:07.411+0000] {logging_mixin.py:137} INFO - [2023-05-24T23:29:07.410+0000] {dag.py:2690} INFO - Sync 1 DAGs
[2023-05-24T23:29:07.480+0000] {logging_mixin.py:137} INFO - [2023-05-24T23:29:07.480+0000] {dag.py:3441} INFO - Setting next_dagrun for example_task_group to 2023-05-23T23:29:07.479690+00:00, run_after=2023-05-24T23:29:07.479690+00:00
[2023-05-24T23:29:07.544+0000] {processor.py:175} INFO - Processing /home/airflow/.local/lib/python3.7/site-packages/airflow/example_dags/example_task_group.py took 0.536 seconds
[2023-05-24T23:29:38.334+0000] {processor.py:153} INFO - Started process (PID=1026) to work on /home/airflow/.local/lib/python3.7/site-packages/airflow/example_dags/example_task_group.py
[2023-05-24T23:29:38.337+0000] {processor.py:743} INFO - Processing file /home/airflow/.local/lib/python3.7/site-packages/airflow/example_dags/example_task_group.py for tasks to queue
[2023-05-24T23:29:38.340+0000] {logging_mixin.py:137} INFO - [2023-05-24T23:29:38.340+0000] {dagbag.py:538} INFO - Filling up the DagBag from /home/airflow/.local/lib/python3.7/site-packages/airflow/example_dags/example_task_group.py
[2023-05-24T23:29:38.366+0000] {processor.py:753} INFO - DAG(s) dict_keys(['example_task_group']) retrieved from /home/airflow/.local/lib/python3.7/site-packages/airflow/example_dags/example_task_group.py
[2023-05-24T23:29:38.438+0000] {logging_mixin.py:137} INFO - [2023-05-24T23:29:38.438+0000] {dag.py:2690} INFO - Sync 1 DAGs
[2023-05-24T23:29:38.502+0000] {logging_mixin.py:137} INFO - [2023-05-24T23:29:38.502+0000] {dag.py:3441} INFO - Setting next_dagrun for example_task_group to 2023-05-23T23:29:38.501819+00:00, run_after=2023-05-24T23:29:38.501819+00:00
[2023-05-24T23:29:38.546+0000] {processor.py:175} INFO - Processing /home/airflow/.local/lib/python3.7/site-packages/airflow/example_dags/example_task_group.py took 0.220 seconds
[2023-05-24T23:30:09.247+0000] {processor.py:153} INFO - Started process (PID=1085) to work on /home/airflow/.local/lib/python3.7/site-packages/airflow/example_dags/example_task_group.py
[2023-05-24T23:30:09.249+0000] {processor.py:743} INFO - Processing file /home/airflow/.local/lib/python3.7/site-packages/airflow/example_dags/example_task_group.py for tasks to queue
[2023-05-24T23:30:09.252+0000] {logging_mixin.py:137} INFO - [2023-05-24T23:30:09.252+0000] {dagbag.py:538} INFO - Filling up the DagBag from /home/airflow/.local/lib/python3.7/site-packages/airflow/example_dags/example_task_group.py
[2023-05-24T23:30:09.292+0000] {processor.py:753} INFO - DAG(s) dict_keys(['example_task_group']) retrieved from /home/airflow/.local/lib/python3.7/site-packages/airflow/example_dags/example_task_group.py
[2023-05-24T23:30:09.388+0000] {logging_mixin.py:137} INFO - [2023-05-24T23:30:09.384+0000] {dag.py:2690} INFO - Sync 1 DAGs
[2023-05-24T23:30:09.497+0000] {logging_mixin.py:137} INFO - [2023-05-24T23:30:09.497+0000] {dag.py:3441} INFO - Setting next_dagrun for example_task_group to 2023-05-23T23:30:09.496841+00:00, run_after=2023-05-24T23:30:09.496841+00:00
[2023-05-24T23:30:09.638+0000] {processor.py:175} INFO - Processing /home/airflow/.local/lib/python3.7/site-packages/airflow/example_dags/example_task_group.py took 0.399 seconds
[2023-05-24T23:30:40.630+0000] {processor.py:153} INFO - Started process (PID=1154) to work on /home/airflow/.local/lib/python3.7/site-packages/airflow/example_dags/example_task_group.py
[2023-05-24T23:30:40.638+0000] {processor.py:743} INFO - Processing file /home/airflow/.local/lib/python3.7/site-packages/airflow/example_dags/example_task_group.py for tasks to queue
[2023-05-24T23:30:40.644+0000] {logging_mixin.py:137} INFO - [2023-05-24T23:30:40.643+0000] {dagbag.py:538} INFO - Filling up the DagBag from /home/airflow/.local/lib/python3.7/site-packages/airflow/example_dags/example_task_group.py
[2023-05-24T23:30:40.723+0000] {processor.py:753} INFO - DAG(s) dict_keys(['example_task_group']) retrieved from /home/airflow/.local/lib/python3.7/site-packages/airflow/example_dags/example_task_group.py
[2023-05-24T23:30:40.813+0000] {logging_mixin.py:137} INFO - [2023-05-24T23:30:40.813+0000] {dag.py:2690} INFO - Sync 1 DAGs
[2023-05-24T23:30:40.908+0000] {logging_mixin.py:137} INFO - [2023-05-24T23:30:40.907+0000] {dag.py:3441} INFO - Setting next_dagrun for example_task_group to 2023-05-23T23:30:40.907612+00:00, run_after=2023-05-24T23:30:40.907612+00:00
[2023-05-24T23:30:40.983+0000] {processor.py:175} INFO - Processing /home/airflow/.local/lib/python3.7/site-packages/airflow/example_dags/example_task_group.py took 0.378 seconds
[2023-05-24T23:33:58.564+0000] {processor.py:153} INFO - Started process (PID=77) to work on /home/airflow/.local/lib/python3.7/site-packages/airflow/example_dags/example_task_group.py
[2023-05-24T23:33:58.570+0000] {processor.py:743} INFO - Processing file /home/airflow/.local/lib/python3.7/site-packages/airflow/example_dags/example_task_group.py for tasks to queue
[2023-05-24T23:33:58.573+0000] {logging_mixin.py:137} INFO - [2023-05-24T23:33:58.572+0000] {dagbag.py:538} INFO - Filling up the DagBag from /home/airflow/.local/lib/python3.7/site-packages/airflow/example_dags/example_task_group.py
[2023-05-24T23:33:58.888+0000] {processor.py:753} INFO - DAG(s) dict_keys(['example_task_group']) retrieved from /home/airflow/.local/lib/python3.7/site-packages/airflow/example_dags/example_task_group.py
[2023-05-24T23:33:59.069+0000] {logging_mixin.py:137} INFO - [2023-05-24T23:33:59.069+0000] {dag.py:2690} INFO - Sync 1 DAGs
[2023-05-24T23:33:59.322+0000] {logging_mixin.py:137} INFO - [2023-05-24T23:33:59.321+0000] {dag.py:3441} INFO - Setting next_dagrun for example_task_group to 2023-05-23T23:33:59.321601+00:00, run_after=2023-05-24T23:33:59.321601+00:00
[2023-05-24T23:33:59.544+0000] {processor.py:175} INFO - Processing /home/airflow/.local/lib/python3.7/site-packages/airflow/example_dags/example_task_group.py took 0.995 seconds
[2023-05-24T23:34:30.564+0000] {processor.py:153} INFO - Started process (PID=130) to work on /home/airflow/.local/lib/python3.7/site-packages/airflow/example_dags/example_task_group.py
[2023-05-24T23:34:30.620+0000] {processor.py:743} INFO - Processing file /home/airflow/.local/lib/python3.7/site-packages/airflow/example_dags/example_task_group.py for tasks to queue
[2023-05-24T23:34:30.721+0000] {logging_mixin.py:137} INFO - [2023-05-24T23:34:30.720+0000] {dagbag.py:538} INFO - Filling up the DagBag from /home/airflow/.local/lib/python3.7/site-packages/airflow/example_dags/example_task_group.py
[2023-05-24T23:34:31.184+0000] {processor.py:753} INFO - DAG(s) dict_keys(['example_task_group']) retrieved from /home/airflow/.local/lib/python3.7/site-packages/airflow/example_dags/example_task_group.py
[2023-05-24T23:34:31.437+0000] {logging_mixin.py:137} INFO - [2023-05-24T23:34:31.437+0000] {dag.py:2690} INFO - Sync 1 DAGs
[2023-05-24T23:34:31.868+0000] {logging_mixin.py:137} INFO - [2023-05-24T23:34:31.868+0000] {dag.py:3441} INFO - Setting next_dagrun for example_task_group to 2023-05-23T23:34:31.863174+00:00, run_after=2023-05-24T23:34:31.863174+00:00
[2023-05-24T23:34:32.236+0000] {processor.py:175} INFO - Processing /home/airflow/.local/lib/python3.7/site-packages/airflow/example_dags/example_task_group.py took 1.782 seconds
[2023-05-24T23:35:04.795+0000] {processor.py:153} INFO - Started process (PID=189) to work on /home/airflow/.local/lib/python3.7/site-packages/airflow/example_dags/example_task_group.py
[2023-05-24T23:35:04.831+0000] {processor.py:743} INFO - Processing file /home/airflow/.local/lib/python3.7/site-packages/airflow/example_dags/example_task_group.py for tasks to queue
[2023-05-24T23:35:04.856+0000] {logging_mixin.py:137} INFO - [2023-05-24T23:35:04.856+0000] {dagbag.py:538} INFO - Filling up the DagBag from /home/airflow/.local/lib/python3.7/site-packages/airflow/example_dags/example_task_group.py
[2023-05-24T23:35:05.177+0000] {processor.py:753} INFO - DAG(s) dict_keys(['example_task_group']) retrieved from /home/airflow/.local/lib/python3.7/site-packages/airflow/example_dags/example_task_group.py
[2023-05-24T23:35:06.461+0000] {logging_mixin.py:137} INFO - [2023-05-24T23:35:06.456+0000] {dag.py:2690} INFO - Sync 1 DAGs
[2023-05-24T23:35:07.394+0000] {logging_mixin.py:137} INFO - [2023-05-24T23:35:07.394+0000] {dag.py:3441} INFO - Setting next_dagrun for example_task_group to 2023-05-23T23:35:07.393634+00:00, run_after=2023-05-24T23:35:07.393634+00:00
[2023-05-24T23:35:08.054+0000] {processor.py:175} INFO - Processing /home/airflow/.local/lib/python3.7/site-packages/airflow/example_dags/example_task_group.py took 3.342 seconds
[2023-05-24T23:36:22.449+0000] {processor.py:153} INFO - Started process (PID=264) to work on /home/airflow/.local/lib/python3.7/site-packages/airflow/example_dags/example_task_group.py
[2023-05-24T23:36:22.489+0000] {processor.py:743} INFO - Processing file /home/airflow/.local/lib/python3.7/site-packages/airflow/example_dags/example_task_group.py for tasks to queue
[2023-05-24T23:36:22.498+0000] {logging_mixin.py:137} INFO - [2023-05-24T23:36:22.497+0000] {dagbag.py:538} INFO - Filling up the DagBag from /home/airflow/.local/lib/python3.7/site-packages/airflow/example_dags/example_task_group.py
[2023-05-24T23:36:22.732+0000] {processor.py:753} INFO - DAG(s) dict_keys(['example_task_group']) retrieved from /home/airflow/.local/lib/python3.7/site-packages/airflow/example_dags/example_task_group.py
[2023-05-24T23:36:22.888+0000] {logging_mixin.py:137} INFO - [2023-05-24T23:36:22.888+0000] {dag.py:2690} INFO - Sync 1 DAGs
[2023-05-24T23:36:23.203+0000] {logging_mixin.py:137} INFO - [2023-05-24T23:36:23.202+0000] {dag.py:3441} INFO - Setting next_dagrun for example_task_group to 2023-05-23T23:36:23.202546+00:00, run_after=2023-05-24T23:36:23.202546+00:00
[2023-05-24T23:36:23.345+0000] {processor.py:175} INFO - Processing /home/airflow/.local/lib/python3.7/site-packages/airflow/example_dags/example_task_group.py took 0.982 seconds
[2023-05-24T23:37:24.658+0000] {processor.py:153} INFO - Started process (PID=335) to work on /home/airflow/.local/lib/python3.7/site-packages/airflow/example_dags/example_task_group.py
[2023-05-24T23:37:24.667+0000] {processor.py:743} INFO - Processing file /home/airflow/.local/lib/python3.7/site-packages/airflow/example_dags/example_task_group.py for tasks to queue
[2023-05-24T23:37:24.674+0000] {logging_mixin.py:137} INFO - [2023-05-24T23:37:24.673+0000] {dagbag.py:538} INFO - Filling up the DagBag from /home/airflow/.local/lib/python3.7/site-packages/airflow/example_dags/example_task_group.py
[2023-05-24T23:37:24.721+0000] {processor.py:753} INFO - DAG(s) dict_keys(['example_task_group']) retrieved from /home/airflow/.local/lib/python3.7/site-packages/airflow/example_dags/example_task_group.py
[2023-05-24T23:37:25.143+0000] {logging_mixin.py:137} INFO - [2023-05-24T23:37:25.142+0000] {dag.py:2690} INFO - Sync 1 DAGs
[2023-05-24T23:37:25.568+0000] {logging_mixin.py:137} INFO - [2023-05-24T23:37:25.568+0000] {dag.py:3441} INFO - Setting next_dagrun for example_task_group to 2023-05-23T23:37:25.561296+00:00, run_after=2023-05-24T23:37:25.561296+00:00
[2023-05-24T23:37:25.768+0000] {processor.py:175} INFO - Processing /home/airflow/.local/lib/python3.7/site-packages/airflow/example_dags/example_task_group.py took 1.125 seconds
[2023-05-24T23:38:20.551+0000] {processor.py:153} INFO - Started process (PID=396) to work on /home/airflow/.local/lib/python3.7/site-packages/airflow/example_dags/example_task_group.py
[2023-05-24T23:38:20.566+0000] {processor.py:743} INFO - Processing file /home/airflow/.local/lib/python3.7/site-packages/airflow/example_dags/example_task_group.py for tasks to queue
[2023-05-24T23:38:20.572+0000] {logging_mixin.py:137} INFO - [2023-05-24T23:38:20.572+0000] {dagbag.py:538} INFO - Filling up the DagBag from /home/airflow/.local/lib/python3.7/site-packages/airflow/example_dags/example_task_group.py
[2023-05-24T23:38:20.808+0000] {processor.py:753} INFO - DAG(s) dict_keys(['example_task_group']) retrieved from /home/airflow/.local/lib/python3.7/site-packages/airflow/example_dags/example_task_group.py
[2023-05-24T23:38:21.438+0000] {logging_mixin.py:137} INFO - [2023-05-24T23:38:21.437+0000] {dag.py:2690} INFO - Sync 1 DAGs
[2023-05-24T23:38:22.713+0000] {logging_mixin.py:137} INFO - [2023-05-24T23:38:22.712+0000] {dag.py:3441} INFO - Setting next_dagrun for example_task_group to 2023-05-23T23:38:22.712549+00:00, run_after=2023-05-24T23:38:22.712549+00:00
[2023-05-24T23:38:23.375+0000] {processor.py:175} INFO - Processing /home/airflow/.local/lib/python3.7/site-packages/airflow/example_dags/example_task_group.py took 2.879 seconds
[2023-05-24T23:39:51.656+0000] {processor.py:153} INFO - Started process (PID=479) to work on /home/airflow/.local/lib/python3.7/site-packages/airflow/example_dags/example_task_group.py
[2023-05-24T23:39:51.663+0000] {processor.py:743} INFO - Processing file /home/airflow/.local/lib/python3.7/site-packages/airflow/example_dags/example_task_group.py for tasks to queue
[2023-05-24T23:39:51.672+0000] {logging_mixin.py:137} INFO - [2023-05-24T23:39:51.670+0000] {dagbag.py:538} INFO - Filling up the DagBag from /home/airflow/.local/lib/python3.7/site-packages/airflow/example_dags/example_task_group.py
[2023-05-24T23:39:51.797+0000] {processor.py:753} INFO - DAG(s) dict_keys(['example_task_group']) retrieved from /home/airflow/.local/lib/python3.7/site-packages/airflow/example_dags/example_task_group.py
[2023-05-24T23:39:52.338+0000] {logging_mixin.py:137} INFO - [2023-05-24T23:39:52.330+0000] {dag.py:2690} INFO - Sync 1 DAGs
[2023-05-24T23:39:52.876+0000] {logging_mixin.py:137} INFO - [2023-05-24T23:39:52.876+0000] {dag.py:3441} INFO - Setting next_dagrun for example_task_group to 2023-05-23T23:39:52.875740+00:00, run_after=2023-05-24T23:39:52.875740+00:00
[2023-05-24T23:39:53.227+0000] {processor.py:175} INFO - Processing /home/airflow/.local/lib/python3.7/site-packages/airflow/example_dags/example_task_group.py took 1.598 seconds
[2023-05-24T23:40:27.388+0000] {processor.py:153} INFO - Started process (PID=531) to work on /home/airflow/.local/lib/python3.7/site-packages/airflow/example_dags/example_task_group.py
[2023-05-24T23:40:27.395+0000] {processor.py:743} INFO - Processing file /home/airflow/.local/lib/python3.7/site-packages/airflow/example_dags/example_task_group.py for tasks to queue
[2023-05-24T23:40:27.399+0000] {logging_mixin.py:137} INFO - [2023-05-24T23:40:27.399+0000] {dagbag.py:538} INFO - Filling up the DagBag from /home/airflow/.local/lib/python3.7/site-packages/airflow/example_dags/example_task_group.py
[2023-05-24T23:40:27.458+0000] {processor.py:753} INFO - DAG(s) dict_keys(['example_task_group']) retrieved from /home/airflow/.local/lib/python3.7/site-packages/airflow/example_dags/example_task_group.py
[2023-05-24T23:40:27.557+0000] {logging_mixin.py:137} INFO - [2023-05-24T23:40:27.557+0000] {dag.py:2690} INFO - Sync 1 DAGs
[2023-05-24T23:40:27.662+0000] {logging_mixin.py:137} INFO - [2023-05-24T23:40:27.661+0000] {dag.py:3441} INFO - Setting next_dagrun for example_task_group to 2023-05-23T23:40:27.660927+00:00, run_after=2023-05-24T23:40:27.660927+00:00
[2023-05-24T23:40:27.873+0000] {processor.py:175} INFO - Processing /home/airflow/.local/lib/python3.7/site-packages/airflow/example_dags/example_task_group.py took 0.498 seconds
[2023-05-24T23:40:58.431+0000] {processor.py:153} INFO - Started process (PID=591) to work on /home/airflow/.local/lib/python3.7/site-packages/airflow/example_dags/example_task_group.py
[2023-05-24T23:40:58.433+0000] {processor.py:743} INFO - Processing file /home/airflow/.local/lib/python3.7/site-packages/airflow/example_dags/example_task_group.py for tasks to queue
[2023-05-24T23:40:58.436+0000] {logging_mixin.py:137} INFO - [2023-05-24T23:40:58.436+0000] {dagbag.py:538} INFO - Filling up the DagBag from /home/airflow/.local/lib/python3.7/site-packages/airflow/example_dags/example_task_group.py
[2023-05-24T23:40:58.464+0000] {processor.py:753} INFO - DAG(s) dict_keys(['example_task_group']) retrieved from /home/airflow/.local/lib/python3.7/site-packages/airflow/example_dags/example_task_group.py
[2023-05-24T23:40:58.499+0000] {logging_mixin.py:137} INFO - [2023-05-24T23:40:58.499+0000] {dag.py:2690} INFO - Sync 1 DAGs
[2023-05-24T23:40:58.532+0000] {logging_mixin.py:137} INFO - [2023-05-24T23:40:58.532+0000] {dag.py:3441} INFO - Setting next_dagrun for example_task_group to 2023-05-23T23:40:58.532412+00:00, run_after=2023-05-24T23:40:58.532412+00:00
[2023-05-24T23:40:58.561+0000] {processor.py:175} INFO - Processing /home/airflow/.local/lib/python3.7/site-packages/airflow/example_dags/example_task_group.py took 0.136 seconds
[2023-05-24T23:43:13.717+0000] {processor.py:153} INFO - Started process (PID=82) to work on /home/airflow/.local/lib/python3.7/site-packages/airflow/example_dags/example_task_group.py
[2023-05-24T23:43:13.719+0000] {processor.py:743} INFO - Processing file /home/airflow/.local/lib/python3.7/site-packages/airflow/example_dags/example_task_group.py for tasks to queue
[2023-05-24T23:43:13.723+0000] {logging_mixin.py:137} INFO - [2023-05-24T23:43:13.723+0000] {dagbag.py:538} INFO - Filling up the DagBag from /home/airflow/.local/lib/python3.7/site-packages/airflow/example_dags/example_task_group.py
[2023-05-24T23:43:13.772+0000] {processor.py:753} INFO - DAG(s) dict_keys(['example_task_group']) retrieved from /home/airflow/.local/lib/python3.7/site-packages/airflow/example_dags/example_task_group.py
[2023-05-24T23:43:13.817+0000] {logging_mixin.py:137} INFO - [2023-05-24T23:43:13.817+0000] {dag.py:2690} INFO - Sync 1 DAGs
[2023-05-24T23:43:13.866+0000] {logging_mixin.py:137} INFO - [2023-05-24T23:43:13.866+0000] {dag.py:3441} INFO - Setting next_dagrun for example_task_group to 2023-05-23T23:43:13.866346+00:00, run_after=2023-05-24T23:43:13.866346+00:00
[2023-05-24T23:43:13.915+0000] {processor.py:175} INFO - Processing /home/airflow/.local/lib/python3.7/site-packages/airflow/example_dags/example_task_group.py took 0.210 seconds
[2023-05-24T23:43:54.834+0000] {processor.py:153} INFO - Started process (PID=141) to work on /home/airflow/.local/lib/python3.7/site-packages/airflow/example_dags/example_task_group.py
[2023-05-24T23:43:54.843+0000] {processor.py:743} INFO - Processing file /home/airflow/.local/lib/python3.7/site-packages/airflow/example_dags/example_task_group.py for tasks to queue
[2023-05-24T23:43:54.845+0000] {logging_mixin.py:137} INFO - [2023-05-24T23:43:54.844+0000] {dagbag.py:538} INFO - Filling up the DagBag from /home/airflow/.local/lib/python3.7/site-packages/airflow/example_dags/example_task_group.py
[2023-05-24T23:43:54.955+0000] {processor.py:753} INFO - DAG(s) dict_keys(['example_task_group']) retrieved from /home/airflow/.local/lib/python3.7/site-packages/airflow/example_dags/example_task_group.py
[2023-05-24T23:43:55.153+0000] {logging_mixin.py:137} INFO - [2023-05-24T23:43:55.153+0000] {dag.py:2690} INFO - Sync 1 DAGs
[2023-05-24T23:43:55.310+0000] {logging_mixin.py:137} INFO - [2023-05-24T23:43:55.310+0000] {dag.py:3441} INFO - Setting next_dagrun for example_task_group to 2023-05-23T23:43:55.309668+00:00, run_after=2023-05-24T23:43:55.309668+00:00
[2023-05-24T23:43:55.380+0000] {processor.py:175} INFO - Processing /home/airflow/.local/lib/python3.7/site-packages/airflow/example_dags/example_task_group.py took 0.559 seconds
[2023-05-24T23:44:26.329+0000] {processor.py:153} INFO - Started process (PID=202) to work on /home/airflow/.local/lib/python3.7/site-packages/airflow/example_dags/example_task_group.py
[2023-05-24T23:44:26.350+0000] {processor.py:743} INFO - Processing file /home/airflow/.local/lib/python3.7/site-packages/airflow/example_dags/example_task_group.py for tasks to queue
[2023-05-24T23:44:26.359+0000] {logging_mixin.py:137} INFO - [2023-05-24T23:44:26.358+0000] {dagbag.py:538} INFO - Filling up the DagBag from /home/airflow/.local/lib/python3.7/site-packages/airflow/example_dags/example_task_group.py
[2023-05-24T23:44:26.864+0000] {processor.py:753} INFO - DAG(s) dict_keys(['example_task_group']) retrieved from /home/airflow/.local/lib/python3.7/site-packages/airflow/example_dags/example_task_group.py
[2023-05-24T23:44:27.041+0000] {logging_mixin.py:137} INFO - [2023-05-24T23:44:27.041+0000] {dag.py:2690} INFO - Sync 1 DAGs
[2023-05-24T23:44:27.270+0000] {logging_mixin.py:137} INFO - [2023-05-24T23:44:27.270+0000] {dag.py:3441} INFO - Setting next_dagrun for example_task_group to 2023-05-23T23:44:27.261293+00:00, run_after=2023-05-24T23:44:27.261293+00:00
[2023-05-24T23:44:27.364+0000] {processor.py:175} INFO - Processing /home/airflow/.local/lib/python3.7/site-packages/airflow/example_dags/example_task_group.py took 1.105 seconds
[2023-05-24T23:44:57.463+0000] {processor.py:153} INFO - Started process (PID=260) to work on /home/airflow/.local/lib/python3.7/site-packages/airflow/example_dags/example_task_group.py
[2023-05-24T23:44:57.466+0000] {processor.py:743} INFO - Processing file /home/airflow/.local/lib/python3.7/site-packages/airflow/example_dags/example_task_group.py for tasks to queue
[2023-05-24T23:44:57.468+0000] {logging_mixin.py:137} INFO - [2023-05-24T23:44:57.468+0000] {dagbag.py:538} INFO - Filling up the DagBag from /home/airflow/.local/lib/python3.7/site-packages/airflow/example_dags/example_task_group.py
[2023-05-24T23:44:57.490+0000] {processor.py:753} INFO - DAG(s) dict_keys(['example_task_group']) retrieved from /home/airflow/.local/lib/python3.7/site-packages/airflow/example_dags/example_task_group.py
[2023-05-24T23:44:57.526+0000] {logging_mixin.py:137} INFO - [2023-05-24T23:44:57.526+0000] {dag.py:2690} INFO - Sync 1 DAGs
[2023-05-24T23:44:57.581+0000] {logging_mixin.py:137} INFO - [2023-05-24T23:44:57.581+0000] {dag.py:3441} INFO - Setting next_dagrun for example_task_group to 2023-05-23T23:44:57.580229+00:00, run_after=2023-05-24T23:44:57.580229+00:00
[2023-05-24T23:44:57.613+0000] {processor.py:175} INFO - Processing /home/airflow/.local/lib/python3.7/site-packages/airflow/example_dags/example_task_group.py took 0.154 seconds
[2023-05-24T23:45:27.718+0000] {processor.py:153} INFO - Started process (PID=319) to work on /home/airflow/.local/lib/python3.7/site-packages/airflow/example_dags/example_task_group.py
[2023-05-24T23:45:27.729+0000] {processor.py:743} INFO - Processing file /home/airflow/.local/lib/python3.7/site-packages/airflow/example_dags/example_task_group.py for tasks to queue
[2023-05-24T23:45:27.741+0000] {logging_mixin.py:137} INFO - [2023-05-24T23:45:27.741+0000] {dagbag.py:538} INFO - Filling up the DagBag from /home/airflow/.local/lib/python3.7/site-packages/airflow/example_dags/example_task_group.py
[2023-05-24T23:45:27.784+0000] {processor.py:753} INFO - DAG(s) dict_keys(['example_task_group']) retrieved from /home/airflow/.local/lib/python3.7/site-packages/airflow/example_dags/example_task_group.py
[2023-05-24T23:45:27.861+0000] {logging_mixin.py:137} INFO - [2023-05-24T23:45:27.860+0000] {dag.py:2690} INFO - Sync 1 DAGs
[2023-05-24T23:45:27.932+0000] {logging_mixin.py:137} INFO - [2023-05-24T23:45:27.931+0000] {dag.py:3441} INFO - Setting next_dagrun for example_task_group to 2023-05-23T23:45:27.931584+00:00, run_after=2023-05-24T23:45:27.931584+00:00
[2023-05-24T23:45:27.987+0000] {processor.py:175} INFO - Processing /home/airflow/.local/lib/python3.7/site-packages/airflow/example_dags/example_task_group.py took 0.276 seconds
[2023-05-24T23:45:58.261+0000] {processor.py:153} INFO - Started process (PID=379) to work on /home/airflow/.local/lib/python3.7/site-packages/airflow/example_dags/example_task_group.py
[2023-05-24T23:45:58.268+0000] {processor.py:743} INFO - Processing file /home/airflow/.local/lib/python3.7/site-packages/airflow/example_dags/example_task_group.py for tasks to queue
[2023-05-24T23:45:58.273+0000] {logging_mixin.py:137} INFO - [2023-05-24T23:45:58.273+0000] {dagbag.py:538} INFO - Filling up the DagBag from /home/airflow/.local/lib/python3.7/site-packages/airflow/example_dags/example_task_group.py
[2023-05-24T23:45:58.324+0000] {processor.py:753} INFO - DAG(s) dict_keys(['example_task_group']) retrieved from /home/airflow/.local/lib/python3.7/site-packages/airflow/example_dags/example_task_group.py
[2023-05-24T23:45:58.398+0000] {logging_mixin.py:137} INFO - [2023-05-24T23:45:58.398+0000] {dag.py:2690} INFO - Sync 1 DAGs
[2023-05-24T23:45:58.468+0000] {logging_mixin.py:137} INFO - [2023-05-24T23:45:58.467+0000] {dag.py:3441} INFO - Setting next_dagrun for example_task_group to 2023-05-23T23:45:58.467531+00:00, run_after=2023-05-24T23:45:58.467531+00:00
[2023-05-24T23:45:58.521+0000] {processor.py:175} INFO - Processing /home/airflow/.local/lib/python3.7/site-packages/airflow/example_dags/example_task_group.py took 0.276 seconds
[2023-05-24T23:46:29.021+0000] {processor.py:153} INFO - Started process (PID=451) to work on /home/airflow/.local/lib/python3.7/site-packages/airflow/example_dags/example_task_group.py
[2023-05-24T23:46:29.025+0000] {processor.py:743} INFO - Processing file /home/airflow/.local/lib/python3.7/site-packages/airflow/example_dags/example_task_group.py for tasks to queue
[2023-05-24T23:46:29.031+0000] {logging_mixin.py:137} INFO - [2023-05-24T23:46:29.030+0000] {dagbag.py:538} INFO - Filling up the DagBag from /home/airflow/.local/lib/python3.7/site-packages/airflow/example_dags/example_task_group.py
[2023-05-24T23:46:29.096+0000] {processor.py:753} INFO - DAG(s) dict_keys(['example_task_group']) retrieved from /home/airflow/.local/lib/python3.7/site-packages/airflow/example_dags/example_task_group.py
[2023-05-24T23:46:29.167+0000] {logging_mixin.py:137} INFO - [2023-05-24T23:46:29.167+0000] {dag.py:2690} INFO - Sync 1 DAGs
[2023-05-24T23:46:29.218+0000] {logging_mixin.py:137} INFO - [2023-05-24T23:46:29.218+0000] {dag.py:3441} INFO - Setting next_dagrun for example_task_group to 2023-05-23T23:46:29.217703+00:00, run_after=2023-05-24T23:46:29.217703+00:00
[2023-05-24T23:46:29.252+0000] {processor.py:175} INFO - Processing /home/airflow/.local/lib/python3.7/site-packages/airflow/example_dags/example_task_group.py took 0.251 seconds
[2023-05-24T23:47:00.263+0000] {processor.py:153} INFO - Started process (PID=508) to work on /home/airflow/.local/lib/python3.7/site-packages/airflow/example_dags/example_task_group.py
[2023-05-24T23:47:00.266+0000] {processor.py:743} INFO - Processing file /home/airflow/.local/lib/python3.7/site-packages/airflow/example_dags/example_task_group.py for tasks to queue
[2023-05-24T23:47:00.272+0000] {logging_mixin.py:137} INFO - [2023-05-24T23:47:00.271+0000] {dagbag.py:538} INFO - Filling up the DagBag from /home/airflow/.local/lib/python3.7/site-packages/airflow/example_dags/example_task_group.py
[2023-05-24T23:47:00.632+0000] {processor.py:753} INFO - DAG(s) dict_keys(['example_task_group']) retrieved from /home/airflow/.local/lib/python3.7/site-packages/airflow/example_dags/example_task_group.py
[2023-05-24T23:47:00.989+0000] {logging_mixin.py:137} INFO - [2023-05-24T23:47:00.989+0000] {dag.py:2690} INFO - Sync 1 DAGs
[2023-05-24T23:47:01.524+0000] {logging_mixin.py:137} INFO - [2023-05-24T23:47:01.523+0000] {dag.py:3441} INFO - Setting next_dagrun for example_task_group to 2023-05-23T23:47:01.520990+00:00, run_after=2023-05-24T23:47:01.520990+00:00
[2023-05-24T23:47:01.601+0000] {processor.py:175} INFO - Processing /home/airflow/.local/lib/python3.7/site-packages/airflow/example_dags/example_task_group.py took 1.404 seconds
[2023-05-24T23:47:32.214+0000] {processor.py:153} INFO - Started process (PID=570) to work on /home/airflow/.local/lib/python3.7/site-packages/airflow/example_dags/example_task_group.py
[2023-05-24T23:47:32.216+0000] {processor.py:743} INFO - Processing file /home/airflow/.local/lib/python3.7/site-packages/airflow/example_dags/example_task_group.py for tasks to queue
[2023-05-24T23:47:32.219+0000] {logging_mixin.py:137} INFO - [2023-05-24T23:47:32.219+0000] {dagbag.py:538} INFO - Filling up the DagBag from /home/airflow/.local/lib/python3.7/site-packages/airflow/example_dags/example_task_group.py
[2023-05-24T23:47:32.248+0000] {processor.py:753} INFO - DAG(s) dict_keys(['example_task_group']) retrieved from /home/airflow/.local/lib/python3.7/site-packages/airflow/example_dags/example_task_group.py
[2023-05-24T23:47:32.289+0000] {logging_mixin.py:137} INFO - [2023-05-24T23:47:32.289+0000] {dag.py:2690} INFO - Sync 1 DAGs
[2023-05-24T23:47:32.335+0000] {logging_mixin.py:137} INFO - [2023-05-24T23:47:32.334+0000] {dag.py:3441} INFO - Setting next_dagrun for example_task_group to 2023-05-23T23:47:32.334576+00:00, run_after=2023-05-24T23:47:32.334576+00:00
[2023-05-24T23:47:32.369+0000] {processor.py:175} INFO - Processing /home/airflow/.local/lib/python3.7/site-packages/airflow/example_dags/example_task_group.py took 0.162 seconds
[2023-05-24T23:48:04.502+0000] {processor.py:153} INFO - Started process (PID=631) to work on /home/airflow/.local/lib/python3.7/site-packages/airflow/example_dags/example_task_group.py
[2023-05-24T23:48:04.517+0000] {processor.py:743} INFO - Processing file /home/airflow/.local/lib/python3.7/site-packages/airflow/example_dags/example_task_group.py for tasks to queue
[2023-05-24T23:48:04.529+0000] {logging_mixin.py:137} INFO - [2023-05-24T23:48:04.524+0000] {dagbag.py:538} INFO - Filling up the DagBag from /home/airflow/.local/lib/python3.7/site-packages/airflow/example_dags/example_task_group.py
[2023-05-24T23:48:04.586+0000] {processor.py:753} INFO - DAG(s) dict_keys(['example_task_group']) retrieved from /home/airflow/.local/lib/python3.7/site-packages/airflow/example_dags/example_task_group.py
[2023-05-24T23:48:04.664+0000] {logging_mixin.py:137} INFO - [2023-05-24T23:48:04.664+0000] {dag.py:2690} INFO - Sync 1 DAGs
[2023-05-24T23:48:04.758+0000] {logging_mixin.py:137} INFO - [2023-05-24T23:48:04.758+0000] {dag.py:3441} INFO - Setting next_dagrun for example_task_group to 2023-05-23T23:48:04.758418+00:00, run_after=2023-05-24T23:48:04.758418+00:00
[2023-05-24T23:48:04.829+0000] {processor.py:175} INFO - Processing /home/airflow/.local/lib/python3.7/site-packages/airflow/example_dags/example_task_group.py took 0.335 seconds
[2023-05-24T23:48:35.106+0000] {processor.py:153} INFO - Started process (PID=691) to work on /home/airflow/.local/lib/python3.7/site-packages/airflow/example_dags/example_task_group.py
[2023-05-24T23:48:35.109+0000] {processor.py:743} INFO - Processing file /home/airflow/.local/lib/python3.7/site-packages/airflow/example_dags/example_task_group.py for tasks to queue
[2023-05-24T23:48:35.113+0000] {logging_mixin.py:137} INFO - [2023-05-24T23:48:35.112+0000] {dagbag.py:538} INFO - Filling up the DagBag from /home/airflow/.local/lib/python3.7/site-packages/airflow/example_dags/example_task_group.py
[2023-05-24T23:48:35.164+0000] {processor.py:753} INFO - DAG(s) dict_keys(['example_task_group']) retrieved from /home/airflow/.local/lib/python3.7/site-packages/airflow/example_dags/example_task_group.py
[2023-05-24T23:48:35.283+0000] {logging_mixin.py:137} INFO - [2023-05-24T23:48:35.283+0000] {dag.py:2690} INFO - Sync 1 DAGs
[2023-05-24T23:48:35.607+0000] {logging_mixin.py:137} INFO - [2023-05-24T23:48:35.607+0000] {dag.py:3441} INFO - Setting next_dagrun for example_task_group to 2023-05-23T23:48:35.605602+00:00, run_after=2023-05-24T23:48:35.605602+00:00
[2023-05-24T23:48:35.734+0000] {processor.py:175} INFO - Processing /home/airflow/.local/lib/python3.7/site-packages/airflow/example_dags/example_task_group.py took 0.638 seconds
[2023-05-24T23:49:06.195+0000] {processor.py:153} INFO - Started process (PID=750) to work on /home/airflow/.local/lib/python3.7/site-packages/airflow/example_dags/example_task_group.py
[2023-05-24T23:49:06.198+0000] {processor.py:743} INFO - Processing file /home/airflow/.local/lib/python3.7/site-packages/airflow/example_dags/example_task_group.py for tasks to queue
[2023-05-24T23:49:06.203+0000] {logging_mixin.py:137} INFO - [2023-05-24T23:49:06.202+0000] {dagbag.py:538} INFO - Filling up the DagBag from /home/airflow/.local/lib/python3.7/site-packages/airflow/example_dags/example_task_group.py
[2023-05-24T23:49:06.230+0000] {processor.py:753} INFO - DAG(s) dict_keys(['example_task_group']) retrieved from /home/airflow/.local/lib/python3.7/site-packages/airflow/example_dags/example_task_group.py
[2023-05-24T23:49:06.277+0000] {logging_mixin.py:137} INFO - [2023-05-24T23:49:06.276+0000] {dag.py:2690} INFO - Sync 1 DAGs
[2023-05-24T23:49:06.325+0000] {logging_mixin.py:137} INFO - [2023-05-24T23:49:06.325+0000] {dag.py:3441} INFO - Setting next_dagrun for example_task_group to 2023-05-23T23:49:06.325115+00:00, run_after=2023-05-24T23:49:06.325115+00:00
[2023-05-24T23:49:06.356+0000] {processor.py:175} INFO - Processing /home/airflow/.local/lib/python3.7/site-packages/airflow/example_dags/example_task_group.py took 0.169 seconds
[2023-05-24T23:49:37.191+0000] {processor.py:153} INFO - Started process (PID=810) to work on /home/airflow/.local/lib/python3.7/site-packages/airflow/example_dags/example_task_group.py
[2023-05-24T23:49:37.205+0000] {processor.py:743} INFO - Processing file /home/airflow/.local/lib/python3.7/site-packages/airflow/example_dags/example_task_group.py for tasks to queue
[2023-05-24T23:49:37.219+0000] {logging_mixin.py:137} INFO - [2023-05-24T23:49:37.216+0000] {dagbag.py:538} INFO - Filling up the DagBag from /home/airflow/.local/lib/python3.7/site-packages/airflow/example_dags/example_task_group.py
[2023-05-24T23:49:37.342+0000] {processor.py:753} INFO - DAG(s) dict_keys(['example_task_group']) retrieved from /home/airflow/.local/lib/python3.7/site-packages/airflow/example_dags/example_task_group.py
[2023-05-24T23:49:37.440+0000] {logging_mixin.py:137} INFO - [2023-05-24T23:49:37.439+0000] {dag.py:2690} INFO - Sync 1 DAGs
[2023-05-24T23:49:37.592+0000] {logging_mixin.py:137} INFO - [2023-05-24T23:49:37.592+0000] {dag.py:3441} INFO - Setting next_dagrun for example_task_group to 2023-05-23T23:49:37.592491+00:00, run_after=2023-05-24T23:49:37.592491+00:00
[2023-05-24T23:49:37.737+0000] {processor.py:175} INFO - Processing /home/airflow/.local/lib/python3.7/site-packages/airflow/example_dags/example_task_group.py took 0.565 seconds
[2023-05-24T23:50:08.002+0000] {processor.py:153} INFO - Started process (PID=868) to work on /home/airflow/.local/lib/python3.7/site-packages/airflow/example_dags/example_task_group.py
[2023-05-24T23:50:08.008+0000] {processor.py:743} INFO - Processing file /home/airflow/.local/lib/python3.7/site-packages/airflow/example_dags/example_task_group.py for tasks to queue
[2023-05-24T23:50:08.014+0000] {logging_mixin.py:137} INFO - [2023-05-24T23:50:08.013+0000] {dagbag.py:538} INFO - Filling up the DagBag from /home/airflow/.local/lib/python3.7/site-packages/airflow/example_dags/example_task_group.py
[2023-05-24T23:50:08.049+0000] {processor.py:753} INFO - DAG(s) dict_keys(['example_task_group']) retrieved from /home/airflow/.local/lib/python3.7/site-packages/airflow/example_dags/example_task_group.py
[2023-05-24T23:50:08.126+0000] {logging_mixin.py:137} INFO - [2023-05-24T23:50:08.126+0000] {dag.py:2690} INFO - Sync 1 DAGs
[2023-05-24T23:50:08.228+0000] {logging_mixin.py:137} INFO - [2023-05-24T23:50:08.228+0000] {dag.py:3441} INFO - Setting next_dagrun for example_task_group to 2023-05-23T23:50:08.226853+00:00, run_after=2023-05-24T23:50:08.226853+00:00
[2023-05-24T23:50:08.461+0000] {processor.py:175} INFO - Processing /home/airflow/.local/lib/python3.7/site-packages/airflow/example_dags/example_task_group.py took 0.475 seconds
[2023-05-24T23:50:40.026+0000] {processor.py:153} INFO - Started process (PID=936) to work on /home/airflow/.local/lib/python3.7/site-packages/airflow/example_dags/example_task_group.py
[2023-05-24T23:50:40.031+0000] {processor.py:743} INFO - Processing file /home/airflow/.local/lib/python3.7/site-packages/airflow/example_dags/example_task_group.py for tasks to queue
[2023-05-24T23:50:40.033+0000] {logging_mixin.py:137} INFO - [2023-05-24T23:50:40.033+0000] {dagbag.py:538} INFO - Filling up the DagBag from /home/airflow/.local/lib/python3.7/site-packages/airflow/example_dags/example_task_group.py
[2023-05-24T23:50:40.074+0000] {processor.py:753} INFO - DAG(s) dict_keys(['example_task_group']) retrieved from /home/airflow/.local/lib/python3.7/site-packages/airflow/example_dags/example_task_group.py
[2023-05-24T23:50:40.128+0000] {logging_mixin.py:137} INFO - [2023-05-24T23:50:40.128+0000] {dag.py:2690} INFO - Sync 1 DAGs
[2023-05-24T23:50:40.173+0000] {logging_mixin.py:137} INFO - [2023-05-24T23:50:40.173+0000] {dag.py:3441} INFO - Setting next_dagrun for example_task_group to 2023-05-23T23:50:40.172813+00:00, run_after=2023-05-24T23:50:40.172813+00:00
[2023-05-24T23:50:40.218+0000] {processor.py:175} INFO - Processing /home/airflow/.local/lib/python3.7/site-packages/airflow/example_dags/example_task_group.py took 0.197 seconds
[2023-05-24T23:51:13.577+0000] {processor.py:153} INFO - Started process (PID=999) to work on /home/airflow/.local/lib/python3.7/site-packages/airflow/example_dags/example_task_group.py
[2023-05-24T23:51:13.581+0000] {processor.py:743} INFO - Processing file /home/airflow/.local/lib/python3.7/site-packages/airflow/example_dags/example_task_group.py for tasks to queue
[2023-05-24T23:51:13.584+0000] {logging_mixin.py:137} INFO - [2023-05-24T23:51:13.584+0000] {dagbag.py:538} INFO - Filling up the DagBag from /home/airflow/.local/lib/python3.7/site-packages/airflow/example_dags/example_task_group.py
[2023-05-24T23:51:13.627+0000] {processor.py:753} INFO - DAG(s) dict_keys(['example_task_group']) retrieved from /home/airflow/.local/lib/python3.7/site-packages/airflow/example_dags/example_task_group.py
[2023-05-24T23:51:13.750+0000] {logging_mixin.py:137} INFO - [2023-05-24T23:51:13.749+0000] {dag.py:2690} INFO - Sync 1 DAGs
[2023-05-24T23:51:13.843+0000] {logging_mixin.py:137} INFO - [2023-05-24T23:51:13.841+0000] {dag.py:3441} INFO - Setting next_dagrun for example_task_group to 2023-05-23T23:51:13.841512+00:00, run_after=2023-05-24T23:51:13.841512+00:00
[2023-05-24T23:51:13.905+0000] {processor.py:175} INFO - Processing /home/airflow/.local/lib/python3.7/site-packages/airflow/example_dags/example_task_group.py took 0.342 seconds
[2023-05-24T23:51:45.128+0000] {processor.py:153} INFO - Started process (PID=1058) to work on /home/airflow/.local/lib/python3.7/site-packages/airflow/example_dags/example_task_group.py
[2023-05-24T23:51:45.135+0000] {processor.py:743} INFO - Processing file /home/airflow/.local/lib/python3.7/site-packages/airflow/example_dags/example_task_group.py for tasks to queue
[2023-05-24T23:51:45.137+0000] {logging_mixin.py:137} INFO - [2023-05-24T23:51:45.137+0000] {dagbag.py:538} INFO - Filling up the DagBag from /home/airflow/.local/lib/python3.7/site-packages/airflow/example_dags/example_task_group.py
[2023-05-24T23:51:45.193+0000] {processor.py:753} INFO - DAG(s) dict_keys(['example_task_group']) retrieved from /home/airflow/.local/lib/python3.7/site-packages/airflow/example_dags/example_task_group.py
[2023-05-24T23:51:45.275+0000] {logging_mixin.py:137} INFO - [2023-05-24T23:51:45.275+0000] {dag.py:2690} INFO - Sync 1 DAGs
[2023-05-24T23:51:45.419+0000] {logging_mixin.py:137} INFO - [2023-05-24T23:51:45.418+0000] {dag.py:3441} INFO - Setting next_dagrun for example_task_group to 2023-05-23T23:51:45.417108+00:00, run_after=2023-05-24T23:51:45.417108+00:00
[2023-05-24T23:51:45.595+0000] {processor.py:175} INFO - Processing /home/airflow/.local/lib/python3.7/site-packages/airflow/example_dags/example_task_group.py took 0.487 seconds
[2023-05-24T23:52:16.320+0000] {processor.py:153} INFO - Started process (PID=1122) to work on /home/airflow/.local/lib/python3.7/site-packages/airflow/example_dags/example_task_group.py
[2023-05-24T23:52:16.328+0000] {processor.py:743} INFO - Processing file /home/airflow/.local/lib/python3.7/site-packages/airflow/example_dags/example_task_group.py for tasks to queue
[2023-05-24T23:52:16.335+0000] {logging_mixin.py:137} INFO - [2023-05-24T23:52:16.335+0000] {dagbag.py:538} INFO - Filling up the DagBag from /home/airflow/.local/lib/python3.7/site-packages/airflow/example_dags/example_task_group.py
[2023-05-24T23:52:16.399+0000] {processor.py:753} INFO - DAG(s) dict_keys(['example_task_group']) retrieved from /home/airflow/.local/lib/python3.7/site-packages/airflow/example_dags/example_task_group.py
[2023-05-24T23:52:16.730+0000] {logging_mixin.py:137} INFO - [2023-05-24T23:52:16.730+0000] {dag.py:2690} INFO - Sync 1 DAGs
[2023-05-24T23:52:17.072+0000] {logging_mixin.py:137} INFO - [2023-05-24T23:52:17.071+0000] {dag.py:3441} INFO - Setting next_dagrun for example_task_group to 2023-05-23T23:52:17.071266+00:00, run_after=2023-05-24T23:52:17.071266+00:00
[2023-05-24T23:52:17.268+0000] {processor.py:175} INFO - Processing /home/airflow/.local/lib/python3.7/site-packages/airflow/example_dags/example_task_group.py took 0.959 seconds
[2023-05-24T23:52:47.645+0000] {processor.py:153} INFO - Started process (PID=1182) to work on /home/airflow/.local/lib/python3.7/site-packages/airflow/example_dags/example_task_group.py
[2023-05-24T23:52:47.655+0000] {processor.py:743} INFO - Processing file /home/airflow/.local/lib/python3.7/site-packages/airflow/example_dags/example_task_group.py for tasks to queue
[2023-05-24T23:52:47.658+0000] {logging_mixin.py:137} INFO - [2023-05-24T23:52:47.657+0000] {dagbag.py:538} INFO - Filling up the DagBag from /home/airflow/.local/lib/python3.7/site-packages/airflow/example_dags/example_task_group.py
[2023-05-24T23:52:47.683+0000] {processor.py:753} INFO - DAG(s) dict_keys(['example_task_group']) retrieved from /home/airflow/.local/lib/python3.7/site-packages/airflow/example_dags/example_task_group.py
[2023-05-24T23:52:47.716+0000] {logging_mixin.py:137} INFO - [2023-05-24T23:52:47.715+0000] {dag.py:2690} INFO - Sync 1 DAGs
[2023-05-24T23:52:47.749+0000] {logging_mixin.py:137} INFO - [2023-05-24T23:52:47.749+0000] {dag.py:3441} INFO - Setting next_dagrun for example_task_group to 2023-05-23T23:52:47.748823+00:00, run_after=2023-05-24T23:52:47.748823+00:00
[2023-05-24T23:52:47.778+0000] {processor.py:175} INFO - Processing /home/airflow/.local/lib/python3.7/site-packages/airflow/example_dags/example_task_group.py took 0.144 seconds
[2023-05-24T23:53:18.979+0000] {processor.py:153} INFO - Started process (PID=1241) to work on /home/airflow/.local/lib/python3.7/site-packages/airflow/example_dags/example_task_group.py
[2023-05-24T23:53:18.982+0000] {processor.py:743} INFO - Processing file /home/airflow/.local/lib/python3.7/site-packages/airflow/example_dags/example_task_group.py for tasks to queue
[2023-05-24T23:53:18.986+0000] {logging_mixin.py:137} INFO - [2023-05-24T23:53:18.986+0000] {dagbag.py:538} INFO - Filling up the DagBag from /home/airflow/.local/lib/python3.7/site-packages/airflow/example_dags/example_task_group.py
[2023-05-24T23:53:19.048+0000] {processor.py:753} INFO - DAG(s) dict_keys(['example_task_group']) retrieved from /home/airflow/.local/lib/python3.7/site-packages/airflow/example_dags/example_task_group.py
[2023-05-24T23:53:19.187+0000] {logging_mixin.py:137} INFO - [2023-05-24T23:53:19.187+0000] {dag.py:2690} INFO - Sync 1 DAGs
[2023-05-24T23:53:19.271+0000] {logging_mixin.py:137} INFO - [2023-05-24T23:53:19.270+0000] {dag.py:3441} INFO - Setting next_dagrun for example_task_group to 2023-05-23T23:53:19.270252+00:00, run_after=2023-05-24T23:53:19.270252+00:00
[2023-05-24T23:53:19.340+0000] {processor.py:175} INFO - Processing /home/airflow/.local/lib/python3.7/site-packages/airflow/example_dags/example_task_group.py took 0.370 seconds
[2023-05-24T23:53:49.491+0000] {processor.py:153} INFO - Started process (PID=1302) to work on /home/airflow/.local/lib/python3.7/site-packages/airflow/example_dags/example_task_group.py
[2023-05-24T23:53:49.494+0000] {processor.py:743} INFO - Processing file /home/airflow/.local/lib/python3.7/site-packages/airflow/example_dags/example_task_group.py for tasks to queue
[2023-05-24T23:53:49.497+0000] {logging_mixin.py:137} INFO - [2023-05-24T23:53:49.496+0000] {dagbag.py:538} INFO - Filling up the DagBag from /home/airflow/.local/lib/python3.7/site-packages/airflow/example_dags/example_task_group.py
[2023-05-24T23:53:49.549+0000] {processor.py:753} INFO - DAG(s) dict_keys(['example_task_group']) retrieved from /home/airflow/.local/lib/python3.7/site-packages/airflow/example_dags/example_task_group.py
[2023-05-24T23:53:49.618+0000] {logging_mixin.py:137} INFO - [2023-05-24T23:53:49.618+0000] {dag.py:2690} INFO - Sync 1 DAGs
[2023-05-24T23:53:49.664+0000] {logging_mixin.py:137} INFO - [2023-05-24T23:53:49.664+0000] {dag.py:3441} INFO - Setting next_dagrun for example_task_group to 2023-05-23T23:53:49.664354+00:00, run_after=2023-05-24T23:53:49.664354+00:00
[2023-05-24T23:53:49.724+0000] {processor.py:175} INFO - Processing /home/airflow/.local/lib/python3.7/site-packages/airflow/example_dags/example_task_group.py took 0.243 seconds
[2023-05-24T23:54:19.935+0000] {processor.py:153} INFO - Started process (PID=1362) to work on /home/airflow/.local/lib/python3.7/site-packages/airflow/example_dags/example_task_group.py
[2023-05-24T23:54:19.938+0000] {processor.py:743} INFO - Processing file /home/airflow/.local/lib/python3.7/site-packages/airflow/example_dags/example_task_group.py for tasks to queue
[2023-05-24T23:54:19.943+0000] {logging_mixin.py:137} INFO - [2023-05-24T23:54:19.942+0000] {dagbag.py:538} INFO - Filling up the DagBag from /home/airflow/.local/lib/python3.7/site-packages/airflow/example_dags/example_task_group.py
[2023-05-24T23:54:19.973+0000] {processor.py:753} INFO - DAG(s) dict_keys(['example_task_group']) retrieved from /home/airflow/.local/lib/python3.7/site-packages/airflow/example_dags/example_task_group.py
[2023-05-24T23:54:20.013+0000] {logging_mixin.py:137} INFO - [2023-05-24T23:54:20.012+0000] {dag.py:2690} INFO - Sync 1 DAGs
[2023-05-24T23:54:20.052+0000] {logging_mixin.py:137} INFO - [2023-05-24T23:54:20.052+0000] {dag.py:3441} INFO - Setting next_dagrun for example_task_group to 2023-05-23T23:54:20.051440+00:00, run_after=2023-05-24T23:54:20.051440+00:00
[2023-05-24T23:54:20.085+0000] {processor.py:175} INFO - Processing /home/airflow/.local/lib/python3.7/site-packages/airflow/example_dags/example_task_group.py took 0.155 seconds
[2023-05-24T23:54:51.414+0000] {processor.py:153} INFO - Started process (PID=1421) to work on /home/airflow/.local/lib/python3.7/site-packages/airflow/example_dags/example_task_group.py
[2023-05-24T23:54:51.424+0000] {processor.py:743} INFO - Processing file /home/airflow/.local/lib/python3.7/site-packages/airflow/example_dags/example_task_group.py for tasks to queue
[2023-05-24T23:54:51.435+0000] {logging_mixin.py:137} INFO - [2023-05-24T23:54:51.430+0000] {dagbag.py:538} INFO - Filling up the DagBag from /home/airflow/.local/lib/python3.7/site-packages/airflow/example_dags/example_task_group.py
[2023-05-24T23:54:51.600+0000] {processor.py:753} INFO - DAG(s) dict_keys(['example_task_group']) retrieved from /home/airflow/.local/lib/python3.7/site-packages/airflow/example_dags/example_task_group.py
[2023-05-24T23:54:51.842+0000] {logging_mixin.py:137} INFO - [2023-05-24T23:54:51.841+0000] {dag.py:2690} INFO - Sync 1 DAGs
[2023-05-24T23:54:52.107+0000] {logging_mixin.py:137} INFO - [2023-05-24T23:54:52.107+0000] {dag.py:3441} INFO - Setting next_dagrun for example_task_group to 2023-05-23T23:54:52.107416+00:00, run_after=2023-05-24T23:54:52.107416+00:00
[2023-05-24T23:54:52.344+0000] {processor.py:175} INFO - Processing /home/airflow/.local/lib/python3.7/site-packages/airflow/example_dags/example_task_group.py took 0.978 seconds
[2023-05-24T23:55:22.532+0000] {processor.py:153} INFO - Started process (PID=1481) to work on /home/airflow/.local/lib/python3.7/site-packages/airflow/example_dags/example_task_group.py
[2023-05-24T23:55:22.535+0000] {processor.py:743} INFO - Processing file /home/airflow/.local/lib/python3.7/site-packages/airflow/example_dags/example_task_group.py for tasks to queue
[2023-05-24T23:55:22.541+0000] {logging_mixin.py:137} INFO - [2023-05-24T23:55:22.540+0000] {dagbag.py:538} INFO - Filling up the DagBag from /home/airflow/.local/lib/python3.7/site-packages/airflow/example_dags/example_task_group.py
[2023-05-24T23:55:22.611+0000] {processor.py:753} INFO - DAG(s) dict_keys(['example_task_group']) retrieved from /home/airflow/.local/lib/python3.7/site-packages/airflow/example_dags/example_task_group.py
[2023-05-24T23:55:22.738+0000] {logging_mixin.py:137} INFO - [2023-05-24T23:55:22.737+0000] {dag.py:2690} INFO - Sync 1 DAGs
[2023-05-24T23:55:22.913+0000] {logging_mixin.py:137} INFO - [2023-05-24T23:55:22.912+0000] {dag.py:3441} INFO - Setting next_dagrun for example_task_group to 2023-05-23T23:55:22.912487+00:00, run_after=2023-05-24T23:55:22.912487+00:00
[2023-05-24T23:55:22.992+0000] {processor.py:175} INFO - Processing /home/airflow/.local/lib/python3.7/site-packages/airflow/example_dags/example_task_group.py took 0.465 seconds
[2023-05-24T23:55:53.579+0000] {processor.py:153} INFO - Started process (PID=1541) to work on /home/airflow/.local/lib/python3.7/site-packages/airflow/example_dags/example_task_group.py
[2023-05-24T23:55:53.595+0000] {processor.py:743} INFO - Processing file /home/airflow/.local/lib/python3.7/site-packages/airflow/example_dags/example_task_group.py for tasks to queue
[2023-05-24T23:55:53.597+0000] {logging_mixin.py:137} INFO - [2023-05-24T23:55:53.597+0000] {dagbag.py:538} INFO - Filling up the DagBag from /home/airflow/.local/lib/python3.7/site-packages/airflow/example_dags/example_task_group.py
[2023-05-24T23:55:53.659+0000] {processor.py:753} INFO - DAG(s) dict_keys(['example_task_group']) retrieved from /home/airflow/.local/lib/python3.7/site-packages/airflow/example_dags/example_task_group.py
[2023-05-24T23:55:53.739+0000] {logging_mixin.py:137} INFO - [2023-05-24T23:55:53.739+0000] {dag.py:2690} INFO - Sync 1 DAGs
[2023-05-24T23:55:53.794+0000] {logging_mixin.py:137} INFO - [2023-05-24T23:55:53.794+0000] {dag.py:3441} INFO - Setting next_dagrun for example_task_group to 2023-05-23T23:55:53.791851+00:00, run_after=2023-05-24T23:55:53.791851+00:00
[2023-05-24T23:55:53.860+0000] {processor.py:175} INFO - Processing /home/airflow/.local/lib/python3.7/site-packages/airflow/example_dags/example_task_group.py took 0.291 seconds
[2023-05-24T23:56:24.518+0000] {processor.py:153} INFO - Started process (PID=1601) to work on /home/airflow/.local/lib/python3.7/site-packages/airflow/example_dags/example_task_group.py
[2023-05-24T23:56:24.521+0000] {processor.py:743} INFO - Processing file /home/airflow/.local/lib/python3.7/site-packages/airflow/example_dags/example_task_group.py for tasks to queue
[2023-05-24T23:56:24.524+0000] {logging_mixin.py:137} INFO - [2023-05-24T23:56:24.523+0000] {dagbag.py:538} INFO - Filling up the DagBag from /home/airflow/.local/lib/python3.7/site-packages/airflow/example_dags/example_task_group.py
[2023-05-24T23:56:24.561+0000] {processor.py:753} INFO - DAG(s) dict_keys(['example_task_group']) retrieved from /home/airflow/.local/lib/python3.7/site-packages/airflow/example_dags/example_task_group.py
[2023-05-24T23:56:24.648+0000] {logging_mixin.py:137} INFO - [2023-05-24T23:56:24.647+0000] {dag.py:2690} INFO - Sync 1 DAGs
[2023-05-24T23:56:24.757+0000] {logging_mixin.py:137} INFO - [2023-05-24T23:56:24.757+0000] {dag.py:3441} INFO - Setting next_dagrun for example_task_group to 2023-05-23T23:56:24.757279+00:00, run_after=2023-05-24T23:56:24.757279+00:00
[2023-05-24T23:56:24.827+0000] {processor.py:175} INFO - Processing /home/airflow/.local/lib/python3.7/site-packages/airflow/example_dags/example_task_group.py took 0.322 seconds
[2023-05-24T23:56:54.948+0000] {processor.py:153} INFO - Started process (PID=1660) to work on /home/airflow/.local/lib/python3.7/site-packages/airflow/example_dags/example_task_group.py
[2023-05-24T23:56:54.956+0000] {processor.py:743} INFO - Processing file /home/airflow/.local/lib/python3.7/site-packages/airflow/example_dags/example_task_group.py for tasks to queue
[2023-05-24T23:56:54.962+0000] {logging_mixin.py:137} INFO - [2023-05-24T23:56:54.961+0000] {dagbag.py:538} INFO - Filling up the DagBag from /home/airflow/.local/lib/python3.7/site-packages/airflow/example_dags/example_task_group.py
[2023-05-24T23:56:55.008+0000] {processor.py:753} INFO - DAG(s) dict_keys(['example_task_group']) retrieved from /home/airflow/.local/lib/python3.7/site-packages/airflow/example_dags/example_task_group.py
[2023-05-24T23:56:55.067+0000] {logging_mixin.py:137} INFO - [2023-05-24T23:56:55.066+0000] {dag.py:2690} INFO - Sync 1 DAGs
[2023-05-24T23:56:55.101+0000] {logging_mixin.py:137} INFO - [2023-05-24T23:56:55.101+0000] {dag.py:3441} INFO - Setting next_dagrun for example_task_group to 2023-05-23T23:56:55.100817+00:00, run_after=2023-05-24T23:56:55.100817+00:00
[2023-05-24T23:56:55.130+0000] {processor.py:175} INFO - Processing /home/airflow/.local/lib/python3.7/site-packages/airflow/example_dags/example_task_group.py took 0.195 seconds
[2023-05-24T23:57:25.362+0000] {processor.py:153} INFO - Started process (PID=1719) to work on /home/airflow/.local/lib/python3.7/site-packages/airflow/example_dags/example_task_group.py
[2023-05-24T23:57:25.367+0000] {processor.py:743} INFO - Processing file /home/airflow/.local/lib/python3.7/site-packages/airflow/example_dags/example_task_group.py for tasks to queue
[2023-05-24T23:57:25.370+0000] {logging_mixin.py:137} INFO - [2023-05-24T23:57:25.369+0000] {dagbag.py:538} INFO - Filling up the DagBag from /home/airflow/.local/lib/python3.7/site-packages/airflow/example_dags/example_task_group.py
[2023-05-24T23:57:25.423+0000] {processor.py:753} INFO - DAG(s) dict_keys(['example_task_group']) retrieved from /home/airflow/.local/lib/python3.7/site-packages/airflow/example_dags/example_task_group.py
[2023-05-24T23:57:25.479+0000] {logging_mixin.py:137} INFO - [2023-05-24T23:57:25.479+0000] {dag.py:2690} INFO - Sync 1 DAGs
[2023-05-24T23:57:25.534+0000] {logging_mixin.py:137} INFO - [2023-05-24T23:57:25.534+0000] {dag.py:3441} INFO - Setting next_dagrun for example_task_group to 2023-05-23T23:57:25.533540+00:00, run_after=2023-05-24T23:57:25.533540+00:00
[2023-05-24T23:57:25.576+0000] {processor.py:175} INFO - Processing /home/airflow/.local/lib/python3.7/site-packages/airflow/example_dags/example_task_group.py took 0.229 seconds
[2023-05-24T23:58:04.074+0000] {processor.py:153} INFO - Started process (PID=1786) to work on /home/airflow/.local/lib/python3.7/site-packages/airflow/example_dags/example_task_group.py
[2023-05-24T23:58:04.079+0000] {processor.py:743} INFO - Processing file /home/airflow/.local/lib/python3.7/site-packages/airflow/example_dags/example_task_group.py for tasks to queue
[2023-05-24T23:58:04.082+0000] {logging_mixin.py:137} INFO - [2023-05-24T23:58:04.081+0000] {dagbag.py:538} INFO - Filling up the DagBag from /home/airflow/.local/lib/python3.7/site-packages/airflow/example_dags/example_task_group.py
[2023-05-24T23:58:04.148+0000] {processor.py:753} INFO - DAG(s) dict_keys(['example_task_group']) retrieved from /home/airflow/.local/lib/python3.7/site-packages/airflow/example_dags/example_task_group.py
[2023-05-24T23:58:04.237+0000] {logging_mixin.py:137} INFO - [2023-05-24T23:58:04.237+0000] {dag.py:2690} INFO - Sync 1 DAGs
[2023-05-24T23:58:04.341+0000] {logging_mixin.py:137} INFO - [2023-05-24T23:58:04.341+0000] {dag.py:3441} INFO - Setting next_dagrun for example_task_group to 2023-05-23T23:58:04.341491+00:00, run_after=2023-05-24T23:58:04.341491+00:00
[2023-05-24T23:58:04.413+0000] {processor.py:175} INFO - Processing /home/airflow/.local/lib/python3.7/site-packages/airflow/example_dags/example_task_group.py took 0.352 seconds
[2023-05-24T23:58:34.643+0000] {processor.py:153} INFO - Started process (PID=1847) to work on /home/airflow/.local/lib/python3.7/site-packages/airflow/example_dags/example_task_group.py
[2023-05-24T23:58:34.646+0000] {processor.py:743} INFO - Processing file /home/airflow/.local/lib/python3.7/site-packages/airflow/example_dags/example_task_group.py for tasks to queue
[2023-05-24T23:58:34.648+0000] {logging_mixin.py:137} INFO - [2023-05-24T23:58:34.648+0000] {dagbag.py:538} INFO - Filling up the DagBag from /home/airflow/.local/lib/python3.7/site-packages/airflow/example_dags/example_task_group.py
[2023-05-24T23:58:34.678+0000] {processor.py:753} INFO - DAG(s) dict_keys(['example_task_group']) retrieved from /home/airflow/.local/lib/python3.7/site-packages/airflow/example_dags/example_task_group.py
[2023-05-24T23:58:34.714+0000] {logging_mixin.py:137} INFO - [2023-05-24T23:58:34.714+0000] {dag.py:2690} INFO - Sync 1 DAGs
[2023-05-24T23:58:34.751+0000] {logging_mixin.py:137} INFO - [2023-05-24T23:58:34.751+0000] {dag.py:3441} INFO - Setting next_dagrun for example_task_group to 2023-05-23T23:58:34.751056+00:00, run_after=2023-05-24T23:58:34.751056+00:00
[2023-05-24T23:58:34.784+0000] {processor.py:175} INFO - Processing /home/airflow/.local/lib/python3.7/site-packages/airflow/example_dags/example_task_group.py took 0.148 seconds
[2023-05-24T23:59:05.813+0000] {processor.py:153} INFO - Started process (PID=1906) to work on /home/airflow/.local/lib/python3.7/site-packages/airflow/example_dags/example_task_group.py
[2023-05-24T23:59:05.815+0000] {processor.py:743} INFO - Processing file /home/airflow/.local/lib/python3.7/site-packages/airflow/example_dags/example_task_group.py for tasks to queue
[2023-05-24T23:59:05.818+0000] {logging_mixin.py:137} INFO - [2023-05-24T23:59:05.817+0000] {dagbag.py:538} INFO - Filling up the DagBag from /home/airflow/.local/lib/python3.7/site-packages/airflow/example_dags/example_task_group.py
[2023-05-24T23:59:05.848+0000] {processor.py:753} INFO - DAG(s) dict_keys(['example_task_group']) retrieved from /home/airflow/.local/lib/python3.7/site-packages/airflow/example_dags/example_task_group.py
[2023-05-24T23:59:05.890+0000] {logging_mixin.py:137} INFO - [2023-05-24T23:59:05.890+0000] {dag.py:2690} INFO - Sync 1 DAGs
[2023-05-24T23:59:05.930+0000] {logging_mixin.py:137} INFO - [2023-05-24T23:59:05.930+0000] {dag.py:3441} INFO - Setting next_dagrun for example_task_group to 2023-05-23T23:59:05.930176+00:00, run_after=2023-05-24T23:59:05.930176+00:00
[2023-05-24T23:59:05.963+0000] {processor.py:175} INFO - Processing /home/airflow/.local/lib/python3.7/site-packages/airflow/example_dags/example_task_group.py took 0.156 seconds
