[2023-05-24T23:13:34.702+0000] {processor.py:153} INFO - Started process (PID=98) to work on /home/airflow/.local/lib/python3.7/site-packages/airflow/example_dags/example_branch_day_of_week_operator.py
[2023-05-24T23:13:34.713+0000] {processor.py:743} INFO - Processing file /home/airflow/.local/lib/python3.7/site-packages/airflow/example_dags/example_branch_day_of_week_operator.py for tasks to queue
[2023-05-24T23:13:34.723+0000] {logging_mixin.py:137} INFO - [2023-05-24T23:13:34.721+0000] {dagbag.py:538} INFO - Filling up the DagBag from /home/airflow/.local/lib/python3.7/site-packages/airflow/example_dags/example_branch_day_of_week_operator.py
[2023-05-24T23:13:34.829+0000] {processor.py:753} INFO - DAG(s) dict_keys(['example_weekday_branch_operator']) retrieved from /home/airflow/.local/lib/python3.7/site-packages/airflow/example_dags/example_branch_day_of_week_operator.py
[2023-05-24T23:13:34.963+0000] {logging_mixin.py:137} INFO - [2023-05-24T23:13:34.963+0000] {dag.py:2690} INFO - Sync 1 DAGs
[2023-05-24T23:13:35.502+0000] {logging_mixin.py:137} INFO - [2023-05-24T23:13:35.502+0000] {dag.py:3441} INFO - Setting next_dagrun for example_weekday_branch_operator to 2023-05-23T00:00:00+00:00, run_after=2023-05-24T00:00:00+00:00
[2023-05-24T23:13:35.646+0000] {processor.py:175} INFO - Processing /home/airflow/.local/lib/python3.7/site-packages/airflow/example_dags/example_branch_day_of_week_operator.py took 0.962 seconds
[2023-05-24T23:14:06.324+0000] {processor.py:153} INFO - Started process (PID=154) to work on /home/airflow/.local/lib/python3.7/site-packages/airflow/example_dags/example_branch_day_of_week_operator.py
[2023-05-24T23:14:06.329+0000] {processor.py:743} INFO - Processing file /home/airflow/.local/lib/python3.7/site-packages/airflow/example_dags/example_branch_day_of_week_operator.py for tasks to queue
[2023-05-24T23:14:06.333+0000] {logging_mixin.py:137} INFO - [2023-05-24T23:14:06.333+0000] {dagbag.py:538} INFO - Filling up the DagBag from /home/airflow/.local/lib/python3.7/site-packages/airflow/example_dags/example_branch_day_of_week_operator.py
[2023-05-24T23:14:06.397+0000] {processor.py:753} INFO - DAG(s) dict_keys(['example_weekday_branch_operator']) retrieved from /home/airflow/.local/lib/python3.7/site-packages/airflow/example_dags/example_branch_day_of_week_operator.py
[2023-05-24T23:14:06.525+0000] {logging_mixin.py:137} INFO - [2023-05-24T23:14:06.525+0000] {dag.py:2690} INFO - Sync 1 DAGs
[2023-05-24T23:14:06.637+0000] {logging_mixin.py:137} INFO - [2023-05-24T23:14:06.637+0000] {dag.py:3441} INFO - Setting next_dagrun for example_weekday_branch_operator to 2023-05-23T00:00:00+00:00, run_after=2023-05-24T00:00:00+00:00
[2023-05-24T23:14:06.763+0000] {processor.py:175} INFO - Processing /home/airflow/.local/lib/python3.7/site-packages/airflow/example_dags/example_branch_day_of_week_operator.py took 0.451 seconds
[2023-05-24T23:14:44.203+0000] {processor.py:153} INFO - Started process (PID=213) to work on /home/airflow/.local/lib/python3.7/site-packages/airflow/example_dags/example_branch_day_of_week_operator.py
[2023-05-24T23:14:44.211+0000] {processor.py:743} INFO - Processing file /home/airflow/.local/lib/python3.7/site-packages/airflow/example_dags/example_branch_day_of_week_operator.py for tasks to queue
[2023-05-24T23:14:44.221+0000] {logging_mixin.py:137} INFO - [2023-05-24T23:14:44.221+0000] {dagbag.py:538} INFO - Filling up the DagBag from /home/airflow/.local/lib/python3.7/site-packages/airflow/example_dags/example_branch_day_of_week_operator.py
[2023-05-24T23:14:44.391+0000] {processor.py:753} INFO - DAG(s) dict_keys(['example_weekday_branch_operator']) retrieved from /home/airflow/.local/lib/python3.7/site-packages/airflow/example_dags/example_branch_day_of_week_operator.py
[2023-05-24T23:14:44.664+0000] {logging_mixin.py:137} INFO - [2023-05-24T23:14:44.663+0000] {dag.py:2690} INFO - Sync 1 DAGs
[2023-05-24T23:14:44.883+0000] {logging_mixin.py:137} INFO - [2023-05-24T23:14:44.883+0000] {dag.py:3441} INFO - Setting next_dagrun for example_weekday_branch_operator to 2023-05-23T00:00:00+00:00, run_after=2023-05-24T00:00:00+00:00
[2023-05-24T23:14:45.121+0000] {processor.py:175} INFO - Processing /home/airflow/.local/lib/python3.7/site-packages/airflow/example_dags/example_branch_day_of_week_operator.py took 0.948 seconds
[2023-05-24T23:15:35.686+0000] {processor.py:153} INFO - Started process (PID=274) to work on /home/airflow/.local/lib/python3.7/site-packages/airflow/example_dags/example_branch_day_of_week_operator.py
[2023-05-24T23:15:35.718+0000] {processor.py:743} INFO - Processing file /home/airflow/.local/lib/python3.7/site-packages/airflow/example_dags/example_branch_day_of_week_operator.py for tasks to queue
[2023-05-24T23:15:35.729+0000] {logging_mixin.py:137} INFO - [2023-05-24T23:15:35.728+0000] {dagbag.py:538} INFO - Filling up the DagBag from /home/airflow/.local/lib/python3.7/site-packages/airflow/example_dags/example_branch_day_of_week_operator.py
[2023-05-24T23:15:36.103+0000] {processor.py:753} INFO - DAG(s) dict_keys(['example_weekday_branch_operator']) retrieved from /home/airflow/.local/lib/python3.7/site-packages/airflow/example_dags/example_branch_day_of_week_operator.py
[2023-05-24T23:15:36.319+0000] {logging_mixin.py:137} INFO - [2023-05-24T23:15:36.319+0000] {dag.py:2690} INFO - Sync 1 DAGs
[2023-05-24T23:15:36.527+0000] {logging_mixin.py:137} INFO - [2023-05-24T23:15:36.527+0000] {dag.py:3441} INFO - Setting next_dagrun for example_weekday_branch_operator to 2023-05-23T00:00:00+00:00, run_after=2023-05-24T00:00:00+00:00
[2023-05-24T23:15:36.904+0000] {processor.py:175} INFO - Processing /home/airflow/.local/lib/python3.7/site-packages/airflow/example_dags/example_branch_day_of_week_operator.py took 1.284 seconds
[2023-05-24T23:16:11.641+0000] {processor.py:153} INFO - Started process (PID=330) to work on /home/airflow/.local/lib/python3.7/site-packages/airflow/example_dags/example_branch_day_of_week_operator.py
[2023-05-24T23:16:11.677+0000] {processor.py:743} INFO - Processing file /home/airflow/.local/lib/python3.7/site-packages/airflow/example_dags/example_branch_day_of_week_operator.py for tasks to queue
[2023-05-24T23:16:11.708+0000] {logging_mixin.py:137} INFO - [2023-05-24T23:16:11.708+0000] {dagbag.py:538} INFO - Filling up the DagBag from /home/airflow/.local/lib/python3.7/site-packages/airflow/example_dags/example_branch_day_of_week_operator.py
[2023-05-24T23:16:12.278+0000] {processor.py:753} INFO - DAG(s) dict_keys(['example_weekday_branch_operator']) retrieved from /home/airflow/.local/lib/python3.7/site-packages/airflow/example_dags/example_branch_day_of_week_operator.py
[2023-05-24T23:16:14.140+0000] {logging_mixin.py:137} INFO - [2023-05-24T23:16:14.140+0000] {dag.py:2690} INFO - Sync 1 DAGs
[2023-05-24T23:16:15.305+0000] {logging_mixin.py:137} INFO - [2023-05-24T23:16:15.305+0000] {dag.py:3441} INFO - Setting next_dagrun for example_weekday_branch_operator to 2023-05-23T00:00:00+00:00, run_after=2023-05-24T00:00:00+00:00
[2023-05-24T23:16:16.903+0000] {processor.py:175} INFO - Processing /home/airflow/.local/lib/python3.7/site-packages/airflow/example_dags/example_branch_day_of_week_operator.py took 5.493 seconds
[2023-05-24T23:17:50.876+0000] {processor.py:153} INFO - Started process (PID=417) to work on /home/airflow/.local/lib/python3.7/site-packages/airflow/example_dags/example_branch_day_of_week_operator.py
[2023-05-24T23:17:50.901+0000] {processor.py:743} INFO - Processing file /home/airflow/.local/lib/python3.7/site-packages/airflow/example_dags/example_branch_day_of_week_operator.py for tasks to queue
[2023-05-24T23:17:50.923+0000] {logging_mixin.py:137} INFO - [2023-05-24T23:17:50.923+0000] {dagbag.py:538} INFO - Filling up the DagBag from /home/airflow/.local/lib/python3.7/site-packages/airflow/example_dags/example_branch_day_of_week_operator.py
[2023-05-24T23:17:51.370+0000] {processor.py:753} INFO - DAG(s) dict_keys(['example_weekday_branch_operator']) retrieved from /home/airflow/.local/lib/python3.7/site-packages/airflow/example_dags/example_branch_day_of_week_operator.py
[2023-05-24T23:17:51.712+0000] {logging_mixin.py:137} INFO - [2023-05-24T23:17:51.712+0000] {dag.py:2690} INFO - Sync 1 DAGs
[2023-05-24T23:17:52.137+0000] {logging_mixin.py:137} INFO - [2023-05-24T23:17:52.137+0000] {dag.py:3441} INFO - Setting next_dagrun for example_weekday_branch_operator to 2023-05-23T00:00:00+00:00, run_after=2023-05-24T00:00:00+00:00
[2023-05-24T23:17:52.501+0000] {processor.py:175} INFO - Processing /home/airflow/.local/lib/python3.7/site-packages/airflow/example_dags/example_branch_day_of_week_operator.py took 1.663 seconds
[2023-05-24T23:18:23.187+0000] {processor.py:153} INFO - Started process (PID=476) to work on /home/airflow/.local/lib/python3.7/site-packages/airflow/example_dags/example_branch_day_of_week_operator.py
[2023-05-24T23:18:23.190+0000] {processor.py:743} INFO - Processing file /home/airflow/.local/lib/python3.7/site-packages/airflow/example_dags/example_branch_day_of_week_operator.py for tasks to queue
[2023-05-24T23:18:23.192+0000] {logging_mixin.py:137} INFO - [2023-05-24T23:18:23.191+0000] {dagbag.py:538} INFO - Filling up the DagBag from /home/airflow/.local/lib/python3.7/site-packages/airflow/example_dags/example_branch_day_of_week_operator.py
[2023-05-24T23:18:23.219+0000] {processor.py:753} INFO - DAG(s) dict_keys(['example_weekday_branch_operator']) retrieved from /home/airflow/.local/lib/python3.7/site-packages/airflow/example_dags/example_branch_day_of_week_operator.py
[2023-05-24T23:18:23.261+0000] {logging_mixin.py:137} INFO - [2023-05-24T23:18:23.261+0000] {dag.py:2690} INFO - Sync 1 DAGs
[2023-05-24T23:18:23.305+0000] {logging_mixin.py:137} INFO - [2023-05-24T23:18:23.305+0000] {dag.py:3441} INFO - Setting next_dagrun for example_weekday_branch_operator to 2023-05-23T00:00:00+00:00, run_after=2023-05-24T00:00:00+00:00
[2023-05-24T23:18:23.335+0000] {processor.py:175} INFO - Processing /home/airflow/.local/lib/python3.7/site-packages/airflow/example_dags/example_branch_day_of_week_operator.py took 0.158 seconds
[2023-05-24T23:20:31.481+0000] {processor.py:153} INFO - Started process (PID=80) to work on /home/airflow/.local/lib/python3.7/site-packages/airflow/example_dags/example_branch_day_of_week_operator.py
[2023-05-24T23:20:31.485+0000] {processor.py:743} INFO - Processing file /home/airflow/.local/lib/python3.7/site-packages/airflow/example_dags/example_branch_day_of_week_operator.py for tasks to queue
[2023-05-24T23:20:31.489+0000] {logging_mixin.py:137} INFO - [2023-05-24T23:20:31.488+0000] {dagbag.py:538} INFO - Filling up the DagBag from /home/airflow/.local/lib/python3.7/site-packages/airflow/example_dags/example_branch_day_of_week_operator.py
[2023-05-24T23:20:31.534+0000] {processor.py:753} INFO - DAG(s) dict_keys(['example_weekday_branch_operator']) retrieved from /home/airflow/.local/lib/python3.7/site-packages/airflow/example_dags/example_branch_day_of_week_operator.py
[2023-05-24T23:20:31.612+0000] {logging_mixin.py:137} INFO - [2023-05-24T23:20:31.612+0000] {dag.py:2690} INFO - Sync 1 DAGs
[2023-05-24T23:20:31.680+0000] {logging_mixin.py:137} INFO - [2023-05-24T23:20:31.679+0000] {dag.py:3441} INFO - Setting next_dagrun for example_weekday_branch_operator to 2023-05-23T00:00:00+00:00, run_after=2023-05-24T00:00:00+00:00
[2023-05-24T23:20:31.736+0000] {processor.py:175} INFO - Processing /home/airflow/.local/lib/python3.7/site-packages/airflow/example_dags/example_branch_day_of_week_operator.py took 0.259 seconds
[2023-05-24T23:21:02.651+0000] {processor.py:153} INFO - Started process (PID=146) to work on /home/airflow/.local/lib/python3.7/site-packages/airflow/example_dags/example_branch_day_of_week_operator.py
[2023-05-24T23:21:02.656+0000] {processor.py:743} INFO - Processing file /home/airflow/.local/lib/python3.7/site-packages/airflow/example_dags/example_branch_day_of_week_operator.py for tasks to queue
[2023-05-24T23:21:02.660+0000] {logging_mixin.py:137} INFO - [2023-05-24T23:21:02.660+0000] {dagbag.py:538} INFO - Filling up the DagBag from /home/airflow/.local/lib/python3.7/site-packages/airflow/example_dags/example_branch_day_of_week_operator.py
[2023-05-24T23:21:02.754+0000] {processor.py:753} INFO - DAG(s) dict_keys(['example_weekday_branch_operator']) retrieved from /home/airflow/.local/lib/python3.7/site-packages/airflow/example_dags/example_branch_day_of_week_operator.py
[2023-05-24T23:21:02.824+0000] {logging_mixin.py:137} INFO - [2023-05-24T23:21:02.824+0000] {dag.py:2690} INFO - Sync 1 DAGs
[2023-05-24T23:21:02.924+0000] {logging_mixin.py:137} INFO - [2023-05-24T23:21:02.921+0000] {dag.py:3441} INFO - Setting next_dagrun for example_weekday_branch_operator to 2023-05-23T00:00:00+00:00, run_after=2023-05-24T00:00:00+00:00
[2023-05-24T23:21:03.005+0000] {processor.py:175} INFO - Processing /home/airflow/.local/lib/python3.7/site-packages/airflow/example_dags/example_branch_day_of_week_operator.py took 0.386 seconds
[2023-05-24T23:21:33.683+0000] {processor.py:153} INFO - Started process (PID=210) to work on /home/airflow/.local/lib/python3.7/site-packages/airflow/example_dags/example_branch_day_of_week_operator.py
[2023-05-24T23:21:33.690+0000] {processor.py:743} INFO - Processing file /home/airflow/.local/lib/python3.7/site-packages/airflow/example_dags/example_branch_day_of_week_operator.py for tasks to queue
[2023-05-24T23:21:33.694+0000] {logging_mixin.py:137} INFO - [2023-05-24T23:21:33.694+0000] {dagbag.py:538} INFO - Filling up the DagBag from /home/airflow/.local/lib/python3.7/site-packages/airflow/example_dags/example_branch_day_of_week_operator.py
[2023-05-24T23:21:33.730+0000] {processor.py:753} INFO - DAG(s) dict_keys(['example_weekday_branch_operator']) retrieved from /home/airflow/.local/lib/python3.7/site-packages/airflow/example_dags/example_branch_day_of_week_operator.py
[2023-05-24T23:21:33.775+0000] {logging_mixin.py:137} INFO - [2023-05-24T23:21:33.775+0000] {dag.py:2690} INFO - Sync 1 DAGs
[2023-05-24T23:21:33.828+0000] {logging_mixin.py:137} INFO - [2023-05-24T23:21:33.828+0000] {dag.py:3441} INFO - Setting next_dagrun for example_weekday_branch_operator to 2023-05-23T00:00:00+00:00, run_after=2023-05-24T00:00:00+00:00
[2023-05-24T23:21:33.874+0000] {processor.py:175} INFO - Processing /home/airflow/.local/lib/python3.7/site-packages/airflow/example_dags/example_branch_day_of_week_operator.py took 0.203 seconds
[2023-05-24T23:22:03.964+0000] {processor.py:153} INFO - Started process (PID=270) to work on /home/airflow/.local/lib/python3.7/site-packages/airflow/example_dags/example_branch_day_of_week_operator.py
[2023-05-24T23:22:03.968+0000] {processor.py:743} INFO - Processing file /home/airflow/.local/lib/python3.7/site-packages/airflow/example_dags/example_branch_day_of_week_operator.py for tasks to queue
[2023-05-24T23:22:03.972+0000] {logging_mixin.py:137} INFO - [2023-05-24T23:22:03.971+0000] {dagbag.py:538} INFO - Filling up the DagBag from /home/airflow/.local/lib/python3.7/site-packages/airflow/example_dags/example_branch_day_of_week_operator.py
[2023-05-24T23:22:03.998+0000] {processor.py:753} INFO - DAG(s) dict_keys(['example_weekday_branch_operator']) retrieved from /home/airflow/.local/lib/python3.7/site-packages/airflow/example_dags/example_branch_day_of_week_operator.py
[2023-05-24T23:22:04.043+0000] {logging_mixin.py:137} INFO - [2023-05-24T23:22:04.043+0000] {dag.py:2690} INFO - Sync 1 DAGs
[2023-05-24T23:22:04.091+0000] {logging_mixin.py:137} INFO - [2023-05-24T23:22:04.091+0000] {dag.py:3441} INFO - Setting next_dagrun for example_weekday_branch_operator to 2023-05-23T00:00:00+00:00, run_after=2023-05-24T00:00:00+00:00
[2023-05-24T23:22:04.126+0000] {processor.py:175} INFO - Processing /home/airflow/.local/lib/python3.7/site-packages/airflow/example_dags/example_branch_day_of_week_operator.py took 0.172 seconds
[2023-05-24T23:22:34.286+0000] {processor.py:153} INFO - Started process (PID=329) to work on /home/airflow/.local/lib/python3.7/site-packages/airflow/example_dags/example_branch_day_of_week_operator.py
[2023-05-24T23:22:34.293+0000] {processor.py:743} INFO - Processing file /home/airflow/.local/lib/python3.7/site-packages/airflow/example_dags/example_branch_day_of_week_operator.py for tasks to queue
[2023-05-24T23:22:34.296+0000] {logging_mixin.py:137} INFO - [2023-05-24T23:22:34.295+0000] {dagbag.py:538} INFO - Filling up the DagBag from /home/airflow/.local/lib/python3.7/site-packages/airflow/example_dags/example_branch_day_of_week_operator.py
[2023-05-24T23:22:34.360+0000] {processor.py:753} INFO - DAG(s) dict_keys(['example_weekday_branch_operator']) retrieved from /home/airflow/.local/lib/python3.7/site-packages/airflow/example_dags/example_branch_day_of_week_operator.py
[2023-05-24T23:22:34.496+0000] {logging_mixin.py:137} INFO - [2023-05-24T23:22:34.496+0000] {dag.py:2690} INFO - Sync 1 DAGs
[2023-05-24T23:22:34.614+0000] {logging_mixin.py:137} INFO - [2023-05-24T23:22:34.612+0000] {dag.py:3441} INFO - Setting next_dagrun for example_weekday_branch_operator to 2023-05-23T00:00:00+00:00, run_after=2023-05-24T00:00:00+00:00
[2023-05-24T23:22:34.711+0000] {processor.py:175} INFO - Processing /home/airflow/.local/lib/python3.7/site-packages/airflow/example_dags/example_branch_day_of_week_operator.py took 0.433 seconds
[2023-05-24T23:23:04.931+0000] {processor.py:153} INFO - Started process (PID=390) to work on /home/airflow/.local/lib/python3.7/site-packages/airflow/example_dags/example_branch_day_of_week_operator.py
[2023-05-24T23:23:04.933+0000] {processor.py:743} INFO - Processing file /home/airflow/.local/lib/python3.7/site-packages/airflow/example_dags/example_branch_day_of_week_operator.py for tasks to queue
[2023-05-24T23:23:04.938+0000] {logging_mixin.py:137} INFO - [2023-05-24T23:23:04.938+0000] {dagbag.py:538} INFO - Filling up the DagBag from /home/airflow/.local/lib/python3.7/site-packages/airflow/example_dags/example_branch_day_of_week_operator.py
[2023-05-24T23:23:04.988+0000] {processor.py:753} INFO - DAG(s) dict_keys(['example_weekday_branch_operator']) retrieved from /home/airflow/.local/lib/python3.7/site-packages/airflow/example_dags/example_branch_day_of_week_operator.py
[2023-05-24T23:23:05.091+0000] {logging_mixin.py:137} INFO - [2023-05-24T23:23:05.091+0000] {dag.py:2690} INFO - Sync 1 DAGs
[2023-05-24T23:23:05.180+0000] {logging_mixin.py:137} INFO - [2023-05-24T23:23:05.179+0000] {dag.py:3441} INFO - Setting next_dagrun for example_weekday_branch_operator to 2023-05-23T00:00:00+00:00, run_after=2023-05-24T00:00:00+00:00
[2023-05-24T23:23:05.227+0000] {processor.py:175} INFO - Processing /home/airflow/.local/lib/python3.7/site-packages/airflow/example_dags/example_branch_day_of_week_operator.py took 0.323 seconds
[2023-05-24T23:23:36.059+0000] {processor.py:153} INFO - Started process (PID=458) to work on /home/airflow/.local/lib/python3.7/site-packages/airflow/example_dags/example_branch_day_of_week_operator.py
[2023-05-24T23:23:36.065+0000] {processor.py:743} INFO - Processing file /home/airflow/.local/lib/python3.7/site-packages/airflow/example_dags/example_branch_day_of_week_operator.py for tasks to queue
[2023-05-24T23:23:36.067+0000] {logging_mixin.py:137} INFO - [2023-05-24T23:23:36.067+0000] {dagbag.py:538} INFO - Filling up the DagBag from /home/airflow/.local/lib/python3.7/site-packages/airflow/example_dags/example_branch_day_of_week_operator.py
[2023-05-24T23:23:36.127+0000] {processor.py:753} INFO - DAG(s) dict_keys(['example_weekday_branch_operator']) retrieved from /home/airflow/.local/lib/python3.7/site-packages/airflow/example_dags/example_branch_day_of_week_operator.py
[2023-05-24T23:23:36.197+0000] {logging_mixin.py:137} INFO - [2023-05-24T23:23:36.196+0000] {dag.py:2690} INFO - Sync 1 DAGs
[2023-05-24T23:23:36.273+0000] {logging_mixin.py:137} INFO - [2023-05-24T23:23:36.273+0000] {dag.py:3441} INFO - Setting next_dagrun for example_weekday_branch_operator to 2023-05-23T00:00:00+00:00, run_after=2023-05-24T00:00:00+00:00
[2023-05-24T23:23:36.331+0000] {processor.py:175} INFO - Processing /home/airflow/.local/lib/python3.7/site-packages/airflow/example_dags/example_branch_day_of_week_operator.py took 0.286 seconds
[2023-05-24T23:24:12.896+0000] {processor.py:153} INFO - Started process (PID=517) to work on /home/airflow/.local/lib/python3.7/site-packages/airflow/example_dags/example_branch_day_of_week_operator.py
[2023-05-24T23:24:12.923+0000] {processor.py:743} INFO - Processing file /home/airflow/.local/lib/python3.7/site-packages/airflow/example_dags/example_branch_day_of_week_operator.py for tasks to queue
[2023-05-24T23:24:12.936+0000] {logging_mixin.py:137} INFO - [2023-05-24T23:24:12.936+0000] {dagbag.py:538} INFO - Filling up the DagBag from /home/airflow/.local/lib/python3.7/site-packages/airflow/example_dags/example_branch_day_of_week_operator.py
[2023-05-24T23:24:13.107+0000] {processor.py:753} INFO - DAG(s) dict_keys(['example_weekday_branch_operator']) retrieved from /home/airflow/.local/lib/python3.7/site-packages/airflow/example_dags/example_branch_day_of_week_operator.py
[2023-05-24T23:24:13.182+0000] {logging_mixin.py:137} INFO - [2023-05-24T23:24:13.182+0000] {dag.py:2690} INFO - Sync 1 DAGs
[2023-05-24T23:24:13.296+0000] {logging_mixin.py:137} INFO - [2023-05-24T23:24:13.296+0000] {dag.py:3441} INFO - Setting next_dagrun for example_weekday_branch_operator to 2023-05-23T00:00:00+00:00, run_after=2023-05-24T00:00:00+00:00
[2023-05-24T23:24:13.416+0000] {processor.py:175} INFO - Processing /home/airflow/.local/lib/python3.7/site-packages/airflow/example_dags/example_branch_day_of_week_operator.py took 0.538 seconds
[2023-05-24T23:24:44.224+0000] {processor.py:153} INFO - Started process (PID=577) to work on /home/airflow/.local/lib/python3.7/site-packages/airflow/example_dags/example_branch_day_of_week_operator.py
[2023-05-24T23:24:44.230+0000] {processor.py:743} INFO - Processing file /home/airflow/.local/lib/python3.7/site-packages/airflow/example_dags/example_branch_day_of_week_operator.py for tasks to queue
[2023-05-24T23:24:44.233+0000] {logging_mixin.py:137} INFO - [2023-05-24T23:24:44.232+0000] {dagbag.py:538} INFO - Filling up the DagBag from /home/airflow/.local/lib/python3.7/site-packages/airflow/example_dags/example_branch_day_of_week_operator.py
[2023-05-24T23:24:44.259+0000] {processor.py:753} INFO - DAG(s) dict_keys(['example_weekday_branch_operator']) retrieved from /home/airflow/.local/lib/python3.7/site-packages/airflow/example_dags/example_branch_day_of_week_operator.py
[2023-05-24T23:24:44.304+0000] {logging_mixin.py:137} INFO - [2023-05-24T23:24:44.304+0000] {dag.py:2690} INFO - Sync 1 DAGs
[2023-05-24T23:24:44.349+0000] {logging_mixin.py:137} INFO - [2023-05-24T23:24:44.349+0000] {dag.py:3441} INFO - Setting next_dagrun for example_weekday_branch_operator to 2023-05-23T00:00:00+00:00, run_after=2023-05-24T00:00:00+00:00
[2023-05-24T23:24:44.415+0000] {processor.py:175} INFO - Processing /home/airflow/.local/lib/python3.7/site-packages/airflow/example_dags/example_branch_day_of_week_operator.py took 0.197 seconds
[2023-05-24T23:25:14.758+0000] {processor.py:153} INFO - Started process (PID=637) to work on /home/airflow/.local/lib/python3.7/site-packages/airflow/example_dags/example_branch_day_of_week_operator.py
[2023-05-24T23:25:14.777+0000] {processor.py:743} INFO - Processing file /home/airflow/.local/lib/python3.7/site-packages/airflow/example_dags/example_branch_day_of_week_operator.py for tasks to queue
[2023-05-24T23:25:14.792+0000] {logging_mixin.py:137} INFO - [2023-05-24T23:25:14.791+0000] {dagbag.py:538} INFO - Filling up the DagBag from /home/airflow/.local/lib/python3.7/site-packages/airflow/example_dags/example_branch_day_of_week_operator.py
[2023-05-24T23:25:14.997+0000] {processor.py:753} INFO - DAG(s) dict_keys(['example_weekday_branch_operator']) retrieved from /home/airflow/.local/lib/python3.7/site-packages/airflow/example_dags/example_branch_day_of_week_operator.py
[2023-05-24T23:25:15.244+0000] {logging_mixin.py:137} INFO - [2023-05-24T23:25:15.244+0000] {dag.py:2690} INFO - Sync 1 DAGs
[2023-05-24T23:25:15.364+0000] {logging_mixin.py:137} INFO - [2023-05-24T23:25:15.364+0000] {dag.py:3441} INFO - Setting next_dagrun for example_weekday_branch_operator to 2023-05-23T00:00:00+00:00, run_after=2023-05-24T00:00:00+00:00
[2023-05-24T23:25:15.461+0000] {processor.py:175} INFO - Processing /home/airflow/.local/lib/python3.7/site-packages/airflow/example_dags/example_branch_day_of_week_operator.py took 0.716 seconds
[2023-05-24T23:25:46.495+0000] {processor.py:153} INFO - Started process (PID=696) to work on /home/airflow/.local/lib/python3.7/site-packages/airflow/example_dags/example_branch_day_of_week_operator.py
[2023-05-24T23:25:46.503+0000] {processor.py:743} INFO - Processing file /home/airflow/.local/lib/python3.7/site-packages/airflow/example_dags/example_branch_day_of_week_operator.py for tasks to queue
[2023-05-24T23:25:46.509+0000] {logging_mixin.py:137} INFO - [2023-05-24T23:25:46.508+0000] {dagbag.py:538} INFO - Filling up the DagBag from /home/airflow/.local/lib/python3.7/site-packages/airflow/example_dags/example_branch_day_of_week_operator.py
[2023-05-24T23:25:46.579+0000] {processor.py:753} INFO - DAG(s) dict_keys(['example_weekday_branch_operator']) retrieved from /home/airflow/.local/lib/python3.7/site-packages/airflow/example_dags/example_branch_day_of_week_operator.py
[2023-05-24T23:25:46.712+0000] {logging_mixin.py:137} INFO - [2023-05-24T23:25:46.712+0000] {dag.py:2690} INFO - Sync 1 DAGs
[2023-05-24T23:25:46.797+0000] {logging_mixin.py:137} INFO - [2023-05-24T23:25:46.797+0000] {dag.py:3441} INFO - Setting next_dagrun for example_weekday_branch_operator to 2023-05-23T00:00:00+00:00, run_after=2023-05-24T00:00:00+00:00
[2023-05-24T23:25:46.859+0000] {processor.py:175} INFO - Processing /home/airflow/.local/lib/python3.7/site-packages/airflow/example_dags/example_branch_day_of_week_operator.py took 0.511 seconds
[2023-05-24T23:26:17.688+0000] {processor.py:153} INFO - Started process (PID=766) to work on /home/airflow/.local/lib/python3.7/site-packages/airflow/example_dags/example_branch_day_of_week_operator.py
[2023-05-24T23:26:17.691+0000] {processor.py:743} INFO - Processing file /home/airflow/.local/lib/python3.7/site-packages/airflow/example_dags/example_branch_day_of_week_operator.py for tasks to queue
[2023-05-24T23:26:17.696+0000] {logging_mixin.py:137} INFO - [2023-05-24T23:26:17.695+0000] {dagbag.py:538} INFO - Filling up the DagBag from /home/airflow/.local/lib/python3.7/site-packages/airflow/example_dags/example_branch_day_of_week_operator.py
[2023-05-24T23:26:17.723+0000] {processor.py:753} INFO - DAG(s) dict_keys(['example_weekday_branch_operator']) retrieved from /home/airflow/.local/lib/python3.7/site-packages/airflow/example_dags/example_branch_day_of_week_operator.py
[2023-05-24T23:26:17.766+0000] {logging_mixin.py:137} INFO - [2023-05-24T23:26:17.766+0000] {dag.py:2690} INFO - Sync 1 DAGs
[2023-05-24T23:26:17.815+0000] {logging_mixin.py:137} INFO - [2023-05-24T23:26:17.815+0000] {dag.py:3441} INFO - Setting next_dagrun for example_weekday_branch_operator to 2023-05-23T00:00:00+00:00, run_after=2023-05-24T00:00:00+00:00
[2023-05-24T23:26:17.847+0000] {processor.py:175} INFO - Processing /home/airflow/.local/lib/python3.7/site-packages/airflow/example_dags/example_branch_day_of_week_operator.py took 0.163 seconds
[2023-05-24T23:27:04.435+0000] {processor.py:153} INFO - Started process (PID=824) to work on /home/airflow/.local/lib/python3.7/site-packages/airflow/example_dags/example_branch_day_of_week_operator.py
[2023-05-24T23:27:04.445+0000] {processor.py:743} INFO - Processing file /home/airflow/.local/lib/python3.7/site-packages/airflow/example_dags/example_branch_day_of_week_operator.py for tasks to queue
[2023-05-24T23:27:04.458+0000] {logging_mixin.py:137} INFO - [2023-05-24T23:27:04.458+0000] {dagbag.py:538} INFO - Filling up the DagBag from /home/airflow/.local/lib/python3.7/site-packages/airflow/example_dags/example_branch_day_of_week_operator.py
[2023-05-24T23:27:04.687+0000] {processor.py:753} INFO - DAG(s) dict_keys(['example_weekday_branch_operator']) retrieved from /home/airflow/.local/lib/python3.7/site-packages/airflow/example_dags/example_branch_day_of_week_operator.py
[2023-05-24T23:27:05.109+0000] {logging_mixin.py:137} INFO - [2023-05-24T23:27:05.106+0000] {dag.py:2690} INFO - Sync 1 DAGs
[2023-05-24T23:27:05.726+0000] {logging_mixin.py:137} INFO - [2023-05-24T23:27:05.726+0000] {dag.py:3441} INFO - Setting next_dagrun for example_weekday_branch_operator to 2023-05-23T00:00:00+00:00, run_after=2023-05-24T00:00:00+00:00
[2023-05-24T23:27:06.030+0000] {processor.py:175} INFO - Processing /home/airflow/.local/lib/python3.7/site-packages/airflow/example_dags/example_branch_day_of_week_operator.py took 1.637 seconds
[2023-05-24T23:27:47.021+0000] {processor.py:153} INFO - Started process (PID=883) to work on /home/airflow/.local/lib/python3.7/site-packages/airflow/example_dags/example_branch_day_of_week_operator.py
[2023-05-24T23:27:47.048+0000] {processor.py:743} INFO - Processing file /home/airflow/.local/lib/python3.7/site-packages/airflow/example_dags/example_branch_day_of_week_operator.py for tasks to queue
[2023-05-24T23:27:47.071+0000] {logging_mixin.py:137} INFO - [2023-05-24T23:27:47.071+0000] {dagbag.py:538} INFO - Filling up the DagBag from /home/airflow/.local/lib/python3.7/site-packages/airflow/example_dags/example_branch_day_of_week_operator.py
[2023-05-24T23:27:47.464+0000] {processor.py:753} INFO - DAG(s) dict_keys(['example_weekday_branch_operator']) retrieved from /home/airflow/.local/lib/python3.7/site-packages/airflow/example_dags/example_branch_day_of_week_operator.py
[2023-05-24T23:27:48.528+0000] {logging_mixin.py:137} INFO - [2023-05-24T23:27:48.504+0000] {dag.py:2690} INFO - Sync 1 DAGs
[2023-05-24T23:27:49.222+0000] {logging_mixin.py:137} INFO - [2023-05-24T23:27:49.189+0000] {dag.py:3441} INFO - Setting next_dagrun for example_weekday_branch_operator to 2023-05-23T00:00:00+00:00, run_after=2023-05-24T00:00:00+00:00
[2023-05-24T23:27:50.752+0000] {processor.py:175} INFO - Processing /home/airflow/.local/lib/python3.7/site-packages/airflow/example_dags/example_branch_day_of_week_operator.py took 3.783 seconds
[2023-05-24T23:29:09.690+0000] {processor.py:153} INFO - Started process (PID=973) to work on /home/airflow/.local/lib/python3.7/site-packages/airflow/example_dags/example_branch_day_of_week_operator.py
[2023-05-24T23:29:09.698+0000] {processor.py:743} INFO - Processing file /home/airflow/.local/lib/python3.7/site-packages/airflow/example_dags/example_branch_day_of_week_operator.py for tasks to queue
[2023-05-24T23:29:09.701+0000] {logging_mixin.py:137} INFO - [2023-05-24T23:29:09.701+0000] {dagbag.py:538} INFO - Filling up the DagBag from /home/airflow/.local/lib/python3.7/site-packages/airflow/example_dags/example_branch_day_of_week_operator.py
[2023-05-24T23:29:09.758+0000] {processor.py:753} INFO - DAG(s) dict_keys(['example_weekday_branch_operator']) retrieved from /home/airflow/.local/lib/python3.7/site-packages/airflow/example_dags/example_branch_day_of_week_operator.py
[2023-05-24T23:29:09.855+0000] {logging_mixin.py:137} INFO - [2023-05-24T23:29:09.855+0000] {dag.py:2690} INFO - Sync 1 DAGs
[2023-05-24T23:29:09.985+0000] {logging_mixin.py:137} INFO - [2023-05-24T23:29:09.985+0000] {dag.py:3441} INFO - Setting next_dagrun for example_weekday_branch_operator to 2023-05-23T00:00:00+00:00, run_after=2023-05-24T00:00:00+00:00
[2023-05-24T23:29:10.138+0000] {processor.py:175} INFO - Processing /home/airflow/.local/lib/python3.7/site-packages/airflow/example_dags/example_branch_day_of_week_operator.py took 0.456 seconds
[2023-05-24T23:29:40.367+0000] {processor.py:153} INFO - Started process (PID=1034) to work on /home/airflow/.local/lib/python3.7/site-packages/airflow/example_dags/example_branch_day_of_week_operator.py
[2023-05-24T23:29:40.370+0000] {processor.py:743} INFO - Processing file /home/airflow/.local/lib/python3.7/site-packages/airflow/example_dags/example_branch_day_of_week_operator.py for tasks to queue
[2023-05-24T23:29:40.374+0000] {logging_mixin.py:137} INFO - [2023-05-24T23:29:40.373+0000] {dagbag.py:538} INFO - Filling up the DagBag from /home/airflow/.local/lib/python3.7/site-packages/airflow/example_dags/example_branch_day_of_week_operator.py
[2023-05-24T23:29:40.400+0000] {processor.py:753} INFO - DAG(s) dict_keys(['example_weekday_branch_operator']) retrieved from /home/airflow/.local/lib/python3.7/site-packages/airflow/example_dags/example_branch_day_of_week_operator.py
[2023-05-24T23:29:40.454+0000] {logging_mixin.py:137} INFO - [2023-05-24T23:29:40.454+0000] {dag.py:2690} INFO - Sync 1 DAGs
[2023-05-24T23:29:40.490+0000] {logging_mixin.py:137} INFO - [2023-05-24T23:29:40.489+0000] {dag.py:3441} INFO - Setting next_dagrun for example_weekday_branch_operator to 2023-05-23T00:00:00+00:00, run_after=2023-05-24T00:00:00+00:00
[2023-05-24T23:29:40.517+0000] {processor.py:175} INFO - Processing /home/airflow/.local/lib/python3.7/site-packages/airflow/example_dags/example_branch_day_of_week_operator.py took 0.154 seconds
[2023-05-24T23:30:11.074+0000] {processor.py:153} INFO - Started process (PID=1093) to work on /home/airflow/.local/lib/python3.7/site-packages/airflow/example_dags/example_branch_day_of_week_operator.py
[2023-05-24T23:30:11.077+0000] {processor.py:743} INFO - Processing file /home/airflow/.local/lib/python3.7/site-packages/airflow/example_dags/example_branch_day_of_week_operator.py for tasks to queue
[2023-05-24T23:30:11.079+0000] {logging_mixin.py:137} INFO - [2023-05-24T23:30:11.079+0000] {dagbag.py:538} INFO - Filling up the DagBag from /home/airflow/.local/lib/python3.7/site-packages/airflow/example_dags/example_branch_day_of_week_operator.py
[2023-05-24T23:30:11.105+0000] {processor.py:753} INFO - DAG(s) dict_keys(['example_weekday_branch_operator']) retrieved from /home/airflow/.local/lib/python3.7/site-packages/airflow/example_dags/example_branch_day_of_week_operator.py
[2023-05-24T23:30:11.149+0000] {logging_mixin.py:137} INFO - [2023-05-24T23:30:11.149+0000] {dag.py:2690} INFO - Sync 1 DAGs
[2023-05-24T23:30:11.196+0000] {logging_mixin.py:137} INFO - [2023-05-24T23:30:11.196+0000] {dag.py:3441} INFO - Setting next_dagrun for example_weekday_branch_operator to 2023-05-23T00:00:00+00:00, run_after=2023-05-24T00:00:00+00:00
[2023-05-24T23:30:11.228+0000] {processor.py:175} INFO - Processing /home/airflow/.local/lib/python3.7/site-packages/airflow/example_dags/example_branch_day_of_week_operator.py took 0.161 seconds
[2023-05-24T23:30:43.309+0000] {processor.py:153} INFO - Started process (PID=1162) to work on /home/airflow/.local/lib/python3.7/site-packages/airflow/example_dags/example_branch_day_of_week_operator.py
[2023-05-24T23:30:43.323+0000] {processor.py:743} INFO - Processing file /home/airflow/.local/lib/python3.7/site-packages/airflow/example_dags/example_branch_day_of_week_operator.py for tasks to queue
[2023-05-24T23:30:43.344+0000] {logging_mixin.py:137} INFO - [2023-05-24T23:30:43.344+0000] {dagbag.py:538} INFO - Filling up the DagBag from /home/airflow/.local/lib/python3.7/site-packages/airflow/example_dags/example_branch_day_of_week_operator.py
[2023-05-24T23:30:43.451+0000] {processor.py:753} INFO - DAG(s) dict_keys(['example_weekday_branch_operator']) retrieved from /home/airflow/.local/lib/python3.7/site-packages/airflow/example_dags/example_branch_day_of_week_operator.py
[2023-05-24T23:30:43.546+0000] {logging_mixin.py:137} INFO - [2023-05-24T23:30:43.546+0000] {dag.py:2690} INFO - Sync 1 DAGs
[2023-05-24T23:30:43.678+0000] {logging_mixin.py:137} INFO - [2023-05-24T23:30:43.678+0000] {dag.py:3441} INFO - Setting next_dagrun for example_weekday_branch_operator to 2023-05-23T00:00:00+00:00, run_after=2023-05-24T00:00:00+00:00
[2023-05-24T23:30:43.752+0000] {processor.py:175} INFO - Processing /home/airflow/.local/lib/python3.7/site-packages/airflow/example_dags/example_branch_day_of_week_operator.py took 0.462 seconds
[2023-05-24T23:34:03.038+0000] {processor.py:153} INFO - Started process (PID=87) to work on /home/airflow/.local/lib/python3.7/site-packages/airflow/example_dags/example_branch_day_of_week_operator.py
[2023-05-24T23:34:03.044+0000] {processor.py:743} INFO - Processing file /home/airflow/.local/lib/python3.7/site-packages/airflow/example_dags/example_branch_day_of_week_operator.py for tasks to queue
[2023-05-24T23:34:03.050+0000] {logging_mixin.py:137} INFO - [2023-05-24T23:34:03.050+0000] {dagbag.py:538} INFO - Filling up the DagBag from /home/airflow/.local/lib/python3.7/site-packages/airflow/example_dags/example_branch_day_of_week_operator.py
[2023-05-24T23:34:03.139+0000] {processor.py:753} INFO - DAG(s) dict_keys(['example_weekday_branch_operator']) retrieved from /home/airflow/.local/lib/python3.7/site-packages/airflow/example_dags/example_branch_day_of_week_operator.py
[2023-05-24T23:34:03.225+0000] {logging_mixin.py:137} INFO - [2023-05-24T23:34:03.225+0000] {dag.py:2690} INFO - Sync 1 DAGs
[2023-05-24T23:34:03.320+0000] {logging_mixin.py:137} INFO - [2023-05-24T23:34:03.320+0000] {dag.py:3441} INFO - Setting next_dagrun for example_weekday_branch_operator to 2023-05-23T00:00:00+00:00, run_after=2023-05-24T00:00:00+00:00
[2023-05-24T23:34:03.457+0000] {processor.py:175} INFO - Processing /home/airflow/.local/lib/python3.7/site-packages/airflow/example_dags/example_branch_day_of_week_operator.py took 0.434 seconds
[2023-05-24T23:34:37.755+0000] {processor.py:153} INFO - Started process (PID=146) to work on /home/airflow/.local/lib/python3.7/site-packages/airflow/example_dags/example_branch_day_of_week_operator.py
[2023-05-24T23:34:37.776+0000] {processor.py:743} INFO - Processing file /home/airflow/.local/lib/python3.7/site-packages/airflow/example_dags/example_branch_day_of_week_operator.py for tasks to queue
[2023-05-24T23:34:37.786+0000] {logging_mixin.py:137} INFO - [2023-05-24T23:34:37.786+0000] {dagbag.py:538} INFO - Filling up the DagBag from /home/airflow/.local/lib/python3.7/site-packages/airflow/example_dags/example_branch_day_of_week_operator.py
[2023-05-24T23:34:37.897+0000] {processor.py:753} INFO - DAG(s) dict_keys(['example_weekday_branch_operator']) retrieved from /home/airflow/.local/lib/python3.7/site-packages/airflow/example_dags/example_branch_day_of_week_operator.py
[2023-05-24T23:34:38.087+0000] {logging_mixin.py:137} INFO - [2023-05-24T23:34:38.086+0000] {dag.py:2690} INFO - Sync 1 DAGs
[2023-05-24T23:34:38.316+0000] {logging_mixin.py:137} INFO - [2023-05-24T23:34:38.316+0000] {dag.py:3441} INFO - Setting next_dagrun for example_weekday_branch_operator to 2023-05-23T00:00:00+00:00, run_after=2023-05-24T00:00:00+00:00
[2023-05-24T23:34:38.435+0000] {processor.py:175} INFO - Processing /home/airflow/.local/lib/python3.7/site-packages/airflow/example_dags/example_branch_day_of_week_operator.py took 0.700 seconds
[2023-05-24T23:35:16.469+0000] {processor.py:153} INFO - Started process (PID=203) to work on /home/airflow/.local/lib/python3.7/site-packages/airflow/example_dags/example_branch_day_of_week_operator.py
[2023-05-24T23:35:16.524+0000] {processor.py:743} INFO - Processing file /home/airflow/.local/lib/python3.7/site-packages/airflow/example_dags/example_branch_day_of_week_operator.py for tasks to queue
[2023-05-24T23:35:16.540+0000] {logging_mixin.py:137} INFO - [2023-05-24T23:35:16.539+0000] {dagbag.py:538} INFO - Filling up the DagBag from /home/airflow/.local/lib/python3.7/site-packages/airflow/example_dags/example_branch_day_of_week_operator.py
[2023-05-24T23:35:17.062+0000] {processor.py:753} INFO - DAG(s) dict_keys(['example_weekday_branch_operator']) retrieved from /home/airflow/.local/lib/python3.7/site-packages/airflow/example_dags/example_branch_day_of_week_operator.py
[2023-05-24T23:35:17.760+0000] {logging_mixin.py:137} INFO - [2023-05-24T23:35:17.756+0000] {dag.py:2690} INFO - Sync 1 DAGs
[2023-05-24T23:35:18.248+0000] {logging_mixin.py:137} INFO - [2023-05-24T23:35:18.248+0000] {dag.py:3441} INFO - Setting next_dagrun for example_weekday_branch_operator to 2023-05-23T00:00:00+00:00, run_after=2023-05-24T00:00:00+00:00
[2023-05-24T23:35:18.677+0000] {processor.py:175} INFO - Processing /home/airflow/.local/lib/python3.7/site-packages/airflow/example_dags/example_branch_day_of_week_operator.py took 2.295 seconds
[2023-05-24T23:36:37.649+0000] {processor.py:153} INFO - Started process (PID=285) to work on /home/airflow/.local/lib/python3.7/site-packages/airflow/example_dags/example_branch_day_of_week_operator.py
[2023-05-24T23:36:37.666+0000] {processor.py:743} INFO - Processing file /home/airflow/.local/lib/python3.7/site-packages/airflow/example_dags/example_branch_day_of_week_operator.py for tasks to queue
[2023-05-24T23:36:37.676+0000] {logging_mixin.py:137} INFO - [2023-05-24T23:36:37.676+0000] {dagbag.py:538} INFO - Filling up the DagBag from /home/airflow/.local/lib/python3.7/site-packages/airflow/example_dags/example_branch_day_of_week_operator.py
[2023-05-24T23:36:38.345+0000] {processor.py:753} INFO - DAG(s) dict_keys(['example_weekday_branch_operator']) retrieved from /home/airflow/.local/lib/python3.7/site-packages/airflow/example_dags/example_branch_day_of_week_operator.py
[2023-05-24T23:36:39.258+0000] {logging_mixin.py:137} INFO - [2023-05-24T23:36:39.257+0000] {dag.py:2690} INFO - Sync 1 DAGs
[2023-05-24T23:36:39.793+0000] {logging_mixin.py:137} INFO - [2023-05-24T23:36:39.792+0000] {dag.py:3441} INFO - Setting next_dagrun for example_weekday_branch_operator to 2023-05-23T00:00:00+00:00, run_after=2023-05-24T00:00:00+00:00
[2023-05-24T23:36:40.535+0000] {processor.py:175} INFO - Processing /home/airflow/.local/lib/python3.7/site-packages/airflow/example_dags/example_branch_day_of_week_operator.py took 2.998 seconds
[2023-05-24T23:37:34.882+0000] {processor.py:153} INFO - Started process (PID=346) to work on /home/airflow/.local/lib/python3.7/site-packages/airflow/example_dags/example_branch_day_of_week_operator.py
[2023-05-24T23:37:34.919+0000] {processor.py:743} INFO - Processing file /home/airflow/.local/lib/python3.7/site-packages/airflow/example_dags/example_branch_day_of_week_operator.py for tasks to queue
[2023-05-24T23:37:34.927+0000] {logging_mixin.py:137} INFO - [2023-05-24T23:37:34.926+0000] {dagbag.py:538} INFO - Filling up the DagBag from /home/airflow/.local/lib/python3.7/site-packages/airflow/example_dags/example_branch_day_of_week_operator.py
[2023-05-24T23:37:35.414+0000] {processor.py:753} INFO - DAG(s) dict_keys(['example_weekday_branch_operator']) retrieved from /home/airflow/.local/lib/python3.7/site-packages/airflow/example_dags/example_branch_day_of_week_operator.py
[2023-05-24T23:37:35.696+0000] {logging_mixin.py:137} INFO - [2023-05-24T23:37:35.696+0000] {dag.py:2690} INFO - Sync 1 DAGs
[2023-05-24T23:37:36.732+0000] {logging_mixin.py:137} INFO - [2023-05-24T23:37:36.732+0000] {dag.py:3441} INFO - Setting next_dagrun for example_weekday_branch_operator to 2023-05-23T00:00:00+00:00, run_after=2023-05-24T00:00:00+00:00
[2023-05-24T23:37:37.141+0000] {processor.py:175} INFO - Processing /home/airflow/.local/lib/python3.7/site-packages/airflow/example_dags/example_branch_day_of_week_operator.py took 2.329 seconds
[2023-05-24T23:39:01.434+0000] {processor.py:153} INFO - Started process (PID=426) to work on /home/airflow/.local/lib/python3.7/site-packages/airflow/example_dags/example_branch_day_of_week_operator.py
[2023-05-24T23:39:01.460+0000] {processor.py:743} INFO - Processing file /home/airflow/.local/lib/python3.7/site-packages/airflow/example_dags/example_branch_day_of_week_operator.py for tasks to queue
[2023-05-24T23:39:01.508+0000] {logging_mixin.py:137} INFO - [2023-05-24T23:39:01.507+0000] {dagbag.py:538} INFO - Filling up the DagBag from /home/airflow/.local/lib/python3.7/site-packages/airflow/example_dags/example_branch_day_of_week_operator.py
[2023-05-24T23:39:01.872+0000] {processor.py:753} INFO - DAG(s) dict_keys(['example_weekday_branch_operator']) retrieved from /home/airflow/.local/lib/python3.7/site-packages/airflow/example_dags/example_branch_day_of_week_operator.py
[2023-05-24T23:39:02.794+0000] {logging_mixin.py:137} INFO - [2023-05-24T23:39:02.794+0000] {dag.py:2690} INFO - Sync 1 DAGs
[2023-05-24T23:39:03.200+0000] {logging_mixin.py:137} INFO - [2023-05-24T23:39:03.200+0000] {dag.py:3441} INFO - Setting next_dagrun for example_weekday_branch_operator to 2023-05-23T00:00:00+00:00, run_after=2023-05-24T00:00:00+00:00
[2023-05-24T23:39:03.766+0000] {processor.py:175} INFO - Processing /home/airflow/.local/lib/python3.7/site-packages/airflow/example_dags/example_branch_day_of_week_operator.py took 2.382 seconds
[2023-05-24T23:40:08.742+0000] {processor.py:153} INFO - Started process (PID=510) to work on /home/airflow/.local/lib/python3.7/site-packages/airflow/example_dags/example_branch_day_of_week_operator.py
[2023-05-24T23:40:08.748+0000] {processor.py:743} INFO - Processing file /home/airflow/.local/lib/python3.7/site-packages/airflow/example_dags/example_branch_day_of_week_operator.py for tasks to queue
[2023-05-24T23:40:08.765+0000] {logging_mixin.py:137} INFO - [2023-05-24T23:40:08.755+0000] {dagbag.py:538} INFO - Filling up the DagBag from /home/airflow/.local/lib/python3.7/site-packages/airflow/example_dags/example_branch_day_of_week_operator.py
[2023-05-24T23:40:08.948+0000] {processor.py:753} INFO - DAG(s) dict_keys(['example_weekday_branch_operator']) retrieved from /home/airflow/.local/lib/python3.7/site-packages/airflow/example_dags/example_branch_day_of_week_operator.py
[2023-05-24T23:40:09.312+0000] {logging_mixin.py:137} INFO - [2023-05-24T23:40:09.300+0000] {dag.py:2690} INFO - Sync 1 DAGs
[2023-05-24T23:40:10.245+0000] {logging_mixin.py:137} INFO - [2023-05-24T23:40:10.244+0000] {dag.py:3441} INFO - Setting next_dagrun for example_weekday_branch_operator to 2023-05-23T00:00:00+00:00, run_after=2023-05-24T00:00:00+00:00
[2023-05-24T23:40:10.356+0000] {processor.py:175} INFO - Processing /home/airflow/.local/lib/python3.7/site-packages/airflow/example_dags/example_branch_day_of_week_operator.py took 1.808 seconds
[2023-05-24T23:40:40.660+0000] {processor.py:153} INFO - Started process (PID=561) to work on /home/airflow/.local/lib/python3.7/site-packages/airflow/example_dags/example_branch_day_of_week_operator.py
[2023-05-24T23:40:40.680+0000] {processor.py:743} INFO - Processing file /home/airflow/.local/lib/python3.7/site-packages/airflow/example_dags/example_branch_day_of_week_operator.py for tasks to queue
[2023-05-24T23:40:40.691+0000] {logging_mixin.py:137} INFO - [2023-05-24T23:40:40.691+0000] {dagbag.py:538} INFO - Filling up the DagBag from /home/airflow/.local/lib/python3.7/site-packages/airflow/example_dags/example_branch_day_of_week_operator.py
[2023-05-24T23:40:40.815+0000] {processor.py:753} INFO - DAG(s) dict_keys(['example_weekday_branch_operator']) retrieved from /home/airflow/.local/lib/python3.7/site-packages/airflow/example_dags/example_branch_day_of_week_operator.py
[2023-05-24T23:40:40.993+0000] {logging_mixin.py:137} INFO - [2023-05-24T23:40:40.993+0000] {dag.py:2690} INFO - Sync 1 DAGs
[2023-05-24T23:40:41.229+0000] {logging_mixin.py:137} INFO - [2023-05-24T23:40:41.229+0000] {dag.py:3441} INFO - Setting next_dagrun for example_weekday_branch_operator to 2023-05-23T00:00:00+00:00, run_after=2023-05-24T00:00:00+00:00
[2023-05-24T23:40:41.496+0000] {processor.py:175} INFO - Processing /home/airflow/.local/lib/python3.7/site-packages/airflow/example_dags/example_branch_day_of_week_operator.py took 0.881 seconds
[2023-05-24T23:43:15.420+0000] {processor.py:153} INFO - Started process (PID=90) to work on /home/airflow/.local/lib/python3.7/site-packages/airflow/example_dags/example_branch_day_of_week_operator.py
[2023-05-24T23:43:15.423+0000] {processor.py:743} INFO - Processing file /home/airflow/.local/lib/python3.7/site-packages/airflow/example_dags/example_branch_day_of_week_operator.py for tasks to queue
[2023-05-24T23:43:15.426+0000] {logging_mixin.py:137} INFO - [2023-05-24T23:43:15.425+0000] {dagbag.py:538} INFO - Filling up the DagBag from /home/airflow/.local/lib/python3.7/site-packages/airflow/example_dags/example_branch_day_of_week_operator.py
[2023-05-24T23:43:15.480+0000] {processor.py:753} INFO - DAG(s) dict_keys(['example_weekday_branch_operator']) retrieved from /home/airflow/.local/lib/python3.7/site-packages/airflow/example_dags/example_branch_day_of_week_operator.py
[2023-05-24T23:43:15.604+0000] {logging_mixin.py:137} INFO - [2023-05-24T23:43:15.604+0000] {dag.py:2690} INFO - Sync 1 DAGs
[2023-05-24T23:43:15.730+0000] {logging_mixin.py:137} INFO - [2023-05-24T23:43:15.730+0000] {dag.py:3441} INFO - Setting next_dagrun for example_weekday_branch_operator to 2023-05-23T00:00:00+00:00, run_after=2023-05-24T00:00:00+00:00
[2023-05-24T23:43:15.817+0000] {processor.py:175} INFO - Processing /home/airflow/.local/lib/python3.7/site-packages/airflow/example_dags/example_branch_day_of_week_operator.py took 0.410 seconds
[2023-05-24T23:43:58.823+0000] {processor.py:153} INFO - Started process (PID=150) to work on /home/airflow/.local/lib/python3.7/site-packages/airflow/example_dags/example_branch_day_of_week_operator.py
[2023-05-24T23:43:58.827+0000] {processor.py:743} INFO - Processing file /home/airflow/.local/lib/python3.7/site-packages/airflow/example_dags/example_branch_day_of_week_operator.py for tasks to queue
[2023-05-24T23:43:58.831+0000] {logging_mixin.py:137} INFO - [2023-05-24T23:43:58.830+0000] {dagbag.py:538} INFO - Filling up the DagBag from /home/airflow/.local/lib/python3.7/site-packages/airflow/example_dags/example_branch_day_of_week_operator.py
[2023-05-24T23:43:58.892+0000] {processor.py:753} INFO - DAG(s) dict_keys(['example_weekday_branch_operator']) retrieved from /home/airflow/.local/lib/python3.7/site-packages/airflow/example_dags/example_branch_day_of_week_operator.py
[2023-05-24T23:43:58.953+0000] {logging_mixin.py:137} INFO - [2023-05-24T23:43:58.953+0000] {dag.py:2690} INFO - Sync 1 DAGs
[2023-05-24T23:43:59.076+0000] {logging_mixin.py:137} INFO - [2023-05-24T23:43:59.076+0000] {dag.py:3441} INFO - Setting next_dagrun for example_weekday_branch_operator to 2023-05-23T00:00:00+00:00, run_after=2023-05-24T00:00:00+00:00
[2023-05-24T23:43:59.152+0000] {processor.py:175} INFO - Processing /home/airflow/.local/lib/python3.7/site-packages/airflow/example_dags/example_branch_day_of_week_operator.py took 0.346 seconds
[2023-05-24T23:44:30.663+0000] {processor.py:153} INFO - Started process (PID=210) to work on /home/airflow/.local/lib/python3.7/site-packages/airflow/example_dags/example_branch_day_of_week_operator.py
[2023-05-24T23:44:30.670+0000] {processor.py:743} INFO - Processing file /home/airflow/.local/lib/python3.7/site-packages/airflow/example_dags/example_branch_day_of_week_operator.py for tasks to queue
[2023-05-24T23:44:30.678+0000] {logging_mixin.py:137} INFO - [2023-05-24T23:44:30.677+0000] {dagbag.py:538} INFO - Filling up the DagBag from /home/airflow/.local/lib/python3.7/site-packages/airflow/example_dags/example_branch_day_of_week_operator.py
[2023-05-24T23:44:30.757+0000] {processor.py:753} INFO - DAG(s) dict_keys(['example_weekday_branch_operator']) retrieved from /home/airflow/.local/lib/python3.7/site-packages/airflow/example_dags/example_branch_day_of_week_operator.py
[2023-05-24T23:44:30.841+0000] {logging_mixin.py:137} INFO - [2023-05-24T23:44:30.840+0000] {dag.py:2690} INFO - Sync 1 DAGs
[2023-05-24T23:44:30.908+0000] {logging_mixin.py:137} INFO - [2023-05-24T23:44:30.908+0000] {dag.py:3441} INFO - Setting next_dagrun for example_weekday_branch_operator to 2023-05-23T00:00:00+00:00, run_after=2023-05-24T00:00:00+00:00
[2023-05-24T23:44:30.957+0000] {processor.py:175} INFO - Processing /home/airflow/.local/lib/python3.7/site-packages/airflow/example_dags/example_branch_day_of_week_operator.py took 0.324 seconds
[2023-05-24T23:45:01.598+0000] {processor.py:153} INFO - Started process (PID=269) to work on /home/airflow/.local/lib/python3.7/site-packages/airflow/example_dags/example_branch_day_of_week_operator.py
[2023-05-24T23:45:01.601+0000] {processor.py:743} INFO - Processing file /home/airflow/.local/lib/python3.7/site-packages/airflow/example_dags/example_branch_day_of_week_operator.py for tasks to queue
[2023-05-24T23:45:01.605+0000] {logging_mixin.py:137} INFO - [2023-05-24T23:45:01.605+0000] {dagbag.py:538} INFO - Filling up the DagBag from /home/airflow/.local/lib/python3.7/site-packages/airflow/example_dags/example_branch_day_of_week_operator.py
[2023-05-24T23:45:01.654+0000] {processor.py:753} INFO - DAG(s) dict_keys(['example_weekday_branch_operator']) retrieved from /home/airflow/.local/lib/python3.7/site-packages/airflow/example_dags/example_branch_day_of_week_operator.py
[2023-05-24T23:45:01.731+0000] {logging_mixin.py:137} INFO - [2023-05-24T23:45:01.731+0000] {dag.py:2690} INFO - Sync 1 DAGs
[2023-05-24T23:45:01.849+0000] {logging_mixin.py:137} INFO - [2023-05-24T23:45:01.848+0000] {dag.py:3441} INFO - Setting next_dagrun for example_weekday_branch_operator to 2023-05-23T00:00:00+00:00, run_after=2023-05-24T00:00:00+00:00
[2023-05-24T23:45:01.939+0000] {processor.py:175} INFO - Processing /home/airflow/.local/lib/python3.7/site-packages/airflow/example_dags/example_branch_day_of_week_operator.py took 0.351 seconds
[2023-05-24T23:45:32.549+0000] {processor.py:153} INFO - Started process (PID=336) to work on /home/airflow/.local/lib/python3.7/site-packages/airflow/example_dags/example_branch_day_of_week_operator.py
[2023-05-24T23:45:32.558+0000] {processor.py:743} INFO - Processing file /home/airflow/.local/lib/python3.7/site-packages/airflow/example_dags/example_branch_day_of_week_operator.py for tasks to queue
[2023-05-24T23:45:32.561+0000] {logging_mixin.py:137} INFO - [2023-05-24T23:45:32.560+0000] {dagbag.py:538} INFO - Filling up the DagBag from /home/airflow/.local/lib/python3.7/site-packages/airflow/example_dags/example_branch_day_of_week_operator.py
[2023-05-24T23:45:32.598+0000] {processor.py:753} INFO - DAG(s) dict_keys(['example_weekday_branch_operator']) retrieved from /home/airflow/.local/lib/python3.7/site-packages/airflow/example_dags/example_branch_day_of_week_operator.py
[2023-05-24T23:45:32.692+0000] {logging_mixin.py:137} INFO - [2023-05-24T23:45:32.692+0000] {dag.py:2690} INFO - Sync 1 DAGs
[2023-05-24T23:45:32.817+0000] {logging_mixin.py:137} INFO - [2023-05-24T23:45:32.816+0000] {dag.py:3441} INFO - Setting next_dagrun for example_weekday_branch_operator to 2023-05-23T00:00:00+00:00, run_after=2023-05-24T00:00:00+00:00
[2023-05-24T23:45:32.870+0000] {processor.py:175} INFO - Processing /home/airflow/.local/lib/python3.7/site-packages/airflow/example_dags/example_branch_day_of_week_operator.py took 0.326 seconds
[2023-05-24T23:46:04.395+0000] {processor.py:153} INFO - Started process (PID=398) to work on /home/airflow/.local/lib/python3.7/site-packages/airflow/example_dags/example_branch_day_of_week_operator.py
[2023-05-24T23:46:04.403+0000] {processor.py:743} INFO - Processing file /home/airflow/.local/lib/python3.7/site-packages/airflow/example_dags/example_branch_day_of_week_operator.py for tasks to queue
[2023-05-24T23:46:04.406+0000] {logging_mixin.py:137} INFO - [2023-05-24T23:46:04.406+0000] {dagbag.py:538} INFO - Filling up the DagBag from /home/airflow/.local/lib/python3.7/site-packages/airflow/example_dags/example_branch_day_of_week_operator.py
[2023-05-24T23:46:04.475+0000] {processor.py:753} INFO - DAG(s) dict_keys(['example_weekday_branch_operator']) retrieved from /home/airflow/.local/lib/python3.7/site-packages/airflow/example_dags/example_branch_day_of_week_operator.py
[2023-05-24T23:46:04.708+0000] {logging_mixin.py:137} INFO - [2023-05-24T23:46:04.707+0000] {dag.py:2690} INFO - Sync 1 DAGs
[2023-05-24T23:46:04.863+0000] {logging_mixin.py:137} INFO - [2023-05-24T23:46:04.863+0000] {dag.py:3441} INFO - Setting next_dagrun for example_weekday_branch_operator to 2023-05-23T00:00:00+00:00, run_after=2023-05-24T00:00:00+00:00
[2023-05-24T23:46:04.955+0000] {processor.py:175} INFO - Processing /home/airflow/.local/lib/python3.7/site-packages/airflow/example_dags/example_branch_day_of_week_operator.py took 0.580 seconds
[2023-05-24T23:46:35.560+0000] {processor.py:153} INFO - Started process (PID=460) to work on /home/airflow/.local/lib/python3.7/site-packages/airflow/example_dags/example_branch_day_of_week_operator.py
[2023-05-24T23:46:35.576+0000] {processor.py:743} INFO - Processing file /home/airflow/.local/lib/python3.7/site-packages/airflow/example_dags/example_branch_day_of_week_operator.py for tasks to queue
[2023-05-24T23:46:35.594+0000] {logging_mixin.py:137} INFO - [2023-05-24T23:46:35.592+0000] {dagbag.py:538} INFO - Filling up the DagBag from /home/airflow/.local/lib/python3.7/site-packages/airflow/example_dags/example_branch_day_of_week_operator.py
[2023-05-24T23:46:35.653+0000] {processor.py:753} INFO - DAG(s) dict_keys(['example_weekday_branch_operator']) retrieved from /home/airflow/.local/lib/python3.7/site-packages/airflow/example_dags/example_branch_day_of_week_operator.py
[2023-05-24T23:46:35.756+0000] {logging_mixin.py:137} INFO - [2023-05-24T23:46:35.755+0000] {dag.py:2690} INFO - Sync 1 DAGs
[2023-05-24T23:46:35.824+0000] {logging_mixin.py:137} INFO - [2023-05-24T23:46:35.824+0000] {dag.py:3441} INFO - Setting next_dagrun for example_weekday_branch_operator to 2023-05-23T00:00:00+00:00, run_after=2023-05-24T00:00:00+00:00
[2023-05-24T23:46:35.904+0000] {processor.py:175} INFO - Processing /home/airflow/.local/lib/python3.7/site-packages/airflow/example_dags/example_branch_day_of_week_operator.py took 0.364 seconds
[2023-05-24T23:47:06.366+0000] {processor.py:153} INFO - Started process (PID=519) to work on /home/airflow/.local/lib/python3.7/site-packages/airflow/example_dags/example_branch_day_of_week_operator.py
[2023-05-24T23:47:06.371+0000] {processor.py:743} INFO - Processing file /home/airflow/.local/lib/python3.7/site-packages/airflow/example_dags/example_branch_day_of_week_operator.py for tasks to queue
[2023-05-24T23:47:06.379+0000] {logging_mixin.py:137} INFO - [2023-05-24T23:47:06.379+0000] {dagbag.py:538} INFO - Filling up the DagBag from /home/airflow/.local/lib/python3.7/site-packages/airflow/example_dags/example_branch_day_of_week_operator.py
[2023-05-24T23:47:06.413+0000] {processor.py:753} INFO - DAG(s) dict_keys(['example_weekday_branch_operator']) retrieved from /home/airflow/.local/lib/python3.7/site-packages/airflow/example_dags/example_branch_day_of_week_operator.py
[2023-05-24T23:47:06.452+0000] {logging_mixin.py:137} INFO - [2023-05-24T23:47:06.452+0000] {dag.py:2690} INFO - Sync 1 DAGs
[2023-05-24T23:47:06.505+0000] {logging_mixin.py:137} INFO - [2023-05-24T23:47:06.504+0000] {dag.py:3441} INFO - Setting next_dagrun for example_weekday_branch_operator to 2023-05-23T00:00:00+00:00, run_after=2023-05-24T00:00:00+00:00
[2023-05-24T23:47:06.539+0000] {processor.py:175} INFO - Processing /home/airflow/.local/lib/python3.7/site-packages/airflow/example_dags/example_branch_day_of_week_operator.py took 0.184 seconds
[2023-05-24T23:47:37.130+0000] {processor.py:153} INFO - Started process (PID=578) to work on /home/airflow/.local/lib/python3.7/site-packages/airflow/example_dags/example_branch_day_of_week_operator.py
[2023-05-24T23:47:37.133+0000] {processor.py:743} INFO - Processing file /home/airflow/.local/lib/python3.7/site-packages/airflow/example_dags/example_branch_day_of_week_operator.py for tasks to queue
[2023-05-24T23:47:37.136+0000] {logging_mixin.py:137} INFO - [2023-05-24T23:47:37.136+0000] {dagbag.py:538} INFO - Filling up the DagBag from /home/airflow/.local/lib/python3.7/site-packages/airflow/example_dags/example_branch_day_of_week_operator.py
[2023-05-24T23:47:37.171+0000] {processor.py:753} INFO - DAG(s) dict_keys(['example_weekday_branch_operator']) retrieved from /home/airflow/.local/lib/python3.7/site-packages/airflow/example_dags/example_branch_day_of_week_operator.py
[2023-05-24T23:47:37.219+0000] {logging_mixin.py:137} INFO - [2023-05-24T23:47:37.219+0000] {dag.py:2690} INFO - Sync 1 DAGs
[2023-05-24T23:47:37.267+0000] {logging_mixin.py:137} INFO - [2023-05-24T23:47:37.267+0000] {dag.py:3441} INFO - Setting next_dagrun for example_weekday_branch_operator to 2023-05-23T00:00:00+00:00, run_after=2023-05-24T00:00:00+00:00
[2023-05-24T23:47:37.309+0000] {processor.py:175} INFO - Processing /home/airflow/.local/lib/python3.7/site-packages/airflow/example_dags/example_branch_day_of_week_operator.py took 0.184 seconds
[2023-05-24T23:48:08.006+0000] {processor.py:153} INFO - Started process (PID=639) to work on /home/airflow/.local/lib/python3.7/site-packages/airflow/example_dags/example_branch_day_of_week_operator.py
[2023-05-24T23:48:08.010+0000] {processor.py:743} INFO - Processing file /home/airflow/.local/lib/python3.7/site-packages/airflow/example_dags/example_branch_day_of_week_operator.py for tasks to queue
[2023-05-24T23:48:08.016+0000] {logging_mixin.py:137} INFO - [2023-05-24T23:48:08.015+0000] {dagbag.py:538} INFO - Filling up the DagBag from /home/airflow/.local/lib/python3.7/site-packages/airflow/example_dags/example_branch_day_of_week_operator.py
[2023-05-24T23:48:08.079+0000] {processor.py:753} INFO - DAG(s) dict_keys(['example_weekday_branch_operator']) retrieved from /home/airflow/.local/lib/python3.7/site-packages/airflow/example_dags/example_branch_day_of_week_operator.py
[2023-05-24T23:48:08.132+0000] {logging_mixin.py:137} INFO - [2023-05-24T23:48:08.132+0000] {dag.py:2690} INFO - Sync 1 DAGs
[2023-05-24T23:48:08.174+0000] {logging_mixin.py:137} INFO - [2023-05-24T23:48:08.174+0000] {dag.py:3441} INFO - Setting next_dagrun for example_weekday_branch_operator to 2023-05-23T00:00:00+00:00, run_after=2023-05-24T00:00:00+00:00
[2023-05-24T23:48:08.258+0000] {processor.py:175} INFO - Processing /home/airflow/.local/lib/python3.7/site-packages/airflow/example_dags/example_branch_day_of_week_operator.py took 0.277 seconds
[2023-05-24T23:48:39.211+0000] {processor.py:153} INFO - Started process (PID=699) to work on /home/airflow/.local/lib/python3.7/site-packages/airflow/example_dags/example_branch_day_of_week_operator.py
[2023-05-24T23:48:39.214+0000] {processor.py:743} INFO - Processing file /home/airflow/.local/lib/python3.7/site-packages/airflow/example_dags/example_branch_day_of_week_operator.py for tasks to queue
[2023-05-24T23:48:39.218+0000] {logging_mixin.py:137} INFO - [2023-05-24T23:48:39.218+0000] {dagbag.py:538} INFO - Filling up the DagBag from /home/airflow/.local/lib/python3.7/site-packages/airflow/example_dags/example_branch_day_of_week_operator.py
[2023-05-24T23:48:39.247+0000] {processor.py:753} INFO - DAG(s) dict_keys(['example_weekday_branch_operator']) retrieved from /home/airflow/.local/lib/python3.7/site-packages/airflow/example_dags/example_branch_day_of_week_operator.py
[2023-05-24T23:48:39.301+0000] {logging_mixin.py:137} INFO - [2023-05-24T23:48:39.301+0000] {dag.py:2690} INFO - Sync 1 DAGs
[2023-05-24T23:48:39.348+0000] {logging_mixin.py:137} INFO - [2023-05-24T23:48:39.347+0000] {dag.py:3441} INFO - Setting next_dagrun for example_weekday_branch_operator to 2023-05-23T00:00:00+00:00, run_after=2023-05-24T00:00:00+00:00
[2023-05-24T23:48:39.400+0000] {processor.py:175} INFO - Processing /home/airflow/.local/lib/python3.7/site-packages/airflow/example_dags/example_branch_day_of_week_operator.py took 0.196 seconds
[2023-05-24T23:49:09.667+0000] {processor.py:153} INFO - Started process (PID=758) to work on /home/airflow/.local/lib/python3.7/site-packages/airflow/example_dags/example_branch_day_of_week_operator.py
[2023-05-24T23:49:09.672+0000] {processor.py:743} INFO - Processing file /home/airflow/.local/lib/python3.7/site-packages/airflow/example_dags/example_branch_day_of_week_operator.py for tasks to queue
[2023-05-24T23:49:09.678+0000] {logging_mixin.py:137} INFO - [2023-05-24T23:49:09.678+0000] {dagbag.py:538} INFO - Filling up the DagBag from /home/airflow/.local/lib/python3.7/site-packages/airflow/example_dags/example_branch_day_of_week_operator.py
[2023-05-24T23:49:09.755+0000] {processor.py:753} INFO - DAG(s) dict_keys(['example_weekday_branch_operator']) retrieved from /home/airflow/.local/lib/python3.7/site-packages/airflow/example_dags/example_branch_day_of_week_operator.py
[2023-05-24T23:49:09.826+0000] {logging_mixin.py:137} INFO - [2023-05-24T23:49:09.825+0000] {dag.py:2690} INFO - Sync 1 DAGs
[2023-05-24T23:49:10.002+0000] {logging_mixin.py:137} INFO - [2023-05-24T23:49:10.002+0000] {dag.py:3441} INFO - Setting next_dagrun for example_weekday_branch_operator to 2023-05-23T00:00:00+00:00, run_after=2023-05-24T00:00:00+00:00
[2023-05-24T23:49:10.043+0000] {processor.py:175} INFO - Processing /home/airflow/.local/lib/python3.7/site-packages/airflow/example_dags/example_branch_day_of_week_operator.py took 0.391 seconds
[2023-05-24T23:49:40.595+0000] {processor.py:153} INFO - Started process (PID=824) to work on /home/airflow/.local/lib/python3.7/site-packages/airflow/example_dags/example_branch_day_of_week_operator.py
[2023-05-24T23:49:40.606+0000] {processor.py:743} INFO - Processing file /home/airflow/.local/lib/python3.7/site-packages/airflow/example_dags/example_branch_day_of_week_operator.py for tasks to queue
[2023-05-24T23:49:40.614+0000] {logging_mixin.py:137} INFO - [2023-05-24T23:49:40.612+0000] {dagbag.py:538} INFO - Filling up the DagBag from /home/airflow/.local/lib/python3.7/site-packages/airflow/example_dags/example_branch_day_of_week_operator.py
[2023-05-24T23:49:40.766+0000] {processor.py:753} INFO - DAG(s) dict_keys(['example_weekday_branch_operator']) retrieved from /home/airflow/.local/lib/python3.7/site-packages/airflow/example_dags/example_branch_day_of_week_operator.py
[2023-05-24T23:49:40.995+0000] {logging_mixin.py:137} INFO - [2023-05-24T23:49:40.995+0000] {dag.py:2690} INFO - Sync 1 DAGs
[2023-05-24T23:49:41.140+0000] {logging_mixin.py:137} INFO - [2023-05-24T23:49:41.140+0000] {dag.py:3441} INFO - Setting next_dagrun for example_weekday_branch_operator to 2023-05-23T00:00:00+00:00, run_after=2023-05-24T00:00:00+00:00
[2023-05-24T23:49:41.240+0000] {processor.py:175} INFO - Processing /home/airflow/.local/lib/python3.7/site-packages/airflow/example_dags/example_branch_day_of_week_operator.py took 0.686 seconds
[2023-05-24T23:50:11.642+0000] {processor.py:153} INFO - Started process (PID=885) to work on /home/airflow/.local/lib/python3.7/site-packages/airflow/example_dags/example_branch_day_of_week_operator.py
[2023-05-24T23:50:11.662+0000] {processor.py:743} INFO - Processing file /home/airflow/.local/lib/python3.7/site-packages/airflow/example_dags/example_branch_day_of_week_operator.py for tasks to queue
[2023-05-24T23:50:11.685+0000] {logging_mixin.py:137} INFO - [2023-05-24T23:50:11.669+0000] {dagbag.py:538} INFO - Filling up the DagBag from /home/airflow/.local/lib/python3.7/site-packages/airflow/example_dags/example_branch_day_of_week_operator.py
[2023-05-24T23:50:11.906+0000] {processor.py:753} INFO - DAG(s) dict_keys(['example_weekday_branch_operator']) retrieved from /home/airflow/.local/lib/python3.7/site-packages/airflow/example_dags/example_branch_day_of_week_operator.py
[2023-05-24T23:50:12.072+0000] {logging_mixin.py:137} INFO - [2023-05-24T23:50:12.071+0000] {dag.py:2690} INFO - Sync 1 DAGs
[2023-05-24T23:50:12.197+0000] {logging_mixin.py:137} INFO - [2023-05-24T23:50:12.197+0000] {dag.py:3441} INFO - Setting next_dagrun for example_weekday_branch_operator to 2023-05-23T00:00:00+00:00, run_after=2023-05-24T00:00:00+00:00
[2023-05-24T23:50:12.346+0000] {processor.py:175} INFO - Processing /home/airflow/.local/lib/python3.7/site-packages/airflow/example_dags/example_branch_day_of_week_operator.py took 0.738 seconds
[2023-05-24T23:50:42.448+0000] {processor.py:153} INFO - Started process (PID=945) to work on /home/airflow/.local/lib/python3.7/site-packages/airflow/example_dags/example_branch_day_of_week_operator.py
[2023-05-24T23:50:42.454+0000] {processor.py:743} INFO - Processing file /home/airflow/.local/lib/python3.7/site-packages/airflow/example_dags/example_branch_day_of_week_operator.py for tasks to queue
[2023-05-24T23:50:42.459+0000] {logging_mixin.py:137} INFO - [2023-05-24T23:50:42.458+0000] {dagbag.py:538} INFO - Filling up the DagBag from /home/airflow/.local/lib/python3.7/site-packages/airflow/example_dags/example_branch_day_of_week_operator.py
[2023-05-24T23:50:42.500+0000] {processor.py:753} INFO - DAG(s) dict_keys(['example_weekday_branch_operator']) retrieved from /home/airflow/.local/lib/python3.7/site-packages/airflow/example_dags/example_branch_day_of_week_operator.py
[2023-05-24T23:50:42.580+0000] {logging_mixin.py:137} INFO - [2023-05-24T23:50:42.580+0000] {dag.py:2690} INFO - Sync 1 DAGs
[2023-05-24T23:50:42.664+0000] {logging_mixin.py:137} INFO - [2023-05-24T23:50:42.664+0000] {dag.py:3441} INFO - Setting next_dagrun for example_weekday_branch_operator to 2023-05-23T00:00:00+00:00, run_after=2023-05-24T00:00:00+00:00
[2023-05-24T23:50:42.737+0000] {processor.py:175} INFO - Processing /home/airflow/.local/lib/python3.7/site-packages/airflow/example_dags/example_branch_day_of_week_operator.py took 0.298 seconds
[2023-05-24T23:51:16.222+0000] {processor.py:153} INFO - Started process (PID=1007) to work on /home/airflow/.local/lib/python3.7/site-packages/airflow/example_dags/example_branch_day_of_week_operator.py
[2023-05-24T23:51:16.234+0000] {processor.py:743} INFO - Processing file /home/airflow/.local/lib/python3.7/site-packages/airflow/example_dags/example_branch_day_of_week_operator.py for tasks to queue
[2023-05-24T23:51:16.239+0000] {logging_mixin.py:137} INFO - [2023-05-24T23:51:16.239+0000] {dagbag.py:538} INFO - Filling up the DagBag from /home/airflow/.local/lib/python3.7/site-packages/airflow/example_dags/example_branch_day_of_week_operator.py
[2023-05-24T23:51:16.438+0000] {processor.py:753} INFO - DAG(s) dict_keys(['example_weekday_branch_operator']) retrieved from /home/airflow/.local/lib/python3.7/site-packages/airflow/example_dags/example_branch_day_of_week_operator.py
[2023-05-24T23:51:16.906+0000] {logging_mixin.py:137} INFO - [2023-05-24T23:51:16.905+0000] {dag.py:2690} INFO - Sync 1 DAGs
[2023-05-24T23:51:17.103+0000] {logging_mixin.py:137} INFO - [2023-05-24T23:51:17.101+0000] {dag.py:3441} INFO - Setting next_dagrun for example_weekday_branch_operator to 2023-05-23T00:00:00+00:00, run_after=2023-05-24T00:00:00+00:00
[2023-05-24T23:51:17.217+0000] {processor.py:175} INFO - Processing /home/airflow/.local/lib/python3.7/site-packages/airflow/example_dags/example_branch_day_of_week_operator.py took 1.030 seconds
[2023-05-24T23:51:47.599+0000] {processor.py:153} INFO - Started process (PID=1066) to work on /home/airflow/.local/lib/python3.7/site-packages/airflow/example_dags/example_branch_day_of_week_operator.py
[2023-05-24T23:51:47.602+0000] {processor.py:743} INFO - Processing file /home/airflow/.local/lib/python3.7/site-packages/airflow/example_dags/example_branch_day_of_week_operator.py for tasks to queue
[2023-05-24T23:51:47.606+0000] {logging_mixin.py:137} INFO - [2023-05-24T23:51:47.605+0000] {dagbag.py:538} INFO - Filling up the DagBag from /home/airflow/.local/lib/python3.7/site-packages/airflow/example_dags/example_branch_day_of_week_operator.py
[2023-05-24T23:51:47.635+0000] {processor.py:753} INFO - DAG(s) dict_keys(['example_weekday_branch_operator']) retrieved from /home/airflow/.local/lib/python3.7/site-packages/airflow/example_dags/example_branch_day_of_week_operator.py
[2023-05-24T23:51:47.682+0000] {logging_mixin.py:137} INFO - [2023-05-24T23:51:47.682+0000] {dag.py:2690} INFO - Sync 1 DAGs
[2023-05-24T23:51:47.738+0000] {logging_mixin.py:137} INFO - [2023-05-24T23:51:47.737+0000] {dag.py:3441} INFO - Setting next_dagrun for example_weekday_branch_operator to 2023-05-23T00:00:00+00:00, run_after=2023-05-24T00:00:00+00:00
[2023-05-24T23:51:47.781+0000] {processor.py:175} INFO - Processing /home/airflow/.local/lib/python3.7/site-packages/airflow/example_dags/example_branch_day_of_week_operator.py took 0.191 seconds
[2023-05-24T23:52:19.887+0000] {processor.py:153} INFO - Started process (PID=1130) to work on /home/airflow/.local/lib/python3.7/site-packages/airflow/example_dags/example_branch_day_of_week_operator.py
[2023-05-24T23:52:19.907+0000] {processor.py:743} INFO - Processing file /home/airflow/.local/lib/python3.7/site-packages/airflow/example_dags/example_branch_day_of_week_operator.py for tasks to queue
[2023-05-24T23:52:19.927+0000] {logging_mixin.py:137} INFO - [2023-05-24T23:52:19.927+0000] {dagbag.py:538} INFO - Filling up the DagBag from /home/airflow/.local/lib/python3.7/site-packages/airflow/example_dags/example_branch_day_of_week_operator.py
[2023-05-24T23:52:20.088+0000] {processor.py:753} INFO - DAG(s) dict_keys(['example_weekday_branch_operator']) retrieved from /home/airflow/.local/lib/python3.7/site-packages/airflow/example_dags/example_branch_day_of_week_operator.py
[2023-05-24T23:52:20.368+0000] {logging_mixin.py:137} INFO - [2023-05-24T23:52:20.365+0000] {dag.py:2690} INFO - Sync 1 DAGs
[2023-05-24T23:52:20.605+0000] {logging_mixin.py:137} INFO - [2023-05-24T23:52:20.605+0000] {dag.py:3441} INFO - Setting next_dagrun for example_weekday_branch_operator to 2023-05-23T00:00:00+00:00, run_after=2023-05-24T00:00:00+00:00
[2023-05-24T23:52:20.697+0000] {processor.py:175} INFO - Processing /home/airflow/.local/lib/python3.7/site-packages/airflow/example_dags/example_branch_day_of_week_operator.py took 0.850 seconds
[2023-05-24T23:53:04.719+0000] {processor.py:153} INFO - Started process (PID=1206) to work on /home/airflow/.local/lib/python3.7/site-packages/airflow/example_dags/example_branch_day_of_week_operator.py
[2023-05-24T23:53:04.725+0000] {processor.py:743} INFO - Processing file /home/airflow/.local/lib/python3.7/site-packages/airflow/example_dags/example_branch_day_of_week_operator.py for tasks to queue
[2023-05-24T23:53:04.732+0000] {logging_mixin.py:137} INFO - [2023-05-24T23:53:04.731+0000] {dagbag.py:538} INFO - Filling up the DagBag from /home/airflow/.local/lib/python3.7/site-packages/airflow/example_dags/example_branch_day_of_week_operator.py
[2023-05-24T23:53:04.791+0000] {processor.py:753} INFO - DAG(s) dict_keys(['example_weekday_branch_operator']) retrieved from /home/airflow/.local/lib/python3.7/site-packages/airflow/example_dags/example_branch_day_of_week_operator.py
[2023-05-24T23:53:04.905+0000] {logging_mixin.py:137} INFO - [2023-05-24T23:53:04.904+0000] {dag.py:2690} INFO - Sync 1 DAGs
[2023-05-24T23:53:05.099+0000] {logging_mixin.py:137} INFO - [2023-05-24T23:53:05.099+0000] {dag.py:3441} INFO - Setting next_dagrun for example_weekday_branch_operator to 2023-05-23T00:00:00+00:00, run_after=2023-05-24T00:00:00+00:00
[2023-05-24T23:53:05.193+0000] {processor.py:175} INFO - Processing /home/airflow/.local/lib/python3.7/site-packages/airflow/example_dags/example_branch_day_of_week_operator.py took 0.506 seconds
[2023-05-24T23:53:35.699+0000] {processor.py:153} INFO - Started process (PID=1267) to work on /home/airflow/.local/lib/python3.7/site-packages/airflow/example_dags/example_branch_day_of_week_operator.py
[2023-05-24T23:53:35.705+0000] {processor.py:743} INFO - Processing file /home/airflow/.local/lib/python3.7/site-packages/airflow/example_dags/example_branch_day_of_week_operator.py for tasks to queue
[2023-05-24T23:53:35.710+0000] {logging_mixin.py:137} INFO - [2023-05-24T23:53:35.710+0000] {dagbag.py:538} INFO - Filling up the DagBag from /home/airflow/.local/lib/python3.7/site-packages/airflow/example_dags/example_branch_day_of_week_operator.py
[2023-05-24T23:53:35.871+0000] {processor.py:753} INFO - DAG(s) dict_keys(['example_weekday_branch_operator']) retrieved from /home/airflow/.local/lib/python3.7/site-packages/airflow/example_dags/example_branch_day_of_week_operator.py
[2023-05-24T23:53:36.007+0000] {logging_mixin.py:137} INFO - [2023-05-24T23:53:36.007+0000] {dag.py:2690} INFO - Sync 1 DAGs
[2023-05-24T23:53:36.129+0000] {logging_mixin.py:137} INFO - [2023-05-24T23:53:36.129+0000] {dag.py:3441} INFO - Setting next_dagrun for example_weekday_branch_operator to 2023-05-23T00:00:00+00:00, run_after=2023-05-24T00:00:00+00:00
[2023-05-24T23:53:36.198+0000] {processor.py:175} INFO - Processing /home/airflow/.local/lib/python3.7/site-packages/airflow/example_dags/example_branch_day_of_week_operator.py took 0.510 seconds
[2023-05-24T23:54:08.703+0000] {processor.py:153} INFO - Started process (PID=1336) to work on /home/airflow/.local/lib/python3.7/site-packages/airflow/example_dags/example_branch_day_of_week_operator.py
[2023-05-24T23:54:08.712+0000] {processor.py:743} INFO - Processing file /home/airflow/.local/lib/python3.7/site-packages/airflow/example_dags/example_branch_day_of_week_operator.py for tasks to queue
[2023-05-24T23:54:08.719+0000] {logging_mixin.py:137} INFO - [2023-05-24T23:54:08.717+0000] {dagbag.py:538} INFO - Filling up the DagBag from /home/airflow/.local/lib/python3.7/site-packages/airflow/example_dags/example_branch_day_of_week_operator.py
[2023-05-24T23:54:08.779+0000] {processor.py:753} INFO - DAG(s) dict_keys(['example_weekday_branch_operator']) retrieved from /home/airflow/.local/lib/python3.7/site-packages/airflow/example_dags/example_branch_day_of_week_operator.py
[2023-05-24T23:54:08.970+0000] {logging_mixin.py:137} INFO - [2023-05-24T23:54:08.969+0000] {dag.py:2690} INFO - Sync 1 DAGs
[2023-05-24T23:54:09.093+0000] {logging_mixin.py:137} INFO - [2023-05-24T23:54:09.093+0000] {dag.py:3441} INFO - Setting next_dagrun for example_weekday_branch_operator to 2023-05-23T00:00:00+00:00, run_after=2023-05-24T00:00:00+00:00
[2023-05-24T23:54:09.235+0000] {processor.py:175} INFO - Processing /home/airflow/.local/lib/python3.7/site-packages/airflow/example_dags/example_branch_day_of_week_operator.py took 0.544 seconds
[2023-05-24T23:54:39.745+0000] {processor.py:153} INFO - Started process (PID=1387) to work on /home/airflow/.local/lib/python3.7/site-packages/airflow/example_dags/example_branch_day_of_week_operator.py
[2023-05-24T23:54:39.748+0000] {processor.py:743} INFO - Processing file /home/airflow/.local/lib/python3.7/site-packages/airflow/example_dags/example_branch_day_of_week_operator.py for tasks to queue
[2023-05-24T23:54:39.751+0000] {logging_mixin.py:137} INFO - [2023-05-24T23:54:39.751+0000] {dagbag.py:538} INFO - Filling up the DagBag from /home/airflow/.local/lib/python3.7/site-packages/airflow/example_dags/example_branch_day_of_week_operator.py
[2023-05-24T23:54:39.827+0000] {processor.py:753} INFO - DAG(s) dict_keys(['example_weekday_branch_operator']) retrieved from /home/airflow/.local/lib/python3.7/site-packages/airflow/example_dags/example_branch_day_of_week_operator.py
[2023-05-24T23:54:39.941+0000] {logging_mixin.py:137} INFO - [2023-05-24T23:54:39.941+0000] {dag.py:2690} INFO - Sync 1 DAGs
[2023-05-24T23:54:40.040+0000] {logging_mixin.py:137} INFO - [2023-05-24T23:54:40.039+0000] {dag.py:3441} INFO - Setting next_dagrun for example_weekday_branch_operator to 2023-05-23T00:00:00+00:00, run_after=2023-05-24T00:00:00+00:00
[2023-05-24T23:54:40.129+0000] {processor.py:175} INFO - Processing /home/airflow/.local/lib/python3.7/site-packages/airflow/example_dags/example_branch_day_of_week_operator.py took 0.398 seconds
[2023-05-24T23:55:10.338+0000] {processor.py:153} INFO - Started process (PID=1446) to work on /home/airflow/.local/lib/python3.7/site-packages/airflow/example_dags/example_branch_day_of_week_operator.py
[2023-05-24T23:55:10.341+0000] {processor.py:743} INFO - Processing file /home/airflow/.local/lib/python3.7/site-packages/airflow/example_dags/example_branch_day_of_week_operator.py for tasks to queue
[2023-05-24T23:55:10.345+0000] {logging_mixin.py:137} INFO - [2023-05-24T23:55:10.344+0000] {dagbag.py:538} INFO - Filling up the DagBag from /home/airflow/.local/lib/python3.7/site-packages/airflow/example_dags/example_branch_day_of_week_operator.py
[2023-05-24T23:55:10.382+0000] {processor.py:753} INFO - DAG(s) dict_keys(['example_weekday_branch_operator']) retrieved from /home/airflow/.local/lib/python3.7/site-packages/airflow/example_dags/example_branch_day_of_week_operator.py
[2023-05-24T23:55:10.428+0000] {logging_mixin.py:137} INFO - [2023-05-24T23:55:10.428+0000] {dag.py:2690} INFO - Sync 1 DAGs
[2023-05-24T23:55:10.475+0000] {logging_mixin.py:137} INFO - [2023-05-24T23:55:10.475+0000] {dag.py:3441} INFO - Setting next_dagrun for example_weekday_branch_operator to 2023-05-23T00:00:00+00:00, run_after=2023-05-24T00:00:00+00:00
[2023-05-24T23:55:10.546+0000] {processor.py:175} INFO - Processing /home/airflow/.local/lib/python3.7/site-packages/airflow/example_dags/example_branch_day_of_week_operator.py took 0.213 seconds
[2023-05-24T23:55:41.153+0000] {processor.py:153} INFO - Started process (PID=1506) to work on /home/airflow/.local/lib/python3.7/site-packages/airflow/example_dags/example_branch_day_of_week_operator.py
[2023-05-24T23:55:41.157+0000] {processor.py:743} INFO - Processing file /home/airflow/.local/lib/python3.7/site-packages/airflow/example_dags/example_branch_day_of_week_operator.py for tasks to queue
[2023-05-24T23:55:41.161+0000] {logging_mixin.py:137} INFO - [2023-05-24T23:55:41.160+0000] {dagbag.py:538} INFO - Filling up the DagBag from /home/airflow/.local/lib/python3.7/site-packages/airflow/example_dags/example_branch_day_of_week_operator.py
[2023-05-24T23:55:41.205+0000] {processor.py:753} INFO - DAG(s) dict_keys(['example_weekday_branch_operator']) retrieved from /home/airflow/.local/lib/python3.7/site-packages/airflow/example_dags/example_branch_day_of_week_operator.py
[2023-05-24T23:55:41.284+0000] {logging_mixin.py:137} INFO - [2023-05-24T23:55:41.284+0000] {dag.py:2690} INFO - Sync 1 DAGs
[2023-05-24T23:55:41.338+0000] {logging_mixin.py:137} INFO - [2023-05-24T23:55:41.337+0000] {dag.py:3441} INFO - Setting next_dagrun for example_weekday_branch_operator to 2023-05-23T00:00:00+00:00, run_after=2023-05-24T00:00:00+00:00
[2023-05-24T23:55:41.388+0000] {processor.py:175} INFO - Processing /home/airflow/.local/lib/python3.7/site-packages/airflow/example_dags/example_branch_day_of_week_operator.py took 0.243 seconds
[2023-05-24T23:56:11.702+0000] {processor.py:153} INFO - Started process (PID=1566) to work on /home/airflow/.local/lib/python3.7/site-packages/airflow/example_dags/example_branch_day_of_week_operator.py
[2023-05-24T23:56:11.705+0000] {processor.py:743} INFO - Processing file /home/airflow/.local/lib/python3.7/site-packages/airflow/example_dags/example_branch_day_of_week_operator.py for tasks to queue
[2023-05-24T23:56:11.708+0000] {logging_mixin.py:137} INFO - [2023-05-24T23:56:11.708+0000] {dagbag.py:538} INFO - Filling up the DagBag from /home/airflow/.local/lib/python3.7/site-packages/airflow/example_dags/example_branch_day_of_week_operator.py
[2023-05-24T23:56:11.740+0000] {processor.py:753} INFO - DAG(s) dict_keys(['example_weekday_branch_operator']) retrieved from /home/airflow/.local/lib/python3.7/site-packages/airflow/example_dags/example_branch_day_of_week_operator.py
[2023-05-24T23:56:11.780+0000] {logging_mixin.py:137} INFO - [2023-05-24T23:56:11.780+0000] {dag.py:2690} INFO - Sync 1 DAGs
[2023-05-24T23:56:11.831+0000] {logging_mixin.py:137} INFO - [2023-05-24T23:56:11.830+0000] {dag.py:3441} INFO - Setting next_dagrun for example_weekday_branch_operator to 2023-05-23T00:00:00+00:00, run_after=2023-05-24T00:00:00+00:00
[2023-05-24T23:56:11.867+0000] {processor.py:175} INFO - Processing /home/airflow/.local/lib/python3.7/site-packages/airflow/example_dags/example_branch_day_of_week_operator.py took 0.172 seconds
[2023-05-24T23:56:42.092+0000] {processor.py:153} INFO - Started process (PID=1625) to work on /home/airflow/.local/lib/python3.7/site-packages/airflow/example_dags/example_branch_day_of_week_operator.py
[2023-05-24T23:56:42.095+0000] {processor.py:743} INFO - Processing file /home/airflow/.local/lib/python3.7/site-packages/airflow/example_dags/example_branch_day_of_week_operator.py for tasks to queue
[2023-05-24T23:56:42.097+0000] {logging_mixin.py:137} INFO - [2023-05-24T23:56:42.097+0000] {dagbag.py:538} INFO - Filling up the DagBag from /home/airflow/.local/lib/python3.7/site-packages/airflow/example_dags/example_branch_day_of_week_operator.py
[2023-05-24T23:56:42.126+0000] {processor.py:753} INFO - DAG(s) dict_keys(['example_weekday_branch_operator']) retrieved from /home/airflow/.local/lib/python3.7/site-packages/airflow/example_dags/example_branch_day_of_week_operator.py
[2023-05-24T23:56:42.177+0000] {logging_mixin.py:137} INFO - [2023-05-24T23:56:42.177+0000] {dag.py:2690} INFO - Sync 1 DAGs
[2023-05-24T23:56:42.214+0000] {logging_mixin.py:137} INFO - [2023-05-24T23:56:42.214+0000] {dag.py:3441} INFO - Setting next_dagrun for example_weekday_branch_operator to 2023-05-23T00:00:00+00:00, run_after=2023-05-24T00:00:00+00:00
[2023-05-24T23:56:42.245+0000] {processor.py:175} INFO - Processing /home/airflow/.local/lib/python3.7/site-packages/airflow/example_dags/example_branch_day_of_week_operator.py took 0.158 seconds
[2023-05-24T23:57:12.874+0000] {processor.py:153} INFO - Started process (PID=1684) to work on /home/airflow/.local/lib/python3.7/site-packages/airflow/example_dags/example_branch_day_of_week_operator.py
[2023-05-24T23:57:12.877+0000] {processor.py:743} INFO - Processing file /home/airflow/.local/lib/python3.7/site-packages/airflow/example_dags/example_branch_day_of_week_operator.py for tasks to queue
[2023-05-24T23:57:12.879+0000] {logging_mixin.py:137} INFO - [2023-05-24T23:57:12.879+0000] {dagbag.py:538} INFO - Filling up the DagBag from /home/airflow/.local/lib/python3.7/site-packages/airflow/example_dags/example_branch_day_of_week_operator.py
[2023-05-24T23:57:12.925+0000] {processor.py:753} INFO - DAG(s) dict_keys(['example_weekday_branch_operator']) retrieved from /home/airflow/.local/lib/python3.7/site-packages/airflow/example_dags/example_branch_day_of_week_operator.py
[2023-05-24T23:57:12.969+0000] {logging_mixin.py:137} INFO - [2023-05-24T23:57:12.969+0000] {dag.py:2690} INFO - Sync 1 DAGs
[2023-05-24T23:57:13.008+0000] {logging_mixin.py:137} INFO - [2023-05-24T23:57:13.008+0000] {dag.py:3441} INFO - Setting next_dagrun for example_weekday_branch_operator to 2023-05-23T00:00:00+00:00, run_after=2023-05-24T00:00:00+00:00
[2023-05-24T23:57:13.036+0000] {processor.py:175} INFO - Processing /home/airflow/.local/lib/python3.7/site-packages/airflow/example_dags/example_branch_day_of_week_operator.py took 0.173 seconds
[2023-05-24T23:57:43.434+0000] {processor.py:153} INFO - Started process (PID=1743) to work on /home/airflow/.local/lib/python3.7/site-packages/airflow/example_dags/example_branch_day_of_week_operator.py
[2023-05-24T23:57:43.437+0000] {processor.py:743} INFO - Processing file /home/airflow/.local/lib/python3.7/site-packages/airflow/example_dags/example_branch_day_of_week_operator.py for tasks to queue
[2023-05-24T23:57:43.441+0000] {logging_mixin.py:137} INFO - [2023-05-24T23:57:43.440+0000] {dagbag.py:538} INFO - Filling up the DagBag from /home/airflow/.local/lib/python3.7/site-packages/airflow/example_dags/example_branch_day_of_week_operator.py
[2023-05-24T23:57:43.503+0000] {processor.py:753} INFO - DAG(s) dict_keys(['example_weekday_branch_operator']) retrieved from /home/airflow/.local/lib/python3.7/site-packages/airflow/example_dags/example_branch_day_of_week_operator.py
[2023-05-24T23:57:43.580+0000] {logging_mixin.py:137} INFO - [2023-05-24T23:57:43.580+0000] {dag.py:2690} INFO - Sync 1 DAGs
[2023-05-24T23:57:43.749+0000] {logging_mixin.py:137} INFO - [2023-05-24T23:57:43.749+0000] {dag.py:3441} INFO - Setting next_dagrun for example_weekday_branch_operator to 2023-05-23T00:00:00+00:00, run_after=2023-05-24T00:00:00+00:00
[2023-05-24T23:57:43.872+0000] {processor.py:175} INFO - Processing /home/airflow/.local/lib/python3.7/site-packages/airflow/example_dags/example_branch_day_of_week_operator.py took 0.465 seconds
[2023-05-24T23:58:14.328+0000] {processor.py:153} INFO - Started process (PID=1802) to work on /home/airflow/.local/lib/python3.7/site-packages/airflow/example_dags/example_branch_day_of_week_operator.py
[2023-05-24T23:58:14.340+0000] {processor.py:743} INFO - Processing file /home/airflow/.local/lib/python3.7/site-packages/airflow/example_dags/example_branch_day_of_week_operator.py for tasks to queue
[2023-05-24T23:58:14.350+0000] {logging_mixin.py:137} INFO - [2023-05-24T23:58:14.349+0000] {dagbag.py:538} INFO - Filling up the DagBag from /home/airflow/.local/lib/python3.7/site-packages/airflow/example_dags/example_branch_day_of_week_operator.py
[2023-05-24T23:58:14.464+0000] {processor.py:753} INFO - DAG(s) dict_keys(['example_weekday_branch_operator']) retrieved from /home/airflow/.local/lib/python3.7/site-packages/airflow/example_dags/example_branch_day_of_week_operator.py
[2023-05-24T23:58:14.565+0000] {logging_mixin.py:137} INFO - [2023-05-24T23:58:14.565+0000] {dag.py:2690} INFO - Sync 1 DAGs
[2023-05-24T23:58:14.683+0000] {logging_mixin.py:137} INFO - [2023-05-24T23:58:14.683+0000] {dag.py:3441} INFO - Setting next_dagrun for example_weekday_branch_operator to 2023-05-23T00:00:00+00:00, run_after=2023-05-24T00:00:00+00:00
[2023-05-24T23:58:14.833+0000] {processor.py:175} INFO - Processing /home/airflow/.local/lib/python3.7/site-packages/airflow/example_dags/example_branch_day_of_week_operator.py took 0.535 seconds
[2023-05-24T23:58:45.127+0000] {processor.py:153} INFO - Started process (PID=1870) to work on /home/airflow/.local/lib/python3.7/site-packages/airflow/example_dags/example_branch_day_of_week_operator.py
[2023-05-24T23:58:45.134+0000] {processor.py:743} INFO - Processing file /home/airflow/.local/lib/python3.7/site-packages/airflow/example_dags/example_branch_day_of_week_operator.py for tasks to queue
[2023-05-24T23:58:45.138+0000] {logging_mixin.py:137} INFO - [2023-05-24T23:58:45.138+0000] {dagbag.py:538} INFO - Filling up the DagBag from /home/airflow/.local/lib/python3.7/site-packages/airflow/example_dags/example_branch_day_of_week_operator.py
[2023-05-24T23:58:45.236+0000] {processor.py:753} INFO - DAG(s) dict_keys(['example_weekday_branch_operator']) retrieved from /home/airflow/.local/lib/python3.7/site-packages/airflow/example_dags/example_branch_day_of_week_operator.py
[2023-05-24T23:58:45.326+0000] {logging_mixin.py:137} INFO - [2023-05-24T23:58:45.326+0000] {dag.py:2690} INFO - Sync 1 DAGs
[2023-05-24T23:58:45.382+0000] {logging_mixin.py:137} INFO - [2023-05-24T23:58:45.382+0000] {dag.py:3441} INFO - Setting next_dagrun for example_weekday_branch_operator to 2023-05-23T00:00:00+00:00, run_after=2023-05-24T00:00:00+00:00
[2023-05-24T23:58:45.430+0000] {processor.py:175} INFO - Processing /home/airflow/.local/lib/python3.7/site-packages/airflow/example_dags/example_branch_day_of_week_operator.py took 0.317 seconds
[2023-05-24T23:59:16.431+0000] {processor.py:153} INFO - Started process (PID=1930) to work on /home/airflow/.local/lib/python3.7/site-packages/airflow/example_dags/example_branch_day_of_week_operator.py
[2023-05-24T23:59:16.434+0000] {processor.py:743} INFO - Processing file /home/airflow/.local/lib/python3.7/site-packages/airflow/example_dags/example_branch_day_of_week_operator.py for tasks to queue
[2023-05-24T23:59:16.438+0000] {logging_mixin.py:137} INFO - [2023-05-24T23:59:16.437+0000] {dagbag.py:538} INFO - Filling up the DagBag from /home/airflow/.local/lib/python3.7/site-packages/airflow/example_dags/example_branch_day_of_week_operator.py
[2023-05-24T23:59:16.493+0000] {processor.py:753} INFO - DAG(s) dict_keys(['example_weekday_branch_operator']) retrieved from /home/airflow/.local/lib/python3.7/site-packages/airflow/example_dags/example_branch_day_of_week_operator.py
[2023-05-24T23:59:16.688+0000] {logging_mixin.py:137} INFO - [2023-05-24T23:59:16.687+0000] {dag.py:2690} INFO - Sync 1 DAGs
[2023-05-24T23:59:16.798+0000] {logging_mixin.py:137} INFO - [2023-05-24T23:59:16.797+0000] {dag.py:3441} INFO - Setting next_dagrun for example_weekday_branch_operator to 2023-05-23T00:00:00+00:00, run_after=2023-05-24T00:00:00+00:00
[2023-05-24T23:59:16.869+0000] {processor.py:175} INFO - Processing /home/airflow/.local/lib/python3.7/site-packages/airflow/example_dags/example_branch_day_of_week_operator.py took 0.450 seconds
