[2023-05-24T23:13:39.487+0000] {processor.py:153} INFO - Started process (PID=106) to work on /home/airflow/.local/lib/python3.7/site-packages/airflow/example_dags/example_branch_python_dop_operator_3.py
[2023-05-24T23:13:39.503+0000] {processor.py:743} INFO - Processing file /home/airflow/.local/lib/python3.7/site-packages/airflow/example_dags/example_branch_python_dop_operator_3.py for tasks to queue
[2023-05-24T23:13:39.508+0000] {logging_mixin.py:137} INFO - [2023-05-24T23:13:39.508+0000] {dagbag.py:538} INFO - Filling up the DagBag from /home/airflow/.local/lib/python3.7/site-packages/airflow/example_dags/example_branch_python_dop_operator_3.py
[2023-05-24T23:13:39.783+0000] {processor.py:753} INFO - DAG(s) dict_keys(['example_branch_dop_operator_v3']) retrieved from /home/airflow/.local/lib/python3.7/site-packages/airflow/example_dags/example_branch_python_dop_operator_3.py
[2023-05-24T23:13:39.886+0000] {logging_mixin.py:137} INFO - [2023-05-24T23:13:39.886+0000] {dag.py:2690} INFO - Sync 1 DAGs
[2023-05-24T23:13:40.075+0000] {logging_mixin.py:137} INFO - [2023-05-24T23:13:40.075+0000] {dag.py:3441} INFO - Setting next_dagrun for example_branch_dop_operator_v3 to 2023-05-24T23:12:00+00:00, run_after=2023-05-24T23:13:00+00:00
[2023-05-24T23:13:40.188+0000] {processor.py:175} INFO - Processing /home/airflow/.local/lib/python3.7/site-packages/airflow/example_dags/example_branch_python_dop_operator_3.py took 0.742 seconds
[2023-05-24T23:14:10.604+0000] {processor.py:153} INFO - Started process (PID=165) to work on /home/airflow/.local/lib/python3.7/site-packages/airflow/example_dags/example_branch_python_dop_operator_3.py
[2023-05-24T23:14:10.607+0000] {processor.py:743} INFO - Processing file /home/airflow/.local/lib/python3.7/site-packages/airflow/example_dags/example_branch_python_dop_operator_3.py for tasks to queue
[2023-05-24T23:14:10.609+0000] {logging_mixin.py:137} INFO - [2023-05-24T23:14:10.609+0000] {dagbag.py:538} INFO - Filling up the DagBag from /home/airflow/.local/lib/python3.7/site-packages/airflow/example_dags/example_branch_python_dop_operator_3.py
[2023-05-24T23:14:10.676+0000] {processor.py:753} INFO - DAG(s) dict_keys(['example_branch_dop_operator_v3']) retrieved from /home/airflow/.local/lib/python3.7/site-packages/airflow/example_dags/example_branch_python_dop_operator_3.py
[2023-05-24T23:14:10.814+0000] {logging_mixin.py:137} INFO - [2023-05-24T23:14:10.811+0000] {dag.py:2690} INFO - Sync 1 DAGs
[2023-05-24T23:14:10.963+0000] {logging_mixin.py:137} INFO - [2023-05-24T23:14:10.963+0000] {dag.py:3441} INFO - Setting next_dagrun for example_branch_dop_operator_v3 to 2023-05-24T23:13:00+00:00, run_after=2023-05-24T23:14:00+00:00
[2023-05-24T23:14:11.071+0000] {processor.py:175} INFO - Processing /home/airflow/.local/lib/python3.7/site-packages/airflow/example_dags/example_branch_python_dop_operator_3.py took 0.477 seconds
[2023-05-24T23:14:56.114+0000] {processor.py:153} INFO - Started process (PID=223) to work on /home/airflow/.local/lib/python3.7/site-packages/airflow/example_dags/example_branch_python_dop_operator_3.py
[2023-05-24T23:14:56.124+0000] {processor.py:743} INFO - Processing file /home/airflow/.local/lib/python3.7/site-packages/airflow/example_dags/example_branch_python_dop_operator_3.py for tasks to queue
[2023-05-24T23:14:56.144+0000] {logging_mixin.py:137} INFO - [2023-05-24T23:14:56.144+0000] {dagbag.py:538} INFO - Filling up the DagBag from /home/airflow/.local/lib/python3.7/site-packages/airflow/example_dags/example_branch_python_dop_operator_3.py
[2023-05-24T23:14:56.745+0000] {processor.py:753} INFO - DAG(s) dict_keys(['example_branch_dop_operator_v3']) retrieved from /home/airflow/.local/lib/python3.7/site-packages/airflow/example_dags/example_branch_python_dop_operator_3.py
[2023-05-24T23:14:57.675+0000] {logging_mixin.py:137} INFO - [2023-05-24T23:14:57.658+0000] {dag.py:2690} INFO - Sync 1 DAGs
[2023-05-24T23:14:58.613+0000] {logging_mixin.py:137} INFO - [2023-05-24T23:14:58.613+0000] {dag.py:3441} INFO - Setting next_dagrun for example_branch_dop_operator_v3 to 2023-05-24T23:13:00+00:00, run_after=2023-05-24T23:14:00+00:00
[2023-05-24T23:14:58.872+0000] {processor.py:175} INFO - Processing /home/airflow/.local/lib/python3.7/site-packages/airflow/example_dags/example_branch_python_dop_operator_3.py took 2.793 seconds
[2023-05-24T23:15:58.956+0000] {processor.py:153} INFO - Started process (PID=303) to work on /home/airflow/.local/lib/python3.7/site-packages/airflow/example_dags/example_branch_python_dop_operator_3.py
[2023-05-24T23:15:58.960+0000] {processor.py:743} INFO - Processing file /home/airflow/.local/lib/python3.7/site-packages/airflow/example_dags/example_branch_python_dop_operator_3.py for tasks to queue
[2023-05-24T23:15:58.962+0000] {logging_mixin.py:137} INFO - [2023-05-24T23:15:58.962+0000] {dagbag.py:538} INFO - Filling up the DagBag from /home/airflow/.local/lib/python3.7/site-packages/airflow/example_dags/example_branch_python_dop_operator_3.py
[2023-05-24T23:15:59.059+0000] {processor.py:753} INFO - DAG(s) dict_keys(['example_branch_dop_operator_v3']) retrieved from /home/airflow/.local/lib/python3.7/site-packages/airflow/example_dags/example_branch_python_dop_operator_3.py
[2023-05-24T23:15:59.138+0000] {logging_mixin.py:137} INFO - [2023-05-24T23:15:59.137+0000] {dag.py:2690} INFO - Sync 1 DAGs
[2023-05-24T23:15:59.278+0000] {logging_mixin.py:137} INFO - [2023-05-24T23:15:59.278+0000] {dag.py:3441} INFO - Setting next_dagrun for example_branch_dop_operator_v3 to 2023-05-24T23:14:00+00:00, run_after=2023-05-24T23:15:00+00:00
[2023-05-24T23:15:59.411+0000] {processor.py:175} INFO - Processing /home/airflow/.local/lib/python3.7/site-packages/airflow/example_dags/example_branch_python_dop_operator_3.py took 0.483 seconds
[2023-05-24T23:17:36.136+0000] {processor.py:153} INFO - Started process (PID=403) to work on /home/airflow/.local/lib/python3.7/site-packages/airflow/example_dags/example_branch_python_dop_operator_3.py
[2023-05-24T23:17:36.155+0000] {processor.py:743} INFO - Processing file /home/airflow/.local/lib/python3.7/site-packages/airflow/example_dags/example_branch_python_dop_operator_3.py for tasks to queue
[2023-05-24T23:17:36.169+0000] {logging_mixin.py:137} INFO - [2023-05-24T23:17:36.169+0000] {dagbag.py:538} INFO - Filling up the DagBag from /home/airflow/.local/lib/python3.7/site-packages/airflow/example_dags/example_branch_python_dop_operator_3.py
[2023-05-24T23:17:36.449+0000] {processor.py:753} INFO - DAG(s) dict_keys(['example_branch_dop_operator_v3']) retrieved from /home/airflow/.local/lib/python3.7/site-packages/airflow/example_dags/example_branch_python_dop_operator_3.py
[2023-05-24T23:17:36.802+0000] {logging_mixin.py:137} INFO - [2023-05-24T23:17:36.801+0000] {dag.py:2690} INFO - Sync 1 DAGs
[2023-05-24T23:17:37.184+0000] {logging_mixin.py:137} INFO - [2023-05-24T23:17:37.183+0000] {dag.py:3441} INFO - Setting next_dagrun for example_branch_dop_operator_v3 to 2023-05-24T23:16:00+00:00, run_after=2023-05-24T23:17:00+00:00
[2023-05-24T23:17:37.341+0000] {processor.py:175} INFO - Processing /home/airflow/.local/lib/python3.7/site-packages/airflow/example_dags/example_branch_python_dop_operator_3.py took 1.219 seconds
[2023-05-24T23:18:15.183+0000] {processor.py:153} INFO - Started process (PID=464) to work on /home/airflow/.local/lib/python3.7/site-packages/airflow/example_dags/example_branch_python_dop_operator_3.py
[2023-05-24T23:18:15.187+0000] {processor.py:743} INFO - Processing file /home/airflow/.local/lib/python3.7/site-packages/airflow/example_dags/example_branch_python_dop_operator_3.py for tasks to queue
[2023-05-24T23:18:15.193+0000] {logging_mixin.py:137} INFO - [2023-05-24T23:18:15.191+0000] {dagbag.py:538} INFO - Filling up the DagBag from /home/airflow/.local/lib/python3.7/site-packages/airflow/example_dags/example_branch_python_dop_operator_3.py
[2023-05-24T23:18:15.233+0000] {processor.py:753} INFO - DAG(s) dict_keys(['example_branch_dop_operator_v3']) retrieved from /home/airflow/.local/lib/python3.7/site-packages/airflow/example_dags/example_branch_python_dop_operator_3.py
[2023-05-24T23:18:15.308+0000] {logging_mixin.py:137} INFO - [2023-05-24T23:18:15.301+0000] {dag.py:2690} INFO - Sync 1 DAGs
[2023-05-24T23:18:15.428+0000] {logging_mixin.py:137} INFO - [2023-05-24T23:18:15.428+0000] {dag.py:3441} INFO - Setting next_dagrun for example_branch_dop_operator_v3 to 2023-05-24T23:17:00+00:00, run_after=2023-05-24T23:18:00+00:00
[2023-05-24T23:18:15.470+0000] {processor.py:175} INFO - Processing /home/airflow/.local/lib/python3.7/site-packages/airflow/example_dags/example_branch_python_dop_operator_3.py took 0.301 seconds
[2023-05-24T23:20:35.030+0000] {processor.py:153} INFO - Started process (PID=97) to work on /home/airflow/.local/lib/python3.7/site-packages/airflow/example_dags/example_branch_python_dop_operator_3.py
[2023-05-24T23:20:35.038+0000] {processor.py:743} INFO - Processing file /home/airflow/.local/lib/python3.7/site-packages/airflow/example_dags/example_branch_python_dop_operator_3.py for tasks to queue
[2023-05-24T23:20:35.053+0000] {logging_mixin.py:137} INFO - [2023-05-24T23:20:35.052+0000] {dagbag.py:538} INFO - Filling up the DagBag from /home/airflow/.local/lib/python3.7/site-packages/airflow/example_dags/example_branch_python_dop_operator_3.py
[2023-05-24T23:20:35.255+0000] {processor.py:753} INFO - DAG(s) dict_keys(['example_branch_dop_operator_v3']) retrieved from /home/airflow/.local/lib/python3.7/site-packages/airflow/example_dags/example_branch_python_dop_operator_3.py
[2023-05-24T23:20:35.355+0000] {logging_mixin.py:137} INFO - [2023-05-24T23:20:35.355+0000] {dag.py:2690} INFO - Sync 1 DAGs
[2023-05-24T23:20:35.420+0000] {logging_mixin.py:137} INFO - [2023-05-24T23:20:35.420+0000] {dag.py:3441} INFO - Setting next_dagrun for example_branch_dop_operator_v3 to 2023-05-24T23:19:00+00:00, run_after=2023-05-24T23:20:00+00:00
[2023-05-24T23:20:35.511+0000] {processor.py:175} INFO - Processing /home/airflow/.local/lib/python3.7/site-packages/airflow/example_dags/example_branch_python_dop_operator_3.py took 0.524 seconds
[2023-05-24T23:21:06.345+0000] {processor.py:153} INFO - Started process (PID=157) to work on /home/airflow/.local/lib/python3.7/site-packages/airflow/example_dags/example_branch_python_dop_operator_3.py
[2023-05-24T23:21:06.350+0000] {processor.py:743} INFO - Processing file /home/airflow/.local/lib/python3.7/site-packages/airflow/example_dags/example_branch_python_dop_operator_3.py for tasks to queue
[2023-05-24T23:21:06.354+0000] {logging_mixin.py:137} INFO - [2023-05-24T23:21:06.354+0000] {dagbag.py:538} INFO - Filling up the DagBag from /home/airflow/.local/lib/python3.7/site-packages/airflow/example_dags/example_branch_python_dop_operator_3.py
[2023-05-24T23:21:06.401+0000] {processor.py:753} INFO - DAG(s) dict_keys(['example_branch_dop_operator_v3']) retrieved from /home/airflow/.local/lib/python3.7/site-packages/airflow/example_dags/example_branch_python_dop_operator_3.py
[2023-05-24T23:21:06.444+0000] {logging_mixin.py:137} INFO - [2023-05-24T23:21:06.444+0000] {dag.py:2690} INFO - Sync 1 DAGs
[2023-05-24T23:21:06.505+0000] {logging_mixin.py:137} INFO - [2023-05-24T23:21:06.503+0000] {dag.py:3441} INFO - Setting next_dagrun for example_branch_dop_operator_v3 to 2023-05-24T23:20:00+00:00, run_after=2023-05-24T23:21:00+00:00
[2023-05-24T23:21:06.558+0000] {processor.py:175} INFO - Processing /home/airflow/.local/lib/python3.7/site-packages/airflow/example_dags/example_branch_python_dop_operator_3.py took 0.233 seconds
[2023-05-24T23:21:36.761+0000] {processor.py:153} INFO - Started process (PID=218) to work on /home/airflow/.local/lib/python3.7/site-packages/airflow/example_dags/example_branch_python_dop_operator_3.py
[2023-05-24T23:21:36.769+0000] {processor.py:743} INFO - Processing file /home/airflow/.local/lib/python3.7/site-packages/airflow/example_dags/example_branch_python_dop_operator_3.py for tasks to queue
[2023-05-24T23:21:36.771+0000] {logging_mixin.py:137} INFO - [2023-05-24T23:21:36.770+0000] {dagbag.py:538} INFO - Filling up the DagBag from /home/airflow/.local/lib/python3.7/site-packages/airflow/example_dags/example_branch_python_dop_operator_3.py
[2023-05-24T23:21:36.809+0000] {processor.py:753} INFO - DAG(s) dict_keys(['example_branch_dop_operator_v3']) retrieved from /home/airflow/.local/lib/python3.7/site-packages/airflow/example_dags/example_branch_python_dop_operator_3.py
[2023-05-24T23:21:36.852+0000] {logging_mixin.py:137} INFO - [2023-05-24T23:21:36.852+0000] {dag.py:2690} INFO - Sync 1 DAGs
[2023-05-24T23:21:36.912+0000] {logging_mixin.py:137} INFO - [2023-05-24T23:21:36.912+0000] {dag.py:3441} INFO - Setting next_dagrun for example_branch_dop_operator_v3 to 2023-05-24T23:20:00+00:00, run_after=2023-05-24T23:21:00+00:00
[2023-05-24T23:21:36.961+0000] {processor.py:175} INFO - Processing /home/airflow/.local/lib/python3.7/site-packages/airflow/example_dags/example_branch_python_dop_operator_3.py took 0.212 seconds
[2023-05-24T23:22:07.043+0000] {processor.py:153} INFO - Started process (PID=277) to work on /home/airflow/.local/lib/python3.7/site-packages/airflow/example_dags/example_branch_python_dop_operator_3.py
[2023-05-24T23:22:07.046+0000] {processor.py:743} INFO - Processing file /home/airflow/.local/lib/python3.7/site-packages/airflow/example_dags/example_branch_python_dop_operator_3.py for tasks to queue
[2023-05-24T23:22:07.047+0000] {logging_mixin.py:137} INFO - [2023-05-24T23:22:07.047+0000] {dagbag.py:538} INFO - Filling up the DagBag from /home/airflow/.local/lib/python3.7/site-packages/airflow/example_dags/example_branch_python_dop_operator_3.py
[2023-05-24T23:22:07.144+0000] {processor.py:753} INFO - DAG(s) dict_keys(['example_branch_dop_operator_v3']) retrieved from /home/airflow/.local/lib/python3.7/site-packages/airflow/example_dags/example_branch_python_dop_operator_3.py
[2023-05-24T23:22:07.264+0000] {logging_mixin.py:137} INFO - [2023-05-24T23:22:07.256+0000] {dag.py:2690} INFO - Sync 1 DAGs
[2023-05-24T23:22:07.409+0000] {logging_mixin.py:137} INFO - [2023-05-24T23:22:07.409+0000] {dag.py:3441} INFO - Setting next_dagrun for example_branch_dop_operator_v3 to 2023-05-24T23:21:00+00:00, run_after=2023-05-24T23:22:00+00:00
[2023-05-24T23:22:07.508+0000] {processor.py:175} INFO - Processing /home/airflow/.local/lib/python3.7/site-packages/airflow/example_dags/example_branch_python_dop_operator_3.py took 0.471 seconds
[2023-05-24T23:22:38.569+0000] {processor.py:153} INFO - Started process (PID=346) to work on /home/airflow/.local/lib/python3.7/site-packages/airflow/example_dags/example_branch_python_dop_operator_3.py
[2023-05-24T23:22:38.571+0000] {processor.py:743} INFO - Processing file /home/airflow/.local/lib/python3.7/site-packages/airflow/example_dags/example_branch_python_dop_operator_3.py for tasks to queue
[2023-05-24T23:22:38.582+0000] {logging_mixin.py:137} INFO - [2023-05-24T23:22:38.581+0000] {dagbag.py:538} INFO - Filling up the DagBag from /home/airflow/.local/lib/python3.7/site-packages/airflow/example_dags/example_branch_python_dop_operator_3.py
[2023-05-24T23:22:38.649+0000] {processor.py:753} INFO - DAG(s) dict_keys(['example_branch_dop_operator_v3']) retrieved from /home/airflow/.local/lib/python3.7/site-packages/airflow/example_dags/example_branch_python_dop_operator_3.py
[2023-05-24T23:22:38.744+0000] {logging_mixin.py:137} INFO - [2023-05-24T23:22:38.744+0000] {dag.py:2690} INFO - Sync 1 DAGs
[2023-05-24T23:22:38.880+0000] {logging_mixin.py:137} INFO - [2023-05-24T23:22:38.880+0000] {dag.py:3441} INFO - Setting next_dagrun for example_branch_dop_operator_v3 to 2023-05-24T23:21:00+00:00, run_after=2023-05-24T23:22:00+00:00
[2023-05-24T23:22:38.961+0000] {processor.py:175} INFO - Processing /home/airflow/.local/lib/python3.7/site-packages/airflow/example_dags/example_branch_python_dop_operator_3.py took 0.419 seconds
[2023-05-24T23:23:09.023+0000] {processor.py:153} INFO - Started process (PID=405) to work on /home/airflow/.local/lib/python3.7/site-packages/airflow/example_dags/example_branch_python_dop_operator_3.py
[2023-05-24T23:23:09.028+0000] {processor.py:743} INFO - Processing file /home/airflow/.local/lib/python3.7/site-packages/airflow/example_dags/example_branch_python_dop_operator_3.py for tasks to queue
[2023-05-24T23:23:09.032+0000] {logging_mixin.py:137} INFO - [2023-05-24T23:23:09.032+0000] {dagbag.py:538} INFO - Filling up the DagBag from /home/airflow/.local/lib/python3.7/site-packages/airflow/example_dags/example_branch_python_dop_operator_3.py
[2023-05-24T23:23:09.095+0000] {processor.py:753} INFO - DAG(s) dict_keys(['example_branch_dop_operator_v3']) retrieved from /home/airflow/.local/lib/python3.7/site-packages/airflow/example_dags/example_branch_python_dop_operator_3.py
[2023-05-24T23:23:09.136+0000] {logging_mixin.py:137} INFO - [2023-05-24T23:23:09.136+0000] {dag.py:2690} INFO - Sync 1 DAGs
[2023-05-24T23:23:09.198+0000] {logging_mixin.py:137} INFO - [2023-05-24T23:23:09.198+0000] {dag.py:3441} INFO - Setting next_dagrun for example_branch_dop_operator_v3 to 2023-05-24T23:22:00+00:00, run_after=2023-05-24T23:23:00+00:00
[2023-05-24T23:23:09.250+0000] {processor.py:175} INFO - Processing /home/airflow/.local/lib/python3.7/site-packages/airflow/example_dags/example_branch_python_dop_operator_3.py took 0.232 seconds
[2023-05-24T23:23:40.150+0000] {processor.py:153} INFO - Started process (PID=467) to work on /home/airflow/.local/lib/python3.7/site-packages/airflow/example_dags/example_branch_python_dop_operator_3.py
[2023-05-24T23:23:40.159+0000] {processor.py:743} INFO - Processing file /home/airflow/.local/lib/python3.7/site-packages/airflow/example_dags/example_branch_python_dop_operator_3.py for tasks to queue
[2023-05-24T23:23:40.164+0000] {logging_mixin.py:137} INFO - [2023-05-24T23:23:40.164+0000] {dagbag.py:538} INFO - Filling up the DagBag from /home/airflow/.local/lib/python3.7/site-packages/airflow/example_dags/example_branch_python_dop_operator_3.py
[2023-05-24T23:23:40.219+0000] {processor.py:753} INFO - DAG(s) dict_keys(['example_branch_dop_operator_v3']) retrieved from /home/airflow/.local/lib/python3.7/site-packages/airflow/example_dags/example_branch_python_dop_operator_3.py
[2023-05-24T23:23:40.355+0000] {logging_mixin.py:137} INFO - [2023-05-24T23:23:40.355+0000] {dag.py:2690} INFO - Sync 1 DAGs
[2023-05-24T23:23:40.493+0000] {logging_mixin.py:137} INFO - [2023-05-24T23:23:40.493+0000] {dag.py:3441} INFO - Setting next_dagrun for example_branch_dop_operator_v3 to 2023-05-24T23:22:00+00:00, run_after=2023-05-24T23:23:00+00:00
[2023-05-24T23:23:40.623+0000] {processor.py:175} INFO - Processing /home/airflow/.local/lib/python3.7/site-packages/airflow/example_dags/example_branch_python_dop_operator_3.py took 0.482 seconds
[2023-05-24T23:24:15.575+0000] {processor.py:153} INFO - Started process (PID=526) to work on /home/airflow/.local/lib/python3.7/site-packages/airflow/example_dags/example_branch_python_dop_operator_3.py
[2023-05-24T23:24:15.581+0000] {processor.py:743} INFO - Processing file /home/airflow/.local/lib/python3.7/site-packages/airflow/example_dags/example_branch_python_dop_operator_3.py for tasks to queue
[2023-05-24T23:24:15.584+0000] {logging_mixin.py:137} INFO - [2023-05-24T23:24:15.583+0000] {dagbag.py:538} INFO - Filling up the DagBag from /home/airflow/.local/lib/python3.7/site-packages/airflow/example_dags/example_branch_python_dop_operator_3.py
[2023-05-24T23:24:15.639+0000] {processor.py:753} INFO - DAG(s) dict_keys(['example_branch_dop_operator_v3']) retrieved from /home/airflow/.local/lib/python3.7/site-packages/airflow/example_dags/example_branch_python_dop_operator_3.py
[2023-05-24T23:24:15.704+0000] {logging_mixin.py:137} INFO - [2023-05-24T23:24:15.704+0000] {dag.py:2690} INFO - Sync 1 DAGs
[2023-05-24T23:24:15.800+0000] {logging_mixin.py:137} INFO - [2023-05-24T23:24:15.800+0000] {dag.py:3441} INFO - Setting next_dagrun for example_branch_dop_operator_v3 to 2023-05-24T23:23:00+00:00, run_after=2023-05-24T23:24:00+00:00
[2023-05-24T23:24:15.907+0000] {processor.py:175} INFO - Processing /home/airflow/.local/lib/python3.7/site-packages/airflow/example_dags/example_branch_python_dop_operator_3.py took 0.342 seconds
[2023-05-24T23:24:46.819+0000] {processor.py:153} INFO - Started process (PID=585) to work on /home/airflow/.local/lib/python3.7/site-packages/airflow/example_dags/example_branch_python_dop_operator_3.py
[2023-05-24T23:24:46.825+0000] {processor.py:743} INFO - Processing file /home/airflow/.local/lib/python3.7/site-packages/airflow/example_dags/example_branch_python_dop_operator_3.py for tasks to queue
[2023-05-24T23:24:46.828+0000] {logging_mixin.py:137} INFO - [2023-05-24T23:24:46.827+0000] {dagbag.py:538} INFO - Filling up the DagBag from /home/airflow/.local/lib/python3.7/site-packages/airflow/example_dags/example_branch_python_dop_operator_3.py
[2023-05-24T23:24:46.885+0000] {processor.py:753} INFO - DAG(s) dict_keys(['example_branch_dop_operator_v3']) retrieved from /home/airflow/.local/lib/python3.7/site-packages/airflow/example_dags/example_branch_python_dop_operator_3.py
[2023-05-24T23:24:46.961+0000] {logging_mixin.py:137} INFO - [2023-05-24T23:24:46.961+0000] {dag.py:2690} INFO - Sync 1 DAGs
[2023-05-24T23:24:47.123+0000] {logging_mixin.py:137} INFO - [2023-05-24T23:24:47.123+0000] {dag.py:3441} INFO - Setting next_dagrun for example_branch_dop_operator_v3 to 2023-05-24T23:23:00+00:00, run_after=2023-05-24T23:24:00+00:00
[2023-05-24T23:24:47.228+0000] {processor.py:175} INFO - Processing /home/airflow/.local/lib/python3.7/site-packages/airflow/example_dags/example_branch_python_dop_operator_3.py took 0.420 seconds
[2023-05-24T23:25:17.504+0000] {processor.py:153} INFO - Started process (PID=645) to work on /home/airflow/.local/lib/python3.7/site-packages/airflow/example_dags/example_branch_python_dop_operator_3.py
[2023-05-24T23:25:17.507+0000] {processor.py:743} INFO - Processing file /home/airflow/.local/lib/python3.7/site-packages/airflow/example_dags/example_branch_python_dop_operator_3.py for tasks to queue
[2023-05-24T23:25:17.510+0000] {logging_mixin.py:137} INFO - [2023-05-24T23:25:17.509+0000] {dagbag.py:538} INFO - Filling up the DagBag from /home/airflow/.local/lib/python3.7/site-packages/airflow/example_dags/example_branch_python_dop_operator_3.py
[2023-05-24T23:25:17.583+0000] {processor.py:753} INFO - DAG(s) dict_keys(['example_branch_dop_operator_v3']) retrieved from /home/airflow/.local/lib/python3.7/site-packages/airflow/example_dags/example_branch_python_dop_operator_3.py
[2023-05-24T23:25:17.780+0000] {logging_mixin.py:137} INFO - [2023-05-24T23:25:17.780+0000] {dag.py:2690} INFO - Sync 1 DAGs
[2023-05-24T23:25:18.124+0000] {logging_mixin.py:137} INFO - [2023-05-24T23:25:18.123+0000] {dag.py:3441} INFO - Setting next_dagrun for example_branch_dop_operator_v3 to 2023-05-24T23:24:00+00:00, run_after=2023-05-24T23:25:00+00:00
[2023-05-24T23:25:18.196+0000] {processor.py:175} INFO - Processing /home/airflow/.local/lib/python3.7/site-packages/airflow/example_dags/example_branch_python_dop_operator_3.py took 0.698 seconds
[2023-05-24T23:25:48.692+0000] {processor.py:153} INFO - Started process (PID=714) to work on /home/airflow/.local/lib/python3.7/site-packages/airflow/example_dags/example_branch_python_dop_operator_3.py
[2023-05-24T23:25:48.700+0000] {processor.py:743} INFO - Processing file /home/airflow/.local/lib/python3.7/site-packages/airflow/example_dags/example_branch_python_dop_operator_3.py for tasks to queue
[2023-05-24T23:25:48.708+0000] {logging_mixin.py:137} INFO - [2023-05-24T23:25:48.707+0000] {dagbag.py:538} INFO - Filling up the DagBag from /home/airflow/.local/lib/python3.7/site-packages/airflow/example_dags/example_branch_python_dop_operator_3.py
[2023-05-24T23:25:48.779+0000] {processor.py:753} INFO - DAG(s) dict_keys(['example_branch_dop_operator_v3']) retrieved from /home/airflow/.local/lib/python3.7/site-packages/airflow/example_dags/example_branch_python_dop_operator_3.py
[2023-05-24T23:25:48.856+0000] {logging_mixin.py:137} INFO - [2023-05-24T23:25:48.855+0000] {dag.py:2690} INFO - Sync 1 DAGs
[2023-05-24T23:25:49.106+0000] {logging_mixin.py:137} INFO - [2023-05-24T23:25:49.106+0000] {dag.py:3441} INFO - Setting next_dagrun for example_branch_dop_operator_v3 to 2023-05-24T23:24:00+00:00, run_after=2023-05-24T23:25:00+00:00
[2023-05-24T23:25:49.233+0000] {processor.py:175} INFO - Processing /home/airflow/.local/lib/python3.7/site-packages/airflow/example_dags/example_branch_python_dop_operator_3.py took 0.556 seconds
[2023-05-24T23:26:19.406+0000] {processor.py:153} INFO - Started process (PID=776) to work on /home/airflow/.local/lib/python3.7/site-packages/airflow/example_dags/example_branch_python_dop_operator_3.py
[2023-05-24T23:26:19.409+0000] {processor.py:743} INFO - Processing file /home/airflow/.local/lib/python3.7/site-packages/airflow/example_dags/example_branch_python_dop_operator_3.py for tasks to queue
[2023-05-24T23:26:19.412+0000] {logging_mixin.py:137} INFO - [2023-05-24T23:26:19.411+0000] {dagbag.py:538} INFO - Filling up the DagBag from /home/airflow/.local/lib/python3.7/site-packages/airflow/example_dags/example_branch_python_dop_operator_3.py
[2023-05-24T23:26:19.448+0000] {processor.py:753} INFO - DAG(s) dict_keys(['example_branch_dop_operator_v3']) retrieved from /home/airflow/.local/lib/python3.7/site-packages/airflow/example_dags/example_branch_python_dop_operator_3.py
[2023-05-24T23:26:19.498+0000] {logging_mixin.py:137} INFO - [2023-05-24T23:26:19.497+0000] {dag.py:2690} INFO - Sync 1 DAGs
[2023-05-24T23:26:19.542+0000] {logging_mixin.py:137} INFO - [2023-05-24T23:26:19.542+0000] {dag.py:3441} INFO - Setting next_dagrun for example_branch_dop_operator_v3 to 2023-05-24T23:25:00+00:00, run_after=2023-05-24T23:26:00+00:00
[2023-05-24T23:26:19.573+0000] {processor.py:175} INFO - Processing /home/airflow/.local/lib/python3.7/site-packages/airflow/example_dags/example_branch_python_dop_operator_3.py took 0.184 seconds
[2023-05-24T23:27:15.025+0000] {processor.py:153} INFO - Started process (PID=848) to work on /home/airflow/.local/lib/python3.7/site-packages/airflow/example_dags/example_branch_python_dop_operator_3.py
[2023-05-24T23:27:15.030+0000] {processor.py:743} INFO - Processing file /home/airflow/.local/lib/python3.7/site-packages/airflow/example_dags/example_branch_python_dop_operator_3.py for tasks to queue
[2023-05-24T23:27:15.036+0000] {logging_mixin.py:137} INFO - [2023-05-24T23:27:15.036+0000] {dagbag.py:538} INFO - Filling up the DagBag from /home/airflow/.local/lib/python3.7/site-packages/airflow/example_dags/example_branch_python_dop_operator_3.py
[2023-05-24T23:27:15.163+0000] {processor.py:753} INFO - DAG(s) dict_keys(['example_branch_dop_operator_v3']) retrieved from /home/airflow/.local/lib/python3.7/site-packages/airflow/example_dags/example_branch_python_dop_operator_3.py
[2023-05-24T23:27:15.335+0000] {logging_mixin.py:137} INFO - [2023-05-24T23:27:15.334+0000] {dag.py:2690} INFO - Sync 1 DAGs
[2023-05-24T23:27:15.474+0000] {logging_mixin.py:137} INFO - [2023-05-24T23:27:15.465+0000] {dag.py:3441} INFO - Setting next_dagrun for example_branch_dop_operator_v3 to 2023-05-24T23:26:00+00:00, run_after=2023-05-24T23:27:00+00:00
[2023-05-24T23:27:15.654+0000] {processor.py:175} INFO - Processing /home/airflow/.local/lib/python3.7/site-packages/airflow/example_dags/example_branch_python_dop_operator_3.py took 0.646 seconds
[2023-05-24T23:28:51.449+0000] {processor.py:153} INFO - Started process (PID=934) to work on /home/airflow/.local/lib/python3.7/site-packages/airflow/example_dags/example_branch_python_dop_operator_3.py
[2023-05-24T23:28:51.482+0000] {processor.py:743} INFO - Processing file /home/airflow/.local/lib/python3.7/site-packages/airflow/example_dags/example_branch_python_dop_operator_3.py for tasks to queue
[2023-05-24T23:28:51.502+0000] {logging_mixin.py:137} INFO - [2023-05-24T23:28:51.502+0000] {dagbag.py:538} INFO - Filling up the DagBag from /home/airflow/.local/lib/python3.7/site-packages/airflow/example_dags/example_branch_python_dop_operator_3.py
[2023-05-24T23:28:52.627+0000] {processor.py:753} INFO - DAG(s) dict_keys(['example_branch_dop_operator_v3']) retrieved from /home/airflow/.local/lib/python3.7/site-packages/airflow/example_dags/example_branch_python_dop_operator_3.py
[2023-05-24T23:28:53.820+0000] {logging_mixin.py:137} INFO - [2023-05-24T23:28:53.817+0000] {dag.py:2690} INFO - Sync 1 DAGs
[2023-05-24T23:28:55.186+0000] {logging_mixin.py:137} INFO - [2023-05-24T23:28:55.169+0000] {dag.py:3441} INFO - Setting next_dagrun for example_branch_dop_operator_v3 to 2023-05-24T23:27:00+00:00, run_after=2023-05-24T23:28:00+00:00
[2023-05-24T23:28:55.557+0000] {processor.py:175} INFO - Processing /home/airflow/.local/lib/python3.7/site-packages/airflow/example_dags/example_branch_python_dop_operator_3.py took 4.137 seconds
[2023-05-24T23:29:26.421+0000] {processor.py:153} INFO - Started process (PID=996) to work on /home/airflow/.local/lib/python3.7/site-packages/airflow/example_dags/example_branch_python_dop_operator_3.py
[2023-05-24T23:29:26.426+0000] {processor.py:743} INFO - Processing file /home/airflow/.local/lib/python3.7/site-packages/airflow/example_dags/example_branch_python_dop_operator_3.py for tasks to queue
[2023-05-24T23:29:26.428+0000] {logging_mixin.py:137} INFO - [2023-05-24T23:29:26.427+0000] {dagbag.py:538} INFO - Filling up the DagBag from /home/airflow/.local/lib/python3.7/site-packages/airflow/example_dags/example_branch_python_dop_operator_3.py
[2023-05-24T23:29:26.493+0000] {processor.py:753} INFO - DAG(s) dict_keys(['example_branch_dop_operator_v3']) retrieved from /home/airflow/.local/lib/python3.7/site-packages/airflow/example_dags/example_branch_python_dop_operator_3.py
[2023-05-24T23:29:26.552+0000] {logging_mixin.py:137} INFO - [2023-05-24T23:29:26.552+0000] {dag.py:2690} INFO - Sync 1 DAGs
[2023-05-24T23:29:26.611+0000] {logging_mixin.py:137} INFO - [2023-05-24T23:29:26.610+0000] {dag.py:3441} INFO - Setting next_dagrun for example_branch_dop_operator_v3 to 2023-05-24T23:28:00+00:00, run_after=2023-05-24T23:29:00+00:00
[2023-05-24T23:29:26.645+0000] {processor.py:175} INFO - Processing /home/airflow/.local/lib/python3.7/site-packages/airflow/example_dags/example_branch_python_dop_operator_3.py took 0.234 seconds
[2023-05-24T23:29:57.115+0000] {processor.py:153} INFO - Started process (PID=1063) to work on /home/airflow/.local/lib/python3.7/site-packages/airflow/example_dags/example_branch_python_dop_operator_3.py
[2023-05-24T23:29:57.120+0000] {processor.py:743} INFO - Processing file /home/airflow/.local/lib/python3.7/site-packages/airflow/example_dags/example_branch_python_dop_operator_3.py for tasks to queue
[2023-05-24T23:29:57.128+0000] {logging_mixin.py:137} INFO - [2023-05-24T23:29:57.127+0000] {dagbag.py:538} INFO - Filling up the DagBag from /home/airflow/.local/lib/python3.7/site-packages/airflow/example_dags/example_branch_python_dop_operator_3.py
[2023-05-24T23:29:57.214+0000] {processor.py:753} INFO - DAG(s) dict_keys(['example_branch_dop_operator_v3']) retrieved from /home/airflow/.local/lib/python3.7/site-packages/airflow/example_dags/example_branch_python_dop_operator_3.py
[2023-05-24T23:29:57.267+0000] {logging_mixin.py:137} INFO - [2023-05-24T23:29:57.267+0000] {dag.py:2690} INFO - Sync 1 DAGs
[2023-05-24T23:29:57.318+0000] {logging_mixin.py:137} INFO - [2023-05-24T23:29:57.317+0000] {dag.py:3441} INFO - Setting next_dagrun for example_branch_dop_operator_v3 to 2023-05-24T23:28:00+00:00, run_after=2023-05-24T23:29:00+00:00
[2023-05-24T23:29:57.366+0000] {processor.py:175} INFO - Processing /home/airflow/.local/lib/python3.7/site-packages/airflow/example_dags/example_branch_python_dop_operator_3.py took 0.260 seconds
[2023-05-24T23:30:27.796+0000] {processor.py:153} INFO - Started process (PID=1126) to work on /home/airflow/.local/lib/python3.7/site-packages/airflow/example_dags/example_branch_python_dop_operator_3.py
[2023-05-24T23:30:27.805+0000] {processor.py:743} INFO - Processing file /home/airflow/.local/lib/python3.7/site-packages/airflow/example_dags/example_branch_python_dop_operator_3.py for tasks to queue
[2023-05-24T23:30:27.813+0000] {logging_mixin.py:137} INFO - [2023-05-24T23:30:27.812+0000] {dagbag.py:538} INFO - Filling up the DagBag from /home/airflow/.local/lib/python3.7/site-packages/airflow/example_dags/example_branch_python_dop_operator_3.py
[2023-05-24T23:30:28.004+0000] {processor.py:753} INFO - DAG(s) dict_keys(['example_branch_dop_operator_v3']) retrieved from /home/airflow/.local/lib/python3.7/site-packages/airflow/example_dags/example_branch_python_dop_operator_3.py
[2023-05-24T23:30:28.206+0000] {logging_mixin.py:137} INFO - [2023-05-24T23:30:28.206+0000] {dag.py:2690} INFO - Sync 1 DAGs
[2023-05-24T23:30:28.371+0000] {logging_mixin.py:137} INFO - [2023-05-24T23:30:28.371+0000] {dag.py:3441} INFO - Setting next_dagrun for example_branch_dop_operator_v3 to 2023-05-24T23:29:00+00:00, run_after=2023-05-24T23:30:00+00:00
[2023-05-24T23:30:28.438+0000] {processor.py:175} INFO - Processing /home/airflow/.local/lib/python3.7/site-packages/airflow/example_dags/example_branch_python_dop_operator_3.py took 0.654 seconds
[2023-05-24T23:30:58.543+0000] {processor.py:153} INFO - Started process (PID=1185) to work on /home/airflow/.local/lib/python3.7/site-packages/airflow/example_dags/example_branch_python_dop_operator_3.py
[2023-05-24T23:30:58.552+0000] {processor.py:743} INFO - Processing file /home/airflow/.local/lib/python3.7/site-packages/airflow/example_dags/example_branch_python_dop_operator_3.py for tasks to queue
[2023-05-24T23:30:58.558+0000] {logging_mixin.py:137} INFO - [2023-05-24T23:30:58.558+0000] {dagbag.py:538} INFO - Filling up the DagBag from /home/airflow/.local/lib/python3.7/site-packages/airflow/example_dags/example_branch_python_dop_operator_3.py
[2023-05-24T23:30:58.707+0000] {processor.py:753} INFO - DAG(s) dict_keys(['example_branch_dop_operator_v3']) retrieved from /home/airflow/.local/lib/python3.7/site-packages/airflow/example_dags/example_branch_python_dop_operator_3.py
[2023-05-24T23:30:58.785+0000] {logging_mixin.py:137} INFO - [2023-05-24T23:30:58.784+0000] {dag.py:2690} INFO - Sync 1 DAGs
[2023-05-24T23:30:58.880+0000] {logging_mixin.py:137} INFO - [2023-05-24T23:30:58.880+0000] {dag.py:3441} INFO - Setting next_dagrun for example_branch_dop_operator_v3 to 2023-05-24T23:29:00+00:00, run_after=2023-05-24T23:30:00+00:00
[2023-05-24T23:30:58.961+0000] {processor.py:175} INFO - Processing /home/airflow/.local/lib/python3.7/site-packages/airflow/example_dags/example_branch_python_dop_operator_3.py took 0.434 seconds
[2023-05-24T23:34:05.704+0000] {processor.py:153} INFO - Started process (PID=96) to work on /home/airflow/.local/lib/python3.7/site-packages/airflow/example_dags/example_branch_python_dop_operator_3.py
[2023-05-24T23:34:05.717+0000] {processor.py:743} INFO - Processing file /home/airflow/.local/lib/python3.7/site-packages/airflow/example_dags/example_branch_python_dop_operator_3.py for tasks to queue
[2023-05-24T23:34:05.719+0000] {logging_mixin.py:137} INFO - [2023-05-24T23:34:05.718+0000] {dagbag.py:538} INFO - Filling up the DagBag from /home/airflow/.local/lib/python3.7/site-packages/airflow/example_dags/example_branch_python_dop_operator_3.py
[2023-05-24T23:34:05.874+0000] {processor.py:753} INFO - DAG(s) dict_keys(['example_branch_dop_operator_v3']) retrieved from /home/airflow/.local/lib/python3.7/site-packages/airflow/example_dags/example_branch_python_dop_operator_3.py
[2023-05-24T23:34:06.077+0000] {logging_mixin.py:137} INFO - [2023-05-24T23:34:06.076+0000] {dag.py:2690} INFO - Sync 1 DAGs
[2023-05-24T23:34:06.268+0000] {logging_mixin.py:137} INFO - [2023-05-24T23:34:06.268+0000] {dag.py:3441} INFO - Setting next_dagrun for example_branch_dop_operator_v3 to 2023-05-24T23:33:00+00:00, run_after=2023-05-24T23:34:00+00:00
[2023-05-24T23:34:06.340+0000] {processor.py:175} INFO - Processing /home/airflow/.local/lib/python3.7/site-packages/airflow/example_dags/example_branch_python_dop_operator_3.py took 0.650 seconds
[2023-05-24T23:34:40.583+0000] {processor.py:153} INFO - Started process (PID=154) to work on /home/airflow/.local/lib/python3.7/site-packages/airflow/example_dags/example_branch_python_dop_operator_3.py
[2023-05-24T23:34:40.601+0000] {processor.py:743} INFO - Processing file /home/airflow/.local/lib/python3.7/site-packages/airflow/example_dags/example_branch_python_dop_operator_3.py for tasks to queue
[2023-05-24T23:34:40.617+0000] {logging_mixin.py:137} INFO - [2023-05-24T23:34:40.617+0000] {dagbag.py:538} INFO - Filling up the DagBag from /home/airflow/.local/lib/python3.7/site-packages/airflow/example_dags/example_branch_python_dop_operator_3.py
[2023-05-24T23:34:40.800+0000] {processor.py:753} INFO - DAG(s) dict_keys(['example_branch_dop_operator_v3']) retrieved from /home/airflow/.local/lib/python3.7/site-packages/airflow/example_dags/example_branch_python_dop_operator_3.py
[2023-05-24T23:34:41.147+0000] {logging_mixin.py:137} INFO - [2023-05-24T23:34:41.146+0000] {dag.py:2690} INFO - Sync 1 DAGs
[2023-05-24T23:34:41.567+0000] {logging_mixin.py:137} INFO - [2023-05-24T23:34:41.567+0000] {dag.py:3441} INFO - Setting next_dagrun for example_branch_dop_operator_v3 to 2023-05-24T23:33:00+00:00, run_after=2023-05-24T23:34:00+00:00
[2023-05-24T23:34:41.684+0000] {processor.py:175} INFO - Processing /home/airflow/.local/lib/python3.7/site-packages/airflow/example_dags/example_branch_python_dop_operator_3.py took 1.116 seconds
[2023-05-24T23:35:36.289+0000] {processor.py:153} INFO - Started process (PID=220) to work on /home/airflow/.local/lib/python3.7/site-packages/airflow/example_dags/example_branch_python_dop_operator_3.py
[2023-05-24T23:35:36.303+0000] {processor.py:743} INFO - Processing file /home/airflow/.local/lib/python3.7/site-packages/airflow/example_dags/example_branch_python_dop_operator_3.py for tasks to queue
[2023-05-24T23:35:36.318+0000] {logging_mixin.py:137} INFO - [2023-05-24T23:35:36.310+0000] {dagbag.py:538} INFO - Filling up the DagBag from /home/airflow/.local/lib/python3.7/site-packages/airflow/example_dags/example_branch_python_dop_operator_3.py
[2023-05-24T23:35:38.428+0000] {processor.py:753} INFO - DAG(s) dict_keys(['example_branch_dop_operator_v3']) retrieved from /home/airflow/.local/lib/python3.7/site-packages/airflow/example_dags/example_branch_python_dop_operator_3.py
[2023-05-24T23:35:39.380+0000] {logging_mixin.py:137} INFO - [2023-05-24T23:35:39.380+0000] {dag.py:2690} INFO - Sync 1 DAGs
[2023-05-24T23:35:40.524+0000] {logging_mixin.py:137} INFO - [2023-05-24T23:35:40.524+0000] {dag.py:3441} INFO - Setting next_dagrun for example_branch_dop_operator_v3 to 2023-05-24T23:34:00+00:00, run_after=2023-05-24T23:35:00+00:00
[2023-05-24T23:35:42.312+0000] {processor.py:175} INFO - Processing /home/airflow/.local/lib/python3.7/site-packages/airflow/example_dags/example_branch_python_dop_operator_3.py took 6.032 seconds
[2023-05-24T23:36:52.114+0000] {processor.py:153} INFO - Started process (PID=295) to work on /home/airflow/.local/lib/python3.7/site-packages/airflow/example_dags/example_branch_python_dop_operator_3.py
[2023-05-24T23:36:52.129+0000] {processor.py:743} INFO - Processing file /home/airflow/.local/lib/python3.7/site-packages/airflow/example_dags/example_branch_python_dop_operator_3.py for tasks to queue
[2023-05-24T23:36:52.143+0000] {logging_mixin.py:137} INFO - [2023-05-24T23:36:52.142+0000] {dagbag.py:538} INFO - Filling up the DagBag from /home/airflow/.local/lib/python3.7/site-packages/airflow/example_dags/example_branch_python_dop_operator_3.py
[2023-05-24T23:36:52.669+0000] {processor.py:753} INFO - DAG(s) dict_keys(['example_branch_dop_operator_v3']) retrieved from /home/airflow/.local/lib/python3.7/site-packages/airflow/example_dags/example_branch_python_dop_operator_3.py
[2023-05-24T23:36:53.521+0000] {logging_mixin.py:137} INFO - [2023-05-24T23:36:53.520+0000] {dag.py:2690} INFO - Sync 1 DAGs
[2023-05-24T23:36:54.532+0000] {logging_mixin.py:137} INFO - [2023-05-24T23:36:54.484+0000] {dag.py:3441} INFO - Setting next_dagrun for example_branch_dop_operator_v3 to 2023-05-24T23:35:00+00:00, run_after=2023-05-24T23:36:00+00:00
[2023-05-24T23:36:55.059+0000] {processor.py:175} INFO - Processing /home/airflow/.local/lib/python3.7/site-packages/airflow/example_dags/example_branch_python_dop_operator_3.py took 2.979 seconds
[2023-05-24T23:37:56.633+0000] {processor.py:153} INFO - Started process (PID=370) to work on /home/airflow/.local/lib/python3.7/site-packages/airflow/example_dags/example_branch_python_dop_operator_3.py
[2023-05-24T23:37:56.641+0000] {processor.py:743} INFO - Processing file /home/airflow/.local/lib/python3.7/site-packages/airflow/example_dags/example_branch_python_dop_operator_3.py for tasks to queue
[2023-05-24T23:37:56.650+0000] {logging_mixin.py:137} INFO - [2023-05-24T23:37:56.649+0000] {dagbag.py:538} INFO - Filling up the DagBag from /home/airflow/.local/lib/python3.7/site-packages/airflow/example_dags/example_branch_python_dop_operator_3.py
[2023-05-24T23:37:57.218+0000] {processor.py:753} INFO - DAG(s) dict_keys(['example_branch_dop_operator_v3']) retrieved from /home/airflow/.local/lib/python3.7/site-packages/airflow/example_dags/example_branch_python_dop_operator_3.py
[2023-05-24T23:37:57.561+0000] {logging_mixin.py:137} INFO - [2023-05-24T23:37:57.560+0000] {dag.py:2690} INFO - Sync 1 DAGs
[2023-05-24T23:37:58.259+0000] {logging_mixin.py:137} INFO - [2023-05-24T23:37:58.259+0000] {dag.py:3441} INFO - Setting next_dagrun for example_branch_dop_operator_v3 to 2023-05-24T23:36:00+00:00, run_after=2023-05-24T23:37:00+00:00
[2023-05-24T23:37:58.872+0000] {processor.py:175} INFO - Processing /home/airflow/.local/lib/python3.7/site-packages/airflow/example_dags/example_branch_python_dop_operator_3.py took 2.327 seconds
[2023-05-24T23:39:55.009+0000] {processor.py:153} INFO - Started process (PID=485) to work on /home/airflow/.local/lib/python3.7/site-packages/airflow/example_dags/example_branch_python_dop_operator_3.py
[2023-05-24T23:39:55.016+0000] {processor.py:743} INFO - Processing file /home/airflow/.local/lib/python3.7/site-packages/airflow/example_dags/example_branch_python_dop_operator_3.py for tasks to queue
[2023-05-24T23:39:55.040+0000] {logging_mixin.py:137} INFO - [2023-05-24T23:39:55.032+0000] {dagbag.py:538} INFO - Filling up the DagBag from /home/airflow/.local/lib/python3.7/site-packages/airflow/example_dags/example_branch_python_dop_operator_3.py
[2023-05-24T23:39:55.138+0000] {processor.py:753} INFO - DAG(s) dict_keys(['example_branch_dop_operator_v3']) retrieved from /home/airflow/.local/lib/python3.7/site-packages/airflow/example_dags/example_branch_python_dop_operator_3.py
[2023-05-24T23:39:55.206+0000] {logging_mixin.py:137} INFO - [2023-05-24T23:39:55.206+0000] {dag.py:2690} INFO - Sync 1 DAGs
[2023-05-24T23:39:55.324+0000] {logging_mixin.py:137} INFO - [2023-05-24T23:39:55.324+0000] {dag.py:3441} INFO - Setting next_dagrun for example_branch_dop_operator_v3 to 2023-05-24T23:38:00+00:00, run_after=2023-05-24T23:39:00+00:00
[2023-05-24T23:39:55.424+0000] {processor.py:175} INFO - Processing /home/airflow/.local/lib/python3.7/site-packages/airflow/example_dags/example_branch_python_dop_operator_3.py took 0.467 seconds
[2023-05-24T23:40:29.530+0000] {processor.py:153} INFO - Started process (PID=542) to work on /home/airflow/.local/lib/python3.7/site-packages/airflow/example_dags/example_branch_python_dop_operator_3.py
[2023-05-24T23:40:29.554+0000] {processor.py:743} INFO - Processing file /home/airflow/.local/lib/python3.7/site-packages/airflow/example_dags/example_branch_python_dop_operator_3.py for tasks to queue
[2023-05-24T23:40:29.576+0000] {logging_mixin.py:137} INFO - [2023-05-24T23:40:29.576+0000] {dagbag.py:538} INFO - Filling up the DagBag from /home/airflow/.local/lib/python3.7/site-packages/airflow/example_dags/example_branch_python_dop_operator_3.py
[2023-05-24T23:40:29.992+0000] {processor.py:753} INFO - DAG(s) dict_keys(['example_branch_dop_operator_v3']) retrieved from /home/airflow/.local/lib/python3.7/site-packages/airflow/example_dags/example_branch_python_dop_operator_3.py
[2023-05-24T23:40:30.296+0000] {logging_mixin.py:137} INFO - [2023-05-24T23:40:30.296+0000] {dag.py:2690} INFO - Sync 1 DAGs
[2023-05-24T23:40:30.538+0000] {logging_mixin.py:137} INFO - [2023-05-24T23:40:30.537+0000] {dag.py:3441} INFO - Setting next_dagrun for example_branch_dop_operator_v3 to 2023-05-24T23:39:00+00:00, run_after=2023-05-24T23:40:00+00:00
[2023-05-24T23:40:30.601+0000] {processor.py:175} INFO - Processing /home/airflow/.local/lib/python3.7/site-packages/airflow/example_dags/example_branch_python_dop_operator_3.py took 1.143 seconds
[2023-05-24T23:41:00.958+0000] {processor.py:153} INFO - Started process (PID=595) to work on /home/airflow/.local/lib/python3.7/site-packages/airflow/example_dags/example_branch_python_dop_operator_3.py
[2023-05-24T23:41:00.975+0000] {processor.py:743} INFO - Processing file /home/airflow/.local/lib/python3.7/site-packages/airflow/example_dags/example_branch_python_dop_operator_3.py for tasks to queue
[2023-05-24T23:41:00.984+0000] {logging_mixin.py:137} INFO - [2023-05-24T23:41:00.984+0000] {dagbag.py:538} INFO - Filling up the DagBag from /home/airflow/.local/lib/python3.7/site-packages/airflow/example_dags/example_branch_python_dop_operator_3.py
[2023-05-24T23:41:01.249+0000] {processor.py:753} INFO - DAG(s) dict_keys(['example_branch_dop_operator_v3']) retrieved from /home/airflow/.local/lib/python3.7/site-packages/airflow/example_dags/example_branch_python_dop_operator_3.py
[2023-05-24T23:41:01.585+0000] {logging_mixin.py:137} INFO - [2023-05-24T23:41:01.584+0000] {dag.py:2690} INFO - Sync 1 DAGs
[2023-05-24T23:43:16.789+0000] {processor.py:153} INFO - Started process (PID=98) to work on /home/airflow/.local/lib/python3.7/site-packages/airflow/example_dags/example_branch_python_dop_operator_3.py
[2023-05-24T23:43:16.793+0000] {processor.py:743} INFO - Processing file /home/airflow/.local/lib/python3.7/site-packages/airflow/example_dags/example_branch_python_dop_operator_3.py for tasks to queue
[2023-05-24T23:43:16.795+0000] {logging_mixin.py:137} INFO - [2023-05-24T23:43:16.795+0000] {dagbag.py:538} INFO - Filling up the DagBag from /home/airflow/.local/lib/python3.7/site-packages/airflow/example_dags/example_branch_python_dop_operator_3.py
[2023-05-24T23:43:16.839+0000] {processor.py:753} INFO - DAG(s) dict_keys(['example_branch_dop_operator_v3']) retrieved from /home/airflow/.local/lib/python3.7/site-packages/airflow/example_dags/example_branch_python_dop_operator_3.py
[2023-05-24T23:43:16.880+0000] {logging_mixin.py:137} INFO - [2023-05-24T23:43:16.879+0000] {dag.py:2690} INFO - Sync 1 DAGs
[2023-05-24T23:43:16.930+0000] {logging_mixin.py:137} INFO - [2023-05-24T23:43:16.930+0000] {dag.py:3441} INFO - Setting next_dagrun for example_branch_dop_operator_v3 to 2023-05-24T23:42:00+00:00, run_after=2023-05-24T23:43:00+00:00
[2023-05-24T23:43:16.972+0000] {processor.py:175} INFO - Processing /home/airflow/.local/lib/python3.7/site-packages/airflow/example_dags/example_branch_python_dop_operator_3.py took 0.191 seconds
[2023-05-24T23:44:00.659+0000] {processor.py:153} INFO - Started process (PID=158) to work on /home/airflow/.local/lib/python3.7/site-packages/airflow/example_dags/example_branch_python_dop_operator_3.py
[2023-05-24T23:44:00.669+0000] {processor.py:743} INFO - Processing file /home/airflow/.local/lib/python3.7/site-packages/airflow/example_dags/example_branch_python_dop_operator_3.py for tasks to queue
[2023-05-24T23:44:00.672+0000] {logging_mixin.py:137} INFO - [2023-05-24T23:44:00.671+0000] {dagbag.py:538} INFO - Filling up the DagBag from /home/airflow/.local/lib/python3.7/site-packages/airflow/example_dags/example_branch_python_dop_operator_3.py
[2023-05-24T23:44:00.732+0000] {processor.py:753} INFO - DAG(s) dict_keys(['example_branch_dop_operator_v3']) retrieved from /home/airflow/.local/lib/python3.7/site-packages/airflow/example_dags/example_branch_python_dop_operator_3.py
[2023-05-24T23:44:00.827+0000] {logging_mixin.py:137} INFO - [2023-05-24T23:44:00.827+0000] {dag.py:2690} INFO - Sync 1 DAGs
[2023-05-24T23:44:00.893+0000] {logging_mixin.py:137} INFO - [2023-05-24T23:44:00.893+0000] {dag.py:3441} INFO - Setting next_dagrun for example_branch_dop_operator_v3 to 2023-05-24T23:43:00+00:00, run_after=2023-05-24T23:44:00+00:00
[2023-05-24T23:44:00.923+0000] {processor.py:175} INFO - Processing /home/airflow/.local/lib/python3.7/site-packages/airflow/example_dags/example_branch_python_dop_operator_3.py took 0.269 seconds
[2023-05-24T23:44:34.130+0000] {processor.py:153} INFO - Started process (PID=218) to work on /home/airflow/.local/lib/python3.7/site-packages/airflow/example_dags/example_branch_python_dop_operator_3.py
[2023-05-24T23:44:34.135+0000] {processor.py:743} INFO - Processing file /home/airflow/.local/lib/python3.7/site-packages/airflow/example_dags/example_branch_python_dop_operator_3.py for tasks to queue
[2023-05-24T23:44:34.140+0000] {logging_mixin.py:137} INFO - [2023-05-24T23:44:34.140+0000] {dagbag.py:538} INFO - Filling up the DagBag from /home/airflow/.local/lib/python3.7/site-packages/airflow/example_dags/example_branch_python_dop_operator_3.py
[2023-05-24T23:44:34.259+0000] {processor.py:753} INFO - DAG(s) dict_keys(['example_branch_dop_operator_v3']) retrieved from /home/airflow/.local/lib/python3.7/site-packages/airflow/example_dags/example_branch_python_dop_operator_3.py
[2023-05-24T23:44:34.416+0000] {logging_mixin.py:137} INFO - [2023-05-24T23:44:34.416+0000] {dag.py:2690} INFO - Sync 1 DAGs
[2023-05-24T23:44:34.652+0000] {logging_mixin.py:137} INFO - [2023-05-24T23:44:34.651+0000] {dag.py:3441} INFO - Setting next_dagrun for example_branch_dop_operator_v3 to 2023-05-24T23:43:00+00:00, run_after=2023-05-24T23:44:00+00:00
[2023-05-24T23:44:34.835+0000] {processor.py:175} INFO - Processing /home/airflow/.local/lib/python3.7/site-packages/airflow/example_dags/example_branch_python_dop_operator_3.py took 0.730 seconds
[2023-05-24T23:45:05.008+0000] {processor.py:153} INFO - Started process (PID=288) to work on /home/airflow/.local/lib/python3.7/site-packages/airflow/example_dags/example_branch_python_dop_operator_3.py
[2023-05-24T23:45:05.020+0000] {processor.py:743} INFO - Processing file /home/airflow/.local/lib/python3.7/site-packages/airflow/example_dags/example_branch_python_dop_operator_3.py for tasks to queue
[2023-05-24T23:45:05.024+0000] {logging_mixin.py:137} INFO - [2023-05-24T23:45:05.023+0000] {dagbag.py:538} INFO - Filling up the DagBag from /home/airflow/.local/lib/python3.7/site-packages/airflow/example_dags/example_branch_python_dop_operator_3.py
[2023-05-24T23:45:05.077+0000] {processor.py:753} INFO - DAG(s) dict_keys(['example_branch_dop_operator_v3']) retrieved from /home/airflow/.local/lib/python3.7/site-packages/airflow/example_dags/example_branch_python_dop_operator_3.py
[2023-05-24T23:45:05.146+0000] {logging_mixin.py:137} INFO - [2023-05-24T23:45:05.145+0000] {dag.py:2690} INFO - Sync 1 DAGs
[2023-05-24T23:45:05.200+0000] {logging_mixin.py:137} INFO - [2023-05-24T23:45:05.199+0000] {dag.py:3441} INFO - Setting next_dagrun for example_branch_dop_operator_v3 to 2023-05-24T23:44:00+00:00, run_after=2023-05-24T23:45:00+00:00
[2023-05-24T23:45:05.254+0000] {processor.py:175} INFO - Processing /home/airflow/.local/lib/python3.7/site-packages/airflow/example_dags/example_branch_python_dop_operator_3.py took 0.254 seconds
[2023-05-24T23:45:35.561+0000] {processor.py:153} INFO - Started process (PID=346) to work on /home/airflow/.local/lib/python3.7/site-packages/airflow/example_dags/example_branch_python_dop_operator_3.py
[2023-05-24T23:45:35.570+0000] {processor.py:743} INFO - Processing file /home/airflow/.local/lib/python3.7/site-packages/airflow/example_dags/example_branch_python_dop_operator_3.py for tasks to queue
[2023-05-24T23:45:35.574+0000] {logging_mixin.py:137} INFO - [2023-05-24T23:45:35.573+0000] {dagbag.py:538} INFO - Filling up the DagBag from /home/airflow/.local/lib/python3.7/site-packages/airflow/example_dags/example_branch_python_dop_operator_3.py
[2023-05-24T23:45:35.635+0000] {processor.py:753} INFO - DAG(s) dict_keys(['example_branch_dop_operator_v3']) retrieved from /home/airflow/.local/lib/python3.7/site-packages/airflow/example_dags/example_branch_python_dop_operator_3.py
[2023-05-24T23:45:35.709+0000] {logging_mixin.py:137} INFO - [2023-05-24T23:45:35.709+0000] {dag.py:2690} INFO - Sync 1 DAGs
[2023-05-24T23:45:35.768+0000] {logging_mixin.py:137} INFO - [2023-05-24T23:45:35.768+0000] {dag.py:3441} INFO - Setting next_dagrun for example_branch_dop_operator_v3 to 2023-05-24T23:44:00+00:00, run_after=2023-05-24T23:45:00+00:00
[2023-05-24T23:45:35.795+0000] {processor.py:175} INFO - Processing /home/airflow/.local/lib/python3.7/site-packages/airflow/example_dags/example_branch_python_dop_operator_3.py took 0.252 seconds
[2023-05-24T23:46:05.978+0000] {processor.py:153} INFO - Started process (PID=406) to work on /home/airflow/.local/lib/python3.7/site-packages/airflow/example_dags/example_branch_python_dop_operator_3.py
[2023-05-24T23:46:05.984+0000] {processor.py:743} INFO - Processing file /home/airflow/.local/lib/python3.7/site-packages/airflow/example_dags/example_branch_python_dop_operator_3.py for tasks to queue
[2023-05-24T23:46:05.988+0000] {logging_mixin.py:137} INFO - [2023-05-24T23:46:05.987+0000] {dagbag.py:538} INFO - Filling up the DagBag from /home/airflow/.local/lib/python3.7/site-packages/airflow/example_dags/example_branch_python_dop_operator_3.py
[2023-05-24T23:46:06.045+0000] {processor.py:753} INFO - DAG(s) dict_keys(['example_branch_dop_operator_v3']) retrieved from /home/airflow/.local/lib/python3.7/site-packages/airflow/example_dags/example_branch_python_dop_operator_3.py
[2023-05-24T23:46:06.104+0000] {logging_mixin.py:137} INFO - [2023-05-24T23:46:06.104+0000] {dag.py:2690} INFO - Sync 1 DAGs
[2023-05-24T23:46:06.180+0000] {logging_mixin.py:137} INFO - [2023-05-24T23:46:06.180+0000] {dag.py:3441} INFO - Setting next_dagrun for example_branch_dop_operator_v3 to 2023-05-24T23:45:00+00:00, run_after=2023-05-24T23:46:00+00:00
[2023-05-24T23:46:06.216+0000] {processor.py:175} INFO - Processing /home/airflow/.local/lib/python3.7/site-packages/airflow/example_dags/example_branch_python_dop_operator_3.py took 0.246 seconds
[2023-05-24T23:46:37.203+0000] {processor.py:153} INFO - Started process (PID=468) to work on /home/airflow/.local/lib/python3.7/site-packages/airflow/example_dags/example_branch_python_dop_operator_3.py
[2023-05-24T23:46:37.206+0000] {processor.py:743} INFO - Processing file /home/airflow/.local/lib/python3.7/site-packages/airflow/example_dags/example_branch_python_dop_operator_3.py for tasks to queue
[2023-05-24T23:46:37.209+0000] {logging_mixin.py:137} INFO - [2023-05-24T23:46:37.208+0000] {dagbag.py:538} INFO - Filling up the DagBag from /home/airflow/.local/lib/python3.7/site-packages/airflow/example_dags/example_branch_python_dop_operator_3.py
[2023-05-24T23:46:37.243+0000] {processor.py:753} INFO - DAG(s) dict_keys(['example_branch_dop_operator_v3']) retrieved from /home/airflow/.local/lib/python3.7/site-packages/airflow/example_dags/example_branch_python_dop_operator_3.py
[2023-05-24T23:46:37.291+0000] {logging_mixin.py:137} INFO - [2023-05-24T23:46:37.290+0000] {dag.py:2690} INFO - Sync 1 DAGs
[2023-05-24T23:46:37.334+0000] {logging_mixin.py:137} INFO - [2023-05-24T23:46:37.333+0000] {dag.py:3441} INFO - Setting next_dagrun for example_branch_dop_operator_v3 to 2023-05-24T23:45:00+00:00, run_after=2023-05-24T23:46:00+00:00
[2023-05-24T23:46:37.364+0000] {processor.py:175} INFO - Processing /home/airflow/.local/lib/python3.7/site-packages/airflow/example_dags/example_branch_python_dop_operator_3.py took 0.168 seconds
[2023-05-24T23:47:07.545+0000] {processor.py:153} INFO - Started process (PID=527) to work on /home/airflow/.local/lib/python3.7/site-packages/airflow/example_dags/example_branch_python_dop_operator_3.py
[2023-05-24T23:47:07.548+0000] {processor.py:743} INFO - Processing file /home/airflow/.local/lib/python3.7/site-packages/airflow/example_dags/example_branch_python_dop_operator_3.py for tasks to queue
[2023-05-24T23:47:07.550+0000] {logging_mixin.py:137} INFO - [2023-05-24T23:47:07.550+0000] {dagbag.py:538} INFO - Filling up the DagBag from /home/airflow/.local/lib/python3.7/site-packages/airflow/example_dags/example_branch_python_dop_operator_3.py
[2023-05-24T23:47:07.595+0000] {processor.py:753} INFO - DAG(s) dict_keys(['example_branch_dop_operator_v3']) retrieved from /home/airflow/.local/lib/python3.7/site-packages/airflow/example_dags/example_branch_python_dop_operator_3.py
[2023-05-24T23:47:07.643+0000] {logging_mixin.py:137} INFO - [2023-05-24T23:47:07.642+0000] {dag.py:2690} INFO - Sync 1 DAGs
[2023-05-24T23:47:07.699+0000] {logging_mixin.py:137} INFO - [2023-05-24T23:47:07.699+0000] {dag.py:3441} INFO - Setting next_dagrun for example_branch_dop_operator_v3 to 2023-05-24T23:46:00+00:00, run_after=2023-05-24T23:47:00+00:00
[2023-05-24T23:47:07.732+0000] {processor.py:175} INFO - Processing /home/airflow/.local/lib/python3.7/site-packages/airflow/example_dags/example_branch_python_dop_operator_3.py took 0.193 seconds
[2023-05-24T23:47:38.296+0000] {processor.py:153} INFO - Started process (PID=586) to work on /home/airflow/.local/lib/python3.7/site-packages/airflow/example_dags/example_branch_python_dop_operator_3.py
[2023-05-24T23:47:38.304+0000] {processor.py:743} INFO - Processing file /home/airflow/.local/lib/python3.7/site-packages/airflow/example_dags/example_branch_python_dop_operator_3.py for tasks to queue
[2023-05-24T23:47:38.310+0000] {logging_mixin.py:137} INFO - [2023-05-24T23:47:38.310+0000] {dagbag.py:538} INFO - Filling up the DagBag from /home/airflow/.local/lib/python3.7/site-packages/airflow/example_dags/example_branch_python_dop_operator_3.py
[2023-05-24T23:47:38.422+0000] {processor.py:753} INFO - DAG(s) dict_keys(['example_branch_dop_operator_v3']) retrieved from /home/airflow/.local/lib/python3.7/site-packages/airflow/example_dags/example_branch_python_dop_operator_3.py
[2023-05-24T23:47:38.509+0000] {logging_mixin.py:137} INFO - [2023-05-24T23:47:38.509+0000] {dag.py:2690} INFO - Sync 1 DAGs
[2023-05-24T23:47:38.589+0000] {logging_mixin.py:137} INFO - [2023-05-24T23:47:38.589+0000] {dag.py:3441} INFO - Setting next_dagrun for example_branch_dop_operator_v3 to 2023-05-24T23:46:00+00:00, run_after=2023-05-24T23:47:00+00:00
[2023-05-24T23:47:38.636+0000] {processor.py:175} INFO - Processing /home/airflow/.local/lib/python3.7/site-packages/airflow/example_dags/example_branch_python_dop_operator_3.py took 0.359 seconds
[2023-05-24T23:48:09.564+0000] {processor.py:153} INFO - Started process (PID=647) to work on /home/airflow/.local/lib/python3.7/site-packages/airflow/example_dags/example_branch_python_dop_operator_3.py
[2023-05-24T23:48:09.567+0000] {processor.py:743} INFO - Processing file /home/airflow/.local/lib/python3.7/site-packages/airflow/example_dags/example_branch_python_dop_operator_3.py for tasks to queue
[2023-05-24T23:48:09.570+0000] {logging_mixin.py:137} INFO - [2023-05-24T23:48:09.569+0000] {dagbag.py:538} INFO - Filling up the DagBag from /home/airflow/.local/lib/python3.7/site-packages/airflow/example_dags/example_branch_python_dop_operator_3.py
[2023-05-24T23:48:09.663+0000] {processor.py:753} INFO - DAG(s) dict_keys(['example_branch_dop_operator_v3']) retrieved from /home/airflow/.local/lib/python3.7/site-packages/airflow/example_dags/example_branch_python_dop_operator_3.py
[2023-05-24T23:48:09.799+0000] {logging_mixin.py:137} INFO - [2023-05-24T23:48:09.799+0000] {dag.py:2690} INFO - Sync 1 DAGs
[2023-05-24T23:48:09.860+0000] {logging_mixin.py:137} INFO - [2023-05-24T23:48:09.860+0000] {dag.py:3441} INFO - Setting next_dagrun for example_branch_dop_operator_v3 to 2023-05-24T23:47:00+00:00, run_after=2023-05-24T23:48:00+00:00
[2023-05-24T23:48:09.900+0000] {processor.py:175} INFO - Processing /home/airflow/.local/lib/python3.7/site-packages/airflow/example_dags/example_branch_python_dop_operator_3.py took 0.340 seconds
[2023-05-24T23:48:40.986+0000] {processor.py:153} INFO - Started process (PID=707) to work on /home/airflow/.local/lib/python3.7/site-packages/airflow/example_dags/example_branch_python_dop_operator_3.py
[2023-05-24T23:48:40.992+0000] {processor.py:743} INFO - Processing file /home/airflow/.local/lib/python3.7/site-packages/airflow/example_dags/example_branch_python_dop_operator_3.py for tasks to queue
[2023-05-24T23:48:40.999+0000] {logging_mixin.py:137} INFO - [2023-05-24T23:48:40.998+0000] {dagbag.py:538} INFO - Filling up the DagBag from /home/airflow/.local/lib/python3.7/site-packages/airflow/example_dags/example_branch_python_dop_operator_3.py
[2023-05-24T23:48:41.097+0000] {processor.py:753} INFO - DAG(s) dict_keys(['example_branch_dop_operator_v3']) retrieved from /home/airflow/.local/lib/python3.7/site-packages/airflow/example_dags/example_branch_python_dop_operator_3.py
[2023-05-24T23:48:41.263+0000] {logging_mixin.py:137} INFO - [2023-05-24T23:48:41.262+0000] {dag.py:2690} INFO - Sync 1 DAGs
[2023-05-24T23:48:41.618+0000] {logging_mixin.py:137} INFO - [2023-05-24T23:48:41.611+0000] {dag.py:3441} INFO - Setting next_dagrun for example_branch_dop_operator_v3 to 2023-05-24T23:47:00+00:00, run_after=2023-05-24T23:48:00+00:00
[2023-05-24T23:48:41.841+0000] {processor.py:175} INFO - Processing /home/airflow/.local/lib/python3.7/site-packages/airflow/example_dags/example_branch_python_dop_operator_3.py took 0.879 seconds
[2023-05-24T23:49:12.278+0000] {processor.py:153} INFO - Started process (PID=775) to work on /home/airflow/.local/lib/python3.7/site-packages/airflow/example_dags/example_branch_python_dop_operator_3.py
[2023-05-24T23:49:12.291+0000] {processor.py:743} INFO - Processing file /home/airflow/.local/lib/python3.7/site-packages/airflow/example_dags/example_branch_python_dop_operator_3.py for tasks to queue
[2023-05-24T23:49:12.293+0000] {logging_mixin.py:137} INFO - [2023-05-24T23:49:12.293+0000] {dagbag.py:538} INFO - Filling up the DagBag from /home/airflow/.local/lib/python3.7/site-packages/airflow/example_dags/example_branch_python_dop_operator_3.py
[2023-05-24T23:49:12.454+0000] {processor.py:753} INFO - DAG(s) dict_keys(['example_branch_dop_operator_v3']) retrieved from /home/airflow/.local/lib/python3.7/site-packages/airflow/example_dags/example_branch_python_dop_operator_3.py
[2023-05-24T23:49:12.595+0000] {logging_mixin.py:137} INFO - [2023-05-24T23:49:12.595+0000] {dag.py:2690} INFO - Sync 1 DAGs
[2023-05-24T23:49:12.847+0000] {logging_mixin.py:137} INFO - [2023-05-24T23:49:12.847+0000] {dag.py:3441} INFO - Setting next_dagrun for example_branch_dop_operator_v3 to 2023-05-24T23:48:00+00:00, run_after=2023-05-24T23:49:00+00:00
[2023-05-24T23:49:12.974+0000] {processor.py:175} INFO - Processing /home/airflow/.local/lib/python3.7/site-packages/airflow/example_dags/example_branch_python_dop_operator_3.py took 0.719 seconds
[2023-05-24T23:49:43.339+0000] {processor.py:153} INFO - Started process (PID=835) to work on /home/airflow/.local/lib/python3.7/site-packages/airflow/example_dags/example_branch_python_dop_operator_3.py
[2023-05-24T23:49:43.353+0000] {processor.py:743} INFO - Processing file /home/airflow/.local/lib/python3.7/site-packages/airflow/example_dags/example_branch_python_dop_operator_3.py for tasks to queue
[2023-05-24T23:49:43.356+0000] {logging_mixin.py:137} INFO - [2023-05-24T23:49:43.355+0000] {dagbag.py:538} INFO - Filling up the DagBag from /home/airflow/.local/lib/python3.7/site-packages/airflow/example_dags/example_branch_python_dop_operator_3.py
[2023-05-24T23:49:43.506+0000] {processor.py:753} INFO - DAG(s) dict_keys(['example_branch_dop_operator_v3']) retrieved from /home/airflow/.local/lib/python3.7/site-packages/airflow/example_dags/example_branch_python_dop_operator_3.py
[2023-05-24T23:49:43.734+0000] {logging_mixin.py:137} INFO - [2023-05-24T23:49:43.734+0000] {dag.py:2690} INFO - Sync 1 DAGs
[2023-05-24T23:49:43.957+0000] {logging_mixin.py:137} INFO - [2023-05-24T23:49:43.956+0000] {dag.py:3441} INFO - Setting next_dagrun for example_branch_dop_operator_v3 to 2023-05-24T23:48:00+00:00, run_after=2023-05-24T23:49:00+00:00
[2023-05-24T23:49:44.001+0000] {processor.py:175} INFO - Processing /home/airflow/.local/lib/python3.7/site-packages/airflow/example_dags/example_branch_python_dop_operator_3.py took 0.673 seconds
[2023-05-24T23:50:14.137+0000] {processor.py:153} INFO - Started process (PID=896) to work on /home/airflow/.local/lib/python3.7/site-packages/airflow/example_dags/example_branch_python_dop_operator_3.py
[2023-05-24T23:50:14.140+0000] {processor.py:743} INFO - Processing file /home/airflow/.local/lib/python3.7/site-packages/airflow/example_dags/example_branch_python_dop_operator_3.py for tasks to queue
[2023-05-24T23:50:14.142+0000] {logging_mixin.py:137} INFO - [2023-05-24T23:50:14.142+0000] {dagbag.py:538} INFO - Filling up the DagBag from /home/airflow/.local/lib/python3.7/site-packages/airflow/example_dags/example_branch_python_dop_operator_3.py
[2023-05-24T23:50:14.184+0000] {processor.py:753} INFO - DAG(s) dict_keys(['example_branch_dop_operator_v3']) retrieved from /home/airflow/.local/lib/python3.7/site-packages/airflow/example_dags/example_branch_python_dop_operator_3.py
[2023-05-24T23:50:14.241+0000] {logging_mixin.py:137} INFO - [2023-05-24T23:50:14.240+0000] {dag.py:2690} INFO - Sync 1 DAGs
[2023-05-24T23:50:14.312+0000] {logging_mixin.py:137} INFO - [2023-05-24T23:50:14.312+0000] {dag.py:3441} INFO - Setting next_dagrun for example_branch_dop_operator_v3 to 2023-05-24T23:49:00+00:00, run_after=2023-05-24T23:50:00+00:00
[2023-05-24T23:50:14.345+0000] {processor.py:175} INFO - Processing /home/airflow/.local/lib/python3.7/site-packages/airflow/example_dags/example_branch_python_dop_operator_3.py took 0.213 seconds
[2023-05-24T23:50:44.917+0000] {processor.py:153} INFO - Started process (PID=953) to work on /home/airflow/.local/lib/python3.7/site-packages/airflow/example_dags/example_branch_python_dop_operator_3.py
[2023-05-24T23:50:44.927+0000] {processor.py:743} INFO - Processing file /home/airflow/.local/lib/python3.7/site-packages/airflow/example_dags/example_branch_python_dop_operator_3.py for tasks to queue
[2023-05-24T23:50:44.938+0000] {logging_mixin.py:137} INFO - [2023-05-24T23:50:44.938+0000] {dagbag.py:538} INFO - Filling up the DagBag from /home/airflow/.local/lib/python3.7/site-packages/airflow/example_dags/example_branch_python_dop_operator_3.py
[2023-05-24T23:50:45.081+0000] {processor.py:753} INFO - DAG(s) dict_keys(['example_branch_dop_operator_v3']) retrieved from /home/airflow/.local/lib/python3.7/site-packages/airflow/example_dags/example_branch_python_dop_operator_3.py
[2023-05-24T23:50:45.163+0000] {logging_mixin.py:137} INFO - [2023-05-24T23:50:45.163+0000] {dag.py:2690} INFO - Sync 1 DAGs
[2023-05-24T23:50:45.224+0000] {logging_mixin.py:137} INFO - [2023-05-24T23:50:45.224+0000] {dag.py:3441} INFO - Setting next_dagrun for example_branch_dop_operator_v3 to 2023-05-24T23:49:00+00:00, run_after=2023-05-24T23:50:00+00:00
[2023-05-24T23:50:45.267+0000] {processor.py:175} INFO - Processing /home/airflow/.local/lib/python3.7/site-packages/airflow/example_dags/example_branch_python_dop_operator_3.py took 0.374 seconds
[2023-05-24T23:51:18.642+0000] {processor.py:153} INFO - Started process (PID=1015) to work on /home/airflow/.local/lib/python3.7/site-packages/airflow/example_dags/example_branch_python_dop_operator_3.py
[2023-05-24T23:51:18.648+0000] {processor.py:743} INFO - Processing file /home/airflow/.local/lib/python3.7/site-packages/airflow/example_dags/example_branch_python_dop_operator_3.py for tasks to queue
[2023-05-24T23:51:18.651+0000] {logging_mixin.py:137} INFO - [2023-05-24T23:51:18.651+0000] {dagbag.py:538} INFO - Filling up the DagBag from /home/airflow/.local/lib/python3.7/site-packages/airflow/example_dags/example_branch_python_dop_operator_3.py
[2023-05-24T23:51:18.699+0000] {processor.py:753} INFO - DAG(s) dict_keys(['example_branch_dop_operator_v3']) retrieved from /home/airflow/.local/lib/python3.7/site-packages/airflow/example_dags/example_branch_python_dop_operator_3.py
[2023-05-24T23:51:18.769+0000] {logging_mixin.py:137} INFO - [2023-05-24T23:51:18.769+0000] {dag.py:2690} INFO - Sync 1 DAGs
[2023-05-24T23:51:18.834+0000] {logging_mixin.py:137} INFO - [2023-05-24T23:51:18.833+0000] {dag.py:3441} INFO - Setting next_dagrun for example_branch_dop_operator_v3 to 2023-05-24T23:50:00+00:00, run_after=2023-05-24T23:51:00+00:00
[2023-05-24T23:51:18.911+0000] {processor.py:175} INFO - Processing /home/airflow/.local/lib/python3.7/site-packages/airflow/example_dags/example_branch_python_dop_operator_3.py took 0.277 seconds
[2023-05-24T23:51:50.017+0000] {processor.py:153} INFO - Started process (PID=1077) to work on /home/airflow/.local/lib/python3.7/site-packages/airflow/example_dags/example_branch_python_dop_operator_3.py
[2023-05-24T23:51:50.029+0000] {processor.py:743} INFO - Processing file /home/airflow/.local/lib/python3.7/site-packages/airflow/example_dags/example_branch_python_dop_operator_3.py for tasks to queue
[2023-05-24T23:51:50.032+0000] {logging_mixin.py:137} INFO - [2023-05-24T23:51:50.031+0000] {dagbag.py:538} INFO - Filling up the DagBag from /home/airflow/.local/lib/python3.7/site-packages/airflow/example_dags/example_branch_python_dop_operator_3.py
[2023-05-24T23:51:50.117+0000] {processor.py:753} INFO - DAG(s) dict_keys(['example_branch_dop_operator_v3']) retrieved from /home/airflow/.local/lib/python3.7/site-packages/airflow/example_dags/example_branch_python_dop_operator_3.py
[2023-05-24T23:51:50.206+0000] {logging_mixin.py:137} INFO - [2023-05-24T23:51:50.205+0000] {dag.py:2690} INFO - Sync 1 DAGs
[2023-05-24T23:51:50.300+0000] {logging_mixin.py:137} INFO - [2023-05-24T23:51:50.300+0000] {dag.py:3441} INFO - Setting next_dagrun for example_branch_dop_operator_v3 to 2023-05-24T23:50:00+00:00, run_after=2023-05-24T23:51:00+00:00
[2023-05-24T23:51:50.424+0000] {processor.py:175} INFO - Processing /home/airflow/.local/lib/python3.7/site-packages/airflow/example_dags/example_branch_python_dop_operator_3.py took 0.420 seconds
[2023-05-24T23:52:23.834+0000] {processor.py:153} INFO - Started process (PID=1150) to work on /home/airflow/.local/lib/python3.7/site-packages/airflow/example_dags/example_branch_python_dop_operator_3.py
[2023-05-24T23:52:23.843+0000] {processor.py:743} INFO - Processing file /home/airflow/.local/lib/python3.7/site-packages/airflow/example_dags/example_branch_python_dop_operator_3.py for tasks to queue
[2023-05-24T23:52:23.848+0000] {logging_mixin.py:137} INFO - [2023-05-24T23:52:23.848+0000] {dagbag.py:538} INFO - Filling up the DagBag from /home/airflow/.local/lib/python3.7/site-packages/airflow/example_dags/example_branch_python_dop_operator_3.py
[2023-05-24T23:52:23.957+0000] {processor.py:753} INFO - DAG(s) dict_keys(['example_branch_dop_operator_v3']) retrieved from /home/airflow/.local/lib/python3.7/site-packages/airflow/example_dags/example_branch_python_dop_operator_3.py
[2023-05-24T23:52:24.062+0000] {logging_mixin.py:137} INFO - [2023-05-24T23:52:24.062+0000] {dag.py:2690} INFO - Sync 1 DAGs
[2023-05-24T23:52:24.203+0000] {logging_mixin.py:137} INFO - [2023-05-24T23:52:24.203+0000] {dag.py:3441} INFO - Setting next_dagrun for example_branch_dop_operator_v3 to 2023-05-24T23:51:00+00:00, run_after=2023-05-24T23:52:00+00:00
[2023-05-24T23:52:24.290+0000] {processor.py:175} INFO - Processing /home/airflow/.local/lib/python3.7/site-packages/airflow/example_dags/example_branch_python_dop_operator_3.py took 0.466 seconds
[2023-05-24T23:53:07.220+0000] {processor.py:153} INFO - Started process (PID=1214) to work on /home/airflow/.local/lib/python3.7/site-packages/airflow/example_dags/example_branch_python_dop_operator_3.py
[2023-05-24T23:53:07.224+0000] {processor.py:743} INFO - Processing file /home/airflow/.local/lib/python3.7/site-packages/airflow/example_dags/example_branch_python_dop_operator_3.py for tasks to queue
[2023-05-24T23:53:07.232+0000] {logging_mixin.py:137} INFO - [2023-05-24T23:53:07.231+0000] {dagbag.py:538} INFO - Filling up the DagBag from /home/airflow/.local/lib/python3.7/site-packages/airflow/example_dags/example_branch_python_dop_operator_3.py
[2023-05-24T23:53:07.358+0000] {processor.py:753} INFO - DAG(s) dict_keys(['example_branch_dop_operator_v3']) retrieved from /home/airflow/.local/lib/python3.7/site-packages/airflow/example_dags/example_branch_python_dop_operator_3.py
[2023-05-24T23:53:07.412+0000] {logging_mixin.py:137} INFO - [2023-05-24T23:53:07.412+0000] {dag.py:2690} INFO - Sync 1 DAGs
[2023-05-24T23:53:07.495+0000] {logging_mixin.py:137} INFO - [2023-05-24T23:53:07.494+0000] {dag.py:3441} INFO - Setting next_dagrun for example_branch_dop_operator_v3 to 2023-05-24T23:52:00+00:00, run_after=2023-05-24T23:53:00+00:00
[2023-05-24T23:53:07.528+0000] {processor.py:175} INFO - Processing /home/airflow/.local/lib/python3.7/site-packages/airflow/example_dags/example_branch_python_dop_operator_3.py took 0.320 seconds
[2023-05-24T23:53:38.001+0000] {processor.py:153} INFO - Started process (PID=1275) to work on /home/airflow/.local/lib/python3.7/site-packages/airflow/example_dags/example_branch_python_dop_operator_3.py
[2023-05-24T23:53:38.010+0000] {processor.py:743} INFO - Processing file /home/airflow/.local/lib/python3.7/site-packages/airflow/example_dags/example_branch_python_dop_operator_3.py for tasks to queue
[2023-05-24T23:53:38.013+0000] {logging_mixin.py:137} INFO - [2023-05-24T23:53:38.013+0000] {dagbag.py:538} INFO - Filling up the DagBag from /home/airflow/.local/lib/python3.7/site-packages/airflow/example_dags/example_branch_python_dop_operator_3.py
[2023-05-24T23:53:38.166+0000] {processor.py:753} INFO - DAG(s) dict_keys(['example_branch_dop_operator_v3']) retrieved from /home/airflow/.local/lib/python3.7/site-packages/airflow/example_dags/example_branch_python_dop_operator_3.py
[2023-05-24T23:53:38.244+0000] {logging_mixin.py:137} INFO - [2023-05-24T23:53:38.244+0000] {dag.py:2690} INFO - Sync 1 DAGs
[2023-05-24T23:53:38.315+0000] {logging_mixin.py:137} INFO - [2023-05-24T23:53:38.315+0000] {dag.py:3441} INFO - Setting next_dagrun for example_branch_dop_operator_v3 to 2023-05-24T23:52:00+00:00, run_after=2023-05-24T23:53:00+00:00
[2023-05-24T23:53:38.409+0000] {processor.py:175} INFO - Processing /home/airflow/.local/lib/python3.7/site-packages/airflow/example_dags/example_branch_python_dop_operator_3.py took 0.420 seconds
[2023-05-24T23:54:11.866+0000] {processor.py:153} INFO - Started process (PID=1344) to work on /home/airflow/.local/lib/python3.7/site-packages/airflow/example_dags/example_branch_python_dop_operator_3.py
[2023-05-24T23:54:11.870+0000] {processor.py:743} INFO - Processing file /home/airflow/.local/lib/python3.7/site-packages/airflow/example_dags/example_branch_python_dop_operator_3.py for tasks to queue
[2023-05-24T23:54:11.879+0000] {logging_mixin.py:137} INFO - [2023-05-24T23:54:11.878+0000] {dagbag.py:538} INFO - Filling up the DagBag from /home/airflow/.local/lib/python3.7/site-packages/airflow/example_dags/example_branch_python_dop_operator_3.py
[2023-05-24T23:54:11.972+0000] {processor.py:753} INFO - DAG(s) dict_keys(['example_branch_dop_operator_v3']) retrieved from /home/airflow/.local/lib/python3.7/site-packages/airflow/example_dags/example_branch_python_dop_operator_3.py
[2023-05-24T23:54:12.114+0000] {logging_mixin.py:137} INFO - [2023-05-24T23:54:12.113+0000] {dag.py:2690} INFO - Sync 1 DAGs
[2023-05-24T23:54:12.412+0000] {logging_mixin.py:137} INFO - [2023-05-24T23:54:12.412+0000] {dag.py:3441} INFO - Setting next_dagrun for example_branch_dop_operator_v3 to 2023-05-24T23:53:00+00:00, run_after=2023-05-24T23:54:00+00:00
[2023-05-24T23:54:12.595+0000] {processor.py:175} INFO - Processing /home/airflow/.local/lib/python3.7/site-packages/airflow/example_dags/example_branch_python_dop_operator_3.py took 0.752 seconds
[2023-05-24T23:54:43.726+0000] {processor.py:153} INFO - Started process (PID=1401) to work on /home/airflow/.local/lib/python3.7/site-packages/airflow/example_dags/example_branch_python_dop_operator_3.py
[2023-05-24T23:54:43.739+0000] {processor.py:743} INFO - Processing file /home/airflow/.local/lib/python3.7/site-packages/airflow/example_dags/example_branch_python_dop_operator_3.py for tasks to queue
[2023-05-24T23:54:43.743+0000] {logging_mixin.py:137} INFO - [2023-05-24T23:54:43.742+0000] {dagbag.py:538} INFO - Filling up the DagBag from /home/airflow/.local/lib/python3.7/site-packages/airflow/example_dags/example_branch_python_dop_operator_3.py
[2023-05-24T23:54:43.895+0000] {processor.py:753} INFO - DAG(s) dict_keys(['example_branch_dop_operator_v3']) retrieved from /home/airflow/.local/lib/python3.7/site-packages/airflow/example_dags/example_branch_python_dop_operator_3.py
[2023-05-24T23:54:44.083+0000] {logging_mixin.py:137} INFO - [2023-05-24T23:54:44.082+0000] {dag.py:2690} INFO - Sync 1 DAGs
[2023-05-24T23:54:44.194+0000] {logging_mixin.py:137} INFO - [2023-05-24T23:54:44.194+0000] {dag.py:3441} INFO - Setting next_dagrun for example_branch_dop_operator_v3 to 2023-05-24T23:53:00+00:00, run_after=2023-05-24T23:54:00+00:00
[2023-05-24T23:54:44.295+0000] {processor.py:175} INFO - Processing /home/airflow/.local/lib/python3.7/site-packages/airflow/example_dags/example_branch_python_dop_operator_3.py took 0.576 seconds
[2023-05-24T23:55:15.217+0000] {processor.py:153} INFO - Started process (PID=1456) to work on /home/airflow/.local/lib/python3.7/site-packages/airflow/example_dags/example_branch_python_dop_operator_3.py
[2023-05-24T23:55:15.223+0000] {processor.py:743} INFO - Processing file /home/airflow/.local/lib/python3.7/site-packages/airflow/example_dags/example_branch_python_dop_operator_3.py for tasks to queue
[2023-05-24T23:55:15.226+0000] {logging_mixin.py:137} INFO - [2023-05-24T23:55:15.226+0000] {dagbag.py:538} INFO - Filling up the DagBag from /home/airflow/.local/lib/python3.7/site-packages/airflow/example_dags/example_branch_python_dop_operator_3.py
[2023-05-24T23:55:15.313+0000] {processor.py:753} INFO - DAG(s) dict_keys(['example_branch_dop_operator_v3']) retrieved from /home/airflow/.local/lib/python3.7/site-packages/airflow/example_dags/example_branch_python_dop_operator_3.py
[2023-05-24T23:55:15.378+0000] {logging_mixin.py:137} INFO - [2023-05-24T23:55:15.378+0000] {dag.py:2690} INFO - Sync 1 DAGs
[2023-05-24T23:55:15.436+0000] {logging_mixin.py:137} INFO - [2023-05-24T23:55:15.436+0000] {dag.py:3441} INFO - Setting next_dagrun for example_branch_dop_operator_v3 to 2023-05-24T23:54:00+00:00, run_after=2023-05-24T23:55:00+00:00
[2023-05-24T23:55:15.509+0000] {processor.py:175} INFO - Processing /home/airflow/.local/lib/python3.7/site-packages/airflow/example_dags/example_branch_python_dop_operator_3.py took 0.302 seconds
[2023-05-24T23:55:45.670+0000] {processor.py:153} INFO - Started process (PID=1516) to work on /home/airflow/.local/lib/python3.7/site-packages/airflow/example_dags/example_branch_python_dop_operator_3.py
[2023-05-24T23:55:45.674+0000] {processor.py:743} INFO - Processing file /home/airflow/.local/lib/python3.7/site-packages/airflow/example_dags/example_branch_python_dop_operator_3.py for tasks to queue
[2023-05-24T23:55:45.679+0000] {logging_mixin.py:137} INFO - [2023-05-24T23:55:45.677+0000] {dagbag.py:538} INFO - Filling up the DagBag from /home/airflow/.local/lib/python3.7/site-packages/airflow/example_dags/example_branch_python_dop_operator_3.py
[2023-05-24T23:55:45.726+0000] {processor.py:753} INFO - DAG(s) dict_keys(['example_branch_dop_operator_v3']) retrieved from /home/airflow/.local/lib/python3.7/site-packages/airflow/example_dags/example_branch_python_dop_operator_3.py
[2023-05-24T23:55:45.775+0000] {logging_mixin.py:137} INFO - [2023-05-24T23:55:45.775+0000] {dag.py:2690} INFO - Sync 1 DAGs
[2023-05-24T23:55:45.830+0000] {logging_mixin.py:137} INFO - [2023-05-24T23:55:45.829+0000] {dag.py:3441} INFO - Setting next_dagrun for example_branch_dop_operator_v3 to 2023-05-24T23:54:00+00:00, run_after=2023-05-24T23:55:00+00:00
[2023-05-24T23:55:45.868+0000] {processor.py:175} INFO - Processing /home/airflow/.local/lib/python3.7/site-packages/airflow/example_dags/example_branch_python_dop_operator_3.py took 0.208 seconds
[2023-05-24T23:56:16.025+0000] {processor.py:153} INFO - Started process (PID=1576) to work on /home/airflow/.local/lib/python3.7/site-packages/airflow/example_dags/example_branch_python_dop_operator_3.py
[2023-05-24T23:56:16.028+0000] {processor.py:743} INFO - Processing file /home/airflow/.local/lib/python3.7/site-packages/airflow/example_dags/example_branch_python_dop_operator_3.py for tasks to queue
[2023-05-24T23:56:16.030+0000] {logging_mixin.py:137} INFO - [2023-05-24T23:56:16.030+0000] {dagbag.py:538} INFO - Filling up the DagBag from /home/airflow/.local/lib/python3.7/site-packages/airflow/example_dags/example_branch_python_dop_operator_3.py
[2023-05-24T23:56:16.100+0000] {processor.py:753} INFO - DAG(s) dict_keys(['example_branch_dop_operator_v3']) retrieved from /home/airflow/.local/lib/python3.7/site-packages/airflow/example_dags/example_branch_python_dop_operator_3.py
[2023-05-24T23:56:16.152+0000] {logging_mixin.py:137} INFO - [2023-05-24T23:56:16.152+0000] {dag.py:2690} INFO - Sync 1 DAGs
[2023-05-24T23:56:16.199+0000] {logging_mixin.py:137} INFO - [2023-05-24T23:56:16.198+0000] {dag.py:3441} INFO - Setting next_dagrun for example_branch_dop_operator_v3 to 2023-05-24T23:55:00+00:00, run_after=2023-05-24T23:56:00+00:00
[2023-05-24T23:56:16.230+0000] {processor.py:175} INFO - Processing /home/airflow/.local/lib/python3.7/site-packages/airflow/example_dags/example_branch_python_dop_operator_3.py took 0.209 seconds
[2023-05-24T23:56:46.690+0000] {processor.py:153} INFO - Started process (PID=1635) to work on /home/airflow/.local/lib/python3.7/site-packages/airflow/example_dags/example_branch_python_dop_operator_3.py
[2023-05-24T23:56:46.694+0000] {processor.py:743} INFO - Processing file /home/airflow/.local/lib/python3.7/site-packages/airflow/example_dags/example_branch_python_dop_operator_3.py for tasks to queue
[2023-05-24T23:56:46.697+0000] {logging_mixin.py:137} INFO - [2023-05-24T23:56:46.696+0000] {dagbag.py:538} INFO - Filling up the DagBag from /home/airflow/.local/lib/python3.7/site-packages/airflow/example_dags/example_branch_python_dop_operator_3.py
[2023-05-24T23:56:46.794+0000] {processor.py:753} INFO - DAG(s) dict_keys(['example_branch_dop_operator_v3']) retrieved from /home/airflow/.local/lib/python3.7/site-packages/airflow/example_dags/example_branch_python_dop_operator_3.py
[2023-05-24T23:56:46.896+0000] {logging_mixin.py:137} INFO - [2023-05-24T23:56:46.895+0000] {dag.py:2690} INFO - Sync 1 DAGs
[2023-05-24T23:56:47.027+0000] {logging_mixin.py:137} INFO - [2023-05-24T23:56:47.027+0000] {dag.py:3441} INFO - Setting next_dagrun for example_branch_dop_operator_v3 to 2023-05-24T23:55:00+00:00, run_after=2023-05-24T23:56:00+00:00
[2023-05-24T23:56:47.082+0000] {processor.py:175} INFO - Processing /home/airflow/.local/lib/python3.7/site-packages/airflow/example_dags/example_branch_python_dop_operator_3.py took 0.442 seconds
[2023-05-24T23:57:17.571+0000] {processor.py:153} INFO - Started process (PID=1701) to work on /home/airflow/.local/lib/python3.7/site-packages/airflow/example_dags/example_branch_python_dop_operator_3.py
[2023-05-24T23:57:17.576+0000] {processor.py:743} INFO - Processing file /home/airflow/.local/lib/python3.7/site-packages/airflow/example_dags/example_branch_python_dop_operator_3.py for tasks to queue
[2023-05-24T23:57:17.578+0000] {logging_mixin.py:137} INFO - [2023-05-24T23:57:17.578+0000] {dagbag.py:538} INFO - Filling up the DagBag from /home/airflow/.local/lib/python3.7/site-packages/airflow/example_dags/example_branch_python_dop_operator_3.py
[2023-05-24T23:57:17.645+0000] {processor.py:753} INFO - DAG(s) dict_keys(['example_branch_dop_operator_v3']) retrieved from /home/airflow/.local/lib/python3.7/site-packages/airflow/example_dags/example_branch_python_dop_operator_3.py
[2023-05-24T23:57:17.714+0000] {logging_mixin.py:137} INFO - [2023-05-24T23:57:17.714+0000] {dag.py:2690} INFO - Sync 1 DAGs
[2023-05-24T23:57:17.783+0000] {logging_mixin.py:137} INFO - [2023-05-24T23:57:17.782+0000] {dag.py:3441} INFO - Setting next_dagrun for example_branch_dop_operator_v3 to 2023-05-24T23:56:00+00:00, run_after=2023-05-24T23:57:00+00:00
[2023-05-24T23:57:17.838+0000] {processor.py:175} INFO - Processing /home/airflow/.local/lib/python3.7/site-packages/airflow/example_dags/example_branch_python_dop_operator_3.py took 0.279 seconds
[2023-05-24T23:57:48.146+0000] {processor.py:153} INFO - Started process (PID=1763) to work on /home/airflow/.local/lib/python3.7/site-packages/airflow/example_dags/example_branch_python_dop_operator_3.py
[2023-05-24T23:57:48.151+0000] {processor.py:743} INFO - Processing file /home/airflow/.local/lib/python3.7/site-packages/airflow/example_dags/example_branch_python_dop_operator_3.py for tasks to queue
[2023-05-24T23:57:48.155+0000] {logging_mixin.py:137} INFO - [2023-05-24T23:57:48.154+0000] {dagbag.py:538} INFO - Filling up the DagBag from /home/airflow/.local/lib/python3.7/site-packages/airflow/example_dags/example_branch_python_dop_operator_3.py
[2023-05-24T23:57:48.191+0000] {processor.py:753} INFO - DAG(s) dict_keys(['example_branch_dop_operator_v3']) retrieved from /home/airflow/.local/lib/python3.7/site-packages/airflow/example_dags/example_branch_python_dop_operator_3.py
[2023-05-24T23:57:48.230+0000] {logging_mixin.py:137} INFO - [2023-05-24T23:57:48.230+0000] {dag.py:2690} INFO - Sync 1 DAGs
[2023-05-24T23:57:48.272+0000] {logging_mixin.py:137} INFO - [2023-05-24T23:57:48.272+0000] {dag.py:3441} INFO - Setting next_dagrun for example_branch_dop_operator_v3 to 2023-05-24T23:56:00+00:00, run_after=2023-05-24T23:57:00+00:00
[2023-05-24T23:57:48.303+0000] {processor.py:175} INFO - Processing /home/airflow/.local/lib/python3.7/site-packages/airflow/example_dags/example_branch_python_dop_operator_3.py took 0.163 seconds
[2023-05-24T23:58:19.269+0000] {processor.py:153} INFO - Started process (PID=1820) to work on /home/airflow/.local/lib/python3.7/site-packages/airflow/example_dags/example_branch_python_dop_operator_3.py
[2023-05-24T23:58:19.274+0000] {processor.py:743} INFO - Processing file /home/airflow/.local/lib/python3.7/site-packages/airflow/example_dags/example_branch_python_dop_operator_3.py for tasks to queue
[2023-05-24T23:58:19.282+0000] {logging_mixin.py:137} INFO - [2023-05-24T23:58:19.282+0000] {dagbag.py:538} INFO - Filling up the DagBag from /home/airflow/.local/lib/python3.7/site-packages/airflow/example_dags/example_branch_python_dop_operator_3.py
[2023-05-24T23:58:19.368+0000] {processor.py:753} INFO - DAG(s) dict_keys(['example_branch_dop_operator_v3']) retrieved from /home/airflow/.local/lib/python3.7/site-packages/airflow/example_dags/example_branch_python_dop_operator_3.py
[2023-05-24T23:58:19.453+0000] {logging_mixin.py:137} INFO - [2023-05-24T23:58:19.453+0000] {dag.py:2690} INFO - Sync 1 DAGs
[2023-05-24T23:58:19.551+0000] {logging_mixin.py:137} INFO - [2023-05-24T23:58:19.551+0000] {dag.py:3441} INFO - Setting next_dagrun for example_branch_dop_operator_v3 to 2023-05-24T23:57:00+00:00, run_after=2023-05-24T23:58:00+00:00
[2023-05-24T23:58:19.603+0000] {processor.py:175} INFO - Processing /home/airflow/.local/lib/python3.7/site-packages/airflow/example_dags/example_branch_python_dop_operator_3.py took 0.345 seconds
[2023-05-24T23:58:49.838+0000] {processor.py:153} INFO - Started process (PID=1880) to work on /home/airflow/.local/lib/python3.7/site-packages/airflow/example_dags/example_branch_python_dop_operator_3.py
[2023-05-24T23:58:49.843+0000] {processor.py:743} INFO - Processing file /home/airflow/.local/lib/python3.7/site-packages/airflow/example_dags/example_branch_python_dop_operator_3.py for tasks to queue
[2023-05-24T23:58:49.850+0000] {logging_mixin.py:137} INFO - [2023-05-24T23:58:49.850+0000] {dagbag.py:538} INFO - Filling up the DagBag from /home/airflow/.local/lib/python3.7/site-packages/airflow/example_dags/example_branch_python_dop_operator_3.py
[2023-05-24T23:58:49.909+0000] {processor.py:753} INFO - DAG(s) dict_keys(['example_branch_dop_operator_v3']) retrieved from /home/airflow/.local/lib/python3.7/site-packages/airflow/example_dags/example_branch_python_dop_operator_3.py
[2023-05-24T23:58:49.987+0000] {logging_mixin.py:137} INFO - [2023-05-24T23:58:49.987+0000] {dag.py:2690} INFO - Sync 1 DAGs
[2023-05-24T23:58:50.038+0000] {logging_mixin.py:137} INFO - [2023-05-24T23:58:50.038+0000] {dag.py:3441} INFO - Setting next_dagrun for example_branch_dop_operator_v3 to 2023-05-24T23:57:00+00:00, run_after=2023-05-24T23:58:00+00:00
[2023-05-24T23:58:50.073+0000] {processor.py:175} INFO - Processing /home/airflow/.local/lib/python3.7/site-packages/airflow/example_dags/example_branch_python_dop_operator_3.py took 0.241 seconds
[2023-05-24T23:59:20.779+0000] {processor.py:153} INFO - Started process (PID=1940) to work on /home/airflow/.local/lib/python3.7/site-packages/airflow/example_dags/example_branch_python_dop_operator_3.py
[2023-05-24T23:59:20.793+0000] {processor.py:743} INFO - Processing file /home/airflow/.local/lib/python3.7/site-packages/airflow/example_dags/example_branch_python_dop_operator_3.py for tasks to queue
[2023-05-24T23:59:20.806+0000] {logging_mixin.py:137} INFO - [2023-05-24T23:59:20.806+0000] {dagbag.py:538} INFO - Filling up the DagBag from /home/airflow/.local/lib/python3.7/site-packages/airflow/example_dags/example_branch_python_dop_operator_3.py
[2023-05-24T23:59:20.959+0000] {processor.py:753} INFO - DAG(s) dict_keys(['example_branch_dop_operator_v3']) retrieved from /home/airflow/.local/lib/python3.7/site-packages/airflow/example_dags/example_branch_python_dop_operator_3.py
[2023-05-24T23:59:21.128+0000] {logging_mixin.py:137} INFO - [2023-05-24T23:59:21.128+0000] {dag.py:2690} INFO - Sync 1 DAGs
[2023-05-24T23:59:21.328+0000] {logging_mixin.py:137} INFO - [2023-05-24T23:59:21.328+0000] {dag.py:3441} INFO - Setting next_dagrun for example_branch_dop_operator_v3 to 2023-05-24T23:58:00+00:00, run_after=2023-05-24T23:59:00+00:00
[2023-05-24T23:59:21.415+0000] {processor.py:175} INFO - Processing /home/airflow/.local/lib/python3.7/site-packages/airflow/example_dags/example_branch_python_dop_operator_3.py took 0.666 seconds
