[2023-05-24T23:13:25.218+0000] {processor.py:153} INFO - Started process (PID=73) to work on /home/airflow/.local/lib/python3.7/site-packages/airflow/example_dags/example_nested_branch_dag.py
[2023-05-24T23:13:25.231+0000] {processor.py:743} INFO - Processing file /home/airflow/.local/lib/python3.7/site-packages/airflow/example_dags/example_nested_branch_dag.py for tasks to queue
[2023-05-24T23:13:25.238+0000] {logging_mixin.py:137} INFO - [2023-05-24T23:13:25.236+0000] {dagbag.py:538} INFO - Filling up the DagBag from /home/airflow/.local/lib/python3.7/site-packages/airflow/example_dags/example_nested_branch_dag.py
[2023-05-24T23:13:25.415+0000] {processor.py:753} INFO - DAG(s) dict_keys(['example_nested_branch_dag']) retrieved from /home/airflow/.local/lib/python3.7/site-packages/airflow/example_dags/example_nested_branch_dag.py
[2023-05-24T23:13:25.480+0000] {logging_mixin.py:137} INFO - [2023-05-24T23:13:25.480+0000] {dag.py:2690} INFO - Sync 1 DAGs
[2023-05-24T23:13:25.743+0000] {logging_mixin.py:137} INFO - [2023-05-24T23:13:25.743+0000] {dag.py:3441} INFO - Setting next_dagrun for example_nested_branch_dag to 2023-05-23T00:00:00+00:00, run_after=2023-05-24T00:00:00+00:00
[2023-05-24T23:13:25.982+0000] {processor.py:175} INFO - Processing /home/airflow/.local/lib/python3.7/site-packages/airflow/example_dags/example_nested_branch_dag.py took 0.772 seconds
[2023-05-24T23:13:56.277+0000] {processor.py:153} INFO - Started process (PID=132) to work on /home/airflow/.local/lib/python3.7/site-packages/airflow/example_dags/example_nested_branch_dag.py
[2023-05-24T23:13:56.299+0000] {processor.py:743} INFO - Processing file /home/airflow/.local/lib/python3.7/site-packages/airflow/example_dags/example_nested_branch_dag.py for tasks to queue
[2023-05-24T23:13:56.304+0000] {logging_mixin.py:137} INFO - [2023-05-24T23:13:56.304+0000] {dagbag.py:538} INFO - Filling up the DagBag from /home/airflow/.local/lib/python3.7/site-packages/airflow/example_dags/example_nested_branch_dag.py
[2023-05-24T23:13:56.389+0000] {processor.py:753} INFO - DAG(s) dict_keys(['example_nested_branch_dag']) retrieved from /home/airflow/.local/lib/python3.7/site-packages/airflow/example_dags/example_nested_branch_dag.py
[2023-05-24T23:13:56.538+0000] {logging_mixin.py:137} INFO - [2023-05-24T23:13:56.538+0000] {dag.py:2690} INFO - Sync 1 DAGs
[2023-05-24T23:13:56.655+0000] {logging_mixin.py:137} INFO - [2023-05-24T23:13:56.655+0000] {dag.py:3441} INFO - Setting next_dagrun for example_nested_branch_dag to 2023-05-23T00:00:00+00:00, run_after=2023-05-24T00:00:00+00:00
[2023-05-24T23:13:56.757+0000] {processor.py:175} INFO - Processing /home/airflow/.local/lib/python3.7/site-packages/airflow/example_dags/example_nested_branch_dag.py took 0.485 seconds
[2023-05-24T23:14:32.213+0000] {processor.py:153} INFO - Started process (PID=190) to work on /home/airflow/.local/lib/python3.7/site-packages/airflow/example_dags/example_nested_branch_dag.py
[2023-05-24T23:14:32.216+0000] {processor.py:743} INFO - Processing file /home/airflow/.local/lib/python3.7/site-packages/airflow/example_dags/example_nested_branch_dag.py for tasks to queue
[2023-05-24T23:14:32.222+0000] {logging_mixin.py:137} INFO - [2023-05-24T23:14:32.221+0000] {dagbag.py:538} INFO - Filling up the DagBag from /home/airflow/.local/lib/python3.7/site-packages/airflow/example_dags/example_nested_branch_dag.py
[2023-05-24T23:14:32.532+0000] {processor.py:753} INFO - DAG(s) dict_keys(['example_nested_branch_dag']) retrieved from /home/airflow/.local/lib/python3.7/site-packages/airflow/example_dags/example_nested_branch_dag.py
[2023-05-24T23:14:32.963+0000] {logging_mixin.py:137} INFO - [2023-05-24T23:14:32.963+0000] {dag.py:2690} INFO - Sync 1 DAGs
[2023-05-24T23:14:33.331+0000] {logging_mixin.py:137} INFO - [2023-05-24T23:14:33.331+0000] {dag.py:3441} INFO - Setting next_dagrun for example_nested_branch_dag to 2023-05-23T00:00:00+00:00, run_after=2023-05-24T00:00:00+00:00
[2023-05-24T23:14:33.558+0000] {processor.py:175} INFO - Processing /home/airflow/.local/lib/python3.7/site-packages/airflow/example_dags/example_nested_branch_dag.py took 1.377 seconds
[2023-05-24T23:15:15.213+0000] {processor.py:153} INFO - Started process (PID=249) to work on /home/airflow/.local/lib/python3.7/site-packages/airflow/example_dags/example_nested_branch_dag.py
[2023-05-24T23:15:15.231+0000] {processor.py:743} INFO - Processing file /home/airflow/.local/lib/python3.7/site-packages/airflow/example_dags/example_nested_branch_dag.py for tasks to queue
[2023-05-24T23:15:15.240+0000] {logging_mixin.py:137} INFO - [2023-05-24T23:15:15.239+0000] {dagbag.py:538} INFO - Filling up the DagBag from /home/airflow/.local/lib/python3.7/site-packages/airflow/example_dags/example_nested_branch_dag.py
[2023-05-24T23:15:15.500+0000] {processor.py:753} INFO - DAG(s) dict_keys(['example_nested_branch_dag']) retrieved from /home/airflow/.local/lib/python3.7/site-packages/airflow/example_dags/example_nested_branch_dag.py
[2023-05-24T23:15:15.890+0000] {logging_mixin.py:137} INFO - [2023-05-24T23:15:15.890+0000] {dag.py:2690} INFO - Sync 1 DAGs
[2023-05-24T23:15:16.456+0000] {logging_mixin.py:137} INFO - [2023-05-24T23:15:16.456+0000] {dag.py:3441} INFO - Setting next_dagrun for example_nested_branch_dag to 2023-05-23T00:00:00+00:00, run_after=2023-05-24T00:00:00+00:00
[2023-05-24T23:15:16.760+0000] {processor.py:175} INFO - Processing /home/airflow/.local/lib/python3.7/site-packages/airflow/example_dags/example_nested_branch_dag.py took 1.564 seconds
[2023-05-24T23:16:00.408+0000] {processor.py:153} INFO - Started process (PID=307) to work on /home/airflow/.local/lib/python3.7/site-packages/airflow/example_dags/example_nested_branch_dag.py
[2023-05-24T23:16:00.418+0000] {processor.py:743} INFO - Processing file /home/airflow/.local/lib/python3.7/site-packages/airflow/example_dags/example_nested_branch_dag.py for tasks to queue
[2023-05-24T23:16:00.424+0000] {logging_mixin.py:137} INFO - [2023-05-24T23:16:00.424+0000] {dagbag.py:538} INFO - Filling up the DagBag from /home/airflow/.local/lib/python3.7/site-packages/airflow/example_dags/example_nested_branch_dag.py
[2023-05-24T23:16:00.556+0000] {processor.py:753} INFO - DAG(s) dict_keys(['example_nested_branch_dag']) retrieved from /home/airflow/.local/lib/python3.7/site-packages/airflow/example_dags/example_nested_branch_dag.py
[2023-05-24T23:16:00.621+0000] {logging_mixin.py:137} INFO - [2023-05-24T23:16:00.621+0000] {dag.py:2690} INFO - Sync 1 DAGs
[2023-05-24T23:16:00.744+0000] {logging_mixin.py:137} INFO - [2023-05-24T23:16:00.743+0000] {dag.py:3441} INFO - Setting next_dagrun for example_nested_branch_dag to 2023-05-23T00:00:00+00:00, run_after=2023-05-24T00:00:00+00:00
[2023-05-24T23:16:01.050+0000] {processor.py:175} INFO - Processing /home/airflow/.local/lib/python3.7/site-packages/airflow/example_dags/example_nested_branch_dag.py took 0.677 seconds
[2023-05-24T23:17:11.875+0000] {processor.py:153} INFO - Started process (PID=377) to work on /home/airflow/.local/lib/python3.7/site-packages/airflow/example_dags/example_nested_branch_dag.py
[2023-05-24T23:17:11.959+0000] {processor.py:743} INFO - Processing file /home/airflow/.local/lib/python3.7/site-packages/airflow/example_dags/example_nested_branch_dag.py for tasks to queue
[2023-05-24T23:17:11.985+0000] {logging_mixin.py:137} INFO - [2023-05-24T23:17:11.985+0000] {dagbag.py:538} INFO - Filling up the DagBag from /home/airflow/.local/lib/python3.7/site-packages/airflow/example_dags/example_nested_branch_dag.py
[2023-05-24T23:17:13.141+0000] {processor.py:753} INFO - DAG(s) dict_keys(['example_nested_branch_dag']) retrieved from /home/airflow/.local/lib/python3.7/site-packages/airflow/example_dags/example_nested_branch_dag.py
[2023-05-24T23:17:13.266+0000] {logging_mixin.py:137} INFO - [2023-05-24T23:17:13.266+0000] {dag.py:2690} INFO - Sync 1 DAGs
[2023-05-24T23:17:13.955+0000] {logging_mixin.py:137} INFO - [2023-05-24T23:17:13.954+0000] {dag.py:3441} INFO - Setting next_dagrun for example_nested_branch_dag to 2023-05-23T00:00:00+00:00, run_after=2023-05-24T00:00:00+00:00
[2023-05-24T23:17:14.282+0000] {processor.py:175} INFO - Processing /home/airflow/.local/lib/python3.7/site-packages/airflow/example_dags/example_nested_branch_dag.py took 2.450 seconds
[2023-05-24T23:18:04.408+0000] {processor.py:153} INFO - Started process (PID=437) to work on /home/airflow/.local/lib/python3.7/site-packages/airflow/example_dags/example_nested_branch_dag.py
[2023-05-24T23:18:04.424+0000] {processor.py:743} INFO - Processing file /home/airflow/.local/lib/python3.7/site-packages/airflow/example_dags/example_nested_branch_dag.py for tasks to queue
[2023-05-24T23:18:04.435+0000] {logging_mixin.py:137} INFO - [2023-05-24T23:18:04.434+0000] {dagbag.py:538} INFO - Filling up the DagBag from /home/airflow/.local/lib/python3.7/site-packages/airflow/example_dags/example_nested_branch_dag.py
[2023-05-24T23:18:04.887+0000] {processor.py:753} INFO - DAG(s) dict_keys(['example_nested_branch_dag']) retrieved from /home/airflow/.local/lib/python3.7/site-packages/airflow/example_dags/example_nested_branch_dag.py
[2023-05-24T23:18:05.276+0000] {logging_mixin.py:137} INFO - [2023-05-24T23:18:05.276+0000] {dag.py:2690} INFO - Sync 1 DAGs
[2023-05-24T23:18:05.845+0000] {logging_mixin.py:137} INFO - [2023-05-24T23:18:05.845+0000] {dag.py:3441} INFO - Setting next_dagrun for example_nested_branch_dag to 2023-05-23T00:00:00+00:00, run_after=2023-05-24T00:00:00+00:00
[2023-05-24T23:18:06.300+0000] {processor.py:175} INFO - Processing /home/airflow/.local/lib/python3.7/site-packages/airflow/example_dags/example_nested_branch_dag.py took 1.931 seconds
[2023-05-24T23:20:21.711+0000] {processor.py:153} INFO - Started process (PID=64) to work on /home/airflow/.local/lib/python3.7/site-packages/airflow/example_dags/example_nested_branch_dag.py
[2023-05-24T23:20:21.715+0000] {processor.py:743} INFO - Processing file /home/airflow/.local/lib/python3.7/site-packages/airflow/example_dags/example_nested_branch_dag.py for tasks to queue
[2023-05-24T23:20:21.730+0000] {logging_mixin.py:137} INFO - [2023-05-24T23:20:21.729+0000] {dagbag.py:538} INFO - Filling up the DagBag from /home/airflow/.local/lib/python3.7/site-packages/airflow/example_dags/example_nested_branch_dag.py
[2023-05-24T23:20:21.957+0000] {processor.py:753} INFO - DAG(s) dict_keys(['example_nested_branch_dag']) retrieved from /home/airflow/.local/lib/python3.7/site-packages/airflow/example_dags/example_nested_branch_dag.py
[2023-05-24T23:20:22.254+0000] {logging_mixin.py:137} INFO - [2023-05-24T23:20:22.253+0000] {dag.py:2690} INFO - Sync 1 DAGs
[2023-05-24T23:20:22.460+0000] {logging_mixin.py:137} INFO - [2023-05-24T23:20:22.459+0000] {dag.py:3441} INFO - Setting next_dagrun for example_nested_branch_dag to 2023-05-23T00:00:00+00:00, run_after=2023-05-24T00:00:00+00:00
[2023-05-24T23:20:22.599+0000] {processor.py:175} INFO - Processing /home/airflow/.local/lib/python3.7/site-packages/airflow/example_dags/example_nested_branch_dag.py took 0.922 seconds
[2023-05-24T23:20:52.728+0000] {processor.py:153} INFO - Started process (PID=124) to work on /home/airflow/.local/lib/python3.7/site-packages/airflow/example_dags/example_nested_branch_dag.py
[2023-05-24T23:20:52.731+0000] {processor.py:743} INFO - Processing file /home/airflow/.local/lib/python3.7/site-packages/airflow/example_dags/example_nested_branch_dag.py for tasks to queue
[2023-05-24T23:20:52.733+0000] {logging_mixin.py:137} INFO - [2023-05-24T23:20:52.732+0000] {dagbag.py:538} INFO - Filling up the DagBag from /home/airflow/.local/lib/python3.7/site-packages/airflow/example_dags/example_nested_branch_dag.py
[2023-05-24T23:20:52.767+0000] {processor.py:753} INFO - DAG(s) dict_keys(['example_nested_branch_dag']) retrieved from /home/airflow/.local/lib/python3.7/site-packages/airflow/example_dags/example_nested_branch_dag.py
[2023-05-24T23:20:52.804+0000] {logging_mixin.py:137} INFO - [2023-05-24T23:20:52.804+0000] {dag.py:2690} INFO - Sync 1 DAGs
[2023-05-24T23:20:52.837+0000] {logging_mixin.py:137} INFO - [2023-05-24T23:20:52.837+0000] {dag.py:3441} INFO - Setting next_dagrun for example_nested_branch_dag to 2023-05-23T00:00:00+00:00, run_after=2023-05-24T00:00:00+00:00
[2023-05-24T23:20:52.868+0000] {processor.py:175} INFO - Processing /home/airflow/.local/lib/python3.7/site-packages/airflow/example_dags/example_nested_branch_dag.py took 0.144 seconds
[2023-05-24T23:21:23.428+0000] {processor.py:153} INFO - Started process (PID=183) to work on /home/airflow/.local/lib/python3.7/site-packages/airflow/example_dags/example_nested_branch_dag.py
[2023-05-24T23:21:23.431+0000] {processor.py:743} INFO - Processing file /home/airflow/.local/lib/python3.7/site-packages/airflow/example_dags/example_nested_branch_dag.py for tasks to queue
[2023-05-24T23:21:23.440+0000] {logging_mixin.py:137} INFO - [2023-05-24T23:21:23.440+0000] {dagbag.py:538} INFO - Filling up the DagBag from /home/airflow/.local/lib/python3.7/site-packages/airflow/example_dags/example_nested_branch_dag.py
[2023-05-24T23:21:23.488+0000] {processor.py:753} INFO - DAG(s) dict_keys(['example_nested_branch_dag']) retrieved from /home/airflow/.local/lib/python3.7/site-packages/airflow/example_dags/example_nested_branch_dag.py
[2023-05-24T23:21:23.562+0000] {logging_mixin.py:137} INFO - [2023-05-24T23:21:23.562+0000] {dag.py:2690} INFO - Sync 1 DAGs
[2023-05-24T23:21:23.648+0000] {logging_mixin.py:137} INFO - [2023-05-24T23:21:23.648+0000] {dag.py:3441} INFO - Setting next_dagrun for example_nested_branch_dag to 2023-05-23T00:00:00+00:00, run_after=2023-05-24T00:00:00+00:00
[2023-05-24T23:21:23.677+0000] {processor.py:175} INFO - Processing /home/airflow/.local/lib/python3.7/site-packages/airflow/example_dags/example_nested_branch_dag.py took 0.256 seconds
[2023-05-24T23:21:54.550+0000] {processor.py:153} INFO - Started process (PID=244) to work on /home/airflow/.local/lib/python3.7/site-packages/airflow/example_dags/example_nested_branch_dag.py
[2023-05-24T23:21:54.558+0000] {processor.py:743} INFO - Processing file /home/airflow/.local/lib/python3.7/site-packages/airflow/example_dags/example_nested_branch_dag.py for tasks to queue
[2023-05-24T23:21:54.564+0000] {logging_mixin.py:137} INFO - [2023-05-24T23:21:54.563+0000] {dagbag.py:538} INFO - Filling up the DagBag from /home/airflow/.local/lib/python3.7/site-packages/airflow/example_dags/example_nested_branch_dag.py
[2023-05-24T23:21:54.647+0000] {processor.py:753} INFO - DAG(s) dict_keys(['example_nested_branch_dag']) retrieved from /home/airflow/.local/lib/python3.7/site-packages/airflow/example_dags/example_nested_branch_dag.py
[2023-05-24T23:21:54.721+0000] {logging_mixin.py:137} INFO - [2023-05-24T23:21:54.721+0000] {dag.py:2690} INFO - Sync 1 DAGs
[2023-05-24T23:21:54.806+0000] {logging_mixin.py:137} INFO - [2023-05-24T23:21:54.806+0000] {dag.py:3441} INFO - Setting next_dagrun for example_nested_branch_dag to 2023-05-23T00:00:00+00:00, run_after=2023-05-24T00:00:00+00:00
[2023-05-24T23:21:54.856+0000] {processor.py:175} INFO - Processing /home/airflow/.local/lib/python3.7/site-packages/airflow/example_dags/example_nested_branch_dag.py took 0.322 seconds
[2023-05-24T23:22:25.383+0000] {processor.py:153} INFO - Started process (PID=313) to work on /home/airflow/.local/lib/python3.7/site-packages/airflow/example_dags/example_nested_branch_dag.py
[2023-05-24T23:22:25.389+0000] {processor.py:743} INFO - Processing file /home/airflow/.local/lib/python3.7/site-packages/airflow/example_dags/example_nested_branch_dag.py for tasks to queue
[2023-05-24T23:22:25.396+0000] {logging_mixin.py:137} INFO - [2023-05-24T23:22:25.396+0000] {dagbag.py:538} INFO - Filling up the DagBag from /home/airflow/.local/lib/python3.7/site-packages/airflow/example_dags/example_nested_branch_dag.py
[2023-05-24T23:22:25.450+0000] {processor.py:753} INFO - DAG(s) dict_keys(['example_nested_branch_dag']) retrieved from /home/airflow/.local/lib/python3.7/site-packages/airflow/example_dags/example_nested_branch_dag.py
[2023-05-24T23:22:25.486+0000] {logging_mixin.py:137} INFO - [2023-05-24T23:22:25.486+0000] {dag.py:2690} INFO - Sync 1 DAGs
[2023-05-24T23:22:25.526+0000] {logging_mixin.py:137} INFO - [2023-05-24T23:22:25.526+0000] {dag.py:3441} INFO - Setting next_dagrun for example_nested_branch_dag to 2023-05-23T00:00:00+00:00, run_after=2023-05-24T00:00:00+00:00
[2023-05-24T23:22:25.558+0000] {processor.py:175} INFO - Processing /home/airflow/.local/lib/python3.7/site-packages/airflow/example_dags/example_nested_branch_dag.py took 0.185 seconds
[2023-05-24T23:22:55.931+0000] {processor.py:153} INFO - Started process (PID=373) to work on /home/airflow/.local/lib/python3.7/site-packages/airflow/example_dags/example_nested_branch_dag.py
[2023-05-24T23:22:55.934+0000] {processor.py:743} INFO - Processing file /home/airflow/.local/lib/python3.7/site-packages/airflow/example_dags/example_nested_branch_dag.py for tasks to queue
[2023-05-24T23:22:55.936+0000] {logging_mixin.py:137} INFO - [2023-05-24T23:22:55.936+0000] {dagbag.py:538} INFO - Filling up the DagBag from /home/airflow/.local/lib/python3.7/site-packages/airflow/example_dags/example_nested_branch_dag.py
[2023-05-24T23:22:55.969+0000] {processor.py:753} INFO - DAG(s) dict_keys(['example_nested_branch_dag']) retrieved from /home/airflow/.local/lib/python3.7/site-packages/airflow/example_dags/example_nested_branch_dag.py
[2023-05-24T23:22:56.002+0000] {logging_mixin.py:137} INFO - [2023-05-24T23:22:56.002+0000] {dag.py:2690} INFO - Sync 1 DAGs
[2023-05-24T23:22:56.036+0000] {logging_mixin.py:137} INFO - [2023-05-24T23:22:56.036+0000] {dag.py:3441} INFO - Setting next_dagrun for example_nested_branch_dag to 2023-05-23T00:00:00+00:00, run_after=2023-05-24T00:00:00+00:00
[2023-05-24T23:22:56.070+0000] {processor.py:175} INFO - Processing /home/airflow/.local/lib/python3.7/site-packages/airflow/example_dags/example_nested_branch_dag.py took 0.144 seconds
[2023-05-24T23:23:26.211+0000] {processor.py:153} INFO - Started process (PID=432) to work on /home/airflow/.local/lib/python3.7/site-packages/airflow/example_dags/example_nested_branch_dag.py
[2023-05-24T23:23:26.213+0000] {processor.py:743} INFO - Processing file /home/airflow/.local/lib/python3.7/site-packages/airflow/example_dags/example_nested_branch_dag.py for tasks to queue
[2023-05-24T23:23:26.217+0000] {logging_mixin.py:137} INFO - [2023-05-24T23:23:26.217+0000] {dagbag.py:538} INFO - Filling up the DagBag from /home/airflow/.local/lib/python3.7/site-packages/airflow/example_dags/example_nested_branch_dag.py
[2023-05-24T23:23:26.260+0000] {processor.py:753} INFO - DAG(s) dict_keys(['example_nested_branch_dag']) retrieved from /home/airflow/.local/lib/python3.7/site-packages/airflow/example_dags/example_nested_branch_dag.py
[2023-05-24T23:23:26.306+0000] {logging_mixin.py:137} INFO - [2023-05-24T23:23:26.306+0000] {dag.py:2690} INFO - Sync 1 DAGs
[2023-05-24T23:23:26.340+0000] {logging_mixin.py:137} INFO - [2023-05-24T23:23:26.340+0000] {dag.py:3441} INFO - Setting next_dagrun for example_nested_branch_dag to 2023-05-23T00:00:00+00:00, run_after=2023-05-24T00:00:00+00:00
[2023-05-24T23:23:26.370+0000] {processor.py:175} INFO - Processing /home/airflow/.local/lib/python3.7/site-packages/airflow/example_dags/example_nested_branch_dag.py took 0.164 seconds
[2023-05-24T23:23:56.827+0000] {processor.py:153} INFO - Started process (PID=493) to work on /home/airflow/.local/lib/python3.7/site-packages/airflow/example_dags/example_nested_branch_dag.py
[2023-05-24T23:23:56.835+0000] {processor.py:743} INFO - Processing file /home/airflow/.local/lib/python3.7/site-packages/airflow/example_dags/example_nested_branch_dag.py for tasks to queue
[2023-05-24T23:23:56.841+0000] {logging_mixin.py:137} INFO - [2023-05-24T23:23:56.840+0000] {dagbag.py:538} INFO - Filling up the DagBag from /home/airflow/.local/lib/python3.7/site-packages/airflow/example_dags/example_nested_branch_dag.py
[2023-05-24T23:23:56.924+0000] {processor.py:753} INFO - DAG(s) dict_keys(['example_nested_branch_dag']) retrieved from /home/airflow/.local/lib/python3.7/site-packages/airflow/example_dags/example_nested_branch_dag.py
[2023-05-24T23:23:56.985+0000] {logging_mixin.py:137} INFO - [2023-05-24T23:23:56.985+0000] {dag.py:2690} INFO - Sync 1 DAGs
[2023-05-24T23:23:57.062+0000] {logging_mixin.py:137} INFO - [2023-05-24T23:23:57.061+0000] {dag.py:3441} INFO - Setting next_dagrun for example_nested_branch_dag to 2023-05-23T00:00:00+00:00, run_after=2023-05-24T00:00:00+00:00
[2023-05-24T23:23:57.114+0000] {processor.py:175} INFO - Processing /home/airflow/.local/lib/python3.7/site-packages/airflow/example_dags/example_nested_branch_dag.py took 0.298 seconds
[2023-05-24T23:24:27.961+0000] {processor.py:153} INFO - Started process (PID=552) to work on /home/airflow/.local/lib/python3.7/site-packages/airflow/example_dags/example_nested_branch_dag.py
[2023-05-24T23:24:27.968+0000] {processor.py:743} INFO - Processing file /home/airflow/.local/lib/python3.7/site-packages/airflow/example_dags/example_nested_branch_dag.py for tasks to queue
[2023-05-24T23:24:27.971+0000] {logging_mixin.py:137} INFO - [2023-05-24T23:24:27.970+0000] {dagbag.py:538} INFO - Filling up the DagBag from /home/airflow/.local/lib/python3.7/site-packages/airflow/example_dags/example_nested_branch_dag.py
[2023-05-24T23:24:28.051+0000] {processor.py:753} INFO - DAG(s) dict_keys(['example_nested_branch_dag']) retrieved from /home/airflow/.local/lib/python3.7/site-packages/airflow/example_dags/example_nested_branch_dag.py
[2023-05-24T23:24:28.098+0000] {logging_mixin.py:137} INFO - [2023-05-24T23:24:28.098+0000] {dag.py:2690} INFO - Sync 1 DAGs
[2023-05-24T23:24:28.148+0000] {logging_mixin.py:137} INFO - [2023-05-24T23:24:28.148+0000] {dag.py:3441} INFO - Setting next_dagrun for example_nested_branch_dag to 2023-05-23T00:00:00+00:00, run_after=2023-05-24T00:00:00+00:00
[2023-05-24T23:24:28.329+0000] {processor.py:175} INFO - Processing /home/airflow/.local/lib/python3.7/site-packages/airflow/example_dags/example_nested_branch_dag.py took 0.387 seconds
[2023-05-24T23:24:59.323+0000] {processor.py:153} INFO - Started process (PID=611) to work on /home/airflow/.local/lib/python3.7/site-packages/airflow/example_dags/example_nested_branch_dag.py
[2023-05-24T23:24:59.329+0000] {processor.py:743} INFO - Processing file /home/airflow/.local/lib/python3.7/site-packages/airflow/example_dags/example_nested_branch_dag.py for tasks to queue
[2023-05-24T23:24:59.335+0000] {logging_mixin.py:137} INFO - [2023-05-24T23:24:59.334+0000] {dagbag.py:538} INFO - Filling up the DagBag from /home/airflow/.local/lib/python3.7/site-packages/airflow/example_dags/example_nested_branch_dag.py
[2023-05-24T23:24:59.452+0000] {processor.py:753} INFO - DAG(s) dict_keys(['example_nested_branch_dag']) retrieved from /home/airflow/.local/lib/python3.7/site-packages/airflow/example_dags/example_nested_branch_dag.py
[2023-05-24T23:24:59.581+0000] {logging_mixin.py:137} INFO - [2023-05-24T23:24:59.581+0000] {dag.py:2690} INFO - Sync 1 DAGs
[2023-05-24T23:24:59.678+0000] {logging_mixin.py:137} INFO - [2023-05-24T23:24:59.678+0000] {dag.py:3441} INFO - Setting next_dagrun for example_nested_branch_dag to 2023-05-23T00:00:00+00:00, run_after=2023-05-24T00:00:00+00:00
[2023-05-24T23:24:59.731+0000] {processor.py:175} INFO - Processing /home/airflow/.local/lib/python3.7/site-packages/airflow/example_dags/example_nested_branch_dag.py took 0.514 seconds
[2023-05-24T23:25:29.836+0000] {processor.py:153} INFO - Started process (PID=671) to work on /home/airflow/.local/lib/python3.7/site-packages/airflow/example_dags/example_nested_branch_dag.py
[2023-05-24T23:25:29.841+0000] {processor.py:743} INFO - Processing file /home/airflow/.local/lib/python3.7/site-packages/airflow/example_dags/example_nested_branch_dag.py for tasks to queue
[2023-05-24T23:25:29.844+0000] {logging_mixin.py:137} INFO - [2023-05-24T23:25:29.844+0000] {dagbag.py:538} INFO - Filling up the DagBag from /home/airflow/.local/lib/python3.7/site-packages/airflow/example_dags/example_nested_branch_dag.py
[2023-05-24T23:25:29.885+0000] {processor.py:753} INFO - DAG(s) dict_keys(['example_nested_branch_dag']) retrieved from /home/airflow/.local/lib/python3.7/site-packages/airflow/example_dags/example_nested_branch_dag.py
[2023-05-24T23:25:29.944+0000] {logging_mixin.py:137} INFO - [2023-05-24T23:25:29.944+0000] {dag.py:2690} INFO - Sync 1 DAGs
[2023-05-24T23:25:29.999+0000] {logging_mixin.py:137} INFO - [2023-05-24T23:25:29.999+0000] {dag.py:3441} INFO - Setting next_dagrun for example_nested_branch_dag to 2023-05-23T00:00:00+00:00, run_after=2023-05-24T00:00:00+00:00
[2023-05-24T23:25:30.050+0000] {processor.py:175} INFO - Processing /home/airflow/.local/lib/python3.7/site-packages/airflow/example_dags/example_nested_branch_dag.py took 0.225 seconds
[2023-05-24T23:26:00.194+0000] {processor.py:153} INFO - Started process (PID=730) to work on /home/airflow/.local/lib/python3.7/site-packages/airflow/example_dags/example_nested_branch_dag.py
[2023-05-24T23:26:00.200+0000] {processor.py:743} INFO - Processing file /home/airflow/.local/lib/python3.7/site-packages/airflow/example_dags/example_nested_branch_dag.py for tasks to queue
[2023-05-24T23:26:00.204+0000] {logging_mixin.py:137} INFO - [2023-05-24T23:26:00.203+0000] {dagbag.py:538} INFO - Filling up the DagBag from /home/airflow/.local/lib/python3.7/site-packages/airflow/example_dags/example_nested_branch_dag.py
[2023-05-24T23:26:00.285+0000] {processor.py:753} INFO - DAG(s) dict_keys(['example_nested_branch_dag']) retrieved from /home/airflow/.local/lib/python3.7/site-packages/airflow/example_dags/example_nested_branch_dag.py
[2023-05-24T23:26:00.345+0000] {logging_mixin.py:137} INFO - [2023-05-24T23:26:00.345+0000] {dag.py:2690} INFO - Sync 1 DAGs
[2023-05-24T23:26:00.400+0000] {logging_mixin.py:137} INFO - [2023-05-24T23:26:00.400+0000] {dag.py:3441} INFO - Setting next_dagrun for example_nested_branch_dag to 2023-05-23T00:00:00+00:00, run_after=2023-05-24T00:00:00+00:00
[2023-05-24T23:26:00.426+0000] {processor.py:175} INFO - Processing /home/airflow/.local/lib/python3.7/site-packages/airflow/example_dags/example_nested_branch_dag.py took 0.244 seconds
[2023-05-24T23:26:54.177+0000] {processor.py:153} INFO - Started process (PID=805) to work on /home/airflow/.local/lib/python3.7/site-packages/airflow/example_dags/example_nested_branch_dag.py
[2023-05-24T23:26:54.196+0000] {processor.py:743} INFO - Processing file /home/airflow/.local/lib/python3.7/site-packages/airflow/example_dags/example_nested_branch_dag.py for tasks to queue
[2023-05-24T23:26:54.205+0000] {logging_mixin.py:137} INFO - [2023-05-24T23:26:54.205+0000] {dagbag.py:538} INFO - Filling up the DagBag from /home/airflow/.local/lib/python3.7/site-packages/airflow/example_dags/example_nested_branch_dag.py
[2023-05-24T23:26:54.824+0000] {processor.py:753} INFO - DAG(s) dict_keys(['example_nested_branch_dag']) retrieved from /home/airflow/.local/lib/python3.7/site-packages/airflow/example_dags/example_nested_branch_dag.py
[2023-05-24T23:26:55.391+0000] {logging_mixin.py:137} INFO - [2023-05-24T23:26:55.391+0000] {dag.py:2690} INFO - Sync 1 DAGs
[2023-05-24T23:26:55.844+0000] {logging_mixin.py:137} INFO - [2023-05-24T23:26:55.844+0000] {dag.py:3441} INFO - Setting next_dagrun for example_nested_branch_dag to 2023-05-23T00:00:00+00:00, run_after=2023-05-24T00:00:00+00:00
[2023-05-24T23:26:56.268+0000] {processor.py:175} INFO - Processing /home/airflow/.local/lib/python3.7/site-packages/airflow/example_dags/example_nested_branch_dag.py took 2.146 seconds
[2023-05-24T23:27:26.486+0000] {processor.py:153} INFO - Started process (PID=858) to work on /home/airflow/.local/lib/python3.7/site-packages/airflow/example_dags/example_nested_branch_dag.py
[2023-05-24T23:27:26.496+0000] {processor.py:743} INFO - Processing file /home/airflow/.local/lib/python3.7/site-packages/airflow/example_dags/example_nested_branch_dag.py for tasks to queue
[2023-05-24T23:27:26.498+0000] {logging_mixin.py:137} INFO - [2023-05-24T23:27:26.498+0000] {dagbag.py:538} INFO - Filling up the DagBag from /home/airflow/.local/lib/python3.7/site-packages/airflow/example_dags/example_nested_branch_dag.py
[2023-05-24T23:27:26.593+0000] {processor.py:753} INFO - DAG(s) dict_keys(['example_nested_branch_dag']) retrieved from /home/airflow/.local/lib/python3.7/site-packages/airflow/example_dags/example_nested_branch_dag.py
[2023-05-24T23:27:26.726+0000] {logging_mixin.py:137} INFO - [2023-05-24T23:27:26.726+0000] {dag.py:2690} INFO - Sync 1 DAGs
[2023-05-24T23:27:26.793+0000] {logging_mixin.py:137} INFO - [2023-05-24T23:27:26.793+0000] {dag.py:3441} INFO - Setting next_dagrun for example_nested_branch_dag to 2023-05-23T00:00:00+00:00, run_after=2023-05-24T00:00:00+00:00
[2023-05-24T23:27:26.946+0000] {processor.py:175} INFO - Processing /home/airflow/.local/lib/python3.7/site-packages/airflow/example_dags/example_nested_branch_dag.py took 0.474 seconds
[2023-05-24T23:28:23.735+0000] {processor.py:153} INFO - Started process (PID=921) to work on /home/airflow/.local/lib/python3.7/site-packages/airflow/example_dags/example_nested_branch_dag.py
[2023-05-24T23:28:23.769+0000] {processor.py:743} INFO - Processing file /home/airflow/.local/lib/python3.7/site-packages/airflow/example_dags/example_nested_branch_dag.py for tasks to queue
[2023-05-24T23:28:23.817+0000] {logging_mixin.py:137} INFO - [2023-05-24T23:28:23.781+0000] {dagbag.py:538} INFO - Filling up the DagBag from /home/airflow/.local/lib/python3.7/site-packages/airflow/example_dags/example_nested_branch_dag.py
[2023-05-24T23:28:25.423+0000] {processor.py:753} INFO - DAG(s) dict_keys(['example_nested_branch_dag']) retrieved from /home/airflow/.local/lib/python3.7/site-packages/airflow/example_dags/example_nested_branch_dag.py
[2023-05-24T23:28:26.739+0000] {logging_mixin.py:137} INFO - [2023-05-24T23:28:26.738+0000] {dag.py:2690} INFO - Sync 1 DAGs
[2023-05-24T23:28:27.578+0000] {logging_mixin.py:137} INFO - [2023-05-24T23:28:27.578+0000] {dag.py:3441} INFO - Setting next_dagrun for example_nested_branch_dag to 2023-05-23T00:00:00+00:00, run_after=2023-05-24T00:00:00+00:00
[2023-05-24T23:28:28.861+0000] {processor.py:175} INFO - Processing /home/airflow/.local/lib/python3.7/site-packages/airflow/example_dags/example_nested_branch_dag.py took 5.477 seconds
[2023-05-24T23:29:11.884+0000] {processor.py:153} INFO - Started process (PID=980) to work on /home/airflow/.local/lib/python3.7/site-packages/airflow/example_dags/example_nested_branch_dag.py
[2023-05-24T23:29:11.889+0000] {processor.py:743} INFO - Processing file /home/airflow/.local/lib/python3.7/site-packages/airflow/example_dags/example_nested_branch_dag.py for tasks to queue
[2023-05-24T23:29:11.909+0000] {logging_mixin.py:137} INFO - [2023-05-24T23:29:11.909+0000] {dagbag.py:538} INFO - Filling up the DagBag from /home/airflow/.local/lib/python3.7/site-packages/airflow/example_dags/example_nested_branch_dag.py
[2023-05-24T23:29:12.167+0000] {processor.py:753} INFO - DAG(s) dict_keys(['example_nested_branch_dag']) retrieved from /home/airflow/.local/lib/python3.7/site-packages/airflow/example_dags/example_nested_branch_dag.py
[2023-05-24T23:29:12.852+0000] {logging_mixin.py:137} INFO - [2023-05-24T23:29:12.852+0000] {dag.py:2690} INFO - Sync 1 DAGs
[2023-05-24T23:29:13.274+0000] {logging_mixin.py:137} INFO - [2023-05-24T23:29:13.273+0000] {dag.py:3441} INFO - Setting next_dagrun for example_nested_branch_dag to 2023-05-23T00:00:00+00:00, run_after=2023-05-24T00:00:00+00:00
[2023-05-24T23:29:13.810+0000] {processor.py:175} INFO - Processing /home/airflow/.local/lib/python3.7/site-packages/airflow/example_dags/example_nested_branch_dag.py took 2.015 seconds
[2023-05-24T23:29:44.123+0000] {processor.py:153} INFO - Started process (PID=1047) to work on /home/airflow/.local/lib/python3.7/site-packages/airflow/example_dags/example_nested_branch_dag.py
[2023-05-24T23:29:44.126+0000] {processor.py:743} INFO - Processing file /home/airflow/.local/lib/python3.7/site-packages/airflow/example_dags/example_nested_branch_dag.py for tasks to queue
[2023-05-24T23:29:44.128+0000] {logging_mixin.py:137} INFO - [2023-05-24T23:29:44.128+0000] {dagbag.py:538} INFO - Filling up the DagBag from /home/airflow/.local/lib/python3.7/site-packages/airflow/example_dags/example_nested_branch_dag.py
[2023-05-24T23:29:44.201+0000] {processor.py:753} INFO - DAG(s) dict_keys(['example_nested_branch_dag']) retrieved from /home/airflow/.local/lib/python3.7/site-packages/airflow/example_dags/example_nested_branch_dag.py
[2023-05-24T23:29:44.256+0000] {logging_mixin.py:137} INFO - [2023-05-24T23:29:44.256+0000] {dag.py:2690} INFO - Sync 1 DAGs
[2023-05-24T23:29:44.330+0000] {logging_mixin.py:137} INFO - [2023-05-24T23:29:44.330+0000] {dag.py:3441} INFO - Setting next_dagrun for example_nested_branch_dag to 2023-05-23T00:00:00+00:00, run_after=2023-05-24T00:00:00+00:00
[2023-05-24T23:29:44.379+0000] {processor.py:175} INFO - Processing /home/airflow/.local/lib/python3.7/site-packages/airflow/example_dags/example_nested_branch_dag.py took 0.275 seconds
[2023-05-24T23:30:15.113+0000] {processor.py:153} INFO - Started process (PID=1110) to work on /home/airflow/.local/lib/python3.7/site-packages/airflow/example_dags/example_nested_branch_dag.py
[2023-05-24T23:30:15.123+0000] {processor.py:743} INFO - Processing file /home/airflow/.local/lib/python3.7/site-packages/airflow/example_dags/example_nested_branch_dag.py for tasks to queue
[2023-05-24T23:30:15.127+0000] {logging_mixin.py:137} INFO - [2023-05-24T23:30:15.127+0000] {dagbag.py:538} INFO - Filling up the DagBag from /home/airflow/.local/lib/python3.7/site-packages/airflow/example_dags/example_nested_branch_dag.py
[2023-05-24T23:30:15.316+0000] {processor.py:753} INFO - DAG(s) dict_keys(['example_nested_branch_dag']) retrieved from /home/airflow/.local/lib/python3.7/site-packages/airflow/example_dags/example_nested_branch_dag.py
[2023-05-24T23:30:15.475+0000] {logging_mixin.py:137} INFO - [2023-05-24T23:30:15.475+0000] {dag.py:2690} INFO - Sync 1 DAGs
[2023-05-24T23:30:15.694+0000] {logging_mixin.py:137} INFO - [2023-05-24T23:30:15.682+0000] {dag.py:3441} INFO - Setting next_dagrun for example_nested_branch_dag to 2023-05-23T00:00:00+00:00, run_after=2023-05-24T00:00:00+00:00
[2023-05-24T23:30:15.827+0000] {processor.py:175} INFO - Processing /home/airflow/.local/lib/python3.7/site-packages/airflow/example_dags/example_nested_branch_dag.py took 0.749 seconds
[2023-05-24T23:30:46.262+0000] {processor.py:153} INFO - Started process (PID=1170) to work on /home/airflow/.local/lib/python3.7/site-packages/airflow/example_dags/example_nested_branch_dag.py
[2023-05-24T23:30:46.274+0000] {processor.py:743} INFO - Processing file /home/airflow/.local/lib/python3.7/site-packages/airflow/example_dags/example_nested_branch_dag.py for tasks to queue
[2023-05-24T23:30:46.281+0000] {logging_mixin.py:137} INFO - [2023-05-24T23:30:46.280+0000] {dagbag.py:538} INFO - Filling up the DagBag from /home/airflow/.local/lib/python3.7/site-packages/airflow/example_dags/example_nested_branch_dag.py
[2023-05-24T23:30:46.385+0000] {processor.py:753} INFO - DAG(s) dict_keys(['example_nested_branch_dag']) retrieved from /home/airflow/.local/lib/python3.7/site-packages/airflow/example_dags/example_nested_branch_dag.py
[2023-05-24T23:30:46.504+0000] {logging_mixin.py:137} INFO - [2023-05-24T23:30:46.504+0000] {dag.py:2690} INFO - Sync 1 DAGs
[2023-05-24T23:30:46.717+0000] {logging_mixin.py:137} INFO - [2023-05-24T23:30:46.717+0000] {dag.py:3441} INFO - Setting next_dagrun for example_nested_branch_dag to 2023-05-23T00:00:00+00:00, run_after=2023-05-24T00:00:00+00:00
[2023-05-24T23:30:46.756+0000] {processor.py:175} INFO - Processing /home/airflow/.local/lib/python3.7/site-packages/airflow/example_dags/example_nested_branch_dag.py took 0.523 seconds
[2023-05-24T23:33:53.823+0000] {processor.py:153} INFO - Started process (PID=63) to work on /home/airflow/.local/lib/python3.7/site-packages/airflow/example_dags/example_nested_branch_dag.py
[2023-05-24T23:33:53.833+0000] {processor.py:743} INFO - Processing file /home/airflow/.local/lib/python3.7/site-packages/airflow/example_dags/example_nested_branch_dag.py for tasks to queue
[2023-05-24T23:33:53.842+0000] {logging_mixin.py:137} INFO - [2023-05-24T23:33:53.841+0000] {dagbag.py:538} INFO - Filling up the DagBag from /home/airflow/.local/lib/python3.7/site-packages/airflow/example_dags/example_nested_branch_dag.py
[2023-05-24T23:33:53.929+0000] {processor.py:753} INFO - DAG(s) dict_keys(['example_nested_branch_dag']) retrieved from /home/airflow/.local/lib/python3.7/site-packages/airflow/example_dags/example_nested_branch_dag.py
[2023-05-24T23:33:53.998+0000] {logging_mixin.py:137} INFO - [2023-05-24T23:33:53.998+0000] {dag.py:2690} INFO - Sync 1 DAGs
[2023-05-24T23:33:54.073+0000] {logging_mixin.py:137} INFO - [2023-05-24T23:33:54.073+0000] {dag.py:3441} INFO - Setting next_dagrun for example_nested_branch_dag to 2023-05-23T00:00:00+00:00, run_after=2023-05-24T00:00:00+00:00
[2023-05-24T23:33:54.173+0000] {processor.py:175} INFO - Processing /home/airflow/.local/lib/python3.7/site-packages/airflow/example_dags/example_nested_branch_dag.py took 0.370 seconds
[2023-05-24T23:34:24.684+0000] {processor.py:153} INFO - Started process (PID=122) to work on /home/airflow/.local/lib/python3.7/site-packages/airflow/example_dags/example_nested_branch_dag.py
[2023-05-24T23:34:24.687+0000] {processor.py:743} INFO - Processing file /home/airflow/.local/lib/python3.7/site-packages/airflow/example_dags/example_nested_branch_dag.py for tasks to queue
[2023-05-24T23:34:24.689+0000] {logging_mixin.py:137} INFO - [2023-05-24T23:34:24.689+0000] {dagbag.py:538} INFO - Filling up the DagBag from /home/airflow/.local/lib/python3.7/site-packages/airflow/example_dags/example_nested_branch_dag.py
[2023-05-24T23:34:24.769+0000] {processor.py:753} INFO - DAG(s) dict_keys(['example_nested_branch_dag']) retrieved from /home/airflow/.local/lib/python3.7/site-packages/airflow/example_dags/example_nested_branch_dag.py
[2023-05-24T23:34:24.935+0000] {logging_mixin.py:137} INFO - [2023-05-24T23:34:24.935+0000] {dag.py:2690} INFO - Sync 1 DAGs
[2023-05-24T23:34:25.056+0000] {logging_mixin.py:137} INFO - [2023-05-24T23:34:25.056+0000] {dag.py:3441} INFO - Setting next_dagrun for example_nested_branch_dag to 2023-05-23T00:00:00+00:00, run_after=2023-05-24T00:00:00+00:00
[2023-05-24T23:34:25.096+0000] {processor.py:175} INFO - Processing /home/airflow/.local/lib/python3.7/site-packages/airflow/example_dags/example_nested_branch_dag.py took 0.428 seconds
[2023-05-24T23:34:59.279+0000] {processor.py:153} INFO - Started process (PID=180) to work on /home/airflow/.local/lib/python3.7/site-packages/airflow/example_dags/example_nested_branch_dag.py
[2023-05-24T23:34:59.300+0000] {processor.py:743} INFO - Processing file /home/airflow/.local/lib/python3.7/site-packages/airflow/example_dags/example_nested_branch_dag.py for tasks to queue
[2023-05-24T23:34:59.311+0000] {logging_mixin.py:137} INFO - [2023-05-24T23:34:59.311+0000] {dagbag.py:538} INFO - Filling up the DagBag from /home/airflow/.local/lib/python3.7/site-packages/airflow/example_dags/example_nested_branch_dag.py
[2023-05-24T23:34:59.597+0000] {processor.py:753} INFO - DAG(s) dict_keys(['example_nested_branch_dag']) retrieved from /home/airflow/.local/lib/python3.7/site-packages/airflow/example_dags/example_nested_branch_dag.py
[2023-05-24T23:34:59.790+0000] {logging_mixin.py:137} INFO - [2023-05-24T23:34:59.789+0000] {dag.py:2690} INFO - Sync 1 DAGs
[2023-05-24T23:35:00.140+0000] {logging_mixin.py:137} INFO - [2023-05-24T23:35:00.139+0000] {dag.py:3441} INFO - Setting next_dagrun for example_nested_branch_dag to 2023-05-23T00:00:00+00:00, run_after=2023-05-24T00:00:00+00:00
[2023-05-24T23:35:00.296+0000] {processor.py:175} INFO - Processing /home/airflow/.local/lib/python3.7/site-packages/airflow/example_dags/example_nested_branch_dag.py took 1.230 seconds
[2023-05-24T23:36:05.266+0000] {processor.py:153} INFO - Started process (PID=247) to work on /home/airflow/.local/lib/python3.7/site-packages/airflow/example_dags/example_nested_branch_dag.py
[2023-05-24T23:36:05.283+0000] {processor.py:743} INFO - Processing file /home/airflow/.local/lib/python3.7/site-packages/airflow/example_dags/example_nested_branch_dag.py for tasks to queue
[2023-05-24T23:36:05.306+0000] {logging_mixin.py:137} INFO - [2023-05-24T23:36:05.306+0000] {dagbag.py:538} INFO - Filling up the DagBag from /home/airflow/.local/lib/python3.7/site-packages/airflow/example_dags/example_nested_branch_dag.py
[2023-05-24T23:36:05.921+0000] {processor.py:753} INFO - DAG(s) dict_keys(['example_nested_branch_dag']) retrieved from /home/airflow/.local/lib/python3.7/site-packages/airflow/example_dags/example_nested_branch_dag.py
[2023-05-24T23:36:07.041+0000] {logging_mixin.py:137} INFO - [2023-05-24T23:36:07.039+0000] {dag.py:2690} INFO - Sync 1 DAGs
[2023-05-24T23:36:07.457+0000] {logging_mixin.py:137} INFO - [2023-05-24T23:36:07.456+0000] {dag.py:3441} INFO - Setting next_dagrun for example_nested_branch_dag to 2023-05-23T00:00:00+00:00, run_after=2023-05-24T00:00:00+00:00
[2023-05-24T23:36:07.741+0000] {processor.py:175} INFO - Processing /home/airflow/.local/lib/python3.7/site-packages/airflow/example_dags/example_nested_branch_dag.py took 2.648 seconds
[2023-05-24T23:37:20.309+0000] {processor.py:153} INFO - Started process (PID=325) to work on /home/airflow/.local/lib/python3.7/site-packages/airflow/example_dags/example_nested_branch_dag.py
[2023-05-24T23:37:20.314+0000] {processor.py:743} INFO - Processing file /home/airflow/.local/lib/python3.7/site-packages/airflow/example_dags/example_nested_branch_dag.py for tasks to queue
[2023-05-24T23:37:20.322+0000] {logging_mixin.py:137} INFO - [2023-05-24T23:37:20.321+0000] {dagbag.py:538} INFO - Filling up the DagBag from /home/airflow/.local/lib/python3.7/site-packages/airflow/example_dags/example_nested_branch_dag.py
[2023-05-24T23:37:20.602+0000] {processor.py:753} INFO - DAG(s) dict_keys(['example_nested_branch_dag']) retrieved from /home/airflow/.local/lib/python3.7/site-packages/airflow/example_dags/example_nested_branch_dag.py
[2023-05-24T23:37:20.737+0000] {logging_mixin.py:137} INFO - [2023-05-24T23:37:20.736+0000] {dag.py:2690} INFO - Sync 1 DAGs
[2023-05-24T23:37:20.868+0000] {logging_mixin.py:137} INFO - [2023-05-24T23:37:20.868+0000] {dag.py:3441} INFO - Setting next_dagrun for example_nested_branch_dag to 2023-05-23T00:00:00+00:00, run_after=2023-05-24T00:00:00+00:00
[2023-05-24T23:37:20.960+0000] {processor.py:175} INFO - Processing /home/airflow/.local/lib/python3.7/site-packages/airflow/example_dags/example_nested_branch_dag.py took 0.679 seconds
[2023-05-24T23:38:07.796+0000] {processor.py:153} INFO - Started process (PID=388) to work on /home/airflow/.local/lib/python3.7/site-packages/airflow/example_dags/example_nested_branch_dag.py
[2023-05-24T23:38:07.814+0000] {processor.py:743} INFO - Processing file /home/airflow/.local/lib/python3.7/site-packages/airflow/example_dags/example_nested_branch_dag.py for tasks to queue
[2023-05-24T23:38:07.827+0000] {logging_mixin.py:137} INFO - [2023-05-24T23:38:07.821+0000] {dagbag.py:538} INFO - Filling up the DagBag from /home/airflow/.local/lib/python3.7/site-packages/airflow/example_dags/example_nested_branch_dag.py
[2023-05-24T23:38:08.199+0000] {processor.py:753} INFO - DAG(s) dict_keys(['example_nested_branch_dag']) retrieved from /home/airflow/.local/lib/python3.7/site-packages/airflow/example_dags/example_nested_branch_dag.py
[2023-05-24T23:38:08.857+0000] {logging_mixin.py:137} INFO - [2023-05-24T23:38:08.857+0000] {dag.py:2690} INFO - Sync 1 DAGs
[2023-05-24T23:38:09.181+0000] {logging_mixin.py:137} INFO - [2023-05-24T23:38:09.180+0000] {dag.py:3441} INFO - Setting next_dagrun for example_nested_branch_dag to 2023-05-23T00:00:00+00:00, run_after=2023-05-24T00:00:00+00:00
[2023-05-24T23:38:09.361+0000] {processor.py:175} INFO - Processing /home/airflow/.local/lib/python3.7/site-packages/airflow/example_dags/example_nested_branch_dag.py took 1.584 seconds
[2023-05-24T23:39:30.993+0000] {processor.py:153} INFO - Started process (PID=462) to work on /home/airflow/.local/lib/python3.7/site-packages/airflow/example_dags/example_nested_branch_dag.py
[2023-05-24T23:39:31.004+0000] {processor.py:743} INFO - Processing file /home/airflow/.local/lib/python3.7/site-packages/airflow/example_dags/example_nested_branch_dag.py for tasks to queue
[2023-05-24T23:39:31.060+0000] {logging_mixin.py:137} INFO - [2023-05-24T23:39:31.060+0000] {dagbag.py:538} INFO - Filling up the DagBag from /home/airflow/.local/lib/python3.7/site-packages/airflow/example_dags/example_nested_branch_dag.py
[2023-05-24T23:39:34.840+0000] {processor.py:753} INFO - DAG(s) dict_keys(['example_nested_branch_dag']) retrieved from /home/airflow/.local/lib/python3.7/site-packages/airflow/example_dags/example_nested_branch_dag.py
[2023-05-24T23:39:36.120+0000] {logging_mixin.py:137} INFO - [2023-05-24T23:39:36.119+0000] {dag.py:2690} INFO - Sync 1 DAGs
[2023-05-24T23:39:39.025+0000] {logging_mixin.py:137} INFO - [2023-05-24T23:39:38.999+0000] {dag.py:3441} INFO - Setting next_dagrun for example_nested_branch_dag to 2023-05-23T00:00:00+00:00, run_after=2023-05-24T00:00:00+00:00
[2023-05-24T23:39:40.377+0000] {processor.py:175} INFO - Processing /home/airflow/.local/lib/python3.7/site-packages/airflow/example_dags/example_nested_branch_dag.py took 9.746 seconds
[2023-05-24T23:40:21.185+0000] {processor.py:153} INFO - Started process (PID=523) to work on /home/airflow/.local/lib/python3.7/site-packages/airflow/example_dags/example_nested_branch_dag.py
[2023-05-24T23:40:21.202+0000] {processor.py:743} INFO - Processing file /home/airflow/.local/lib/python3.7/site-packages/airflow/example_dags/example_nested_branch_dag.py for tasks to queue
[2023-05-24T23:40:21.232+0000] {logging_mixin.py:137} INFO - [2023-05-24T23:40:21.232+0000] {dagbag.py:538} INFO - Filling up the DagBag from /home/airflow/.local/lib/python3.7/site-packages/airflow/example_dags/example_nested_branch_dag.py
[2023-05-24T23:40:22.074+0000] {processor.py:753} INFO - DAG(s) dict_keys(['example_nested_branch_dag']) retrieved from /home/airflow/.local/lib/python3.7/site-packages/airflow/example_dags/example_nested_branch_dag.py
[2023-05-24T23:40:23.326+0000] {logging_mixin.py:137} INFO - [2023-05-24T23:40:23.325+0000] {dag.py:2690} INFO - Sync 1 DAGs
[2023-05-24T23:40:23.833+0000] {logging_mixin.py:137} INFO - [2023-05-24T23:40:23.833+0000] {dag.py:3441} INFO - Setting next_dagrun for example_nested_branch_dag to 2023-05-23T00:00:00+00:00, run_after=2023-05-24T00:00:00+00:00
[2023-05-24T23:40:23.917+0000] {processor.py:175} INFO - Processing /home/airflow/.local/lib/python3.7/site-packages/airflow/example_dags/example_nested_branch_dag.py took 2.762 seconds
[2023-05-24T23:40:54.131+0000] {processor.py:153} INFO - Started process (PID=582) to work on /home/airflow/.local/lib/python3.7/site-packages/airflow/example_dags/example_nested_branch_dag.py
[2023-05-24T23:40:54.133+0000] {processor.py:743} INFO - Processing file /home/airflow/.local/lib/python3.7/site-packages/airflow/example_dags/example_nested_branch_dag.py for tasks to queue
[2023-05-24T23:40:54.135+0000] {logging_mixin.py:137} INFO - [2023-05-24T23:40:54.135+0000] {dagbag.py:538} INFO - Filling up the DagBag from /home/airflow/.local/lib/python3.7/site-packages/airflow/example_dags/example_nested_branch_dag.py
[2023-05-24T23:40:54.177+0000] {processor.py:753} INFO - DAG(s) dict_keys(['example_nested_branch_dag']) retrieved from /home/airflow/.local/lib/python3.7/site-packages/airflow/example_dags/example_nested_branch_dag.py
[2023-05-24T23:40:54.214+0000] {logging_mixin.py:137} INFO - [2023-05-24T23:40:54.214+0000] {dag.py:2690} INFO - Sync 1 DAGs
[2023-05-24T23:40:54.249+0000] {logging_mixin.py:137} INFO - [2023-05-24T23:40:54.249+0000] {dag.py:3441} INFO - Setting next_dagrun for example_nested_branch_dag to 2023-05-23T00:00:00+00:00, run_after=2023-05-24T00:00:00+00:00
[2023-05-24T23:40:54.278+0000] {processor.py:175} INFO - Processing /home/airflow/.local/lib/python3.7/site-packages/airflow/example_dags/example_nested_branch_dag.py took 0.151 seconds
[2023-05-24T23:43:11.786+0000] {processor.py:153} INFO - Started process (PID=73) to work on /home/airflow/.local/lib/python3.7/site-packages/airflow/example_dags/example_nested_branch_dag.py
[2023-05-24T23:43:11.791+0000] {processor.py:743} INFO - Processing file /home/airflow/.local/lib/python3.7/site-packages/airflow/example_dags/example_nested_branch_dag.py for tasks to queue
[2023-05-24T23:43:11.795+0000] {logging_mixin.py:137} INFO - [2023-05-24T23:43:11.795+0000] {dagbag.py:538} INFO - Filling up the DagBag from /home/airflow/.local/lib/python3.7/site-packages/airflow/example_dags/example_nested_branch_dag.py
[2023-05-24T23:43:11.898+0000] {processor.py:753} INFO - DAG(s) dict_keys(['example_nested_branch_dag']) retrieved from /home/airflow/.local/lib/python3.7/site-packages/airflow/example_dags/example_nested_branch_dag.py
[2023-05-24T23:43:11.954+0000] {logging_mixin.py:137} INFO - [2023-05-24T23:43:11.954+0000] {dag.py:2690} INFO - Sync 1 DAGs
[2023-05-24T23:43:12.021+0000] {logging_mixin.py:137} INFO - [2023-05-24T23:43:12.021+0000] {dag.py:3441} INFO - Setting next_dagrun for example_nested_branch_dag to 2023-05-23T00:00:00+00:00, run_after=2023-05-24T00:00:00+00:00
[2023-05-24T23:43:12.085+0000] {processor.py:175} INFO - Processing /home/airflow/.local/lib/python3.7/site-packages/airflow/example_dags/example_nested_branch_dag.py took 0.321 seconds
[2023-05-24T23:43:47.364+0000] {processor.py:153} INFO - Started process (PID=131) to work on /home/airflow/.local/lib/python3.7/site-packages/airflow/example_dags/example_nested_branch_dag.py
[2023-05-24T23:43:47.395+0000] {processor.py:743} INFO - Processing file /home/airflow/.local/lib/python3.7/site-packages/airflow/example_dags/example_nested_branch_dag.py for tasks to queue
[2023-05-24T23:43:47.405+0000] {logging_mixin.py:137} INFO - [2023-05-24T23:43:47.399+0000] {dagbag.py:538} INFO - Filling up the DagBag from /home/airflow/.local/lib/python3.7/site-packages/airflow/example_dags/example_nested_branch_dag.py
[2023-05-24T23:43:47.766+0000] {processor.py:753} INFO - DAG(s) dict_keys(['example_nested_branch_dag']) retrieved from /home/airflow/.local/lib/python3.7/site-packages/airflow/example_dags/example_nested_branch_dag.py
[2023-05-24T23:43:47.878+0000] {logging_mixin.py:137} INFO - [2023-05-24T23:43:47.877+0000] {dag.py:2690} INFO - Sync 1 DAGs
[2023-05-24T23:43:48.270+0000] {logging_mixin.py:137} INFO - [2023-05-24T23:43:48.270+0000] {dag.py:3441} INFO - Setting next_dagrun for example_nested_branch_dag to 2023-05-23T00:00:00+00:00, run_after=2023-05-24T00:00:00+00:00
[2023-05-24T23:43:48.965+0000] {processor.py:175} INFO - Processing /home/airflow/.local/lib/python3.7/site-packages/airflow/example_dags/example_nested_branch_dag.py took 1.608 seconds
[2023-05-24T23:44:19.175+0000] {processor.py:153} INFO - Started process (PID=184) to work on /home/airflow/.local/lib/python3.7/site-packages/airflow/example_dags/example_nested_branch_dag.py
[2023-05-24T23:44:19.179+0000] {processor.py:743} INFO - Processing file /home/airflow/.local/lib/python3.7/site-packages/airflow/example_dags/example_nested_branch_dag.py for tasks to queue
[2023-05-24T23:44:19.182+0000] {logging_mixin.py:137} INFO - [2023-05-24T23:44:19.181+0000] {dagbag.py:538} INFO - Filling up the DagBag from /home/airflow/.local/lib/python3.7/site-packages/airflow/example_dags/example_nested_branch_dag.py
[2023-05-24T23:44:19.224+0000] {processor.py:753} INFO - DAG(s) dict_keys(['example_nested_branch_dag']) retrieved from /home/airflow/.local/lib/python3.7/site-packages/airflow/example_dags/example_nested_branch_dag.py
[2023-05-24T23:44:19.263+0000] {logging_mixin.py:137} INFO - [2023-05-24T23:44:19.263+0000] {dag.py:2690} INFO - Sync 1 DAGs
[2023-05-24T23:44:19.302+0000] {logging_mixin.py:137} INFO - [2023-05-24T23:44:19.302+0000] {dag.py:3441} INFO - Setting next_dagrun for example_nested_branch_dag to 2023-05-23T00:00:00+00:00, run_after=2023-05-24T00:00:00+00:00
[2023-05-24T23:44:19.335+0000] {processor.py:175} INFO - Processing /home/airflow/.local/lib/python3.7/site-packages/airflow/example_dags/example_nested_branch_dag.py took 0.167 seconds
[2023-05-24T23:44:50.044+0000] {processor.py:153} INFO - Started process (PID=252) to work on /home/airflow/.local/lib/python3.7/site-packages/airflow/example_dags/example_nested_branch_dag.py
[2023-05-24T23:44:50.050+0000] {processor.py:743} INFO - Processing file /home/airflow/.local/lib/python3.7/site-packages/airflow/example_dags/example_nested_branch_dag.py for tasks to queue
[2023-05-24T23:44:50.058+0000] {logging_mixin.py:137} INFO - [2023-05-24T23:44:50.057+0000] {dagbag.py:538} INFO - Filling up the DagBag from /home/airflow/.local/lib/python3.7/site-packages/airflow/example_dags/example_nested_branch_dag.py
[2023-05-24T23:44:50.152+0000] {processor.py:753} INFO - DAG(s) dict_keys(['example_nested_branch_dag']) retrieved from /home/airflow/.local/lib/python3.7/site-packages/airflow/example_dags/example_nested_branch_dag.py
[2023-05-24T23:44:50.191+0000] {logging_mixin.py:137} INFO - [2023-05-24T23:44:50.191+0000] {dag.py:2690} INFO - Sync 1 DAGs
[2023-05-24T23:44:50.275+0000] {logging_mixin.py:137} INFO - [2023-05-24T23:44:50.273+0000] {dag.py:3441} INFO - Setting next_dagrun for example_nested_branch_dag to 2023-05-23T00:00:00+00:00, run_after=2023-05-24T00:00:00+00:00
[2023-05-24T23:44:50.328+0000] {processor.py:175} INFO - Processing /home/airflow/.local/lib/python3.7/site-packages/airflow/example_dags/example_nested_branch_dag.py took 0.295 seconds
[2023-05-24T23:45:20.411+0000] {processor.py:153} INFO - Started process (PID=312) to work on /home/airflow/.local/lib/python3.7/site-packages/airflow/example_dags/example_nested_branch_dag.py
[2023-05-24T23:45:20.414+0000] {processor.py:743} INFO - Processing file /home/airflow/.local/lib/python3.7/site-packages/airflow/example_dags/example_nested_branch_dag.py for tasks to queue
[2023-05-24T23:45:20.417+0000] {logging_mixin.py:137} INFO - [2023-05-24T23:45:20.417+0000] {dagbag.py:538} INFO - Filling up the DagBag from /home/airflow/.local/lib/python3.7/site-packages/airflow/example_dags/example_nested_branch_dag.py
[2023-05-24T23:45:20.483+0000] {processor.py:753} INFO - DAG(s) dict_keys(['example_nested_branch_dag']) retrieved from /home/airflow/.local/lib/python3.7/site-packages/airflow/example_dags/example_nested_branch_dag.py
[2023-05-24T23:45:20.682+0000] {logging_mixin.py:137} INFO - [2023-05-24T23:45:20.682+0000] {dag.py:2690} INFO - Sync 1 DAGs
[2023-05-24T23:45:20.756+0000] {logging_mixin.py:137} INFO - [2023-05-24T23:45:20.756+0000] {dag.py:3441} INFO - Setting next_dagrun for example_nested_branch_dag to 2023-05-23T00:00:00+00:00, run_after=2023-05-24T00:00:00+00:00
[2023-05-24T23:45:20.802+0000] {processor.py:175} INFO - Processing /home/airflow/.local/lib/python3.7/site-packages/airflow/example_dags/example_nested_branch_dag.py took 0.399 seconds
[2023-05-24T23:45:51.027+0000] {processor.py:153} INFO - Started process (PID=372) to work on /home/airflow/.local/lib/python3.7/site-packages/airflow/example_dags/example_nested_branch_dag.py
[2023-05-24T23:45:51.030+0000] {processor.py:743} INFO - Processing file /home/airflow/.local/lib/python3.7/site-packages/airflow/example_dags/example_nested_branch_dag.py for tasks to queue
[2023-05-24T23:45:51.032+0000] {logging_mixin.py:137} INFO - [2023-05-24T23:45:51.032+0000] {dagbag.py:538} INFO - Filling up the DagBag from /home/airflow/.local/lib/python3.7/site-packages/airflow/example_dags/example_nested_branch_dag.py
[2023-05-24T23:45:51.067+0000] {processor.py:753} INFO - DAG(s) dict_keys(['example_nested_branch_dag']) retrieved from /home/airflow/.local/lib/python3.7/site-packages/airflow/example_dags/example_nested_branch_dag.py
[2023-05-24T23:45:51.105+0000] {logging_mixin.py:137} INFO - [2023-05-24T23:45:51.105+0000] {dag.py:2690} INFO - Sync 1 DAGs
[2023-05-24T23:45:51.141+0000] {logging_mixin.py:137} INFO - [2023-05-24T23:45:51.141+0000] {dag.py:3441} INFO - Setting next_dagrun for example_nested_branch_dag to 2023-05-23T00:00:00+00:00, run_after=2023-05-24T00:00:00+00:00
[2023-05-24T23:45:51.171+0000] {processor.py:175} INFO - Processing /home/airflow/.local/lib/python3.7/site-packages/airflow/example_dags/example_nested_branch_dag.py took 0.148 seconds
[2023-05-24T23:46:21.294+0000] {processor.py:153} INFO - Started process (PID=433) to work on /home/airflow/.local/lib/python3.7/site-packages/airflow/example_dags/example_nested_branch_dag.py
[2023-05-24T23:46:21.297+0000] {processor.py:743} INFO - Processing file /home/airflow/.local/lib/python3.7/site-packages/airflow/example_dags/example_nested_branch_dag.py for tasks to queue
[2023-05-24T23:46:21.299+0000] {logging_mixin.py:137} INFO - [2023-05-24T23:46:21.299+0000] {dagbag.py:538} INFO - Filling up the DagBag from /home/airflow/.local/lib/python3.7/site-packages/airflow/example_dags/example_nested_branch_dag.py
[2023-05-24T23:46:21.336+0000] {processor.py:753} INFO - DAG(s) dict_keys(['example_nested_branch_dag']) retrieved from /home/airflow/.local/lib/python3.7/site-packages/airflow/example_dags/example_nested_branch_dag.py
[2023-05-24T23:46:21.418+0000] {logging_mixin.py:137} INFO - [2023-05-24T23:46:21.418+0000] {dag.py:2690} INFO - Sync 1 DAGs
[2023-05-24T23:46:21.466+0000] {logging_mixin.py:137} INFO - [2023-05-24T23:46:21.466+0000] {dag.py:3441} INFO - Setting next_dagrun for example_nested_branch_dag to 2023-05-23T00:00:00+00:00, run_after=2023-05-24T00:00:00+00:00
[2023-05-24T23:46:21.494+0000] {processor.py:175} INFO - Processing /home/airflow/.local/lib/python3.7/site-packages/airflow/example_dags/example_nested_branch_dag.py took 0.205 seconds
[2023-05-24T23:46:52.043+0000] {processor.py:153} INFO - Started process (PID=493) to work on /home/airflow/.local/lib/python3.7/site-packages/airflow/example_dags/example_nested_branch_dag.py
[2023-05-24T23:46:52.054+0000] {processor.py:743} INFO - Processing file /home/airflow/.local/lib/python3.7/site-packages/airflow/example_dags/example_nested_branch_dag.py for tasks to queue
[2023-05-24T23:46:52.067+0000] {logging_mixin.py:137} INFO - [2023-05-24T23:46:52.067+0000] {dagbag.py:538} INFO - Filling up the DagBag from /home/airflow/.local/lib/python3.7/site-packages/airflow/example_dags/example_nested_branch_dag.py
[2023-05-24T23:46:52.189+0000] {processor.py:753} INFO - DAG(s) dict_keys(['example_nested_branch_dag']) retrieved from /home/airflow/.local/lib/python3.7/site-packages/airflow/example_dags/example_nested_branch_dag.py
[2023-05-24T23:46:52.265+0000] {logging_mixin.py:137} INFO - [2023-05-24T23:46:52.265+0000] {dag.py:2690} INFO - Sync 1 DAGs
[2023-05-24T23:46:52.314+0000] {logging_mixin.py:137} INFO - [2023-05-24T23:46:52.314+0000] {dag.py:3441} INFO - Setting next_dagrun for example_nested_branch_dag to 2023-05-23T00:00:00+00:00, run_after=2023-05-24T00:00:00+00:00
[2023-05-24T23:46:52.414+0000] {processor.py:175} INFO - Processing /home/airflow/.local/lib/python3.7/site-packages/airflow/example_dags/example_nested_branch_dag.py took 0.388 seconds
[2023-05-24T23:47:23.082+0000] {processor.py:153} INFO - Started process (PID=551) to work on /home/airflow/.local/lib/python3.7/site-packages/airflow/example_dags/example_nested_branch_dag.py
[2023-05-24T23:47:23.084+0000] {processor.py:743} INFO - Processing file /home/airflow/.local/lib/python3.7/site-packages/airflow/example_dags/example_nested_branch_dag.py for tasks to queue
[2023-05-24T23:47:23.087+0000] {logging_mixin.py:137} INFO - [2023-05-24T23:47:23.086+0000] {dagbag.py:538} INFO - Filling up the DagBag from /home/airflow/.local/lib/python3.7/site-packages/airflow/example_dags/example_nested_branch_dag.py
[2023-05-24T23:47:23.155+0000] {processor.py:753} INFO - DAG(s) dict_keys(['example_nested_branch_dag']) retrieved from /home/airflow/.local/lib/python3.7/site-packages/airflow/example_dags/example_nested_branch_dag.py
[2023-05-24T23:47:23.195+0000] {logging_mixin.py:137} INFO - [2023-05-24T23:47:23.195+0000] {dag.py:2690} INFO - Sync 1 DAGs
[2023-05-24T23:47:23.234+0000] {logging_mixin.py:137} INFO - [2023-05-24T23:47:23.234+0000] {dag.py:3441} INFO - Setting next_dagrun for example_nested_branch_dag to 2023-05-23T00:00:00+00:00, run_after=2023-05-24T00:00:00+00:00
[2023-05-24T23:47:23.263+0000] {processor.py:175} INFO - Processing /home/airflow/.local/lib/python3.7/site-packages/airflow/example_dags/example_nested_branch_dag.py took 0.188 seconds
[2023-05-24T23:48:02.516+0000] {processor.py:153} INFO - Started process (PID=622) to work on /home/airflow/.local/lib/python3.7/site-packages/airflow/example_dags/example_nested_branch_dag.py
[2023-05-24T23:48:02.524+0000] {processor.py:743} INFO - Processing file /home/airflow/.local/lib/python3.7/site-packages/airflow/example_dags/example_nested_branch_dag.py for tasks to queue
[2023-05-24T23:48:02.527+0000] {logging_mixin.py:137} INFO - [2023-05-24T23:48:02.527+0000] {dagbag.py:538} INFO - Filling up the DagBag from /home/airflow/.local/lib/python3.7/site-packages/airflow/example_dags/example_nested_branch_dag.py
[2023-05-24T23:48:02.606+0000] {processor.py:753} INFO - DAG(s) dict_keys(['example_nested_branch_dag']) retrieved from /home/airflow/.local/lib/python3.7/site-packages/airflow/example_dags/example_nested_branch_dag.py
[2023-05-24T23:48:02.668+0000] {logging_mixin.py:137} INFO - [2023-05-24T23:48:02.667+0000] {dag.py:2690} INFO - Sync 1 DAGs
[2023-05-24T23:48:02.944+0000] {logging_mixin.py:137} INFO - [2023-05-24T23:48:02.943+0000] {dag.py:3441} INFO - Setting next_dagrun for example_nested_branch_dag to 2023-05-23T00:00:00+00:00, run_after=2023-05-24T00:00:00+00:00
[2023-05-24T23:48:03.030+0000] {processor.py:175} INFO - Processing /home/airflow/.local/lib/python3.7/site-packages/airflow/example_dags/example_nested_branch_dag.py took 0.527 seconds
[2023-05-24T23:48:33.115+0000] {processor.py:153} INFO - Started process (PID=683) to work on /home/airflow/.local/lib/python3.7/site-packages/airflow/example_dags/example_nested_branch_dag.py
[2023-05-24T23:48:33.117+0000] {processor.py:743} INFO - Processing file /home/airflow/.local/lib/python3.7/site-packages/airflow/example_dags/example_nested_branch_dag.py for tasks to queue
[2023-05-24T23:48:33.119+0000] {logging_mixin.py:137} INFO - [2023-05-24T23:48:33.119+0000] {dagbag.py:538} INFO - Filling up the DagBag from /home/airflow/.local/lib/python3.7/site-packages/airflow/example_dags/example_nested_branch_dag.py
[2023-05-24T23:48:33.150+0000] {processor.py:753} INFO - DAG(s) dict_keys(['example_nested_branch_dag']) retrieved from /home/airflow/.local/lib/python3.7/site-packages/airflow/example_dags/example_nested_branch_dag.py
[2023-05-24T23:48:33.184+0000] {logging_mixin.py:137} INFO - [2023-05-24T23:48:33.184+0000] {dag.py:2690} INFO - Sync 1 DAGs
[2023-05-24T23:48:33.219+0000] {logging_mixin.py:137} INFO - [2023-05-24T23:48:33.219+0000] {dag.py:3441} INFO - Setting next_dagrun for example_nested_branch_dag to 2023-05-23T00:00:00+00:00, run_after=2023-05-24T00:00:00+00:00
[2023-05-24T23:48:33.254+0000] {processor.py:175} INFO - Processing /home/airflow/.local/lib/python3.7/site-packages/airflow/example_dags/example_nested_branch_dag.py took 0.143 seconds
[2023-05-24T23:49:04.121+0000] {processor.py:153} INFO - Started process (PID=742) to work on /home/airflow/.local/lib/python3.7/site-packages/airflow/example_dags/example_nested_branch_dag.py
[2023-05-24T23:49:04.128+0000] {processor.py:743} INFO - Processing file /home/airflow/.local/lib/python3.7/site-packages/airflow/example_dags/example_nested_branch_dag.py for tasks to queue
[2023-05-24T23:49:04.137+0000] {logging_mixin.py:137} INFO - [2023-05-24T23:49:04.137+0000] {dagbag.py:538} INFO - Filling up the DagBag from /home/airflow/.local/lib/python3.7/site-packages/airflow/example_dags/example_nested_branch_dag.py
[2023-05-24T23:49:04.233+0000] {processor.py:753} INFO - DAG(s) dict_keys(['example_nested_branch_dag']) retrieved from /home/airflow/.local/lib/python3.7/site-packages/airflow/example_dags/example_nested_branch_dag.py
[2023-05-24T23:49:04.281+0000] {logging_mixin.py:137} INFO - [2023-05-24T23:49:04.281+0000] {dag.py:2690} INFO - Sync 1 DAGs
[2023-05-24T23:49:04.317+0000] {logging_mixin.py:137} INFO - [2023-05-24T23:49:04.317+0000] {dag.py:3441} INFO - Setting next_dagrun for example_nested_branch_dag to 2023-05-23T00:00:00+00:00, run_after=2023-05-24T00:00:00+00:00
[2023-05-24T23:49:04.350+0000] {processor.py:175} INFO - Processing /home/airflow/.local/lib/python3.7/site-packages/airflow/example_dags/example_nested_branch_dag.py took 0.249 seconds
[2023-05-24T23:49:35.453+0000] {processor.py:153} INFO - Started process (PID=802) to work on /home/airflow/.local/lib/python3.7/site-packages/airflow/example_dags/example_nested_branch_dag.py
[2023-05-24T23:49:35.456+0000] {processor.py:743} INFO - Processing file /home/airflow/.local/lib/python3.7/site-packages/airflow/example_dags/example_nested_branch_dag.py for tasks to queue
[2023-05-24T23:49:35.459+0000] {logging_mixin.py:137} INFO - [2023-05-24T23:49:35.458+0000] {dagbag.py:538} INFO - Filling up the DagBag from /home/airflow/.local/lib/python3.7/site-packages/airflow/example_dags/example_nested_branch_dag.py
[2023-05-24T23:49:35.517+0000] {processor.py:753} INFO - DAG(s) dict_keys(['example_nested_branch_dag']) retrieved from /home/airflow/.local/lib/python3.7/site-packages/airflow/example_dags/example_nested_branch_dag.py
[2023-05-24T23:49:35.578+0000] {logging_mixin.py:137} INFO - [2023-05-24T23:49:35.578+0000] {dag.py:2690} INFO - Sync 1 DAGs
[2023-05-24T23:49:35.630+0000] {logging_mixin.py:137} INFO - [2023-05-24T23:49:35.629+0000] {dag.py:3441} INFO - Setting next_dagrun for example_nested_branch_dag to 2023-05-23T00:00:00+00:00, run_after=2023-05-24T00:00:00+00:00
[2023-05-24T23:49:35.660+0000] {processor.py:175} INFO - Processing /home/airflow/.local/lib/python3.7/site-packages/airflow/example_dags/example_nested_branch_dag.py took 0.223 seconds
[2023-05-24T23:50:06.231+0000] {processor.py:153} INFO - Started process (PID=860) to work on /home/airflow/.local/lib/python3.7/site-packages/airflow/example_dags/example_nested_branch_dag.py
[2023-05-24T23:50:06.235+0000] {processor.py:743} INFO - Processing file /home/airflow/.local/lib/python3.7/site-packages/airflow/example_dags/example_nested_branch_dag.py for tasks to queue
[2023-05-24T23:50:06.238+0000] {logging_mixin.py:137} INFO - [2023-05-24T23:50:06.237+0000] {dagbag.py:538} INFO - Filling up the DagBag from /home/airflow/.local/lib/python3.7/site-packages/airflow/example_dags/example_nested_branch_dag.py
[2023-05-24T23:50:06.330+0000] {processor.py:753} INFO - DAG(s) dict_keys(['example_nested_branch_dag']) retrieved from /home/airflow/.local/lib/python3.7/site-packages/airflow/example_dags/example_nested_branch_dag.py
[2023-05-24T23:50:06.380+0000] {logging_mixin.py:137} INFO - [2023-05-24T23:50:06.380+0000] {dag.py:2690} INFO - Sync 1 DAGs
[2023-05-24T23:50:06.491+0000] {logging_mixin.py:137} INFO - [2023-05-24T23:50:06.489+0000] {dag.py:3441} INFO - Setting next_dagrun for example_nested_branch_dag to 2023-05-23T00:00:00+00:00, run_after=2023-05-24T00:00:00+00:00
[2023-05-24T23:50:06.618+0000] {processor.py:175} INFO - Processing /home/airflow/.local/lib/python3.7/site-packages/airflow/example_dags/example_nested_branch_dag.py took 0.400 seconds
[2023-05-24T23:50:37.528+0000] {processor.py:153} INFO - Started process (PID=920) to work on /home/airflow/.local/lib/python3.7/site-packages/airflow/example_dags/example_nested_branch_dag.py
[2023-05-24T23:50:37.532+0000] {processor.py:743} INFO - Processing file /home/airflow/.local/lib/python3.7/site-packages/airflow/example_dags/example_nested_branch_dag.py for tasks to queue
[2023-05-24T23:50:37.535+0000] {logging_mixin.py:137} INFO - [2023-05-24T23:50:37.535+0000] {dagbag.py:538} INFO - Filling up the DagBag from /home/airflow/.local/lib/python3.7/site-packages/airflow/example_dags/example_nested_branch_dag.py
[2023-05-24T23:50:37.629+0000] {processor.py:753} INFO - DAG(s) dict_keys(['example_nested_branch_dag']) retrieved from /home/airflow/.local/lib/python3.7/site-packages/airflow/example_dags/example_nested_branch_dag.py
[2023-05-24T23:50:37.777+0000] {logging_mixin.py:137} INFO - [2023-05-24T23:50:37.777+0000] {dag.py:2690} INFO - Sync 1 DAGs
[2023-05-24T23:50:37.864+0000] {logging_mixin.py:137} INFO - [2023-05-24T23:50:37.863+0000] {dag.py:3441} INFO - Setting next_dagrun for example_nested_branch_dag to 2023-05-23T00:00:00+00:00, run_after=2023-05-24T00:00:00+00:00
[2023-05-24T23:50:37.944+0000] {processor.py:175} INFO - Processing /home/airflow/.local/lib/python3.7/site-packages/airflow/example_dags/example_nested_branch_dag.py took 0.436 seconds
[2023-05-24T23:51:11.098+0000] {processor.py:153} INFO - Started process (PID=990) to work on /home/airflow/.local/lib/python3.7/site-packages/airflow/example_dags/example_nested_branch_dag.py
[2023-05-24T23:51:11.102+0000] {processor.py:743} INFO - Processing file /home/airflow/.local/lib/python3.7/site-packages/airflow/example_dags/example_nested_branch_dag.py for tasks to queue
[2023-05-24T23:51:11.106+0000] {logging_mixin.py:137} INFO - [2023-05-24T23:51:11.106+0000] {dagbag.py:538} INFO - Filling up the DagBag from /home/airflow/.local/lib/python3.7/site-packages/airflow/example_dags/example_nested_branch_dag.py
[2023-05-24T23:51:11.219+0000] {processor.py:753} INFO - DAG(s) dict_keys(['example_nested_branch_dag']) retrieved from /home/airflow/.local/lib/python3.7/site-packages/airflow/example_dags/example_nested_branch_dag.py
[2023-05-24T23:51:11.351+0000] {logging_mixin.py:137} INFO - [2023-05-24T23:51:11.350+0000] {dag.py:2690} INFO - Sync 1 DAGs
[2023-05-24T23:51:11.544+0000] {logging_mixin.py:137} INFO - [2023-05-24T23:51:11.544+0000] {dag.py:3441} INFO - Setting next_dagrun for example_nested_branch_dag to 2023-05-23T00:00:00+00:00, run_after=2023-05-24T00:00:00+00:00
[2023-05-24T23:51:11.720+0000] {processor.py:175} INFO - Processing /home/airflow/.local/lib/python3.7/site-packages/airflow/example_dags/example_nested_branch_dag.py took 0.635 seconds
[2023-05-24T23:51:42.139+0000] {processor.py:153} INFO - Started process (PID=1050) to work on /home/airflow/.local/lib/python3.7/site-packages/airflow/example_dags/example_nested_branch_dag.py
[2023-05-24T23:51:42.147+0000] {processor.py:743} INFO - Processing file /home/airflow/.local/lib/python3.7/site-packages/airflow/example_dags/example_nested_branch_dag.py for tasks to queue
[2023-05-24T23:51:42.149+0000] {logging_mixin.py:137} INFO - [2023-05-24T23:51:42.148+0000] {dagbag.py:538} INFO - Filling up the DagBag from /home/airflow/.local/lib/python3.7/site-packages/airflow/example_dags/example_nested_branch_dag.py
[2023-05-24T23:51:42.195+0000] {processor.py:753} INFO - DAG(s) dict_keys(['example_nested_branch_dag']) retrieved from /home/airflow/.local/lib/python3.7/site-packages/airflow/example_dags/example_nested_branch_dag.py
[2023-05-24T23:51:42.238+0000] {logging_mixin.py:137} INFO - [2023-05-24T23:51:42.238+0000] {dag.py:2690} INFO - Sync 1 DAGs
[2023-05-24T23:51:42.278+0000] {logging_mixin.py:137} INFO - [2023-05-24T23:51:42.277+0000] {dag.py:3441} INFO - Setting next_dagrun for example_nested_branch_dag to 2023-05-23T00:00:00+00:00, run_after=2023-05-24T00:00:00+00:00
[2023-05-24T23:51:42.313+0000] {processor.py:175} INFO - Processing /home/airflow/.local/lib/python3.7/site-packages/airflow/example_dags/example_nested_branch_dag.py took 0.180 seconds
[2023-05-24T23:52:12.501+0000] {processor.py:153} INFO - Started process (PID=1113) to work on /home/airflow/.local/lib/python3.7/site-packages/airflow/example_dags/example_nested_branch_dag.py
[2023-05-24T23:52:12.504+0000] {processor.py:743} INFO - Processing file /home/airflow/.local/lib/python3.7/site-packages/airflow/example_dags/example_nested_branch_dag.py for tasks to queue
[2023-05-24T23:52:12.505+0000] {logging_mixin.py:137} INFO - [2023-05-24T23:52:12.505+0000] {dagbag.py:538} INFO - Filling up the DagBag from /home/airflow/.local/lib/python3.7/site-packages/airflow/example_dags/example_nested_branch_dag.py
[2023-05-24T23:52:12.539+0000] {processor.py:753} INFO - DAG(s) dict_keys(['example_nested_branch_dag']) retrieved from /home/airflow/.local/lib/python3.7/site-packages/airflow/example_dags/example_nested_branch_dag.py
[2023-05-24T23:52:12.577+0000] {logging_mixin.py:137} INFO - [2023-05-24T23:52:12.576+0000] {dag.py:2690} INFO - Sync 1 DAGs
[2023-05-24T23:52:12.611+0000] {logging_mixin.py:137} INFO - [2023-05-24T23:52:12.610+0000] {dag.py:3441} INFO - Setting next_dagrun for example_nested_branch_dag to 2023-05-23T00:00:00+00:00, run_after=2023-05-24T00:00:00+00:00
[2023-05-24T23:52:12.640+0000] {processor.py:175} INFO - Processing /home/airflow/.local/lib/python3.7/site-packages/airflow/example_dags/example_nested_branch_dag.py took 0.144 seconds
[2023-05-24T23:52:43.393+0000] {processor.py:153} INFO - Started process (PID=1173) to work on /home/airflow/.local/lib/python3.7/site-packages/airflow/example_dags/example_nested_branch_dag.py
[2023-05-24T23:52:43.395+0000] {processor.py:743} INFO - Processing file /home/airflow/.local/lib/python3.7/site-packages/airflow/example_dags/example_nested_branch_dag.py for tasks to queue
[2023-05-24T23:52:43.399+0000] {logging_mixin.py:137} INFO - [2023-05-24T23:52:43.399+0000] {dagbag.py:538} INFO - Filling up the DagBag from /home/airflow/.local/lib/python3.7/site-packages/airflow/example_dags/example_nested_branch_dag.py
[2023-05-24T23:52:43.443+0000] {processor.py:753} INFO - DAG(s) dict_keys(['example_nested_branch_dag']) retrieved from /home/airflow/.local/lib/python3.7/site-packages/airflow/example_dags/example_nested_branch_dag.py
[2023-05-24T23:52:43.491+0000] {logging_mixin.py:137} INFO - [2023-05-24T23:52:43.491+0000] {dag.py:2690} INFO - Sync 1 DAGs
[2023-05-24T23:52:43.534+0000] {logging_mixin.py:137} INFO - [2023-05-24T23:52:43.534+0000] {dag.py:3441} INFO - Setting next_dagrun for example_nested_branch_dag to 2023-05-23T00:00:00+00:00, run_after=2023-05-24T00:00:00+00:00
[2023-05-24T23:52:43.581+0000] {processor.py:175} INFO - Processing /home/airflow/.local/lib/python3.7/site-packages/airflow/example_dags/example_nested_branch_dag.py took 0.198 seconds
[2023-05-24T23:53:14.184+0000] {processor.py:153} INFO - Started process (PID=1231) to work on /home/airflow/.local/lib/python3.7/site-packages/airflow/example_dags/example_nested_branch_dag.py
[2023-05-24T23:53:14.188+0000] {processor.py:743} INFO - Processing file /home/airflow/.local/lib/python3.7/site-packages/airflow/example_dags/example_nested_branch_dag.py for tasks to queue
[2023-05-24T23:53:14.193+0000] {logging_mixin.py:137} INFO - [2023-05-24T23:53:14.192+0000] {dagbag.py:538} INFO - Filling up the DagBag from /home/airflow/.local/lib/python3.7/site-packages/airflow/example_dags/example_nested_branch_dag.py
[2023-05-24T23:53:14.278+0000] {processor.py:753} INFO - DAG(s) dict_keys(['example_nested_branch_dag']) retrieved from /home/airflow/.local/lib/python3.7/site-packages/airflow/example_dags/example_nested_branch_dag.py
[2023-05-24T23:53:14.373+0000] {logging_mixin.py:137} INFO - [2023-05-24T23:53:14.373+0000] {dag.py:2690} INFO - Sync 1 DAGs
[2023-05-24T23:53:14.501+0000] {logging_mixin.py:137} INFO - [2023-05-24T23:53:14.501+0000] {dag.py:3441} INFO - Setting next_dagrun for example_nested_branch_dag to 2023-05-23T00:00:00+00:00, run_after=2023-05-24T00:00:00+00:00
[2023-05-24T23:53:14.632+0000] {processor.py:175} INFO - Processing /home/airflow/.local/lib/python3.7/site-packages/airflow/example_dags/example_nested_branch_dag.py took 0.467 seconds
[2023-05-24T23:53:44.805+0000] {processor.py:153} INFO - Started process (PID=1293) to work on /home/airflow/.local/lib/python3.7/site-packages/airflow/example_dags/example_nested_branch_dag.py
[2023-05-24T23:53:44.808+0000] {processor.py:743} INFO - Processing file /home/airflow/.local/lib/python3.7/site-packages/airflow/example_dags/example_nested_branch_dag.py for tasks to queue
[2023-05-24T23:53:44.811+0000] {logging_mixin.py:137} INFO - [2023-05-24T23:53:44.811+0000] {dagbag.py:538} INFO - Filling up the DagBag from /home/airflow/.local/lib/python3.7/site-packages/airflow/example_dags/example_nested_branch_dag.py
[2023-05-24T23:53:44.896+0000] {processor.py:753} INFO - DAG(s) dict_keys(['example_nested_branch_dag']) retrieved from /home/airflow/.local/lib/python3.7/site-packages/airflow/example_dags/example_nested_branch_dag.py
[2023-05-24T23:53:45.006+0000] {logging_mixin.py:137} INFO - [2023-05-24T23:53:45.006+0000] {dag.py:2690} INFO - Sync 1 DAGs
[2023-05-24T23:53:45.114+0000] {logging_mixin.py:137} INFO - [2023-05-24T23:53:45.112+0000] {dag.py:3441} INFO - Setting next_dagrun for example_nested_branch_dag to 2023-05-23T00:00:00+00:00, run_after=2023-05-24T00:00:00+00:00
[2023-05-24T23:53:45.174+0000] {processor.py:175} INFO - Processing /home/airflow/.local/lib/python3.7/site-packages/airflow/example_dags/example_nested_branch_dag.py took 0.379 seconds
[2023-05-24T23:54:15.334+0000] {processor.py:153} INFO - Started process (PID=1353) to work on /home/airflow/.local/lib/python3.7/site-packages/airflow/example_dags/example_nested_branch_dag.py
[2023-05-24T23:54:15.340+0000] {processor.py:743} INFO - Processing file /home/airflow/.local/lib/python3.7/site-packages/airflow/example_dags/example_nested_branch_dag.py for tasks to queue
[2023-05-24T23:54:15.345+0000] {logging_mixin.py:137} INFO - [2023-05-24T23:54:15.343+0000] {dagbag.py:538} INFO - Filling up the DagBag from /home/airflow/.local/lib/python3.7/site-packages/airflow/example_dags/example_nested_branch_dag.py
[2023-05-24T23:54:15.448+0000] {processor.py:753} INFO - DAG(s) dict_keys(['example_nested_branch_dag']) retrieved from /home/airflow/.local/lib/python3.7/site-packages/airflow/example_dags/example_nested_branch_dag.py
[2023-05-24T23:54:15.525+0000] {logging_mixin.py:137} INFO - [2023-05-24T23:54:15.525+0000] {dag.py:2690} INFO - Sync 1 DAGs
[2023-05-24T23:54:15.612+0000] {logging_mixin.py:137} INFO - [2023-05-24T23:54:15.612+0000] {dag.py:3441} INFO - Setting next_dagrun for example_nested_branch_dag to 2023-05-23T00:00:00+00:00, run_after=2023-05-24T00:00:00+00:00
[2023-05-24T23:54:15.703+0000] {processor.py:175} INFO - Processing /home/airflow/.local/lib/python3.7/site-packages/airflow/example_dags/example_nested_branch_dag.py took 0.380 seconds
[2023-05-24T23:54:47.471+0000] {processor.py:153} INFO - Started process (PID=1411) to work on /home/airflow/.local/lib/python3.7/site-packages/airflow/example_dags/example_nested_branch_dag.py
[2023-05-24T23:54:47.478+0000] {processor.py:743} INFO - Processing file /home/airflow/.local/lib/python3.7/site-packages/airflow/example_dags/example_nested_branch_dag.py for tasks to queue
[2023-05-24T23:54:47.482+0000] {logging_mixin.py:137} INFO - [2023-05-24T23:54:47.482+0000] {dagbag.py:538} INFO - Filling up the DagBag from /home/airflow/.local/lib/python3.7/site-packages/airflow/example_dags/example_nested_branch_dag.py
[2023-05-24T23:54:47.679+0000] {processor.py:753} INFO - DAG(s) dict_keys(['example_nested_branch_dag']) retrieved from /home/airflow/.local/lib/python3.7/site-packages/airflow/example_dags/example_nested_branch_dag.py
[2023-05-24T23:54:47.939+0000] {logging_mixin.py:137} INFO - [2023-05-24T23:54:47.938+0000] {dag.py:2690} INFO - Sync 1 DAGs
[2023-05-24T23:54:48.074+0000] {logging_mixin.py:137} INFO - [2023-05-24T23:54:48.074+0000] {dag.py:3441} INFO - Setting next_dagrun for example_nested_branch_dag to 2023-05-23T00:00:00+00:00, run_after=2023-05-24T00:00:00+00:00
[2023-05-24T23:54:48.145+0000] {processor.py:175} INFO - Processing /home/airflow/.local/lib/python3.7/site-packages/airflow/example_dags/example_nested_branch_dag.py took 0.706 seconds
[2023-05-24T23:55:18.314+0000] {processor.py:153} INFO - Started process (PID=1472) to work on /home/airflow/.local/lib/python3.7/site-packages/airflow/example_dags/example_nested_branch_dag.py
[2023-05-24T23:55:18.317+0000] {processor.py:743} INFO - Processing file /home/airflow/.local/lib/python3.7/site-packages/airflow/example_dags/example_nested_branch_dag.py for tasks to queue
[2023-05-24T23:55:18.321+0000] {logging_mixin.py:137} INFO - [2023-05-24T23:55:18.319+0000] {dagbag.py:538} INFO - Filling up the DagBag from /home/airflow/.local/lib/python3.7/site-packages/airflow/example_dags/example_nested_branch_dag.py
[2023-05-24T23:55:18.375+0000] {processor.py:753} INFO - DAG(s) dict_keys(['example_nested_branch_dag']) retrieved from /home/airflow/.local/lib/python3.7/site-packages/airflow/example_dags/example_nested_branch_dag.py
[2023-05-24T23:55:18.424+0000] {logging_mixin.py:137} INFO - [2023-05-24T23:55:18.424+0000] {dag.py:2690} INFO - Sync 1 DAGs
[2023-05-24T23:55:18.470+0000] {logging_mixin.py:137} INFO - [2023-05-24T23:55:18.470+0000] {dag.py:3441} INFO - Setting next_dagrun for example_nested_branch_dag to 2023-05-23T00:00:00+00:00, run_after=2023-05-24T00:00:00+00:00
[2023-05-24T23:55:18.507+0000] {processor.py:175} INFO - Processing /home/airflow/.local/lib/python3.7/site-packages/airflow/example_dags/example_nested_branch_dag.py took 0.202 seconds
[2023-05-24T23:55:49.457+0000] {processor.py:153} INFO - Started process (PID=1523) to work on /home/airflow/.local/lib/python3.7/site-packages/airflow/example_dags/example_nested_branch_dag.py
[2023-05-24T23:55:49.466+0000] {processor.py:743} INFO - Processing file /home/airflow/.local/lib/python3.7/site-packages/airflow/example_dags/example_nested_branch_dag.py for tasks to queue
[2023-05-24T23:55:49.473+0000] {logging_mixin.py:137} INFO - [2023-05-24T23:55:49.473+0000] {dagbag.py:538} INFO - Filling up the DagBag from /home/airflow/.local/lib/python3.7/site-packages/airflow/example_dags/example_nested_branch_dag.py
[2023-05-24T23:55:49.551+0000] {processor.py:753} INFO - DAG(s) dict_keys(['example_nested_branch_dag']) retrieved from /home/airflow/.local/lib/python3.7/site-packages/airflow/example_dags/example_nested_branch_dag.py
[2023-05-24T23:55:49.590+0000] {logging_mixin.py:137} INFO - [2023-05-24T23:55:49.590+0000] {dag.py:2690} INFO - Sync 1 DAGs
[2023-05-24T23:55:49.641+0000] {logging_mixin.py:137} INFO - [2023-05-24T23:55:49.640+0000] {dag.py:3441} INFO - Setting next_dagrun for example_nested_branch_dag to 2023-05-23T00:00:00+00:00, run_after=2023-05-24T00:00:00+00:00
[2023-05-24T23:55:49.676+0000] {processor.py:175} INFO - Processing /home/airflow/.local/lib/python3.7/site-packages/airflow/example_dags/example_nested_branch_dag.py took 0.225 seconds
[2023-05-24T23:56:19.907+0000] {processor.py:153} INFO - Started process (PID=1583) to work on /home/airflow/.local/lib/python3.7/site-packages/airflow/example_dags/example_nested_branch_dag.py
[2023-05-24T23:56:19.915+0000] {processor.py:743} INFO - Processing file /home/airflow/.local/lib/python3.7/site-packages/airflow/example_dags/example_nested_branch_dag.py for tasks to queue
[2023-05-24T23:56:19.918+0000] {logging_mixin.py:137} INFO - [2023-05-24T23:56:19.918+0000] {dagbag.py:538} INFO - Filling up the DagBag from /home/airflow/.local/lib/python3.7/site-packages/airflow/example_dags/example_nested_branch_dag.py
[2023-05-24T23:56:20.024+0000] {processor.py:753} INFO - DAG(s) dict_keys(['example_nested_branch_dag']) retrieved from /home/airflow/.local/lib/python3.7/site-packages/airflow/example_dags/example_nested_branch_dag.py
[2023-05-24T23:56:20.139+0000] {logging_mixin.py:137} INFO - [2023-05-24T23:56:20.139+0000] {dag.py:2690} INFO - Sync 1 DAGs
[2023-05-24T23:56:20.203+0000] {logging_mixin.py:137} INFO - [2023-05-24T23:56:20.202+0000] {dag.py:3441} INFO - Setting next_dagrun for example_nested_branch_dag to 2023-05-23T00:00:00+00:00, run_after=2023-05-24T00:00:00+00:00
[2023-05-24T23:56:20.237+0000] {processor.py:175} INFO - Processing /home/airflow/.local/lib/python3.7/site-packages/airflow/example_dags/example_nested_branch_dag.py took 0.343 seconds
[2023-05-24T23:56:50.437+0000] {processor.py:153} INFO - Started process (PID=1650) to work on /home/airflow/.local/lib/python3.7/site-packages/airflow/example_dags/example_nested_branch_dag.py
[2023-05-24T23:56:50.450+0000] {processor.py:743} INFO - Processing file /home/airflow/.local/lib/python3.7/site-packages/airflow/example_dags/example_nested_branch_dag.py for tasks to queue
[2023-05-24T23:56:50.458+0000] {logging_mixin.py:137} INFO - [2023-05-24T23:56:50.456+0000] {dagbag.py:538} INFO - Filling up the DagBag from /home/airflow/.local/lib/python3.7/site-packages/airflow/example_dags/example_nested_branch_dag.py
[2023-05-24T23:56:50.611+0000] {processor.py:753} INFO - DAG(s) dict_keys(['example_nested_branch_dag']) retrieved from /home/airflow/.local/lib/python3.7/site-packages/airflow/example_dags/example_nested_branch_dag.py
[2023-05-24T23:56:50.752+0000] {logging_mixin.py:137} INFO - [2023-05-24T23:56:50.752+0000] {dag.py:2690} INFO - Sync 1 DAGs
[2023-05-24T23:56:50.880+0000] {logging_mixin.py:137} INFO - [2023-05-24T23:56:50.880+0000] {dag.py:3441} INFO - Setting next_dagrun for example_nested_branch_dag to 2023-05-23T00:00:00+00:00, run_after=2023-05-24T00:00:00+00:00
[2023-05-24T23:56:50.972+0000] {processor.py:175} INFO - Processing /home/airflow/.local/lib/python3.7/site-packages/airflow/example_dags/example_nested_branch_dag.py took 0.555 seconds
[2023-05-24T23:57:21.745+0000] {processor.py:153} INFO - Started process (PID=1712) to work on /home/airflow/.local/lib/python3.7/site-packages/airflow/example_dags/example_nested_branch_dag.py
[2023-05-24T23:57:21.749+0000] {processor.py:743} INFO - Processing file /home/airflow/.local/lib/python3.7/site-packages/airflow/example_dags/example_nested_branch_dag.py for tasks to queue
[2023-05-24T23:57:21.753+0000] {logging_mixin.py:137} INFO - [2023-05-24T23:57:21.753+0000] {dagbag.py:538} INFO - Filling up the DagBag from /home/airflow/.local/lib/python3.7/site-packages/airflow/example_dags/example_nested_branch_dag.py
[2023-05-24T23:57:21.801+0000] {processor.py:753} INFO - DAG(s) dict_keys(['example_nested_branch_dag']) retrieved from /home/airflow/.local/lib/python3.7/site-packages/airflow/example_dags/example_nested_branch_dag.py
[2023-05-24T23:57:21.843+0000] {logging_mixin.py:137} INFO - [2023-05-24T23:57:21.842+0000] {dag.py:2690} INFO - Sync 1 DAGs
[2023-05-24T23:57:21.893+0000] {logging_mixin.py:137} INFO - [2023-05-24T23:57:21.893+0000] {dag.py:3441} INFO - Setting next_dagrun for example_nested_branch_dag to 2023-05-23T00:00:00+00:00, run_after=2023-05-24T00:00:00+00:00
[2023-05-24T23:57:21.928+0000] {processor.py:175} INFO - Processing /home/airflow/.local/lib/python3.7/site-packages/airflow/example_dags/example_nested_branch_dag.py took 0.192 seconds
[2023-05-24T23:58:02.274+0000] {processor.py:153} INFO - Started process (PID=1778) to work on /home/airflow/.local/lib/python3.7/site-packages/airflow/example_dags/example_nested_branch_dag.py
[2023-05-24T23:58:02.276+0000] {processor.py:743} INFO - Processing file /home/airflow/.local/lib/python3.7/site-packages/airflow/example_dags/example_nested_branch_dag.py for tasks to queue
[2023-05-24T23:58:02.279+0000] {logging_mixin.py:137} INFO - [2023-05-24T23:58:02.278+0000] {dagbag.py:538} INFO - Filling up the DagBag from /home/airflow/.local/lib/python3.7/site-packages/airflow/example_dags/example_nested_branch_dag.py
[2023-05-24T23:58:02.457+0000] {processor.py:753} INFO - DAG(s) dict_keys(['example_nested_branch_dag']) retrieved from /home/airflow/.local/lib/python3.7/site-packages/airflow/example_dags/example_nested_branch_dag.py
[2023-05-24T23:58:02.611+0000] {logging_mixin.py:137} INFO - [2023-05-24T23:58:02.610+0000] {dag.py:2690} INFO - Sync 1 DAGs
[2023-05-24T23:58:02.704+0000] {logging_mixin.py:137} INFO - [2023-05-24T23:58:02.703+0000] {dag.py:3441} INFO - Setting next_dagrun for example_nested_branch_dag to 2023-05-23T00:00:00+00:00, run_after=2023-05-24T00:00:00+00:00
[2023-05-24T23:58:02.764+0000] {processor.py:175} INFO - Processing /home/airflow/.local/lib/python3.7/site-packages/airflow/example_dags/example_nested_branch_dag.py took 0.506 seconds
[2023-05-24T23:58:33.578+0000] {processor.py:153} INFO - Started process (PID=1839) to work on /home/airflow/.local/lib/python3.7/site-packages/airflow/example_dags/example_nested_branch_dag.py
[2023-05-24T23:58:33.583+0000] {processor.py:743} INFO - Processing file /home/airflow/.local/lib/python3.7/site-packages/airflow/example_dags/example_nested_branch_dag.py for tasks to queue
[2023-05-24T23:58:33.586+0000] {logging_mixin.py:137} INFO - [2023-05-24T23:58:33.586+0000] {dagbag.py:538} INFO - Filling up the DagBag from /home/airflow/.local/lib/python3.7/site-packages/airflow/example_dags/example_nested_branch_dag.py
[2023-05-24T23:58:33.623+0000] {processor.py:753} INFO - DAG(s) dict_keys(['example_nested_branch_dag']) retrieved from /home/airflow/.local/lib/python3.7/site-packages/airflow/example_dags/example_nested_branch_dag.py
[2023-05-24T23:58:33.668+0000] {logging_mixin.py:137} INFO - [2023-05-24T23:58:33.668+0000] {dag.py:2690} INFO - Sync 1 DAGs
[2023-05-24T23:58:33.709+0000] {logging_mixin.py:137} INFO - [2023-05-24T23:58:33.709+0000] {dag.py:3441} INFO - Setting next_dagrun for example_nested_branch_dag to 2023-05-23T00:00:00+00:00, run_after=2023-05-24T00:00:00+00:00
[2023-05-24T23:58:33.753+0000] {processor.py:175} INFO - Processing /home/airflow/.local/lib/python3.7/site-packages/airflow/example_dags/example_nested_branch_dag.py took 0.183 seconds
[2023-05-24T23:59:03.913+0000] {processor.py:153} INFO - Started process (PID=1898) to work on /home/airflow/.local/lib/python3.7/site-packages/airflow/example_dags/example_nested_branch_dag.py
[2023-05-24T23:59:03.919+0000] {processor.py:743} INFO - Processing file /home/airflow/.local/lib/python3.7/site-packages/airflow/example_dags/example_nested_branch_dag.py for tasks to queue
[2023-05-24T23:59:03.922+0000] {logging_mixin.py:137} INFO - [2023-05-24T23:59:03.922+0000] {dagbag.py:538} INFO - Filling up the DagBag from /home/airflow/.local/lib/python3.7/site-packages/airflow/example_dags/example_nested_branch_dag.py
[2023-05-24T23:59:03.964+0000] {processor.py:753} INFO - DAG(s) dict_keys(['example_nested_branch_dag']) retrieved from /home/airflow/.local/lib/python3.7/site-packages/airflow/example_dags/example_nested_branch_dag.py
[2023-05-24T23:59:04.037+0000] {logging_mixin.py:137} INFO - [2023-05-24T23:59:04.037+0000] {dag.py:2690} INFO - Sync 1 DAGs
[2023-05-24T23:59:04.079+0000] {logging_mixin.py:137} INFO - [2023-05-24T23:59:04.079+0000] {dag.py:3441} INFO - Setting next_dagrun for example_nested_branch_dag to 2023-05-23T00:00:00+00:00, run_after=2023-05-24T00:00:00+00:00
[2023-05-24T23:59:04.116+0000] {processor.py:175} INFO - Processing /home/airflow/.local/lib/python3.7/site-packages/airflow/example_dags/example_nested_branch_dag.py took 0.214 seconds
