[2023-05-24T23:13:30.971+0000] {processor.py:153} INFO - Started process (PID=90) to work on /home/airflow/.local/lib/python3.7/site-packages/airflow/example_dags/example_sensors.py
[2023-05-24T23:13:30.985+0000] {processor.py:743} INFO - Processing file /home/airflow/.local/lib/python3.7/site-packages/airflow/example_dags/example_sensors.py for tasks to queue
[2023-05-24T23:13:31.003+0000] {logging_mixin.py:137} INFO - [2023-05-24T23:13:31.002+0000] {dagbag.py:538} INFO - Filling up the DagBag from /home/airflow/.local/lib/python3.7/site-packages/airflow/example_dags/example_sensors.py
[2023-05-24T23:13:31.336+0000] {processor.py:753} INFO - DAG(s) dict_keys(['example_sensors']) retrieved from /home/airflow/.local/lib/python3.7/site-packages/airflow/example_dags/example_sensors.py
[2023-05-24T23:13:31.485+0000] {logging_mixin.py:137} INFO - [2023-05-24T23:13:31.485+0000] {dag.py:2690} INFO - Sync 1 DAGs
[2023-05-24T23:13:31.869+0000] {logging_mixin.py:137} INFO - [2023-05-24T23:13:31.869+0000] {dag.py:3441} INFO - Setting next_dagrun for example_sensors to None, run_after=None
[2023-05-24T23:13:32.107+0000] {processor.py:175} INFO - Processing /home/airflow/.local/lib/python3.7/site-packages/airflow/example_dags/example_sensors.py took 1.270 seconds
[2023-05-24T23:14:02.467+0000] {processor.py:153} INFO - Started process (PID=142) to work on /home/airflow/.local/lib/python3.7/site-packages/airflow/example_dags/example_sensors.py
[2023-05-24T23:14:02.471+0000] {processor.py:743} INFO - Processing file /home/airflow/.local/lib/python3.7/site-packages/airflow/example_dags/example_sensors.py for tasks to queue
[2023-05-24T23:14:02.475+0000] {logging_mixin.py:137} INFO - [2023-05-24T23:14:02.474+0000] {dagbag.py:538} INFO - Filling up the DagBag from /home/airflow/.local/lib/python3.7/site-packages/airflow/example_dags/example_sensors.py
[2023-05-24T23:14:02.532+0000] {processor.py:753} INFO - DAG(s) dict_keys(['example_sensors']) retrieved from /home/airflow/.local/lib/python3.7/site-packages/airflow/example_dags/example_sensors.py
[2023-05-24T23:14:02.585+0000] {logging_mixin.py:137} INFO - [2023-05-24T23:14:02.584+0000] {dag.py:2690} INFO - Sync 1 DAGs
[2023-05-24T23:14:02.626+0000] {logging_mixin.py:137} INFO - [2023-05-24T23:14:02.626+0000] {dag.py:3441} INFO - Setting next_dagrun for example_sensors to None, run_after=None
[2023-05-24T23:14:02.661+0000] {processor.py:175} INFO - Processing /home/airflow/.local/lib/python3.7/site-packages/airflow/example_dags/example_sensors.py took 0.218 seconds
[2023-05-24T23:14:39.070+0000] {processor.py:153} INFO - Started process (PID=200) to work on /home/airflow/.local/lib/python3.7/site-packages/airflow/example_dags/example_sensors.py
[2023-05-24T23:14:39.074+0000] {processor.py:743} INFO - Processing file /home/airflow/.local/lib/python3.7/site-packages/airflow/example_dags/example_sensors.py for tasks to queue
[2023-05-24T23:14:39.080+0000] {logging_mixin.py:137} INFO - [2023-05-24T23:14:39.078+0000] {dagbag.py:538} INFO - Filling up the DagBag from /home/airflow/.local/lib/python3.7/site-packages/airflow/example_dags/example_sensors.py
[2023-05-24T23:14:39.259+0000] {processor.py:753} INFO - DAG(s) dict_keys(['example_sensors']) retrieved from /home/airflow/.local/lib/python3.7/site-packages/airflow/example_dags/example_sensors.py
[2023-05-24T23:14:39.508+0000] {logging_mixin.py:137} INFO - [2023-05-24T23:14:39.508+0000] {dag.py:2690} INFO - Sync 1 DAGs
[2023-05-24T23:14:39.711+0000] {logging_mixin.py:137} INFO - [2023-05-24T23:14:39.711+0000] {dag.py:3441} INFO - Setting next_dagrun for example_sensors to None, run_after=None
[2023-05-24T23:14:41.488+0000] {processor.py:175} INFO - Processing /home/airflow/.local/lib/python3.7/site-packages/airflow/example_dags/example_sensors.py took 2.449 seconds
[2023-05-24T23:15:27.808+0000] {processor.py:153} INFO - Started process (PID=266) to work on /home/airflow/.local/lib/python3.7/site-packages/airflow/example_dags/example_sensors.py
[2023-05-24T23:15:27.823+0000] {processor.py:743} INFO - Processing file /home/airflow/.local/lib/python3.7/site-packages/airflow/example_dags/example_sensors.py for tasks to queue
[2023-05-24T23:15:27.837+0000] {logging_mixin.py:137} INFO - [2023-05-24T23:15:27.837+0000] {dagbag.py:538} INFO - Filling up the DagBag from /home/airflow/.local/lib/python3.7/site-packages/airflow/example_dags/example_sensors.py
[2023-05-24T23:15:28.509+0000] {processor.py:753} INFO - DAG(s) dict_keys(['example_sensors']) retrieved from /home/airflow/.local/lib/python3.7/site-packages/airflow/example_dags/example_sensors.py
[2023-05-24T23:15:29.264+0000] {logging_mixin.py:137} INFO - [2023-05-24T23:15:29.264+0000] {dag.py:2690} INFO - Sync 1 DAGs
[2023-05-24T23:15:30.079+0000] {logging_mixin.py:137} INFO - [2023-05-24T23:15:30.078+0000] {dag.py:3441} INFO - Setting next_dagrun for example_sensors to None, run_after=None
[2023-05-24T23:15:30.343+0000] {processor.py:175} INFO - Processing /home/airflow/.local/lib/python3.7/site-packages/airflow/example_dags/example_sensors.py took 2.562 seconds
[2023-05-24T23:16:05.389+0000] {processor.py:153} INFO - Started process (PID=317) to work on /home/airflow/.local/lib/python3.7/site-packages/airflow/example_dags/example_sensors.py
[2023-05-24T23:16:05.398+0000] {processor.py:743} INFO - Processing file /home/airflow/.local/lib/python3.7/site-packages/airflow/example_dags/example_sensors.py for tasks to queue
[2023-05-24T23:16:05.402+0000] {logging_mixin.py:137} INFO - [2023-05-24T23:16:05.401+0000] {dagbag.py:538} INFO - Filling up the DagBag from /home/airflow/.local/lib/python3.7/site-packages/airflow/example_dags/example_sensors.py
[2023-05-24T23:16:05.479+0000] {processor.py:753} INFO - DAG(s) dict_keys(['example_sensors']) retrieved from /home/airflow/.local/lib/python3.7/site-packages/airflow/example_dags/example_sensors.py
[2023-05-24T23:16:05.609+0000] {logging_mixin.py:137} INFO - [2023-05-24T23:16:05.609+0000] {dag.py:2690} INFO - Sync 1 DAGs
[2023-05-24T23:16:05.749+0000] {logging_mixin.py:137} INFO - [2023-05-24T23:16:05.749+0000] {dag.py:3441} INFO - Setting next_dagrun for example_sensors to None, run_after=None
[2023-05-24T23:16:05.811+0000] {processor.py:175} INFO - Processing /home/airflow/.local/lib/python3.7/site-packages/airflow/example_dags/example_sensors.py took 0.443 seconds
[2023-05-24T23:17:28.776+0000] {processor.py:153} INFO - Started process (PID=389) to work on /home/airflow/.local/lib/python3.7/site-packages/airflow/example_dags/example_sensors.py
[2023-05-24T23:17:28.788+0000] {processor.py:743} INFO - Processing file /home/airflow/.local/lib/python3.7/site-packages/airflow/example_dags/example_sensors.py for tasks to queue
[2023-05-24T23:17:28.797+0000] {logging_mixin.py:137} INFO - [2023-05-24T23:17:28.797+0000] {dagbag.py:538} INFO - Filling up the DagBag from /home/airflow/.local/lib/python3.7/site-packages/airflow/example_dags/example_sensors.py
[2023-05-24T23:17:29.429+0000] {processor.py:753} INFO - DAG(s) dict_keys(['example_sensors']) retrieved from /home/airflow/.local/lib/python3.7/site-packages/airflow/example_dags/example_sensors.py
[2023-05-24T23:17:29.794+0000] {logging_mixin.py:137} INFO - [2023-05-24T23:17:29.793+0000] {dag.py:2690} INFO - Sync 1 DAGs
[2023-05-24T23:17:29.994+0000] {logging_mixin.py:137} INFO - [2023-05-24T23:17:29.994+0000] {dag.py:3441} INFO - Setting next_dagrun for example_sensors to None, run_after=None
[2023-05-24T23:17:30.907+0000] {processor.py:175} INFO - Processing /home/airflow/.local/lib/python3.7/site-packages/airflow/example_dags/example_sensors.py took 2.165 seconds
[2023-05-24T23:18:13.799+0000] {processor.py:153} INFO - Started process (PID=459) to work on /home/airflow/.local/lib/python3.7/site-packages/airflow/example_dags/example_sensors.py
[2023-05-24T23:18:13.806+0000] {processor.py:743} INFO - Processing file /home/airflow/.local/lib/python3.7/site-packages/airflow/example_dags/example_sensors.py for tasks to queue
[2023-05-24T23:18:13.811+0000] {logging_mixin.py:137} INFO - [2023-05-24T23:18:13.811+0000] {dagbag.py:538} INFO - Filling up the DagBag from /home/airflow/.local/lib/python3.7/site-packages/airflow/example_dags/example_sensors.py
[2023-05-24T23:18:14.028+0000] {processor.py:753} INFO - DAG(s) dict_keys(['example_sensors']) retrieved from /home/airflow/.local/lib/python3.7/site-packages/airflow/example_dags/example_sensors.py
[2023-05-24T23:18:14.257+0000] {logging_mixin.py:137} INFO - [2023-05-24T23:18:14.257+0000] {dag.py:2690} INFO - Sync 1 DAGs
[2023-05-24T23:18:14.343+0000] {logging_mixin.py:137} INFO - [2023-05-24T23:18:14.343+0000] {dag.py:3441} INFO - Setting next_dagrun for example_sensors to None, run_after=None
[2023-05-24T23:18:14.442+0000] {processor.py:175} INFO - Processing /home/airflow/.local/lib/python3.7/site-packages/airflow/example_dags/example_sensors.py took 0.686 seconds
[2023-05-24T23:20:27.176+0000] {processor.py:153} INFO - Started process (PID=74) to work on /home/airflow/.local/lib/python3.7/site-packages/airflow/example_dags/example_sensors.py
[2023-05-24T23:20:27.192+0000] {processor.py:743} INFO - Processing file /home/airflow/.local/lib/python3.7/site-packages/airflow/example_dags/example_sensors.py for tasks to queue
[2023-05-24T23:20:27.203+0000] {logging_mixin.py:137} INFO - [2023-05-24T23:20:27.202+0000] {dagbag.py:538} INFO - Filling up the DagBag from /home/airflow/.local/lib/python3.7/site-packages/airflow/example_dags/example_sensors.py
[2023-05-24T23:20:27.507+0000] {processor.py:753} INFO - DAG(s) dict_keys(['example_sensors']) retrieved from /home/airflow/.local/lib/python3.7/site-packages/airflow/example_dags/example_sensors.py
[2023-05-24T23:20:27.974+0000] {logging_mixin.py:137} INFO - [2023-05-24T23:20:27.974+0000] {dag.py:2690} INFO - Sync 1 DAGs
[2023-05-24T23:20:28.394+0000] {logging_mixin.py:137} INFO - [2023-05-24T23:20:28.393+0000] {dag.py:3441} INFO - Setting next_dagrun for example_sensors to None, run_after=None
[2023-05-24T23:20:28.771+0000] {processor.py:175} INFO - Processing /home/airflow/.local/lib/python3.7/site-packages/airflow/example_dags/example_sensors.py took 1.663 seconds
[2023-05-24T23:20:59.765+0000] {processor.py:153} INFO - Started process (PID=134) to work on /home/airflow/.local/lib/python3.7/site-packages/airflow/example_dags/example_sensors.py
[2023-05-24T23:20:59.769+0000] {processor.py:743} INFO - Processing file /home/airflow/.local/lib/python3.7/site-packages/airflow/example_dags/example_sensors.py for tasks to queue
[2023-05-24T23:20:59.772+0000] {logging_mixin.py:137} INFO - [2023-05-24T23:20:59.772+0000] {dagbag.py:538} INFO - Filling up the DagBag from /home/airflow/.local/lib/python3.7/site-packages/airflow/example_dags/example_sensors.py
[2023-05-24T23:20:59.814+0000] {processor.py:753} INFO - DAG(s) dict_keys(['example_sensors']) retrieved from /home/airflow/.local/lib/python3.7/site-packages/airflow/example_dags/example_sensors.py
[2023-05-24T23:20:59.852+0000] {logging_mixin.py:137} INFO - [2023-05-24T23:20:59.851+0000] {dag.py:2690} INFO - Sync 1 DAGs
[2023-05-24T23:20:59.887+0000] {logging_mixin.py:137} INFO - [2023-05-24T23:20:59.887+0000] {dag.py:3441} INFO - Setting next_dagrun for example_sensors to None, run_after=None
[2023-05-24T23:20:59.944+0000] {processor.py:175} INFO - Processing /home/airflow/.local/lib/python3.7/site-packages/airflow/example_dags/example_sensors.py took 0.198 seconds
[2023-05-24T23:21:30.511+0000] {processor.py:153} INFO - Started process (PID=203) to work on /home/airflow/.local/lib/python3.7/site-packages/airflow/example_dags/example_sensors.py
[2023-05-24T23:21:30.518+0000] {processor.py:743} INFO - Processing file /home/airflow/.local/lib/python3.7/site-packages/airflow/example_dags/example_sensors.py for tasks to queue
[2023-05-24T23:21:30.524+0000] {logging_mixin.py:137} INFO - [2023-05-24T23:21:30.524+0000] {dagbag.py:538} INFO - Filling up the DagBag from /home/airflow/.local/lib/python3.7/site-packages/airflow/example_dags/example_sensors.py
[2023-05-24T23:21:30.555+0000] {processor.py:753} INFO - DAG(s) dict_keys(['example_sensors']) retrieved from /home/airflow/.local/lib/python3.7/site-packages/airflow/example_dags/example_sensors.py
[2023-05-24T23:21:30.597+0000] {logging_mixin.py:137} INFO - [2023-05-24T23:21:30.597+0000] {dag.py:2690} INFO - Sync 1 DAGs
[2023-05-24T23:21:30.635+0000] {logging_mixin.py:137} INFO - [2023-05-24T23:21:30.635+0000] {dag.py:3441} INFO - Setting next_dagrun for example_sensors to None, run_after=None
[2023-05-24T23:21:30.668+0000] {processor.py:175} INFO - Processing /home/airflow/.local/lib/python3.7/site-packages/airflow/example_dags/example_sensors.py took 0.180 seconds
[2023-05-24T23:22:01.023+0000] {processor.py:153} INFO - Started process (PID=264) to work on /home/airflow/.local/lib/python3.7/site-packages/airflow/example_dags/example_sensors.py
[2023-05-24T23:22:01.028+0000] {processor.py:743} INFO - Processing file /home/airflow/.local/lib/python3.7/site-packages/airflow/example_dags/example_sensors.py for tasks to queue
[2023-05-24T23:22:01.030+0000] {logging_mixin.py:137} INFO - [2023-05-24T23:22:01.030+0000] {dagbag.py:538} INFO - Filling up the DagBag from /home/airflow/.local/lib/python3.7/site-packages/airflow/example_dags/example_sensors.py
[2023-05-24T23:22:01.056+0000] {processor.py:753} INFO - DAG(s) dict_keys(['example_sensors']) retrieved from /home/airflow/.local/lib/python3.7/site-packages/airflow/example_dags/example_sensors.py
[2023-05-24T23:22:01.102+0000] {logging_mixin.py:137} INFO - [2023-05-24T23:22:01.102+0000] {dag.py:2690} INFO - Sync 1 DAGs
[2023-05-24T23:22:01.156+0000] {logging_mixin.py:137} INFO - [2023-05-24T23:22:01.156+0000] {dag.py:3441} INFO - Setting next_dagrun for example_sensors to None, run_after=None
[2023-05-24T23:22:01.254+0000] {processor.py:175} INFO - Processing /home/airflow/.local/lib/python3.7/site-packages/airflow/example_dags/example_sensors.py took 0.236 seconds
[2023-05-24T23:22:31.442+0000] {processor.py:153} INFO - Started process (PID=323) to work on /home/airflow/.local/lib/python3.7/site-packages/airflow/example_dags/example_sensors.py
[2023-05-24T23:22:31.444+0000] {processor.py:743} INFO - Processing file /home/airflow/.local/lib/python3.7/site-packages/airflow/example_dags/example_sensors.py for tasks to queue
[2023-05-24T23:22:31.446+0000] {logging_mixin.py:137} INFO - [2023-05-24T23:22:31.446+0000] {dagbag.py:538} INFO - Filling up the DagBag from /home/airflow/.local/lib/python3.7/site-packages/airflow/example_dags/example_sensors.py
[2023-05-24T23:22:31.472+0000] {processor.py:753} INFO - DAG(s) dict_keys(['example_sensors']) retrieved from /home/airflow/.local/lib/python3.7/site-packages/airflow/example_dags/example_sensors.py
[2023-05-24T23:22:31.512+0000] {logging_mixin.py:137} INFO - [2023-05-24T23:22:31.512+0000] {dag.py:2690} INFO - Sync 1 DAGs
[2023-05-24T23:22:31.545+0000] {logging_mixin.py:137} INFO - [2023-05-24T23:22:31.545+0000] {dag.py:3441} INFO - Setting next_dagrun for example_sensors to None, run_after=None
[2023-05-24T23:22:31.579+0000] {processor.py:175} INFO - Processing /home/airflow/.local/lib/python3.7/site-packages/airflow/example_dags/example_sensors.py took 0.142 seconds
[2023-05-24T23:23:01.775+0000] {processor.py:153} INFO - Started process (PID=383) to work on /home/airflow/.local/lib/python3.7/site-packages/airflow/example_dags/example_sensors.py
[2023-05-24T23:23:01.778+0000] {processor.py:743} INFO - Processing file /home/airflow/.local/lib/python3.7/site-packages/airflow/example_dags/example_sensors.py for tasks to queue
[2023-05-24T23:23:01.781+0000] {logging_mixin.py:137} INFO - [2023-05-24T23:23:01.780+0000] {dagbag.py:538} INFO - Filling up the DagBag from /home/airflow/.local/lib/python3.7/site-packages/airflow/example_dags/example_sensors.py
[2023-05-24T23:23:01.812+0000] {processor.py:753} INFO - DAG(s) dict_keys(['example_sensors']) retrieved from /home/airflow/.local/lib/python3.7/site-packages/airflow/example_dags/example_sensors.py
[2023-05-24T23:23:01.865+0000] {logging_mixin.py:137} INFO - [2023-05-24T23:23:01.864+0000] {dag.py:2690} INFO - Sync 1 DAGs
[2023-05-24T23:23:01.898+0000] {logging_mixin.py:137} INFO - [2023-05-24T23:23:01.898+0000] {dag.py:3441} INFO - Setting next_dagrun for example_sensors to None, run_after=None
[2023-05-24T23:23:01.941+0000] {processor.py:175} INFO - Processing /home/airflow/.local/lib/python3.7/site-packages/airflow/example_dags/example_sensors.py took 0.171 seconds
[2023-05-24T23:23:33.034+0000] {processor.py:153} INFO - Started process (PID=449) to work on /home/airflow/.local/lib/python3.7/site-packages/airflow/example_dags/example_sensors.py
[2023-05-24T23:23:33.128+0000] {processor.py:743} INFO - Processing file /home/airflow/.local/lib/python3.7/site-packages/airflow/example_dags/example_sensors.py for tasks to queue
[2023-05-24T23:23:33.245+0000] {logging_mixin.py:137} INFO - [2023-05-24T23:23:33.245+0000] {dagbag.py:538} INFO - Filling up the DagBag from /home/airflow/.local/lib/python3.7/site-packages/airflow/example_dags/example_sensors.py
[2023-05-24T23:23:34.560+0000] {processor.py:753} INFO - DAG(s) dict_keys(['example_sensors']) retrieved from /home/airflow/.local/lib/python3.7/site-packages/airflow/example_dags/example_sensors.py
[2023-05-24T23:23:34.754+0000] {logging_mixin.py:137} INFO - [2023-05-24T23:23:34.754+0000] {dag.py:2690} INFO - Sync 1 DAGs
[2023-05-24T23:23:34.890+0000] {logging_mixin.py:137} INFO - [2023-05-24T23:23:34.890+0000] {dag.py:3441} INFO - Setting next_dagrun for example_sensors to None, run_after=None
[2023-05-24T23:23:34.981+0000] {processor.py:175} INFO - Processing /home/airflow/.local/lib/python3.7/site-packages/airflow/example_dags/example_sensors.py took 2.403 seconds
[2023-05-24T23:24:07.568+0000] {processor.py:153} INFO - Started process (PID=509) to work on /home/airflow/.local/lib/python3.7/site-packages/airflow/example_dags/example_sensors.py
[2023-05-24T23:24:07.576+0000] {processor.py:743} INFO - Processing file /home/airflow/.local/lib/python3.7/site-packages/airflow/example_dags/example_sensors.py for tasks to queue
[2023-05-24T23:24:07.597+0000] {logging_mixin.py:137} INFO - [2023-05-24T23:24:07.596+0000] {dagbag.py:538} INFO - Filling up the DagBag from /home/airflow/.local/lib/python3.7/site-packages/airflow/example_dags/example_sensors.py
[2023-05-24T23:24:08.061+0000] {processor.py:753} INFO - DAG(s) dict_keys(['example_sensors']) retrieved from /home/airflow/.local/lib/python3.7/site-packages/airflow/example_dags/example_sensors.py
[2023-05-24T23:24:08.389+0000] {logging_mixin.py:137} INFO - [2023-05-24T23:24:08.389+0000] {dag.py:2690} INFO - Sync 1 DAGs
[2023-05-24T23:24:08.842+0000] {logging_mixin.py:137} INFO - [2023-05-24T23:24:08.842+0000] {dag.py:3441} INFO - Setting next_dagrun for example_sensors to None, run_after=None
[2023-05-24T23:24:09.211+0000] {processor.py:175} INFO - Processing /home/airflow/.local/lib/python3.7/site-packages/airflow/example_dags/example_sensors.py took 1.691 seconds
[2023-05-24T23:24:39.511+0000] {processor.py:153} INFO - Started process (PID=571) to work on /home/airflow/.local/lib/python3.7/site-packages/airflow/example_dags/example_sensors.py
[2023-05-24T23:24:39.519+0000] {processor.py:743} INFO - Processing file /home/airflow/.local/lib/python3.7/site-packages/airflow/example_dags/example_sensors.py for tasks to queue
[2023-05-24T23:24:39.524+0000] {logging_mixin.py:137} INFO - [2023-05-24T23:24:39.524+0000] {dagbag.py:538} INFO - Filling up the DagBag from /home/airflow/.local/lib/python3.7/site-packages/airflow/example_dags/example_sensors.py
[2023-05-24T23:24:39.632+0000] {processor.py:753} INFO - DAG(s) dict_keys(['example_sensors']) retrieved from /home/airflow/.local/lib/python3.7/site-packages/airflow/example_dags/example_sensors.py
[2023-05-24T23:24:39.743+0000] {logging_mixin.py:137} INFO - [2023-05-24T23:24:39.741+0000] {dag.py:2690} INFO - Sync 1 DAGs
[2023-05-24T23:24:39.846+0000] {logging_mixin.py:137} INFO - [2023-05-24T23:24:39.846+0000] {dag.py:3441} INFO - Setting next_dagrun for example_sensors to None, run_after=None
[2023-05-24T23:24:39.899+0000] {processor.py:175} INFO - Processing /home/airflow/.local/lib/python3.7/site-packages/airflow/example_dags/example_sensors.py took 0.418 seconds
[2023-05-24T23:25:10.001+0000] {processor.py:153} INFO - Started process (PID=631) to work on /home/airflow/.local/lib/python3.7/site-packages/airflow/example_dags/example_sensors.py
[2023-05-24T23:25:10.011+0000] {processor.py:743} INFO - Processing file /home/airflow/.local/lib/python3.7/site-packages/airflow/example_dags/example_sensors.py for tasks to queue
[2023-05-24T23:25:10.014+0000] {logging_mixin.py:137} INFO - [2023-05-24T23:25:10.014+0000] {dagbag.py:538} INFO - Filling up the DagBag from /home/airflow/.local/lib/python3.7/site-packages/airflow/example_dags/example_sensors.py
[2023-05-24T23:25:10.097+0000] {processor.py:753} INFO - DAG(s) dict_keys(['example_sensors']) retrieved from /home/airflow/.local/lib/python3.7/site-packages/airflow/example_dags/example_sensors.py
[2023-05-24T23:25:10.192+0000] {logging_mixin.py:137} INFO - [2023-05-24T23:25:10.192+0000] {dag.py:2690} INFO - Sync 1 DAGs
[2023-05-24T23:25:10.260+0000] {logging_mixin.py:137} INFO - [2023-05-24T23:25:10.260+0000] {dag.py:3441} INFO - Setting next_dagrun for example_sensors to None, run_after=None
[2023-05-24T23:25:10.316+0000] {processor.py:175} INFO - Processing /home/airflow/.local/lib/python3.7/site-packages/airflow/example_dags/example_sensors.py took 0.333 seconds
[2023-05-24T23:25:40.458+0000] {processor.py:153} INFO - Started process (PID=690) to work on /home/airflow/.local/lib/python3.7/site-packages/airflow/example_dags/example_sensors.py
[2023-05-24T23:25:40.460+0000] {processor.py:743} INFO - Processing file /home/airflow/.local/lib/python3.7/site-packages/airflow/example_dags/example_sensors.py for tasks to queue
[2023-05-24T23:25:40.462+0000] {logging_mixin.py:137} INFO - [2023-05-24T23:25:40.462+0000] {dagbag.py:538} INFO - Filling up the DagBag from /home/airflow/.local/lib/python3.7/site-packages/airflow/example_dags/example_sensors.py
[2023-05-24T23:25:40.540+0000] {processor.py:753} INFO - DAG(s) dict_keys(['example_sensors']) retrieved from /home/airflow/.local/lib/python3.7/site-packages/airflow/example_dags/example_sensors.py
[2023-05-24T23:25:40.579+0000] {logging_mixin.py:137} INFO - [2023-05-24T23:25:40.578+0000] {dag.py:2690} INFO - Sync 1 DAGs
[2023-05-24T23:25:40.636+0000] {logging_mixin.py:137} INFO - [2023-05-24T23:25:40.636+0000] {dag.py:3441} INFO - Setting next_dagrun for example_sensors to None, run_after=None
[2023-05-24T23:25:40.702+0000] {processor.py:175} INFO - Processing /home/airflow/.local/lib/python3.7/site-packages/airflow/example_dags/example_sensors.py took 0.258 seconds
[2023-05-24T23:26:11.607+0000] {processor.py:153} INFO - Started process (PID=750) to work on /home/airflow/.local/lib/python3.7/site-packages/airflow/example_dags/example_sensors.py
[2023-05-24T23:26:11.611+0000] {processor.py:743} INFO - Processing file /home/airflow/.local/lib/python3.7/site-packages/airflow/example_dags/example_sensors.py for tasks to queue
[2023-05-24T23:26:11.613+0000] {logging_mixin.py:137} INFO - [2023-05-24T23:26:11.613+0000] {dagbag.py:538} INFO - Filling up the DagBag from /home/airflow/.local/lib/python3.7/site-packages/airflow/example_dags/example_sensors.py
[2023-05-24T23:26:11.671+0000] {processor.py:753} INFO - DAG(s) dict_keys(['example_sensors']) retrieved from /home/airflow/.local/lib/python3.7/site-packages/airflow/example_dags/example_sensors.py
[2023-05-24T23:26:11.742+0000] {logging_mixin.py:137} INFO - [2023-05-24T23:26:11.742+0000] {dag.py:2690} INFO - Sync 1 DAGs
[2023-05-24T23:26:11.813+0000] {logging_mixin.py:137} INFO - [2023-05-24T23:26:11.813+0000] {dag.py:3441} INFO - Setting next_dagrun for example_sensors to None, run_after=None
[2023-05-24T23:26:11.867+0000] {processor.py:175} INFO - Processing /home/airflow/.local/lib/python3.7/site-packages/airflow/example_dags/example_sensors.py took 0.271 seconds
[2023-05-24T23:27:01.501+0000] {processor.py:153} INFO - Started process (PID=817) to work on /home/airflow/.local/lib/python3.7/site-packages/airflow/example_dags/example_sensors.py
[2023-05-24T23:27:01.516+0000] {processor.py:743} INFO - Processing file /home/airflow/.local/lib/python3.7/site-packages/airflow/example_dags/example_sensors.py for tasks to queue
[2023-05-24T23:27:01.533+0000] {logging_mixin.py:137} INFO - [2023-05-24T23:27:01.532+0000] {dagbag.py:538} INFO - Filling up the DagBag from /home/airflow/.local/lib/python3.7/site-packages/airflow/example_dags/example_sensors.py
[2023-05-24T23:27:01.623+0000] {processor.py:753} INFO - DAG(s) dict_keys(['example_sensors']) retrieved from /home/airflow/.local/lib/python3.7/site-packages/airflow/example_dags/example_sensors.py
[2023-05-24T23:27:01.787+0000] {logging_mixin.py:137} INFO - [2023-05-24T23:27:01.787+0000] {dag.py:2690} INFO - Sync 1 DAGs
[2023-05-24T23:27:01.935+0000] {logging_mixin.py:137} INFO - [2023-05-24T23:27:01.935+0000] {dag.py:3441} INFO - Setting next_dagrun for example_sensors to None, run_after=None
[2023-05-24T23:27:01.965+0000] {processor.py:175} INFO - Processing /home/airflow/.local/lib/python3.7/site-packages/airflow/example_dags/example_sensors.py took 0.490 seconds
[2023-05-24T23:27:36.633+0000] {processor.py:153} INFO - Started process (PID=877) to work on /home/airflow/.local/lib/python3.7/site-packages/airflow/example_dags/example_sensors.py
[2023-05-24T23:27:36.672+0000] {processor.py:743} INFO - Processing file /home/airflow/.local/lib/python3.7/site-packages/airflow/example_dags/example_sensors.py for tasks to queue
[2023-05-24T23:27:36.696+0000] {logging_mixin.py:137} INFO - [2023-05-24T23:27:36.681+0000] {dagbag.py:538} INFO - Filling up the DagBag from /home/airflow/.local/lib/python3.7/site-packages/airflow/example_dags/example_sensors.py
[2023-05-24T23:27:37.394+0000] {processor.py:753} INFO - DAG(s) dict_keys(['example_sensors']) retrieved from /home/airflow/.local/lib/python3.7/site-packages/airflow/example_dags/example_sensors.py
[2023-05-24T23:27:37.961+0000] {logging_mixin.py:137} INFO - [2023-05-24T23:27:37.960+0000] {dag.py:2690} INFO - Sync 1 DAGs
[2023-05-24T23:27:38.702+0000] {logging_mixin.py:137} INFO - [2023-05-24T23:27:38.701+0000] {dag.py:3441} INFO - Setting next_dagrun for example_sensors to None, run_after=None
[2023-05-24T23:27:39.516+0000] {processor.py:175} INFO - Processing /home/airflow/.local/lib/python3.7/site-packages/airflow/example_dags/example_sensors.py took 2.980 seconds
[2023-05-24T23:29:07.651+0000] {processor.py:153} INFO - Started process (PID=967) to work on /home/airflow/.local/lib/python3.7/site-packages/airflow/example_dags/example_sensors.py
[2023-05-24T23:29:07.659+0000] {processor.py:743} INFO - Processing file /home/airflow/.local/lib/python3.7/site-packages/airflow/example_dags/example_sensors.py for tasks to queue
[2023-05-24T23:29:07.665+0000] {logging_mixin.py:137} INFO - [2023-05-24T23:29:07.664+0000] {dagbag.py:538} INFO - Filling up the DagBag from /home/airflow/.local/lib/python3.7/site-packages/airflow/example_dags/example_sensors.py
[2023-05-24T23:29:07.829+0000] {processor.py:753} INFO - DAG(s) dict_keys(['example_sensors']) retrieved from /home/airflow/.local/lib/python3.7/site-packages/airflow/example_dags/example_sensors.py
[2023-05-24T23:29:07.984+0000] {logging_mixin.py:137} INFO - [2023-05-24T23:29:07.983+0000] {dag.py:2690} INFO - Sync 1 DAGs
[2023-05-24T23:29:08.119+0000] {logging_mixin.py:137} INFO - [2023-05-24T23:29:08.118+0000] {dag.py:3441} INFO - Setting next_dagrun for example_sensors to None, run_after=None
[2023-05-24T23:29:08.272+0000] {processor.py:175} INFO - Processing /home/airflow/.local/lib/python3.7/site-packages/airflow/example_dags/example_sensors.py took 0.645 seconds
[2023-05-24T23:29:38.599+0000] {processor.py:153} INFO - Started process (PID=1028) to work on /home/airflow/.local/lib/python3.7/site-packages/airflow/example_dags/example_sensors.py
[2023-05-24T23:29:38.601+0000] {processor.py:743} INFO - Processing file /home/airflow/.local/lib/python3.7/site-packages/airflow/example_dags/example_sensors.py for tasks to queue
[2023-05-24T23:29:38.603+0000] {logging_mixin.py:137} INFO - [2023-05-24T23:29:38.603+0000] {dagbag.py:538} INFO - Filling up the DagBag from /home/airflow/.local/lib/python3.7/site-packages/airflow/example_dags/example_sensors.py
[2023-05-24T23:29:38.631+0000] {processor.py:753} INFO - DAG(s) dict_keys(['example_sensors']) retrieved from /home/airflow/.local/lib/python3.7/site-packages/airflow/example_dags/example_sensors.py
[2023-05-24T23:29:38.678+0000] {logging_mixin.py:137} INFO - [2023-05-24T23:29:38.678+0000] {dag.py:2690} INFO - Sync 1 DAGs
[2023-05-24T23:29:38.713+0000] {logging_mixin.py:137} INFO - [2023-05-24T23:29:38.713+0000] {dag.py:3441} INFO - Setting next_dagrun for example_sensors to None, run_after=None
[2023-05-24T23:29:38.745+0000] {processor.py:175} INFO - Processing /home/airflow/.local/lib/python3.7/site-packages/airflow/example_dags/example_sensors.py took 0.153 seconds
[2023-05-24T23:30:10.004+0000] {processor.py:153} INFO - Started process (PID=1087) to work on /home/airflow/.local/lib/python3.7/site-packages/airflow/example_dags/example_sensors.py
[2023-05-24T23:30:10.013+0000] {processor.py:743} INFO - Processing file /home/airflow/.local/lib/python3.7/site-packages/airflow/example_dags/example_sensors.py for tasks to queue
[2023-05-24T23:30:10.015+0000] {logging_mixin.py:137} INFO - [2023-05-24T23:30:10.015+0000] {dagbag.py:538} INFO - Filling up the DagBag from /home/airflow/.local/lib/python3.7/site-packages/airflow/example_dags/example_sensors.py
[2023-05-24T23:30:10.101+0000] {processor.py:753} INFO - DAG(s) dict_keys(['example_sensors']) retrieved from /home/airflow/.local/lib/python3.7/site-packages/airflow/example_dags/example_sensors.py
[2023-05-24T23:30:10.311+0000] {logging_mixin.py:137} INFO - [2023-05-24T23:30:10.311+0000] {dag.py:2690} INFO - Sync 1 DAGs
[2023-05-24T23:30:10.390+0000] {logging_mixin.py:137} INFO - [2023-05-24T23:30:10.390+0000] {dag.py:3441} INFO - Setting next_dagrun for example_sensors to None, run_after=None
[2023-05-24T23:30:10.450+0000] {processor.py:175} INFO - Processing /home/airflow/.local/lib/python3.7/site-packages/airflow/example_dags/example_sensors.py took 0.472 seconds
[2023-05-24T23:30:41.083+0000] {processor.py:153} INFO - Started process (PID=1156) to work on /home/airflow/.local/lib/python3.7/site-packages/airflow/example_dags/example_sensors.py
[2023-05-24T23:30:41.086+0000] {processor.py:743} INFO - Processing file /home/airflow/.local/lib/python3.7/site-packages/airflow/example_dags/example_sensors.py for tasks to queue
[2023-05-24T23:30:41.088+0000] {logging_mixin.py:137} INFO - [2023-05-24T23:30:41.088+0000] {dagbag.py:538} INFO - Filling up the DagBag from /home/airflow/.local/lib/python3.7/site-packages/airflow/example_dags/example_sensors.py
[2023-05-24T23:30:41.196+0000] {processor.py:753} INFO - DAG(s) dict_keys(['example_sensors']) retrieved from /home/airflow/.local/lib/python3.7/site-packages/airflow/example_dags/example_sensors.py
[2023-05-24T23:30:41.426+0000] {logging_mixin.py:137} INFO - [2023-05-24T23:30:41.426+0000] {dag.py:2690} INFO - Sync 1 DAGs
[2023-05-24T23:30:41.610+0000] {logging_mixin.py:137} INFO - [2023-05-24T23:30:41.608+0000] {dag.py:3441} INFO - Setting next_dagrun for example_sensors to None, run_after=None
[2023-05-24T23:30:41.813+0000] {processor.py:175} INFO - Processing /home/airflow/.local/lib/python3.7/site-packages/airflow/example_dags/example_sensors.py took 0.755 seconds
[2023-05-24T23:34:00.122+0000] {processor.py:153} INFO - Started process (PID=81) to work on /home/airflow/.local/lib/python3.7/site-packages/airflow/example_dags/example_sensors.py
[2023-05-24T23:34:00.141+0000] {processor.py:743} INFO - Processing file /home/airflow/.local/lib/python3.7/site-packages/airflow/example_dags/example_sensors.py for tasks to queue
[2023-05-24T23:34:00.153+0000] {logging_mixin.py:137} INFO - [2023-05-24T23:34:00.150+0000] {dagbag.py:538} INFO - Filling up the DagBag from /home/airflow/.local/lib/python3.7/site-packages/airflow/example_dags/example_sensors.py
[2023-05-24T23:34:00.442+0000] {processor.py:753} INFO - DAG(s) dict_keys(['example_sensors']) retrieved from /home/airflow/.local/lib/python3.7/site-packages/airflow/example_dags/example_sensors.py
[2023-05-24T23:34:00.761+0000] {logging_mixin.py:137} INFO - [2023-05-24T23:34:00.761+0000] {dag.py:2690} INFO - Sync 1 DAGs
[2023-05-24T23:34:00.970+0000] {logging_mixin.py:137} INFO - [2023-05-24T23:34:00.970+0000] {dag.py:3441} INFO - Setting next_dagrun for example_sensors to None, run_after=None
[2023-05-24T23:34:01.078+0000] {processor.py:175} INFO - Processing /home/airflow/.local/lib/python3.7/site-packages/airflow/example_dags/example_sensors.py took 1.107 seconds
[2023-05-24T23:34:32.450+0000] {processor.py:153} INFO - Started process (PID=132) to work on /home/airflow/.local/lib/python3.7/site-packages/airflow/example_dags/example_sensors.py
[2023-05-24T23:34:32.468+0000] {processor.py:743} INFO - Processing file /home/airflow/.local/lib/python3.7/site-packages/airflow/example_dags/example_sensors.py for tasks to queue
[2023-05-24T23:34:32.477+0000] {logging_mixin.py:137} INFO - [2023-05-24T23:34:32.474+0000] {dagbag.py:538} INFO - Filling up the DagBag from /home/airflow/.local/lib/python3.7/site-packages/airflow/example_dags/example_sensors.py
[2023-05-24T23:34:32.766+0000] {processor.py:753} INFO - DAG(s) dict_keys(['example_sensors']) retrieved from /home/airflow/.local/lib/python3.7/site-packages/airflow/example_dags/example_sensors.py
[2023-05-24T23:34:33.499+0000] {logging_mixin.py:137} INFO - [2023-05-24T23:34:33.498+0000] {dag.py:2690} INFO - Sync 1 DAGs
[2023-05-24T23:34:34.094+0000] {logging_mixin.py:137} INFO - [2023-05-24T23:34:34.094+0000] {dag.py:3441} INFO - Setting next_dagrun for example_sensors to None, run_after=None
[2023-05-24T23:34:34.361+0000] {processor.py:175} INFO - Processing /home/airflow/.local/lib/python3.7/site-packages/airflow/example_dags/example_sensors.py took 1.923 seconds
[2023-05-24T23:35:08.327+0000] {processor.py:153} INFO - Started process (PID=191) to work on /home/airflow/.local/lib/python3.7/site-packages/airflow/example_dags/example_sensors.py
[2023-05-24T23:35:08.333+0000] {processor.py:743} INFO - Processing file /home/airflow/.local/lib/python3.7/site-packages/airflow/example_dags/example_sensors.py for tasks to queue
[2023-05-24T23:35:08.432+0000] {logging_mixin.py:137} INFO - [2023-05-24T23:35:08.431+0000] {dagbag.py:538} INFO - Filling up the DagBag from /home/airflow/.local/lib/python3.7/site-packages/airflow/example_dags/example_sensors.py
[2023-05-24T23:35:08.557+0000] {processor.py:753} INFO - DAG(s) dict_keys(['example_sensors']) retrieved from /home/airflow/.local/lib/python3.7/site-packages/airflow/example_dags/example_sensors.py
[2023-05-24T23:35:08.923+0000] {logging_mixin.py:137} INFO - [2023-05-24T23:35:08.923+0000] {dag.py:2690} INFO - Sync 1 DAGs
[2023-05-24T23:35:09.506+0000] {logging_mixin.py:137} INFO - [2023-05-24T23:35:09.506+0000] {dag.py:3441} INFO - Setting next_dagrun for example_sensors to None, run_after=None
[2023-05-24T23:35:10.286+0000] {processor.py:175} INFO - Processing /home/airflow/.local/lib/python3.7/site-packages/airflow/example_dags/example_sensors.py took 1.986 seconds
[2023-05-24T23:36:27.755+0000] {processor.py:153} INFO - Started process (PID=272) to work on /home/airflow/.local/lib/python3.7/site-packages/airflow/example_dags/example_sensors.py
[2023-05-24T23:36:27.778+0000] {processor.py:743} INFO - Processing file /home/airflow/.local/lib/python3.7/site-packages/airflow/example_dags/example_sensors.py for tasks to queue
[2023-05-24T23:36:27.796+0000] {logging_mixin.py:137} INFO - [2023-05-24T23:36:27.796+0000] {dagbag.py:538} INFO - Filling up the DagBag from /home/airflow/.local/lib/python3.7/site-packages/airflow/example_dags/example_sensors.py
[2023-05-24T23:36:28.126+0000] {processor.py:753} INFO - DAG(s) dict_keys(['example_sensors']) retrieved from /home/airflow/.local/lib/python3.7/site-packages/airflow/example_dags/example_sensors.py
[2023-05-24T23:36:29.111+0000] {logging_mixin.py:137} INFO - [2023-05-24T23:36:29.110+0000] {dag.py:2690} INFO - Sync 1 DAGs
[2023-05-24T23:36:29.862+0000] {logging_mixin.py:137} INFO - [2023-05-24T23:36:29.861+0000] {dag.py:3441} INFO - Setting next_dagrun for example_sensors to None, run_after=None
[2023-05-24T23:36:30.087+0000] {processor.py:175} INFO - Processing /home/airflow/.local/lib/python3.7/site-packages/airflow/example_dags/example_sensors.py took 2.421 seconds
[2023-05-24T23:37:28.783+0000] {processor.py:153} INFO - Started process (PID=339) to work on /home/airflow/.local/lib/python3.7/site-packages/airflow/example_dags/example_sensors.py
[2023-05-24T23:37:28.787+0000] {processor.py:743} INFO - Processing file /home/airflow/.local/lib/python3.7/site-packages/airflow/example_dags/example_sensors.py for tasks to queue
[2023-05-24T23:37:28.795+0000] {logging_mixin.py:137} INFO - [2023-05-24T23:37:28.793+0000] {dagbag.py:538} INFO - Filling up the DagBag from /home/airflow/.local/lib/python3.7/site-packages/airflow/example_dags/example_sensors.py
[2023-05-24T23:37:28.876+0000] {processor.py:753} INFO - DAG(s) dict_keys(['example_sensors']) retrieved from /home/airflow/.local/lib/python3.7/site-packages/airflow/example_dags/example_sensors.py
[2023-05-24T23:37:28.961+0000] {logging_mixin.py:137} INFO - [2023-05-24T23:37:28.960+0000] {dag.py:2690} INFO - Sync 1 DAGs
[2023-05-24T23:37:29.040+0000] {logging_mixin.py:137} INFO - [2023-05-24T23:37:29.039+0000] {dag.py:3441} INFO - Setting next_dagrun for example_sensors to None, run_after=None
[2023-05-24T23:37:29.113+0000] {processor.py:175} INFO - Processing /home/airflow/.local/lib/python3.7/site-packages/airflow/example_dags/example_sensors.py took 0.341 seconds
[2023-05-24T23:38:22.703+0000] {processor.py:153} INFO - Started process (PID=403) to work on /home/airflow/.local/lib/python3.7/site-packages/airflow/example_dags/example_sensors.py
[2023-05-24T23:38:22.712+0000] {processor.py:743} INFO - Processing file /home/airflow/.local/lib/python3.7/site-packages/airflow/example_dags/example_sensors.py for tasks to queue
[2023-05-24T23:38:22.727+0000] {logging_mixin.py:137} INFO - [2023-05-24T23:38:22.725+0000] {dagbag.py:538} INFO - Filling up the DagBag from /home/airflow/.local/lib/python3.7/site-packages/airflow/example_dags/example_sensors.py
[2023-05-24T23:38:24.315+0000] {processor.py:753} INFO - DAG(s) dict_keys(['example_sensors']) retrieved from /home/airflow/.local/lib/python3.7/site-packages/airflow/example_dags/example_sensors.py
[2023-05-24T23:38:25.084+0000] {logging_mixin.py:137} INFO - [2023-05-24T23:38:25.084+0000] {dag.py:2690} INFO - Sync 1 DAGs
[2023-05-24T23:38:26.079+0000] {logging_mixin.py:137} INFO - [2023-05-24T23:38:26.079+0000] {dag.py:3441} INFO - Setting next_dagrun for example_sensors to None, run_after=None
[2023-05-24T23:38:27.290+0000] {processor.py:175} INFO - Processing /home/airflow/.local/lib/python3.7/site-packages/airflow/example_dags/example_sensors.py took 4.735 seconds
[2023-05-24T23:39:53.472+0000] {processor.py:153} INFO - Started process (PID=483) to work on /home/airflow/.local/lib/python3.7/site-packages/airflow/example_dags/example_sensors.py
[2023-05-24T23:39:53.487+0000] {processor.py:743} INFO - Processing file /home/airflow/.local/lib/python3.7/site-packages/airflow/example_dags/example_sensors.py for tasks to queue
[2023-05-24T23:39:53.496+0000] {logging_mixin.py:137} INFO - [2023-05-24T23:39:53.496+0000] {dagbag.py:538} INFO - Filling up the DagBag from /home/airflow/.local/lib/python3.7/site-packages/airflow/example_dags/example_sensors.py
[2023-05-24T23:39:53.755+0000] {processor.py:753} INFO - DAG(s) dict_keys(['example_sensors']) retrieved from /home/airflow/.local/lib/python3.7/site-packages/airflow/example_dags/example_sensors.py
[2023-05-24T23:39:54.023+0000] {logging_mixin.py:137} INFO - [2023-05-24T23:39:54.022+0000] {dag.py:2690} INFO - Sync 1 DAGs
[2023-05-24T23:39:54.461+0000] {logging_mixin.py:137} INFO - [2023-05-24T23:39:54.460+0000] {dag.py:3441} INFO - Setting next_dagrun for example_sensors to None, run_after=None
[2023-05-24T23:39:54.733+0000] {processor.py:175} INFO - Processing /home/airflow/.local/lib/python3.7/site-packages/airflow/example_dags/example_sensors.py took 1.277 seconds
[2023-05-24T23:40:28.342+0000] {processor.py:153} INFO - Started process (PID=540) to work on /home/airflow/.local/lib/python3.7/site-packages/airflow/example_dags/example_sensors.py
[2023-05-24T23:40:28.360+0000] {processor.py:743} INFO - Processing file /home/airflow/.local/lib/python3.7/site-packages/airflow/example_dags/example_sensors.py for tasks to queue
[2023-05-24T23:40:28.365+0000] {logging_mixin.py:137} INFO - [2023-05-24T23:40:28.364+0000] {dagbag.py:538} INFO - Filling up the DagBag from /home/airflow/.local/lib/python3.7/site-packages/airflow/example_dags/example_sensors.py
[2023-05-24T23:40:28.449+0000] {processor.py:753} INFO - DAG(s) dict_keys(['example_sensors']) retrieved from /home/airflow/.local/lib/python3.7/site-packages/airflow/example_dags/example_sensors.py
[2023-05-24T23:40:28.552+0000] {logging_mixin.py:137} INFO - [2023-05-24T23:40:28.551+0000] {dag.py:2690} INFO - Sync 1 DAGs
[2023-05-24T23:40:28.784+0000] {logging_mixin.py:137} INFO - [2023-05-24T23:40:28.784+0000] {dag.py:3441} INFO - Setting next_dagrun for example_sensors to None, run_after=None
[2023-05-24T23:40:29.243+0000] {processor.py:175} INFO - Processing /home/airflow/.local/lib/python3.7/site-packages/airflow/example_dags/example_sensors.py took 1.006 seconds
[2023-05-24T23:40:59.660+0000] {processor.py:153} INFO - Started process (PID=593) to work on /home/airflow/.local/lib/python3.7/site-packages/airflow/example_dags/example_sensors.py
[2023-05-24T23:40:59.662+0000] {processor.py:743} INFO - Processing file /home/airflow/.local/lib/python3.7/site-packages/airflow/example_dags/example_sensors.py for tasks to queue
[2023-05-24T23:40:59.671+0000] {logging_mixin.py:137} INFO - [2023-05-24T23:40:59.665+0000] {dagbag.py:538} INFO - Filling up the DagBag from /home/airflow/.local/lib/python3.7/site-packages/airflow/example_dags/example_sensors.py
[2023-05-24T23:40:59.735+0000] {processor.py:753} INFO - DAG(s) dict_keys(['example_sensors']) retrieved from /home/airflow/.local/lib/python3.7/site-packages/airflow/example_dags/example_sensors.py
[2023-05-24T23:40:59.833+0000] {logging_mixin.py:137} INFO - [2023-05-24T23:40:59.832+0000] {dag.py:2690} INFO - Sync 1 DAGs
[2023-05-24T23:40:59.891+0000] {logging_mixin.py:137} INFO - [2023-05-24T23:40:59.891+0000] {dag.py:3441} INFO - Setting next_dagrun for example_sensors to None, run_after=None
[2023-05-24T23:40:59.962+0000] {processor.py:175} INFO - Processing /home/airflow/.local/lib/python3.7/site-packages/airflow/example_dags/example_sensors.py took 0.318 seconds
[2023-05-24T23:43:13.991+0000] {processor.py:153} INFO - Started process (PID=84) to work on /home/airflow/.local/lib/python3.7/site-packages/airflow/example_dags/example_sensors.py
[2023-05-24T23:43:13.995+0000] {processor.py:743} INFO - Processing file /home/airflow/.local/lib/python3.7/site-packages/airflow/example_dags/example_sensors.py for tasks to queue
[2023-05-24T23:43:13.999+0000] {logging_mixin.py:137} INFO - [2023-05-24T23:43:13.998+0000] {dagbag.py:538} INFO - Filling up the DagBag from /home/airflow/.local/lib/python3.7/site-packages/airflow/example_dags/example_sensors.py
[2023-05-24T23:43:14.081+0000] {processor.py:753} INFO - DAG(s) dict_keys(['example_sensors']) retrieved from /home/airflow/.local/lib/python3.7/site-packages/airflow/example_dags/example_sensors.py
[2023-05-24T23:43:14.191+0000] {logging_mixin.py:137} INFO - [2023-05-24T23:43:14.191+0000] {dag.py:2690} INFO - Sync 1 DAGs
[2023-05-24T23:43:14.300+0000] {logging_mixin.py:137} INFO - [2023-05-24T23:43:14.299+0000] {dag.py:3441} INFO - Setting next_dagrun for example_sensors to None, run_after=None
[2023-05-24T23:43:14.407+0000] {processor.py:175} INFO - Processing /home/airflow/.local/lib/python3.7/site-packages/airflow/example_dags/example_sensors.py took 0.434 seconds
[2023-05-24T23:43:55.505+0000] {processor.py:153} INFO - Started process (PID=143) to work on /home/airflow/.local/lib/python3.7/site-packages/airflow/example_dags/example_sensors.py
[2023-05-24T23:43:55.511+0000] {processor.py:743} INFO - Processing file /home/airflow/.local/lib/python3.7/site-packages/airflow/example_dags/example_sensors.py for tasks to queue
[2023-05-24T23:43:55.516+0000] {logging_mixin.py:137} INFO - [2023-05-24T23:43:55.515+0000] {dagbag.py:538} INFO - Filling up the DagBag from /home/airflow/.local/lib/python3.7/site-packages/airflow/example_dags/example_sensors.py
[2023-05-24T23:43:55.621+0000] {processor.py:753} INFO - DAG(s) dict_keys(['example_sensors']) retrieved from /home/airflow/.local/lib/python3.7/site-packages/airflow/example_dags/example_sensors.py
[2023-05-24T23:43:55.754+0000] {logging_mixin.py:137} INFO - [2023-05-24T23:43:55.752+0000] {dag.py:2690} INFO - Sync 1 DAGs
[2023-05-24T23:43:55.857+0000] {logging_mixin.py:137} INFO - [2023-05-24T23:43:55.857+0000] {dag.py:3441} INFO - Setting next_dagrun for example_sensors to None, run_after=None
[2023-05-24T23:43:56.046+0000] {processor.py:175} INFO - Processing /home/airflow/.local/lib/python3.7/site-packages/airflow/example_dags/example_sensors.py took 0.556 seconds
[2023-05-24T23:44:27.544+0000] {processor.py:153} INFO - Started process (PID=204) to work on /home/airflow/.local/lib/python3.7/site-packages/airflow/example_dags/example_sensors.py
[2023-05-24T23:44:27.555+0000] {processor.py:743} INFO - Processing file /home/airflow/.local/lib/python3.7/site-packages/airflow/example_dags/example_sensors.py for tasks to queue
[2023-05-24T23:44:27.560+0000] {logging_mixin.py:137} INFO - [2023-05-24T23:44:27.559+0000] {dagbag.py:538} INFO - Filling up the DagBag from /home/airflow/.local/lib/python3.7/site-packages/airflow/example_dags/example_sensors.py
[2023-05-24T23:44:27.677+0000] {processor.py:753} INFO - DAG(s) dict_keys(['example_sensors']) retrieved from /home/airflow/.local/lib/python3.7/site-packages/airflow/example_dags/example_sensors.py
[2023-05-24T23:44:27.740+0000] {logging_mixin.py:137} INFO - [2023-05-24T23:44:27.740+0000] {dag.py:2690} INFO - Sync 1 DAGs
[2023-05-24T23:44:28.038+0000] {logging_mixin.py:137} INFO - [2023-05-24T23:44:28.038+0000] {dag.py:3441} INFO - Setting next_dagrun for example_sensors to None, run_after=None
[2023-05-24T23:44:28.245+0000] {processor.py:175} INFO - Processing /home/airflow/.local/lib/python3.7/site-packages/airflow/example_dags/example_sensors.py took 0.712 seconds
[2023-05-24T23:44:58.739+0000] {processor.py:153} INFO - Started process (PID=263) to work on /home/airflow/.local/lib/python3.7/site-packages/airflow/example_dags/example_sensors.py
[2023-05-24T23:44:58.743+0000] {processor.py:743} INFO - Processing file /home/airflow/.local/lib/python3.7/site-packages/airflow/example_dags/example_sensors.py for tasks to queue
[2023-05-24T23:44:58.749+0000] {logging_mixin.py:137} INFO - [2023-05-24T23:44:58.748+0000] {dagbag.py:538} INFO - Filling up the DagBag from /home/airflow/.local/lib/python3.7/site-packages/airflow/example_dags/example_sensors.py
[2023-05-24T23:44:58.816+0000] {processor.py:753} INFO - DAG(s) dict_keys(['example_sensors']) retrieved from /home/airflow/.local/lib/python3.7/site-packages/airflow/example_dags/example_sensors.py
[2023-05-24T23:44:58.926+0000] {logging_mixin.py:137} INFO - [2023-05-24T23:44:58.926+0000] {dag.py:2690} INFO - Sync 1 DAGs
[2023-05-24T23:44:59.100+0000] {logging_mixin.py:137} INFO - [2023-05-24T23:44:59.099+0000] {dag.py:3441} INFO - Setting next_dagrun for example_sensors to None, run_after=None
[2023-05-24T23:44:59.194+0000] {processor.py:175} INFO - Processing /home/airflow/.local/lib/python3.7/site-packages/airflow/example_dags/example_sensors.py took 0.469 seconds
[2023-05-24T23:45:29.581+0000] {processor.py:153} INFO - Started process (PID=322) to work on /home/airflow/.local/lib/python3.7/site-packages/airflow/example_dags/example_sensors.py
[2023-05-24T23:45:29.592+0000] {processor.py:743} INFO - Processing file /home/airflow/.local/lib/python3.7/site-packages/airflow/example_dags/example_sensors.py for tasks to queue
[2023-05-24T23:45:29.598+0000] {logging_mixin.py:137} INFO - [2023-05-24T23:45:29.597+0000] {dagbag.py:538} INFO - Filling up the DagBag from /home/airflow/.local/lib/python3.7/site-packages/airflow/example_dags/example_sensors.py
[2023-05-24T23:45:29.768+0000] {processor.py:753} INFO - DAG(s) dict_keys(['example_sensors']) retrieved from /home/airflow/.local/lib/python3.7/site-packages/airflow/example_dags/example_sensors.py
[2023-05-24T23:45:30.042+0000] {logging_mixin.py:137} INFO - [2023-05-24T23:45:30.041+0000] {dag.py:2690} INFO - Sync 1 DAGs
[2023-05-24T23:45:30.258+0000] {logging_mixin.py:137} INFO - [2023-05-24T23:45:30.258+0000] {dag.py:3441} INFO - Setting next_dagrun for example_sensors to None, run_after=None
[2023-05-24T23:45:30.426+0000] {processor.py:175} INFO - Processing /home/airflow/.local/lib/python3.7/site-packages/airflow/example_dags/example_sensors.py took 0.867 seconds
[2023-05-24T23:46:00.653+0000] {processor.py:153} INFO - Started process (PID=391) to work on /home/airflow/.local/lib/python3.7/site-packages/airflow/example_dags/example_sensors.py
[2023-05-24T23:46:00.671+0000] {processor.py:743} INFO - Processing file /home/airflow/.local/lib/python3.7/site-packages/airflow/example_dags/example_sensors.py for tasks to queue
[2023-05-24T23:46:00.679+0000] {logging_mixin.py:137} INFO - [2023-05-24T23:46:00.676+0000] {dagbag.py:538} INFO - Filling up the DagBag from /home/airflow/.local/lib/python3.7/site-packages/airflow/example_dags/example_sensors.py
[2023-05-24T23:46:00.787+0000] {processor.py:753} INFO - DAG(s) dict_keys(['example_sensors']) retrieved from /home/airflow/.local/lib/python3.7/site-packages/airflow/example_dags/example_sensors.py
[2023-05-24T23:46:00.926+0000] {logging_mixin.py:137} INFO - [2023-05-24T23:46:00.925+0000] {dag.py:2690} INFO - Sync 1 DAGs
[2023-05-24T23:46:01.029+0000] {logging_mixin.py:137} INFO - [2023-05-24T23:46:01.029+0000] {dag.py:3441} INFO - Setting next_dagrun for example_sensors to None, run_after=None
[2023-05-24T23:46:01.088+0000] {processor.py:175} INFO - Processing /home/airflow/.local/lib/python3.7/site-packages/airflow/example_dags/example_sensors.py took 0.463 seconds
[2023-05-24T23:46:31.460+0000] {processor.py:153} INFO - Started process (PID=454) to work on /home/airflow/.local/lib/python3.7/site-packages/airflow/example_dags/example_sensors.py
[2023-05-24T23:46:31.482+0000] {processor.py:743} INFO - Processing file /home/airflow/.local/lib/python3.7/site-packages/airflow/example_dags/example_sensors.py for tasks to queue
[2023-05-24T23:46:31.487+0000] {logging_mixin.py:137} INFO - [2023-05-24T23:46:31.487+0000] {dagbag.py:538} INFO - Filling up the DagBag from /home/airflow/.local/lib/python3.7/site-packages/airflow/example_dags/example_sensors.py
[2023-05-24T23:46:31.686+0000] {processor.py:753} INFO - DAG(s) dict_keys(['example_sensors']) retrieved from /home/airflow/.local/lib/python3.7/site-packages/airflow/example_dags/example_sensors.py
[2023-05-24T23:46:31.811+0000] {logging_mixin.py:137} INFO - [2023-05-24T23:46:31.811+0000] {dag.py:2690} INFO - Sync 1 DAGs
[2023-05-24T23:46:31.967+0000] {logging_mixin.py:137} INFO - [2023-05-24T23:46:31.967+0000] {dag.py:3441} INFO - Setting next_dagrun for example_sensors to None, run_after=None
[2023-05-24T23:46:32.261+0000] {processor.py:175} INFO - Processing /home/airflow/.local/lib/python3.7/site-packages/airflow/example_dags/example_sensors.py took 0.815 seconds
[2023-05-24T23:47:02.568+0000] {processor.py:153} INFO - Started process (PID=512) to work on /home/airflow/.local/lib/python3.7/site-packages/airflow/example_dags/example_sensors.py
[2023-05-24T23:47:02.579+0000] {processor.py:743} INFO - Processing file /home/airflow/.local/lib/python3.7/site-packages/airflow/example_dags/example_sensors.py for tasks to queue
[2023-05-24T23:47:02.581+0000] {logging_mixin.py:137} INFO - [2023-05-24T23:47:02.581+0000] {dagbag.py:538} INFO - Filling up the DagBag from /home/airflow/.local/lib/python3.7/site-packages/airflow/example_dags/example_sensors.py
[2023-05-24T23:47:02.629+0000] {processor.py:753} INFO - DAG(s) dict_keys(['example_sensors']) retrieved from /home/airflow/.local/lib/python3.7/site-packages/airflow/example_dags/example_sensors.py
[2023-05-24T23:47:02.706+0000] {logging_mixin.py:137} INFO - [2023-05-24T23:47:02.706+0000] {dag.py:2690} INFO - Sync 1 DAGs
[2023-05-24T23:47:02.766+0000] {logging_mixin.py:137} INFO - [2023-05-24T23:47:02.765+0000] {dag.py:3441} INFO - Setting next_dagrun for example_sensors to None, run_after=None
[2023-05-24T23:47:02.822+0000] {processor.py:175} INFO - Processing /home/airflow/.local/lib/python3.7/site-packages/airflow/example_dags/example_sensors.py took 0.262 seconds
[2023-05-24T23:47:33.431+0000] {processor.py:153} INFO - Started process (PID=572) to work on /home/airflow/.local/lib/python3.7/site-packages/airflow/example_dags/example_sensors.py
[2023-05-24T23:47:33.433+0000] {processor.py:743} INFO - Processing file /home/airflow/.local/lib/python3.7/site-packages/airflow/example_dags/example_sensors.py for tasks to queue
[2023-05-24T23:47:33.435+0000] {logging_mixin.py:137} INFO - [2023-05-24T23:47:33.435+0000] {dagbag.py:538} INFO - Filling up the DagBag from /home/airflow/.local/lib/python3.7/site-packages/airflow/example_dags/example_sensors.py
[2023-05-24T23:47:33.464+0000] {processor.py:753} INFO - DAG(s) dict_keys(['example_sensors']) retrieved from /home/airflow/.local/lib/python3.7/site-packages/airflow/example_dags/example_sensors.py
[2023-05-24T23:47:33.521+0000] {logging_mixin.py:137} INFO - [2023-05-24T23:47:33.521+0000] {dag.py:2690} INFO - Sync 1 DAGs
[2023-05-24T23:47:33.566+0000] {logging_mixin.py:137} INFO - [2023-05-24T23:47:33.565+0000] {dag.py:3441} INFO - Setting next_dagrun for example_sensors to None, run_after=None
[2023-05-24T23:47:33.611+0000] {processor.py:175} INFO - Processing /home/airflow/.local/lib/python3.7/site-packages/airflow/example_dags/example_sensors.py took 0.184 seconds
[2023-05-24T23:48:04.921+0000] {processor.py:153} INFO - Started process (PID=633) to work on /home/airflow/.local/lib/python3.7/site-packages/airflow/example_dags/example_sensors.py
[2023-05-24T23:48:04.928+0000] {processor.py:743} INFO - Processing file /home/airflow/.local/lib/python3.7/site-packages/airflow/example_dags/example_sensors.py for tasks to queue
[2023-05-24T23:48:04.931+0000] {logging_mixin.py:137} INFO - [2023-05-24T23:48:04.930+0000] {dagbag.py:538} INFO - Filling up the DagBag from /home/airflow/.local/lib/python3.7/site-packages/airflow/example_dags/example_sensors.py
[2023-05-24T23:48:04.987+0000] {processor.py:753} INFO - DAG(s) dict_keys(['example_sensors']) retrieved from /home/airflow/.local/lib/python3.7/site-packages/airflow/example_dags/example_sensors.py
[2023-05-24T23:48:05.031+0000] {logging_mixin.py:137} INFO - [2023-05-24T23:48:05.031+0000] {dag.py:2690} INFO - Sync 1 DAGs
[2023-05-24T23:48:05.070+0000] {logging_mixin.py:137} INFO - [2023-05-24T23:48:05.070+0000] {dag.py:3441} INFO - Setting next_dagrun for example_sensors to None, run_after=None
[2023-05-24T23:48:05.098+0000] {processor.py:175} INFO - Processing /home/airflow/.local/lib/python3.7/site-packages/airflow/example_dags/example_sensors.py took 0.182 seconds
[2023-05-24T23:48:35.803+0000] {processor.py:153} INFO - Started process (PID=693) to work on /home/airflow/.local/lib/python3.7/site-packages/airflow/example_dags/example_sensors.py
[2023-05-24T23:48:35.806+0000] {processor.py:743} INFO - Processing file /home/airflow/.local/lib/python3.7/site-packages/airflow/example_dags/example_sensors.py for tasks to queue
[2023-05-24T23:48:35.810+0000] {logging_mixin.py:137} INFO - [2023-05-24T23:48:35.809+0000] {dagbag.py:538} INFO - Filling up the DagBag from /home/airflow/.local/lib/python3.7/site-packages/airflow/example_dags/example_sensors.py
[2023-05-24T23:48:35.842+0000] {processor.py:753} INFO - DAG(s) dict_keys(['example_sensors']) retrieved from /home/airflow/.local/lib/python3.7/site-packages/airflow/example_dags/example_sensors.py
[2023-05-24T23:48:35.891+0000] {logging_mixin.py:137} INFO - [2023-05-24T23:48:35.890+0000] {dag.py:2690} INFO - Sync 1 DAGs
[2023-05-24T23:48:35.932+0000] {logging_mixin.py:137} INFO - [2023-05-24T23:48:35.932+0000] {dag.py:3441} INFO - Setting next_dagrun for example_sensors to None, run_after=None
[2023-05-24T23:48:36.000+0000] {processor.py:175} INFO - Processing /home/airflow/.local/lib/python3.7/site-packages/airflow/example_dags/example_sensors.py took 0.206 seconds
[2023-05-24T23:49:06.595+0000] {processor.py:153} INFO - Started process (PID=752) to work on /home/airflow/.local/lib/python3.7/site-packages/airflow/example_dags/example_sensors.py
[2023-05-24T23:49:06.598+0000] {processor.py:743} INFO - Processing file /home/airflow/.local/lib/python3.7/site-packages/airflow/example_dags/example_sensors.py for tasks to queue
[2023-05-24T23:49:06.601+0000] {logging_mixin.py:137} INFO - [2023-05-24T23:49:06.601+0000] {dagbag.py:538} INFO - Filling up the DagBag from /home/airflow/.local/lib/python3.7/site-packages/airflow/example_dags/example_sensors.py
[2023-05-24T23:49:06.631+0000] {processor.py:753} INFO - DAG(s) dict_keys(['example_sensors']) retrieved from /home/airflow/.local/lib/python3.7/site-packages/airflow/example_dags/example_sensors.py
[2023-05-24T23:49:06.675+0000] {logging_mixin.py:137} INFO - [2023-05-24T23:49:06.675+0000] {dag.py:2690} INFO - Sync 1 DAGs
[2023-05-24T23:49:06.709+0000] {logging_mixin.py:137} INFO - [2023-05-24T23:49:06.709+0000] {dag.py:3441} INFO - Setting next_dagrun for example_sensors to None, run_after=None
[2023-05-24T23:49:06.741+0000] {processor.py:175} INFO - Processing /home/airflow/.local/lib/python3.7/site-packages/airflow/example_dags/example_sensors.py took 0.153 seconds
[2023-05-24T23:49:37.971+0000] {processor.py:153} INFO - Started process (PID=812) to work on /home/airflow/.local/lib/python3.7/site-packages/airflow/example_dags/example_sensors.py
[2023-05-24T23:49:37.983+0000] {processor.py:743} INFO - Processing file /home/airflow/.local/lib/python3.7/site-packages/airflow/example_dags/example_sensors.py for tasks to queue
[2023-05-24T23:49:37.986+0000] {logging_mixin.py:137} INFO - [2023-05-24T23:49:37.986+0000] {dagbag.py:538} INFO - Filling up the DagBag from /home/airflow/.local/lib/python3.7/site-packages/airflow/example_dags/example_sensors.py
[2023-05-24T23:49:38.096+0000] {processor.py:753} INFO - DAG(s) dict_keys(['example_sensors']) retrieved from /home/airflow/.local/lib/python3.7/site-packages/airflow/example_dags/example_sensors.py
[2023-05-24T23:49:38.188+0000] {logging_mixin.py:137} INFO - [2023-05-24T23:49:38.187+0000] {dag.py:2690} INFO - Sync 1 DAGs
[2023-05-24T23:49:38.260+0000] {logging_mixin.py:137} INFO - [2023-05-24T23:49:38.260+0000] {dag.py:3441} INFO - Setting next_dagrun for example_sensors to None, run_after=None
[2023-05-24T23:49:38.309+0000] {processor.py:175} INFO - Processing /home/airflow/.local/lib/python3.7/site-packages/airflow/example_dags/example_sensors.py took 0.468 seconds
[2023-05-24T23:50:08.579+0000] {processor.py:153} INFO - Started process (PID=870) to work on /home/airflow/.local/lib/python3.7/site-packages/airflow/example_dags/example_sensors.py
[2023-05-24T23:50:08.583+0000] {processor.py:743} INFO - Processing file /home/airflow/.local/lib/python3.7/site-packages/airflow/example_dags/example_sensors.py for tasks to queue
[2023-05-24T23:50:08.594+0000] {logging_mixin.py:137} INFO - [2023-05-24T23:50:08.594+0000] {dagbag.py:538} INFO - Filling up the DagBag from /home/airflow/.local/lib/python3.7/site-packages/airflow/example_dags/example_sensors.py
[2023-05-24T23:50:08.693+0000] {processor.py:753} INFO - DAG(s) dict_keys(['example_sensors']) retrieved from /home/airflow/.local/lib/python3.7/site-packages/airflow/example_dags/example_sensors.py
[2023-05-24T23:50:08.749+0000] {logging_mixin.py:137} INFO - [2023-05-24T23:50:08.749+0000] {dag.py:2690} INFO - Sync 1 DAGs
[2023-05-24T23:50:08.795+0000] {logging_mixin.py:137} INFO - [2023-05-24T23:50:08.795+0000] {dag.py:3441} INFO - Setting next_dagrun for example_sensors to None, run_after=None
[2023-05-24T23:50:08.844+0000] {processor.py:175} INFO - Processing /home/airflow/.local/lib/python3.7/site-packages/airflow/example_dags/example_sensors.py took 0.282 seconds
[2023-05-24T23:50:40.323+0000] {processor.py:153} INFO - Started process (PID=938) to work on /home/airflow/.local/lib/python3.7/site-packages/airflow/example_dags/example_sensors.py
[2023-05-24T23:50:40.325+0000] {processor.py:743} INFO - Processing file /home/airflow/.local/lib/python3.7/site-packages/airflow/example_dags/example_sensors.py for tasks to queue
[2023-05-24T23:50:40.326+0000] {logging_mixin.py:137} INFO - [2023-05-24T23:50:40.326+0000] {dagbag.py:538} INFO - Filling up the DagBag from /home/airflow/.local/lib/python3.7/site-packages/airflow/example_dags/example_sensors.py
[2023-05-24T23:50:40.352+0000] {processor.py:753} INFO - DAG(s) dict_keys(['example_sensors']) retrieved from /home/airflow/.local/lib/python3.7/site-packages/airflow/example_dags/example_sensors.py
[2023-05-24T23:50:40.427+0000] {logging_mixin.py:137} INFO - [2023-05-24T23:50:40.427+0000] {dag.py:2690} INFO - Sync 1 DAGs
[2023-05-24T23:50:40.505+0000] {logging_mixin.py:137} INFO - [2023-05-24T23:50:40.505+0000] {dag.py:3441} INFO - Setting next_dagrun for example_sensors to None, run_after=None
[2023-05-24T23:50:40.571+0000] {processor.py:175} INFO - Processing /home/airflow/.local/lib/python3.7/site-packages/airflow/example_dags/example_sensors.py took 0.255 seconds
[2023-05-24T23:51:13.981+0000] {processor.py:153} INFO - Started process (PID=1001) to work on /home/airflow/.local/lib/python3.7/site-packages/airflow/example_dags/example_sensors.py
[2023-05-24T23:51:13.986+0000] {processor.py:743} INFO - Processing file /home/airflow/.local/lib/python3.7/site-packages/airflow/example_dags/example_sensors.py for tasks to queue
[2023-05-24T23:51:13.990+0000] {logging_mixin.py:137} INFO - [2023-05-24T23:51:13.989+0000] {dagbag.py:538} INFO - Filling up the DagBag from /home/airflow/.local/lib/python3.7/site-packages/airflow/example_dags/example_sensors.py
[2023-05-24T23:51:14.067+0000] {processor.py:753} INFO - DAG(s) dict_keys(['example_sensors']) retrieved from /home/airflow/.local/lib/python3.7/site-packages/airflow/example_dags/example_sensors.py
[2023-05-24T23:51:14.149+0000] {logging_mixin.py:137} INFO - [2023-05-24T23:51:14.147+0000] {dag.py:2690} INFO - Sync 1 DAGs
[2023-05-24T23:51:14.242+0000] {logging_mixin.py:137} INFO - [2023-05-24T23:51:14.242+0000] {dag.py:3441} INFO - Setting next_dagrun for example_sensors to None, run_after=None
[2023-05-24T23:51:14.298+0000] {processor.py:175} INFO - Processing /home/airflow/.local/lib/python3.7/site-packages/airflow/example_dags/example_sensors.py took 0.329 seconds
[2023-05-24T23:51:45.690+0000] {processor.py:153} INFO - Started process (PID=1060) to work on /home/airflow/.local/lib/python3.7/site-packages/airflow/example_dags/example_sensors.py
[2023-05-24T23:51:45.694+0000] {processor.py:743} INFO - Processing file /home/airflow/.local/lib/python3.7/site-packages/airflow/example_dags/example_sensors.py for tasks to queue
[2023-05-24T23:51:45.698+0000] {logging_mixin.py:137} INFO - [2023-05-24T23:51:45.697+0000] {dagbag.py:538} INFO - Filling up the DagBag from /home/airflow/.local/lib/python3.7/site-packages/airflow/example_dags/example_sensors.py
[2023-05-24T23:51:45.750+0000] {processor.py:753} INFO - DAG(s) dict_keys(['example_sensors']) retrieved from /home/airflow/.local/lib/python3.7/site-packages/airflow/example_dags/example_sensors.py
[2023-05-24T23:51:45.800+0000] {logging_mixin.py:137} INFO - [2023-05-24T23:51:45.799+0000] {dag.py:2690} INFO - Sync 1 DAGs
[2023-05-24T23:51:45.848+0000] {logging_mixin.py:137} INFO - [2023-05-24T23:51:45.848+0000] {dag.py:3441} INFO - Setting next_dagrun for example_sensors to None, run_after=None
[2023-05-24T23:51:45.900+0000] {processor.py:175} INFO - Processing /home/airflow/.local/lib/python3.7/site-packages/airflow/example_dags/example_sensors.py took 0.221 seconds
[2023-05-24T23:52:17.378+0000] {processor.py:153} INFO - Started process (PID=1124) to work on /home/airflow/.local/lib/python3.7/site-packages/airflow/example_dags/example_sensors.py
[2023-05-24T23:52:17.382+0000] {processor.py:743} INFO - Processing file /home/airflow/.local/lib/python3.7/site-packages/airflow/example_dags/example_sensors.py for tasks to queue
[2023-05-24T23:52:17.385+0000] {logging_mixin.py:137} INFO - [2023-05-24T23:52:17.385+0000] {dagbag.py:538} INFO - Filling up the DagBag from /home/airflow/.local/lib/python3.7/site-packages/airflow/example_dags/example_sensors.py
[2023-05-24T23:52:17.453+0000] {processor.py:753} INFO - DAG(s) dict_keys(['example_sensors']) retrieved from /home/airflow/.local/lib/python3.7/site-packages/airflow/example_dags/example_sensors.py
[2023-05-24T23:52:17.560+0000] {logging_mixin.py:137} INFO - [2023-05-24T23:52:17.559+0000] {dag.py:2690} INFO - Sync 1 DAGs
[2023-05-24T23:52:17.638+0000] {logging_mixin.py:137} INFO - [2023-05-24T23:52:17.637+0000] {dag.py:3441} INFO - Setting next_dagrun for example_sensors to None, run_after=None
[2023-05-24T23:52:17.761+0000] {processor.py:175} INFO - Processing /home/airflow/.local/lib/python3.7/site-packages/airflow/example_dags/example_sensors.py took 0.402 seconds
[2023-05-24T23:52:48.004+0000] {processor.py:153} INFO - Started process (PID=1184) to work on /home/airflow/.local/lib/python3.7/site-packages/airflow/example_dags/example_sensors.py
[2023-05-24T23:52:48.007+0000] {processor.py:743} INFO - Processing file /home/airflow/.local/lib/python3.7/site-packages/airflow/example_dags/example_sensors.py for tasks to queue
[2023-05-24T23:52:48.011+0000] {logging_mixin.py:137} INFO - [2023-05-24T23:52:48.010+0000] {dagbag.py:538} INFO - Filling up the DagBag from /home/airflow/.local/lib/python3.7/site-packages/airflow/example_dags/example_sensors.py
[2023-05-24T23:52:48.069+0000] {processor.py:753} INFO - DAG(s) dict_keys(['example_sensors']) retrieved from /home/airflow/.local/lib/python3.7/site-packages/airflow/example_dags/example_sensors.py
[2023-05-24T23:52:48.129+0000] {logging_mixin.py:137} INFO - [2023-05-24T23:52:48.129+0000] {dag.py:2690} INFO - Sync 1 DAGs
[2023-05-24T23:52:48.187+0000] {logging_mixin.py:137} INFO - [2023-05-24T23:52:48.186+0000] {dag.py:3441} INFO - Setting next_dagrun for example_sensors to None, run_after=None
[2023-05-24T23:52:48.231+0000] {processor.py:175} INFO - Processing /home/airflow/.local/lib/python3.7/site-packages/airflow/example_dags/example_sensors.py took 0.234 seconds
[2023-05-24T23:53:19.398+0000] {processor.py:153} INFO - Started process (PID=1243) to work on /home/airflow/.local/lib/python3.7/site-packages/airflow/example_dags/example_sensors.py
[2023-05-24T23:53:19.401+0000] {processor.py:743} INFO - Processing file /home/airflow/.local/lib/python3.7/site-packages/airflow/example_dags/example_sensors.py for tasks to queue
[2023-05-24T23:53:19.404+0000] {logging_mixin.py:137} INFO - [2023-05-24T23:53:19.403+0000] {dagbag.py:538} INFO - Filling up the DagBag from /home/airflow/.local/lib/python3.7/site-packages/airflow/example_dags/example_sensors.py
[2023-05-24T23:53:19.437+0000] {processor.py:753} INFO - DAG(s) dict_keys(['example_sensors']) retrieved from /home/airflow/.local/lib/python3.7/site-packages/airflow/example_dags/example_sensors.py
[2023-05-24T23:53:19.475+0000] {logging_mixin.py:137} INFO - [2023-05-24T23:53:19.475+0000] {dag.py:2690} INFO - Sync 1 DAGs
[2023-05-24T23:53:19.516+0000] {logging_mixin.py:137} INFO - [2023-05-24T23:53:19.515+0000] {dag.py:3441} INFO - Setting next_dagrun for example_sensors to None, run_after=None
[2023-05-24T23:53:19.546+0000] {processor.py:175} INFO - Processing /home/airflow/.local/lib/python3.7/site-packages/airflow/example_dags/example_sensors.py took 0.155 seconds
[2023-05-24T23:53:49.799+0000] {processor.py:153} INFO - Started process (PID=1304) to work on /home/airflow/.local/lib/python3.7/site-packages/airflow/example_dags/example_sensors.py
[2023-05-24T23:53:49.807+0000] {processor.py:743} INFO - Processing file /home/airflow/.local/lib/python3.7/site-packages/airflow/example_dags/example_sensors.py for tasks to queue
[2023-05-24T23:53:49.812+0000] {logging_mixin.py:137} INFO - [2023-05-24T23:53:49.811+0000] {dagbag.py:538} INFO - Filling up the DagBag from /home/airflow/.local/lib/python3.7/site-packages/airflow/example_dags/example_sensors.py
[2023-05-24T23:53:49.848+0000] {processor.py:753} INFO - DAG(s) dict_keys(['example_sensors']) retrieved from /home/airflow/.local/lib/python3.7/site-packages/airflow/example_dags/example_sensors.py
[2023-05-24T23:53:49.907+0000] {logging_mixin.py:137} INFO - [2023-05-24T23:53:49.906+0000] {dag.py:2690} INFO - Sync 1 DAGs
[2023-05-24T23:53:49.947+0000] {logging_mixin.py:137} INFO - [2023-05-24T23:53:49.946+0000] {dag.py:3441} INFO - Setting next_dagrun for example_sensors to None, run_after=None
[2023-05-24T23:53:49.977+0000] {processor.py:175} INFO - Processing /home/airflow/.local/lib/python3.7/site-packages/airflow/example_dags/example_sensors.py took 0.192 seconds
[2023-05-24T23:54:20.148+0000] {processor.py:153} INFO - Started process (PID=1364) to work on /home/airflow/.local/lib/python3.7/site-packages/airflow/example_dags/example_sensors.py
[2023-05-24T23:54:20.153+0000] {processor.py:743} INFO - Processing file /home/airflow/.local/lib/python3.7/site-packages/airflow/example_dags/example_sensors.py for tasks to queue
[2023-05-24T23:54:20.157+0000] {logging_mixin.py:137} INFO - [2023-05-24T23:54:20.156+0000] {dagbag.py:538} INFO - Filling up the DagBag from /home/airflow/.local/lib/python3.7/site-packages/airflow/example_dags/example_sensors.py
[2023-05-24T23:54:20.209+0000] {processor.py:753} INFO - DAG(s) dict_keys(['example_sensors']) retrieved from /home/airflow/.local/lib/python3.7/site-packages/airflow/example_dags/example_sensors.py
[2023-05-24T23:54:20.290+0000] {logging_mixin.py:137} INFO - [2023-05-24T23:54:20.289+0000] {dag.py:2690} INFO - Sync 1 DAGs
[2023-05-24T23:54:20.339+0000] {logging_mixin.py:137} INFO - [2023-05-24T23:54:20.339+0000] {dag.py:3441} INFO - Setting next_dagrun for example_sensors to None, run_after=None
[2023-05-24T23:54:20.436+0000] {processor.py:175} INFO - Processing /home/airflow/.local/lib/python3.7/site-packages/airflow/example_dags/example_sensors.py took 0.296 seconds
[2023-05-24T23:54:52.611+0000] {processor.py:153} INFO - Started process (PID=1423) to work on /home/airflow/.local/lib/python3.7/site-packages/airflow/example_dags/example_sensors.py
[2023-05-24T23:54:52.627+0000] {processor.py:743} INFO - Processing file /home/airflow/.local/lib/python3.7/site-packages/airflow/example_dags/example_sensors.py for tasks to queue
[2023-05-24T23:54:52.630+0000] {logging_mixin.py:137} INFO - [2023-05-24T23:54:52.630+0000] {dagbag.py:538} INFO - Filling up the DagBag from /home/airflow/.local/lib/python3.7/site-packages/airflow/example_dags/example_sensors.py
[2023-05-24T23:54:52.776+0000] {processor.py:753} INFO - DAG(s) dict_keys(['example_sensors']) retrieved from /home/airflow/.local/lib/python3.7/site-packages/airflow/example_dags/example_sensors.py
[2023-05-24T23:54:52.884+0000] {logging_mixin.py:137} INFO - [2023-05-24T23:54:52.884+0000] {dag.py:2690} INFO - Sync 1 DAGs
[2023-05-24T23:54:52.970+0000] {logging_mixin.py:137} INFO - [2023-05-24T23:54:52.970+0000] {dag.py:3441} INFO - Setting next_dagrun for example_sensors to None, run_after=None
[2023-05-24T23:54:53.043+0000] {processor.py:175} INFO - Processing /home/airflow/.local/lib/python3.7/site-packages/airflow/example_dags/example_sensors.py took 0.467 seconds
[2023-05-24T23:55:23.282+0000] {processor.py:153} INFO - Started process (PID=1483) to work on /home/airflow/.local/lib/python3.7/site-packages/airflow/example_dags/example_sensors.py
[2023-05-24T23:55:23.285+0000] {processor.py:743} INFO - Processing file /home/airflow/.local/lib/python3.7/site-packages/airflow/example_dags/example_sensors.py for tasks to queue
[2023-05-24T23:55:23.288+0000] {logging_mixin.py:137} INFO - [2023-05-24T23:55:23.288+0000] {dagbag.py:538} INFO - Filling up the DagBag from /home/airflow/.local/lib/python3.7/site-packages/airflow/example_dags/example_sensors.py
[2023-05-24T23:55:23.327+0000] {processor.py:753} INFO - DAG(s) dict_keys(['example_sensors']) retrieved from /home/airflow/.local/lib/python3.7/site-packages/airflow/example_dags/example_sensors.py
[2023-05-24T23:55:23.378+0000] {logging_mixin.py:137} INFO - [2023-05-24T23:55:23.377+0000] {dag.py:2690} INFO - Sync 1 DAGs
[2023-05-24T23:55:23.431+0000] {logging_mixin.py:137} INFO - [2023-05-24T23:55:23.431+0000] {dag.py:3441} INFO - Setting next_dagrun for example_sensors to None, run_after=None
[2023-05-24T23:55:23.468+0000] {processor.py:175} INFO - Processing /home/airflow/.local/lib/python3.7/site-packages/airflow/example_dags/example_sensors.py took 0.191 seconds
[2023-05-24T23:55:53.950+0000] {processor.py:153} INFO - Started process (PID=1543) to work on /home/airflow/.local/lib/python3.7/site-packages/airflow/example_dags/example_sensors.py
[2023-05-24T23:55:53.957+0000] {processor.py:743} INFO - Processing file /home/airflow/.local/lib/python3.7/site-packages/airflow/example_dags/example_sensors.py for tasks to queue
[2023-05-24T23:55:53.980+0000] {logging_mixin.py:137} INFO - [2023-05-24T23:55:53.980+0000] {dagbag.py:538} INFO - Filling up the DagBag from /home/airflow/.local/lib/python3.7/site-packages/airflow/example_dags/example_sensors.py
[2023-05-24T23:55:54.104+0000] {processor.py:753} INFO - DAG(s) dict_keys(['example_sensors']) retrieved from /home/airflow/.local/lib/python3.7/site-packages/airflow/example_dags/example_sensors.py
[2023-05-24T23:55:54.199+0000] {logging_mixin.py:137} INFO - [2023-05-24T23:55:54.197+0000] {dag.py:2690} INFO - Sync 1 DAGs
[2023-05-24T23:55:54.292+0000] {logging_mixin.py:137} INFO - [2023-05-24T23:55:54.291+0000] {dag.py:3441} INFO - Setting next_dagrun for example_sensors to None, run_after=None
[2023-05-24T23:55:54.346+0000] {processor.py:175} INFO - Processing /home/airflow/.local/lib/python3.7/site-packages/airflow/example_dags/example_sensors.py took 0.415 seconds
[2023-05-24T23:56:24.917+0000] {processor.py:153} INFO - Started process (PID=1603) to work on /home/airflow/.local/lib/python3.7/site-packages/airflow/example_dags/example_sensors.py
[2023-05-24T23:56:24.927+0000] {processor.py:743} INFO - Processing file /home/airflow/.local/lib/python3.7/site-packages/airflow/example_dags/example_sensors.py for tasks to queue
[2023-05-24T23:56:24.933+0000] {logging_mixin.py:137} INFO - [2023-05-24T23:56:24.933+0000] {dagbag.py:538} INFO - Filling up the DagBag from /home/airflow/.local/lib/python3.7/site-packages/airflow/example_dags/example_sensors.py
[2023-05-24T23:56:25.005+0000] {processor.py:753} INFO - DAG(s) dict_keys(['example_sensors']) retrieved from /home/airflow/.local/lib/python3.7/site-packages/airflow/example_dags/example_sensors.py
[2023-05-24T23:56:25.087+0000] {logging_mixin.py:137} INFO - [2023-05-24T23:56:25.086+0000] {dag.py:2690} INFO - Sync 1 DAGs
[2023-05-24T23:56:25.166+0000] {logging_mixin.py:137} INFO - [2023-05-24T23:56:25.166+0000] {dag.py:3441} INFO - Setting next_dagrun for example_sensors to None, run_after=None
[2023-05-24T23:56:25.245+0000] {processor.py:175} INFO - Processing /home/airflow/.local/lib/python3.7/site-packages/airflow/example_dags/example_sensors.py took 0.337 seconds
[2023-05-24T23:56:56.122+0000] {processor.py:153} INFO - Started process (PID=1662) to work on /home/airflow/.local/lib/python3.7/site-packages/airflow/example_dags/example_sensors.py
[2023-05-24T23:56:56.125+0000] {processor.py:743} INFO - Processing file /home/airflow/.local/lib/python3.7/site-packages/airflow/example_dags/example_sensors.py for tasks to queue
[2023-05-24T23:56:56.128+0000] {logging_mixin.py:137} INFO - [2023-05-24T23:56:56.128+0000] {dagbag.py:538} INFO - Filling up the DagBag from /home/airflow/.local/lib/python3.7/site-packages/airflow/example_dags/example_sensors.py
[2023-05-24T23:56:56.179+0000] {processor.py:753} INFO - DAG(s) dict_keys(['example_sensors']) retrieved from /home/airflow/.local/lib/python3.7/site-packages/airflow/example_dags/example_sensors.py
[2023-05-24T23:56:56.244+0000] {logging_mixin.py:137} INFO - [2023-05-24T23:56:56.244+0000] {dag.py:2690} INFO - Sync 1 DAGs
[2023-05-24T23:56:56.290+0000] {logging_mixin.py:137} INFO - [2023-05-24T23:56:56.290+0000] {dag.py:3441} INFO - Setting next_dagrun for example_sensors to None, run_after=None
[2023-05-24T23:56:56.339+0000] {processor.py:175} INFO - Processing /home/airflow/.local/lib/python3.7/site-packages/airflow/example_dags/example_sensors.py took 0.225 seconds
[2023-05-24T23:57:26.550+0000] {processor.py:153} INFO - Started process (PID=1721) to work on /home/airflow/.local/lib/python3.7/site-packages/airflow/example_dags/example_sensors.py
[2023-05-24T23:57:26.554+0000] {processor.py:743} INFO - Processing file /home/airflow/.local/lib/python3.7/site-packages/airflow/example_dags/example_sensors.py for tasks to queue
[2023-05-24T23:57:26.558+0000] {logging_mixin.py:137} INFO - [2023-05-24T23:57:26.558+0000] {dagbag.py:538} INFO - Filling up the DagBag from /home/airflow/.local/lib/python3.7/site-packages/airflow/example_dags/example_sensors.py
[2023-05-24T23:57:26.629+0000] {processor.py:753} INFO - DAG(s) dict_keys(['example_sensors']) retrieved from /home/airflow/.local/lib/python3.7/site-packages/airflow/example_dags/example_sensors.py
[2023-05-24T23:57:26.688+0000] {logging_mixin.py:137} INFO - [2023-05-24T23:57:26.688+0000] {dag.py:2690} INFO - Sync 1 DAGs
[2023-05-24T23:57:26.776+0000] {logging_mixin.py:137} INFO - [2023-05-24T23:57:26.776+0000] {dag.py:3441} INFO - Setting next_dagrun for example_sensors to None, run_after=None
[2023-05-24T23:57:26.834+0000] {processor.py:175} INFO - Processing /home/airflow/.local/lib/python3.7/site-packages/airflow/example_dags/example_sensors.py took 0.301 seconds
[2023-05-24T23:58:04.572+0000] {processor.py:153} INFO - Started process (PID=1789) to work on /home/airflow/.local/lib/python3.7/site-packages/airflow/example_dags/example_sensors.py
[2023-05-24T23:58:04.577+0000] {processor.py:743} INFO - Processing file /home/airflow/.local/lib/python3.7/site-packages/airflow/example_dags/example_sensors.py for tasks to queue
[2023-05-24T23:58:04.582+0000] {logging_mixin.py:137} INFO - [2023-05-24T23:58:04.582+0000] {dagbag.py:538} INFO - Filling up the DagBag from /home/airflow/.local/lib/python3.7/site-packages/airflow/example_dags/example_sensors.py
[2023-05-24T23:58:04.708+0000] {processor.py:753} INFO - DAG(s) dict_keys(['example_sensors']) retrieved from /home/airflow/.local/lib/python3.7/site-packages/airflow/example_dags/example_sensors.py
[2023-05-24T23:58:04.776+0000] {logging_mixin.py:137} INFO - [2023-05-24T23:58:04.775+0000] {dag.py:2690} INFO - Sync 1 DAGs
[2023-05-24T23:58:04.815+0000] {logging_mixin.py:137} INFO - [2023-05-24T23:58:04.815+0000] {dag.py:3441} INFO - Setting next_dagrun for example_sensors to None, run_after=None
[2023-05-24T23:58:04.850+0000] {processor.py:175} INFO - Processing /home/airflow/.local/lib/python3.7/site-packages/airflow/example_dags/example_sensors.py took 0.295 seconds
[2023-05-24T23:58:35.738+0000] {processor.py:153} INFO - Started process (PID=1849) to work on /home/airflow/.local/lib/python3.7/site-packages/airflow/example_dags/example_sensors.py
[2023-05-24T23:58:35.741+0000] {processor.py:743} INFO - Processing file /home/airflow/.local/lib/python3.7/site-packages/airflow/example_dags/example_sensors.py for tasks to queue
[2023-05-24T23:58:35.745+0000] {logging_mixin.py:137} INFO - [2023-05-24T23:58:35.744+0000] {dagbag.py:538} INFO - Filling up the DagBag from /home/airflow/.local/lib/python3.7/site-packages/airflow/example_dags/example_sensors.py
[2023-05-24T23:58:35.779+0000] {processor.py:753} INFO - DAG(s) dict_keys(['example_sensors']) retrieved from /home/airflow/.local/lib/python3.7/site-packages/airflow/example_dags/example_sensors.py
[2023-05-24T23:58:35.828+0000] {logging_mixin.py:137} INFO - [2023-05-24T23:58:35.828+0000] {dag.py:2690} INFO - Sync 1 DAGs
[2023-05-24T23:58:35.914+0000] {logging_mixin.py:137} INFO - [2023-05-24T23:58:35.914+0000] {dag.py:3441} INFO - Setting next_dagrun for example_sensors to None, run_after=None
[2023-05-24T23:58:35.991+0000] {processor.py:175} INFO - Processing /home/airflow/.local/lib/python3.7/site-packages/airflow/example_dags/example_sensors.py took 0.260 seconds
[2023-05-24T23:59:06.988+0000] {processor.py:153} INFO - Started process (PID=1908) to work on /home/airflow/.local/lib/python3.7/site-packages/airflow/example_dags/example_sensors.py
[2023-05-24T23:59:06.998+0000] {processor.py:743} INFO - Processing file /home/airflow/.local/lib/python3.7/site-packages/airflow/example_dags/example_sensors.py for tasks to queue
[2023-05-24T23:59:07.003+0000] {logging_mixin.py:137} INFO - [2023-05-24T23:59:07.003+0000] {dagbag.py:538} INFO - Filling up the DagBag from /home/airflow/.local/lib/python3.7/site-packages/airflow/example_dags/example_sensors.py
[2023-05-24T23:59:07.067+0000] {processor.py:753} INFO - DAG(s) dict_keys(['example_sensors']) retrieved from /home/airflow/.local/lib/python3.7/site-packages/airflow/example_dags/example_sensors.py
[2023-05-24T23:59:07.120+0000] {logging_mixin.py:137} INFO - [2023-05-24T23:59:07.119+0000] {dag.py:2690} INFO - Sync 1 DAGs
[2023-05-24T23:59:07.186+0000] {logging_mixin.py:137} INFO - [2023-05-24T23:59:07.186+0000] {dag.py:3441} INFO - Setting next_dagrun for example_sensors to None, run_after=None
[2023-05-24T23:59:07.269+0000] {processor.py:175} INFO - Processing /home/airflow/.local/lib/python3.7/site-packages/airflow/example_dags/example_sensors.py took 0.310 seconds
