[2023-05-24T23:13:29.062+0000] {processor.py:153} INFO - Started process (PID=87) to work on /home/airflow/.local/lib/python3.7/site-packages/airflow/example_dags/example_latest_only.py
[2023-05-24T23:13:29.076+0000] {processor.py:743} INFO - Processing file /home/airflow/.local/lib/python3.7/site-packages/airflow/example_dags/example_latest_only.py for tasks to queue
[2023-05-24T23:13:29.085+0000] {logging_mixin.py:137} INFO - [2023-05-24T23:13:29.085+0000] {dagbag.py:538} INFO - Filling up the DagBag from /home/airflow/.local/lib/python3.7/site-packages/airflow/example_dags/example_latest_only.py
[2023-05-24T23:13:29.262+0000] {processor.py:753} INFO - DAG(s) dict_keys(['latest_only']) retrieved from /home/airflow/.local/lib/python3.7/site-packages/airflow/example_dags/example_latest_only.py
[2023-05-24T23:13:29.351+0000] {logging_mixin.py:137} INFO - [2023-05-24T23:13:29.348+0000] {dag.py:2690} INFO - Sync 1 DAGs
[2023-05-24T23:13:29.609+0000] {logging_mixin.py:137} INFO - [2023-05-24T23:13:29.609+0000] {dag.py:3441} INFO - Setting next_dagrun for latest_only to 2023-05-24T19:13:29.609294+00:00, run_after=2023-05-24T23:13:29.609294+00:00
[2023-05-24T23:13:29.832+0000] {processor.py:175} INFO - Processing /home/airflow/.local/lib/python3.7/site-packages/airflow/example_dags/example_latest_only.py took 0.796 seconds
[2023-05-24T23:14:00.150+0000] {processor.py:153} INFO - Started process (PID=139) to work on /home/airflow/.local/lib/python3.7/site-packages/airflow/example_dags/example_latest_only.py
[2023-05-24T23:14:00.159+0000] {processor.py:743} INFO - Processing file /home/airflow/.local/lib/python3.7/site-packages/airflow/example_dags/example_latest_only.py for tasks to queue
[2023-05-24T23:14:00.162+0000] {logging_mixin.py:137} INFO - [2023-05-24T23:14:00.162+0000] {dagbag.py:538} INFO - Filling up the DagBag from /home/airflow/.local/lib/python3.7/site-packages/airflow/example_dags/example_latest_only.py
[2023-05-24T23:14:00.191+0000] {processor.py:753} INFO - DAG(s) dict_keys(['latest_only']) retrieved from /home/airflow/.local/lib/python3.7/site-packages/airflow/example_dags/example_latest_only.py
[2023-05-24T23:14:00.259+0000] {logging_mixin.py:137} INFO - [2023-05-24T23:14:00.258+0000] {dag.py:2690} INFO - Sync 1 DAGs
[2023-05-24T23:14:00.313+0000] {logging_mixin.py:137} INFO - [2023-05-24T23:14:00.312+0000] {dag.py:3441} INFO - Setting next_dagrun for latest_only to 2023-05-24T19:14:00.312549+00:00, run_after=2023-05-24T23:14:00.312549+00:00
[2023-05-24T23:14:00.355+0000] {processor.py:175} INFO - Processing /home/airflow/.local/lib/python3.7/site-packages/airflow/example_dags/example_latest_only.py took 0.220 seconds
[2023-05-24T23:14:37.796+0000] {processor.py:153} INFO - Started process (PID=197) to work on /home/airflow/.local/lib/python3.7/site-packages/airflow/example_dags/example_latest_only.py
[2023-05-24T23:14:37.801+0000] {processor.py:743} INFO - Processing file /home/airflow/.local/lib/python3.7/site-packages/airflow/example_dags/example_latest_only.py for tasks to queue
[2023-05-24T23:14:37.809+0000] {logging_mixin.py:137} INFO - [2023-05-24T23:14:37.807+0000] {dagbag.py:538} INFO - Filling up the DagBag from /home/airflow/.local/lib/python3.7/site-packages/airflow/example_dags/example_latest_only.py
[2023-05-24T23:14:37.943+0000] {processor.py:753} INFO - DAG(s) dict_keys(['latest_only']) retrieved from /home/airflow/.local/lib/python3.7/site-packages/airflow/example_dags/example_latest_only.py
[2023-05-24T23:14:38.137+0000] {logging_mixin.py:137} INFO - [2023-05-24T23:14:38.136+0000] {dag.py:2690} INFO - Sync 1 DAGs
[2023-05-24T23:14:38.311+0000] {logging_mixin.py:137} INFO - [2023-05-24T23:14:38.310+0000] {dag.py:3441} INFO - Setting next_dagrun for latest_only to 2023-05-24T19:14:38.310538+00:00, run_after=2023-05-24T23:14:38.310538+00:00
[2023-05-24T23:14:38.533+0000] {processor.py:175} INFO - Processing /home/airflow/.local/lib/python3.7/site-packages/airflow/example_dags/example_latest_only.py took 0.758 seconds
[2023-05-24T23:15:24.096+0000] {processor.py:153} INFO - Started process (PID=256) to work on /home/airflow/.local/lib/python3.7/site-packages/airflow/example_dags/example_latest_only.py
[2023-05-24T23:15:24.103+0000] {processor.py:743} INFO - Processing file /home/airflow/.local/lib/python3.7/site-packages/airflow/example_dags/example_latest_only.py for tasks to queue
[2023-05-24T23:15:24.113+0000] {logging_mixin.py:137} INFO - [2023-05-24T23:15:24.109+0000] {dagbag.py:538} INFO - Filling up the DagBag from /home/airflow/.local/lib/python3.7/site-packages/airflow/example_dags/example_latest_only.py
[2023-05-24T23:15:24.742+0000] {processor.py:753} INFO - DAG(s) dict_keys(['latest_only']) retrieved from /home/airflow/.local/lib/python3.7/site-packages/airflow/example_dags/example_latest_only.py
[2023-05-24T23:15:25.859+0000] {logging_mixin.py:137} INFO - [2023-05-24T23:15:25.855+0000] {dag.py:2690} INFO - Sync 1 DAGs
[2023-05-24T23:15:26.630+0000] {logging_mixin.py:137} INFO - [2023-05-24T23:15:26.619+0000] {dag.py:3441} INFO - Setting next_dagrun for latest_only to 2023-05-24T19:15:26.614759+00:00, run_after=2023-05-24T23:15:26.614759+00:00
[2023-05-24T23:15:27.245+0000] {processor.py:175} INFO - Processing /home/airflow/.local/lib/python3.7/site-packages/airflow/example_dags/example_latest_only.py took 3.353 seconds
[2023-05-24T23:16:04.685+0000] {processor.py:153} INFO - Started process (PID=314) to work on /home/airflow/.local/lib/python3.7/site-packages/airflow/example_dags/example_latest_only.py
[2023-05-24T23:16:04.692+0000] {processor.py:743} INFO - Processing file /home/airflow/.local/lib/python3.7/site-packages/airflow/example_dags/example_latest_only.py for tasks to queue
[2023-05-24T23:16:04.700+0000] {logging_mixin.py:137} INFO - [2023-05-24T23:16:04.698+0000] {dagbag.py:538} INFO - Filling up the DagBag from /home/airflow/.local/lib/python3.7/site-packages/airflow/example_dags/example_latest_only.py
[2023-05-24T23:16:04.823+0000] {processor.py:753} INFO - DAG(s) dict_keys(['latest_only']) retrieved from /home/airflow/.local/lib/python3.7/site-packages/airflow/example_dags/example_latest_only.py
[2023-05-24T23:16:05.039+0000] {logging_mixin.py:137} INFO - [2023-05-24T23:16:05.039+0000] {dag.py:2690} INFO - Sync 1 DAGs
[2023-05-24T23:16:05.220+0000] {logging_mixin.py:137} INFO - [2023-05-24T23:16:05.220+0000] {dag.py:3441} INFO - Setting next_dagrun for latest_only to 2023-05-24T19:16:05.219981+00:00, run_after=2023-05-24T23:16:05.219981+00:00
[2023-05-24T23:16:05.292+0000] {processor.py:175} INFO - Processing /home/airflow/.local/lib/python3.7/site-packages/airflow/example_dags/example_latest_only.py took 0.624 seconds
[2023-05-24T23:17:25.657+0000] {processor.py:153} INFO - Started process (PID=386) to work on /home/airflow/.local/lib/python3.7/site-packages/airflow/example_dags/example_latest_only.py
[2023-05-24T23:17:25.681+0000] {processor.py:743} INFO - Processing file /home/airflow/.local/lib/python3.7/site-packages/airflow/example_dags/example_latest_only.py for tasks to queue
[2023-05-24T23:17:25.706+0000] {logging_mixin.py:137} INFO - [2023-05-24T23:17:25.701+0000] {dagbag.py:538} INFO - Filling up the DagBag from /home/airflow/.local/lib/python3.7/site-packages/airflow/example_dags/example_latest_only.py
[2023-05-24T23:17:26.956+0000] {processor.py:753} INFO - DAG(s) dict_keys(['latest_only']) retrieved from /home/airflow/.local/lib/python3.7/site-packages/airflow/example_dags/example_latest_only.py
[2023-05-24T23:17:27.147+0000] {logging_mixin.py:137} INFO - [2023-05-24T23:17:27.136+0000] {dag.py:2690} INFO - Sync 1 DAGs
[2023-05-24T23:17:27.250+0000] {logging_mixin.py:137} INFO - [2023-05-24T23:17:27.250+0000] {dag.py:3441} INFO - Setting next_dagrun for latest_only to 2023-05-24T19:17:27.249797+00:00, run_after=2023-05-24T23:17:27.249797+00:00
[2023-05-24T23:17:27.725+0000] {processor.py:175} INFO - Processing /home/airflow/.local/lib/python3.7/site-packages/airflow/example_dags/example_latest_only.py took 2.133 seconds
[2023-05-24T23:18:11.822+0000] {processor.py:153} INFO - Started process (PID=452) to work on /home/airflow/.local/lib/python3.7/site-packages/airflow/example_dags/example_latest_only.py
[2023-05-24T23:18:11.827+0000] {processor.py:743} INFO - Processing file /home/airflow/.local/lib/python3.7/site-packages/airflow/example_dags/example_latest_only.py for tasks to queue
[2023-05-24T23:18:11.834+0000] {logging_mixin.py:137} INFO - [2023-05-24T23:18:11.834+0000] {dagbag.py:538} INFO - Filling up the DagBag from /home/airflow/.local/lib/python3.7/site-packages/airflow/example_dags/example_latest_only.py
[2023-05-24T23:18:12.003+0000] {processor.py:753} INFO - DAG(s) dict_keys(['latest_only']) retrieved from /home/airflow/.local/lib/python3.7/site-packages/airflow/example_dags/example_latest_only.py
[2023-05-24T23:18:12.242+0000] {logging_mixin.py:137} INFO - [2023-05-24T23:18:12.242+0000] {dag.py:2690} INFO - Sync 1 DAGs
[2023-05-24T23:18:12.375+0000] {logging_mixin.py:137} INFO - [2023-05-24T23:18:12.373+0000] {dag.py:3441} INFO - Setting next_dagrun for latest_only to 2023-05-24T19:18:12.373539+00:00, run_after=2023-05-24T23:18:12.373539+00:00
[2023-05-24T23:18:12.468+0000] {processor.py:175} INFO - Processing /home/airflow/.local/lib/python3.7/site-packages/airflow/example_dags/example_latest_only.py took 0.697 seconds
[2023-05-24T23:20:26.036+0000] {processor.py:153} INFO - Started process (PID=71) to work on /home/airflow/.local/lib/python3.7/site-packages/airflow/example_dags/example_latest_only.py
[2023-05-24T23:20:26.058+0000] {processor.py:743} INFO - Processing file /home/airflow/.local/lib/python3.7/site-packages/airflow/example_dags/example_latest_only.py for tasks to queue
[2023-05-24T23:20:26.064+0000] {logging_mixin.py:137} INFO - [2023-05-24T23:20:26.063+0000] {dagbag.py:538} INFO - Filling up the DagBag from /home/airflow/.local/lib/python3.7/site-packages/airflow/example_dags/example_latest_only.py
[2023-05-24T23:20:26.142+0000] {processor.py:753} INFO - DAG(s) dict_keys(['latest_only']) retrieved from /home/airflow/.local/lib/python3.7/site-packages/airflow/example_dags/example_latest_only.py
[2023-05-24T23:20:26.226+0000] {logging_mixin.py:137} INFO - [2023-05-24T23:20:26.226+0000] {dag.py:2690} INFO - Sync 1 DAGs
[2023-05-24T23:20:26.462+0000] {logging_mixin.py:137} INFO - [2023-05-24T23:20:26.461+0000] {dag.py:3441} INFO - Setting next_dagrun for latest_only to 2023-05-24T19:20:26.454421+00:00, run_after=2023-05-24T23:20:26.454421+00:00
[2023-05-24T23:20:26.696+0000] {processor.py:175} INFO - Processing /home/airflow/.local/lib/python3.7/site-packages/airflow/example_dags/example_latest_only.py took 0.701 seconds
[2023-05-24T23:20:57.472+0000] {processor.py:153} INFO - Started process (PID=131) to work on /home/airflow/.local/lib/python3.7/site-packages/airflow/example_dags/example_latest_only.py
[2023-05-24T23:20:57.477+0000] {processor.py:743} INFO - Processing file /home/airflow/.local/lib/python3.7/site-packages/airflow/example_dags/example_latest_only.py for tasks to queue
[2023-05-24T23:20:57.483+0000] {logging_mixin.py:137} INFO - [2023-05-24T23:20:57.482+0000] {dagbag.py:538} INFO - Filling up the DagBag from /home/airflow/.local/lib/python3.7/site-packages/airflow/example_dags/example_latest_only.py
[2023-05-24T23:20:57.536+0000] {processor.py:753} INFO - DAG(s) dict_keys(['latest_only']) retrieved from /home/airflow/.local/lib/python3.7/site-packages/airflow/example_dags/example_latest_only.py
[2023-05-24T23:20:57.603+0000] {logging_mixin.py:137} INFO - [2023-05-24T23:20:57.603+0000] {dag.py:2690} INFO - Sync 1 DAGs
[2023-05-24T23:20:57.648+0000] {logging_mixin.py:137} INFO - [2023-05-24T23:20:57.648+0000] {dag.py:3441} INFO - Setting next_dagrun for latest_only to 2023-05-24T19:20:57.647790+00:00, run_after=2023-05-24T23:20:57.647790+00:00
[2023-05-24T23:20:57.680+0000] {processor.py:175} INFO - Processing /home/airflow/.local/lib/python3.7/site-packages/airflow/example_dags/example_latest_only.py took 0.219 seconds
[2023-05-24T23:21:27.791+0000] {processor.py:153} INFO - Started process (PID=190) to work on /home/airflow/.local/lib/python3.7/site-packages/airflow/example_dags/example_latest_only.py
[2023-05-24T23:21:27.795+0000] {processor.py:743} INFO - Processing file /home/airflow/.local/lib/python3.7/site-packages/airflow/example_dags/example_latest_only.py for tasks to queue
[2023-05-24T23:21:27.807+0000] {logging_mixin.py:137} INFO - [2023-05-24T23:21:27.807+0000] {dagbag.py:538} INFO - Filling up the DagBag from /home/airflow/.local/lib/python3.7/site-packages/airflow/example_dags/example_latest_only.py
[2023-05-24T23:21:27.942+0000] {processor.py:753} INFO - DAG(s) dict_keys(['latest_only']) retrieved from /home/airflow/.local/lib/python3.7/site-packages/airflow/example_dags/example_latest_only.py
[2023-05-24T23:21:28.119+0000] {logging_mixin.py:137} INFO - [2023-05-24T23:21:28.119+0000] {dag.py:2690} INFO - Sync 1 DAGs
[2023-05-24T23:21:28.245+0000] {logging_mixin.py:137} INFO - [2023-05-24T23:21:28.245+0000] {dag.py:3441} INFO - Setting next_dagrun for latest_only to 2023-05-24T19:21:28.245437+00:00, run_after=2023-05-24T23:21:28.245437+00:00
[2023-05-24T23:21:28.339+0000] {processor.py:175} INFO - Processing /home/airflow/.local/lib/python3.7/site-packages/airflow/example_dags/example_latest_only.py took 0.553 seconds
[2023-05-24T23:21:58.645+0000] {processor.py:153} INFO - Started process (PID=261) to work on /home/airflow/.local/lib/python3.7/site-packages/airflow/example_dags/example_latest_only.py
[2023-05-24T23:21:58.654+0000] {processor.py:743} INFO - Processing file /home/airflow/.local/lib/python3.7/site-packages/airflow/example_dags/example_latest_only.py for tasks to queue
[2023-05-24T23:21:58.656+0000] {logging_mixin.py:137} INFO - [2023-05-24T23:21:58.656+0000] {dagbag.py:538} INFO - Filling up the DagBag from /home/airflow/.local/lib/python3.7/site-packages/airflow/example_dags/example_latest_only.py
[2023-05-24T23:21:58.693+0000] {processor.py:753} INFO - DAG(s) dict_keys(['latest_only']) retrieved from /home/airflow/.local/lib/python3.7/site-packages/airflow/example_dags/example_latest_only.py
[2023-05-24T23:21:58.758+0000] {logging_mixin.py:137} INFO - [2023-05-24T23:21:58.758+0000] {dag.py:2690} INFO - Sync 1 DAGs
[2023-05-24T23:21:58.834+0000] {logging_mixin.py:137} INFO - [2023-05-24T23:21:58.834+0000] {dag.py:3441} INFO - Setting next_dagrun for latest_only to 2023-05-24T19:21:58.833774+00:00, run_after=2023-05-24T23:21:58.833774+00:00
[2023-05-24T23:21:58.864+0000] {processor.py:175} INFO - Processing /home/airflow/.local/lib/python3.7/site-packages/airflow/example_dags/example_latest_only.py took 0.227 seconds
[2023-05-24T23:22:28.959+0000] {processor.py:153} INFO - Started process (PID=320) to work on /home/airflow/.local/lib/python3.7/site-packages/airflow/example_dags/example_latest_only.py
[2023-05-24T23:22:28.961+0000] {processor.py:743} INFO - Processing file /home/airflow/.local/lib/python3.7/site-packages/airflow/example_dags/example_latest_only.py for tasks to queue
[2023-05-24T23:22:28.963+0000] {logging_mixin.py:137} INFO - [2023-05-24T23:22:28.963+0000] {dagbag.py:538} INFO - Filling up the DagBag from /home/airflow/.local/lib/python3.7/site-packages/airflow/example_dags/example_latest_only.py
[2023-05-24T23:22:28.988+0000] {processor.py:753} INFO - DAG(s) dict_keys(['latest_only']) retrieved from /home/airflow/.local/lib/python3.7/site-packages/airflow/example_dags/example_latest_only.py
[2023-05-24T23:22:29.031+0000] {logging_mixin.py:137} INFO - [2023-05-24T23:22:29.031+0000] {dag.py:2690} INFO - Sync 1 DAGs
[2023-05-24T23:22:29.081+0000] {logging_mixin.py:137} INFO - [2023-05-24T23:22:29.081+0000] {dag.py:3441} INFO - Setting next_dagrun for latest_only to 2023-05-24T19:22:29.081259+00:00, run_after=2023-05-24T23:22:29.081259+00:00
[2023-05-24T23:22:29.119+0000] {processor.py:175} INFO - Processing /home/airflow/.local/lib/python3.7/site-packages/airflow/example_dags/example_latest_only.py took 0.165 seconds
[2023-05-24T23:22:59.504+0000] {processor.py:153} INFO - Started process (PID=380) to work on /home/airflow/.local/lib/python3.7/site-packages/airflow/example_dags/example_latest_only.py
[2023-05-24T23:22:59.507+0000] {processor.py:743} INFO - Processing file /home/airflow/.local/lib/python3.7/site-packages/airflow/example_dags/example_latest_only.py for tasks to queue
[2023-05-24T23:22:59.515+0000] {logging_mixin.py:137} INFO - [2023-05-24T23:22:59.514+0000] {dagbag.py:538} INFO - Filling up the DagBag from /home/airflow/.local/lib/python3.7/site-packages/airflow/example_dags/example_latest_only.py
[2023-05-24T23:22:59.545+0000] {processor.py:753} INFO - DAG(s) dict_keys(['latest_only']) retrieved from /home/airflow/.local/lib/python3.7/site-packages/airflow/example_dags/example_latest_only.py
[2023-05-24T23:22:59.592+0000] {logging_mixin.py:137} INFO - [2023-05-24T23:22:59.592+0000] {dag.py:2690} INFO - Sync 1 DAGs
[2023-05-24T23:22:59.639+0000] {logging_mixin.py:137} INFO - [2023-05-24T23:22:59.639+0000] {dag.py:3441} INFO - Setting next_dagrun for latest_only to 2023-05-24T19:22:59.638602+00:00, run_after=2023-05-24T23:22:59.638602+00:00
[2023-05-24T23:22:59.666+0000] {processor.py:175} INFO - Processing /home/airflow/.local/lib/python3.7/site-packages/airflow/example_dags/example_latest_only.py took 0.171 seconds
[2023-05-24T23:23:30.555+0000] {processor.py:153} INFO - Started process (PID=439) to work on /home/airflow/.local/lib/python3.7/site-packages/airflow/example_dags/example_latest_only.py
[2023-05-24T23:23:30.559+0000] {processor.py:743} INFO - Processing file /home/airflow/.local/lib/python3.7/site-packages/airflow/example_dags/example_latest_only.py for tasks to queue
[2023-05-24T23:23:30.568+0000] {logging_mixin.py:137} INFO - [2023-05-24T23:23:30.567+0000] {dagbag.py:538} INFO - Filling up the DagBag from /home/airflow/.local/lib/python3.7/site-packages/airflow/example_dags/example_latest_only.py
[2023-05-24T23:23:30.606+0000] {processor.py:753} INFO - DAG(s) dict_keys(['latest_only']) retrieved from /home/airflow/.local/lib/python3.7/site-packages/airflow/example_dags/example_latest_only.py
[2023-05-24T23:23:30.702+0000] {logging_mixin.py:137} INFO - [2023-05-24T23:23:30.702+0000] {dag.py:2690} INFO - Sync 1 DAGs
[2023-05-24T23:23:30.757+0000] {logging_mixin.py:137} INFO - [2023-05-24T23:23:30.757+0000] {dag.py:3441} INFO - Setting next_dagrun for latest_only to 2023-05-24T19:23:30.757091+00:00, run_after=2023-05-24T23:23:30.757091+00:00
[2023-05-24T23:23:30.870+0000] {processor.py:175} INFO - Processing /home/airflow/.local/lib/python3.7/site-packages/airflow/example_dags/example_latest_only.py took 0.340 seconds
[2023-05-24T23:24:02.527+0000] {processor.py:153} INFO - Started process (PID=506) to work on /home/airflow/.local/lib/python3.7/site-packages/airflow/example_dags/example_latest_only.py
[2023-05-24T23:24:02.567+0000] {processor.py:743} INFO - Processing file /home/airflow/.local/lib/python3.7/site-packages/airflow/example_dags/example_latest_only.py for tasks to queue
[2023-05-24T23:24:02.620+0000] {logging_mixin.py:137} INFO - [2023-05-24T23:24:02.611+0000] {dagbag.py:538} INFO - Filling up the DagBag from /home/airflow/.local/lib/python3.7/site-packages/airflow/example_dags/example_latest_only.py
[2023-05-24T23:24:02.810+0000] {processor.py:753} INFO - DAG(s) dict_keys(['latest_only']) retrieved from /home/airflow/.local/lib/python3.7/site-packages/airflow/example_dags/example_latest_only.py
[2023-05-24T23:24:03.254+0000] {logging_mixin.py:137} INFO - [2023-05-24T23:24:03.254+0000] {dag.py:2690} INFO - Sync 1 DAGs
[2023-05-24T23:24:04.272+0000] {logging_mixin.py:137} INFO - [2023-05-24T23:24:04.272+0000] {dag.py:3441} INFO - Setting next_dagrun for latest_only to 2023-05-24T19:24:04.271414+00:00, run_after=2023-05-24T23:24:04.271414+00:00
[2023-05-24T23:24:05.419+0000] {processor.py:175} INFO - Processing /home/airflow/.local/lib/python3.7/site-packages/airflow/example_dags/example_latest_only.py took 3.035 seconds
[2023-05-24T23:24:37.098+0000] {processor.py:153} INFO - Started process (PID=559) to work on /home/airflow/.local/lib/python3.7/site-packages/airflow/example_dags/example_latest_only.py
[2023-05-24T23:24:37.101+0000] {processor.py:743} INFO - Processing file /home/airflow/.local/lib/python3.7/site-packages/airflow/example_dags/example_latest_only.py for tasks to queue
[2023-05-24T23:24:37.103+0000] {logging_mixin.py:137} INFO - [2023-05-24T23:24:37.103+0000] {dagbag.py:538} INFO - Filling up the DagBag from /home/airflow/.local/lib/python3.7/site-packages/airflow/example_dags/example_latest_only.py
[2023-05-24T23:24:37.126+0000] {processor.py:753} INFO - DAG(s) dict_keys(['latest_only']) retrieved from /home/airflow/.local/lib/python3.7/site-packages/airflow/example_dags/example_latest_only.py
[2023-05-24T23:24:37.213+0000] {logging_mixin.py:137} INFO - [2023-05-24T23:24:37.213+0000] {dag.py:2690} INFO - Sync 1 DAGs
[2023-05-24T23:24:37.322+0000] {logging_mixin.py:137} INFO - [2023-05-24T23:24:37.322+0000] {dag.py:3441} INFO - Setting next_dagrun for latest_only to 2023-05-24T19:24:37.322034+00:00, run_after=2023-05-24T23:24:37.322034+00:00
[2023-05-24T23:24:37.386+0000] {processor.py:175} INFO - Processing /home/airflow/.local/lib/python3.7/site-packages/airflow/example_dags/example_latest_only.py took 0.293 seconds
[2023-05-24T23:25:07.449+0000] {processor.py:153} INFO - Started process (PID=625) to work on /home/airflow/.local/lib/python3.7/site-packages/airflow/example_dags/example_latest_only.py
[2023-05-24T23:25:07.459+0000] {processor.py:743} INFO - Processing file /home/airflow/.local/lib/python3.7/site-packages/airflow/example_dags/example_latest_only.py for tasks to queue
[2023-05-24T23:25:07.463+0000] {logging_mixin.py:137} INFO - [2023-05-24T23:25:07.462+0000] {dagbag.py:538} INFO - Filling up the DagBag from /home/airflow/.local/lib/python3.7/site-packages/airflow/example_dags/example_latest_only.py
[2023-05-24T23:25:07.512+0000] {processor.py:753} INFO - DAG(s) dict_keys(['latest_only']) retrieved from /home/airflow/.local/lib/python3.7/site-packages/airflow/example_dags/example_latest_only.py
[2023-05-24T23:25:07.628+0000] {logging_mixin.py:137} INFO - [2023-05-24T23:25:07.628+0000] {dag.py:2690} INFO - Sync 1 DAGs
[2023-05-24T23:25:07.713+0000] {logging_mixin.py:137} INFO - [2023-05-24T23:25:07.713+0000] {dag.py:3441} INFO - Setting next_dagrun for latest_only to 2023-05-24T19:25:07.712750+00:00, run_after=2023-05-24T23:25:07.712750+00:00
[2023-05-24T23:25:07.761+0000] {processor.py:175} INFO - Processing /home/airflow/.local/lib/python3.7/site-packages/airflow/example_dags/example_latest_only.py took 0.317 seconds
[2023-05-24T23:25:38.171+0000] {processor.py:153} INFO - Started process (PID=687) to work on /home/airflow/.local/lib/python3.7/site-packages/airflow/example_dags/example_latest_only.py
[2023-05-24T23:25:38.174+0000] {processor.py:743} INFO - Processing file /home/airflow/.local/lib/python3.7/site-packages/airflow/example_dags/example_latest_only.py for tasks to queue
[2023-05-24T23:25:38.177+0000] {logging_mixin.py:137} INFO - [2023-05-24T23:25:38.176+0000] {dagbag.py:538} INFO - Filling up the DagBag from /home/airflow/.local/lib/python3.7/site-packages/airflow/example_dags/example_latest_only.py
[2023-05-24T23:25:38.200+0000] {processor.py:753} INFO - DAG(s) dict_keys(['latest_only']) retrieved from /home/airflow/.local/lib/python3.7/site-packages/airflow/example_dags/example_latest_only.py
[2023-05-24T23:25:38.255+0000] {logging_mixin.py:137} INFO - [2023-05-24T23:25:38.254+0000] {dag.py:2690} INFO - Sync 1 DAGs
[2023-05-24T23:25:38.318+0000] {logging_mixin.py:137} INFO - [2023-05-24T23:25:38.318+0000] {dag.py:3441} INFO - Setting next_dagrun for latest_only to 2023-05-24T19:25:38.317700+00:00, run_after=2023-05-24T23:25:38.317700+00:00
[2023-05-24T23:25:38.349+0000] {processor.py:175} INFO - Processing /home/airflow/.local/lib/python3.7/site-packages/airflow/example_dags/example_latest_only.py took 0.183 seconds
[2023-05-24T23:26:08.404+0000] {processor.py:153} INFO - Started process (PID=747) to work on /home/airflow/.local/lib/python3.7/site-packages/airflow/example_dags/example_latest_only.py
[2023-05-24T23:26:08.406+0000] {processor.py:743} INFO - Processing file /home/airflow/.local/lib/python3.7/site-packages/airflow/example_dags/example_latest_only.py for tasks to queue
[2023-05-24T23:26:08.408+0000] {logging_mixin.py:137} INFO - [2023-05-24T23:26:08.407+0000] {dagbag.py:538} INFO - Filling up the DagBag from /home/airflow/.local/lib/python3.7/site-packages/airflow/example_dags/example_latest_only.py
[2023-05-24T23:26:08.427+0000] {processor.py:753} INFO - DAG(s) dict_keys(['latest_only']) retrieved from /home/airflow/.local/lib/python3.7/site-packages/airflow/example_dags/example_latest_only.py
[2023-05-24T23:26:08.459+0000] {logging_mixin.py:137} INFO - [2023-05-24T23:26:08.459+0000] {dag.py:2690} INFO - Sync 1 DAGs
[2023-05-24T23:26:08.492+0000] {logging_mixin.py:137} INFO - [2023-05-24T23:26:08.492+0000] {dag.py:3441} INFO - Setting next_dagrun for latest_only to 2023-05-24T19:26:08.492040+00:00, run_after=2023-05-24T23:26:08.492040+00:00
[2023-05-24T23:26:08.526+0000] {processor.py:175} INFO - Processing /home/airflow/.local/lib/python3.7/site-packages/airflow/example_dags/example_latest_only.py took 0.126 seconds
[2023-05-24T23:27:00.059+0000] {processor.py:153} INFO - Started process (PID=814) to work on /home/airflow/.local/lib/python3.7/site-packages/airflow/example_dags/example_latest_only.py
[2023-05-24T23:27:00.065+0000] {processor.py:743} INFO - Processing file /home/airflow/.local/lib/python3.7/site-packages/airflow/example_dags/example_latest_only.py for tasks to queue
[2023-05-24T23:27:00.072+0000] {logging_mixin.py:137} INFO - [2023-05-24T23:27:00.070+0000] {dagbag.py:538} INFO - Filling up the DagBag from /home/airflow/.local/lib/python3.7/site-packages/airflow/example_dags/example_latest_only.py
[2023-05-24T23:27:00.154+0000] {processor.py:753} INFO - DAG(s) dict_keys(['latest_only']) retrieved from /home/airflow/.local/lib/python3.7/site-packages/airflow/example_dags/example_latest_only.py
[2023-05-24T23:27:00.520+0000] {logging_mixin.py:137} INFO - [2023-05-24T23:27:00.514+0000] {dag.py:2690} INFO - Sync 1 DAGs
[2023-05-24T23:27:00.704+0000] {logging_mixin.py:137} INFO - [2023-05-24T23:27:00.704+0000] {dag.py:3441} INFO - Setting next_dagrun for latest_only to 2023-05-24T19:27:00.704045+00:00, run_after=2023-05-24T23:27:00.704045+00:00
[2023-05-24T23:27:00.765+0000] {processor.py:175} INFO - Processing /home/airflow/.local/lib/python3.7/site-packages/airflow/example_dags/example_latest_only.py took 0.721 seconds
[2023-05-24T23:27:33.774+0000] {processor.py:153} INFO - Started process (PID=874) to work on /home/airflow/.local/lib/python3.7/site-packages/airflow/example_dags/example_latest_only.py
[2023-05-24T23:27:33.785+0000] {processor.py:743} INFO - Processing file /home/airflow/.local/lib/python3.7/site-packages/airflow/example_dags/example_latest_only.py for tasks to queue
[2023-05-24T23:27:33.793+0000] {logging_mixin.py:137} INFO - [2023-05-24T23:27:33.789+0000] {dagbag.py:538} INFO - Filling up the DagBag from /home/airflow/.local/lib/python3.7/site-packages/airflow/example_dags/example_latest_only.py
[2023-05-24T23:27:33.863+0000] {processor.py:753} INFO - DAG(s) dict_keys(['latest_only']) retrieved from /home/airflow/.local/lib/python3.7/site-packages/airflow/example_dags/example_latest_only.py
[2023-05-24T23:27:34.115+0000] {logging_mixin.py:137} INFO - [2023-05-24T23:27:34.115+0000] {dag.py:2690} INFO - Sync 1 DAGs
[2023-05-24T23:27:34.873+0000] {logging_mixin.py:137} INFO - [2023-05-24T23:27:34.873+0000] {dag.py:3441} INFO - Setting next_dagrun for latest_only to 2023-05-24T19:27:34.855732+00:00, run_after=2023-05-24T23:27:34.855732+00:00
[2023-05-24T23:27:35.377+0000] {processor.py:175} INFO - Processing /home/airflow/.local/lib/python3.7/site-packages/airflow/example_dags/example_latest_only.py took 1.631 seconds
[2023-05-24T23:29:06.743+0000] {processor.py:153} INFO - Started process (PID=964) to work on /home/airflow/.local/lib/python3.7/site-packages/airflow/example_dags/example_latest_only.py
[2023-05-24T23:29:06.747+0000] {processor.py:743} INFO - Processing file /home/airflow/.local/lib/python3.7/site-packages/airflow/example_dags/example_latest_only.py for tasks to queue
[2023-05-24T23:29:06.756+0000] {logging_mixin.py:137} INFO - [2023-05-24T23:29:06.754+0000] {dagbag.py:538} INFO - Filling up the DagBag from /home/airflow/.local/lib/python3.7/site-packages/airflow/example_dags/example_latest_only.py
[2023-05-24T23:29:07.067+0000] {processor.py:753} INFO - DAG(s) dict_keys(['latest_only']) retrieved from /home/airflow/.local/lib/python3.7/site-packages/airflow/example_dags/example_latest_only.py
[2023-05-24T23:29:07.330+0000] {logging_mixin.py:137} INFO - [2023-05-24T23:29:07.330+0000] {dag.py:2690} INFO - Sync 1 DAGs
[2023-05-24T23:29:07.440+0000] {logging_mixin.py:137} INFO - [2023-05-24T23:29:07.437+0000] {dag.py:3441} INFO - Setting next_dagrun for latest_only to 2023-05-24T19:29:07.437311+00:00, run_after=2023-05-24T23:29:07.437311+00:00
[2023-05-24T23:29:07.509+0000] {processor.py:175} INFO - Processing /home/airflow/.local/lib/python3.7/site-packages/airflow/example_dags/example_latest_only.py took 0.866 seconds
[2023-05-24T23:29:38.311+0000] {processor.py:153} INFO - Started process (PID=1025) to work on /home/airflow/.local/lib/python3.7/site-packages/airflow/example_dags/example_latest_only.py
[2023-05-24T23:29:38.315+0000] {processor.py:743} INFO - Processing file /home/airflow/.local/lib/python3.7/site-packages/airflow/example_dags/example_latest_only.py for tasks to queue
[2023-05-24T23:29:38.317+0000] {logging_mixin.py:137} INFO - [2023-05-24T23:29:38.317+0000] {dagbag.py:538} INFO - Filling up the DagBag from /home/airflow/.local/lib/python3.7/site-packages/airflow/example_dags/example_latest_only.py
[2023-05-24T23:29:38.352+0000] {processor.py:753} INFO - DAG(s) dict_keys(['latest_only']) retrieved from /home/airflow/.local/lib/python3.7/site-packages/airflow/example_dags/example_latest_only.py
[2023-05-24T23:29:38.400+0000] {logging_mixin.py:137} INFO - [2023-05-24T23:29:38.400+0000] {dag.py:2690} INFO - Sync 1 DAGs
[2023-05-24T23:29:38.440+0000] {logging_mixin.py:137} INFO - [2023-05-24T23:29:38.438+0000] {dag.py:3441} INFO - Setting next_dagrun for latest_only to 2023-05-24T19:29:38.438378+00:00, run_after=2023-05-24T23:29:38.438378+00:00
[2023-05-24T23:29:38.493+0000] {processor.py:175} INFO - Processing /home/airflow/.local/lib/python3.7/site-packages/airflow/example_dags/example_latest_only.py took 0.187 seconds
[2023-05-24T23:30:09.222+0000] {processor.py:153} INFO - Started process (PID=1084) to work on /home/airflow/.local/lib/python3.7/site-packages/airflow/example_dags/example_latest_only.py
[2023-05-24T23:30:09.226+0000] {processor.py:743} INFO - Processing file /home/airflow/.local/lib/python3.7/site-packages/airflow/example_dags/example_latest_only.py for tasks to queue
[2023-05-24T23:30:09.230+0000] {logging_mixin.py:137} INFO - [2023-05-24T23:30:09.230+0000] {dagbag.py:538} INFO - Filling up the DagBag from /home/airflow/.local/lib/python3.7/site-packages/airflow/example_dags/example_latest_only.py
[2023-05-24T23:30:09.285+0000] {processor.py:753} INFO - DAG(s) dict_keys(['latest_only']) retrieved from /home/airflow/.local/lib/python3.7/site-packages/airflow/example_dags/example_latest_only.py
[2023-05-24T23:30:09.345+0000] {logging_mixin.py:137} INFO - [2023-05-24T23:30:09.344+0000] {dag.py:2690} INFO - Sync 1 DAGs
[2023-05-24T23:30:09.457+0000] {logging_mixin.py:137} INFO - [2023-05-24T23:30:09.457+0000] {dag.py:3441} INFO - Setting next_dagrun for latest_only to 2023-05-24T19:30:09.457018+00:00, run_after=2023-05-24T23:30:09.457018+00:00
[2023-05-24T23:30:09.523+0000] {processor.py:175} INFO - Processing /home/airflow/.local/lib/python3.7/site-packages/airflow/example_dags/example_latest_only.py took 0.307 seconds
[2023-05-24T23:30:39.586+0000] {processor.py:153} INFO - Started process (PID=1144) to work on /home/airflow/.local/lib/python3.7/site-packages/airflow/example_dags/example_latest_only.py
[2023-05-24T23:30:39.589+0000] {processor.py:743} INFO - Processing file /home/airflow/.local/lib/python3.7/site-packages/airflow/example_dags/example_latest_only.py for tasks to queue
[2023-05-24T23:30:39.591+0000] {logging_mixin.py:137} INFO - [2023-05-24T23:30:39.591+0000] {dagbag.py:538} INFO - Filling up the DagBag from /home/airflow/.local/lib/python3.7/site-packages/airflow/example_dags/example_latest_only.py
[2023-05-24T23:30:39.610+0000] {processor.py:753} INFO - DAG(s) dict_keys(['latest_only']) retrieved from /home/airflow/.local/lib/python3.7/site-packages/airflow/example_dags/example_latest_only.py
[2023-05-24T23:30:39.644+0000] {logging_mixin.py:137} INFO - [2023-05-24T23:30:39.644+0000] {dag.py:2690} INFO - Sync 1 DAGs
[2023-05-24T23:30:39.679+0000] {logging_mixin.py:137} INFO - [2023-05-24T23:30:39.679+0000] {dag.py:3441} INFO - Setting next_dagrun for latest_only to 2023-05-24T19:30:39.679204+00:00, run_after=2023-05-24T23:30:39.679204+00:00
[2023-05-24T23:30:39.713+0000] {processor.py:175} INFO - Processing /home/airflow/.local/lib/python3.7/site-packages/airflow/example_dags/example_latest_only.py took 0.131 seconds
[2023-05-24T23:33:58.050+0000] {processor.py:153} INFO - Started process (PID=76) to work on /home/airflow/.local/lib/python3.7/site-packages/airflow/example_dags/example_latest_only.py
[2023-05-24T23:33:58.056+0000] {processor.py:743} INFO - Processing file /home/airflow/.local/lib/python3.7/site-packages/airflow/example_dags/example_latest_only.py for tasks to queue
[2023-05-24T23:33:58.065+0000] {logging_mixin.py:137} INFO - [2023-05-24T23:33:58.064+0000] {dagbag.py:538} INFO - Filling up the DagBag from /home/airflow/.local/lib/python3.7/site-packages/airflow/example_dags/example_latest_only.py
[2023-05-24T23:33:58.143+0000] {processor.py:753} INFO - DAG(s) dict_keys(['latest_only']) retrieved from /home/airflow/.local/lib/python3.7/site-packages/airflow/example_dags/example_latest_only.py
[2023-05-24T23:33:58.216+0000] {logging_mixin.py:137} INFO - [2023-05-24T23:33:58.216+0000] {dag.py:2690} INFO - Sync 1 DAGs
[2023-05-24T23:33:58.330+0000] {logging_mixin.py:137} INFO - [2023-05-24T23:33:58.328+0000] {dag.py:3441} INFO - Setting next_dagrun for latest_only to 2023-05-24T19:33:58.328399+00:00, run_after=2023-05-24T23:33:58.328399+00:00
[2023-05-24T23:33:58.424+0000] {processor.py:175} INFO - Processing /home/airflow/.local/lib/python3.7/site-packages/airflow/example_dags/example_latest_only.py took 0.390 seconds
[2023-05-24T23:34:29.736+0000] {processor.py:153} INFO - Started process (PID=129) to work on /home/airflow/.local/lib/python3.7/site-packages/airflow/example_dags/example_latest_only.py
[2023-05-24T23:34:29.787+0000] {processor.py:743} INFO - Processing file /home/airflow/.local/lib/python3.7/site-packages/airflow/example_dags/example_latest_only.py for tasks to queue
[2023-05-24T23:34:29.796+0000] {logging_mixin.py:137} INFO - [2023-05-24T23:34:29.794+0000] {dagbag.py:538} INFO - Filling up the DagBag from /home/airflow/.local/lib/python3.7/site-packages/airflow/example_dags/example_latest_only.py
[2023-05-24T23:34:30.035+0000] {processor.py:753} INFO - DAG(s) dict_keys(['latest_only']) retrieved from /home/airflow/.local/lib/python3.7/site-packages/airflow/example_dags/example_latest_only.py
[2023-05-24T23:34:30.351+0000] {logging_mixin.py:137} INFO - [2023-05-24T23:34:30.351+0000] {dag.py:2690} INFO - Sync 1 DAGs
[2023-05-24T23:34:30.838+0000] {logging_mixin.py:137} INFO - [2023-05-24T23:34:30.838+0000] {dag.py:3441} INFO - Setting next_dagrun for latest_only to 2023-05-24T19:34:30.838070+00:00, run_after=2023-05-24T23:34:30.838070+00:00
[2023-05-24T23:34:31.158+0000] {processor.py:175} INFO - Processing /home/airflow/.local/lib/python3.7/site-packages/airflow/example_dags/example_latest_only.py took 1.662 seconds
[2023-05-24T23:35:04.307+0000] {processor.py:153} INFO - Started process (PID=188) to work on /home/airflow/.local/lib/python3.7/site-packages/airflow/example_dags/example_latest_only.py
[2023-05-24T23:35:04.334+0000] {processor.py:743} INFO - Processing file /home/airflow/.local/lib/python3.7/site-packages/airflow/example_dags/example_latest_only.py for tasks to queue
[2023-05-24T23:35:04.369+0000] {logging_mixin.py:137} INFO - [2023-05-24T23:35:04.358+0000] {dagbag.py:538} INFO - Filling up the DagBag from /home/airflow/.local/lib/python3.7/site-packages/airflow/example_dags/example_latest_only.py
[2023-05-24T23:35:04.669+0000] {processor.py:753} INFO - DAG(s) dict_keys(['latest_only']) retrieved from /home/airflow/.local/lib/python3.7/site-packages/airflow/example_dags/example_latest_only.py
[2023-05-24T23:35:05.223+0000] {logging_mixin.py:137} INFO - [2023-05-24T23:35:05.209+0000] {dag.py:2690} INFO - Sync 1 DAGs
[2023-05-24T23:35:06.624+0000] {logging_mixin.py:137} INFO - [2023-05-24T23:35:06.594+0000] {dag.py:3441} INFO - Setting next_dagrun for latest_only to 2023-05-24T19:35:06.594085+00:00, run_after=2023-05-24T23:35:06.594085+00:00
[2023-05-24T23:35:07.326+0000] {processor.py:175} INFO - Processing /home/airflow/.local/lib/python3.7/site-packages/airflow/example_dags/example_latest_only.py took 3.060 seconds
[2023-05-24T23:36:21.709+0000] {processor.py:153} INFO - Started process (PID=263) to work on /home/airflow/.local/lib/python3.7/site-packages/airflow/example_dags/example_latest_only.py
[2023-05-24T23:36:21.715+0000] {processor.py:743} INFO - Processing file /home/airflow/.local/lib/python3.7/site-packages/airflow/example_dags/example_latest_only.py for tasks to queue
[2023-05-24T23:36:21.727+0000] {logging_mixin.py:137} INFO - [2023-05-24T23:36:21.726+0000] {dagbag.py:538} INFO - Filling up the DagBag from /home/airflow/.local/lib/python3.7/site-packages/airflow/example_dags/example_latest_only.py
[2023-05-24T23:36:21.778+0000] {processor.py:753} INFO - DAG(s) dict_keys(['latest_only']) retrieved from /home/airflow/.local/lib/python3.7/site-packages/airflow/example_dags/example_latest_only.py
[2023-05-24T23:36:22.186+0000] {logging_mixin.py:137} INFO - [2023-05-24T23:36:22.181+0000] {dag.py:2690} INFO - Sync 1 DAGs
[2023-05-24T23:36:22.553+0000] {logging_mixin.py:137} INFO - [2023-05-24T23:36:22.540+0000] {dag.py:3441} INFO - Setting next_dagrun for latest_only to 2023-05-24T19:36:22.539568+00:00, run_after=2023-05-24T23:36:22.539568+00:00
[2023-05-24T23:36:22.762+0000] {processor.py:175} INFO - Processing /home/airflow/.local/lib/python3.7/site-packages/airflow/example_dags/example_latest_only.py took 1.065 seconds
[2023-05-24T23:37:24.502+0000] {processor.py:153} INFO - Started process (PID=334) to work on /home/airflow/.local/lib/python3.7/site-packages/airflow/example_dags/example_latest_only.py
[2023-05-24T23:37:24.513+0000] {processor.py:743} INFO - Processing file /home/airflow/.local/lib/python3.7/site-packages/airflow/example_dags/example_latest_only.py for tasks to queue
[2023-05-24T23:37:24.528+0000] {logging_mixin.py:137} INFO - [2023-05-24T23:37:24.527+0000] {dagbag.py:538} INFO - Filling up the DagBag from /home/airflow/.local/lib/python3.7/site-packages/airflow/example_dags/example_latest_only.py
[2023-05-24T23:37:24.790+0000] {processor.py:753} INFO - DAG(s) dict_keys(['latest_only']) retrieved from /home/airflow/.local/lib/python3.7/site-packages/airflow/example_dags/example_latest_only.py
[2023-05-24T23:37:25.297+0000] {logging_mixin.py:137} INFO - [2023-05-24T23:37:25.282+0000] {dag.py:2690} INFO - Sync 1 DAGs
[2023-05-24T23:37:25.646+0000] {logging_mixin.py:137} INFO - [2023-05-24T23:37:25.646+0000] {dag.py:3441} INFO - Setting next_dagrun for latest_only to 2023-05-24T19:37:25.636959+00:00, run_after=2023-05-24T23:37:25.636959+00:00
[2023-05-24T23:37:25.970+0000] {processor.py:175} INFO - Processing /home/airflow/.local/lib/python3.7/site-packages/airflow/example_dags/example_latest_only.py took 1.508 seconds
[2023-05-24T23:38:20.245+0000] {processor.py:153} INFO - Started process (PID=395) to work on /home/airflow/.local/lib/python3.7/site-packages/airflow/example_dags/example_latest_only.py
[2023-05-24T23:38:20.258+0000] {processor.py:743} INFO - Processing file /home/airflow/.local/lib/python3.7/site-packages/airflow/example_dags/example_latest_only.py for tasks to queue
[2023-05-24T23:38:20.285+0000] {logging_mixin.py:137} INFO - [2023-05-24T23:38:20.284+0000] {dagbag.py:538} INFO - Filling up the DagBag from /home/airflow/.local/lib/python3.7/site-packages/airflow/example_dags/example_latest_only.py
[2023-05-24T23:38:20.443+0000] {processor.py:753} INFO - DAG(s) dict_keys(['latest_only']) retrieved from /home/airflow/.local/lib/python3.7/site-packages/airflow/example_dags/example_latest_only.py
[2023-05-24T23:38:20.788+0000] {logging_mixin.py:137} INFO - [2023-05-24T23:38:20.786+0000] {dag.py:2690} INFO - Sync 1 DAGs
[2023-05-24T23:38:21.290+0000] {logging_mixin.py:137} INFO - [2023-05-24T23:38:21.290+0000] {dag.py:3441} INFO - Setting next_dagrun for latest_only to 2023-05-24T19:38:21.290069+00:00, run_after=2023-05-24T23:38:21.290069+00:00
[2023-05-24T23:38:22.082+0000] {processor.py:175} INFO - Processing /home/airflow/.local/lib/python3.7/site-packages/airflow/example_dags/example_latest_only.py took 1.868 seconds
[2023-05-24T23:39:51.586+0000] {processor.py:153} INFO - Started process (PID=478) to work on /home/airflow/.local/lib/python3.7/site-packages/airflow/example_dags/example_latest_only.py
[2023-05-24T23:39:51.615+0000] {processor.py:743} INFO - Processing file /home/airflow/.local/lib/python3.7/site-packages/airflow/example_dags/example_latest_only.py for tasks to queue
[2023-05-24T23:39:51.626+0000] {logging_mixin.py:137} INFO - [2023-05-24T23:39:51.622+0000] {dagbag.py:538} INFO - Filling up the DagBag from /home/airflow/.local/lib/python3.7/site-packages/airflow/example_dags/example_latest_only.py
[2023-05-24T23:39:51.820+0000] {processor.py:753} INFO - DAG(s) dict_keys(['latest_only']) retrieved from /home/airflow/.local/lib/python3.7/site-packages/airflow/example_dags/example_latest_only.py
[2023-05-24T23:39:52.406+0000] {logging_mixin.py:137} INFO - [2023-05-24T23:39:52.405+0000] {dag.py:2690} INFO - Sync 1 DAGs
[2023-05-24T23:39:52.879+0000] {logging_mixin.py:137} INFO - [2023-05-24T23:39:52.878+0000] {dag.py:3441} INFO - Setting next_dagrun for latest_only to 2023-05-24T19:39:52.878432+00:00, run_after=2023-05-24T23:39:52.878432+00:00
[2023-05-24T23:39:53.155+0000] {processor.py:175} INFO - Processing /home/airflow/.local/lib/python3.7/site-packages/airflow/example_dags/example_latest_only.py took 1.671 seconds
[2023-05-24T23:40:27.311+0000] {processor.py:153} INFO - Started process (PID=530) to work on /home/airflow/.local/lib/python3.7/site-packages/airflow/example_dags/example_latest_only.py
[2023-05-24T23:40:27.320+0000] {processor.py:743} INFO - Processing file /home/airflow/.local/lib/python3.7/site-packages/airflow/example_dags/example_latest_only.py for tasks to queue
[2023-05-24T23:40:27.322+0000] {logging_mixin.py:137} INFO - [2023-05-24T23:40:27.322+0000] {dagbag.py:538} INFO - Filling up the DagBag from /home/airflow/.local/lib/python3.7/site-packages/airflow/example_dags/example_latest_only.py
[2023-05-24T23:40:27.385+0000] {processor.py:753} INFO - DAG(s) dict_keys(['latest_only']) retrieved from /home/airflow/.local/lib/python3.7/site-packages/airflow/example_dags/example_latest_only.py
[2023-05-24T23:40:27.461+0000] {logging_mixin.py:137} INFO - [2023-05-24T23:40:27.458+0000] {dag.py:2690} INFO - Sync 1 DAGs
[2023-05-24T23:40:27.551+0000] {logging_mixin.py:137} INFO - [2023-05-24T23:40:27.551+0000] {dag.py:3441} INFO - Setting next_dagrun for latest_only to 2023-05-24T19:40:27.550713+00:00, run_after=2023-05-24T23:40:27.550713+00:00
[2023-05-24T23:40:27.611+0000] {processor.py:175} INFO - Processing /home/airflow/.local/lib/python3.7/site-packages/airflow/example_dags/example_latest_only.py took 0.314 seconds
[2023-05-24T23:40:58.223+0000] {processor.py:153} INFO - Started process (PID=589) to work on /home/airflow/.local/lib/python3.7/site-packages/airflow/example_dags/example_latest_only.py
[2023-05-24T23:40:58.230+0000] {processor.py:743} INFO - Processing file /home/airflow/.local/lib/python3.7/site-packages/airflow/example_dags/example_latest_only.py for tasks to queue
[2023-05-24T23:40:58.234+0000] {logging_mixin.py:137} INFO - [2023-05-24T23:40:58.234+0000] {dagbag.py:538} INFO - Filling up the DagBag from /home/airflow/.local/lib/python3.7/site-packages/airflow/example_dags/example_latest_only.py
[2023-05-24T23:40:58.264+0000] {processor.py:753} INFO - DAG(s) dict_keys(['latest_only']) retrieved from /home/airflow/.local/lib/python3.7/site-packages/airflow/example_dags/example_latest_only.py
[2023-05-24T23:40:58.321+0000] {logging_mixin.py:137} INFO - [2023-05-24T23:40:58.321+0000] {dag.py:2690} INFO - Sync 1 DAGs
[2023-05-24T23:40:58.361+0000] {logging_mixin.py:137} INFO - [2023-05-24T23:40:58.360+0000] {dag.py:3441} INFO - Setting next_dagrun for latest_only to 2023-05-24T19:40:58.360578+00:00, run_after=2023-05-24T23:40:58.360578+00:00
[2023-05-24T23:40:58.384+0000] {processor.py:175} INFO - Processing /home/airflow/.local/lib/python3.7/site-packages/airflow/example_dags/example_latest_only.py took 0.172 seconds
[2023-05-24T23:43:13.623+0000] {processor.py:153} INFO - Started process (PID=81) to work on /home/airflow/.local/lib/python3.7/site-packages/airflow/example_dags/example_latest_only.py
[2023-05-24T23:43:13.626+0000] {processor.py:743} INFO - Processing file /home/airflow/.local/lib/python3.7/site-packages/airflow/example_dags/example_latest_only.py for tasks to queue
[2023-05-24T23:43:13.630+0000] {logging_mixin.py:137} INFO - [2023-05-24T23:43:13.629+0000] {dagbag.py:538} INFO - Filling up the DagBag from /home/airflow/.local/lib/python3.7/site-packages/airflow/example_dags/example_latest_only.py
[2023-05-24T23:43:13.661+0000] {processor.py:753} INFO - DAG(s) dict_keys(['latest_only']) retrieved from /home/airflow/.local/lib/python3.7/site-packages/airflow/example_dags/example_latest_only.py
[2023-05-24T23:43:13.729+0000] {logging_mixin.py:137} INFO - [2023-05-24T23:43:13.729+0000] {dag.py:2690} INFO - Sync 1 DAGs
[2023-05-24T23:43:13.804+0000] {logging_mixin.py:137} INFO - [2023-05-24T23:43:13.804+0000] {dag.py:3441} INFO - Setting next_dagrun for latest_only to 2023-05-24T19:43:13.803791+00:00, run_after=2023-05-24T23:43:13.803791+00:00
[2023-05-24T23:43:13.864+0000] {processor.py:175} INFO - Processing /home/airflow/.local/lib/python3.7/site-packages/airflow/example_dags/example_latest_only.py took 0.249 seconds
[2023-05-24T23:43:54.557+0000] {processor.py:153} INFO - Started process (PID=140) to work on /home/airflow/.local/lib/python3.7/site-packages/airflow/example_dags/example_latest_only.py
[2023-05-24T23:43:54.563+0000] {processor.py:743} INFO - Processing file /home/airflow/.local/lib/python3.7/site-packages/airflow/example_dags/example_latest_only.py for tasks to queue
[2023-05-24T23:43:54.566+0000] {logging_mixin.py:137} INFO - [2023-05-24T23:43:54.566+0000] {dagbag.py:538} INFO - Filling up the DagBag from /home/airflow/.local/lib/python3.7/site-packages/airflow/example_dags/example_latest_only.py
[2023-05-24T23:43:54.614+0000] {processor.py:753} INFO - DAG(s) dict_keys(['latest_only']) retrieved from /home/airflow/.local/lib/python3.7/site-packages/airflow/example_dags/example_latest_only.py
[2023-05-24T23:43:54.715+0000] {logging_mixin.py:137} INFO - [2023-05-24T23:43:54.715+0000] {dag.py:2690} INFO - Sync 1 DAGs
[2023-05-24T23:43:54.903+0000] {logging_mixin.py:137} INFO - [2023-05-24T23:43:54.903+0000] {dag.py:3441} INFO - Setting next_dagrun for latest_only to 2023-05-24T19:43:54.903154+00:00, run_after=2023-05-24T23:43:54.903154+00:00
[2023-05-24T23:43:55.021+0000] {processor.py:175} INFO - Processing /home/airflow/.local/lib/python3.7/site-packages/airflow/example_dags/example_latest_only.py took 0.478 seconds
[2023-05-24T23:44:26.420+0000] {processor.py:153} INFO - Started process (PID=201) to work on /home/airflow/.local/lib/python3.7/site-packages/airflow/example_dags/example_latest_only.py
[2023-05-24T23:44:26.440+0000] {processor.py:743} INFO - Processing file /home/airflow/.local/lib/python3.7/site-packages/airflow/example_dags/example_latest_only.py for tasks to queue
[2023-05-24T23:44:26.449+0000] {logging_mixin.py:137} INFO - [2023-05-24T23:44:26.444+0000] {dagbag.py:538} INFO - Filling up the DagBag from /home/airflow/.local/lib/python3.7/site-packages/airflow/example_dags/example_latest_only.py
[2023-05-24T23:44:26.802+0000] {processor.py:753} INFO - DAG(s) dict_keys(['latest_only']) retrieved from /home/airflow/.local/lib/python3.7/site-packages/airflow/example_dags/example_latest_only.py
[2023-05-24T23:44:27.018+0000] {logging_mixin.py:137} INFO - [2023-05-24T23:44:27.018+0000] {dag.py:2690} INFO - Sync 1 DAGs
[2023-05-24T23:44:27.167+0000] {logging_mixin.py:137} INFO - [2023-05-24T23:44:27.166+0000] {dag.py:3441} INFO - Setting next_dagrun for latest_only to 2023-05-24T19:44:27.166159+00:00, run_after=2023-05-24T23:44:27.166159+00:00
[2023-05-24T23:44:27.376+0000] {processor.py:175} INFO - Processing /home/airflow/.local/lib/python3.7/site-packages/airflow/example_dags/example_latest_only.py took 1.056 seconds
[2023-05-24T23:44:57.668+0000] {processor.py:153} INFO - Started process (PID=261) to work on /home/airflow/.local/lib/python3.7/site-packages/airflow/example_dags/example_latest_only.py
[2023-05-24T23:44:57.670+0000] {processor.py:743} INFO - Processing file /home/airflow/.local/lib/python3.7/site-packages/airflow/example_dags/example_latest_only.py for tasks to queue
[2023-05-24T23:44:57.673+0000] {logging_mixin.py:137} INFO - [2023-05-24T23:44:57.672+0000] {dagbag.py:538} INFO - Filling up the DagBag from /home/airflow/.local/lib/python3.7/site-packages/airflow/example_dags/example_latest_only.py
[2023-05-24T23:44:57.695+0000] {processor.py:753} INFO - DAG(s) dict_keys(['latest_only']) retrieved from /home/airflow/.local/lib/python3.7/site-packages/airflow/example_dags/example_latest_only.py
[2023-05-24T23:44:57.729+0000] {logging_mixin.py:137} INFO - [2023-05-24T23:44:57.729+0000] {dag.py:2690} INFO - Sync 1 DAGs
[2023-05-24T23:44:57.779+0000] {logging_mixin.py:137} INFO - [2023-05-24T23:44:57.779+0000] {dag.py:3441} INFO - Setting next_dagrun for latest_only to 2023-05-24T19:44:57.778920+00:00, run_after=2023-05-24T23:44:57.778920+00:00
[2023-05-24T23:44:57.815+0000] {processor.py:175} INFO - Processing /home/airflow/.local/lib/python3.7/site-packages/airflow/example_dags/example_latest_only.py took 0.152 seconds
[2023-05-24T23:45:28.077+0000] {processor.py:153} INFO - Started process (PID=320) to work on /home/airflow/.local/lib/python3.7/site-packages/airflow/example_dags/example_latest_only.py
[2023-05-24T23:45:28.079+0000] {processor.py:743} INFO - Processing file /home/airflow/.local/lib/python3.7/site-packages/airflow/example_dags/example_latest_only.py for tasks to queue
[2023-05-24T23:45:28.082+0000] {logging_mixin.py:137} INFO - [2023-05-24T23:45:28.082+0000] {dagbag.py:538} INFO - Filling up the DagBag from /home/airflow/.local/lib/python3.7/site-packages/airflow/example_dags/example_latest_only.py
[2023-05-24T23:45:28.129+0000] {processor.py:753} INFO - DAG(s) dict_keys(['latest_only']) retrieved from /home/airflow/.local/lib/python3.7/site-packages/airflow/example_dags/example_latest_only.py
[2023-05-24T23:45:28.199+0000] {logging_mixin.py:137} INFO - [2023-05-24T23:45:28.198+0000] {dag.py:2690} INFO - Sync 1 DAGs
[2023-05-24T23:45:28.284+0000] {logging_mixin.py:137} INFO - [2023-05-24T23:45:28.284+0000] {dag.py:3441} INFO - Setting next_dagrun for latest_only to 2023-05-24T19:45:28.283925+00:00, run_after=2023-05-24T23:45:28.283925+00:00
[2023-05-24T23:45:28.407+0000] {processor.py:175} INFO - Processing /home/airflow/.local/lib/python3.7/site-packages/airflow/example_dags/example_latest_only.py took 0.344 seconds
[2023-05-24T23:45:58.575+0000] {processor.py:153} INFO - Started process (PID=380) to work on /home/airflow/.local/lib/python3.7/site-packages/airflow/example_dags/example_latest_only.py
[2023-05-24T23:45:58.580+0000] {processor.py:743} INFO - Processing file /home/airflow/.local/lib/python3.7/site-packages/airflow/example_dags/example_latest_only.py for tasks to queue
[2023-05-24T23:45:58.583+0000] {logging_mixin.py:137} INFO - [2023-05-24T23:45:58.583+0000] {dagbag.py:538} INFO - Filling up the DagBag from /home/airflow/.local/lib/python3.7/site-packages/airflow/example_dags/example_latest_only.py
[2023-05-24T23:45:58.612+0000] {processor.py:753} INFO - DAG(s) dict_keys(['latest_only']) retrieved from /home/airflow/.local/lib/python3.7/site-packages/airflow/example_dags/example_latest_only.py
[2023-05-24T23:45:58.686+0000] {logging_mixin.py:137} INFO - [2023-05-24T23:45:58.686+0000] {dag.py:2690} INFO - Sync 1 DAGs
[2023-05-24T23:45:58.751+0000] {logging_mixin.py:137} INFO - [2023-05-24T23:45:58.751+0000] {dag.py:3441} INFO - Setting next_dagrun for latest_only to 2023-05-24T19:45:58.751300+00:00, run_after=2023-05-24T23:45:58.751300+00:00
[2023-05-24T23:45:58.803+0000] {processor.py:175} INFO - Processing /home/airflow/.local/lib/python3.7/site-packages/airflow/example_dags/example_latest_only.py took 0.236 seconds
[2023-05-24T23:46:28.965+0000] {processor.py:153} INFO - Started process (PID=450) to work on /home/airflow/.local/lib/python3.7/site-packages/airflow/example_dags/example_latest_only.py
[2023-05-24T23:46:28.973+0000] {processor.py:743} INFO - Processing file /home/airflow/.local/lib/python3.7/site-packages/airflow/example_dags/example_latest_only.py for tasks to queue
[2023-05-24T23:46:28.976+0000] {logging_mixin.py:137} INFO - [2023-05-24T23:46:28.976+0000] {dagbag.py:538} INFO - Filling up the DagBag from /home/airflow/.local/lib/python3.7/site-packages/airflow/example_dags/example_latest_only.py
[2023-05-24T23:46:29.042+0000] {processor.py:753} INFO - DAG(s) dict_keys(['latest_only']) retrieved from /home/airflow/.local/lib/python3.7/site-packages/airflow/example_dags/example_latest_only.py
[2023-05-24T23:46:29.113+0000] {logging_mixin.py:137} INFO - [2023-05-24T23:46:29.113+0000] {dag.py:2690} INFO - Sync 1 DAGs
[2023-05-24T23:46:29.157+0000] {logging_mixin.py:137} INFO - [2023-05-24T23:46:29.157+0000] {dag.py:3441} INFO - Setting next_dagrun for latest_only to 2023-05-24T19:46:29.157171+00:00, run_after=2023-05-24T23:46:29.157171+00:00
[2023-05-24T23:46:29.200+0000] {processor.py:175} INFO - Processing /home/airflow/.local/lib/python3.7/site-packages/airflow/example_dags/example_latest_only.py took 0.246 seconds
[2023-05-24T23:46:59.897+0000] {processor.py:153} INFO - Started process (PID=507) to work on /home/airflow/.local/lib/python3.7/site-packages/airflow/example_dags/example_latest_only.py
[2023-05-24T23:46:59.921+0000] {processor.py:743} INFO - Processing file /home/airflow/.local/lib/python3.7/site-packages/airflow/example_dags/example_latest_only.py for tasks to queue
[2023-05-24T23:46:59.929+0000] {logging_mixin.py:137} INFO - [2023-05-24T23:46:59.927+0000] {dagbag.py:538} INFO - Filling up the DagBag from /home/airflow/.local/lib/python3.7/site-packages/airflow/example_dags/example_latest_only.py
[2023-05-24T23:47:00.079+0000] {processor.py:753} INFO - DAG(s) dict_keys(['latest_only']) retrieved from /home/airflow/.local/lib/python3.7/site-packages/airflow/example_dags/example_latest_only.py
[2023-05-24T23:47:00.478+0000] {logging_mixin.py:137} INFO - [2023-05-24T23:47:00.478+0000] {dag.py:2690} INFO - Sync 1 DAGs
[2023-05-24T23:47:00.920+0000] {logging_mixin.py:137} INFO - [2023-05-24T23:47:00.848+0000] {dag.py:3441} INFO - Setting next_dagrun for latest_only to 2023-05-24T19:47:00.848135+00:00, run_after=2023-05-24T23:47:00.848135+00:00
[2023-05-24T23:47:01.356+0000] {processor.py:175} INFO - Processing /home/airflow/.local/lib/python3.7/site-packages/airflow/example_dags/example_latest_only.py took 1.501 seconds
[2023-05-24T23:47:32.206+0000] {processor.py:153} INFO - Started process (PID=569) to work on /home/airflow/.local/lib/python3.7/site-packages/airflow/example_dags/example_latest_only.py
[2023-05-24T23:47:32.208+0000] {processor.py:743} INFO - Processing file /home/airflow/.local/lib/python3.7/site-packages/airflow/example_dags/example_latest_only.py for tasks to queue
[2023-05-24T23:47:32.211+0000] {logging_mixin.py:137} INFO - [2023-05-24T23:47:32.210+0000] {dagbag.py:538} INFO - Filling up the DagBag from /home/airflow/.local/lib/python3.7/site-packages/airflow/example_dags/example_latest_only.py
[2023-05-24T23:47:32.232+0000] {processor.py:753} INFO - DAG(s) dict_keys(['latest_only']) retrieved from /home/airflow/.local/lib/python3.7/site-packages/airflow/example_dags/example_latest_only.py
[2023-05-24T23:47:32.272+0000] {logging_mixin.py:137} INFO - [2023-05-24T23:47:32.272+0000] {dag.py:2690} INFO - Sync 1 DAGs
[2023-05-24T23:47:32.318+0000] {logging_mixin.py:137} INFO - [2023-05-24T23:47:32.318+0000] {dag.py:3441} INFO - Setting next_dagrun for latest_only to 2023-05-24T19:47:32.317799+00:00, run_after=2023-05-24T23:47:32.317799+00:00
[2023-05-24T23:47:32.359+0000] {processor.py:175} INFO - Processing /home/airflow/.local/lib/python3.7/site-packages/airflow/example_dags/example_latest_only.py took 0.164 seconds
[2023-05-24T23:48:04.276+0000] {processor.py:153} INFO - Started process (PID=630) to work on /home/airflow/.local/lib/python3.7/site-packages/airflow/example_dags/example_latest_only.py
[2023-05-24T23:48:04.280+0000] {processor.py:743} INFO - Processing file /home/airflow/.local/lib/python3.7/site-packages/airflow/example_dags/example_latest_only.py for tasks to queue
[2023-05-24T23:48:04.283+0000] {logging_mixin.py:137} INFO - [2023-05-24T23:48:04.282+0000] {dagbag.py:538} INFO - Filling up the DagBag from /home/airflow/.local/lib/python3.7/site-packages/airflow/example_dags/example_latest_only.py
[2023-05-24T23:48:04.311+0000] {processor.py:753} INFO - DAG(s) dict_keys(['latest_only']) retrieved from /home/airflow/.local/lib/python3.7/site-packages/airflow/example_dags/example_latest_only.py
[2023-05-24T23:48:04.355+0000] {logging_mixin.py:137} INFO - [2023-05-24T23:48:04.355+0000] {dag.py:2690} INFO - Sync 1 DAGs
[2023-05-24T23:48:04.399+0000] {logging_mixin.py:137} INFO - [2023-05-24T23:48:04.398+0000] {dag.py:3441} INFO - Setting next_dagrun for latest_only to 2023-05-24T19:48:04.397986+00:00, run_after=2023-05-24T23:48:04.397986+00:00
[2023-05-24T23:48:04.427+0000] {processor.py:175} INFO - Processing /home/airflow/.local/lib/python3.7/site-packages/airflow/example_dags/example_latest_only.py took 0.159 seconds
[2023-05-24T23:48:34.867+0000] {processor.py:153} INFO - Started process (PID=690) to work on /home/airflow/.local/lib/python3.7/site-packages/airflow/example_dags/example_latest_only.py
[2023-05-24T23:48:34.869+0000] {processor.py:743} INFO - Processing file /home/airflow/.local/lib/python3.7/site-packages/airflow/example_dags/example_latest_only.py for tasks to queue
[2023-05-24T23:48:34.872+0000] {logging_mixin.py:137} INFO - [2023-05-24T23:48:34.872+0000] {dagbag.py:538} INFO - Filling up the DagBag from /home/airflow/.local/lib/python3.7/site-packages/airflow/example_dags/example_latest_only.py
[2023-05-24T23:48:34.893+0000] {processor.py:753} INFO - DAG(s) dict_keys(['latest_only']) retrieved from /home/airflow/.local/lib/python3.7/site-packages/airflow/example_dags/example_latest_only.py
[2023-05-24T23:48:34.930+0000] {logging_mixin.py:137} INFO - [2023-05-24T23:48:34.930+0000] {dag.py:2690} INFO - Sync 1 DAGs
[2023-05-24T23:48:34.969+0000] {logging_mixin.py:137} INFO - [2023-05-24T23:48:34.969+0000] {dag.py:3441} INFO - Setting next_dagrun for latest_only to 2023-05-24T19:48:34.969101+00:00, run_after=2023-05-24T23:48:34.969101+00:00
[2023-05-24T23:48:35.015+0000] {processor.py:175} INFO - Processing /home/airflow/.local/lib/python3.7/site-packages/airflow/example_dags/example_latest_only.py took 0.154 seconds
[2023-05-24T23:49:05.152+0000] {processor.py:153} INFO - Started process (PID=748) to work on /home/airflow/.local/lib/python3.7/site-packages/airflow/example_dags/example_latest_only.py
[2023-05-24T23:49:05.155+0000] {processor.py:743} INFO - Processing file /home/airflow/.local/lib/python3.7/site-packages/airflow/example_dags/example_latest_only.py for tasks to queue
[2023-05-24T23:49:05.158+0000] {logging_mixin.py:137} INFO - [2023-05-24T23:49:05.158+0000] {dagbag.py:538} INFO - Filling up the DagBag from /home/airflow/.local/lib/python3.7/site-packages/airflow/example_dags/example_latest_only.py
[2023-05-24T23:49:05.177+0000] {processor.py:753} INFO - DAG(s) dict_keys(['latest_only']) retrieved from /home/airflow/.local/lib/python3.7/site-packages/airflow/example_dags/example_latest_only.py
[2023-05-24T23:49:05.212+0000] {logging_mixin.py:137} INFO - [2023-05-24T23:49:05.212+0000] {dag.py:2690} INFO - Sync 1 DAGs
[2023-05-24T23:49:05.260+0000] {logging_mixin.py:137} INFO - [2023-05-24T23:49:05.260+0000] {dag.py:3441} INFO - Setting next_dagrun for latest_only to 2023-05-24T19:49:05.259911+00:00, run_after=2023-05-24T23:49:05.259911+00:00
[2023-05-24T23:49:05.292+0000] {processor.py:175} INFO - Processing /home/airflow/.local/lib/python3.7/site-packages/airflow/example_dags/example_latest_only.py took 0.144 seconds
[2023-05-24T23:49:36.469+0000] {processor.py:153} INFO - Started process (PID=808) to work on /home/airflow/.local/lib/python3.7/site-packages/airflow/example_dags/example_latest_only.py
[2023-05-24T23:49:36.487+0000] {processor.py:743} INFO - Processing file /home/airflow/.local/lib/python3.7/site-packages/airflow/example_dags/example_latest_only.py for tasks to queue
[2023-05-24T23:49:36.511+0000] {logging_mixin.py:137} INFO - [2023-05-24T23:49:36.510+0000] {dagbag.py:538} INFO - Filling up the DagBag from /home/airflow/.local/lib/python3.7/site-packages/airflow/example_dags/example_latest_only.py
[2023-05-24T23:49:36.553+0000] {processor.py:753} INFO - DAG(s) dict_keys(['latest_only']) retrieved from /home/airflow/.local/lib/python3.7/site-packages/airflow/example_dags/example_latest_only.py
[2023-05-24T23:49:36.667+0000] {logging_mixin.py:137} INFO - [2023-05-24T23:49:36.667+0000] {dag.py:2690} INFO - Sync 1 DAGs
[2023-05-24T23:49:36.808+0000] {logging_mixin.py:137} INFO - [2023-05-24T23:49:36.808+0000] {dag.py:3441} INFO - Setting next_dagrun for latest_only to 2023-05-24T19:49:36.801857+00:00, run_after=2023-05-24T23:49:36.801857+00:00
[2023-05-24T23:49:37.019+0000] {processor.py:175} INFO - Processing /home/airflow/.local/lib/python3.7/site-packages/airflow/example_dags/example_latest_only.py took 0.601 seconds
[2023-05-24T23:50:07.554+0000] {processor.py:153} INFO - Started process (PID=866) to work on /home/airflow/.local/lib/python3.7/site-packages/airflow/example_dags/example_latest_only.py
[2023-05-24T23:50:07.565+0000] {processor.py:743} INFO - Processing file /home/airflow/.local/lib/python3.7/site-packages/airflow/example_dags/example_latest_only.py for tasks to queue
[2023-05-24T23:50:07.577+0000] {logging_mixin.py:137} INFO - [2023-05-24T23:50:07.577+0000] {dagbag.py:538} INFO - Filling up the DagBag from /home/airflow/.local/lib/python3.7/site-packages/airflow/example_dags/example_latest_only.py
[2023-05-24T23:50:07.639+0000] {processor.py:753} INFO - DAG(s) dict_keys(['latest_only']) retrieved from /home/airflow/.local/lib/python3.7/site-packages/airflow/example_dags/example_latest_only.py
[2023-05-24T23:50:07.735+0000] {logging_mixin.py:137} INFO - [2023-05-24T23:50:07.734+0000] {dag.py:2690} INFO - Sync 1 DAGs
[2023-05-24T23:50:07.864+0000] {logging_mixin.py:137} INFO - [2023-05-24T23:50:07.864+0000] {dag.py:3441} INFO - Setting next_dagrun for latest_only to 2023-05-24T19:50:07.864049+00:00, run_after=2023-05-24T23:50:07.864049+00:00
[2023-05-24T23:50:07.920+0000] {processor.py:175} INFO - Processing /home/airflow/.local/lib/python3.7/site-packages/airflow/example_dags/example_latest_only.py took 0.377 seconds
[2023-05-24T23:50:39.325+0000] {processor.py:153} INFO - Started process (PID=934) to work on /home/airflow/.local/lib/python3.7/site-packages/airflow/example_dags/example_latest_only.py
[2023-05-24T23:50:39.351+0000] {processor.py:743} INFO - Processing file /home/airflow/.local/lib/python3.7/site-packages/airflow/example_dags/example_latest_only.py for tasks to queue
[2023-05-24T23:50:39.357+0000] {logging_mixin.py:137} INFO - [2023-05-24T23:50:39.356+0000] {dagbag.py:538} INFO - Filling up the DagBag from /home/airflow/.local/lib/python3.7/site-packages/airflow/example_dags/example_latest_only.py
[2023-05-24T23:50:39.408+0000] {processor.py:753} INFO - DAG(s) dict_keys(['latest_only']) retrieved from /home/airflow/.local/lib/python3.7/site-packages/airflow/example_dags/example_latest_only.py
[2023-05-24T23:50:39.477+0000] {logging_mixin.py:137} INFO - [2023-05-24T23:50:39.475+0000] {dag.py:2690} INFO - Sync 1 DAGs
[2023-05-24T23:50:39.554+0000] {logging_mixin.py:137} INFO - [2023-05-24T23:50:39.553+0000] {dag.py:3441} INFO - Setting next_dagrun for latest_only to 2023-05-24T19:50:39.553393+00:00, run_after=2023-05-24T23:50:39.553393+00:00
[2023-05-24T23:50:39.636+0000] {processor.py:175} INFO - Processing /home/airflow/.local/lib/python3.7/site-packages/airflow/example_dags/example_latest_only.py took 0.323 seconds
[2023-05-24T23:51:12.858+0000] {processor.py:153} INFO - Started process (PID=995) to work on /home/airflow/.local/lib/python3.7/site-packages/airflow/example_dags/example_latest_only.py
[2023-05-24T23:51:12.865+0000] {processor.py:743} INFO - Processing file /home/airflow/.local/lib/python3.7/site-packages/airflow/example_dags/example_latest_only.py for tasks to queue
[2023-05-24T23:51:12.867+0000] {logging_mixin.py:137} INFO - [2023-05-24T23:51:12.867+0000] {dagbag.py:538} INFO - Filling up the DagBag from /home/airflow/.local/lib/python3.7/site-packages/airflow/example_dags/example_latest_only.py
[2023-05-24T23:51:12.892+0000] {processor.py:753} INFO - DAG(s) dict_keys(['latest_only']) retrieved from /home/airflow/.local/lib/python3.7/site-packages/airflow/example_dags/example_latest_only.py
[2023-05-24T23:51:12.998+0000] {logging_mixin.py:137} INFO - [2023-05-24T23:51:12.997+0000] {dag.py:2690} INFO - Sync 1 DAGs
[2023-05-24T23:51:13.096+0000] {logging_mixin.py:137} INFO - [2023-05-24T23:51:13.095+0000] {dag.py:3441} INFO - Setting next_dagrun for latest_only to 2023-05-24T19:51:13.095393+00:00, run_after=2023-05-24T23:51:13.095393+00:00
[2023-05-24T23:51:13.229+0000] {processor.py:175} INFO - Processing /home/airflow/.local/lib/python3.7/site-packages/airflow/example_dags/example_latest_only.py took 0.380 seconds
[2023-05-24T23:51:45.059+0000] {processor.py:153} INFO - Started process (PID=1057) to work on /home/airflow/.local/lib/python3.7/site-packages/airflow/example_dags/example_latest_only.py
[2023-05-24T23:51:45.070+0000] {processor.py:743} INFO - Processing file /home/airflow/.local/lib/python3.7/site-packages/airflow/example_dags/example_latest_only.py for tasks to queue
[2023-05-24T23:51:45.074+0000] {logging_mixin.py:137} INFO - [2023-05-24T23:51:45.073+0000] {dagbag.py:538} INFO - Filling up the DagBag from /home/airflow/.local/lib/python3.7/site-packages/airflow/example_dags/example_latest_only.py
[2023-05-24T23:51:45.123+0000] {processor.py:753} INFO - DAG(s) dict_keys(['latest_only']) retrieved from /home/airflow/.local/lib/python3.7/site-packages/airflow/example_dags/example_latest_only.py
[2023-05-24T23:51:45.196+0000] {logging_mixin.py:137} INFO - [2023-05-24T23:51:45.196+0000] {dag.py:2690} INFO - Sync 1 DAGs
[2023-05-24T23:51:45.276+0000] {logging_mixin.py:137} INFO - [2023-05-24T23:51:45.276+0000] {dag.py:3441} INFO - Setting next_dagrun for latest_only to 2023-05-24T19:51:45.275055+00:00, run_after=2023-05-24T23:51:45.275055+00:00
[2023-05-24T23:51:45.383+0000] {processor.py:175} INFO - Processing /home/airflow/.local/lib/python3.7/site-packages/airflow/example_dags/example_latest_only.py took 0.332 seconds
[2023-05-24T23:52:16.317+0000] {processor.py:153} INFO - Started process (PID=1121) to work on /home/airflow/.local/lib/python3.7/site-packages/airflow/example_dags/example_latest_only.py
[2023-05-24T23:52:16.324+0000] {processor.py:743} INFO - Processing file /home/airflow/.local/lib/python3.7/site-packages/airflow/example_dags/example_latest_only.py for tasks to queue
[2023-05-24T23:52:16.328+0000] {logging_mixin.py:137} INFO - [2023-05-24T23:52:16.327+0000] {dagbag.py:538} INFO - Filling up the DagBag from /home/airflow/.local/lib/python3.7/site-packages/airflow/example_dags/example_latest_only.py
[2023-05-24T23:52:16.374+0000] {processor.py:753} INFO - DAG(s) dict_keys(['latest_only']) retrieved from /home/airflow/.local/lib/python3.7/site-packages/airflow/example_dags/example_latest_only.py
[2023-05-24T23:52:16.671+0000] {logging_mixin.py:137} INFO - [2023-05-24T23:52:16.671+0000] {dag.py:2690} INFO - Sync 1 DAGs
[2023-05-24T23:52:16.933+0000] {logging_mixin.py:137} INFO - [2023-05-24T23:52:16.920+0000] {dag.py:3441} INFO - Setting next_dagrun for latest_only to 2023-05-24T19:52:16.919060+00:00, run_after=2023-05-24T23:52:16.919060+00:00
[2023-05-24T23:52:17.207+0000] {processor.py:175} INFO - Processing /home/airflow/.local/lib/python3.7/site-packages/airflow/example_dags/example_latest_only.py took 0.905 seconds
[2023-05-24T23:52:47.359+0000] {processor.py:153} INFO - Started process (PID=1181) to work on /home/airflow/.local/lib/python3.7/site-packages/airflow/example_dags/example_latest_only.py
[2023-05-24T23:52:47.362+0000] {processor.py:743} INFO - Processing file /home/airflow/.local/lib/python3.7/site-packages/airflow/example_dags/example_latest_only.py for tasks to queue
[2023-05-24T23:52:47.366+0000] {logging_mixin.py:137} INFO - [2023-05-24T23:52:47.365+0000] {dagbag.py:538} INFO - Filling up the DagBag from /home/airflow/.local/lib/python3.7/site-packages/airflow/example_dags/example_latest_only.py
[2023-05-24T23:52:47.390+0000] {processor.py:753} INFO - DAG(s) dict_keys(['latest_only']) retrieved from /home/airflow/.local/lib/python3.7/site-packages/airflow/example_dags/example_latest_only.py
[2023-05-24T23:52:47.446+0000] {logging_mixin.py:137} INFO - [2023-05-24T23:52:47.446+0000] {dag.py:2690} INFO - Sync 1 DAGs
[2023-05-24T23:52:47.515+0000] {logging_mixin.py:137} INFO - [2023-05-24T23:52:47.515+0000] {dag.py:3441} INFO - Setting next_dagrun for latest_only to 2023-05-24T19:52:47.515026+00:00, run_after=2023-05-24T23:52:47.515026+00:00
[2023-05-24T23:52:47.576+0000] {processor.py:175} INFO - Processing /home/airflow/.local/lib/python3.7/site-packages/airflow/example_dags/example_latest_only.py took 0.225 seconds
[2023-05-24T23:53:18.608+0000] {processor.py:153} INFO - Started process (PID=1240) to work on /home/airflow/.local/lib/python3.7/site-packages/airflow/example_dags/example_latest_only.py
[2023-05-24T23:53:18.612+0000] {processor.py:743} INFO - Processing file /home/airflow/.local/lib/python3.7/site-packages/airflow/example_dags/example_latest_only.py for tasks to queue
[2023-05-24T23:53:18.624+0000] {logging_mixin.py:137} INFO - [2023-05-24T23:53:18.624+0000] {dagbag.py:538} INFO - Filling up the DagBag from /home/airflow/.local/lib/python3.7/site-packages/airflow/example_dags/example_latest_only.py
[2023-05-24T23:53:18.672+0000] {processor.py:753} INFO - DAG(s) dict_keys(['latest_only']) retrieved from /home/airflow/.local/lib/python3.7/site-packages/airflow/example_dags/example_latest_only.py
[2023-05-24T23:53:18.739+0000] {logging_mixin.py:137} INFO - [2023-05-24T23:53:18.739+0000] {dag.py:2690} INFO - Sync 1 DAGs
[2023-05-24T23:53:18.851+0000] {logging_mixin.py:137} INFO - [2023-05-24T23:53:18.851+0000] {dag.py:3441} INFO - Setting next_dagrun for latest_only to 2023-05-24T19:53:18.851208+00:00, run_after=2023-05-24T23:53:18.851208+00:00
[2023-05-24T23:53:18.908+0000] {processor.py:175} INFO - Processing /home/airflow/.local/lib/python3.7/site-packages/airflow/example_dags/example_latest_only.py took 0.310 seconds
[2023-05-24T23:53:49.189+0000] {processor.py:153} INFO - Started process (PID=1301) to work on /home/airflow/.local/lib/python3.7/site-packages/airflow/example_dags/example_latest_only.py
[2023-05-24T23:53:49.192+0000] {processor.py:743} INFO - Processing file /home/airflow/.local/lib/python3.7/site-packages/airflow/example_dags/example_latest_only.py for tasks to queue
[2023-05-24T23:53:49.195+0000] {logging_mixin.py:137} INFO - [2023-05-24T23:53:49.195+0000] {dagbag.py:538} INFO - Filling up the DagBag from /home/airflow/.local/lib/python3.7/site-packages/airflow/example_dags/example_latest_only.py
[2023-05-24T23:53:49.256+0000] {processor.py:753} INFO - DAG(s) dict_keys(['latest_only']) retrieved from /home/airflow/.local/lib/python3.7/site-packages/airflow/example_dags/example_latest_only.py
[2023-05-24T23:53:49.396+0000] {logging_mixin.py:137} INFO - [2023-05-24T23:53:49.395+0000] {dag.py:2690} INFO - Sync 1 DAGs
[2023-05-24T23:53:49.459+0000] {logging_mixin.py:137} INFO - [2023-05-24T23:53:49.459+0000] {dag.py:3441} INFO - Setting next_dagrun for latest_only to 2023-05-24T19:53:49.459434+00:00, run_after=2023-05-24T23:53:49.459434+00:00
[2023-05-24T23:53:49.527+0000] {processor.py:175} INFO - Processing /home/airflow/.local/lib/python3.7/site-packages/airflow/example_dags/example_latest_only.py took 0.347 seconds
[2023-05-24T23:54:19.873+0000] {processor.py:153} INFO - Started process (PID=1361) to work on /home/airflow/.local/lib/python3.7/site-packages/airflow/example_dags/example_latest_only.py
[2023-05-24T23:54:19.879+0000] {processor.py:743} INFO - Processing file /home/airflow/.local/lib/python3.7/site-packages/airflow/example_dags/example_latest_only.py for tasks to queue
[2023-05-24T23:54:19.882+0000] {logging_mixin.py:137} INFO - [2023-05-24T23:54:19.882+0000] {dagbag.py:538} INFO - Filling up the DagBag from /home/airflow/.local/lib/python3.7/site-packages/airflow/example_dags/example_latest_only.py
[2023-05-24T23:54:19.929+0000] {processor.py:753} INFO - DAG(s) dict_keys(['latest_only']) retrieved from /home/airflow/.local/lib/python3.7/site-packages/airflow/example_dags/example_latest_only.py
[2023-05-24T23:54:19.966+0000] {logging_mixin.py:137} INFO - [2023-05-24T23:54:19.966+0000] {dag.py:2690} INFO - Sync 1 DAGs
[2023-05-24T23:54:20.003+0000] {logging_mixin.py:137} INFO - [2023-05-24T23:54:20.003+0000] {dag.py:3441} INFO - Setting next_dagrun for latest_only to 2023-05-24T19:54:20.002890+00:00, run_after=2023-05-24T23:54:20.002890+00:00
[2023-05-24T23:54:20.031+0000] {processor.py:175} INFO - Processing /home/airflow/.local/lib/python3.7/site-packages/airflow/example_dags/example_latest_only.py took 0.162 seconds
[2023-05-24T23:54:50.718+0000] {processor.py:153} INFO - Started process (PID=1420) to work on /home/airflow/.local/lib/python3.7/site-packages/airflow/example_dags/example_latest_only.py
[2023-05-24T23:54:50.724+0000] {processor.py:743} INFO - Processing file /home/airflow/.local/lib/python3.7/site-packages/airflow/example_dags/example_latest_only.py for tasks to queue
[2023-05-24T23:54:50.726+0000] {logging_mixin.py:137} INFO - [2023-05-24T23:54:50.726+0000] {dagbag.py:538} INFO - Filling up the DagBag from /home/airflow/.local/lib/python3.7/site-packages/airflow/example_dags/example_latest_only.py
[2023-05-24T23:54:50.845+0000] {processor.py:753} INFO - DAG(s) dict_keys(['latest_only']) retrieved from /home/airflow/.local/lib/python3.7/site-packages/airflow/example_dags/example_latest_only.py
[2023-05-24T23:54:51.245+0000] {logging_mixin.py:137} INFO - [2023-05-24T23:54:51.245+0000] {dag.py:2690} INFO - Sync 1 DAGs
[2023-05-24T23:54:51.552+0000] {logging_mixin.py:137} INFO - [2023-05-24T23:54:51.552+0000] {dag.py:3441} INFO - Setting next_dagrun for latest_only to 2023-05-24T19:54:51.550348+00:00, run_after=2023-05-24T23:54:51.550348+00:00
[2023-05-24T23:54:51.744+0000] {processor.py:175} INFO - Processing /home/airflow/.local/lib/python3.7/site-packages/airflow/example_dags/example_latest_only.py took 1.032 seconds
[2023-05-24T23:55:22.139+0000] {processor.py:153} INFO - Started process (PID=1480) to work on /home/airflow/.local/lib/python3.7/site-packages/airflow/example_dags/example_latest_only.py
[2023-05-24T23:55:22.160+0000] {processor.py:743} INFO - Processing file /home/airflow/.local/lib/python3.7/site-packages/airflow/example_dags/example_latest_only.py for tasks to queue
[2023-05-24T23:55:22.168+0000] {logging_mixin.py:137} INFO - [2023-05-24T23:55:22.165+0000] {dagbag.py:538} INFO - Filling up the DagBag from /home/airflow/.local/lib/python3.7/site-packages/airflow/example_dags/example_latest_only.py
[2023-05-24T23:55:22.356+0000] {processor.py:753} INFO - DAG(s) dict_keys(['latest_only']) retrieved from /home/airflow/.local/lib/python3.7/site-packages/airflow/example_dags/example_latest_only.py
[2023-05-24T23:55:22.576+0000] {logging_mixin.py:137} INFO - [2023-05-24T23:55:22.566+0000] {dag.py:2690} INFO - Sync 1 DAGs
[2023-05-24T23:55:22.787+0000] {logging_mixin.py:137} INFO - [2023-05-24T23:55:22.787+0000] {dag.py:3441} INFO - Setting next_dagrun for latest_only to 2023-05-24T19:55:22.787133+00:00, run_after=2023-05-24T23:55:22.787133+00:00
[2023-05-24T23:55:22.858+0000] {processor.py:175} INFO - Processing /home/airflow/.local/lib/python3.7/site-packages/airflow/example_dags/example_latest_only.py took 0.735 seconds
[2023-05-24T23:55:53.084+0000] {processor.py:153} INFO - Started process (PID=1540) to work on /home/airflow/.local/lib/python3.7/site-packages/airflow/example_dags/example_latest_only.py
[2023-05-24T23:55:53.095+0000] {processor.py:743} INFO - Processing file /home/airflow/.local/lib/python3.7/site-packages/airflow/example_dags/example_latest_only.py for tasks to queue
[2023-05-24T23:55:53.098+0000] {logging_mixin.py:137} INFO - [2023-05-24T23:55:53.098+0000] {dagbag.py:538} INFO - Filling up the DagBag from /home/airflow/.local/lib/python3.7/site-packages/airflow/example_dags/example_latest_only.py
[2023-05-24T23:55:53.158+0000] {processor.py:753} INFO - DAG(s) dict_keys(['latest_only']) retrieved from /home/airflow/.local/lib/python3.7/site-packages/airflow/example_dags/example_latest_only.py
[2023-05-24T23:55:53.297+0000] {logging_mixin.py:137} INFO - [2023-05-24T23:55:53.297+0000] {dag.py:2690} INFO - Sync 1 DAGs
[2023-05-24T23:55:53.402+0000] {logging_mixin.py:137} INFO - [2023-05-24T23:55:53.402+0000] {dag.py:3441} INFO - Setting next_dagrun for latest_only to 2023-05-24T19:55:53.402308+00:00, run_after=2023-05-24T23:55:53.402308+00:00
[2023-05-24T23:55:53.478+0000] {processor.py:175} INFO - Processing /home/airflow/.local/lib/python3.7/site-packages/airflow/example_dags/example_latest_only.py took 0.402 seconds
[2023-05-24T23:56:24.051+0000] {processor.py:153} INFO - Started process (PID=1600) to work on /home/airflow/.local/lib/python3.7/site-packages/airflow/example_dags/example_latest_only.py
[2023-05-24T23:56:24.074+0000] {processor.py:743} INFO - Processing file /home/airflow/.local/lib/python3.7/site-packages/airflow/example_dags/example_latest_only.py for tasks to queue
[2023-05-24T23:56:24.078+0000] {logging_mixin.py:137} INFO - [2023-05-24T23:56:24.078+0000] {dagbag.py:538} INFO - Filling up the DagBag from /home/airflow/.local/lib/python3.7/site-packages/airflow/example_dags/example_latest_only.py
[2023-05-24T23:56:24.153+0000] {processor.py:753} INFO - DAG(s) dict_keys(['latest_only']) retrieved from /home/airflow/.local/lib/python3.7/site-packages/airflow/example_dags/example_latest_only.py
[2023-05-24T23:56:24.308+0000] {logging_mixin.py:137} INFO - [2023-05-24T23:56:24.307+0000] {dag.py:2690} INFO - Sync 1 DAGs
[2023-05-24T23:56:24.459+0000] {logging_mixin.py:137} INFO - [2023-05-24T23:56:24.459+0000] {dag.py:3441} INFO - Setting next_dagrun for latest_only to 2023-05-24T19:56:24.459021+00:00, run_after=2023-05-24T23:56:24.459021+00:00
[2023-05-24T23:56:24.588+0000] {processor.py:175} INFO - Processing /home/airflow/.local/lib/python3.7/site-packages/airflow/example_dags/example_latest_only.py took 0.545 seconds
[2023-05-24T23:56:54.848+0000] {processor.py:153} INFO - Started process (PID=1659) to work on /home/airflow/.local/lib/python3.7/site-packages/airflow/example_dags/example_latest_only.py
[2023-05-24T23:56:54.851+0000] {processor.py:743} INFO - Processing file /home/airflow/.local/lib/python3.7/site-packages/airflow/example_dags/example_latest_only.py for tasks to queue
[2023-05-24T23:56:54.855+0000] {logging_mixin.py:137} INFO - [2023-05-24T23:56:54.855+0000] {dagbag.py:538} INFO - Filling up the DagBag from /home/airflow/.local/lib/python3.7/site-packages/airflow/example_dags/example_latest_only.py
[2023-05-24T23:56:54.887+0000] {processor.py:753} INFO - DAG(s) dict_keys(['latest_only']) retrieved from /home/airflow/.local/lib/python3.7/site-packages/airflow/example_dags/example_latest_only.py
[2023-05-24T23:56:54.942+0000] {logging_mixin.py:137} INFO - [2023-05-24T23:56:54.942+0000] {dag.py:2690} INFO - Sync 1 DAGs
[2023-05-24T23:56:54.998+0000] {logging_mixin.py:137} INFO - [2023-05-24T23:56:54.998+0000] {dag.py:3441} INFO - Setting next_dagrun for latest_only to 2023-05-24T19:56:54.997810+00:00, run_after=2023-05-24T23:56:54.997810+00:00
[2023-05-24T23:56:55.047+0000] {processor.py:175} INFO - Processing /home/airflow/.local/lib/python3.7/site-packages/airflow/example_dags/example_latest_only.py took 0.205 seconds
[2023-05-24T23:57:25.262+0000] {processor.py:153} INFO - Started process (PID=1718) to work on /home/airflow/.local/lib/python3.7/site-packages/airflow/example_dags/example_latest_only.py
[2023-05-24T23:57:25.266+0000] {processor.py:743} INFO - Processing file /home/airflow/.local/lib/python3.7/site-packages/airflow/example_dags/example_latest_only.py for tasks to queue
[2023-05-24T23:57:25.270+0000] {logging_mixin.py:137} INFO - [2023-05-24T23:57:25.269+0000] {dagbag.py:538} INFO - Filling up the DagBag from /home/airflow/.local/lib/python3.7/site-packages/airflow/example_dags/example_latest_only.py
[2023-05-24T23:57:25.301+0000] {processor.py:753} INFO - DAG(s) dict_keys(['latest_only']) retrieved from /home/airflow/.local/lib/python3.7/site-packages/airflow/example_dags/example_latest_only.py
[2023-05-24T23:57:25.355+0000] {logging_mixin.py:137} INFO - [2023-05-24T23:57:25.354+0000] {dag.py:2690} INFO - Sync 1 DAGs
[2023-05-24T23:57:25.411+0000] {logging_mixin.py:137} INFO - [2023-05-24T23:57:25.411+0000] {dag.py:3441} INFO - Setting next_dagrun for latest_only to 2023-05-24T19:57:25.410726+00:00, run_after=2023-05-24T23:57:25.410726+00:00
[2023-05-24T23:57:25.449+0000] {processor.py:175} INFO - Processing /home/airflow/.local/lib/python3.7/site-packages/airflow/example_dags/example_latest_only.py took 0.197 seconds
[2023-05-24T23:58:04.015+0000] {processor.py:153} INFO - Started process (PID=1785) to work on /home/airflow/.local/lib/python3.7/site-packages/airflow/example_dags/example_latest_only.py
[2023-05-24T23:58:04.022+0000] {processor.py:743} INFO - Processing file /home/airflow/.local/lib/python3.7/site-packages/airflow/example_dags/example_latest_only.py for tasks to queue
[2023-05-24T23:58:04.025+0000] {logging_mixin.py:137} INFO - [2023-05-24T23:58:04.024+0000] {dagbag.py:538} INFO - Filling up the DagBag from /home/airflow/.local/lib/python3.7/site-packages/airflow/example_dags/example_latest_only.py
[2023-05-24T23:58:04.070+0000] {processor.py:753} INFO - DAG(s) dict_keys(['latest_only']) retrieved from /home/airflow/.local/lib/python3.7/site-packages/airflow/example_dags/example_latest_only.py
[2023-05-24T23:58:04.150+0000] {logging_mixin.py:137} INFO - [2023-05-24T23:58:04.150+0000] {dag.py:2690} INFO - Sync 1 DAGs
[2023-05-24T23:58:04.266+0000] {logging_mixin.py:137} INFO - [2023-05-24T23:58:04.265+0000] {dag.py:3441} INFO - Setting next_dagrun for latest_only to 2023-05-24T19:58:04.264576+00:00, run_after=2023-05-24T23:58:04.264576+00:00
[2023-05-24T23:58:04.306+0000] {processor.py:175} INFO - Processing /home/airflow/.local/lib/python3.7/site-packages/airflow/example_dags/example_latest_only.py took 0.295 seconds
[2023-05-24T23:58:34.498+0000] {processor.py:153} INFO - Started process (PID=1846) to work on /home/airflow/.local/lib/python3.7/site-packages/airflow/example_dags/example_latest_only.py
[2023-05-24T23:58:34.500+0000] {processor.py:743} INFO - Processing file /home/airflow/.local/lib/python3.7/site-packages/airflow/example_dags/example_latest_only.py for tasks to queue
[2023-05-24T23:58:34.502+0000] {logging_mixin.py:137} INFO - [2023-05-24T23:58:34.502+0000] {dagbag.py:538} INFO - Filling up the DagBag from /home/airflow/.local/lib/python3.7/site-packages/airflow/example_dags/example_latest_only.py
[2023-05-24T23:58:34.547+0000] {processor.py:753} INFO - DAG(s) dict_keys(['latest_only']) retrieved from /home/airflow/.local/lib/python3.7/site-packages/airflow/example_dags/example_latest_only.py
[2023-05-24T23:58:34.592+0000] {logging_mixin.py:137} INFO - [2023-05-24T23:58:34.592+0000] {dag.py:2690} INFO - Sync 1 DAGs
[2023-05-24T23:58:34.645+0000] {logging_mixin.py:137} INFO - [2023-05-24T23:58:34.645+0000] {dag.py:3441} INFO - Setting next_dagrun for latest_only to 2023-05-24T19:58:34.645016+00:00, run_after=2023-05-24T23:58:34.645016+00:00
[2023-05-24T23:58:34.670+0000] {processor.py:175} INFO - Processing /home/airflow/.local/lib/python3.7/site-packages/airflow/example_dags/example_latest_only.py took 0.179 seconds
[2023-05-24T23:59:05.732+0000] {processor.py:153} INFO - Started process (PID=1905) to work on /home/airflow/.local/lib/python3.7/site-packages/airflow/example_dags/example_latest_only.py
[2023-05-24T23:59:05.734+0000] {processor.py:743} INFO - Processing file /home/airflow/.local/lib/python3.7/site-packages/airflow/example_dags/example_latest_only.py for tasks to queue
[2023-05-24T23:59:05.738+0000] {logging_mixin.py:137} INFO - [2023-05-24T23:59:05.737+0000] {dagbag.py:538} INFO - Filling up the DagBag from /home/airflow/.local/lib/python3.7/site-packages/airflow/example_dags/example_latest_only.py
[2023-05-24T23:59:05.762+0000] {processor.py:753} INFO - DAG(s) dict_keys(['latest_only']) retrieved from /home/airflow/.local/lib/python3.7/site-packages/airflow/example_dags/example_latest_only.py
[2023-05-24T23:59:05.804+0000] {logging_mixin.py:137} INFO - [2023-05-24T23:59:05.804+0000] {dag.py:2690} INFO - Sync 1 DAGs
[2023-05-24T23:59:05.842+0000] {logging_mixin.py:137} INFO - [2023-05-24T23:59:05.842+0000] {dag.py:3441} INFO - Setting next_dagrun for latest_only to 2023-05-24T19:59:05.842112+00:00, run_after=2023-05-24T23:59:05.842112+00:00
[2023-05-24T23:59:05.878+0000] {processor.py:175} INFO - Processing /home/airflow/.local/lib/python3.7/site-packages/airflow/example_dags/example_latest_only.py took 0.153 seconds
