[2023-05-24T23:13:21.646+0000] {processor.py:153} INFO - Started process (PID=67) to work on /home/airflow/.local/lib/python3.7/site-packages/airflow/example_dags/example_sensor_decorator.py
[2023-05-24T23:13:21.652+0000] {processor.py:743} INFO - Processing file /home/airflow/.local/lib/python3.7/site-packages/airflow/example_dags/example_sensor_decorator.py for tasks to queue
[2023-05-24T23:13:21.664+0000] {logging_mixin.py:137} INFO - [2023-05-24T23:13:21.662+0000] {dagbag.py:538} INFO - Filling up the DagBag from /home/airflow/.local/lib/python3.7/site-packages/airflow/example_dags/example_sensor_decorator.py
[2023-05-24T23:13:22.092+0000] {processor.py:753} INFO - DAG(s) dict_keys(['example_sensor_decorator']) retrieved from /home/airflow/.local/lib/python3.7/site-packages/airflow/example_dags/example_sensor_decorator.py
[2023-05-24T23:13:22.212+0000] {logging_mixin.py:137} INFO - [2023-05-24T23:13:22.212+0000] {dag.py:2690} INFO - Sync 1 DAGs
[2023-05-24T23:13:22.548+0000] {logging_mixin.py:137} INFO - [2023-05-24T23:13:22.548+0000] {dag.py:3441} INFO - Setting next_dagrun for example_sensor_decorator to None, run_after=None
[2023-05-24T23:13:22.858+0000] {processor.py:175} INFO - Processing /home/airflow/.local/lib/python3.7/site-packages/airflow/example_dags/example_sensor_decorator.py took 1.256 seconds
[2023-05-24T23:13:53.090+0000] {processor.py:153} INFO - Started process (PID=126) to work on /home/airflow/.local/lib/python3.7/site-packages/airflow/example_dags/example_sensor_decorator.py
[2023-05-24T23:13:53.100+0000] {processor.py:743} INFO - Processing file /home/airflow/.local/lib/python3.7/site-packages/airflow/example_dags/example_sensor_decorator.py for tasks to queue
[2023-05-24T23:13:53.105+0000] {logging_mixin.py:137} INFO - [2023-05-24T23:13:53.103+0000] {dagbag.py:538} INFO - Filling up the DagBag from /home/airflow/.local/lib/python3.7/site-packages/airflow/example_dags/example_sensor_decorator.py
[2023-05-24T23:13:53.241+0000] {processor.py:753} INFO - DAG(s) dict_keys(['example_sensor_decorator']) retrieved from /home/airflow/.local/lib/python3.7/site-packages/airflow/example_dags/example_sensor_decorator.py
[2023-05-24T23:13:53.385+0000] {logging_mixin.py:137} INFO - [2023-05-24T23:13:53.385+0000] {dag.py:2690} INFO - Sync 1 DAGs
[2023-05-24T23:13:53.457+0000] {logging_mixin.py:137} INFO - [2023-05-24T23:13:53.457+0000] {dag.py:3441} INFO - Setting next_dagrun for example_sensor_decorator to None, run_after=None
[2023-05-24T23:13:53.554+0000] {processor.py:175} INFO - Processing /home/airflow/.local/lib/python3.7/site-packages/airflow/example_dags/example_sensor_decorator.py took 0.485 seconds
[2023-05-24T23:14:26.234+0000] {processor.py:153} INFO - Started process (PID=182) to work on /home/airflow/.local/lib/python3.7/site-packages/airflow/example_dags/example_sensor_decorator.py
[2023-05-24T23:14:26.268+0000] {processor.py:743} INFO - Processing file /home/airflow/.local/lib/python3.7/site-packages/airflow/example_dags/example_sensor_decorator.py for tasks to queue
[2023-05-24T23:14:26.290+0000] {logging_mixin.py:137} INFO - [2023-05-24T23:14:26.289+0000] {dagbag.py:538} INFO - Filling up the DagBag from /home/airflow/.local/lib/python3.7/site-packages/airflow/example_dags/example_sensor_decorator.py
[2023-05-24T23:14:27.027+0000] {processor.py:753} INFO - DAG(s) dict_keys(['example_sensor_decorator']) retrieved from /home/airflow/.local/lib/python3.7/site-packages/airflow/example_dags/example_sensor_decorator.py
[2023-05-24T23:14:27.619+0000] {logging_mixin.py:137} INFO - [2023-05-24T23:14:27.619+0000] {dag.py:2690} INFO - Sync 1 DAGs
[2023-05-24T23:14:28.012+0000] {logging_mixin.py:137} INFO - [2023-05-24T23:14:28.009+0000] {dag.py:3441} INFO - Setting next_dagrun for example_sensor_decorator to None, run_after=None
[2023-05-24T23:14:28.337+0000] {processor.py:175} INFO - Processing /home/airflow/.local/lib/python3.7/site-packages/airflow/example_dags/example_sensor_decorator.py took 2.160 seconds
[2023-05-24T23:15:06.622+0000] {processor.py:153} INFO - Started process (PID=241) to work on /home/airflow/.local/lib/python3.7/site-packages/airflow/example_dags/example_sensor_decorator.py
[2023-05-24T23:15:06.655+0000] {processor.py:743} INFO - Processing file /home/airflow/.local/lib/python3.7/site-packages/airflow/example_dags/example_sensor_decorator.py for tasks to queue
[2023-05-24T23:15:06.706+0000] {logging_mixin.py:137} INFO - [2023-05-24T23:15:06.706+0000] {dagbag.py:538} INFO - Filling up the DagBag from /home/airflow/.local/lib/python3.7/site-packages/airflow/example_dags/example_sensor_decorator.py
[2023-05-24T23:15:07.259+0000] {processor.py:753} INFO - DAG(s) dict_keys(['example_sensor_decorator']) retrieved from /home/airflow/.local/lib/python3.7/site-packages/airflow/example_dags/example_sensor_decorator.py
[2023-05-24T23:15:07.804+0000] {logging_mixin.py:137} INFO - [2023-05-24T23:15:07.804+0000] {dag.py:2690} INFO - Sync 1 DAGs
[2023-05-24T23:15:08.312+0000] {logging_mixin.py:137} INFO - [2023-05-24T23:15:08.312+0000] {dag.py:3441} INFO - Setting next_dagrun for example_sensor_decorator to None, run_after=None
[2023-05-24T23:15:08.656+0000] {processor.py:175} INFO - Processing /home/airflow/.local/lib/python3.7/site-packages/airflow/example_dags/example_sensor_decorator.py took 2.109 seconds
[2023-05-24T23:15:55.860+0000] {processor.py:153} INFO - Started process (PID=297) to work on /home/airflow/.local/lib/python3.7/site-packages/airflow/example_dags/example_sensor_decorator.py
[2023-05-24T23:15:55.870+0000] {processor.py:743} INFO - Processing file /home/airflow/.local/lib/python3.7/site-packages/airflow/example_dags/example_sensor_decorator.py for tasks to queue
[2023-05-24T23:15:55.873+0000] {logging_mixin.py:137} INFO - [2023-05-24T23:15:55.873+0000] {dagbag.py:538} INFO - Filling up the DagBag from /home/airflow/.local/lib/python3.7/site-packages/airflow/example_dags/example_sensor_decorator.py
[2023-05-24T23:15:56.427+0000] {processor.py:753} INFO - DAG(s) dict_keys(['example_sensor_decorator']) retrieved from /home/airflow/.local/lib/python3.7/site-packages/airflow/example_dags/example_sensor_decorator.py
[2023-05-24T23:15:57.007+0000] {logging_mixin.py:137} INFO - [2023-05-24T23:15:57.007+0000] {dag.py:2690} INFO - Sync 1 DAGs
[2023-05-24T23:15:57.276+0000] {logging_mixin.py:137} INFO - [2023-05-24T23:15:57.276+0000] {dag.py:3441} INFO - Setting next_dagrun for example_sensor_decorator to None, run_after=None
[2023-05-24T23:15:57.458+0000] {processor.py:175} INFO - Processing /home/airflow/.local/lib/python3.7/site-packages/airflow/example_dags/example_sensor_decorator.py took 1.636 seconds
[2023-05-24T23:17:01.339+0000] {processor.py:153} INFO - Started process (PID=364) to work on /home/airflow/.local/lib/python3.7/site-packages/airflow/example_dags/example_sensor_decorator.py
[2023-05-24T23:17:01.383+0000] {processor.py:743} INFO - Processing file /home/airflow/.local/lib/python3.7/site-packages/airflow/example_dags/example_sensor_decorator.py for tasks to queue
[2023-05-24T23:17:01.394+0000] {logging_mixin.py:137} INFO - [2023-05-24T23:17:01.394+0000] {dagbag.py:538} INFO - Filling up the DagBag from /home/airflow/.local/lib/python3.7/site-packages/airflow/example_dags/example_sensor_decorator.py
[2023-05-24T23:17:01.823+0000] {processor.py:753} INFO - DAG(s) dict_keys(['example_sensor_decorator']) retrieved from /home/airflow/.local/lib/python3.7/site-packages/airflow/example_dags/example_sensor_decorator.py
[2023-05-24T23:17:02.375+0000] {logging_mixin.py:137} INFO - [2023-05-24T23:17:02.375+0000] {dag.py:2690} INFO - Sync 1 DAGs
[2023-05-24T23:17:03.416+0000] {logging_mixin.py:137} INFO - [2023-05-24T23:17:03.416+0000] {dag.py:3441} INFO - Setting next_dagrun for example_sensor_decorator to None, run_after=None
[2023-05-24T23:17:04.466+0000] {processor.py:175} INFO - Processing /home/airflow/.local/lib/python3.7/site-packages/airflow/example_dags/example_sensor_decorator.py took 3.197 seconds
[2023-05-24T23:17:48.488+0000] {processor.py:153} INFO - Started process (PID=414) to work on /home/airflow/.local/lib/python3.7/site-packages/airflow/example_dags/example_sensor_decorator.py
[2023-05-24T23:17:48.510+0000] {processor.py:743} INFO - Processing file /home/airflow/.local/lib/python3.7/site-packages/airflow/example_dags/example_sensor_decorator.py for tasks to queue
[2023-05-24T23:17:48.524+0000] {logging_mixin.py:137} INFO - [2023-05-24T23:17:48.524+0000] {dagbag.py:538} INFO - Filling up the DagBag from /home/airflow/.local/lib/python3.7/site-packages/airflow/example_dags/example_sensor_decorator.py
[2023-05-24T23:17:48.775+0000] {processor.py:753} INFO - DAG(s) dict_keys(['example_sensor_decorator']) retrieved from /home/airflow/.local/lib/python3.7/site-packages/airflow/example_dags/example_sensor_decorator.py
[2023-05-24T23:17:48.952+0000] {logging_mixin.py:137} INFO - [2023-05-24T23:17:48.952+0000] {dag.py:2690} INFO - Sync 1 DAGs
[2023-05-24T23:17:49.181+0000] {logging_mixin.py:137} INFO - [2023-05-24T23:17:49.181+0000] {dag.py:3441} INFO - Setting next_dagrun for example_sensor_decorator to None, run_after=None
[2023-05-24T23:17:49.319+0000] {processor.py:175} INFO - Processing /home/airflow/.local/lib/python3.7/site-packages/airflow/example_dags/example_sensor_decorator.py took 0.900 seconds
[2023-05-24T23:18:19.510+0000] {processor.py:153} INFO - Started process (PID=473) to work on /home/airflow/.local/lib/python3.7/site-packages/airflow/example_dags/example_sensor_decorator.py
[2023-05-24T23:18:19.513+0000] {processor.py:743} INFO - Processing file /home/airflow/.local/lib/python3.7/site-packages/airflow/example_dags/example_sensor_decorator.py for tasks to queue
[2023-05-24T23:18:19.519+0000] {logging_mixin.py:137} INFO - [2023-05-24T23:18:19.519+0000] {dagbag.py:538} INFO - Filling up the DagBag from /home/airflow/.local/lib/python3.7/site-packages/airflow/example_dags/example_sensor_decorator.py
[2023-05-24T23:18:19.605+0000] {processor.py:753} INFO - DAG(s) dict_keys(['example_sensor_decorator']) retrieved from /home/airflow/.local/lib/python3.7/site-packages/airflow/example_dags/example_sensor_decorator.py
[2023-05-24T23:18:19.687+0000] {logging_mixin.py:137} INFO - [2023-05-24T23:18:19.687+0000] {dag.py:2690} INFO - Sync 1 DAGs
[2023-05-24T23:18:19.765+0000] {logging_mixin.py:137} INFO - [2023-05-24T23:18:19.764+0000] {dag.py:3441} INFO - Setting next_dagrun for example_sensor_decorator to None, run_after=None
[2023-05-24T23:18:19.825+0000] {processor.py:175} INFO - Processing /home/airflow/.local/lib/python3.7/site-packages/airflow/example_dags/example_sensor_decorator.py took 0.330 seconds
[2023-05-24T23:20:18.537+0000] {processor.py:153} INFO - Started process (PID=57) to work on /home/airflow/.local/lib/python3.7/site-packages/airflow/example_dags/example_sensor_decorator.py
[2023-05-24T23:20:18.546+0000] {processor.py:743} INFO - Processing file /home/airflow/.local/lib/python3.7/site-packages/airflow/example_dags/example_sensor_decorator.py for tasks to queue
[2023-05-24T23:20:18.551+0000] {logging_mixin.py:137} INFO - [2023-05-24T23:20:18.550+0000] {dagbag.py:538} INFO - Filling up the DagBag from /home/airflow/.local/lib/python3.7/site-packages/airflow/example_dags/example_sensor_decorator.py
[2023-05-24T23:20:18.736+0000] {processor.py:753} INFO - DAG(s) dict_keys(['example_sensor_decorator']) retrieved from /home/airflow/.local/lib/python3.7/site-packages/airflow/example_dags/example_sensor_decorator.py
[2023-05-24T23:20:18.823+0000] {logging_mixin.py:137} INFO - [2023-05-24T23:20:18.823+0000] {dag.py:2690} INFO - Sync 1 DAGs
[2023-05-24T23:20:19.010+0000] {logging_mixin.py:137} INFO - [2023-05-24T23:20:19.010+0000] {dag.py:3441} INFO - Setting next_dagrun for example_sensor_decorator to None, run_after=None
[2023-05-24T23:20:19.129+0000] {processor.py:175} INFO - Processing /home/airflow/.local/lib/python3.7/site-packages/airflow/example_dags/example_sensor_decorator.py took 0.608 seconds
[2023-05-24T23:20:49.480+0000] {processor.py:153} INFO - Started process (PID=117) to work on /home/airflow/.local/lib/python3.7/site-packages/airflow/example_dags/example_sensor_decorator.py
[2023-05-24T23:20:49.490+0000] {processor.py:743} INFO - Processing file /home/airflow/.local/lib/python3.7/site-packages/airflow/example_dags/example_sensor_decorator.py for tasks to queue
[2023-05-24T23:20:49.503+0000] {logging_mixin.py:137} INFO - [2023-05-24T23:20:49.502+0000] {dagbag.py:538} INFO - Filling up the DagBag from /home/airflow/.local/lib/python3.7/site-packages/airflow/example_dags/example_sensor_decorator.py
[2023-05-24T23:20:49.611+0000] {processor.py:753} INFO - DAG(s) dict_keys(['example_sensor_decorator']) retrieved from /home/airflow/.local/lib/python3.7/site-packages/airflow/example_dags/example_sensor_decorator.py
[2023-05-24T23:20:49.675+0000] {logging_mixin.py:137} INFO - [2023-05-24T23:20:49.675+0000] {dag.py:2690} INFO - Sync 1 DAGs
[2023-05-24T23:20:49.784+0000] {logging_mixin.py:137} INFO - [2023-05-24T23:20:49.784+0000] {dag.py:3441} INFO - Setting next_dagrun for example_sensor_decorator to None, run_after=None
[2023-05-24T23:20:49.895+0000] {processor.py:175} INFO - Processing /home/airflow/.local/lib/python3.7/site-packages/airflow/example_dags/example_sensor_decorator.py took 0.486 seconds
[2023-05-24T23:21:20.788+0000] {processor.py:153} INFO - Started process (PID=177) to work on /home/airflow/.local/lib/python3.7/site-packages/airflow/example_dags/example_sensor_decorator.py
[2023-05-24T23:21:20.795+0000] {processor.py:743} INFO - Processing file /home/airflow/.local/lib/python3.7/site-packages/airflow/example_dags/example_sensor_decorator.py for tasks to queue
[2023-05-24T23:21:20.798+0000] {logging_mixin.py:137} INFO - [2023-05-24T23:21:20.797+0000] {dagbag.py:538} INFO - Filling up the DagBag from /home/airflow/.local/lib/python3.7/site-packages/airflow/example_dags/example_sensor_decorator.py
[2023-05-24T23:21:20.844+0000] {processor.py:753} INFO - DAG(s) dict_keys(['example_sensor_decorator']) retrieved from /home/airflow/.local/lib/python3.7/site-packages/airflow/example_dags/example_sensor_decorator.py
[2023-05-24T23:21:20.919+0000] {logging_mixin.py:137} INFO - [2023-05-24T23:21:20.919+0000] {dag.py:2690} INFO - Sync 1 DAGs
[2023-05-24T23:21:20.951+0000] {logging_mixin.py:137} INFO - [2023-05-24T23:21:20.951+0000] {dag.py:3441} INFO - Setting next_dagrun for example_sensor_decorator to None, run_after=None
[2023-05-24T23:21:20.979+0000] {processor.py:175} INFO - Processing /home/airflow/.local/lib/python3.7/site-packages/airflow/example_dags/example_sensor_decorator.py took 0.202 seconds
[2023-05-24T23:21:51.136+0000] {processor.py:153} INFO - Started process (PID=238) to work on /home/airflow/.local/lib/python3.7/site-packages/airflow/example_dags/example_sensor_decorator.py
[2023-05-24T23:21:51.145+0000] {processor.py:743} INFO - Processing file /home/airflow/.local/lib/python3.7/site-packages/airflow/example_dags/example_sensor_decorator.py for tasks to queue
[2023-05-24T23:21:51.149+0000] {logging_mixin.py:137} INFO - [2023-05-24T23:21:51.148+0000] {dagbag.py:538} INFO - Filling up the DagBag from /home/airflow/.local/lib/python3.7/site-packages/airflow/example_dags/example_sensor_decorator.py
[2023-05-24T23:21:51.192+0000] {processor.py:753} INFO - DAG(s) dict_keys(['example_sensor_decorator']) retrieved from /home/airflow/.local/lib/python3.7/site-packages/airflow/example_dags/example_sensor_decorator.py
[2023-05-24T23:21:51.232+0000] {logging_mixin.py:137} INFO - [2023-05-24T23:21:51.232+0000] {dag.py:2690} INFO - Sync 1 DAGs
[2023-05-24T23:21:51.279+0000] {logging_mixin.py:137} INFO - [2023-05-24T23:21:51.279+0000] {dag.py:3441} INFO - Setting next_dagrun for example_sensor_decorator to None, run_after=None
[2023-05-24T23:21:51.314+0000] {processor.py:175} INFO - Processing /home/airflow/.local/lib/python3.7/site-packages/airflow/example_dags/example_sensor_decorator.py took 0.187 seconds
[2023-05-24T23:22:22.119+0000] {processor.py:153} INFO - Started process (PID=298) to work on /home/airflow/.local/lib/python3.7/site-packages/airflow/example_dags/example_sensor_decorator.py
[2023-05-24T23:22:22.126+0000] {processor.py:743} INFO - Processing file /home/airflow/.local/lib/python3.7/site-packages/airflow/example_dags/example_sensor_decorator.py for tasks to queue
[2023-05-24T23:22:22.134+0000] {logging_mixin.py:137} INFO - [2023-05-24T23:22:22.134+0000] {dagbag.py:538} INFO - Filling up the DagBag from /home/airflow/.local/lib/python3.7/site-packages/airflow/example_dags/example_sensor_decorator.py
[2023-05-24T23:22:22.228+0000] {processor.py:753} INFO - DAG(s) dict_keys(['example_sensor_decorator']) retrieved from /home/airflow/.local/lib/python3.7/site-packages/airflow/example_dags/example_sensor_decorator.py
[2023-05-24T23:22:22.354+0000] {logging_mixin.py:137} INFO - [2023-05-24T23:22:22.354+0000] {dag.py:2690} INFO - Sync 1 DAGs
[2023-05-24T23:22:22.601+0000] {logging_mixin.py:137} INFO - [2023-05-24T23:22:22.601+0000] {dag.py:3441} INFO - Setting next_dagrun for example_sensor_decorator to None, run_after=None
[2023-05-24T23:22:22.748+0000] {processor.py:175} INFO - Processing /home/airflow/.local/lib/python3.7/site-packages/airflow/example_dags/example_sensor_decorator.py took 0.634 seconds
[2023-05-24T23:22:53.112+0000] {processor.py:153} INFO - Started process (PID=366) to work on /home/airflow/.local/lib/python3.7/site-packages/airflow/example_dags/example_sensor_decorator.py
[2023-05-24T23:22:53.115+0000] {processor.py:743} INFO - Processing file /home/airflow/.local/lib/python3.7/site-packages/airflow/example_dags/example_sensor_decorator.py for tasks to queue
[2023-05-24T23:22:53.119+0000] {logging_mixin.py:137} INFO - [2023-05-24T23:22:53.118+0000] {dagbag.py:538} INFO - Filling up the DagBag from /home/airflow/.local/lib/python3.7/site-packages/airflow/example_dags/example_sensor_decorator.py
[2023-05-24T23:22:53.185+0000] {processor.py:753} INFO - DAG(s) dict_keys(['example_sensor_decorator']) retrieved from /home/airflow/.local/lib/python3.7/site-packages/airflow/example_dags/example_sensor_decorator.py
[2023-05-24T23:22:53.237+0000] {logging_mixin.py:137} INFO - [2023-05-24T23:22:53.237+0000] {dag.py:2690} INFO - Sync 1 DAGs
[2023-05-24T23:22:53.279+0000] {logging_mixin.py:137} INFO - [2023-05-24T23:22:53.279+0000] {dag.py:3441} INFO - Setting next_dagrun for example_sensor_decorator to None, run_after=None
[2023-05-24T23:22:53.322+0000] {processor.py:175} INFO - Processing /home/airflow/.local/lib/python3.7/site-packages/airflow/example_dags/example_sensor_decorator.py took 0.217 seconds
[2023-05-24T23:23:23.572+0000] {processor.py:153} INFO - Started process (PID=426) to work on /home/airflow/.local/lib/python3.7/site-packages/airflow/example_dags/example_sensor_decorator.py
[2023-05-24T23:23:23.575+0000] {processor.py:743} INFO - Processing file /home/airflow/.local/lib/python3.7/site-packages/airflow/example_dags/example_sensor_decorator.py for tasks to queue
[2023-05-24T23:23:23.577+0000] {logging_mixin.py:137} INFO - [2023-05-24T23:23:23.577+0000] {dagbag.py:538} INFO - Filling up the DagBag from /home/airflow/.local/lib/python3.7/site-packages/airflow/example_dags/example_sensor_decorator.py
[2023-05-24T23:23:23.622+0000] {processor.py:753} INFO - DAG(s) dict_keys(['example_sensor_decorator']) retrieved from /home/airflow/.local/lib/python3.7/site-packages/airflow/example_dags/example_sensor_decorator.py
[2023-05-24T23:23:23.662+0000] {logging_mixin.py:137} INFO - [2023-05-24T23:23:23.661+0000] {dag.py:2690} INFO - Sync 1 DAGs
[2023-05-24T23:23:23.703+0000] {logging_mixin.py:137} INFO - [2023-05-24T23:23:23.703+0000] {dag.py:3441} INFO - Setting next_dagrun for example_sensor_decorator to None, run_after=None
[2023-05-24T23:23:23.741+0000] {processor.py:175} INFO - Processing /home/airflow/.local/lib/python3.7/site-packages/airflow/example_dags/example_sensor_decorator.py took 0.179 seconds
[2023-05-24T23:23:54.255+0000] {processor.py:153} INFO - Started process (PID=487) to work on /home/airflow/.local/lib/python3.7/site-packages/airflow/example_dags/example_sensor_decorator.py
[2023-05-24T23:23:54.264+0000] {processor.py:743} INFO - Processing file /home/airflow/.local/lib/python3.7/site-packages/airflow/example_dags/example_sensor_decorator.py for tasks to queue
[2023-05-24T23:23:54.268+0000] {logging_mixin.py:137} INFO - [2023-05-24T23:23:54.267+0000] {dagbag.py:538} INFO - Filling up the DagBag from /home/airflow/.local/lib/python3.7/site-packages/airflow/example_dags/example_sensor_decorator.py
[2023-05-24T23:23:54.402+0000] {processor.py:753} INFO - DAG(s) dict_keys(['example_sensor_decorator']) retrieved from /home/airflow/.local/lib/python3.7/site-packages/airflow/example_dags/example_sensor_decorator.py
[2023-05-24T23:23:54.489+0000] {logging_mixin.py:137} INFO - [2023-05-24T23:23:54.489+0000] {dag.py:2690} INFO - Sync 1 DAGs
[2023-05-24T23:23:54.597+0000] {logging_mixin.py:137} INFO - [2023-05-24T23:23:54.596+0000] {dag.py:3441} INFO - Setting next_dagrun for example_sensor_decorator to None, run_after=None
[2023-05-24T23:23:54.705+0000] {processor.py:175} INFO - Processing /home/airflow/.local/lib/python3.7/site-packages/airflow/example_dags/example_sensor_decorator.py took 0.456 seconds
[2023-05-24T23:24:25.479+0000] {processor.py:153} INFO - Started process (PID=546) to work on /home/airflow/.local/lib/python3.7/site-packages/airflow/example_dags/example_sensor_decorator.py
[2023-05-24T23:24:25.497+0000] {processor.py:743} INFO - Processing file /home/airflow/.local/lib/python3.7/site-packages/airflow/example_dags/example_sensor_decorator.py for tasks to queue
[2023-05-24T23:24:25.500+0000] {logging_mixin.py:137} INFO - [2023-05-24T23:24:25.500+0000] {dagbag.py:538} INFO - Filling up the DagBag from /home/airflow/.local/lib/python3.7/site-packages/airflow/example_dags/example_sensor_decorator.py
[2023-05-24T23:24:25.636+0000] {processor.py:753} INFO - DAG(s) dict_keys(['example_sensor_decorator']) retrieved from /home/airflow/.local/lib/python3.7/site-packages/airflow/example_dags/example_sensor_decorator.py
[2023-05-24T23:24:25.789+0000] {logging_mixin.py:137} INFO - [2023-05-24T23:24:25.788+0000] {dag.py:2690} INFO - Sync 1 DAGs
[2023-05-24T23:24:25.840+0000] {logging_mixin.py:137} INFO - [2023-05-24T23:24:25.840+0000] {dag.py:3441} INFO - Setting next_dagrun for example_sensor_decorator to None, run_after=None
[2023-05-24T23:24:25.885+0000] {processor.py:175} INFO - Processing /home/airflow/.local/lib/python3.7/site-packages/airflow/example_dags/example_sensor_decorator.py took 0.411 seconds
[2023-05-24T23:24:56.232+0000] {processor.py:153} INFO - Started process (PID=605) to work on /home/airflow/.local/lib/python3.7/site-packages/airflow/example_dags/example_sensor_decorator.py
[2023-05-24T23:24:56.236+0000] {processor.py:743} INFO - Processing file /home/airflow/.local/lib/python3.7/site-packages/airflow/example_dags/example_sensor_decorator.py for tasks to queue
[2023-05-24T23:24:56.239+0000] {logging_mixin.py:137} INFO - [2023-05-24T23:24:56.238+0000] {dagbag.py:538} INFO - Filling up the DagBag from /home/airflow/.local/lib/python3.7/site-packages/airflow/example_dags/example_sensor_decorator.py
[2023-05-24T23:24:56.310+0000] {processor.py:753} INFO - DAG(s) dict_keys(['example_sensor_decorator']) retrieved from /home/airflow/.local/lib/python3.7/site-packages/airflow/example_dags/example_sensor_decorator.py
[2023-05-24T23:24:56.384+0000] {logging_mixin.py:137} INFO - [2023-05-24T23:24:56.384+0000] {dag.py:2690} INFO - Sync 1 DAGs
[2023-05-24T23:24:56.439+0000] {logging_mixin.py:137} INFO - [2023-05-24T23:24:56.439+0000] {dag.py:3441} INFO - Setting next_dagrun for example_sensor_decorator to None, run_after=None
[2023-05-24T23:24:56.504+0000] {processor.py:175} INFO - Processing /home/airflow/.local/lib/python3.7/site-packages/airflow/example_dags/example_sensor_decorator.py took 0.298 seconds
[2023-05-24T23:25:27.065+0000] {processor.py:153} INFO - Started process (PID=665) to work on /home/airflow/.local/lib/python3.7/site-packages/airflow/example_dags/example_sensor_decorator.py
[2023-05-24T23:25:27.069+0000] {processor.py:743} INFO - Processing file /home/airflow/.local/lib/python3.7/site-packages/airflow/example_dags/example_sensor_decorator.py for tasks to queue
[2023-05-24T23:25:27.078+0000] {logging_mixin.py:137} INFO - [2023-05-24T23:25:27.077+0000] {dagbag.py:538} INFO - Filling up the DagBag from /home/airflow/.local/lib/python3.7/site-packages/airflow/example_dags/example_sensor_decorator.py
[2023-05-24T23:25:27.153+0000] {processor.py:753} INFO - DAG(s) dict_keys(['example_sensor_decorator']) retrieved from /home/airflow/.local/lib/python3.7/site-packages/airflow/example_dags/example_sensor_decorator.py
[2023-05-24T23:25:27.236+0000] {logging_mixin.py:137} INFO - [2023-05-24T23:25:27.236+0000] {dag.py:2690} INFO - Sync 1 DAGs
[2023-05-24T23:25:27.311+0000] {logging_mixin.py:137} INFO - [2023-05-24T23:25:27.310+0000] {dag.py:3441} INFO - Setting next_dagrun for example_sensor_decorator to None, run_after=None
[2023-05-24T23:25:27.354+0000] {processor.py:175} INFO - Processing /home/airflow/.local/lib/python3.7/site-packages/airflow/example_dags/example_sensor_decorator.py took 0.318 seconds
[2023-05-24T23:25:57.774+0000] {processor.py:153} INFO - Started process (PID=724) to work on /home/airflow/.local/lib/python3.7/site-packages/airflow/example_dags/example_sensor_decorator.py
[2023-05-24T23:25:57.777+0000] {processor.py:743} INFO - Processing file /home/airflow/.local/lib/python3.7/site-packages/airflow/example_dags/example_sensor_decorator.py for tasks to queue
[2023-05-24T23:25:57.779+0000] {logging_mixin.py:137} INFO - [2023-05-24T23:25:57.779+0000] {dagbag.py:538} INFO - Filling up the DagBag from /home/airflow/.local/lib/python3.7/site-packages/airflow/example_dags/example_sensor_decorator.py
[2023-05-24T23:25:57.878+0000] {processor.py:753} INFO - DAG(s) dict_keys(['example_sensor_decorator']) retrieved from /home/airflow/.local/lib/python3.7/site-packages/airflow/example_dags/example_sensor_decorator.py
[2023-05-24T23:25:57.957+0000] {logging_mixin.py:137} INFO - [2023-05-24T23:25:57.957+0000] {dag.py:2690} INFO - Sync 1 DAGs
[2023-05-24T23:25:58.073+0000] {logging_mixin.py:137} INFO - [2023-05-24T23:25:58.073+0000] {dag.py:3441} INFO - Setting next_dagrun for example_sensor_decorator to None, run_after=None
[2023-05-24T23:25:58.220+0000] {processor.py:175} INFO - Processing /home/airflow/.local/lib/python3.7/site-packages/airflow/example_dags/example_sensor_decorator.py took 0.479 seconds
[2023-05-24T23:26:39.639+0000] {processor.py:153} INFO - Started process (PID=793) to work on /home/airflow/.local/lib/python3.7/site-packages/airflow/example_dags/example_sensor_decorator.py
[2023-05-24T23:26:39.647+0000] {processor.py:743} INFO - Processing file /home/airflow/.local/lib/python3.7/site-packages/airflow/example_dags/example_sensor_decorator.py for tasks to queue
[2023-05-24T23:26:39.666+0000] {logging_mixin.py:137} INFO - [2023-05-24T23:26:39.663+0000] {dagbag.py:538} INFO - Filling up the DagBag from /home/airflow/.local/lib/python3.7/site-packages/airflow/example_dags/example_sensor_decorator.py
[2023-05-24T23:26:40.879+0000] {processor.py:753} INFO - DAG(s) dict_keys(['example_sensor_decorator']) retrieved from /home/airflow/.local/lib/python3.7/site-packages/airflow/example_dags/example_sensor_decorator.py
[2023-05-24T23:26:42.132+0000] {logging_mixin.py:137} INFO - [2023-05-24T23:26:42.131+0000] {dag.py:2690} INFO - Sync 1 DAGs
[2023-05-24T23:26:43.638+0000] {logging_mixin.py:137} INFO - [2023-05-24T23:26:43.638+0000] {dag.py:3441} INFO - Setting next_dagrun for example_sensor_decorator to None, run_after=None
[2023-05-24T23:26:44.370+0000] {processor.py:175} INFO - Processing /home/airflow/.local/lib/python3.7/site-packages/airflow/example_dags/example_sensor_decorator.py took 4.810 seconds
[2023-05-24T23:27:16.272+0000] {processor.py:153} INFO - Started process (PID=851) to work on /home/airflow/.local/lib/python3.7/site-packages/airflow/example_dags/example_sensor_decorator.py
[2023-05-24T23:27:16.280+0000] {processor.py:743} INFO - Processing file /home/airflow/.local/lib/python3.7/site-packages/airflow/example_dags/example_sensor_decorator.py for tasks to queue
[2023-05-24T23:27:16.283+0000] {logging_mixin.py:137} INFO - [2023-05-24T23:27:16.282+0000] {dagbag.py:538} INFO - Filling up the DagBag from /home/airflow/.local/lib/python3.7/site-packages/airflow/example_dags/example_sensor_decorator.py
[2023-05-24T23:27:16.388+0000] {processor.py:753} INFO - DAG(s) dict_keys(['example_sensor_decorator']) retrieved from /home/airflow/.local/lib/python3.7/site-packages/airflow/example_dags/example_sensor_decorator.py
[2023-05-24T23:27:16.647+0000] {logging_mixin.py:137} INFO - [2023-05-24T23:27:16.647+0000] {dag.py:2690} INFO - Sync 1 DAGs
[2023-05-24T23:27:16.756+0000] {logging_mixin.py:137} INFO - [2023-05-24T23:27:16.756+0000] {dag.py:3441} INFO - Setting next_dagrun for example_sensor_decorator to None, run_after=None
[2023-05-24T23:27:16.867+0000] {processor.py:175} INFO - Processing /home/airflow/.local/lib/python3.7/site-packages/airflow/example_dags/example_sensor_decorator.py took 0.607 seconds
[2023-05-24T23:28:15.638+0000] {processor.py:153} INFO - Started process (PID=913) to work on /home/airflow/.local/lib/python3.7/site-packages/airflow/example_dags/example_sensor_decorator.py
[2023-05-24T23:28:15.650+0000] {processor.py:743} INFO - Processing file /home/airflow/.local/lib/python3.7/site-packages/airflow/example_dags/example_sensor_decorator.py for tasks to queue
[2023-05-24T23:28:15.660+0000] {logging_mixin.py:137} INFO - [2023-05-24T23:28:15.660+0000] {dagbag.py:538} INFO - Filling up the DagBag from /home/airflow/.local/lib/python3.7/site-packages/airflow/example_dags/example_sensor_decorator.py
[2023-05-24T23:28:15.923+0000] {processor.py:753} INFO - DAG(s) dict_keys(['example_sensor_decorator']) retrieved from /home/airflow/.local/lib/python3.7/site-packages/airflow/example_dags/example_sensor_decorator.py
[2023-05-24T23:28:16.284+0000] {logging_mixin.py:137} INFO - [2023-05-24T23:28:16.283+0000] {dag.py:2690} INFO - Sync 1 DAGs
[2023-05-24T23:28:16.838+0000] {logging_mixin.py:137} INFO - [2023-05-24T23:28:16.838+0000] {dag.py:3441} INFO - Setting next_dagrun for example_sensor_decorator to None, run_after=None
[2023-05-24T23:28:17.396+0000] {processor.py:175} INFO - Processing /home/airflow/.local/lib/python3.7/site-packages/airflow/example_dags/example_sensor_decorator.py took 1.846 seconds
[2023-05-24T23:29:01.150+0000] {processor.py:153} INFO - Started process (PID=955) to work on /home/airflow/.local/lib/python3.7/site-packages/airflow/example_dags/example_sensor_decorator.py
[2023-05-24T23:29:01.173+0000] {processor.py:743} INFO - Processing file /home/airflow/.local/lib/python3.7/site-packages/airflow/example_dags/example_sensor_decorator.py for tasks to queue
[2023-05-24T23:29:01.211+0000] {logging_mixin.py:137} INFO - [2023-05-24T23:29:01.184+0000] {dagbag.py:538} INFO - Filling up the DagBag from /home/airflow/.local/lib/python3.7/site-packages/airflow/example_dags/example_sensor_decorator.py
[2023-05-24T23:29:01.521+0000] {processor.py:753} INFO - DAG(s) dict_keys(['example_sensor_decorator']) retrieved from /home/airflow/.local/lib/python3.7/site-packages/airflow/example_dags/example_sensor_decorator.py
[2023-05-24T23:29:01.850+0000] {logging_mixin.py:137} INFO - [2023-05-24T23:29:01.850+0000] {dag.py:2690} INFO - Sync 1 DAGs
[2023-05-24T23:29:02.205+0000] {logging_mixin.py:137} INFO - [2023-05-24T23:29:02.205+0000] {dag.py:3441} INFO - Setting next_dagrun for example_sensor_decorator to None, run_after=None
[2023-05-24T23:29:02.483+0000] {processor.py:175} INFO - Processing /home/airflow/.local/lib/python3.7/site-packages/airflow/example_dags/example_sensor_decorator.py took 1.385 seconds
[2023-05-24T23:29:33.352+0000] {processor.py:153} INFO - Started process (PID=1017) to work on /home/airflow/.local/lib/python3.7/site-packages/airflow/example_dags/example_sensor_decorator.py
[2023-05-24T23:29:33.362+0000] {processor.py:743} INFO - Processing file /home/airflow/.local/lib/python3.7/site-packages/airflow/example_dags/example_sensor_decorator.py for tasks to queue
[2023-05-24T23:29:33.364+0000] {logging_mixin.py:137} INFO - [2023-05-24T23:29:33.364+0000] {dagbag.py:538} INFO - Filling up the DagBag from /home/airflow/.local/lib/python3.7/site-packages/airflow/example_dags/example_sensor_decorator.py
[2023-05-24T23:29:33.497+0000] {processor.py:753} INFO - DAG(s) dict_keys(['example_sensor_decorator']) retrieved from /home/airflow/.local/lib/python3.7/site-packages/airflow/example_dags/example_sensor_decorator.py
[2023-05-24T23:29:33.681+0000] {logging_mixin.py:137} INFO - [2023-05-24T23:29:33.681+0000] {dag.py:2690} INFO - Sync 1 DAGs
[2023-05-24T23:29:33.851+0000] {logging_mixin.py:137} INFO - [2023-05-24T23:29:33.851+0000] {dag.py:3441} INFO - Setting next_dagrun for example_sensor_decorator to None, run_after=None
[2023-05-24T23:29:33.912+0000] {processor.py:175} INFO - Processing /home/airflow/.local/lib/python3.7/site-packages/airflow/example_dags/example_sensor_decorator.py took 0.571 seconds
[2023-05-24T23:30:04.006+0000] {processor.py:153} INFO - Started process (PID=1076) to work on /home/airflow/.local/lib/python3.7/site-packages/airflow/example_dags/example_sensor_decorator.py
[2023-05-24T23:30:04.009+0000] {processor.py:743} INFO - Processing file /home/airflow/.local/lib/python3.7/site-packages/airflow/example_dags/example_sensor_decorator.py for tasks to queue
[2023-05-24T23:30:04.013+0000] {logging_mixin.py:137} INFO - [2023-05-24T23:30:04.013+0000] {dagbag.py:538} INFO - Filling up the DagBag from /home/airflow/.local/lib/python3.7/site-packages/airflow/example_dags/example_sensor_decorator.py
[2023-05-24T23:30:04.085+0000] {processor.py:753} INFO - DAG(s) dict_keys(['example_sensor_decorator']) retrieved from /home/airflow/.local/lib/python3.7/site-packages/airflow/example_dags/example_sensor_decorator.py
[2023-05-24T23:30:04.127+0000] {logging_mixin.py:137} INFO - [2023-05-24T23:30:04.126+0000] {dag.py:2690} INFO - Sync 1 DAGs
[2023-05-24T23:30:04.165+0000] {logging_mixin.py:137} INFO - [2023-05-24T23:30:04.165+0000] {dag.py:3441} INFO - Setting next_dagrun for example_sensor_decorator to None, run_after=None
[2023-05-24T23:30:04.195+0000] {processor.py:175} INFO - Processing /home/airflow/.local/lib/python3.7/site-packages/airflow/example_dags/example_sensor_decorator.py took 0.197 seconds
[2023-05-24T23:30:34.276+0000] {processor.py:153} INFO - Started process (PID=1136) to work on /home/airflow/.local/lib/python3.7/site-packages/airflow/example_dags/example_sensor_decorator.py
[2023-05-24T23:30:34.279+0000] {processor.py:743} INFO - Processing file /home/airflow/.local/lib/python3.7/site-packages/airflow/example_dags/example_sensor_decorator.py for tasks to queue
[2023-05-24T23:30:34.281+0000] {logging_mixin.py:137} INFO - [2023-05-24T23:30:34.281+0000] {dagbag.py:538} INFO - Filling up the DagBag from /home/airflow/.local/lib/python3.7/site-packages/airflow/example_dags/example_sensor_decorator.py
[2023-05-24T23:30:34.318+0000] {processor.py:753} INFO - DAG(s) dict_keys(['example_sensor_decorator']) retrieved from /home/airflow/.local/lib/python3.7/site-packages/airflow/example_dags/example_sensor_decorator.py
[2023-05-24T23:30:34.354+0000] {logging_mixin.py:137} INFO - [2023-05-24T23:30:34.354+0000] {dag.py:2690} INFO - Sync 1 DAGs
[2023-05-24T23:30:34.401+0000] {logging_mixin.py:137} INFO - [2023-05-24T23:30:34.401+0000] {dag.py:3441} INFO - Setting next_dagrun for example_sensor_decorator to None, run_after=None
[2023-05-24T23:30:34.429+0000] {processor.py:175} INFO - Processing /home/airflow/.local/lib/python3.7/site-packages/airflow/example_dags/example_sensor_decorator.py took 0.156 seconds
[2023-05-24T23:33:50.936+0000] {processor.py:153} INFO - Started process (PID=57) to work on /home/airflow/.local/lib/python3.7/site-packages/airflow/example_dags/example_sensor_decorator.py
[2023-05-24T23:33:50.953+0000] {processor.py:743} INFO - Processing file /home/airflow/.local/lib/python3.7/site-packages/airflow/example_dags/example_sensor_decorator.py for tasks to queue
[2023-05-24T23:33:50.955+0000] {logging_mixin.py:137} INFO - [2023-05-24T23:33:50.955+0000] {dagbag.py:538} INFO - Filling up the DagBag from /home/airflow/.local/lib/python3.7/site-packages/airflow/example_dags/example_sensor_decorator.py
[2023-05-24T23:33:51.168+0000] {processor.py:753} INFO - DAG(s) dict_keys(['example_sensor_decorator']) retrieved from /home/airflow/.local/lib/python3.7/site-packages/airflow/example_dags/example_sensor_decorator.py
[2023-05-24T23:33:51.451+0000] {logging_mixin.py:137} INFO - [2023-05-24T23:33:51.450+0000] {dag.py:2690} INFO - Sync 1 DAGs
[2023-05-24T23:33:51.910+0000] {logging_mixin.py:137} INFO - [2023-05-24T23:33:51.909+0000] {dag.py:3441} INFO - Setting next_dagrun for example_sensor_decorator to None, run_after=None
[2023-05-24T23:33:52.013+0000] {processor.py:175} INFO - Processing /home/airflow/.local/lib/python3.7/site-packages/airflow/example_dags/example_sensor_decorator.py took 1.100 seconds
[2023-05-24T23:34:22.638+0000] {processor.py:153} INFO - Started process (PID=116) to work on /home/airflow/.local/lib/python3.7/site-packages/airflow/example_dags/example_sensor_decorator.py
[2023-05-24T23:34:22.649+0000] {processor.py:743} INFO - Processing file /home/airflow/.local/lib/python3.7/site-packages/airflow/example_dags/example_sensor_decorator.py for tasks to queue
[2023-05-24T23:34:22.653+0000] {logging_mixin.py:137} INFO - [2023-05-24T23:34:22.653+0000] {dagbag.py:538} INFO - Filling up the DagBag from /home/airflow/.local/lib/python3.7/site-packages/airflow/example_dags/example_sensor_decorator.py
[2023-05-24T23:34:22.751+0000] {processor.py:753} INFO - DAG(s) dict_keys(['example_sensor_decorator']) retrieved from /home/airflow/.local/lib/python3.7/site-packages/airflow/example_dags/example_sensor_decorator.py
[2023-05-24T23:34:22.802+0000] {logging_mixin.py:137} INFO - [2023-05-24T23:34:22.802+0000] {dag.py:2690} INFO - Sync 1 DAGs
[2023-05-24T23:34:22.845+0000] {logging_mixin.py:137} INFO - [2023-05-24T23:34:22.845+0000] {dag.py:3441} INFO - Setting next_dagrun for example_sensor_decorator to None, run_after=None
[2023-05-24T23:34:22.874+0000] {processor.py:175} INFO - Processing /home/airflow/.local/lib/python3.7/site-packages/airflow/example_dags/example_sensor_decorator.py took 0.260 seconds
[2023-05-24T23:34:52.973+0000] {processor.py:153} INFO - Started process (PID=165) to work on /home/airflow/.local/lib/python3.7/site-packages/airflow/example_dags/example_sensor_decorator.py
[2023-05-24T23:34:52.980+0000] {processor.py:743} INFO - Processing file /home/airflow/.local/lib/python3.7/site-packages/airflow/example_dags/example_sensor_decorator.py for tasks to queue
[2023-05-24T23:34:52.983+0000] {logging_mixin.py:137} INFO - [2023-05-24T23:34:52.982+0000] {dagbag.py:538} INFO - Filling up the DagBag from /home/airflow/.local/lib/python3.7/site-packages/airflow/example_dags/example_sensor_decorator.py
[2023-05-24T23:34:53.079+0000] {processor.py:753} INFO - DAG(s) dict_keys(['example_sensor_decorator']) retrieved from /home/airflow/.local/lib/python3.7/site-packages/airflow/example_dags/example_sensor_decorator.py
[2023-05-24T23:34:53.124+0000] {logging_mixin.py:137} INFO - [2023-05-24T23:34:53.124+0000] {dag.py:2690} INFO - Sync 1 DAGs
[2023-05-24T23:34:53.297+0000] {logging_mixin.py:137} INFO - [2023-05-24T23:34:53.296+0000] {dag.py:3441} INFO - Setting next_dagrun for example_sensor_decorator to None, run_after=None
[2023-05-24T23:34:53.379+0000] {processor.py:175} INFO - Processing /home/airflow/.local/lib/python3.7/site-packages/airflow/example_dags/example_sensor_decorator.py took 0.420 seconds
[2023-05-24T23:35:53.730+0000] {processor.py:153} INFO - Started process (PID=232) to work on /home/airflow/.local/lib/python3.7/site-packages/airflow/example_dags/example_sensor_decorator.py
[2023-05-24T23:35:53.752+0000] {processor.py:743} INFO - Processing file /home/airflow/.local/lib/python3.7/site-packages/airflow/example_dags/example_sensor_decorator.py for tasks to queue
[2023-05-24T23:35:53.782+0000] {logging_mixin.py:137} INFO - [2023-05-24T23:35:53.771+0000] {dagbag.py:538} INFO - Filling up the DagBag from /home/airflow/.local/lib/python3.7/site-packages/airflow/example_dags/example_sensor_decorator.py
[2023-05-24T23:35:54.581+0000] {processor.py:753} INFO - DAG(s) dict_keys(['example_sensor_decorator']) retrieved from /home/airflow/.local/lib/python3.7/site-packages/airflow/example_dags/example_sensor_decorator.py
[2023-05-24T23:35:54.985+0000] {logging_mixin.py:137} INFO - [2023-05-24T23:35:54.985+0000] {dag.py:2690} INFO - Sync 1 DAGs
[2023-05-24T23:35:55.440+0000] {logging_mixin.py:137} INFO - [2023-05-24T23:35:55.440+0000] {dag.py:3441} INFO - Setting next_dagrun for example_sensor_decorator to None, run_after=None
[2023-05-24T23:35:56.003+0000] {processor.py:175} INFO - Processing /home/airflow/.local/lib/python3.7/site-packages/airflow/example_dags/example_sensor_decorator.py took 2.358 seconds
[2023-05-24T23:37:04.590+0000] {processor.py:153} INFO - Started process (PID=312) to work on /home/airflow/.local/lib/python3.7/site-packages/airflow/example_dags/example_sensor_decorator.py
[2023-05-24T23:37:04.630+0000] {processor.py:743} INFO - Processing file /home/airflow/.local/lib/python3.7/site-packages/airflow/example_dags/example_sensor_decorator.py for tasks to queue
[2023-05-24T23:37:04.729+0000] {logging_mixin.py:137} INFO - [2023-05-24T23:37:04.729+0000] {dagbag.py:538} INFO - Filling up the DagBag from /home/airflow/.local/lib/python3.7/site-packages/airflow/example_dags/example_sensor_decorator.py
[2023-05-24T23:37:05.601+0000] {processor.py:753} INFO - DAG(s) dict_keys(['example_sensor_decorator']) retrieved from /home/airflow/.local/lib/python3.7/site-packages/airflow/example_dags/example_sensor_decorator.py
[2023-05-24T23:37:07.353+0000] {logging_mixin.py:137} INFO - [2023-05-24T23:37:07.352+0000] {dag.py:2690} INFO - Sync 1 DAGs
[2023-05-24T23:37:08.118+0000] {logging_mixin.py:137} INFO - [2023-05-24T23:37:08.118+0000] {dag.py:3441} INFO - Setting next_dagrun for example_sensor_decorator to None, run_after=None
[2023-05-24T23:37:09.214+0000] {processor.py:175} INFO - Processing /home/airflow/.local/lib/python3.7/site-packages/airflow/example_dags/example_sensor_decorator.py took 4.738 seconds
[2023-05-24T23:37:53.478+0000] {processor.py:153} INFO - Started process (PID=367) to work on /home/airflow/.local/lib/python3.7/site-packages/airflow/example_dags/example_sensor_decorator.py
[2023-05-24T23:37:53.489+0000] {processor.py:743} INFO - Processing file /home/airflow/.local/lib/python3.7/site-packages/airflow/example_dags/example_sensor_decorator.py for tasks to queue
[2023-05-24T23:37:53.496+0000] {logging_mixin.py:137} INFO - [2023-05-24T23:37:53.496+0000] {dagbag.py:538} INFO - Filling up the DagBag from /home/airflow/.local/lib/python3.7/site-packages/airflow/example_dags/example_sensor_decorator.py
[2023-05-24T23:37:54.452+0000] {processor.py:753} INFO - DAG(s) dict_keys(['example_sensor_decorator']) retrieved from /home/airflow/.local/lib/python3.7/site-packages/airflow/example_dags/example_sensor_decorator.py
[2023-05-24T23:37:55.078+0000] {logging_mixin.py:137} INFO - [2023-05-24T23:37:55.078+0000] {dag.py:2690} INFO - Sync 1 DAGs
[2023-05-24T23:37:55.569+0000] {logging_mixin.py:137} INFO - [2023-05-24T23:37:55.569+0000] {dag.py:3441} INFO - Setting next_dagrun for example_sensor_decorator to None, run_after=None
[2023-05-24T23:37:55.740+0000] {processor.py:175} INFO - Processing /home/airflow/.local/lib/python3.7/site-packages/airflow/example_dags/example_sensor_decorator.py took 2.289 seconds
[2023-05-24T23:39:18.582+0000] {processor.py:153} INFO - Started process (PID=449) to work on /home/airflow/.local/lib/python3.7/site-packages/airflow/example_dags/example_sensor_decorator.py
[2023-05-24T23:39:18.598+0000] {processor.py:743} INFO - Processing file /home/airflow/.local/lib/python3.7/site-packages/airflow/example_dags/example_sensor_decorator.py for tasks to queue
[2023-05-24T23:39:18.615+0000] {logging_mixin.py:137} INFO - [2023-05-24T23:39:18.614+0000] {dagbag.py:538} INFO - Filling up the DagBag from /home/airflow/.local/lib/python3.7/site-packages/airflow/example_dags/example_sensor_decorator.py
[2023-05-24T23:39:19.610+0000] {processor.py:753} INFO - DAG(s) dict_keys(['example_sensor_decorator']) retrieved from /home/airflow/.local/lib/python3.7/site-packages/airflow/example_dags/example_sensor_decorator.py
[2023-05-24T23:39:21.257+0000] {logging_mixin.py:137} INFO - [2023-05-24T23:39:21.257+0000] {dag.py:2690} INFO - Sync 1 DAGs
[2023-05-24T23:39:22.584+0000] {logging_mixin.py:137} INFO - [2023-05-24T23:39:22.573+0000] {dag.py:3441} INFO - Setting next_dagrun for example_sensor_decorator to None, run_after=None
[2023-05-24T23:39:23.539+0000] {processor.py:175} INFO - Processing /home/airflow/.local/lib/python3.7/site-packages/airflow/example_dags/example_sensor_decorator.py took 5.105 seconds
[2023-05-24T23:40:01.223+0000] {processor.py:153} INFO - Started process (PID=495) to work on /home/airflow/.local/lib/python3.7/site-packages/airflow/example_dags/example_sensor_decorator.py
[2023-05-24T23:40:01.243+0000] {processor.py:743} INFO - Processing file /home/airflow/.local/lib/python3.7/site-packages/airflow/example_dags/example_sensor_decorator.py for tasks to queue
[2023-05-24T23:40:01.254+0000] {logging_mixin.py:137} INFO - [2023-05-24T23:40:01.254+0000] {dagbag.py:538} INFO - Filling up the DagBag from /home/airflow/.local/lib/python3.7/site-packages/airflow/example_dags/example_sensor_decorator.py
[2023-05-24T23:40:01.870+0000] {processor.py:753} INFO - DAG(s) dict_keys(['example_sensor_decorator']) retrieved from /home/airflow/.local/lib/python3.7/site-packages/airflow/example_dags/example_sensor_decorator.py
[2023-05-24T23:40:02.201+0000] {logging_mixin.py:137} INFO - [2023-05-24T23:40:02.201+0000] {dag.py:2690} INFO - Sync 1 DAGs
[2023-05-24T23:40:02.556+0000] {logging_mixin.py:137} INFO - [2023-05-24T23:40:02.549+0000] {dag.py:3441} INFO - Setting next_dagrun for example_sensor_decorator to None, run_after=None
[2023-05-24T23:40:02.822+0000] {processor.py:175} INFO - Processing /home/airflow/.local/lib/python3.7/site-packages/airflow/example_dags/example_sensor_decorator.py took 1.648 seconds
[2023-05-24T23:40:33.771+0000] {processor.py:153} INFO - Started process (PID=553) to work on /home/airflow/.local/lib/python3.7/site-packages/airflow/example_dags/example_sensor_decorator.py
[2023-05-24T23:40:33.781+0000] {processor.py:743} INFO - Processing file /home/airflow/.local/lib/python3.7/site-packages/airflow/example_dags/example_sensor_decorator.py for tasks to queue
[2023-05-24T23:40:33.789+0000] {logging_mixin.py:137} INFO - [2023-05-24T23:40:33.789+0000] {dagbag.py:538} INFO - Filling up the DagBag from /home/airflow/.local/lib/python3.7/site-packages/airflow/example_dags/example_sensor_decorator.py
[2023-05-24T23:40:33.934+0000] {processor.py:753} INFO - DAG(s) dict_keys(['example_sensor_decorator']) retrieved from /home/airflow/.local/lib/python3.7/site-packages/airflow/example_dags/example_sensor_decorator.py
[2023-05-24T23:40:34.064+0000] {logging_mixin.py:137} INFO - [2023-05-24T23:40:34.064+0000] {dag.py:2690} INFO - Sync 1 DAGs
[2023-05-24T23:40:34.219+0000] {logging_mixin.py:137} INFO - [2023-05-24T23:40:34.219+0000] {dag.py:3441} INFO - Setting next_dagrun for example_sensor_decorator to None, run_after=None
[2023-05-24T23:40:34.304+0000] {processor.py:175} INFO - Processing /home/airflow/.local/lib/python3.7/site-packages/airflow/example_dags/example_sensor_decorator.py took 0.547 seconds
[2023-05-24T23:43:09.120+0000] {processor.py:153} INFO - Started process (PID=67) to work on /home/airflow/.local/lib/python3.7/site-packages/airflow/example_dags/example_sensor_decorator.py
[2023-05-24T23:43:09.183+0000] {processor.py:743} INFO - Processing file /home/airflow/.local/lib/python3.7/site-packages/airflow/example_dags/example_sensor_decorator.py for tasks to queue
[2023-05-24T23:43:09.196+0000] {logging_mixin.py:137} INFO - [2023-05-24T23:43:09.194+0000] {dagbag.py:538} INFO - Filling up the DagBag from /home/airflow/.local/lib/python3.7/site-packages/airflow/example_dags/example_sensor_decorator.py
[2023-05-24T23:43:09.776+0000] {processor.py:753} INFO - DAG(s) dict_keys(['example_sensor_decorator']) retrieved from /home/airflow/.local/lib/python3.7/site-packages/airflow/example_dags/example_sensor_decorator.py
[2023-05-24T23:43:10.081+0000] {logging_mixin.py:137} INFO - [2023-05-24T23:43:10.034+0000] {dag.py:2690} INFO - Sync 1 DAGs
[2023-05-24T23:43:10.269+0000] {logging_mixin.py:137} INFO - [2023-05-24T23:43:10.269+0000] {dag.py:3441} INFO - Setting next_dagrun for example_sensor_decorator to None, run_after=None
[2023-05-24T23:43:10.441+0000] {processor.py:175} INFO - Processing /home/airflow/.local/lib/python3.7/site-packages/airflow/example_dags/example_sensor_decorator.py took 1.348 seconds
[2023-05-24T23:43:40.663+0000] {processor.py:153} INFO - Started process (PID=118) to work on /home/airflow/.local/lib/python3.7/site-packages/airflow/example_dags/example_sensor_decorator.py
[2023-05-24T23:43:40.668+0000] {processor.py:743} INFO - Processing file /home/airflow/.local/lib/python3.7/site-packages/airflow/example_dags/example_sensor_decorator.py for tasks to queue
[2023-05-24T23:43:40.674+0000] {logging_mixin.py:137} INFO - [2023-05-24T23:43:40.673+0000] {dagbag.py:538} INFO - Filling up the DagBag from /home/airflow/.local/lib/python3.7/site-packages/airflow/example_dags/example_sensor_decorator.py
[2023-05-24T23:43:40.737+0000] {processor.py:753} INFO - DAG(s) dict_keys(['example_sensor_decorator']) retrieved from /home/airflow/.local/lib/python3.7/site-packages/airflow/example_dags/example_sensor_decorator.py
[2023-05-24T23:43:40.837+0000] {logging_mixin.py:137} INFO - [2023-05-24T23:43:40.837+0000] {dag.py:2690} INFO - Sync 1 DAGs
[2023-05-24T23:43:41.032+0000] {logging_mixin.py:137} INFO - [2023-05-24T23:43:41.031+0000] {dag.py:3441} INFO - Setting next_dagrun for example_sensor_decorator to None, run_after=None
[2023-05-24T23:43:41.167+0000] {processor.py:175} INFO - Processing /home/airflow/.local/lib/python3.7/site-packages/airflow/example_dags/example_sensor_decorator.py took 0.510 seconds
[2023-05-24T23:44:11.350+0000] {processor.py:153} INFO - Started process (PID=178) to work on /home/airflow/.local/lib/python3.7/site-packages/airflow/example_dags/example_sensor_decorator.py
[2023-05-24T23:44:11.354+0000] {processor.py:743} INFO - Processing file /home/airflow/.local/lib/python3.7/site-packages/airflow/example_dags/example_sensor_decorator.py for tasks to queue
[2023-05-24T23:44:11.356+0000] {logging_mixin.py:137} INFO - [2023-05-24T23:44:11.356+0000] {dagbag.py:538} INFO - Filling up the DagBag from /home/airflow/.local/lib/python3.7/site-packages/airflow/example_dags/example_sensor_decorator.py
[2023-05-24T23:44:11.388+0000] {processor.py:753} INFO - DAG(s) dict_keys(['example_sensor_decorator']) retrieved from /home/airflow/.local/lib/python3.7/site-packages/airflow/example_dags/example_sensor_decorator.py
[2023-05-24T23:44:11.440+0000] {logging_mixin.py:137} INFO - [2023-05-24T23:44:11.439+0000] {dag.py:2690} INFO - Sync 1 DAGs
[2023-05-24T23:44:11.475+0000] {logging_mixin.py:137} INFO - [2023-05-24T23:44:11.475+0000] {dag.py:3441} INFO - Setting next_dagrun for example_sensor_decorator to None, run_after=None
[2023-05-24T23:44:11.508+0000] {processor.py:175} INFO - Processing /home/airflow/.local/lib/python3.7/site-packages/airflow/example_dags/example_sensor_decorator.py took 0.166 seconds
[2023-05-24T23:44:41.599+0000] {processor.py:153} INFO - Started process (PID=238) to work on /home/airflow/.local/lib/python3.7/site-packages/airflow/example_dags/example_sensor_decorator.py
[2023-05-24T23:44:41.601+0000] {processor.py:743} INFO - Processing file /home/airflow/.local/lib/python3.7/site-packages/airflow/example_dags/example_sensor_decorator.py for tasks to queue
[2023-05-24T23:44:41.603+0000] {logging_mixin.py:137} INFO - [2023-05-24T23:44:41.603+0000] {dagbag.py:538} INFO - Filling up the DagBag from /home/airflow/.local/lib/python3.7/site-packages/airflow/example_dags/example_sensor_decorator.py
[2023-05-24T23:44:41.632+0000] {processor.py:753} INFO - DAG(s) dict_keys(['example_sensor_decorator']) retrieved from /home/airflow/.local/lib/python3.7/site-packages/airflow/example_dags/example_sensor_decorator.py
[2023-05-24T23:44:41.669+0000] {logging_mixin.py:137} INFO - [2023-05-24T23:44:41.669+0000] {dag.py:2690} INFO - Sync 1 DAGs
[2023-05-24T23:44:41.715+0000] {logging_mixin.py:137} INFO - [2023-05-24T23:44:41.715+0000] {dag.py:3441} INFO - Setting next_dagrun for example_sensor_decorator to None, run_after=None
[2023-05-24T23:44:41.741+0000] {processor.py:175} INFO - Processing /home/airflow/.local/lib/python3.7/site-packages/airflow/example_dags/example_sensor_decorator.py took 0.147 seconds
[2023-05-24T23:45:12.052+0000] {processor.py:153} INFO - Started process (PID=297) to work on /home/airflow/.local/lib/python3.7/site-packages/airflow/example_dags/example_sensor_decorator.py
[2023-05-24T23:45:12.057+0000] {processor.py:743} INFO - Processing file /home/airflow/.local/lib/python3.7/site-packages/airflow/example_dags/example_sensor_decorator.py for tasks to queue
[2023-05-24T23:45:12.061+0000] {logging_mixin.py:137} INFO - [2023-05-24T23:45:12.061+0000] {dagbag.py:538} INFO - Filling up the DagBag from /home/airflow/.local/lib/python3.7/site-packages/airflow/example_dags/example_sensor_decorator.py
[2023-05-24T23:45:12.111+0000] {processor.py:753} INFO - DAG(s) dict_keys(['example_sensor_decorator']) retrieved from /home/airflow/.local/lib/python3.7/site-packages/airflow/example_dags/example_sensor_decorator.py
[2023-05-24T23:45:12.155+0000] {logging_mixin.py:137} INFO - [2023-05-24T23:45:12.155+0000] {dag.py:2690} INFO - Sync 1 DAGs
[2023-05-24T23:45:12.193+0000] {logging_mixin.py:137} INFO - [2023-05-24T23:45:12.193+0000] {dag.py:3441} INFO - Setting next_dagrun for example_sensor_decorator to None, run_after=None
[2023-05-24T23:45:12.226+0000] {processor.py:175} INFO - Processing /home/airflow/.local/lib/python3.7/site-packages/airflow/example_dags/example_sensor_decorator.py took 0.186 seconds
[2023-05-24T23:45:43.170+0000] {processor.py:153} INFO - Started process (PID=355) to work on /home/airflow/.local/lib/python3.7/site-packages/airflow/example_dags/example_sensor_decorator.py
[2023-05-24T23:45:43.174+0000] {processor.py:743} INFO - Processing file /home/airflow/.local/lib/python3.7/site-packages/airflow/example_dags/example_sensor_decorator.py for tasks to queue
[2023-05-24T23:45:43.181+0000] {logging_mixin.py:137} INFO - [2023-05-24T23:45:43.179+0000] {dagbag.py:538} INFO - Filling up the DagBag from /home/airflow/.local/lib/python3.7/site-packages/airflow/example_dags/example_sensor_decorator.py
[2023-05-24T23:45:43.298+0000] {processor.py:753} INFO - DAG(s) dict_keys(['example_sensor_decorator']) retrieved from /home/airflow/.local/lib/python3.7/site-packages/airflow/example_dags/example_sensor_decorator.py
[2023-05-24T23:45:43.437+0000] {logging_mixin.py:137} INFO - [2023-05-24T23:45:43.437+0000] {dag.py:2690} INFO - Sync 1 DAGs
[2023-05-24T23:45:43.670+0000] {logging_mixin.py:137} INFO - [2023-05-24T23:45:43.669+0000] {dag.py:3441} INFO - Setting next_dagrun for example_sensor_decorator to None, run_after=None
[2023-05-24T23:45:43.807+0000] {processor.py:175} INFO - Processing /home/airflow/.local/lib/python3.7/site-packages/airflow/example_dags/example_sensor_decorator.py took 0.675 seconds
[2023-05-24T23:46:13.904+0000] {processor.py:153} INFO - Started process (PID=416) to work on /home/airflow/.local/lib/python3.7/site-packages/airflow/example_dags/example_sensor_decorator.py
[2023-05-24T23:46:13.909+0000] {processor.py:743} INFO - Processing file /home/airflow/.local/lib/python3.7/site-packages/airflow/example_dags/example_sensor_decorator.py for tasks to queue
[2023-05-24T23:46:13.917+0000] {logging_mixin.py:137} INFO - [2023-05-24T23:46:13.917+0000] {dagbag.py:538} INFO - Filling up the DagBag from /home/airflow/.local/lib/python3.7/site-packages/airflow/example_dags/example_sensor_decorator.py
[2023-05-24T23:46:14.020+0000] {processor.py:753} INFO - DAG(s) dict_keys(['example_sensor_decorator']) retrieved from /home/airflow/.local/lib/python3.7/site-packages/airflow/example_dags/example_sensor_decorator.py
[2023-05-24T23:46:14.125+0000] {logging_mixin.py:137} INFO - [2023-05-24T23:46:14.125+0000] {dag.py:2690} INFO - Sync 1 DAGs
[2023-05-24T23:46:14.195+0000] {logging_mixin.py:137} INFO - [2023-05-24T23:46:14.195+0000] {dag.py:3441} INFO - Setting next_dagrun for example_sensor_decorator to None, run_after=None
[2023-05-24T23:46:14.225+0000] {processor.py:175} INFO - Processing /home/airflow/.local/lib/python3.7/site-packages/airflow/example_dags/example_sensor_decorator.py took 0.327 seconds
[2023-05-24T23:46:45.019+0000] {processor.py:153} INFO - Started process (PID=486) to work on /home/airflow/.local/lib/python3.7/site-packages/airflow/example_dags/example_sensor_decorator.py
[2023-05-24T23:46:45.021+0000] {processor.py:743} INFO - Processing file /home/airflow/.local/lib/python3.7/site-packages/airflow/example_dags/example_sensor_decorator.py for tasks to queue
[2023-05-24T23:46:45.024+0000] {logging_mixin.py:137} INFO - [2023-05-24T23:46:45.024+0000] {dagbag.py:538} INFO - Filling up the DagBag from /home/airflow/.local/lib/python3.7/site-packages/airflow/example_dags/example_sensor_decorator.py
[2023-05-24T23:46:45.102+0000] {processor.py:753} INFO - DAG(s) dict_keys(['example_sensor_decorator']) retrieved from /home/airflow/.local/lib/python3.7/site-packages/airflow/example_dags/example_sensor_decorator.py
[2023-05-24T23:46:45.147+0000] {logging_mixin.py:137} INFO - [2023-05-24T23:46:45.147+0000] {dag.py:2690} INFO - Sync 1 DAGs
[2023-05-24T23:46:45.187+0000] {logging_mixin.py:137} INFO - [2023-05-24T23:46:45.187+0000] {dag.py:3441} INFO - Setting next_dagrun for example_sensor_decorator to None, run_after=None
[2023-05-24T23:46:45.236+0000] {processor.py:175} INFO - Processing /home/airflow/.local/lib/python3.7/site-packages/airflow/example_dags/example_sensor_decorator.py took 0.235 seconds
[2023-05-24T23:47:16.260+0000] {processor.py:153} INFO - Started process (PID=544) to work on /home/airflow/.local/lib/python3.7/site-packages/airflow/example_dags/example_sensor_decorator.py
[2023-05-24T23:47:16.267+0000] {processor.py:743} INFO - Processing file /home/airflow/.local/lib/python3.7/site-packages/airflow/example_dags/example_sensor_decorator.py for tasks to queue
[2023-05-24T23:47:16.273+0000] {logging_mixin.py:137} INFO - [2023-05-24T23:47:16.272+0000] {dagbag.py:538} INFO - Filling up the DagBag from /home/airflow/.local/lib/python3.7/site-packages/airflow/example_dags/example_sensor_decorator.py
[2023-05-24T23:47:16.341+0000] {processor.py:753} INFO - DAG(s) dict_keys(['example_sensor_decorator']) retrieved from /home/airflow/.local/lib/python3.7/site-packages/airflow/example_dags/example_sensor_decorator.py
[2023-05-24T23:47:16.409+0000] {logging_mixin.py:137} INFO - [2023-05-24T23:47:16.408+0000] {dag.py:2690} INFO - Sync 1 DAGs
[2023-05-24T23:47:16.484+0000] {logging_mixin.py:137} INFO - [2023-05-24T23:47:16.484+0000] {dag.py:3441} INFO - Setting next_dagrun for example_sensor_decorator to None, run_after=None
[2023-05-24T23:47:16.545+0000] {processor.py:175} INFO - Processing /home/airflow/.local/lib/python3.7/site-packages/airflow/example_dags/example_sensor_decorator.py took 0.295 seconds
[2023-05-24T23:47:47.247+0000] {processor.py:153} INFO - Started process (PID=606) to work on /home/airflow/.local/lib/python3.7/site-packages/airflow/example_dags/example_sensor_decorator.py
[2023-05-24T23:47:47.249+0000] {processor.py:743} INFO - Processing file /home/airflow/.local/lib/python3.7/site-packages/airflow/example_dags/example_sensor_decorator.py for tasks to queue
[2023-05-24T23:47:47.262+0000] {logging_mixin.py:137} INFO - [2023-05-24T23:47:47.261+0000] {dagbag.py:538} INFO - Filling up the DagBag from /home/airflow/.local/lib/python3.7/site-packages/airflow/example_dags/example_sensor_decorator.py
[2023-05-24T23:47:47.325+0000] {processor.py:753} INFO - DAG(s) dict_keys(['example_sensor_decorator']) retrieved from /home/airflow/.local/lib/python3.7/site-packages/airflow/example_dags/example_sensor_decorator.py
[2023-05-24T23:47:47.380+0000] {logging_mixin.py:137} INFO - [2023-05-24T23:47:47.379+0000] {dag.py:2690} INFO - Sync 1 DAGs
[2023-05-24T23:47:47.423+0000] {logging_mixin.py:137} INFO - [2023-05-24T23:47:47.423+0000] {dag.py:3441} INFO - Setting next_dagrun for example_sensor_decorator to None, run_after=None
[2023-05-24T23:47:47.453+0000] {processor.py:175} INFO - Processing /home/airflow/.local/lib/python3.7/site-packages/airflow/example_dags/example_sensor_decorator.py took 0.212 seconds
[2023-05-24T23:48:17.964+0000] {processor.py:153} INFO - Started process (PID=666) to work on /home/airflow/.local/lib/python3.7/site-packages/airflow/example_dags/example_sensor_decorator.py
[2023-05-24T23:48:17.967+0000] {processor.py:743} INFO - Processing file /home/airflow/.local/lib/python3.7/site-packages/airflow/example_dags/example_sensor_decorator.py for tasks to queue
[2023-05-24T23:48:17.970+0000] {logging_mixin.py:137} INFO - [2023-05-24T23:48:17.970+0000] {dagbag.py:538} INFO - Filling up the DagBag from /home/airflow/.local/lib/python3.7/site-packages/airflow/example_dags/example_sensor_decorator.py
[2023-05-24T23:48:18.014+0000] {processor.py:753} INFO - DAG(s) dict_keys(['example_sensor_decorator']) retrieved from /home/airflow/.local/lib/python3.7/site-packages/airflow/example_dags/example_sensor_decorator.py
[2023-05-24T23:48:18.061+0000] {logging_mixin.py:137} INFO - [2023-05-24T23:48:18.060+0000] {dag.py:2690} INFO - Sync 1 DAGs
[2023-05-24T23:48:18.103+0000] {logging_mixin.py:137} INFO - [2023-05-24T23:48:18.103+0000] {dag.py:3441} INFO - Setting next_dagrun for example_sensor_decorator to None, run_after=None
[2023-05-24T23:48:18.139+0000] {processor.py:175} INFO - Processing /home/airflow/.local/lib/python3.7/site-packages/airflow/example_dags/example_sensor_decorator.py took 0.180 seconds
[2023-05-24T23:48:48.809+0000] {processor.py:153} INFO - Started process (PID=726) to work on /home/airflow/.local/lib/python3.7/site-packages/airflow/example_dags/example_sensor_decorator.py
[2023-05-24T23:48:48.827+0000] {processor.py:743} INFO - Processing file /home/airflow/.local/lib/python3.7/site-packages/airflow/example_dags/example_sensor_decorator.py for tasks to queue
[2023-05-24T23:48:48.831+0000] {logging_mixin.py:137} INFO - [2023-05-24T23:48:48.831+0000] {dagbag.py:538} INFO - Filling up the DagBag from /home/airflow/.local/lib/python3.7/site-packages/airflow/example_dags/example_sensor_decorator.py
[2023-05-24T23:48:48.917+0000] {processor.py:753} INFO - DAG(s) dict_keys(['example_sensor_decorator']) retrieved from /home/airflow/.local/lib/python3.7/site-packages/airflow/example_dags/example_sensor_decorator.py
[2023-05-24T23:48:49.005+0000] {logging_mixin.py:137} INFO - [2023-05-24T23:48:49.005+0000] {dag.py:2690} INFO - Sync 1 DAGs
[2023-05-24T23:48:49.080+0000] {logging_mixin.py:137} INFO - [2023-05-24T23:48:49.080+0000] {dag.py:3441} INFO - Setting next_dagrun for example_sensor_decorator to None, run_after=None
[2023-05-24T23:48:49.144+0000] {processor.py:175} INFO - Processing /home/airflow/.local/lib/python3.7/site-packages/airflow/example_dags/example_sensor_decorator.py took 0.339 seconds
[2023-05-24T23:49:19.558+0000] {processor.py:153} INFO - Started process (PID=785) to work on /home/airflow/.local/lib/python3.7/site-packages/airflow/example_dags/example_sensor_decorator.py
[2023-05-24T23:49:19.572+0000] {processor.py:743} INFO - Processing file /home/airflow/.local/lib/python3.7/site-packages/airflow/example_dags/example_sensor_decorator.py for tasks to queue
[2023-05-24T23:49:19.576+0000] {logging_mixin.py:137} INFO - [2023-05-24T23:49:19.576+0000] {dagbag.py:538} INFO - Filling up the DagBag from /home/airflow/.local/lib/python3.7/site-packages/airflow/example_dags/example_sensor_decorator.py
[2023-05-24T23:49:19.809+0000] {processor.py:753} INFO - DAG(s) dict_keys(['example_sensor_decorator']) retrieved from /home/airflow/.local/lib/python3.7/site-packages/airflow/example_dags/example_sensor_decorator.py
[2023-05-24T23:49:19.994+0000] {logging_mixin.py:137} INFO - [2023-05-24T23:49:19.993+0000] {dag.py:2690} INFO - Sync 1 DAGs
[2023-05-24T23:49:20.269+0000] {logging_mixin.py:137} INFO - [2023-05-24T23:49:20.269+0000] {dag.py:3441} INFO - Setting next_dagrun for example_sensor_decorator to None, run_after=None
[2023-05-24T23:49:20.392+0000] {processor.py:175} INFO - Processing /home/airflow/.local/lib/python3.7/site-packages/airflow/example_dags/example_sensor_decorator.py took 0.869 seconds
[2023-05-24T23:49:50.801+0000] {processor.py:153} INFO - Started process (PID=844) to work on /home/airflow/.local/lib/python3.7/site-packages/airflow/example_dags/example_sensor_decorator.py
[2023-05-24T23:49:50.807+0000] {processor.py:743} INFO - Processing file /home/airflow/.local/lib/python3.7/site-packages/airflow/example_dags/example_sensor_decorator.py for tasks to queue
[2023-05-24T23:49:50.809+0000] {logging_mixin.py:137} INFO - [2023-05-24T23:49:50.809+0000] {dagbag.py:538} INFO - Filling up the DagBag from /home/airflow/.local/lib/python3.7/site-packages/airflow/example_dags/example_sensor_decorator.py
[2023-05-24T23:49:51.041+0000] {processor.py:753} INFO - DAG(s) dict_keys(['example_sensor_decorator']) retrieved from /home/airflow/.local/lib/python3.7/site-packages/airflow/example_dags/example_sensor_decorator.py
[2023-05-24T23:49:51.141+0000] {logging_mixin.py:137} INFO - [2023-05-24T23:49:51.141+0000] {dag.py:2690} INFO - Sync 1 DAGs
[2023-05-24T23:49:51.189+0000] {logging_mixin.py:137} INFO - [2023-05-24T23:49:51.189+0000] {dag.py:3441} INFO - Setting next_dagrun for example_sensor_decorator to None, run_after=None
[2023-05-24T23:49:51.246+0000] {processor.py:175} INFO - Processing /home/airflow/.local/lib/python3.7/site-packages/airflow/example_dags/example_sensor_decorator.py took 0.540 seconds
[2023-05-24T23:50:21.411+0000] {processor.py:153} INFO - Started process (PID=903) to work on /home/airflow/.local/lib/python3.7/site-packages/airflow/example_dags/example_sensor_decorator.py
[2023-05-24T23:50:21.418+0000] {processor.py:743} INFO - Processing file /home/airflow/.local/lib/python3.7/site-packages/airflow/example_dags/example_sensor_decorator.py for tasks to queue
[2023-05-24T23:50:21.420+0000] {logging_mixin.py:137} INFO - [2023-05-24T23:50:21.419+0000] {dagbag.py:538} INFO - Filling up the DagBag from /home/airflow/.local/lib/python3.7/site-packages/airflow/example_dags/example_sensor_decorator.py
[2023-05-24T23:50:21.485+0000] {processor.py:753} INFO - DAG(s) dict_keys(['example_sensor_decorator']) retrieved from /home/airflow/.local/lib/python3.7/site-packages/airflow/example_dags/example_sensor_decorator.py
[2023-05-24T23:50:21.557+0000] {logging_mixin.py:137} INFO - [2023-05-24T23:50:21.557+0000] {dag.py:2690} INFO - Sync 1 DAGs
[2023-05-24T23:50:21.634+0000] {logging_mixin.py:137} INFO - [2023-05-24T23:50:21.633+0000] {dag.py:3441} INFO - Setting next_dagrun for example_sensor_decorator to None, run_after=None
[2023-05-24T23:50:21.689+0000] {processor.py:175} INFO - Processing /home/airflow/.local/lib/python3.7/site-packages/airflow/example_dags/example_sensor_decorator.py took 0.293 seconds
[2023-05-24T23:50:51.816+0000] {processor.py:153} INFO - Started process (PID=964) to work on /home/airflow/.local/lib/python3.7/site-packages/airflow/example_dags/example_sensor_decorator.py
[2023-05-24T23:50:51.824+0000] {processor.py:743} INFO - Processing file /home/airflow/.local/lib/python3.7/site-packages/airflow/example_dags/example_sensor_decorator.py for tasks to queue
[2023-05-24T23:50:51.829+0000] {logging_mixin.py:137} INFO - [2023-05-24T23:50:51.829+0000] {dagbag.py:538} INFO - Filling up the DagBag from /home/airflow/.local/lib/python3.7/site-packages/airflow/example_dags/example_sensor_decorator.py
[2023-05-24T23:50:51.921+0000] {processor.py:753} INFO - DAG(s) dict_keys(['example_sensor_decorator']) retrieved from /home/airflow/.local/lib/python3.7/site-packages/airflow/example_dags/example_sensor_decorator.py
[2023-05-24T23:50:51.988+0000] {logging_mixin.py:137} INFO - [2023-05-24T23:50:51.988+0000] {dag.py:2690} INFO - Sync 1 DAGs
[2023-05-24T23:50:52.023+0000] {logging_mixin.py:137} INFO - [2023-05-24T23:50:52.022+0000] {dag.py:3441} INFO - Setting next_dagrun for example_sensor_decorator to None, run_after=None
[2023-05-24T23:50:52.055+0000] {processor.py:175} INFO - Processing /home/airflow/.local/lib/python3.7/site-packages/airflow/example_dags/example_sensor_decorator.py took 0.253 seconds
[2023-05-24T23:51:22.983+0000] {processor.py:153} INFO - Started process (PID=1024) to work on /home/airflow/.local/lib/python3.7/site-packages/airflow/example_dags/example_sensor_decorator.py
[2023-05-24T23:51:22.993+0000] {processor.py:743} INFO - Processing file /home/airflow/.local/lib/python3.7/site-packages/airflow/example_dags/example_sensor_decorator.py for tasks to queue
[2023-05-24T23:51:22.998+0000] {logging_mixin.py:137} INFO - [2023-05-24T23:51:22.997+0000] {dagbag.py:538} INFO - Filling up the DagBag from /home/airflow/.local/lib/python3.7/site-packages/airflow/example_dags/example_sensor_decorator.py
[2023-05-24T23:51:23.099+0000] {processor.py:753} INFO - DAG(s) dict_keys(['example_sensor_decorator']) retrieved from /home/airflow/.local/lib/python3.7/site-packages/airflow/example_dags/example_sensor_decorator.py
[2023-05-24T23:51:23.239+0000] {logging_mixin.py:137} INFO - [2023-05-24T23:51:23.239+0000] {dag.py:2690} INFO - Sync 1 DAGs
[2023-05-24T23:51:23.424+0000] {logging_mixin.py:137} INFO - [2023-05-24T23:51:23.424+0000] {dag.py:3441} INFO - Setting next_dagrun for example_sensor_decorator to None, run_after=None
[2023-05-24T23:51:23.535+0000] {processor.py:175} INFO - Processing /home/airflow/.local/lib/python3.7/site-packages/airflow/example_dags/example_sensor_decorator.py took 0.578 seconds
[2023-05-24T23:51:53.772+0000] {processor.py:153} INFO - Started process (PID=1090) to work on /home/airflow/.local/lib/python3.7/site-packages/airflow/example_dags/example_sensor_decorator.py
[2023-05-24T23:51:53.777+0000] {processor.py:743} INFO - Processing file /home/airflow/.local/lib/python3.7/site-packages/airflow/example_dags/example_sensor_decorator.py for tasks to queue
[2023-05-24T23:51:53.780+0000] {logging_mixin.py:137} INFO - [2023-05-24T23:51:53.779+0000] {dagbag.py:538} INFO - Filling up the DagBag from /home/airflow/.local/lib/python3.7/site-packages/airflow/example_dags/example_sensor_decorator.py
[2023-05-24T23:51:53.892+0000] {processor.py:753} INFO - DAG(s) dict_keys(['example_sensor_decorator']) retrieved from /home/airflow/.local/lib/python3.7/site-packages/airflow/example_dags/example_sensor_decorator.py
[2023-05-24T23:51:54.002+0000] {logging_mixin.py:137} INFO - [2023-05-24T23:51:54.002+0000] {dag.py:2690} INFO - Sync 1 DAGs
[2023-05-24T23:51:54.267+0000] {logging_mixin.py:137} INFO - [2023-05-24T23:51:54.266+0000] {dag.py:3441} INFO - Setting next_dagrun for example_sensor_decorator to None, run_after=None
[2023-05-24T23:51:54.720+0000] {processor.py:175} INFO - Processing /home/airflow/.local/lib/python3.7/site-packages/airflow/example_dags/example_sensor_decorator.py took 0.961 seconds
[2023-05-24T23:52:25.415+0000] {processor.py:153} INFO - Started process (PID=1156) to work on /home/airflow/.local/lib/python3.7/site-packages/airflow/example_dags/example_sensor_decorator.py
[2023-05-24T23:52:25.422+0000] {processor.py:743} INFO - Processing file /home/airflow/.local/lib/python3.7/site-packages/airflow/example_dags/example_sensor_decorator.py for tasks to queue
[2023-05-24T23:52:25.423+0000] {logging_mixin.py:137} INFO - [2023-05-24T23:52:25.423+0000] {dagbag.py:538} INFO - Filling up the DagBag from /home/airflow/.local/lib/python3.7/site-packages/airflow/example_dags/example_sensor_decorator.py
[2023-05-24T23:52:25.555+0000] {processor.py:753} INFO - DAG(s) dict_keys(['example_sensor_decorator']) retrieved from /home/airflow/.local/lib/python3.7/site-packages/airflow/example_dags/example_sensor_decorator.py
[2023-05-24T23:52:25.615+0000] {logging_mixin.py:137} INFO - [2023-05-24T23:52:25.615+0000] {dag.py:2690} INFO - Sync 1 DAGs
[2023-05-24T23:52:25.691+0000] {logging_mixin.py:137} INFO - [2023-05-24T23:52:25.691+0000] {dag.py:3441} INFO - Setting next_dagrun for example_sensor_decorator to None, run_after=None
[2023-05-24T23:52:25.729+0000] {processor.py:175} INFO - Processing /home/airflow/.local/lib/python3.7/site-packages/airflow/example_dags/example_sensor_decorator.py took 0.327 seconds
[2023-05-24T23:53:02.867+0000] {processor.py:153} INFO - Started process (PID=1200) to work on /home/airflow/.local/lib/python3.7/site-packages/airflow/example_dags/example_sensor_decorator.py
[2023-05-24T23:53:02.872+0000] {processor.py:743} INFO - Processing file /home/airflow/.local/lib/python3.7/site-packages/airflow/example_dags/example_sensor_decorator.py for tasks to queue
[2023-05-24T23:53:02.876+0000] {logging_mixin.py:137} INFO - [2023-05-24T23:53:02.876+0000] {dagbag.py:538} INFO - Filling up the DagBag from /home/airflow/.local/lib/python3.7/site-packages/airflow/example_dags/example_sensor_decorator.py
[2023-05-24T23:53:02.943+0000] {processor.py:753} INFO - DAG(s) dict_keys(['example_sensor_decorator']) retrieved from /home/airflow/.local/lib/python3.7/site-packages/airflow/example_dags/example_sensor_decorator.py
[2023-05-24T23:53:02.993+0000] {logging_mixin.py:137} INFO - [2023-05-24T23:53:02.992+0000] {dag.py:2690} INFO - Sync 1 DAGs
[2023-05-24T23:53:03.053+0000] {logging_mixin.py:137} INFO - [2023-05-24T23:53:03.053+0000] {dag.py:3441} INFO - Setting next_dagrun for example_sensor_decorator to None, run_after=None
[2023-05-24T23:53:03.138+0000] {processor.py:175} INFO - Processing /home/airflow/.local/lib/python3.7/site-packages/airflow/example_dags/example_sensor_decorator.py took 0.291 seconds
[2023-05-24T23:53:33.723+0000] {processor.py:153} INFO - Started process (PID=1261) to work on /home/airflow/.local/lib/python3.7/site-packages/airflow/example_dags/example_sensor_decorator.py
[2023-05-24T23:53:33.734+0000] {processor.py:743} INFO - Processing file /home/airflow/.local/lib/python3.7/site-packages/airflow/example_dags/example_sensor_decorator.py for tasks to queue
[2023-05-24T23:53:33.738+0000] {logging_mixin.py:137} INFO - [2023-05-24T23:53:33.738+0000] {dagbag.py:538} INFO - Filling up the DagBag from /home/airflow/.local/lib/python3.7/site-packages/airflow/example_dags/example_sensor_decorator.py
[2023-05-24T23:53:33.842+0000] {processor.py:753} INFO - DAG(s) dict_keys(['example_sensor_decorator']) retrieved from /home/airflow/.local/lib/python3.7/site-packages/airflow/example_dags/example_sensor_decorator.py
[2023-05-24T23:53:33.915+0000] {logging_mixin.py:137} INFO - [2023-05-24T23:53:33.915+0000] {dag.py:2690} INFO - Sync 1 DAGs
[2023-05-24T23:53:33.976+0000] {logging_mixin.py:137} INFO - [2023-05-24T23:53:33.976+0000] {dag.py:3441} INFO - Setting next_dagrun for example_sensor_decorator to None, run_after=None
[2023-05-24T23:53:34.013+0000] {processor.py:175} INFO - Processing /home/airflow/.local/lib/python3.7/site-packages/airflow/example_dags/example_sensor_decorator.py took 0.300 seconds
[2023-05-24T23:54:05.794+0000] {processor.py:153} INFO - Started process (PID=1321) to work on /home/airflow/.local/lib/python3.7/site-packages/airflow/example_dags/example_sensor_decorator.py
[2023-05-24T23:54:05.802+0000] {processor.py:743} INFO - Processing file /home/airflow/.local/lib/python3.7/site-packages/airflow/example_dags/example_sensor_decorator.py for tasks to queue
[2023-05-24T23:54:05.807+0000] {logging_mixin.py:137} INFO - [2023-05-24T23:54:05.807+0000] {dagbag.py:538} INFO - Filling up the DagBag from /home/airflow/.local/lib/python3.7/site-packages/airflow/example_dags/example_sensor_decorator.py
[2023-05-24T23:54:05.983+0000] {processor.py:753} INFO - DAG(s) dict_keys(['example_sensor_decorator']) retrieved from /home/airflow/.local/lib/python3.7/site-packages/airflow/example_dags/example_sensor_decorator.py
[2023-05-24T23:54:06.363+0000] {logging_mixin.py:137} INFO - [2023-05-24T23:54:06.347+0000] {dag.py:2690} INFO - Sync 1 DAGs
[2023-05-24T23:54:07.087+0000] {logging_mixin.py:137} INFO - [2023-05-24T23:54:07.086+0000] {dag.py:3441} INFO - Setting next_dagrun for example_sensor_decorator to None, run_after=None
[2023-05-24T23:54:07.263+0000] {processor.py:175} INFO - Processing /home/airflow/.local/lib/python3.7/site-packages/airflow/example_dags/example_sensor_decorator.py took 1.481 seconds
[2023-05-24T23:54:37.681+0000] {processor.py:153} INFO - Started process (PID=1381) to work on /home/airflow/.local/lib/python3.7/site-packages/airflow/example_dags/example_sensor_decorator.py
[2023-05-24T23:54:37.684+0000] {processor.py:743} INFO - Processing file /home/airflow/.local/lib/python3.7/site-packages/airflow/example_dags/example_sensor_decorator.py for tasks to queue
[2023-05-24T23:54:37.687+0000] {logging_mixin.py:137} INFO - [2023-05-24T23:54:37.687+0000] {dagbag.py:538} INFO - Filling up the DagBag from /home/airflow/.local/lib/python3.7/site-packages/airflow/example_dags/example_sensor_decorator.py
[2023-05-24T23:54:37.760+0000] {processor.py:753} INFO - DAG(s) dict_keys(['example_sensor_decorator']) retrieved from /home/airflow/.local/lib/python3.7/site-packages/airflow/example_dags/example_sensor_decorator.py
[2023-05-24T23:54:37.798+0000] {logging_mixin.py:137} INFO - [2023-05-24T23:54:37.798+0000] {dag.py:2690} INFO - Sync 1 DAGs
[2023-05-24T23:54:37.846+0000] {logging_mixin.py:137} INFO - [2023-05-24T23:54:37.846+0000] {dag.py:3441} INFO - Setting next_dagrun for example_sensor_decorator to None, run_after=None
[2023-05-24T23:54:37.890+0000] {processor.py:175} INFO - Processing /home/airflow/.local/lib/python3.7/site-packages/airflow/example_dags/example_sensor_decorator.py took 0.218 seconds
[2023-05-24T23:55:07.948+0000] {processor.py:153} INFO - Started process (PID=1440) to work on /home/airflow/.local/lib/python3.7/site-packages/airflow/example_dags/example_sensor_decorator.py
[2023-05-24T23:55:07.954+0000] {processor.py:743} INFO - Processing file /home/airflow/.local/lib/python3.7/site-packages/airflow/example_dags/example_sensor_decorator.py for tasks to queue
[2023-05-24T23:55:07.960+0000] {logging_mixin.py:137} INFO - [2023-05-24T23:55:07.960+0000] {dagbag.py:538} INFO - Filling up the DagBag from /home/airflow/.local/lib/python3.7/site-packages/airflow/example_dags/example_sensor_decorator.py
[2023-05-24T23:55:08.085+0000] {processor.py:753} INFO - DAG(s) dict_keys(['example_sensor_decorator']) retrieved from /home/airflow/.local/lib/python3.7/site-packages/airflow/example_dags/example_sensor_decorator.py
[2023-05-24T23:55:08.142+0000] {logging_mixin.py:137} INFO - [2023-05-24T23:55:08.142+0000] {dag.py:2690} INFO - Sync 1 DAGs
[2023-05-24T23:55:08.191+0000] {logging_mixin.py:137} INFO - [2023-05-24T23:55:08.191+0000] {dag.py:3441} INFO - Setting next_dagrun for example_sensor_decorator to None, run_after=None
[2023-05-24T23:55:08.219+0000] {processor.py:175} INFO - Processing /home/airflow/.local/lib/python3.7/site-packages/airflow/example_dags/example_sensor_decorator.py took 0.283 seconds
[2023-05-24T23:55:38.684+0000] {processor.py:153} INFO - Started process (PID=1500) to work on /home/airflow/.local/lib/python3.7/site-packages/airflow/example_dags/example_sensor_decorator.py
[2023-05-24T23:55:38.691+0000] {processor.py:743} INFO - Processing file /home/airflow/.local/lib/python3.7/site-packages/airflow/example_dags/example_sensor_decorator.py for tasks to queue
[2023-05-24T23:55:38.693+0000] {logging_mixin.py:137} INFO - [2023-05-24T23:55:38.693+0000] {dagbag.py:538} INFO - Filling up the DagBag from /home/airflow/.local/lib/python3.7/site-packages/airflow/example_dags/example_sensor_decorator.py
[2023-05-24T23:55:38.815+0000] {processor.py:753} INFO - DAG(s) dict_keys(['example_sensor_decorator']) retrieved from /home/airflow/.local/lib/python3.7/site-packages/airflow/example_dags/example_sensor_decorator.py
[2023-05-24T23:55:38.896+0000] {logging_mixin.py:137} INFO - [2023-05-24T23:55:38.896+0000] {dag.py:2690} INFO - Sync 1 DAGs
[2023-05-24T23:55:39.000+0000] {logging_mixin.py:137} INFO - [2023-05-24T23:55:39.000+0000] {dag.py:3441} INFO - Setting next_dagrun for example_sensor_decorator to None, run_after=None
[2023-05-24T23:55:39.135+0000] {processor.py:175} INFO - Processing /home/airflow/.local/lib/python3.7/site-packages/airflow/example_dags/example_sensor_decorator.py took 0.477 seconds
[2023-05-24T23:56:09.335+0000] {processor.py:153} INFO - Started process (PID=1560) to work on /home/airflow/.local/lib/python3.7/site-packages/airflow/example_dags/example_sensor_decorator.py
[2023-05-24T23:56:09.337+0000] {processor.py:743} INFO - Processing file /home/airflow/.local/lib/python3.7/site-packages/airflow/example_dags/example_sensor_decorator.py for tasks to queue
[2023-05-24T23:56:09.340+0000] {logging_mixin.py:137} INFO - [2023-05-24T23:56:09.340+0000] {dagbag.py:538} INFO - Filling up the DagBag from /home/airflow/.local/lib/python3.7/site-packages/airflow/example_dags/example_sensor_decorator.py
[2023-05-24T23:56:09.408+0000] {processor.py:753} INFO - DAG(s) dict_keys(['example_sensor_decorator']) retrieved from /home/airflow/.local/lib/python3.7/site-packages/airflow/example_dags/example_sensor_decorator.py
[2023-05-24T23:56:09.478+0000] {logging_mixin.py:137} INFO - [2023-05-24T23:56:09.478+0000] {dag.py:2690} INFO - Sync 1 DAGs
[2023-05-24T23:56:09.545+0000] {logging_mixin.py:137} INFO - [2023-05-24T23:56:09.545+0000] {dag.py:3441} INFO - Setting next_dagrun for example_sensor_decorator to None, run_after=None
[2023-05-24T23:56:09.606+0000] {processor.py:175} INFO - Processing /home/airflow/.local/lib/python3.7/site-packages/airflow/example_dags/example_sensor_decorator.py took 0.279 seconds
[2023-05-24T23:56:40.122+0000] {processor.py:153} INFO - Started process (PID=1619) to work on /home/airflow/.local/lib/python3.7/site-packages/airflow/example_dags/example_sensor_decorator.py
[2023-05-24T23:56:40.124+0000] {processor.py:743} INFO - Processing file /home/airflow/.local/lib/python3.7/site-packages/airflow/example_dags/example_sensor_decorator.py for tasks to queue
[2023-05-24T23:56:40.126+0000] {logging_mixin.py:137} INFO - [2023-05-24T23:56:40.126+0000] {dagbag.py:538} INFO - Filling up the DagBag from /home/airflow/.local/lib/python3.7/site-packages/airflow/example_dags/example_sensor_decorator.py
[2023-05-24T23:56:40.158+0000] {processor.py:753} INFO - DAG(s) dict_keys(['example_sensor_decorator']) retrieved from /home/airflow/.local/lib/python3.7/site-packages/airflow/example_dags/example_sensor_decorator.py
[2023-05-24T23:56:40.197+0000] {logging_mixin.py:137} INFO - [2023-05-24T23:56:40.197+0000] {dag.py:2690} INFO - Sync 1 DAGs
[2023-05-24T23:56:40.235+0000] {logging_mixin.py:137} INFO - [2023-05-24T23:56:40.235+0000] {dag.py:3441} INFO - Setting next_dagrun for example_sensor_decorator to None, run_after=None
[2023-05-24T23:56:40.274+0000] {processor.py:175} INFO - Processing /home/airflow/.local/lib/python3.7/site-packages/airflow/example_dags/example_sensor_decorator.py took 0.157 seconds
[2023-05-24T23:57:10.939+0000] {processor.py:153} INFO - Started process (PID=1678) to work on /home/airflow/.local/lib/python3.7/site-packages/airflow/example_dags/example_sensor_decorator.py
[2023-05-24T23:57:10.943+0000] {processor.py:743} INFO - Processing file /home/airflow/.local/lib/python3.7/site-packages/airflow/example_dags/example_sensor_decorator.py for tasks to queue
[2023-05-24T23:57:10.945+0000] {logging_mixin.py:137} INFO - [2023-05-24T23:57:10.945+0000] {dagbag.py:538} INFO - Filling up the DagBag from /home/airflow/.local/lib/python3.7/site-packages/airflow/example_dags/example_sensor_decorator.py
[2023-05-24T23:57:10.986+0000] {processor.py:753} INFO - DAG(s) dict_keys(['example_sensor_decorator']) retrieved from /home/airflow/.local/lib/python3.7/site-packages/airflow/example_dags/example_sensor_decorator.py
[2023-05-24T23:57:11.024+0000] {logging_mixin.py:137} INFO - [2023-05-24T23:57:11.024+0000] {dag.py:2690} INFO - Sync 1 DAGs
[2023-05-24T23:57:11.062+0000] {logging_mixin.py:137} INFO - [2023-05-24T23:57:11.062+0000] {dag.py:3441} INFO - Setting next_dagrun for example_sensor_decorator to None, run_after=None
[2023-05-24T23:57:11.098+0000] {processor.py:175} INFO - Processing /home/airflow/.local/lib/python3.7/site-packages/airflow/example_dags/example_sensor_decorator.py took 0.166 seconds
[2023-05-24T23:57:41.914+0000] {processor.py:153} INFO - Started process (PID=1737) to work on /home/airflow/.local/lib/python3.7/site-packages/airflow/example_dags/example_sensor_decorator.py
[2023-05-24T23:57:41.918+0000] {processor.py:743} INFO - Processing file /home/airflow/.local/lib/python3.7/site-packages/airflow/example_dags/example_sensor_decorator.py for tasks to queue
[2023-05-24T23:57:41.921+0000] {logging_mixin.py:137} INFO - [2023-05-24T23:57:41.920+0000] {dagbag.py:538} INFO - Filling up the DagBag from /home/airflow/.local/lib/python3.7/site-packages/airflow/example_dags/example_sensor_decorator.py
[2023-05-24T23:57:42.124+0000] {processor.py:753} INFO - DAG(s) dict_keys(['example_sensor_decorator']) retrieved from /home/airflow/.local/lib/python3.7/site-packages/airflow/example_dags/example_sensor_decorator.py
[2023-05-24T23:57:42.224+0000] {logging_mixin.py:137} INFO - [2023-05-24T23:57:42.224+0000] {dag.py:2690} INFO - Sync 1 DAGs
[2023-05-24T23:57:42.392+0000] {logging_mixin.py:137} INFO - [2023-05-24T23:57:42.391+0000] {dag.py:3441} INFO - Setting next_dagrun for example_sensor_decorator to None, run_after=None
[2023-05-24T23:57:42.464+0000] {processor.py:175} INFO - Processing /home/airflow/.local/lib/python3.7/site-packages/airflow/example_dags/example_sensor_decorator.py took 0.578 seconds
[2023-05-24T23:58:12.673+0000] {processor.py:153} INFO - Started process (PID=1796) to work on /home/airflow/.local/lib/python3.7/site-packages/airflow/example_dags/example_sensor_decorator.py
[2023-05-24T23:58:12.681+0000] {processor.py:743} INFO - Processing file /home/airflow/.local/lib/python3.7/site-packages/airflow/example_dags/example_sensor_decorator.py for tasks to queue
[2023-05-24T23:58:12.684+0000] {logging_mixin.py:137} INFO - [2023-05-24T23:58:12.684+0000] {dagbag.py:538} INFO - Filling up the DagBag from /home/airflow/.local/lib/python3.7/site-packages/airflow/example_dags/example_sensor_decorator.py
[2023-05-24T23:58:12.743+0000] {processor.py:753} INFO - DAG(s) dict_keys(['example_sensor_decorator']) retrieved from /home/airflow/.local/lib/python3.7/site-packages/airflow/example_dags/example_sensor_decorator.py
[2023-05-24T23:58:12.798+0000] {logging_mixin.py:137} INFO - [2023-05-24T23:58:12.798+0000] {dag.py:2690} INFO - Sync 1 DAGs
[2023-05-24T23:58:12.879+0000] {logging_mixin.py:137} INFO - [2023-05-24T23:58:12.879+0000] {dag.py:3441} INFO - Setting next_dagrun for example_sensor_decorator to None, run_after=None
[2023-05-24T23:58:12.969+0000] {processor.py:175} INFO - Processing /home/airflow/.local/lib/python3.7/site-packages/airflow/example_dags/example_sensor_decorator.py took 0.316 seconds
[2023-05-24T23:58:43.521+0000] {processor.py:153} INFO - Started process (PID=1862) to work on /home/airflow/.local/lib/python3.7/site-packages/airflow/example_dags/example_sensor_decorator.py
[2023-05-24T23:58:43.527+0000] {processor.py:743} INFO - Processing file /home/airflow/.local/lib/python3.7/site-packages/airflow/example_dags/example_sensor_decorator.py for tasks to queue
[2023-05-24T23:58:43.533+0000] {logging_mixin.py:137} INFO - [2023-05-24T23:58:43.532+0000] {dagbag.py:538} INFO - Filling up the DagBag from /home/airflow/.local/lib/python3.7/site-packages/airflow/example_dags/example_sensor_decorator.py
[2023-05-24T23:58:43.617+0000] {processor.py:753} INFO - DAG(s) dict_keys(['example_sensor_decorator']) retrieved from /home/airflow/.local/lib/python3.7/site-packages/airflow/example_dags/example_sensor_decorator.py
[2023-05-24T23:58:43.746+0000] {logging_mixin.py:137} INFO - [2023-05-24T23:58:43.746+0000] {dag.py:2690} INFO - Sync 1 DAGs
[2023-05-24T23:58:43.919+0000] {logging_mixin.py:137} INFO - [2023-05-24T23:58:43.919+0000] {dag.py:3441} INFO - Setting next_dagrun for example_sensor_decorator to None, run_after=None
[2023-05-24T23:58:44.001+0000] {processor.py:175} INFO - Processing /home/airflow/.local/lib/python3.7/site-packages/airflow/example_dags/example_sensor_decorator.py took 0.494 seconds
[2023-05-24T23:59:14.349+0000] {processor.py:153} INFO - Started process (PID=1924) to work on /home/airflow/.local/lib/python3.7/site-packages/airflow/example_dags/example_sensor_decorator.py
[2023-05-24T23:59:14.360+0000] {processor.py:743} INFO - Processing file /home/airflow/.local/lib/python3.7/site-packages/airflow/example_dags/example_sensor_decorator.py for tasks to queue
[2023-05-24T23:59:14.362+0000] {logging_mixin.py:137} INFO - [2023-05-24T23:59:14.362+0000] {dagbag.py:538} INFO - Filling up the DagBag from /home/airflow/.local/lib/python3.7/site-packages/airflow/example_dags/example_sensor_decorator.py
[2023-05-24T23:59:14.457+0000] {processor.py:753} INFO - DAG(s) dict_keys(['example_sensor_decorator']) retrieved from /home/airflow/.local/lib/python3.7/site-packages/airflow/example_dags/example_sensor_decorator.py
[2023-05-24T23:59:14.564+0000] {logging_mixin.py:137} INFO - [2023-05-24T23:59:14.564+0000] {dag.py:2690} INFO - Sync 1 DAGs
[2023-05-24T23:59:14.658+0000] {logging_mixin.py:137} INFO - [2023-05-24T23:59:14.657+0000] {dag.py:3441} INFO - Setting next_dagrun for example_sensor_decorator to None, run_after=None
[2023-05-24T23:59:14.759+0000] {processor.py:175} INFO - Processing /home/airflow/.local/lib/python3.7/site-packages/airflow/example_dags/example_sensor_decorator.py took 0.437 seconds
