[2023-05-24T23:13:19.747+0000] {processor.py:153} INFO - Started process (PID=64) to work on /home/airflow/.local/lib/python3.7/site-packages/airflow/example_dags/example_kubernetes_executor.py
[2023-05-24T23:13:19.761+0000] {processor.py:743} INFO - Processing file /home/airflow/.local/lib/python3.7/site-packages/airflow/example_dags/example_kubernetes_executor.py for tasks to queue
[2023-05-24T23:13:19.774+0000] {logging_mixin.py:137} INFO - [2023-05-24T23:13:19.773+0000] {dagbag.py:538} INFO - Filling up the DagBag from /home/airflow/.local/lib/python3.7/site-packages/airflow/example_dags/example_kubernetes_executor.py
[2023-05-24T23:13:20.273+0000] {processor.py:753} INFO - DAG(s) dict_keys(['example_kubernetes_executor']) retrieved from /home/airflow/.local/lib/python3.7/site-packages/airflow/example_dags/example_kubernetes_executor.py
[2023-05-24T23:13:20.379+0000] {logging_mixin.py:137} INFO - [2023-05-24T23:13:20.379+0000] {dag.py:2690} INFO - Sync 1 DAGs
[2023-05-24T23:13:20.782+0000] {logging_mixin.py:137} INFO - [2023-05-24T23:13:20.782+0000] {dag.py:3441} INFO - Setting next_dagrun for example_kubernetes_executor to None, run_after=None
[2023-05-24T23:13:21.047+0000] {processor.py:175} INFO - Processing /home/airflow/.local/lib/python3.7/site-packages/airflow/example_dags/example_kubernetes_executor.py took 1.336 seconds
[2023-05-24T23:13:51.298+0000] {processor.py:153} INFO - Started process (PID=122) to work on /home/airflow/.local/lib/python3.7/site-packages/airflow/example_dags/example_kubernetes_executor.py
[2023-05-24T23:13:51.303+0000] {processor.py:743} INFO - Processing file /home/airflow/.local/lib/python3.7/site-packages/airflow/example_dags/example_kubernetes_executor.py for tasks to queue
[2023-05-24T23:13:51.312+0000] {logging_mixin.py:137} INFO - [2023-05-24T23:13:51.311+0000] {dagbag.py:538} INFO - Filling up the DagBag from /home/airflow/.local/lib/python3.7/site-packages/airflow/example_dags/example_kubernetes_executor.py
[2023-05-24T23:13:51.491+0000] {processor.py:753} INFO - DAG(s) dict_keys(['example_kubernetes_executor']) retrieved from /home/airflow/.local/lib/python3.7/site-packages/airflow/example_dags/example_kubernetes_executor.py
[2023-05-24T23:13:51.686+0000] {logging_mixin.py:137} INFO - [2023-05-24T23:13:51.685+0000] {dag.py:2690} INFO - Sync 1 DAGs
[2023-05-24T23:13:51.786+0000] {logging_mixin.py:137} INFO - [2023-05-24T23:13:51.785+0000] {dag.py:3441} INFO - Setting next_dagrun for example_kubernetes_executor to None, run_after=None
[2023-05-24T23:13:51.863+0000] {processor.py:175} INFO - Processing /home/airflow/.local/lib/python3.7/site-packages/airflow/example_dags/example_kubernetes_executor.py took 0.588 seconds
[2023-05-24T23:14:22.355+0000] {processor.py:153} INFO - Started process (PID=172) to work on /home/airflow/.local/lib/python3.7/site-packages/airflow/example_dags/example_kubernetes_executor.py
[2023-05-24T23:14:22.360+0000] {processor.py:743} INFO - Processing file /home/airflow/.local/lib/python3.7/site-packages/airflow/example_dags/example_kubernetes_executor.py for tasks to queue
[2023-05-24T23:14:22.365+0000] {logging_mixin.py:137} INFO - [2023-05-24T23:14:22.364+0000] {dagbag.py:538} INFO - Filling up the DagBag from /home/airflow/.local/lib/python3.7/site-packages/airflow/example_dags/example_kubernetes_executor.py
[2023-05-24T23:14:22.593+0000] {processor.py:753} INFO - DAG(s) dict_keys(['example_kubernetes_executor']) retrieved from /home/airflow/.local/lib/python3.7/site-packages/airflow/example_dags/example_kubernetes_executor.py
[2023-05-24T23:14:22.743+0000] {logging_mixin.py:137} INFO - [2023-05-24T23:14:22.743+0000] {dag.py:2690} INFO - Sync 1 DAGs
[2023-05-24T23:14:23.072+0000] {logging_mixin.py:137} INFO - [2023-05-24T23:14:23.072+0000] {dag.py:3441} INFO - Setting next_dagrun for example_kubernetes_executor to None, run_after=None
[2023-05-24T23:14:23.553+0000] {processor.py:175} INFO - Processing /home/airflow/.local/lib/python3.7/site-packages/airflow/example_dags/example_kubernetes_executor.py took 1.206 seconds
[2023-05-24T23:15:03.250+0000] {processor.py:153} INFO - Started process (PID=231) to work on /home/airflow/.local/lib/python3.7/site-packages/airflow/example_dags/example_kubernetes_executor.py
[2023-05-24T23:15:03.265+0000] {processor.py:743} INFO - Processing file /home/airflow/.local/lib/python3.7/site-packages/airflow/example_dags/example_kubernetes_executor.py for tasks to queue
[2023-05-24T23:15:03.273+0000] {logging_mixin.py:137} INFO - [2023-05-24T23:15:03.273+0000] {dagbag.py:538} INFO - Filling up the DagBag from /home/airflow/.local/lib/python3.7/site-packages/airflow/example_dags/example_kubernetes_executor.py
[2023-05-24T23:15:03.846+0000] {processor.py:753} INFO - DAG(s) dict_keys(['example_kubernetes_executor']) retrieved from /home/airflow/.local/lib/python3.7/site-packages/airflow/example_dags/example_kubernetes_executor.py
[2023-05-24T23:15:04.299+0000] {logging_mixin.py:137} INFO - [2023-05-24T23:15:04.298+0000] {dag.py:2690} INFO - Sync 1 DAGs
[2023-05-24T23:15:04.611+0000] {logging_mixin.py:137} INFO - [2023-05-24T23:15:04.611+0000] {dag.py:3441} INFO - Setting next_dagrun for example_kubernetes_executor to None, run_after=None
[2023-05-24T23:15:04.904+0000] {processor.py:175} INFO - Processing /home/airflow/.local/lib/python3.7/site-packages/airflow/example_dags/example_kubernetes_executor.py took 1.696 seconds
[2023-05-24T23:15:52.462+0000] {processor.py:153} INFO - Started process (PID=292) to work on /home/airflow/.local/lib/python3.7/site-packages/airflow/example_dags/example_kubernetes_executor.py
[2023-05-24T23:15:52.482+0000] {processor.py:743} INFO - Processing file /home/airflow/.local/lib/python3.7/site-packages/airflow/example_dags/example_kubernetes_executor.py for tasks to queue
[2023-05-24T23:15:52.500+0000] {logging_mixin.py:137} INFO - [2023-05-24T23:15:52.492+0000] {dagbag.py:538} INFO - Filling up the DagBag from /home/airflow/.local/lib/python3.7/site-packages/airflow/example_dags/example_kubernetes_executor.py
[2023-05-24T23:15:54.032+0000] {processor.py:753} INFO - DAG(s) dict_keys(['example_kubernetes_executor']) retrieved from /home/airflow/.local/lib/python3.7/site-packages/airflow/example_dags/example_kubernetes_executor.py
[2023-05-24T23:15:54.645+0000] {logging_mixin.py:137} INFO - [2023-05-24T23:15:54.645+0000] {dag.py:2690} INFO - Sync 1 DAGs
[2023-05-24T23:15:54.728+0000] {logging_mixin.py:137} INFO - [2023-05-24T23:15:54.728+0000] {dag.py:3441} INFO - Setting next_dagrun for example_kubernetes_executor to None, run_after=None
[2023-05-24T23:15:54.825+0000] {processor.py:175} INFO - Processing /home/airflow/.local/lib/python3.7/site-packages/airflow/example_dags/example_kubernetes_executor.py took 2.456 seconds
[2023-05-24T23:16:53.766+0000] {processor.py:153} INFO - Started process (PID=359) to work on /home/airflow/.local/lib/python3.7/site-packages/airflow/example_dags/example_kubernetes_executor.py
[2023-05-24T23:16:53.834+0000] {processor.py:743} INFO - Processing file /home/airflow/.local/lib/python3.7/site-packages/airflow/example_dags/example_kubernetes_executor.py for tasks to queue
[2023-05-24T23:16:53.864+0000] {logging_mixin.py:137} INFO - [2023-05-24T23:16:53.863+0000] {dagbag.py:538} INFO - Filling up the DagBag from /home/airflow/.local/lib/python3.7/site-packages/airflow/example_dags/example_kubernetes_executor.py
[2023-05-24T23:16:56.319+0000] {processor.py:753} INFO - DAG(s) dict_keys(['example_kubernetes_executor']) retrieved from /home/airflow/.local/lib/python3.7/site-packages/airflow/example_dags/example_kubernetes_executor.py
[2023-05-24T23:16:57.676+0000] {logging_mixin.py:137} INFO - [2023-05-24T23:16:57.675+0000] {dag.py:2690} INFO - Sync 1 DAGs
[2023-05-24T23:16:58.698+0000] {logging_mixin.py:137} INFO - [2023-05-24T23:16:58.697+0000] {dag.py:3441} INFO - Setting next_dagrun for example_kubernetes_executor to None, run_after=None
[2023-05-24T23:16:59.405+0000] {processor.py:175} INFO - Processing /home/airflow/.local/lib/python3.7/site-packages/airflow/example_dags/example_kubernetes_executor.py took 5.785 seconds
[2023-05-24T23:17:43.610+0000] {processor.py:153} INFO - Started process (PID=410) to work on /home/airflow/.local/lib/python3.7/site-packages/airflow/example_dags/example_kubernetes_executor.py
[2023-05-24T23:17:43.633+0000] {processor.py:743} INFO - Processing file /home/airflow/.local/lib/python3.7/site-packages/airflow/example_dags/example_kubernetes_executor.py for tasks to queue
[2023-05-24T23:17:43.640+0000] {logging_mixin.py:137} INFO - [2023-05-24T23:17:43.639+0000] {dagbag.py:538} INFO - Filling up the DagBag from /home/airflow/.local/lib/python3.7/site-packages/airflow/example_dags/example_kubernetes_executor.py
[2023-05-24T23:17:45.040+0000] {processor.py:753} INFO - DAG(s) dict_keys(['example_kubernetes_executor']) retrieved from /home/airflow/.local/lib/python3.7/site-packages/airflow/example_dags/example_kubernetes_executor.py
[2023-05-24T23:17:45.988+0000] {logging_mixin.py:137} INFO - [2023-05-24T23:17:45.986+0000] {dag.py:2690} INFO - Sync 1 DAGs
[2023-05-24T23:17:46.636+0000] {logging_mixin.py:137} INFO - [2023-05-24T23:17:46.636+0000] {dag.py:3441} INFO - Setting next_dagrun for example_kubernetes_executor to None, run_after=None
[2023-05-24T23:17:47.432+0000] {processor.py:175} INFO - Processing /home/airflow/.local/lib/python3.7/site-packages/airflow/example_dags/example_kubernetes_executor.py took 3.949 seconds
[2023-05-24T23:18:18.155+0000] {processor.py:153} INFO - Started process (PID=470) to work on /home/airflow/.local/lib/python3.7/site-packages/airflow/example_dags/example_kubernetes_executor.py
[2023-05-24T23:18:18.163+0000] {processor.py:743} INFO - Processing file /home/airflow/.local/lib/python3.7/site-packages/airflow/example_dags/example_kubernetes_executor.py for tasks to queue
[2023-05-24T23:18:18.167+0000] {logging_mixin.py:137} INFO - [2023-05-24T23:18:18.166+0000] {dagbag.py:538} INFO - Filling up the DagBag from /home/airflow/.local/lib/python3.7/site-packages/airflow/example_dags/example_kubernetes_executor.py
[2023-05-24T23:18:18.261+0000] {processor.py:753} INFO - DAG(s) dict_keys(['example_kubernetes_executor']) retrieved from /home/airflow/.local/lib/python3.7/site-packages/airflow/example_dags/example_kubernetes_executor.py
[2023-05-24T23:18:18.337+0000] {logging_mixin.py:137} INFO - [2023-05-24T23:18:18.337+0000] {dag.py:2690} INFO - Sync 1 DAGs
[2023-05-24T23:18:18.389+0000] {logging_mixin.py:137} INFO - [2023-05-24T23:18:18.388+0000] {dag.py:3441} INFO - Setting next_dagrun for example_kubernetes_executor to None, run_after=None
[2023-05-24T23:18:18.418+0000] {processor.py:175} INFO - Processing /home/airflow/.local/lib/python3.7/site-packages/airflow/example_dags/example_kubernetes_executor.py took 0.283 seconds
[2023-05-24T23:20:17.046+0000] {processor.py:153} INFO - Started process (PID=54) to work on /home/airflow/.local/lib/python3.7/site-packages/airflow/example_dags/example_kubernetes_executor.py
[2023-05-24T23:20:17.056+0000] {processor.py:743} INFO - Processing file /home/airflow/.local/lib/python3.7/site-packages/airflow/example_dags/example_kubernetes_executor.py for tasks to queue
[2023-05-24T23:20:17.072+0000] {logging_mixin.py:137} INFO - [2023-05-24T23:20:17.072+0000] {dagbag.py:538} INFO - Filling up the DagBag from /home/airflow/.local/lib/python3.7/site-packages/airflow/example_dags/example_kubernetes_executor.py
[2023-05-24T23:20:17.310+0000] {processor.py:753} INFO - DAG(s) dict_keys(['example_kubernetes_executor']) retrieved from /home/airflow/.local/lib/python3.7/site-packages/airflow/example_dags/example_kubernetes_executor.py
[2023-05-24T23:20:17.598+0000] {logging_mixin.py:137} INFO - [2023-05-24T23:20:17.598+0000] {dag.py:2690} INFO - Sync 1 DAGs
[2023-05-24T23:20:17.714+0000] {logging_mixin.py:137} INFO - [2023-05-24T23:20:17.714+0000] {dag.py:3441} INFO - Setting next_dagrun for example_kubernetes_executor to None, run_after=None
[2023-05-24T23:20:17.864+0000] {processor.py:175} INFO - Processing /home/airflow/.local/lib/python3.7/site-packages/airflow/example_dags/example_kubernetes_executor.py took 0.848 seconds
[2023-05-24T23:20:48.544+0000] {processor.py:153} INFO - Started process (PID=112) to work on /home/airflow/.local/lib/python3.7/site-packages/airflow/example_dags/example_kubernetes_executor.py
[2023-05-24T23:20:48.561+0000] {processor.py:743} INFO - Processing file /home/airflow/.local/lib/python3.7/site-packages/airflow/example_dags/example_kubernetes_executor.py for tasks to queue
[2023-05-24T23:20:48.563+0000] {logging_mixin.py:137} INFO - [2023-05-24T23:20:48.563+0000] {dagbag.py:538} INFO - Filling up the DagBag from /home/airflow/.local/lib/python3.7/site-packages/airflow/example_dags/example_kubernetes_executor.py
[2023-05-24T23:20:48.728+0000] {processor.py:753} INFO - DAG(s) dict_keys(['example_kubernetes_executor']) retrieved from /home/airflow/.local/lib/python3.7/site-packages/airflow/example_dags/example_kubernetes_executor.py
[2023-05-24T23:20:48.833+0000] {logging_mixin.py:137} INFO - [2023-05-24T23:20:48.833+0000] {dag.py:2690} INFO - Sync 1 DAGs
[2023-05-24T23:20:48.968+0000] {logging_mixin.py:137} INFO - [2023-05-24T23:20:48.968+0000] {dag.py:3441} INFO - Setting next_dagrun for example_kubernetes_executor to None, run_after=None
[2023-05-24T23:20:49.041+0000] {processor.py:175} INFO - Processing /home/airflow/.local/lib/python3.7/site-packages/airflow/example_dags/example_kubernetes_executor.py took 0.512 seconds
[2023-05-24T23:21:19.387+0000] {processor.py:153} INFO - Started process (PID=174) to work on /home/airflow/.local/lib/python3.7/site-packages/airflow/example_dags/example_kubernetes_executor.py
[2023-05-24T23:21:19.391+0000] {processor.py:743} INFO - Processing file /home/airflow/.local/lib/python3.7/site-packages/airflow/example_dags/example_kubernetes_executor.py for tasks to queue
[2023-05-24T23:21:19.394+0000] {logging_mixin.py:137} INFO - [2023-05-24T23:21:19.393+0000] {dagbag.py:538} INFO - Filling up the DagBag from /home/airflow/.local/lib/python3.7/site-packages/airflow/example_dags/example_kubernetes_executor.py
[2023-05-24T23:21:19.455+0000] {processor.py:753} INFO - DAG(s) dict_keys(['example_kubernetes_executor']) retrieved from /home/airflow/.local/lib/python3.7/site-packages/airflow/example_dags/example_kubernetes_executor.py
[2023-05-24T23:21:19.560+0000] {logging_mixin.py:137} INFO - [2023-05-24T23:21:19.556+0000] {dag.py:2690} INFO - Sync 1 DAGs
[2023-05-24T23:21:19.636+0000] {logging_mixin.py:137} INFO - [2023-05-24T23:21:19.636+0000] {dag.py:3441} INFO - Setting next_dagrun for example_kubernetes_executor to None, run_after=None
[2023-05-24T23:21:19.661+0000] {processor.py:175} INFO - Processing /home/airflow/.local/lib/python3.7/site-packages/airflow/example_dags/example_kubernetes_executor.py took 0.282 seconds
[2023-05-24T23:21:49.881+0000] {processor.py:153} INFO - Started process (PID=235) to work on /home/airflow/.local/lib/python3.7/site-packages/airflow/example_dags/example_kubernetes_executor.py
[2023-05-24T23:21:49.886+0000] {processor.py:743} INFO - Processing file /home/airflow/.local/lib/python3.7/site-packages/airflow/example_dags/example_kubernetes_executor.py for tasks to queue
[2023-05-24T23:21:49.891+0000] {logging_mixin.py:137} INFO - [2023-05-24T23:21:49.891+0000] {dagbag.py:538} INFO - Filling up the DagBag from /home/airflow/.local/lib/python3.7/site-packages/airflow/example_dags/example_kubernetes_executor.py
[2023-05-24T23:21:49.936+0000] {processor.py:753} INFO - DAG(s) dict_keys(['example_kubernetes_executor']) retrieved from /home/airflow/.local/lib/python3.7/site-packages/airflow/example_dags/example_kubernetes_executor.py
[2023-05-24T23:21:49.991+0000] {logging_mixin.py:137} INFO - [2023-05-24T23:21:49.991+0000] {dag.py:2690} INFO - Sync 1 DAGs
[2023-05-24T23:21:50.040+0000] {logging_mixin.py:137} INFO - [2023-05-24T23:21:50.040+0000] {dag.py:3441} INFO - Setting next_dagrun for example_kubernetes_executor to None, run_after=None
[2023-05-24T23:21:50.073+0000] {processor.py:175} INFO - Processing /home/airflow/.local/lib/python3.7/site-packages/airflow/example_dags/example_kubernetes_executor.py took 0.201 seconds
[2023-05-24T23:22:20.360+0000] {processor.py:153} INFO - Started process (PID=295) to work on /home/airflow/.local/lib/python3.7/site-packages/airflow/example_dags/example_kubernetes_executor.py
[2023-05-24T23:22:20.369+0000] {processor.py:743} INFO - Processing file /home/airflow/.local/lib/python3.7/site-packages/airflow/example_dags/example_kubernetes_executor.py for tasks to queue
[2023-05-24T23:22:20.376+0000] {logging_mixin.py:137} INFO - [2023-05-24T23:22:20.373+0000] {dagbag.py:538} INFO - Filling up the DagBag from /home/airflow/.local/lib/python3.7/site-packages/airflow/example_dags/example_kubernetes_executor.py
[2023-05-24T23:22:20.516+0000] {processor.py:753} INFO - DAG(s) dict_keys(['example_kubernetes_executor']) retrieved from /home/airflow/.local/lib/python3.7/site-packages/airflow/example_dags/example_kubernetes_executor.py
[2023-05-24T23:22:20.746+0000] {logging_mixin.py:137} INFO - [2023-05-24T23:22:20.746+0000] {dag.py:2690} INFO - Sync 1 DAGs
[2023-05-24T23:22:20.956+0000] {logging_mixin.py:137} INFO - [2023-05-24T23:22:20.954+0000] {dag.py:3441} INFO - Setting next_dagrun for example_kubernetes_executor to None, run_after=None
[2023-05-24T23:22:21.045+0000] {processor.py:175} INFO - Processing /home/airflow/.local/lib/python3.7/site-packages/airflow/example_dags/example_kubernetes_executor.py took 0.703 seconds
[2023-05-24T23:22:51.166+0000] {processor.py:153} INFO - Started process (PID=361) to work on /home/airflow/.local/lib/python3.7/site-packages/airflow/example_dags/example_kubernetes_executor.py
[2023-05-24T23:22:51.182+0000] {processor.py:743} INFO - Processing file /home/airflow/.local/lib/python3.7/site-packages/airflow/example_dags/example_kubernetes_executor.py for tasks to queue
[2023-05-24T23:22:51.200+0000] {logging_mixin.py:137} INFO - [2023-05-24T23:22:51.195+0000] {dagbag.py:538} INFO - Filling up the DagBag from /home/airflow/.local/lib/python3.7/site-packages/airflow/example_dags/example_kubernetes_executor.py
[2023-05-24T23:22:51.474+0000] {processor.py:753} INFO - DAG(s) dict_keys(['example_kubernetes_executor']) retrieved from /home/airflow/.local/lib/python3.7/site-packages/airflow/example_dags/example_kubernetes_executor.py
[2023-05-24T23:22:51.727+0000] {logging_mixin.py:137} INFO - [2023-05-24T23:22:51.727+0000] {dag.py:2690} INFO - Sync 1 DAGs
[2023-05-24T23:22:51.916+0000] {logging_mixin.py:137} INFO - [2023-05-24T23:22:51.915+0000] {dag.py:3441} INFO - Setting next_dagrun for example_kubernetes_executor to None, run_after=None
[2023-05-24T23:22:52.013+0000] {processor.py:175} INFO - Processing /home/airflow/.local/lib/python3.7/site-packages/airflow/example_dags/example_kubernetes_executor.py took 0.867 seconds
[2023-05-24T23:23:22.255+0000] {processor.py:153} INFO - Started process (PID=423) to work on /home/airflow/.local/lib/python3.7/site-packages/airflow/example_dags/example_kubernetes_executor.py
[2023-05-24T23:23:22.265+0000] {processor.py:743} INFO - Processing file /home/airflow/.local/lib/python3.7/site-packages/airflow/example_dags/example_kubernetes_executor.py for tasks to queue
[2023-05-24T23:23:22.268+0000] {logging_mixin.py:137} INFO - [2023-05-24T23:23:22.268+0000] {dagbag.py:538} INFO - Filling up the DagBag from /home/airflow/.local/lib/python3.7/site-packages/airflow/example_dags/example_kubernetes_executor.py
[2023-05-24T23:23:22.341+0000] {processor.py:753} INFO - DAG(s) dict_keys(['example_kubernetes_executor']) retrieved from /home/airflow/.local/lib/python3.7/site-packages/airflow/example_dags/example_kubernetes_executor.py
[2023-05-24T23:23:22.424+0000] {logging_mixin.py:137} INFO - [2023-05-24T23:23:22.424+0000] {dag.py:2690} INFO - Sync 1 DAGs
[2023-05-24T23:23:22.461+0000] {logging_mixin.py:137} INFO - [2023-05-24T23:23:22.461+0000] {dag.py:3441} INFO - Setting next_dagrun for example_kubernetes_executor to None, run_after=None
[2023-05-24T23:23:22.501+0000] {processor.py:175} INFO - Processing /home/airflow/.local/lib/python3.7/site-packages/airflow/example_dags/example_kubernetes_executor.py took 0.255 seconds
[2023-05-24T23:23:52.712+0000] {processor.py:153} INFO - Started process (PID=484) to work on /home/airflow/.local/lib/python3.7/site-packages/airflow/example_dags/example_kubernetes_executor.py
[2023-05-24T23:23:52.718+0000] {processor.py:743} INFO - Processing file /home/airflow/.local/lib/python3.7/site-packages/airflow/example_dags/example_kubernetes_executor.py for tasks to queue
[2023-05-24T23:23:52.722+0000] {logging_mixin.py:137} INFO - [2023-05-24T23:23:52.721+0000] {dagbag.py:538} INFO - Filling up the DagBag from /home/airflow/.local/lib/python3.7/site-packages/airflow/example_dags/example_kubernetes_executor.py
[2023-05-24T23:23:52.827+0000] {processor.py:753} INFO - DAG(s) dict_keys(['example_kubernetes_executor']) retrieved from /home/airflow/.local/lib/python3.7/site-packages/airflow/example_dags/example_kubernetes_executor.py
[2023-05-24T23:23:52.977+0000] {logging_mixin.py:137} INFO - [2023-05-24T23:23:52.977+0000] {dag.py:2690} INFO - Sync 1 DAGs
[2023-05-24T23:23:53.101+0000] {logging_mixin.py:137} INFO - [2023-05-24T23:23:53.100+0000] {dag.py:3441} INFO - Setting next_dagrun for example_kubernetes_executor to None, run_after=None
[2023-05-24T23:23:53.171+0000] {processor.py:175} INFO - Processing /home/airflow/.local/lib/python3.7/site-packages/airflow/example_dags/example_kubernetes_executor.py took 0.479 seconds
[2023-05-24T23:24:23.999+0000] {processor.py:153} INFO - Started process (PID=543) to work on /home/airflow/.local/lib/python3.7/site-packages/airflow/example_dags/example_kubernetes_executor.py
[2023-05-24T23:24:24.020+0000] {processor.py:743} INFO - Processing file /home/airflow/.local/lib/python3.7/site-packages/airflow/example_dags/example_kubernetes_executor.py for tasks to queue
[2023-05-24T23:24:24.030+0000] {logging_mixin.py:137} INFO - [2023-05-24T23:24:24.023+0000] {dagbag.py:538} INFO - Filling up the DagBag from /home/airflow/.local/lib/python3.7/site-packages/airflow/example_dags/example_kubernetes_executor.py
[2023-05-24T23:24:24.106+0000] {processor.py:753} INFO - DAG(s) dict_keys(['example_kubernetes_executor']) retrieved from /home/airflow/.local/lib/python3.7/site-packages/airflow/example_dags/example_kubernetes_executor.py
[2023-05-24T23:24:24.168+0000] {logging_mixin.py:137} INFO - [2023-05-24T23:24:24.168+0000] {dag.py:2690} INFO - Sync 1 DAGs
[2023-05-24T23:24:24.223+0000] {logging_mixin.py:137} INFO - [2023-05-24T23:24:24.223+0000] {dag.py:3441} INFO - Setting next_dagrun for example_kubernetes_executor to None, run_after=None
[2023-05-24T23:24:24.271+0000] {processor.py:175} INFO - Processing /home/airflow/.local/lib/python3.7/site-packages/airflow/example_dags/example_kubernetes_executor.py took 0.287 seconds
[2023-05-24T23:24:54.565+0000] {processor.py:153} INFO - Started process (PID=601) to work on /home/airflow/.local/lib/python3.7/site-packages/airflow/example_dags/example_kubernetes_executor.py
[2023-05-24T23:24:54.570+0000] {processor.py:743} INFO - Processing file /home/airflow/.local/lib/python3.7/site-packages/airflow/example_dags/example_kubernetes_executor.py for tasks to queue
[2023-05-24T23:24:54.576+0000] {logging_mixin.py:137} INFO - [2023-05-24T23:24:54.575+0000] {dagbag.py:538} INFO - Filling up the DagBag from /home/airflow/.local/lib/python3.7/site-packages/airflow/example_dags/example_kubernetes_executor.py
[2023-05-24T23:24:54.735+0000] {processor.py:753} INFO - DAG(s) dict_keys(['example_kubernetes_executor']) retrieved from /home/airflow/.local/lib/python3.7/site-packages/airflow/example_dags/example_kubernetes_executor.py
[2023-05-24T23:24:54.840+0000] {logging_mixin.py:137} INFO - [2023-05-24T23:24:54.840+0000] {dag.py:2690} INFO - Sync 1 DAGs
[2023-05-24T23:24:54.951+0000] {logging_mixin.py:137} INFO - [2023-05-24T23:24:54.951+0000] {dag.py:3441} INFO - Setting next_dagrun for example_kubernetes_executor to None, run_after=None
[2023-05-24T23:24:55.055+0000] {processor.py:175} INFO - Processing /home/airflow/.local/lib/python3.7/site-packages/airflow/example_dags/example_kubernetes_executor.py took 0.505 seconds
[2023-05-24T23:25:25.753+0000] {processor.py:153} INFO - Started process (PID=662) to work on /home/airflow/.local/lib/python3.7/site-packages/airflow/example_dags/example_kubernetes_executor.py
[2023-05-24T23:25:25.761+0000] {processor.py:743} INFO - Processing file /home/airflow/.local/lib/python3.7/site-packages/airflow/example_dags/example_kubernetes_executor.py for tasks to queue
[2023-05-24T23:25:25.764+0000] {logging_mixin.py:137} INFO - [2023-05-24T23:25:25.764+0000] {dagbag.py:538} INFO - Filling up the DagBag from /home/airflow/.local/lib/python3.7/site-packages/airflow/example_dags/example_kubernetes_executor.py
[2023-05-24T23:25:25.820+0000] {processor.py:753} INFO - DAG(s) dict_keys(['example_kubernetes_executor']) retrieved from /home/airflow/.local/lib/python3.7/site-packages/airflow/example_dags/example_kubernetes_executor.py
[2023-05-24T23:25:25.865+0000] {logging_mixin.py:137} INFO - [2023-05-24T23:25:25.865+0000] {dag.py:2690} INFO - Sync 1 DAGs
[2023-05-24T23:25:25.915+0000] {logging_mixin.py:137} INFO - [2023-05-24T23:25:25.915+0000] {dag.py:3441} INFO - Setting next_dagrun for example_kubernetes_executor to None, run_after=None
[2023-05-24T23:25:25.955+0000] {processor.py:175} INFO - Processing /home/airflow/.local/lib/python3.7/site-packages/airflow/example_dags/example_kubernetes_executor.py took 0.212 seconds
[2023-05-24T23:25:56.492+0000] {processor.py:153} INFO - Started process (PID=721) to work on /home/airflow/.local/lib/python3.7/site-packages/airflow/example_dags/example_kubernetes_executor.py
[2023-05-24T23:25:56.500+0000] {processor.py:743} INFO - Processing file /home/airflow/.local/lib/python3.7/site-packages/airflow/example_dags/example_kubernetes_executor.py for tasks to queue
[2023-05-24T23:25:56.503+0000] {logging_mixin.py:137} INFO - [2023-05-24T23:25:56.502+0000] {dagbag.py:538} INFO - Filling up the DagBag from /home/airflow/.local/lib/python3.7/site-packages/airflow/example_dags/example_kubernetes_executor.py
[2023-05-24T23:25:56.558+0000] {processor.py:753} INFO - DAG(s) dict_keys(['example_kubernetes_executor']) retrieved from /home/airflow/.local/lib/python3.7/site-packages/airflow/example_dags/example_kubernetes_executor.py
[2023-05-24T23:25:56.612+0000] {logging_mixin.py:137} INFO - [2023-05-24T23:25:56.612+0000] {dag.py:2690} INFO - Sync 1 DAGs
[2023-05-24T23:25:56.650+0000] {logging_mixin.py:137} INFO - [2023-05-24T23:25:56.650+0000] {dag.py:3441} INFO - Setting next_dagrun for example_kubernetes_executor to None, run_after=None
[2023-05-24T23:25:56.685+0000] {processor.py:175} INFO - Processing /home/airflow/.local/lib/python3.7/site-packages/airflow/example_dags/example_kubernetes_executor.py took 0.205 seconds
[2023-05-24T23:26:33.545+0000] {processor.py:153} INFO - Started process (PID=788) to work on /home/airflow/.local/lib/python3.7/site-packages/airflow/example_dags/example_kubernetes_executor.py
[2023-05-24T23:26:33.563+0000] {processor.py:743} INFO - Processing file /home/airflow/.local/lib/python3.7/site-packages/airflow/example_dags/example_kubernetes_executor.py for tasks to queue
[2023-05-24T23:26:33.578+0000] {logging_mixin.py:137} INFO - [2023-05-24T23:26:33.575+0000] {dagbag.py:538} INFO - Filling up the DagBag from /home/airflow/.local/lib/python3.7/site-packages/airflow/example_dags/example_kubernetes_executor.py
[2023-05-24T23:26:34.843+0000] {processor.py:753} INFO - DAG(s) dict_keys(['example_kubernetes_executor']) retrieved from /home/airflow/.local/lib/python3.7/site-packages/airflow/example_dags/example_kubernetes_executor.py
[2023-05-24T23:26:36.215+0000] {logging_mixin.py:137} INFO - [2023-05-24T23:26:36.214+0000] {dag.py:2690} INFO - Sync 1 DAGs
[2023-05-24T23:26:37.489+0000] {logging_mixin.py:137} INFO - [2023-05-24T23:26:37.489+0000] {dag.py:3441} INFO - Setting next_dagrun for example_kubernetes_executor to None, run_after=None
[2023-05-24T23:26:38.385+0000] {processor.py:175} INFO - Processing /home/airflow/.local/lib/python3.7/site-packages/airflow/example_dags/example_kubernetes_executor.py took 4.951 seconds
[2023-05-24T23:27:13.844+0000] {processor.py:153} INFO - Started process (PID=845) to work on /home/airflow/.local/lib/python3.7/site-packages/airflow/example_dags/example_kubernetes_executor.py
[2023-05-24T23:27:13.863+0000] {processor.py:743} INFO - Processing file /home/airflow/.local/lib/python3.7/site-packages/airflow/example_dags/example_kubernetes_executor.py for tasks to queue
[2023-05-24T23:27:13.871+0000] {logging_mixin.py:137} INFO - [2023-05-24T23:27:13.869+0000] {dagbag.py:538} INFO - Filling up the DagBag from /home/airflow/.local/lib/python3.7/site-packages/airflow/example_dags/example_kubernetes_executor.py
[2023-05-24T23:27:13.997+0000] {processor.py:753} INFO - DAG(s) dict_keys(['example_kubernetes_executor']) retrieved from /home/airflow/.local/lib/python3.7/site-packages/airflow/example_dags/example_kubernetes_executor.py
[2023-05-24T23:27:14.065+0000] {logging_mixin.py:137} INFO - [2023-05-24T23:27:14.063+0000] {dag.py:2690} INFO - Sync 1 DAGs
[2023-05-24T23:27:14.161+0000] {logging_mixin.py:137} INFO - [2023-05-24T23:27:14.161+0000] {dag.py:3441} INFO - Setting next_dagrun for example_kubernetes_executor to None, run_after=None
[2023-05-24T23:27:14.291+0000] {processor.py:175} INFO - Processing /home/airflow/.local/lib/python3.7/site-packages/airflow/example_dags/example_kubernetes_executor.py took 0.476 seconds
[2023-05-24T23:28:10.060+0000] {processor.py:153} INFO - Started process (PID=903) to work on /home/airflow/.local/lib/python3.7/site-packages/airflow/example_dags/example_kubernetes_executor.py
[2023-05-24T23:28:10.076+0000] {processor.py:743} INFO - Processing file /home/airflow/.local/lib/python3.7/site-packages/airflow/example_dags/example_kubernetes_executor.py for tasks to queue
[2023-05-24T23:28:10.081+0000] {logging_mixin.py:137} INFO - [2023-05-24T23:28:10.080+0000] {dagbag.py:538} INFO - Filling up the DagBag from /home/airflow/.local/lib/python3.7/site-packages/airflow/example_dags/example_kubernetes_executor.py
[2023-05-24T23:28:10.997+0000] {processor.py:753} INFO - DAG(s) dict_keys(['example_kubernetes_executor']) retrieved from /home/airflow/.local/lib/python3.7/site-packages/airflow/example_dags/example_kubernetes_executor.py
[2023-05-24T23:28:12.677+0000] {logging_mixin.py:137} INFO - [2023-05-24T23:28:12.677+0000] {dag.py:2690} INFO - Sync 1 DAGs
[2023-05-24T23:28:13.630+0000] {logging_mixin.py:137} INFO - [2023-05-24T23:28:13.613+0000] {dag.py:3441} INFO - Setting next_dagrun for example_kubernetes_executor to None, run_after=None
[2023-05-24T23:28:14.099+0000] {processor.py:175} INFO - Processing /home/airflow/.local/lib/python3.7/site-packages/airflow/example_dags/example_kubernetes_executor.py took 4.125 seconds
[2023-05-24T23:28:59.256+0000] {processor.py:153} INFO - Started process (PID=952) to work on /home/airflow/.local/lib/python3.7/site-packages/airflow/example_dags/example_kubernetes_executor.py
[2023-05-24T23:28:59.262+0000] {processor.py:743} INFO - Processing file /home/airflow/.local/lib/python3.7/site-packages/airflow/example_dags/example_kubernetes_executor.py for tasks to queue
[2023-05-24T23:28:59.269+0000] {logging_mixin.py:137} INFO - [2023-05-24T23:28:59.269+0000] {dagbag.py:538} INFO - Filling up the DagBag from /home/airflow/.local/lib/python3.7/site-packages/airflow/example_dags/example_kubernetes_executor.py
[2023-05-24T23:28:59.528+0000] {processor.py:753} INFO - DAG(s) dict_keys(['example_kubernetes_executor']) retrieved from /home/airflow/.local/lib/python3.7/site-packages/airflow/example_dags/example_kubernetes_executor.py
[2023-05-24T23:28:59.721+0000] {logging_mixin.py:137} INFO - [2023-05-24T23:28:59.720+0000] {dag.py:2690} INFO - Sync 1 DAGs
[2023-05-24T23:28:59.879+0000] {logging_mixin.py:137} INFO - [2023-05-24T23:28:59.879+0000] {dag.py:3441} INFO - Setting next_dagrun for example_kubernetes_executor to None, run_after=None
[2023-05-24T23:29:00.175+0000] {processor.py:175} INFO - Processing /home/airflow/.local/lib/python3.7/site-packages/airflow/example_dags/example_kubernetes_executor.py took 0.944 seconds
[2023-05-24T23:29:30.959+0000] {processor.py:153} INFO - Started process (PID=1013) to work on /home/airflow/.local/lib/python3.7/site-packages/airflow/example_dags/example_kubernetes_executor.py
[2023-05-24T23:29:30.964+0000] {processor.py:743} INFO - Processing file /home/airflow/.local/lib/python3.7/site-packages/airflow/example_dags/example_kubernetes_executor.py for tasks to queue
[2023-05-24T23:29:30.969+0000] {logging_mixin.py:137} INFO - [2023-05-24T23:29:30.968+0000] {dagbag.py:538} INFO - Filling up the DagBag from /home/airflow/.local/lib/python3.7/site-packages/airflow/example_dags/example_kubernetes_executor.py
[2023-05-24T23:29:31.040+0000] {processor.py:753} INFO - DAG(s) dict_keys(['example_kubernetes_executor']) retrieved from /home/airflow/.local/lib/python3.7/site-packages/airflow/example_dags/example_kubernetes_executor.py
[2023-05-24T23:29:31.087+0000] {logging_mixin.py:137} INFO - [2023-05-24T23:29:31.087+0000] {dag.py:2690} INFO - Sync 1 DAGs
[2023-05-24T23:29:31.129+0000] {logging_mixin.py:137} INFO - [2023-05-24T23:29:31.129+0000] {dag.py:3441} INFO - Setting next_dagrun for example_kubernetes_executor to None, run_after=None
[2023-05-24T23:29:31.162+0000] {processor.py:175} INFO - Processing /home/airflow/.local/lib/python3.7/site-packages/airflow/example_dags/example_kubernetes_executor.py took 0.216 seconds
[2023-05-24T23:30:01.229+0000] {processor.py:153} INFO - Started process (PID=1073) to work on /home/airflow/.local/lib/python3.7/site-packages/airflow/example_dags/example_kubernetes_executor.py
[2023-05-24T23:30:01.234+0000] {processor.py:743} INFO - Processing file /home/airflow/.local/lib/python3.7/site-packages/airflow/example_dags/example_kubernetes_executor.py for tasks to queue
[2023-05-24T23:30:01.238+0000] {logging_mixin.py:137} INFO - [2023-05-24T23:30:01.237+0000] {dagbag.py:538} INFO - Filling up the DagBag from /home/airflow/.local/lib/python3.7/site-packages/airflow/example_dags/example_kubernetes_executor.py
[2023-05-24T23:30:01.346+0000] {processor.py:753} INFO - DAG(s) dict_keys(['example_kubernetes_executor']) retrieved from /home/airflow/.local/lib/python3.7/site-packages/airflow/example_dags/example_kubernetes_executor.py
[2023-05-24T23:30:01.448+0000] {logging_mixin.py:137} INFO - [2023-05-24T23:30:01.448+0000] {dag.py:2690} INFO - Sync 1 DAGs
[2023-05-24T23:30:01.539+0000] {logging_mixin.py:137} INFO - [2023-05-24T23:30:01.539+0000] {dag.py:3441} INFO - Setting next_dagrun for example_kubernetes_executor to None, run_after=None
[2023-05-24T23:30:01.619+0000] {processor.py:175} INFO - Processing /home/airflow/.local/lib/python3.7/site-packages/airflow/example_dags/example_kubernetes_executor.py took 0.395 seconds
[2023-05-24T23:30:31.891+0000] {processor.py:153} INFO - Started process (PID=1133) to work on /home/airflow/.local/lib/python3.7/site-packages/airflow/example_dags/example_kubernetes_executor.py
[2023-05-24T23:30:31.894+0000] {processor.py:743} INFO - Processing file /home/airflow/.local/lib/python3.7/site-packages/airflow/example_dags/example_kubernetes_executor.py for tasks to queue
[2023-05-24T23:30:31.897+0000] {logging_mixin.py:137} INFO - [2023-05-24T23:30:31.896+0000] {dagbag.py:538} INFO - Filling up the DagBag from /home/airflow/.local/lib/python3.7/site-packages/airflow/example_dags/example_kubernetes_executor.py
[2023-05-24T23:30:31.944+0000] {processor.py:753} INFO - DAG(s) dict_keys(['example_kubernetes_executor']) retrieved from /home/airflow/.local/lib/python3.7/site-packages/airflow/example_dags/example_kubernetes_executor.py
[2023-05-24T23:30:31.983+0000] {logging_mixin.py:137} INFO - [2023-05-24T23:30:31.983+0000] {dag.py:2690} INFO - Sync 1 DAGs
[2023-05-24T23:30:32.015+0000] {logging_mixin.py:137} INFO - [2023-05-24T23:30:32.015+0000] {dag.py:3441} INFO - Setting next_dagrun for example_kubernetes_executor to None, run_after=None
[2023-05-24T23:30:32.048+0000] {processor.py:175} INFO - Processing /home/airflow/.local/lib/python3.7/site-packages/airflow/example_dags/example_kubernetes_executor.py took 0.163 seconds
[2023-05-24T23:31:02.911+0000] {processor.py:153} INFO - Started process (PID=1193) to work on /home/airflow/.local/lib/python3.7/site-packages/airflow/example_dags/example_kubernetes_executor.py
[2023-05-24T23:31:02.914+0000] {processor.py:743} INFO - Processing file /home/airflow/.local/lib/python3.7/site-packages/airflow/example_dags/example_kubernetes_executor.py for tasks to queue
[2023-05-24T23:31:02.919+0000] {logging_mixin.py:137} INFO - [2023-05-24T23:31:02.918+0000] {dagbag.py:538} INFO - Filling up the DagBag from /home/airflow/.local/lib/python3.7/site-packages/airflow/example_dags/example_kubernetes_executor.py
[2023-05-24T23:31:02.972+0000] {processor.py:753} INFO - DAG(s) dict_keys(['example_kubernetes_executor']) retrieved from /home/airflow/.local/lib/python3.7/site-packages/airflow/example_dags/example_kubernetes_executor.py
[2023-05-24T23:31:03.023+0000] {logging_mixin.py:137} INFO - [2023-05-24T23:31:03.023+0000] {dag.py:2690} INFO - Sync 1 DAGs
[2023-05-24T23:31:03.071+0000] {logging_mixin.py:137} INFO - [2023-05-24T23:31:03.071+0000] {dag.py:3441} INFO - Setting next_dagrun for example_kubernetes_executor to None, run_after=None
[2023-05-24T23:31:03.111+0000] {processor.py:175} INFO - Processing /home/airflow/.local/lib/python3.7/site-packages/airflow/example_dags/example_kubernetes_executor.py took 0.205 seconds
[2023-05-24T23:33:48.460+0000] {processor.py:153} INFO - Started process (PID=54) to work on /home/airflow/.local/lib/python3.7/site-packages/airflow/example_dags/example_kubernetes_executor.py
[2023-05-24T23:33:48.476+0000] {processor.py:743} INFO - Processing file /home/airflow/.local/lib/python3.7/site-packages/airflow/example_dags/example_kubernetes_executor.py for tasks to queue
[2023-05-24T23:33:48.498+0000] {logging_mixin.py:137} INFO - [2023-05-24T23:33:48.498+0000] {dagbag.py:538} INFO - Filling up the DagBag from /home/airflow/.local/lib/python3.7/site-packages/airflow/example_dags/example_kubernetes_executor.py
[2023-05-24T23:33:49.462+0000] {processor.py:753} INFO - DAG(s) dict_keys(['example_kubernetes_executor']) retrieved from /home/airflow/.local/lib/python3.7/site-packages/airflow/example_dags/example_kubernetes_executor.py
[2023-05-24T23:33:49.714+0000] {logging_mixin.py:137} INFO - [2023-05-24T23:33:49.713+0000] {dag.py:2690} INFO - Sync 1 DAGs
[2023-05-24T23:33:50.597+0000] {logging_mixin.py:137} INFO - [2023-05-24T23:33:50.596+0000] {dag.py:3441} INFO - Setting next_dagrun for example_kubernetes_executor to None, run_after=None
[2023-05-24T23:33:50.715+0000] {processor.py:175} INFO - Processing /home/airflow/.local/lib/python3.7/site-packages/airflow/example_dags/example_kubernetes_executor.py took 2.326 seconds
[2023-05-24T23:34:21.533+0000] {processor.py:153} INFO - Started process (PID=113) to work on /home/airflow/.local/lib/python3.7/site-packages/airflow/example_dags/example_kubernetes_executor.py
[2023-05-24T23:34:21.536+0000] {processor.py:743} INFO - Processing file /home/airflow/.local/lib/python3.7/site-packages/airflow/example_dags/example_kubernetes_executor.py for tasks to queue
[2023-05-24T23:34:21.541+0000] {logging_mixin.py:137} INFO - [2023-05-24T23:34:21.540+0000] {dagbag.py:538} INFO - Filling up the DagBag from /home/airflow/.local/lib/python3.7/site-packages/airflow/example_dags/example_kubernetes_executor.py
[2023-05-24T23:34:21.714+0000] {processor.py:753} INFO - DAG(s) dict_keys(['example_kubernetes_executor']) retrieved from /home/airflow/.local/lib/python3.7/site-packages/airflow/example_dags/example_kubernetes_executor.py
[2023-05-24T23:34:21.826+0000] {logging_mixin.py:137} INFO - [2023-05-24T23:34:21.825+0000] {dag.py:2690} INFO - Sync 1 DAGs
[2023-05-24T23:34:21.938+0000] {logging_mixin.py:137} INFO - [2023-05-24T23:34:21.938+0000] {dag.py:3441} INFO - Setting next_dagrun for example_kubernetes_executor to None, run_after=None
[2023-05-24T23:34:22.016+0000] {processor.py:175} INFO - Processing /home/airflow/.local/lib/python3.7/site-packages/airflow/example_dags/example_kubernetes_executor.py took 0.539 seconds
[2023-05-24T23:34:52.457+0000] {processor.py:153} INFO - Started process (PID=162) to work on /home/airflow/.local/lib/python3.7/site-packages/airflow/example_dags/example_kubernetes_executor.py
[2023-05-24T23:34:52.491+0000] {processor.py:743} INFO - Processing file /home/airflow/.local/lib/python3.7/site-packages/airflow/example_dags/example_kubernetes_executor.py for tasks to queue
[2023-05-24T23:34:52.508+0000] {logging_mixin.py:137} INFO - [2023-05-24T23:34:52.508+0000] {dagbag.py:538} INFO - Filling up the DagBag from /home/airflow/.local/lib/python3.7/site-packages/airflow/example_dags/example_kubernetes_executor.py
[2023-05-24T23:34:52.630+0000] {processor.py:753} INFO - DAG(s) dict_keys(['example_kubernetes_executor']) retrieved from /home/airflow/.local/lib/python3.7/site-packages/airflow/example_dags/example_kubernetes_executor.py
[2023-05-24T23:34:52.708+0000] {logging_mixin.py:137} INFO - [2023-05-24T23:34:52.707+0000] {dag.py:2690} INFO - Sync 1 DAGs
[2023-05-24T23:34:52.808+0000] {logging_mixin.py:137} INFO - [2023-05-24T23:34:52.808+0000] {dag.py:3441} INFO - Setting next_dagrun for example_kubernetes_executor to None, run_after=None
[2023-05-24T23:34:52.867+0000] {processor.py:175} INFO - Processing /home/airflow/.local/lib/python3.7/site-packages/airflow/example_dags/example_kubernetes_executor.py took 0.609 seconds
[2023-05-24T23:35:50.362+0000] {processor.py:153} INFO - Started process (PID=229) to work on /home/airflow/.local/lib/python3.7/site-packages/airflow/example_dags/example_kubernetes_executor.py
[2023-05-24T23:35:50.381+0000] {processor.py:743} INFO - Processing file /home/airflow/.local/lib/python3.7/site-packages/airflow/example_dags/example_kubernetes_executor.py for tasks to queue
[2023-05-24T23:35:50.397+0000] {logging_mixin.py:137} INFO - [2023-05-24T23:35:50.397+0000] {dagbag.py:538} INFO - Filling up the DagBag from /home/airflow/.local/lib/python3.7/site-packages/airflow/example_dags/example_kubernetes_executor.py
[2023-05-24T23:35:50.922+0000] {processor.py:753} INFO - DAG(s) dict_keys(['example_kubernetes_executor']) retrieved from /home/airflow/.local/lib/python3.7/site-packages/airflow/example_dags/example_kubernetes_executor.py
[2023-05-24T23:35:51.583+0000] {logging_mixin.py:137} INFO - [2023-05-24T23:35:51.583+0000] {dag.py:2690} INFO - Sync 1 DAGs
[2023-05-24T23:35:52.381+0000] {logging_mixin.py:137} INFO - [2023-05-24T23:35:52.380+0000] {dag.py:3441} INFO - Setting next_dagrun for example_kubernetes_executor to None, run_after=None
[2023-05-24T23:35:53.461+0000] {processor.py:175} INFO - Processing /home/airflow/.local/lib/python3.7/site-packages/airflow/example_dags/example_kubernetes_executor.py took 3.135 seconds
[2023-05-24T23:37:01.365+0000] {processor.py:153} INFO - Started process (PID=308) to work on /home/airflow/.local/lib/python3.7/site-packages/airflow/example_dags/example_kubernetes_executor.py
[2023-05-24T23:37:01.375+0000] {processor.py:743} INFO - Processing file /home/airflow/.local/lib/python3.7/site-packages/airflow/example_dags/example_kubernetes_executor.py for tasks to queue
[2023-05-24T23:37:01.397+0000] {logging_mixin.py:137} INFO - [2023-05-24T23:37:01.392+0000] {dagbag.py:538} INFO - Filling up the DagBag from /home/airflow/.local/lib/python3.7/site-packages/airflow/example_dags/example_kubernetes_executor.py
[2023-05-24T23:37:02.193+0000] {processor.py:753} INFO - DAG(s) dict_keys(['example_kubernetes_executor']) retrieved from /home/airflow/.local/lib/python3.7/site-packages/airflow/example_dags/example_kubernetes_executor.py
[2023-05-24T23:37:02.769+0000] {logging_mixin.py:137} INFO - [2023-05-24T23:37:02.757+0000] {dag.py:2690} INFO - Sync 1 DAGs
[2023-05-24T23:37:03.163+0000] {logging_mixin.py:137} INFO - [2023-05-24T23:37:03.163+0000] {dag.py:3441} INFO - Setting next_dagrun for example_kubernetes_executor to None, run_after=None
[2023-05-24T23:37:03.800+0000] {processor.py:175} INFO - Processing /home/airflow/.local/lib/python3.7/site-packages/airflow/example_dags/example_kubernetes_executor.py took 2.527 seconds
[2023-05-24T23:37:49.938+0000] {processor.py:153} INFO - Started process (PID=365) to work on /home/airflow/.local/lib/python3.7/site-packages/airflow/example_dags/example_kubernetes_executor.py
[2023-05-24T23:37:49.974+0000] {processor.py:743} INFO - Processing file /home/airflow/.local/lib/python3.7/site-packages/airflow/example_dags/example_kubernetes_executor.py for tasks to queue
[2023-05-24T23:37:50.014+0000] {logging_mixin.py:137} INFO - [2023-05-24T23:37:49.994+0000] {dagbag.py:538} INFO - Filling up the DagBag from /home/airflow/.local/lib/python3.7/site-packages/airflow/example_dags/example_kubernetes_executor.py
[2023-05-24T23:37:51.382+0000] {processor.py:753} INFO - DAG(s) dict_keys(['example_kubernetes_executor']) retrieved from /home/airflow/.local/lib/python3.7/site-packages/airflow/example_dags/example_kubernetes_executor.py
[2023-05-24T23:37:52.022+0000] {logging_mixin.py:137} INFO - [2023-05-24T23:37:52.022+0000] {dag.py:2690} INFO - Sync 1 DAGs
[2023-05-24T23:37:52.555+0000] {logging_mixin.py:137} INFO - [2023-05-24T23:37:52.544+0000] {dag.py:3441} INFO - Setting next_dagrun for example_kubernetes_executor to None, run_after=None
[2023-05-24T23:37:53.035+0000] {processor.py:175} INFO - Processing /home/airflow/.local/lib/python3.7/site-packages/airflow/example_dags/example_kubernetes_executor.py took 3.180 seconds
[2023-05-24T23:39:09.938+0000] {processor.py:153} INFO - Started process (PID=446) to work on /home/airflow/.local/lib/python3.7/site-packages/airflow/example_dags/example_kubernetes_executor.py
[2023-05-24T23:39:09.984+0000] {processor.py:743} INFO - Processing file /home/airflow/.local/lib/python3.7/site-packages/airflow/example_dags/example_kubernetes_executor.py for tasks to queue
[2023-05-24T23:39:10.018+0000] {logging_mixin.py:137} INFO - [2023-05-24T23:39:10.007+0000] {dagbag.py:538} INFO - Filling up the DagBag from /home/airflow/.local/lib/python3.7/site-packages/airflow/example_dags/example_kubernetes_executor.py
[2023-05-24T23:39:10.613+0000] {processor.py:753} INFO - DAG(s) dict_keys(['example_kubernetes_executor']) retrieved from /home/airflow/.local/lib/python3.7/site-packages/airflow/example_dags/example_kubernetes_executor.py
[2023-05-24T23:39:12.885+0000] {logging_mixin.py:137} INFO - [2023-05-24T23:39:12.884+0000] {dag.py:2690} INFO - Sync 1 DAGs
[2023-05-24T23:39:14.818+0000] {logging_mixin.py:137} INFO - [2023-05-24T23:39:14.817+0000] {dag.py:3441} INFO - Setting next_dagrun for example_kubernetes_executor to None, run_after=None
[2023-05-24T23:39:16.414+0000] {processor.py:175} INFO - Processing /home/airflow/.local/lib/python3.7/site-packages/airflow/example_dags/example_kubernetes_executor.py took 6.533 seconds
[2023-05-24T23:39:58.748+0000] {processor.py:153} INFO - Started process (PID=492) to work on /home/airflow/.local/lib/python3.7/site-packages/airflow/example_dags/example_kubernetes_executor.py
[2023-05-24T23:39:58.761+0000] {processor.py:743} INFO - Processing file /home/airflow/.local/lib/python3.7/site-packages/airflow/example_dags/example_kubernetes_executor.py for tasks to queue
[2023-05-24T23:39:58.768+0000] {logging_mixin.py:137} INFO - [2023-05-24T23:39:58.767+0000] {dagbag.py:538} INFO - Filling up the DagBag from /home/airflow/.local/lib/python3.7/site-packages/airflow/example_dags/example_kubernetes_executor.py
[2023-05-24T23:39:59.081+0000] {processor.py:753} INFO - DAG(s) dict_keys(['example_kubernetes_executor']) retrieved from /home/airflow/.local/lib/python3.7/site-packages/airflow/example_dags/example_kubernetes_executor.py
[2023-05-24T23:39:59.583+0000] {logging_mixin.py:137} INFO - [2023-05-24T23:39:59.582+0000] {dag.py:2690} INFO - Sync 1 DAGs
[2023-05-24T23:39:59.782+0000] {logging_mixin.py:137} INFO - [2023-05-24T23:39:59.782+0000] {dag.py:3441} INFO - Setting next_dagrun for example_kubernetes_executor to None, run_after=None
[2023-05-24T23:39:59.939+0000] {processor.py:175} INFO - Processing /home/airflow/.local/lib/python3.7/site-packages/airflow/example_dags/example_kubernetes_executor.py took 1.207 seconds
[2023-05-24T23:40:32.482+0000] {processor.py:153} INFO - Started process (PID=550) to work on /home/airflow/.local/lib/python3.7/site-packages/airflow/example_dags/example_kubernetes_executor.py
[2023-05-24T23:40:32.496+0000] {processor.py:743} INFO - Processing file /home/airflow/.local/lib/python3.7/site-packages/airflow/example_dags/example_kubernetes_executor.py for tasks to queue
[2023-05-24T23:40:32.509+0000] {logging_mixin.py:137} INFO - [2023-05-24T23:40:32.508+0000] {dagbag.py:538} INFO - Filling up the DagBag from /home/airflow/.local/lib/python3.7/site-packages/airflow/example_dags/example_kubernetes_executor.py
[2023-05-24T23:40:32.881+0000] {processor.py:753} INFO - DAG(s) dict_keys(['example_kubernetes_executor']) retrieved from /home/airflow/.local/lib/python3.7/site-packages/airflow/example_dags/example_kubernetes_executor.py
[2023-05-24T23:40:33.060+0000] {logging_mixin.py:137} INFO - [2023-05-24T23:40:33.060+0000] {dag.py:2690} INFO - Sync 1 DAGs
[2023-05-24T23:40:33.247+0000] {logging_mixin.py:137} INFO - [2023-05-24T23:40:33.246+0000] {dag.py:3441} INFO - Setting next_dagrun for example_kubernetes_executor to None, run_after=None
[2023-05-24T23:40:33.368+0000] {processor.py:175} INFO - Processing /home/airflow/.local/lib/python3.7/site-packages/airflow/example_dags/example_kubernetes_executor.py took 0.905 seconds
[2023-05-24T23:43:06.558+0000] {processor.py:153} INFO - Started process (PID=64) to work on /home/airflow/.local/lib/python3.7/site-packages/airflow/example_dags/example_kubernetes_executor.py
[2023-05-24T23:43:06.570+0000] {processor.py:743} INFO - Processing file /home/airflow/.local/lib/python3.7/site-packages/airflow/example_dags/example_kubernetes_executor.py for tasks to queue
[2023-05-24T23:43:06.580+0000] {logging_mixin.py:137} INFO - [2023-05-24T23:43:06.577+0000] {dagbag.py:538} INFO - Filling up the DagBag from /home/airflow/.local/lib/python3.7/site-packages/airflow/example_dags/example_kubernetes_executor.py
[2023-05-24T23:43:06.969+0000] {processor.py:753} INFO - DAG(s) dict_keys(['example_kubernetes_executor']) retrieved from /home/airflow/.local/lib/python3.7/site-packages/airflow/example_dags/example_kubernetes_executor.py
[2023-05-24T23:43:07.393+0000] {logging_mixin.py:137} INFO - [2023-05-24T23:43:07.393+0000] {dag.py:2690} INFO - Sync 1 DAGs
[2023-05-24T23:43:07.882+0000] {logging_mixin.py:137} INFO - [2023-05-24T23:43:07.882+0000] {dag.py:3441} INFO - Setting next_dagrun for example_kubernetes_executor to None, run_after=None
[2023-05-24T23:43:08.169+0000] {processor.py:175} INFO - Processing /home/airflow/.local/lib/python3.7/site-packages/airflow/example_dags/example_kubernetes_executor.py took 1.623 seconds
[2023-05-24T23:43:38.355+0000] {processor.py:153} INFO - Started process (PID=115) to work on /home/airflow/.local/lib/python3.7/site-packages/airflow/example_dags/example_kubernetes_executor.py
[2023-05-24T23:43:38.364+0000] {processor.py:743} INFO - Processing file /home/airflow/.local/lib/python3.7/site-packages/airflow/example_dags/example_kubernetes_executor.py for tasks to queue
[2023-05-24T23:43:38.369+0000] {logging_mixin.py:137} INFO - [2023-05-24T23:43:38.368+0000] {dagbag.py:538} INFO - Filling up the DagBag from /home/airflow/.local/lib/python3.7/site-packages/airflow/example_dags/example_kubernetes_executor.py
[2023-05-24T23:43:38.436+0000] {processor.py:753} INFO - DAG(s) dict_keys(['example_kubernetes_executor']) retrieved from /home/airflow/.local/lib/python3.7/site-packages/airflow/example_dags/example_kubernetes_executor.py
[2023-05-24T23:43:38.493+0000] {logging_mixin.py:137} INFO - [2023-05-24T23:43:38.492+0000] {dag.py:2690} INFO - Sync 1 DAGs
[2023-05-24T23:43:38.541+0000] {logging_mixin.py:137} INFO - [2023-05-24T23:43:38.541+0000] {dag.py:3441} INFO - Setting next_dagrun for example_kubernetes_executor to None, run_after=None
[2023-05-24T23:43:38.576+0000] {processor.py:175} INFO - Processing /home/airflow/.local/lib/python3.7/site-packages/airflow/example_dags/example_kubernetes_executor.py took 0.234 seconds
[2023-05-24T23:44:08.920+0000] {processor.py:153} INFO - Started process (PID=176) to work on /home/airflow/.local/lib/python3.7/site-packages/airflow/example_dags/example_kubernetes_executor.py
[2023-05-24T23:44:08.929+0000] {processor.py:743} INFO - Processing file /home/airflow/.local/lib/python3.7/site-packages/airflow/example_dags/example_kubernetes_executor.py for tasks to queue
[2023-05-24T23:44:08.938+0000] {logging_mixin.py:137} INFO - [2023-05-24T23:44:08.936+0000] {dagbag.py:538} INFO - Filling up the DagBag from /home/airflow/.local/lib/python3.7/site-packages/airflow/example_dags/example_kubernetes_executor.py
[2023-05-24T23:44:09.071+0000] {processor.py:753} INFO - DAG(s) dict_keys(['example_kubernetes_executor']) retrieved from /home/airflow/.local/lib/python3.7/site-packages/airflow/example_dags/example_kubernetes_executor.py
[2023-05-24T23:44:09.158+0000] {logging_mixin.py:137} INFO - [2023-05-24T23:44:09.156+0000] {dag.py:2690} INFO - Sync 1 DAGs
[2023-05-24T23:44:09.246+0000] {logging_mixin.py:137} INFO - [2023-05-24T23:44:09.246+0000] {dag.py:3441} INFO - Setting next_dagrun for example_kubernetes_executor to None, run_after=None
[2023-05-24T23:44:09.274+0000] {processor.py:175} INFO - Processing /home/airflow/.local/lib/python3.7/site-packages/airflow/example_dags/example_kubernetes_executor.py took 0.368 seconds
[2023-05-24T23:44:40.200+0000] {processor.py:153} INFO - Started process (PID=235) to work on /home/airflow/.local/lib/python3.7/site-packages/airflow/example_dags/example_kubernetes_executor.py
[2023-05-24T23:44:40.203+0000] {processor.py:743} INFO - Processing file /home/airflow/.local/lib/python3.7/site-packages/airflow/example_dags/example_kubernetes_executor.py for tasks to queue
[2023-05-24T23:44:40.216+0000] {logging_mixin.py:137} INFO - [2023-05-24T23:44:40.216+0000] {dagbag.py:538} INFO - Filling up the DagBag from /home/airflow/.local/lib/python3.7/site-packages/airflow/example_dags/example_kubernetes_executor.py
[2023-05-24T23:44:40.260+0000] {processor.py:753} INFO - DAG(s) dict_keys(['example_kubernetes_executor']) retrieved from /home/airflow/.local/lib/python3.7/site-packages/airflow/example_dags/example_kubernetes_executor.py
[2023-05-24T23:44:40.306+0000] {logging_mixin.py:137} INFO - [2023-05-24T23:44:40.306+0000] {dag.py:2690} INFO - Sync 1 DAGs
[2023-05-24T23:44:40.351+0000] {logging_mixin.py:137} INFO - [2023-05-24T23:44:40.351+0000] {dag.py:3441} INFO - Setting next_dagrun for example_kubernetes_executor to None, run_after=None
[2023-05-24T23:44:40.389+0000] {processor.py:175} INFO - Processing /home/airflow/.local/lib/python3.7/site-packages/airflow/example_dags/example_kubernetes_executor.py took 0.198 seconds
[2023-05-24T23:45:10.750+0000] {processor.py:153} INFO - Started process (PID=294) to work on /home/airflow/.local/lib/python3.7/site-packages/airflow/example_dags/example_kubernetes_executor.py
[2023-05-24T23:45:10.756+0000] {processor.py:743} INFO - Processing file /home/airflow/.local/lib/python3.7/site-packages/airflow/example_dags/example_kubernetes_executor.py for tasks to queue
[2023-05-24T23:45:10.761+0000] {logging_mixin.py:137} INFO - [2023-05-24T23:45:10.760+0000] {dagbag.py:538} INFO - Filling up the DagBag from /home/airflow/.local/lib/python3.7/site-packages/airflow/example_dags/example_kubernetes_executor.py
[2023-05-24T23:45:10.842+0000] {processor.py:753} INFO - DAG(s) dict_keys(['example_kubernetes_executor']) retrieved from /home/airflow/.local/lib/python3.7/site-packages/airflow/example_dags/example_kubernetes_executor.py
[2023-05-24T23:45:10.900+0000] {logging_mixin.py:137} INFO - [2023-05-24T23:45:10.900+0000] {dag.py:2690} INFO - Sync 1 DAGs
[2023-05-24T23:45:10.951+0000] {logging_mixin.py:137} INFO - [2023-05-24T23:45:10.951+0000] {dag.py:3441} INFO - Setting next_dagrun for example_kubernetes_executor to None, run_after=None
[2023-05-24T23:45:10.996+0000] {processor.py:175} INFO - Processing /home/airflow/.local/lib/python3.7/site-packages/airflow/example_dags/example_kubernetes_executor.py took 0.254 seconds
[2023-05-24T23:45:41.519+0000] {processor.py:153} INFO - Started process (PID=352) to work on /home/airflow/.local/lib/python3.7/site-packages/airflow/example_dags/example_kubernetes_executor.py
[2023-05-24T23:45:41.550+0000] {processor.py:743} INFO - Processing file /home/airflow/.local/lib/python3.7/site-packages/airflow/example_dags/example_kubernetes_executor.py for tasks to queue
[2023-05-24T23:45:41.560+0000] {logging_mixin.py:137} INFO - [2023-05-24T23:45:41.556+0000] {dagbag.py:538} INFO - Filling up the DagBag from /home/airflow/.local/lib/python3.7/site-packages/airflow/example_dags/example_kubernetes_executor.py
[2023-05-24T23:45:41.848+0000] {processor.py:753} INFO - DAG(s) dict_keys(['example_kubernetes_executor']) retrieved from /home/airflow/.local/lib/python3.7/site-packages/airflow/example_dags/example_kubernetes_executor.py
[2023-05-24T23:45:42.055+0000] {logging_mixin.py:137} INFO - [2023-05-24T23:45:42.054+0000] {dag.py:2690} INFO - Sync 1 DAGs
[2023-05-24T23:45:42.092+0000] {logging_mixin.py:137} INFO - [2023-05-24T23:45:42.092+0000] {dag.py:3441} INFO - Setting next_dagrun for example_kubernetes_executor to None, run_after=None
[2023-05-24T23:45:42.120+0000] {processor.py:175} INFO - Processing /home/airflow/.local/lib/python3.7/site-packages/airflow/example_dags/example_kubernetes_executor.py took 0.659 seconds
[2023-05-24T23:46:12.282+0000] {processor.py:153} INFO - Started process (PID=413) to work on /home/airflow/.local/lib/python3.7/site-packages/airflow/example_dags/example_kubernetes_executor.py
[2023-05-24T23:46:12.285+0000] {processor.py:743} INFO - Processing file /home/airflow/.local/lib/python3.7/site-packages/airflow/example_dags/example_kubernetes_executor.py for tasks to queue
[2023-05-24T23:46:12.291+0000] {logging_mixin.py:137} INFO - [2023-05-24T23:46:12.290+0000] {dagbag.py:538} INFO - Filling up the DagBag from /home/airflow/.local/lib/python3.7/site-packages/airflow/example_dags/example_kubernetes_executor.py
[2023-05-24T23:46:12.443+0000] {processor.py:753} INFO - DAG(s) dict_keys(['example_kubernetes_executor']) retrieved from /home/airflow/.local/lib/python3.7/site-packages/airflow/example_dags/example_kubernetes_executor.py
[2023-05-24T23:46:12.609+0000] {logging_mixin.py:137} INFO - [2023-05-24T23:46:12.608+0000] {dag.py:2690} INFO - Sync 1 DAGs
[2023-05-24T23:46:12.709+0000] {logging_mixin.py:137} INFO - [2023-05-24T23:46:12.709+0000] {dag.py:3441} INFO - Setting next_dagrun for example_kubernetes_executor to None, run_after=None
[2023-05-24T23:46:12.815+0000] {processor.py:175} INFO - Processing /home/airflow/.local/lib/python3.7/site-packages/airflow/example_dags/example_kubernetes_executor.py took 0.544 seconds
[2023-05-24T23:46:43.573+0000] {processor.py:153} INFO - Started process (PID=474) to work on /home/airflow/.local/lib/python3.7/site-packages/airflow/example_dags/example_kubernetes_executor.py
[2023-05-24T23:46:43.580+0000] {processor.py:743} INFO - Processing file /home/airflow/.local/lib/python3.7/site-packages/airflow/example_dags/example_kubernetes_executor.py for tasks to queue
[2023-05-24T23:46:43.599+0000] {logging_mixin.py:137} INFO - [2023-05-24T23:46:43.599+0000] {dagbag.py:538} INFO - Filling up the DagBag from /home/airflow/.local/lib/python3.7/site-packages/airflow/example_dags/example_kubernetes_executor.py
[2023-05-24T23:46:43.784+0000] {processor.py:753} INFO - DAG(s) dict_keys(['example_kubernetes_executor']) retrieved from /home/airflow/.local/lib/python3.7/site-packages/airflow/example_dags/example_kubernetes_executor.py
[2023-05-24T23:46:43.830+0000] {logging_mixin.py:137} INFO - [2023-05-24T23:46:43.830+0000] {dag.py:2690} INFO - Sync 1 DAGs
[2023-05-24T23:46:43.873+0000] {logging_mixin.py:137} INFO - [2023-05-24T23:46:43.872+0000] {dag.py:3441} INFO - Setting next_dagrun for example_kubernetes_executor to None, run_after=None
[2023-05-24T23:46:43.921+0000] {processor.py:175} INFO - Processing /home/airflow/.local/lib/python3.7/site-packages/airflow/example_dags/example_kubernetes_executor.py took 0.354 seconds
[2023-05-24T23:47:14.664+0000] {processor.py:153} INFO - Started process (PID=538) to work on /home/airflow/.local/lib/python3.7/site-packages/airflow/example_dags/example_kubernetes_executor.py
[2023-05-24T23:47:14.682+0000] {processor.py:743} INFO - Processing file /home/airflow/.local/lib/python3.7/site-packages/airflow/example_dags/example_kubernetes_executor.py for tasks to queue
[2023-05-24T23:47:14.701+0000] {logging_mixin.py:137} INFO - [2023-05-24T23:47:14.699+0000] {dagbag.py:538} INFO - Filling up the DagBag from /home/airflow/.local/lib/python3.7/site-packages/airflow/example_dags/example_kubernetes_executor.py
[2023-05-24T23:47:14.913+0000] {processor.py:753} INFO - DAG(s) dict_keys(['example_kubernetes_executor']) retrieved from /home/airflow/.local/lib/python3.7/site-packages/airflow/example_dags/example_kubernetes_executor.py
[2023-05-24T23:47:15.061+0000] {logging_mixin.py:137} INFO - [2023-05-24T23:47:15.061+0000] {dag.py:2690} INFO - Sync 1 DAGs
[2023-05-24T23:47:15.116+0000] {logging_mixin.py:137} INFO - [2023-05-24T23:47:15.115+0000] {dag.py:3441} INFO - Setting next_dagrun for example_kubernetes_executor to None, run_after=None
[2023-05-24T23:47:15.164+0000] {processor.py:175} INFO - Processing /home/airflow/.local/lib/python3.7/site-packages/airflow/example_dags/example_kubernetes_executor.py took 0.543 seconds
[2023-05-24T23:47:46.003+0000] {processor.py:153} INFO - Started process (PID=603) to work on /home/airflow/.local/lib/python3.7/site-packages/airflow/example_dags/example_kubernetes_executor.py
[2023-05-24T23:47:46.005+0000] {processor.py:743} INFO - Processing file /home/airflow/.local/lib/python3.7/site-packages/airflow/example_dags/example_kubernetes_executor.py for tasks to queue
[2023-05-24T23:47:46.009+0000] {logging_mixin.py:137} INFO - [2023-05-24T23:47:46.009+0000] {dagbag.py:538} INFO - Filling up the DagBag from /home/airflow/.local/lib/python3.7/site-packages/airflow/example_dags/example_kubernetes_executor.py
[2023-05-24T23:47:46.067+0000] {processor.py:753} INFO - DAG(s) dict_keys(['example_kubernetes_executor']) retrieved from /home/airflow/.local/lib/python3.7/site-packages/airflow/example_dags/example_kubernetes_executor.py
[2023-05-24T23:47:46.114+0000] {logging_mixin.py:137} INFO - [2023-05-24T23:47:46.114+0000] {dag.py:2690} INFO - Sync 1 DAGs
[2023-05-24T23:47:46.154+0000] {logging_mixin.py:137} INFO - [2023-05-24T23:47:46.154+0000] {dag.py:3441} INFO - Setting next_dagrun for example_kubernetes_executor to None, run_after=None
[2023-05-24T23:47:46.187+0000] {processor.py:175} INFO - Processing /home/airflow/.local/lib/python3.7/site-packages/airflow/example_dags/example_kubernetes_executor.py took 0.192 seconds
[2023-05-24T23:48:16.458+0000] {processor.py:153} INFO - Started process (PID=663) to work on /home/airflow/.local/lib/python3.7/site-packages/airflow/example_dags/example_kubernetes_executor.py
[2023-05-24T23:48:16.464+0000] {processor.py:743} INFO - Processing file /home/airflow/.local/lib/python3.7/site-packages/airflow/example_dags/example_kubernetes_executor.py for tasks to queue
[2023-05-24T23:48:16.471+0000] {logging_mixin.py:137} INFO - [2023-05-24T23:48:16.470+0000] {dagbag.py:538} INFO - Filling up the DagBag from /home/airflow/.local/lib/python3.7/site-packages/airflow/example_dags/example_kubernetes_executor.py
[2023-05-24T23:48:16.700+0000] {processor.py:753} INFO - DAG(s) dict_keys(['example_kubernetes_executor']) retrieved from /home/airflow/.local/lib/python3.7/site-packages/airflow/example_dags/example_kubernetes_executor.py
[2023-05-24T23:48:16.833+0000] {logging_mixin.py:137} INFO - [2023-05-24T23:48:16.832+0000] {dag.py:2690} INFO - Sync 1 DAGs
[2023-05-24T23:48:16.901+0000] {logging_mixin.py:137} INFO - [2023-05-24T23:48:16.901+0000] {dag.py:3441} INFO - Setting next_dagrun for example_kubernetes_executor to None, run_after=None
[2023-05-24T23:48:16.948+0000] {processor.py:175} INFO - Processing /home/airflow/.local/lib/python3.7/site-packages/airflow/example_dags/example_kubernetes_executor.py took 0.508 seconds
[2023-05-24T23:48:47.558+0000] {processor.py:153} INFO - Started process (PID=723) to work on /home/airflow/.local/lib/python3.7/site-packages/airflow/example_dags/example_kubernetes_executor.py
[2023-05-24T23:48:47.565+0000] {processor.py:743} INFO - Processing file /home/airflow/.local/lib/python3.7/site-packages/airflow/example_dags/example_kubernetes_executor.py for tasks to queue
[2023-05-24T23:48:47.568+0000] {logging_mixin.py:137} INFO - [2023-05-24T23:48:47.567+0000] {dagbag.py:538} INFO - Filling up the DagBag from /home/airflow/.local/lib/python3.7/site-packages/airflow/example_dags/example_kubernetes_executor.py
[2023-05-24T23:48:47.631+0000] {processor.py:753} INFO - DAG(s) dict_keys(['example_kubernetes_executor']) retrieved from /home/airflow/.local/lib/python3.7/site-packages/airflow/example_dags/example_kubernetes_executor.py
[2023-05-24T23:48:47.683+0000] {logging_mixin.py:137} INFO - [2023-05-24T23:48:47.682+0000] {dag.py:2690} INFO - Sync 1 DAGs
[2023-05-24T23:48:47.720+0000] {logging_mixin.py:137} INFO - [2023-05-24T23:48:47.720+0000] {dag.py:3441} INFO - Setting next_dagrun for example_kubernetes_executor to None, run_after=None
[2023-05-24T23:48:47.765+0000] {processor.py:175} INFO - Processing /home/airflow/.local/lib/python3.7/site-packages/airflow/example_dags/example_kubernetes_executor.py took 0.216 seconds
[2023-05-24T23:49:18.156+0000] {processor.py:153} INFO - Started process (PID=782) to work on /home/airflow/.local/lib/python3.7/site-packages/airflow/example_dags/example_kubernetes_executor.py
[2023-05-24T23:49:18.164+0000] {processor.py:743} INFO - Processing file /home/airflow/.local/lib/python3.7/site-packages/airflow/example_dags/example_kubernetes_executor.py for tasks to queue
[2023-05-24T23:49:18.167+0000] {logging_mixin.py:137} INFO - [2023-05-24T23:49:18.167+0000] {dagbag.py:538} INFO - Filling up the DagBag from /home/airflow/.local/lib/python3.7/site-packages/airflow/example_dags/example_kubernetes_executor.py
[2023-05-24T23:49:18.216+0000] {processor.py:753} INFO - DAG(s) dict_keys(['example_kubernetes_executor']) retrieved from /home/airflow/.local/lib/python3.7/site-packages/airflow/example_dags/example_kubernetes_executor.py
[2023-05-24T23:49:18.269+0000] {logging_mixin.py:137} INFO - [2023-05-24T23:49:18.268+0000] {dag.py:2690} INFO - Sync 1 DAGs
[2023-05-24T23:49:18.309+0000] {logging_mixin.py:137} INFO - [2023-05-24T23:49:18.308+0000] {dag.py:3441} INFO - Setting next_dagrun for example_kubernetes_executor to None, run_after=None
[2023-05-24T23:49:18.347+0000] {processor.py:175} INFO - Processing /home/airflow/.local/lib/python3.7/site-packages/airflow/example_dags/example_kubernetes_executor.py took 0.202 seconds
[2023-05-24T23:49:48.573+0000] {processor.py:153} INFO - Started process (PID=842) to work on /home/airflow/.local/lib/python3.7/site-packages/airflow/example_dags/example_kubernetes_executor.py
[2023-05-24T23:49:48.575+0000] {processor.py:743} INFO - Processing file /home/airflow/.local/lib/python3.7/site-packages/airflow/example_dags/example_kubernetes_executor.py for tasks to queue
[2023-05-24T23:49:48.579+0000] {logging_mixin.py:137} INFO - [2023-05-24T23:49:48.578+0000] {dagbag.py:538} INFO - Filling up the DagBag from /home/airflow/.local/lib/python3.7/site-packages/airflow/example_dags/example_kubernetes_executor.py
[2023-05-24T23:49:48.641+0000] {processor.py:753} INFO - DAG(s) dict_keys(['example_kubernetes_executor']) retrieved from /home/airflow/.local/lib/python3.7/site-packages/airflow/example_dags/example_kubernetes_executor.py
[2023-05-24T23:49:48.696+0000] {logging_mixin.py:137} INFO - [2023-05-24T23:49:48.696+0000] {dag.py:2690} INFO - Sync 1 DAGs
[2023-05-24T23:49:48.736+0000] {logging_mixin.py:137} INFO - [2023-05-24T23:49:48.736+0000] {dag.py:3441} INFO - Setting next_dagrun for example_kubernetes_executor to None, run_after=None
[2023-05-24T23:49:48.770+0000] {processor.py:175} INFO - Processing /home/airflow/.local/lib/python3.7/site-packages/airflow/example_dags/example_kubernetes_executor.py took 0.203 seconds
[2023-05-24T23:50:19.159+0000] {processor.py:153} INFO - Started process (PID=901) to work on /home/airflow/.local/lib/python3.7/site-packages/airflow/example_dags/example_kubernetes_executor.py
[2023-05-24T23:50:19.162+0000] {processor.py:743} INFO - Processing file /home/airflow/.local/lib/python3.7/site-packages/airflow/example_dags/example_kubernetes_executor.py for tasks to queue
[2023-05-24T23:50:19.165+0000] {logging_mixin.py:137} INFO - [2023-05-24T23:50:19.165+0000] {dagbag.py:538} INFO - Filling up the DagBag from /home/airflow/.local/lib/python3.7/site-packages/airflow/example_dags/example_kubernetes_executor.py
[2023-05-24T23:50:19.214+0000] {processor.py:753} INFO - DAG(s) dict_keys(['example_kubernetes_executor']) retrieved from /home/airflow/.local/lib/python3.7/site-packages/airflow/example_dags/example_kubernetes_executor.py
[2023-05-24T23:50:19.256+0000] {logging_mixin.py:137} INFO - [2023-05-24T23:50:19.256+0000] {dag.py:2690} INFO - Sync 1 DAGs
[2023-05-24T23:50:19.294+0000] {logging_mixin.py:137} INFO - [2023-05-24T23:50:19.294+0000] {dag.py:3441} INFO - Setting next_dagrun for example_kubernetes_executor to None, run_after=None
[2023-05-24T23:50:19.324+0000] {processor.py:175} INFO - Processing /home/airflow/.local/lib/python3.7/site-packages/airflow/example_dags/example_kubernetes_executor.py took 0.175 seconds
[2023-05-24T23:50:49.478+0000] {processor.py:153} INFO - Started process (PID=960) to work on /home/airflow/.local/lib/python3.7/site-packages/airflow/example_dags/example_kubernetes_executor.py
[2023-05-24T23:50:49.484+0000] {processor.py:743} INFO - Processing file /home/airflow/.local/lib/python3.7/site-packages/airflow/example_dags/example_kubernetes_executor.py for tasks to queue
[2023-05-24T23:50:49.490+0000] {logging_mixin.py:137} INFO - [2023-05-24T23:50:49.489+0000] {dagbag.py:538} INFO - Filling up the DagBag from /home/airflow/.local/lib/python3.7/site-packages/airflow/example_dags/example_kubernetes_executor.py
[2023-05-24T23:50:49.675+0000] {processor.py:753} INFO - DAG(s) dict_keys(['example_kubernetes_executor']) retrieved from /home/airflow/.local/lib/python3.7/site-packages/airflow/example_dags/example_kubernetes_executor.py
[2023-05-24T23:50:49.945+0000] {logging_mixin.py:137} INFO - [2023-05-24T23:50:49.945+0000] {dag.py:2690} INFO - Sync 1 DAGs
[2023-05-24T23:50:50.107+0000] {logging_mixin.py:137} INFO - [2023-05-24T23:50:50.107+0000] {dag.py:3441} INFO - Setting next_dagrun for example_kubernetes_executor to None, run_after=None
[2023-05-24T23:50:50.449+0000] {processor.py:175} INFO - Processing /home/airflow/.local/lib/python3.7/site-packages/airflow/example_dags/example_kubernetes_executor.py took 0.976 seconds
[2023-05-24T23:51:21.281+0000] {processor.py:153} INFO - Started process (PID=1021) to work on /home/airflow/.local/lib/python3.7/site-packages/airflow/example_dags/example_kubernetes_executor.py
[2023-05-24T23:51:21.288+0000] {processor.py:743} INFO - Processing file /home/airflow/.local/lib/python3.7/site-packages/airflow/example_dags/example_kubernetes_executor.py for tasks to queue
[2023-05-24T23:51:21.307+0000] {logging_mixin.py:137} INFO - [2023-05-24T23:51:21.301+0000] {dagbag.py:538} INFO - Filling up the DagBag from /home/airflow/.local/lib/python3.7/site-packages/airflow/example_dags/example_kubernetes_executor.py
[2023-05-24T23:51:21.473+0000] {processor.py:753} INFO - DAG(s) dict_keys(['example_kubernetes_executor']) retrieved from /home/airflow/.local/lib/python3.7/site-packages/airflow/example_dags/example_kubernetes_executor.py
[2023-05-24T23:51:21.647+0000] {logging_mixin.py:137} INFO - [2023-05-24T23:51:21.647+0000] {dag.py:2690} INFO - Sync 1 DAGs
[2023-05-24T23:51:21.821+0000] {logging_mixin.py:137} INFO - [2023-05-24T23:51:21.821+0000] {dag.py:3441} INFO - Setting next_dagrun for example_kubernetes_executor to None, run_after=None
[2023-05-24T23:51:21.913+0000] {processor.py:175} INFO - Processing /home/airflow/.local/lib/python3.7/site-packages/airflow/example_dags/example_kubernetes_executor.py took 0.650 seconds
[2023-05-24T23:51:52.447+0000] {processor.py:153} INFO - Started process (PID=1080) to work on /home/airflow/.local/lib/python3.7/site-packages/airflow/example_dags/example_kubernetes_executor.py
[2023-05-24T23:51:52.469+0000] {processor.py:743} INFO - Processing file /home/airflow/.local/lib/python3.7/site-packages/airflow/example_dags/example_kubernetes_executor.py for tasks to queue
[2023-05-24T23:51:52.481+0000] {logging_mixin.py:137} INFO - [2023-05-24T23:51:52.481+0000] {dagbag.py:538} INFO - Filling up the DagBag from /home/airflow/.local/lib/python3.7/site-packages/airflow/example_dags/example_kubernetes_executor.py
[2023-05-24T23:51:53.000+0000] {processor.py:753} INFO - DAG(s) dict_keys(['example_kubernetes_executor']) retrieved from /home/airflow/.local/lib/python3.7/site-packages/airflow/example_dags/example_kubernetes_executor.py
[2023-05-24T23:51:53.387+0000] {logging_mixin.py:137} INFO - [2023-05-24T23:51:53.386+0000] {dag.py:2690} INFO - Sync 1 DAGs
[2023-05-24T23:51:53.559+0000] {logging_mixin.py:137} INFO - [2023-05-24T23:51:53.559+0000] {dag.py:3441} INFO - Setting next_dagrun for example_kubernetes_executor to None, run_after=None
[2023-05-24T23:51:53.641+0000] {processor.py:175} INFO - Processing /home/airflow/.local/lib/python3.7/site-packages/airflow/example_dags/example_kubernetes_executor.py took 1.204 seconds
[2023-05-24T23:52:24.582+0000] {processor.py:153} INFO - Started process (PID=1153) to work on /home/airflow/.local/lib/python3.7/site-packages/airflow/example_dags/example_kubernetes_executor.py
[2023-05-24T23:52:24.588+0000] {processor.py:743} INFO - Processing file /home/airflow/.local/lib/python3.7/site-packages/airflow/example_dags/example_kubernetes_executor.py for tasks to queue
[2023-05-24T23:52:24.594+0000] {logging_mixin.py:137} INFO - [2023-05-24T23:52:24.593+0000] {dagbag.py:538} INFO - Filling up the DagBag from /home/airflow/.local/lib/python3.7/site-packages/airflow/example_dags/example_kubernetes_executor.py
[2023-05-24T23:52:24.735+0000] {processor.py:753} INFO - DAG(s) dict_keys(['example_kubernetes_executor']) retrieved from /home/airflow/.local/lib/python3.7/site-packages/airflow/example_dags/example_kubernetes_executor.py
[2023-05-24T23:52:24.844+0000] {logging_mixin.py:137} INFO - [2023-05-24T23:52:24.844+0000] {dag.py:2690} INFO - Sync 1 DAGs
[2023-05-24T23:52:24.961+0000] {logging_mixin.py:137} INFO - [2023-05-24T23:52:24.958+0000] {dag.py:3441} INFO - Setting next_dagrun for example_kubernetes_executor to None, run_after=None
[2023-05-24T23:52:25.056+0000] {processor.py:175} INFO - Processing /home/airflow/.local/lib/python3.7/site-packages/airflow/example_dags/example_kubernetes_executor.py took 0.493 seconds
[2023-05-24T23:53:01.770+0000] {processor.py:153} INFO - Started process (PID=1197) to work on /home/airflow/.local/lib/python3.7/site-packages/airflow/example_dags/example_kubernetes_executor.py
[2023-05-24T23:53:01.780+0000] {processor.py:743} INFO - Processing file /home/airflow/.local/lib/python3.7/site-packages/airflow/example_dags/example_kubernetes_executor.py for tasks to queue
[2023-05-24T23:53:01.783+0000] {logging_mixin.py:137} INFO - [2023-05-24T23:53:01.782+0000] {dagbag.py:538} INFO - Filling up the DagBag from /home/airflow/.local/lib/python3.7/site-packages/airflow/example_dags/example_kubernetes_executor.py
[2023-05-24T23:53:01.973+0000] {processor.py:753} INFO - DAG(s) dict_keys(['example_kubernetes_executor']) retrieved from /home/airflow/.local/lib/python3.7/site-packages/airflow/example_dags/example_kubernetes_executor.py
[2023-05-24T23:53:02.135+0000] {logging_mixin.py:137} INFO - [2023-05-24T23:53:02.134+0000] {dag.py:2690} INFO - Sync 1 DAGs
[2023-05-24T23:53:02.245+0000] {logging_mixin.py:137} INFO - [2023-05-24T23:53:02.245+0000] {dag.py:3441} INFO - Setting next_dagrun for example_kubernetes_executor to None, run_after=None
[2023-05-24T23:53:02.396+0000] {processor.py:175} INFO - Processing /home/airflow/.local/lib/python3.7/site-packages/airflow/example_dags/example_kubernetes_executor.py took 0.646 seconds
[2023-05-24T23:53:33.169+0000] {processor.py:153} INFO - Started process (PID=1258) to work on /home/airflow/.local/lib/python3.7/site-packages/airflow/example_dags/example_kubernetes_executor.py
[2023-05-24T23:53:33.179+0000] {processor.py:743} INFO - Processing file /home/airflow/.local/lib/python3.7/site-packages/airflow/example_dags/example_kubernetes_executor.py for tasks to queue
[2023-05-24T23:53:33.183+0000] {logging_mixin.py:137} INFO - [2023-05-24T23:53:33.183+0000] {dagbag.py:538} INFO - Filling up the DagBag from /home/airflow/.local/lib/python3.7/site-packages/airflow/example_dags/example_kubernetes_executor.py
[2023-05-24T23:53:33.263+0000] {processor.py:753} INFO - DAG(s) dict_keys(['example_kubernetes_executor']) retrieved from /home/airflow/.local/lib/python3.7/site-packages/airflow/example_dags/example_kubernetes_executor.py
[2023-05-24T23:53:33.367+0000] {logging_mixin.py:137} INFO - [2023-05-24T23:53:33.356+0000] {dag.py:2690} INFO - Sync 1 DAGs
[2023-05-24T23:53:33.429+0000] {logging_mixin.py:137} INFO - [2023-05-24T23:53:33.429+0000] {dag.py:3441} INFO - Setting next_dagrun for example_kubernetes_executor to None, run_after=None
[2023-05-24T23:53:33.509+0000] {processor.py:175} INFO - Processing /home/airflow/.local/lib/python3.7/site-packages/airflow/example_dags/example_kubernetes_executor.py took 0.347 seconds
[2023-05-24T23:54:04.233+0000] {processor.py:153} INFO - Started process (PID=1318) to work on /home/airflow/.local/lib/python3.7/site-packages/airflow/example_dags/example_kubernetes_executor.py
[2023-05-24T23:54:04.244+0000] {processor.py:743} INFO - Processing file /home/airflow/.local/lib/python3.7/site-packages/airflow/example_dags/example_kubernetes_executor.py for tasks to queue
[2023-05-24T23:54:04.247+0000] {logging_mixin.py:137} INFO - [2023-05-24T23:54:04.246+0000] {dagbag.py:538} INFO - Filling up the DagBag from /home/airflow/.local/lib/python3.7/site-packages/airflow/example_dags/example_kubernetes_executor.py
[2023-05-24T23:54:04.416+0000] {processor.py:753} INFO - DAG(s) dict_keys(['example_kubernetes_executor']) retrieved from /home/airflow/.local/lib/python3.7/site-packages/airflow/example_dags/example_kubernetes_executor.py
[2023-05-24T23:54:04.999+0000] {logging_mixin.py:137} INFO - [2023-05-24T23:54:04.999+0000] {dag.py:2690} INFO - Sync 1 DAGs
[2023-05-24T23:54:05.125+0000] {logging_mixin.py:137} INFO - [2023-05-24T23:54:05.124+0000] {dag.py:3441} INFO - Setting next_dagrun for example_kubernetes_executor to None, run_after=None
[2023-05-24T23:54:05.304+0000] {processor.py:175} INFO - Processing /home/airflow/.local/lib/python3.7/site-packages/airflow/example_dags/example_kubernetes_executor.py took 1.102 seconds
[2023-05-24T23:54:35.731+0000] {processor.py:153} INFO - Started process (PID=1378) to work on /home/airflow/.local/lib/python3.7/site-packages/airflow/example_dags/example_kubernetes_executor.py
[2023-05-24T23:54:35.741+0000] {processor.py:743} INFO - Processing file /home/airflow/.local/lib/python3.7/site-packages/airflow/example_dags/example_kubernetes_executor.py for tasks to queue
[2023-05-24T23:54:35.765+0000] {logging_mixin.py:137} INFO - [2023-05-24T23:54:35.762+0000] {dagbag.py:538} INFO - Filling up the DagBag from /home/airflow/.local/lib/python3.7/site-packages/airflow/example_dags/example_kubernetes_executor.py
[2023-05-24T23:54:35.940+0000] {processor.py:753} INFO - DAG(s) dict_keys(['example_kubernetes_executor']) retrieved from /home/airflow/.local/lib/python3.7/site-packages/airflow/example_dags/example_kubernetes_executor.py
[2023-05-24T23:54:36.068+0000] {logging_mixin.py:137} INFO - [2023-05-24T23:54:36.068+0000] {dag.py:2690} INFO - Sync 1 DAGs
[2023-05-24T23:54:36.149+0000] {logging_mixin.py:137} INFO - [2023-05-24T23:54:36.149+0000] {dag.py:3441} INFO - Setting next_dagrun for example_kubernetes_executor to None, run_after=None
[2023-05-24T23:54:36.222+0000] {processor.py:175} INFO - Processing /home/airflow/.local/lib/python3.7/site-packages/airflow/example_dags/example_kubernetes_executor.py took 0.500 seconds
[2023-05-24T23:55:07.138+0000] {processor.py:153} INFO - Started process (PID=1437) to work on /home/airflow/.local/lib/python3.7/site-packages/airflow/example_dags/example_kubernetes_executor.py
[2023-05-24T23:55:07.143+0000] {processor.py:743} INFO - Processing file /home/airflow/.local/lib/python3.7/site-packages/airflow/example_dags/example_kubernetes_executor.py for tasks to queue
[2023-05-24T23:55:07.147+0000] {logging_mixin.py:137} INFO - [2023-05-24T23:55:07.146+0000] {dagbag.py:538} INFO - Filling up the DagBag from /home/airflow/.local/lib/python3.7/site-packages/airflow/example_dags/example_kubernetes_executor.py
[2023-05-24T23:55:07.215+0000] {processor.py:753} INFO - DAG(s) dict_keys(['example_kubernetes_executor']) retrieved from /home/airflow/.local/lib/python3.7/site-packages/airflow/example_dags/example_kubernetes_executor.py
[2023-05-24T23:55:07.313+0000] {logging_mixin.py:137} INFO - [2023-05-24T23:55:07.313+0000] {dag.py:2690} INFO - Sync 1 DAGs
[2023-05-24T23:55:07.400+0000] {logging_mixin.py:137} INFO - [2023-05-24T23:55:07.399+0000] {dag.py:3441} INFO - Setting next_dagrun for example_kubernetes_executor to None, run_after=None
[2023-05-24T23:55:07.455+0000] {processor.py:175} INFO - Processing /home/airflow/.local/lib/python3.7/site-packages/airflow/example_dags/example_kubernetes_executor.py took 0.333 seconds
[2023-05-24T23:55:37.654+0000] {processor.py:153} INFO - Started process (PID=1497) to work on /home/airflow/.local/lib/python3.7/site-packages/airflow/example_dags/example_kubernetes_executor.py
[2023-05-24T23:55:37.670+0000] {processor.py:743} INFO - Processing file /home/airflow/.local/lib/python3.7/site-packages/airflow/example_dags/example_kubernetes_executor.py for tasks to queue
[2023-05-24T23:55:37.689+0000] {logging_mixin.py:137} INFO - [2023-05-24T23:55:37.685+0000] {dagbag.py:538} INFO - Filling up the DagBag from /home/airflow/.local/lib/python3.7/site-packages/airflow/example_dags/example_kubernetes_executor.py
[2023-05-24T23:55:37.908+0000] {processor.py:753} INFO - DAG(s) dict_keys(['example_kubernetes_executor']) retrieved from /home/airflow/.local/lib/python3.7/site-packages/airflow/example_dags/example_kubernetes_executor.py
[2023-05-24T23:55:38.046+0000] {logging_mixin.py:137} INFO - [2023-05-24T23:55:38.046+0000] {dag.py:2690} INFO - Sync 1 DAGs
[2023-05-24T23:55:38.124+0000] {logging_mixin.py:137} INFO - [2023-05-24T23:55:38.124+0000] {dag.py:3441} INFO - Setting next_dagrun for example_kubernetes_executor to None, run_after=None
[2023-05-24T23:55:38.203+0000] {processor.py:175} INFO - Processing /home/airflow/.local/lib/python3.7/site-packages/airflow/example_dags/example_kubernetes_executor.py took 0.612 seconds
[2023-05-24T23:56:08.317+0000] {processor.py:153} INFO - Started process (PID=1556) to work on /home/airflow/.local/lib/python3.7/site-packages/airflow/example_dags/example_kubernetes_executor.py
[2023-05-24T23:56:08.320+0000] {processor.py:743} INFO - Processing file /home/airflow/.local/lib/python3.7/site-packages/airflow/example_dags/example_kubernetes_executor.py for tasks to queue
[2023-05-24T23:56:08.325+0000] {logging_mixin.py:137} INFO - [2023-05-24T23:56:08.324+0000] {dagbag.py:538} INFO - Filling up the DagBag from /home/airflow/.local/lib/python3.7/site-packages/airflow/example_dags/example_kubernetes_executor.py
[2023-05-24T23:56:08.405+0000] {processor.py:753} INFO - DAG(s) dict_keys(['example_kubernetes_executor']) retrieved from /home/airflow/.local/lib/python3.7/site-packages/airflow/example_dags/example_kubernetes_executor.py
[2023-05-24T23:56:08.548+0000] {logging_mixin.py:137} INFO - [2023-05-24T23:56:08.547+0000] {dag.py:2690} INFO - Sync 1 DAGs
[2023-05-24T23:56:08.620+0000] {logging_mixin.py:137} INFO - [2023-05-24T23:56:08.620+0000] {dag.py:3441} INFO - Setting next_dagrun for example_kubernetes_executor to None, run_after=None
[2023-05-24T23:56:08.677+0000] {processor.py:175} INFO - Processing /home/airflow/.local/lib/python3.7/site-packages/airflow/example_dags/example_kubernetes_executor.py took 0.377 seconds
[2023-05-24T23:56:38.924+0000] {processor.py:153} INFO - Started process (PID=1615) to work on /home/airflow/.local/lib/python3.7/site-packages/airflow/example_dags/example_kubernetes_executor.py
[2023-05-24T23:56:38.948+0000] {processor.py:743} INFO - Processing file /home/airflow/.local/lib/python3.7/site-packages/airflow/example_dags/example_kubernetes_executor.py for tasks to queue
[2023-05-24T23:56:38.951+0000] {logging_mixin.py:137} INFO - [2023-05-24T23:56:38.950+0000] {dagbag.py:538} INFO - Filling up the DagBag from /home/airflow/.local/lib/python3.7/site-packages/airflow/example_dags/example_kubernetes_executor.py
[2023-05-24T23:56:39.041+0000] {processor.py:753} INFO - DAG(s) dict_keys(['example_kubernetes_executor']) retrieved from /home/airflow/.local/lib/python3.7/site-packages/airflow/example_dags/example_kubernetes_executor.py
[2023-05-24T23:56:39.166+0000] {logging_mixin.py:137} INFO - [2023-05-24T23:56:39.165+0000] {dag.py:2690} INFO - Sync 1 DAGs
[2023-05-24T23:56:39.299+0000] {logging_mixin.py:137} INFO - [2023-05-24T23:56:39.299+0000] {dag.py:3441} INFO - Setting next_dagrun for example_kubernetes_executor to None, run_after=None
[2023-05-24T23:56:39.352+0000] {processor.py:175} INFO - Processing /home/airflow/.local/lib/python3.7/site-packages/airflow/example_dags/example_kubernetes_executor.py took 0.447 seconds
[2023-05-24T23:57:09.652+0000] {processor.py:153} INFO - Started process (PID=1674) to work on /home/airflow/.local/lib/python3.7/site-packages/airflow/example_dags/example_kubernetes_executor.py
[2023-05-24T23:57:09.660+0000] {processor.py:743} INFO - Processing file /home/airflow/.local/lib/python3.7/site-packages/airflow/example_dags/example_kubernetes_executor.py for tasks to queue
[2023-05-24T23:57:09.663+0000] {logging_mixin.py:137} INFO - [2023-05-24T23:57:09.663+0000] {dagbag.py:538} INFO - Filling up the DagBag from /home/airflow/.local/lib/python3.7/site-packages/airflow/example_dags/example_kubernetes_executor.py
[2023-05-24T23:57:09.706+0000] {processor.py:753} INFO - DAG(s) dict_keys(['example_kubernetes_executor']) retrieved from /home/airflow/.local/lib/python3.7/site-packages/airflow/example_dags/example_kubernetes_executor.py
[2023-05-24T23:57:09.752+0000] {logging_mixin.py:137} INFO - [2023-05-24T23:57:09.752+0000] {dag.py:2690} INFO - Sync 1 DAGs
[2023-05-24T23:57:09.789+0000] {logging_mixin.py:137} INFO - [2023-05-24T23:57:09.789+0000] {dag.py:3441} INFO - Setting next_dagrun for example_kubernetes_executor to None, run_after=None
[2023-05-24T23:57:09.817+0000] {processor.py:175} INFO - Processing /home/airflow/.local/lib/python3.7/site-packages/airflow/example_dags/example_kubernetes_executor.py took 0.171 seconds
[2023-05-24T23:57:40.270+0000] {processor.py:153} INFO - Started process (PID=1733) to work on /home/airflow/.local/lib/python3.7/site-packages/airflow/example_dags/example_kubernetes_executor.py
[2023-05-24T23:57:40.281+0000] {processor.py:743} INFO - Processing file /home/airflow/.local/lib/python3.7/site-packages/airflow/example_dags/example_kubernetes_executor.py for tasks to queue
[2023-05-24T23:57:40.285+0000] {logging_mixin.py:137} INFO - [2023-05-24T23:57:40.284+0000] {dagbag.py:538} INFO - Filling up the DagBag from /home/airflow/.local/lib/python3.7/site-packages/airflow/example_dags/example_kubernetes_executor.py
[2023-05-24T23:57:40.327+0000] {processor.py:753} INFO - DAG(s) dict_keys(['example_kubernetes_executor']) retrieved from /home/airflow/.local/lib/python3.7/site-packages/airflow/example_dags/example_kubernetes_executor.py
[2023-05-24T23:57:40.372+0000] {logging_mixin.py:137} INFO - [2023-05-24T23:57:40.372+0000] {dag.py:2690} INFO - Sync 1 DAGs
[2023-05-24T23:57:40.413+0000] {logging_mixin.py:137} INFO - [2023-05-24T23:57:40.413+0000] {dag.py:3441} INFO - Setting next_dagrun for example_kubernetes_executor to None, run_after=None
[2023-05-24T23:57:40.482+0000] {processor.py:175} INFO - Processing /home/airflow/.local/lib/python3.7/site-packages/airflow/example_dags/example_kubernetes_executor.py took 0.219 seconds
[2023-05-24T23:58:11.191+0000] {processor.py:153} INFO - Started process (PID=1792) to work on /home/airflow/.local/lib/python3.7/site-packages/airflow/example_dags/example_kubernetes_executor.py
[2023-05-24T23:58:11.194+0000] {processor.py:743} INFO - Processing file /home/airflow/.local/lib/python3.7/site-packages/airflow/example_dags/example_kubernetes_executor.py for tasks to queue
[2023-05-24T23:58:11.197+0000] {logging_mixin.py:137} INFO - [2023-05-24T23:58:11.197+0000] {dagbag.py:538} INFO - Filling up the DagBag from /home/airflow/.local/lib/python3.7/site-packages/airflow/example_dags/example_kubernetes_executor.py
[2023-05-24T23:58:11.244+0000] {processor.py:753} INFO - DAG(s) dict_keys(['example_kubernetes_executor']) retrieved from /home/airflow/.local/lib/python3.7/site-packages/airflow/example_dags/example_kubernetes_executor.py
[2023-05-24T23:58:11.303+0000] {logging_mixin.py:137} INFO - [2023-05-24T23:58:11.303+0000] {dag.py:2690} INFO - Sync 1 DAGs
[2023-05-24T23:58:11.351+0000] {logging_mixin.py:137} INFO - [2023-05-24T23:58:11.351+0000] {dag.py:3441} INFO - Setting next_dagrun for example_kubernetes_executor to None, run_after=None
[2023-05-24T23:58:11.385+0000] {processor.py:175} INFO - Processing /home/airflow/.local/lib/python3.7/site-packages/airflow/example_dags/example_kubernetes_executor.py took 0.200 seconds
[2023-05-24T23:58:41.565+0000] {processor.py:153} INFO - Started process (PID=1852) to work on /home/airflow/.local/lib/python3.7/site-packages/airflow/example_dags/example_kubernetes_executor.py
[2023-05-24T23:58:41.568+0000] {processor.py:743} INFO - Processing file /home/airflow/.local/lib/python3.7/site-packages/airflow/example_dags/example_kubernetes_executor.py for tasks to queue
[2023-05-24T23:58:41.575+0000] {logging_mixin.py:137} INFO - [2023-05-24T23:58:41.572+0000] {dagbag.py:538} INFO - Filling up the DagBag from /home/airflow/.local/lib/python3.7/site-packages/airflow/example_dags/example_kubernetes_executor.py
[2023-05-24T23:58:41.714+0000] {processor.py:753} INFO - DAG(s) dict_keys(['example_kubernetes_executor']) retrieved from /home/airflow/.local/lib/python3.7/site-packages/airflow/example_dags/example_kubernetes_executor.py
[2023-05-24T23:58:41.799+0000] {logging_mixin.py:137} INFO - [2023-05-24T23:58:41.799+0000] {dag.py:2690} INFO - Sync 1 DAGs
[2023-05-24T23:58:41.862+0000] {logging_mixin.py:137} INFO - [2023-05-24T23:58:41.862+0000] {dag.py:3441} INFO - Setting next_dagrun for example_kubernetes_executor to None, run_after=None
[2023-05-24T23:58:41.901+0000] {processor.py:175} INFO - Processing /home/airflow/.local/lib/python3.7/site-packages/airflow/example_dags/example_kubernetes_executor.py took 0.354 seconds
[2023-05-24T23:59:12.982+0000] {processor.py:153} INFO - Started process (PID=1920) to work on /home/airflow/.local/lib/python3.7/site-packages/airflow/example_dags/example_kubernetes_executor.py
[2023-05-24T23:59:12.986+0000] {processor.py:743} INFO - Processing file /home/airflow/.local/lib/python3.7/site-packages/airflow/example_dags/example_kubernetes_executor.py for tasks to queue
[2023-05-24T23:59:12.991+0000] {logging_mixin.py:137} INFO - [2023-05-24T23:59:12.991+0000] {dagbag.py:538} INFO - Filling up the DagBag from /home/airflow/.local/lib/python3.7/site-packages/airflow/example_dags/example_kubernetes_executor.py
[2023-05-24T23:59:13.091+0000] {processor.py:753} INFO - DAG(s) dict_keys(['example_kubernetes_executor']) retrieved from /home/airflow/.local/lib/python3.7/site-packages/airflow/example_dags/example_kubernetes_executor.py
[2023-05-24T23:59:13.149+0000] {logging_mixin.py:137} INFO - [2023-05-24T23:59:13.148+0000] {dag.py:2690} INFO - Sync 1 DAGs
[2023-05-24T23:59:13.203+0000] {logging_mixin.py:137} INFO - [2023-05-24T23:59:13.203+0000] {dag.py:3441} INFO - Setting next_dagrun for example_kubernetes_executor to None, run_after=None
[2023-05-24T23:59:13.245+0000] {processor.py:175} INFO - Processing /home/airflow/.local/lib/python3.7/site-packages/airflow/example_dags/example_kubernetes_executor.py took 0.279 seconds
