[2023-05-24T23:13:24.439+0000] {processor.py:153} INFO - Started process (PID=71) to work on /home/airflow/.local/lib/python3.7/site-packages/airflow/example_dags/tutorial.py
[2023-05-24T23:13:24.449+0000] {processor.py:743} INFO - Processing file /home/airflow/.local/lib/python3.7/site-packages/airflow/example_dags/tutorial.py for tasks to queue
[2023-05-24T23:13:24.461+0000] {logging_mixin.py:137} INFO - [2023-05-24T23:13:24.460+0000] {dagbag.py:538} INFO - Filling up the DagBag from /home/airflow/.local/lib/python3.7/site-packages/airflow/example_dags/tutorial.py
[2023-05-24T23:13:24.602+0000] {processor.py:753} INFO - DAG(s) dict_keys(['tutorial']) retrieved from /home/airflow/.local/lib/python3.7/site-packages/airflow/example_dags/tutorial.py
[2023-05-24T23:13:24.765+0000] {logging_mixin.py:137} INFO - [2023-05-24T23:13:24.764+0000] {dag.py:2690} INFO - Sync 1 DAGs
[2023-05-24T23:13:24.948+0000] {logging_mixin.py:137} INFO - [2023-05-24T23:13:24.947+0000] {dag.py:3441} INFO - Setting next_dagrun for tutorial to 2023-05-23T23:13:24.945369+00:00, run_after=2023-05-24T23:13:24.945369+00:00
[2023-05-24T23:13:25.047+0000] {processor.py:175} INFO - Processing /home/airflow/.local/lib/python3.7/site-packages/airflow/example_dags/tutorial.py took 0.723 seconds
[2023-05-24T23:13:55.718+0000] {processor.py:153} INFO - Started process (PID=130) to work on /home/airflow/.local/lib/python3.7/site-packages/airflow/example_dags/tutorial.py
[2023-05-24T23:13:55.724+0000] {processor.py:743} INFO - Processing file /home/airflow/.local/lib/python3.7/site-packages/airflow/example_dags/tutorial.py for tasks to queue
[2023-05-24T23:13:55.728+0000] {logging_mixin.py:137} INFO - [2023-05-24T23:13:55.728+0000] {dagbag.py:538} INFO - Filling up the DagBag from /home/airflow/.local/lib/python3.7/site-packages/airflow/example_dags/tutorial.py
[2023-05-24T23:13:55.785+0000] {processor.py:753} INFO - DAG(s) dict_keys(['tutorial']) retrieved from /home/airflow/.local/lib/python3.7/site-packages/airflow/example_dags/tutorial.py
[2023-05-24T23:13:55.867+0000] {logging_mixin.py:137} INFO - [2023-05-24T23:13:55.867+0000] {dag.py:2690} INFO - Sync 1 DAGs
[2023-05-24T23:13:55.922+0000] {logging_mixin.py:137} INFO - [2023-05-24T23:13:55.922+0000] {dag.py:3441} INFO - Setting next_dagrun for tutorial to 2023-05-23T23:13:55.922404+00:00, run_after=2023-05-24T23:13:55.922404+00:00
[2023-05-24T23:13:55.976+0000] {processor.py:175} INFO - Processing /home/airflow/.local/lib/python3.7/site-packages/airflow/example_dags/tutorial.py took 0.277 seconds
[2023-05-24T23:14:31.062+0000] {processor.py:153} INFO - Started process (PID=188) to work on /home/airflow/.local/lib/python3.7/site-packages/airflow/example_dags/tutorial.py
[2023-05-24T23:14:31.079+0000] {processor.py:743} INFO - Processing file /home/airflow/.local/lib/python3.7/site-packages/airflow/example_dags/tutorial.py for tasks to queue
[2023-05-24T23:14:31.085+0000] {logging_mixin.py:137} INFO - [2023-05-24T23:14:31.084+0000] {dagbag.py:538} INFO - Filling up the DagBag from /home/airflow/.local/lib/python3.7/site-packages/airflow/example_dags/tutorial.py
[2023-05-24T23:14:31.162+0000] {processor.py:753} INFO - DAG(s) dict_keys(['tutorial']) retrieved from /home/airflow/.local/lib/python3.7/site-packages/airflow/example_dags/tutorial.py
[2023-05-24T23:14:31.472+0000] {logging_mixin.py:137} INFO - [2023-05-24T23:14:31.462+0000] {dag.py:2690} INFO - Sync 1 DAGs
[2023-05-24T23:14:31.705+0000] {logging_mixin.py:137} INFO - [2023-05-24T23:14:31.705+0000] {dag.py:3441} INFO - Setting next_dagrun for tutorial to 2023-05-23T23:14:31.704985+00:00, run_after=2023-05-24T23:14:31.704985+00:00
[2023-05-24T23:14:31.988+0000] {processor.py:175} INFO - Processing /home/airflow/.local/lib/python3.7/site-packages/airflow/example_dags/tutorial.py took 1.034 seconds
[2023-05-24T23:15:13.226+0000] {processor.py:153} INFO - Started process (PID=247) to work on /home/airflow/.local/lib/python3.7/site-packages/airflow/example_dags/tutorial.py
[2023-05-24T23:15:13.251+0000] {processor.py:743} INFO - Processing file /home/airflow/.local/lib/python3.7/site-packages/airflow/example_dags/tutorial.py for tasks to queue
[2023-05-24T23:15:13.274+0000] {logging_mixin.py:137} INFO - [2023-05-24T23:15:13.273+0000] {dagbag.py:538} INFO - Filling up the DagBag from /home/airflow/.local/lib/python3.7/site-packages/airflow/example_dags/tutorial.py
[2023-05-24T23:15:13.500+0000] {processor.py:753} INFO - DAG(s) dict_keys(['tutorial']) retrieved from /home/airflow/.local/lib/python3.7/site-packages/airflow/example_dags/tutorial.py
[2023-05-24T23:15:13.972+0000] {logging_mixin.py:137} INFO - [2023-05-24T23:15:13.972+0000] {dag.py:2690} INFO - Sync 1 DAGs
[2023-05-24T23:15:14.335+0000] {logging_mixin.py:137} INFO - [2023-05-24T23:15:14.335+0000] {dag.py:3441} INFO - Setting next_dagrun for tutorial to 2023-05-23T23:15:14.333154+00:00, run_after=2023-05-24T23:15:14.333154+00:00
[2023-05-24T23:15:14.957+0000] {processor.py:175} INFO - Processing /home/airflow/.local/lib/python3.7/site-packages/airflow/example_dags/tutorial.py took 1.823 seconds
[2023-05-24T23:15:58.397+0000] {processor.py:153} INFO - Started process (PID=301) to work on /home/airflow/.local/lib/python3.7/site-packages/airflow/example_dags/tutorial.py
[2023-05-24T23:15:58.416+0000] {processor.py:743} INFO - Processing file /home/airflow/.local/lib/python3.7/site-packages/airflow/example_dags/tutorial.py for tasks to queue
[2023-05-24T23:15:58.431+0000] {logging_mixin.py:137} INFO - [2023-05-24T23:15:58.431+0000] {dagbag.py:538} INFO - Filling up the DagBag from /home/airflow/.local/lib/python3.7/site-packages/airflow/example_dags/tutorial.py
[2023-05-24T23:15:58.592+0000] {processor.py:753} INFO - DAG(s) dict_keys(['tutorial']) retrieved from /home/airflow/.local/lib/python3.7/site-packages/airflow/example_dags/tutorial.py
[2023-05-24T23:15:58.669+0000] {logging_mixin.py:137} INFO - [2023-05-24T23:15:58.669+0000] {dag.py:2690} INFO - Sync 1 DAGs
[2023-05-24T23:15:58.774+0000] {logging_mixin.py:137} INFO - [2023-05-24T23:15:58.773+0000] {dag.py:3441} INFO - Setting next_dagrun for tutorial to 2023-05-23T23:15:58.773353+00:00, run_after=2023-05-24T23:15:58.773353+00:00
[2023-05-24T23:15:58.827+0000] {processor.py:175} INFO - Processing /home/airflow/.local/lib/python3.7/site-packages/airflow/example_dags/tutorial.py took 0.451 seconds
[2023-05-24T23:17:08.443+0000] {processor.py:153} INFO - Started process (PID=368) to work on /home/airflow/.local/lib/python3.7/site-packages/airflow/example_dags/tutorial.py
[2023-05-24T23:17:08.476+0000] {processor.py:743} INFO - Processing file /home/airflow/.local/lib/python3.7/site-packages/airflow/example_dags/tutorial.py for tasks to queue
[2023-05-24T23:17:08.536+0000] {logging_mixin.py:137} INFO - [2023-05-24T23:17:08.535+0000] {dagbag.py:538} INFO - Filling up the DagBag from /home/airflow/.local/lib/python3.7/site-packages/airflow/example_dags/tutorial.py
[2023-05-24T23:17:08.816+0000] {processor.py:753} INFO - DAG(s) dict_keys(['tutorial']) retrieved from /home/airflow/.local/lib/python3.7/site-packages/airflow/example_dags/tutorial.py
[2023-05-24T23:17:09.231+0000] {logging_mixin.py:137} INFO - [2023-05-24T23:17:09.223+0000] {dag.py:2690} INFO - Sync 1 DAGs
[2023-05-24T23:17:10.246+0000] {logging_mixin.py:137} INFO - [2023-05-24T23:17:10.245+0000] {dag.py:3441} INFO - Setting next_dagrun for tutorial to 2023-05-23T23:17:10.236226+00:00, run_after=2023-05-24T23:17:10.236226+00:00
[2023-05-24T23:17:10.815+0000] {processor.py:175} INFO - Processing /home/airflow/.local/lib/python3.7/site-packages/airflow/example_dags/tutorial.py took 2.435 seconds
[2023-05-24T23:18:01.901+0000] {processor.py:153} INFO - Started process (PID=435) to work on /home/airflow/.local/lib/python3.7/site-packages/airflow/example_dags/tutorial.py
[2023-05-24T23:18:01.928+0000] {processor.py:743} INFO - Processing file /home/airflow/.local/lib/python3.7/site-packages/airflow/example_dags/tutorial.py for tasks to queue
[2023-05-24T23:18:01.945+0000] {logging_mixin.py:137} INFO - [2023-05-24T23:18:01.945+0000] {dagbag.py:538} INFO - Filling up the DagBag from /home/airflow/.local/lib/python3.7/site-packages/airflow/example_dags/tutorial.py
[2023-05-24T23:18:02.187+0000] {processor.py:753} INFO - DAG(s) dict_keys(['tutorial']) retrieved from /home/airflow/.local/lib/python3.7/site-packages/airflow/example_dags/tutorial.py
[2023-05-24T23:18:02.553+0000] {logging_mixin.py:137} INFO - [2023-05-24T23:18:02.550+0000] {dag.py:2690} INFO - Sync 1 DAGs
[2023-05-24T23:18:02.925+0000] {logging_mixin.py:137} INFO - [2023-05-24T23:18:02.925+0000] {dag.py:3441} INFO - Setting next_dagrun for tutorial to 2023-05-23T23:18:02.925135+00:00, run_after=2023-05-24T23:18:02.925135+00:00
[2023-05-24T23:18:04.045+0000] {processor.py:175} INFO - Processing /home/airflow/.local/lib/python3.7/site-packages/airflow/example_dags/tutorial.py took 2.227 seconds
[2023-05-24T23:20:20.399+0000] {processor.py:153} INFO - Started process (PID=62) to work on /home/airflow/.local/lib/python3.7/site-packages/airflow/example_dags/tutorial.py
[2023-05-24T23:20:20.465+0000] {processor.py:743} INFO - Processing file /home/airflow/.local/lib/python3.7/site-packages/airflow/example_dags/tutorial.py for tasks to queue
[2023-05-24T23:20:20.568+0000] {logging_mixin.py:137} INFO - [2023-05-24T23:20:20.568+0000] {dagbag.py:538} INFO - Filling up the DagBag from /home/airflow/.local/lib/python3.7/site-packages/airflow/example_dags/tutorial.py
[2023-05-24T23:20:20.909+0000] {processor.py:753} INFO - DAG(s) dict_keys(['tutorial']) retrieved from /home/airflow/.local/lib/python3.7/site-packages/airflow/example_dags/tutorial.py
[2023-05-24T23:20:21.194+0000] {logging_mixin.py:137} INFO - [2023-05-24T23:20:21.194+0000] {dag.py:2690} INFO - Sync 1 DAGs
[2023-05-24T23:20:21.388+0000] {logging_mixin.py:137} INFO - [2023-05-24T23:20:21.387+0000] {dag.py:3441} INFO - Setting next_dagrun for tutorial to 2023-05-23T23:20:21.387589+00:00, run_after=2023-05-24T23:20:21.387589+00:00
[2023-05-24T23:20:21.493+0000] {processor.py:175} INFO - Processing /home/airflow/.local/lib/python3.7/site-packages/airflow/example_dags/tutorial.py took 1.344 seconds
[2023-05-24T23:20:52.318+0000] {processor.py:153} INFO - Started process (PID=122) to work on /home/airflow/.local/lib/python3.7/site-packages/airflow/example_dags/tutorial.py
[2023-05-24T23:20:52.321+0000] {processor.py:743} INFO - Processing file /home/airflow/.local/lib/python3.7/site-packages/airflow/example_dags/tutorial.py for tasks to queue
[2023-05-24T23:20:52.323+0000] {logging_mixin.py:137} INFO - [2023-05-24T23:20:52.323+0000] {dagbag.py:538} INFO - Filling up the DagBag from /home/airflow/.local/lib/python3.7/site-packages/airflow/example_dags/tutorial.py
[2023-05-24T23:20:52.352+0000] {processor.py:753} INFO - DAG(s) dict_keys(['tutorial']) retrieved from /home/airflow/.local/lib/python3.7/site-packages/airflow/example_dags/tutorial.py
[2023-05-24T23:20:52.417+0000] {logging_mixin.py:137} INFO - [2023-05-24T23:20:52.417+0000] {dag.py:2690} INFO - Sync 1 DAGs
[2023-05-24T23:20:52.459+0000] {logging_mixin.py:137} INFO - [2023-05-24T23:20:52.459+0000] {dag.py:3441} INFO - Setting next_dagrun for tutorial to 2023-05-23T23:20:52.459330+00:00, run_after=2023-05-24T23:20:52.459330+00:00
[2023-05-24T23:20:52.485+0000] {processor.py:175} INFO - Processing /home/airflow/.local/lib/python3.7/site-packages/airflow/example_dags/tutorial.py took 0.189 seconds
[2023-05-24T23:21:23.094+0000] {processor.py:153} INFO - Started process (PID=181) to work on /home/airflow/.local/lib/python3.7/site-packages/airflow/example_dags/tutorial.py
[2023-05-24T23:21:23.097+0000] {processor.py:743} INFO - Processing file /home/airflow/.local/lib/python3.7/site-packages/airflow/example_dags/tutorial.py for tasks to queue
[2023-05-24T23:21:23.101+0000] {logging_mixin.py:137} INFO - [2023-05-24T23:21:23.100+0000] {dagbag.py:538} INFO - Filling up the DagBag from /home/airflow/.local/lib/python3.7/site-packages/airflow/example_dags/tutorial.py
[2023-05-24T23:21:23.130+0000] {processor.py:753} INFO - DAG(s) dict_keys(['tutorial']) retrieved from /home/airflow/.local/lib/python3.7/site-packages/airflow/example_dags/tutorial.py
[2023-05-24T23:21:23.173+0000] {logging_mixin.py:137} INFO - [2023-05-24T23:21:23.172+0000] {dag.py:2690} INFO - Sync 1 DAGs
[2023-05-24T23:21:23.225+0000] {logging_mixin.py:137} INFO - [2023-05-24T23:21:23.225+0000] {dag.py:3441} INFO - Setting next_dagrun for tutorial to 2023-05-23T23:21:23.225380+00:00, run_after=2023-05-24T23:21:23.225380+00:00
[2023-05-24T23:21:23.258+0000] {processor.py:175} INFO - Processing /home/airflow/.local/lib/python3.7/site-packages/airflow/example_dags/tutorial.py took 0.172 seconds
[2023-05-24T23:21:53.381+0000] {processor.py:153} INFO - Started process (PID=241) to work on /home/airflow/.local/lib/python3.7/site-packages/airflow/example_dags/tutorial.py
[2023-05-24T23:21:53.384+0000] {processor.py:743} INFO - Processing file /home/airflow/.local/lib/python3.7/site-packages/airflow/example_dags/tutorial.py for tasks to queue
[2023-05-24T23:21:53.386+0000] {logging_mixin.py:137} INFO - [2023-05-24T23:21:53.386+0000] {dagbag.py:538} INFO - Filling up the DagBag from /home/airflow/.local/lib/python3.7/site-packages/airflow/example_dags/tutorial.py
[2023-05-24T23:21:53.422+0000] {processor.py:753} INFO - DAG(s) dict_keys(['tutorial']) retrieved from /home/airflow/.local/lib/python3.7/site-packages/airflow/example_dags/tutorial.py
[2023-05-24T23:21:53.485+0000] {logging_mixin.py:137} INFO - [2023-05-24T23:21:53.485+0000] {dag.py:2690} INFO - Sync 1 DAGs
[2023-05-24T23:21:53.624+0000] {logging_mixin.py:137} INFO - [2023-05-24T23:21:53.624+0000] {dag.py:3441} INFO - Setting next_dagrun for tutorial to 2023-05-23T23:21:53.623732+00:00, run_after=2023-05-24T23:21:53.623732+00:00
[2023-05-24T23:21:53.889+0000] {processor.py:175} INFO - Processing /home/airflow/.local/lib/python3.7/site-packages/airflow/example_dags/tutorial.py took 0.514 seconds
[2023-05-24T23:22:24.038+0000] {processor.py:153} INFO - Started process (PID=309) to work on /home/airflow/.local/lib/python3.7/site-packages/airflow/example_dags/tutorial.py
[2023-05-24T23:22:24.042+0000] {processor.py:743} INFO - Processing file /home/airflow/.local/lib/python3.7/site-packages/airflow/example_dags/tutorial.py for tasks to queue
[2023-05-24T23:22:24.048+0000] {logging_mixin.py:137} INFO - [2023-05-24T23:22:24.047+0000] {dagbag.py:538} INFO - Filling up the DagBag from /home/airflow/.local/lib/python3.7/site-packages/airflow/example_dags/tutorial.py
[2023-05-24T23:22:24.122+0000] {processor.py:753} INFO - DAG(s) dict_keys(['tutorial']) retrieved from /home/airflow/.local/lib/python3.7/site-packages/airflow/example_dags/tutorial.py
[2023-05-24T23:22:24.224+0000] {logging_mixin.py:137} INFO - [2023-05-24T23:22:24.224+0000] {dag.py:2690} INFO - Sync 1 DAGs
[2023-05-24T23:22:24.306+0000] {logging_mixin.py:137} INFO - [2023-05-24T23:22:24.306+0000] {dag.py:3441} INFO - Setting next_dagrun for tutorial to 2023-05-23T23:22:24.306273+00:00, run_after=2023-05-24T23:22:24.306273+00:00
[2023-05-24T23:22:24.359+0000] {processor.py:175} INFO - Processing /home/airflow/.local/lib/python3.7/site-packages/airflow/example_dags/tutorial.py took 0.337 seconds
[2023-05-24T23:22:54.577+0000] {processor.py:153} INFO - Started process (PID=370) to work on /home/airflow/.local/lib/python3.7/site-packages/airflow/example_dags/tutorial.py
[2023-05-24T23:22:54.583+0000] {processor.py:743} INFO - Processing file /home/airflow/.local/lib/python3.7/site-packages/airflow/example_dags/tutorial.py for tasks to queue
[2023-05-24T23:22:54.586+0000] {logging_mixin.py:137} INFO - [2023-05-24T23:22:54.585+0000] {dagbag.py:538} INFO - Filling up the DagBag from /home/airflow/.local/lib/python3.7/site-packages/airflow/example_dags/tutorial.py
[2023-05-24T23:22:54.611+0000] {processor.py:753} INFO - DAG(s) dict_keys(['tutorial']) retrieved from /home/airflow/.local/lib/python3.7/site-packages/airflow/example_dags/tutorial.py
[2023-05-24T23:22:54.653+0000] {logging_mixin.py:137} INFO - [2023-05-24T23:22:54.653+0000] {dag.py:2690} INFO - Sync 1 DAGs
[2023-05-24T23:22:54.689+0000] {logging_mixin.py:137} INFO - [2023-05-24T23:22:54.689+0000] {dag.py:3441} INFO - Setting next_dagrun for tutorial to 2023-05-23T23:22:54.688945+00:00, run_after=2023-05-24T23:22:54.688945+00:00
[2023-05-24T23:22:54.719+0000] {processor.py:175} INFO - Processing /home/airflow/.local/lib/python3.7/site-packages/airflow/example_dags/tutorial.py took 0.149 seconds
[2023-05-24T23:23:24.812+0000] {processor.py:153} INFO - Started process (PID=429) to work on /home/airflow/.local/lib/python3.7/site-packages/airflow/example_dags/tutorial.py
[2023-05-24T23:23:24.815+0000] {processor.py:743} INFO - Processing file /home/airflow/.local/lib/python3.7/site-packages/airflow/example_dags/tutorial.py for tasks to queue
[2023-05-24T23:23:24.819+0000] {logging_mixin.py:137} INFO - [2023-05-24T23:23:24.819+0000] {dagbag.py:538} INFO - Filling up the DagBag from /home/airflow/.local/lib/python3.7/site-packages/airflow/example_dags/tutorial.py
[2023-05-24T23:23:24.852+0000] {processor.py:753} INFO - DAG(s) dict_keys(['tutorial']) retrieved from /home/airflow/.local/lib/python3.7/site-packages/airflow/example_dags/tutorial.py
[2023-05-24T23:23:24.913+0000] {logging_mixin.py:137} INFO - [2023-05-24T23:23:24.913+0000] {dag.py:2690} INFO - Sync 1 DAGs
[2023-05-24T23:23:24.955+0000] {logging_mixin.py:137} INFO - [2023-05-24T23:23:24.954+0000] {dag.py:3441} INFO - Setting next_dagrun for tutorial to 2023-05-23T23:23:24.954132+00:00, run_after=2023-05-24T23:23:24.954132+00:00
[2023-05-24T23:23:24.988+0000] {processor.py:175} INFO - Processing /home/airflow/.local/lib/python3.7/site-packages/airflow/example_dags/tutorial.py took 0.186 seconds
[2023-05-24T23:23:55.285+0000] {processor.py:153} INFO - Started process (PID=490) to work on /home/airflow/.local/lib/python3.7/site-packages/airflow/example_dags/tutorial.py
[2023-05-24T23:23:55.295+0000] {processor.py:743} INFO - Processing file /home/airflow/.local/lib/python3.7/site-packages/airflow/example_dags/tutorial.py for tasks to queue
[2023-05-24T23:23:55.299+0000] {logging_mixin.py:137} INFO - [2023-05-24T23:23:55.298+0000] {dagbag.py:538} INFO - Filling up the DagBag from /home/airflow/.local/lib/python3.7/site-packages/airflow/example_dags/tutorial.py
[2023-05-24T23:23:55.336+0000] {processor.py:753} INFO - DAG(s) dict_keys(['tutorial']) retrieved from /home/airflow/.local/lib/python3.7/site-packages/airflow/example_dags/tutorial.py
[2023-05-24T23:23:55.416+0000] {logging_mixin.py:137} INFO - [2023-05-24T23:23:55.415+0000] {dag.py:2690} INFO - Sync 1 DAGs
[2023-05-24T23:23:55.517+0000] {logging_mixin.py:137} INFO - [2023-05-24T23:23:55.517+0000] {dag.py:3441} INFO - Setting next_dagrun for tutorial to 2023-05-23T23:23:55.517052+00:00, run_after=2023-05-24T23:23:55.517052+00:00
[2023-05-24T23:23:55.569+0000] {processor.py:175} INFO - Processing /home/airflow/.local/lib/python3.7/site-packages/airflow/example_dags/tutorial.py took 0.300 seconds
[2023-05-24T23:24:26.213+0000] {processor.py:153} INFO - Started process (PID=549) to work on /home/airflow/.local/lib/python3.7/site-packages/airflow/example_dags/tutorial.py
[2023-05-24T23:24:26.217+0000] {processor.py:743} INFO - Processing file /home/airflow/.local/lib/python3.7/site-packages/airflow/example_dags/tutorial.py for tasks to queue
[2023-05-24T23:24:26.221+0000] {logging_mixin.py:137} INFO - [2023-05-24T23:24:26.220+0000] {dagbag.py:538} INFO - Filling up the DagBag from /home/airflow/.local/lib/python3.7/site-packages/airflow/example_dags/tutorial.py
[2023-05-24T23:24:26.288+0000] {processor.py:753} INFO - DAG(s) dict_keys(['tutorial']) retrieved from /home/airflow/.local/lib/python3.7/site-packages/airflow/example_dags/tutorial.py
[2023-05-24T23:24:26.409+0000] {logging_mixin.py:137} INFO - [2023-05-24T23:24:26.409+0000] {dag.py:2690} INFO - Sync 1 DAGs
[2023-05-24T23:24:26.499+0000] {logging_mixin.py:137} INFO - [2023-05-24T23:24:26.499+0000] {dag.py:3441} INFO - Setting next_dagrun for tutorial to 2023-05-23T23:24:26.499167+00:00, run_after=2023-05-24T23:24:26.499167+00:00
[2023-05-24T23:24:26.556+0000] {processor.py:175} INFO - Processing /home/airflow/.local/lib/python3.7/site-packages/airflow/example_dags/tutorial.py took 0.361 seconds
[2023-05-24T23:24:56.944+0000] {processor.py:153} INFO - Started process (PID=608) to work on /home/airflow/.local/lib/python3.7/site-packages/airflow/example_dags/tutorial.py
[2023-05-24T23:24:56.947+0000] {processor.py:743} INFO - Processing file /home/airflow/.local/lib/python3.7/site-packages/airflow/example_dags/tutorial.py for tasks to queue
[2023-05-24T23:24:56.950+0000] {logging_mixin.py:137} INFO - [2023-05-24T23:24:56.950+0000] {dagbag.py:538} INFO - Filling up the DagBag from /home/airflow/.local/lib/python3.7/site-packages/airflow/example_dags/tutorial.py
[2023-05-24T23:24:56.976+0000] {processor.py:753} INFO - DAG(s) dict_keys(['tutorial']) retrieved from /home/airflow/.local/lib/python3.7/site-packages/airflow/example_dags/tutorial.py
[2023-05-24T23:24:57.015+0000] {logging_mixin.py:137} INFO - [2023-05-24T23:24:57.015+0000] {dag.py:2690} INFO - Sync 1 DAGs
[2023-05-24T23:24:57.058+0000] {logging_mixin.py:137} INFO - [2023-05-24T23:24:57.058+0000] {dag.py:3441} INFO - Setting next_dagrun for tutorial to 2023-05-23T23:24:57.058150+00:00, run_after=2023-05-24T23:24:57.058150+00:00
[2023-05-24T23:24:57.089+0000] {processor.py:175} INFO - Processing /home/airflow/.local/lib/python3.7/site-packages/airflow/example_dags/tutorial.py took 0.151 seconds
[2023-05-24T23:25:27.415+0000] {processor.py:153} INFO - Started process (PID=668) to work on /home/airflow/.local/lib/python3.7/site-packages/airflow/example_dags/tutorial.py
[2023-05-24T23:25:27.417+0000] {processor.py:743} INFO - Processing file /home/airflow/.local/lib/python3.7/site-packages/airflow/example_dags/tutorial.py for tasks to queue
[2023-05-24T23:25:27.420+0000] {logging_mixin.py:137} INFO - [2023-05-24T23:25:27.420+0000] {dagbag.py:538} INFO - Filling up the DagBag from /home/airflow/.local/lib/python3.7/site-packages/airflow/example_dags/tutorial.py
[2023-05-24T23:25:27.447+0000] {processor.py:753} INFO - DAG(s) dict_keys(['tutorial']) retrieved from /home/airflow/.local/lib/python3.7/site-packages/airflow/example_dags/tutorial.py
[2023-05-24T23:25:27.507+0000] {logging_mixin.py:137} INFO - [2023-05-24T23:25:27.507+0000] {dag.py:2690} INFO - Sync 1 DAGs
[2023-05-24T23:25:27.583+0000] {logging_mixin.py:137} INFO - [2023-05-24T23:25:27.583+0000] {dag.py:3441} INFO - Setting next_dagrun for tutorial to 2023-05-23T23:25:27.582899+00:00, run_after=2023-05-24T23:25:27.582899+00:00
[2023-05-24T23:25:27.633+0000] {processor.py:175} INFO - Processing /home/airflow/.local/lib/python3.7/site-packages/airflow/example_dags/tutorial.py took 0.225 seconds
[2023-05-24T23:25:58.349+0000] {processor.py:153} INFO - Started process (PID=727) to work on /home/airflow/.local/lib/python3.7/site-packages/airflow/example_dags/tutorial.py
[2023-05-24T23:25:58.354+0000] {processor.py:743} INFO - Processing file /home/airflow/.local/lib/python3.7/site-packages/airflow/example_dags/tutorial.py for tasks to queue
[2023-05-24T23:25:58.359+0000] {logging_mixin.py:137} INFO - [2023-05-24T23:25:58.358+0000] {dagbag.py:538} INFO - Filling up the DagBag from /home/airflow/.local/lib/python3.7/site-packages/airflow/example_dags/tutorial.py
[2023-05-24T23:25:58.407+0000] {processor.py:753} INFO - DAG(s) dict_keys(['tutorial']) retrieved from /home/airflow/.local/lib/python3.7/site-packages/airflow/example_dags/tutorial.py
[2023-05-24T23:25:58.496+0000] {logging_mixin.py:137} INFO - [2023-05-24T23:25:58.494+0000] {dag.py:2690} INFO - Sync 1 DAGs
[2023-05-24T23:25:58.626+0000] {logging_mixin.py:137} INFO - [2023-05-24T23:25:58.626+0000] {dag.py:3441} INFO - Setting next_dagrun for tutorial to 2023-05-23T23:25:58.626188+00:00, run_after=2023-05-24T23:25:58.626188+00:00
[2023-05-24T23:25:58.701+0000] {processor.py:175} INFO - Processing /home/airflow/.local/lib/python3.7/site-packages/airflow/example_dags/tutorial.py took 0.362 seconds
[2023-05-24T23:26:48.620+0000] {processor.py:153} INFO - Started process (PID=801) to work on /home/airflow/.local/lib/python3.7/site-packages/airflow/example_dags/tutorial.py
[2023-05-24T23:26:48.630+0000] {processor.py:743} INFO - Processing file /home/airflow/.local/lib/python3.7/site-packages/airflow/example_dags/tutorial.py for tasks to queue
[2023-05-24T23:26:48.643+0000] {logging_mixin.py:137} INFO - [2023-05-24T23:26:48.641+0000] {dagbag.py:538} INFO - Filling up the DagBag from /home/airflow/.local/lib/python3.7/site-packages/airflow/example_dags/tutorial.py
[2023-05-24T23:26:48.792+0000] {processor.py:753} INFO - DAG(s) dict_keys(['tutorial']) retrieved from /home/airflow/.local/lib/python3.7/site-packages/airflow/example_dags/tutorial.py
[2023-05-24T23:26:49.048+0000] {logging_mixin.py:137} INFO - [2023-05-24T23:26:49.046+0000] {dag.py:2690} INFO - Sync 1 DAGs
[2023-05-24T23:26:51.354+0000] {logging_mixin.py:137} INFO - [2023-05-24T23:26:51.353+0000] {dag.py:3441} INFO - Setting next_dagrun for tutorial to 2023-05-23T23:26:51.353465+00:00, run_after=2023-05-24T23:26:51.353465+00:00
[2023-05-24T23:26:51.492+0000] {processor.py:175} INFO - Processing /home/airflow/.local/lib/python3.7/site-packages/airflow/example_dags/tutorial.py took 3.008 seconds
[2023-05-24T23:27:22.073+0000] {processor.py:153} INFO - Started process (PID=855) to work on /home/airflow/.local/lib/python3.7/site-packages/airflow/example_dags/tutorial.py
[2023-05-24T23:27:22.079+0000] {processor.py:743} INFO - Processing file /home/airflow/.local/lib/python3.7/site-packages/airflow/example_dags/tutorial.py for tasks to queue
[2023-05-24T23:27:22.082+0000] {logging_mixin.py:137} INFO - [2023-05-24T23:27:22.082+0000] {dagbag.py:538} INFO - Filling up the DagBag from /home/airflow/.local/lib/python3.7/site-packages/airflow/example_dags/tutorial.py
[2023-05-24T23:27:22.136+0000] {processor.py:753} INFO - DAG(s) dict_keys(['tutorial']) retrieved from /home/airflow/.local/lib/python3.7/site-packages/airflow/example_dags/tutorial.py
[2023-05-24T23:27:22.318+0000] {logging_mixin.py:137} INFO - [2023-05-24T23:27:22.318+0000] {dag.py:2690} INFO - Sync 1 DAGs
[2023-05-24T23:27:22.401+0000] {logging_mixin.py:137} INFO - [2023-05-24T23:27:22.400+0000] {dag.py:3441} INFO - Setting next_dagrun for tutorial to 2023-05-23T23:27:22.400607+00:00, run_after=2023-05-24T23:27:22.400607+00:00
[2023-05-24T23:27:22.466+0000] {processor.py:175} INFO - Processing /home/airflow/.local/lib/python3.7/site-packages/airflow/example_dags/tutorial.py took 0.402 seconds
[2023-05-24T23:28:19.578+0000] {processor.py:153} INFO - Started process (PID=919) to work on /home/airflow/.local/lib/python3.7/site-packages/airflow/example_dags/tutorial.py
[2023-05-24T23:28:19.658+0000] {processor.py:743} INFO - Processing file /home/airflow/.local/lib/python3.7/site-packages/airflow/example_dags/tutorial.py for tasks to queue
[2023-05-24T23:28:19.706+0000] {logging_mixin.py:137} INFO - [2023-05-24T23:28:19.706+0000] {dagbag.py:538} INFO - Filling up the DagBag from /home/airflow/.local/lib/python3.7/site-packages/airflow/example_dags/tutorial.py
[2023-05-24T23:28:20.572+0000] {processor.py:753} INFO - DAG(s) dict_keys(['tutorial']) retrieved from /home/airflow/.local/lib/python3.7/site-packages/airflow/example_dags/tutorial.py
[2023-05-24T23:28:21.424+0000] {logging_mixin.py:137} INFO - [2023-05-24T23:28:21.423+0000] {dag.py:2690} INFO - Sync 1 DAGs
[2023-05-24T23:28:22.266+0000] {logging_mixin.py:137} INFO - [2023-05-24T23:28:22.265+0000] {dag.py:3441} INFO - Setting next_dagrun for tutorial to 2023-05-23T23:28:22.265016+00:00, run_after=2023-05-24T23:28:22.265016+00:00
[2023-05-24T23:28:22.686+0000] {processor.py:175} INFO - Processing /home/airflow/.local/lib/python3.7/site-packages/airflow/example_dags/tutorial.py took 3.164 seconds
[2023-05-24T23:29:03.667+0000] {processor.py:153} INFO - Started process (PID=959) to work on /home/airflow/.local/lib/python3.7/site-packages/airflow/example_dags/tutorial.py
[2023-05-24T23:29:03.671+0000] {processor.py:743} INFO - Processing file /home/airflow/.local/lib/python3.7/site-packages/airflow/example_dags/tutorial.py for tasks to queue
[2023-05-24T23:29:03.679+0000] {logging_mixin.py:137} INFO - [2023-05-24T23:29:03.678+0000] {dagbag.py:538} INFO - Filling up the DagBag from /home/airflow/.local/lib/python3.7/site-packages/airflow/example_dags/tutorial.py
[2023-05-24T23:29:03.809+0000] {processor.py:753} INFO - DAG(s) dict_keys(['tutorial']) retrieved from /home/airflow/.local/lib/python3.7/site-packages/airflow/example_dags/tutorial.py
[2023-05-24T23:29:03.972+0000] {logging_mixin.py:137} INFO - [2023-05-24T23:29:03.971+0000] {dag.py:2690} INFO - Sync 1 DAGs
[2023-05-24T23:29:04.129+0000] {logging_mixin.py:137} INFO - [2023-05-24T23:29:04.127+0000] {dag.py:3441} INFO - Setting next_dagrun for tutorial to 2023-05-23T23:29:04.126993+00:00, run_after=2023-05-24T23:29:04.126993+00:00
[2023-05-24T23:29:04.220+0000] {processor.py:175} INFO - Processing /home/airflow/.local/lib/python3.7/site-packages/airflow/example_dags/tutorial.py took 0.585 seconds
[2023-05-24T23:29:34.341+0000] {processor.py:153} INFO - Started process (PID=1020) to work on /home/airflow/.local/lib/python3.7/site-packages/airflow/example_dags/tutorial.py
[2023-05-24T23:29:34.344+0000] {processor.py:743} INFO - Processing file /home/airflow/.local/lib/python3.7/site-packages/airflow/example_dags/tutorial.py for tasks to queue
[2023-05-24T23:29:34.348+0000] {logging_mixin.py:137} INFO - [2023-05-24T23:29:34.348+0000] {dagbag.py:538} INFO - Filling up the DagBag from /home/airflow/.local/lib/python3.7/site-packages/airflow/example_dags/tutorial.py
[2023-05-24T23:29:34.378+0000] {processor.py:753} INFO - DAG(s) dict_keys(['tutorial']) retrieved from /home/airflow/.local/lib/python3.7/site-packages/airflow/example_dags/tutorial.py
[2023-05-24T23:29:34.414+0000] {logging_mixin.py:137} INFO - [2023-05-24T23:29:34.414+0000] {dag.py:2690} INFO - Sync 1 DAGs
[2023-05-24T23:29:34.483+0000] {logging_mixin.py:137} INFO - [2023-05-24T23:29:34.483+0000] {dag.py:3441} INFO - Setting next_dagrun for tutorial to 2023-05-23T23:29:34.483340+00:00, run_after=2023-05-24T23:29:34.483340+00:00
[2023-05-24T23:29:34.526+0000] {processor.py:175} INFO - Processing /home/airflow/.local/lib/python3.7/site-packages/airflow/example_dags/tutorial.py took 0.196 seconds
[2023-05-24T23:30:04.650+0000] {processor.py:153} INFO - Started process (PID=1079) to work on /home/airflow/.local/lib/python3.7/site-packages/airflow/example_dags/tutorial.py
[2023-05-24T23:30:04.653+0000] {processor.py:743} INFO - Processing file /home/airflow/.local/lib/python3.7/site-packages/airflow/example_dags/tutorial.py for tasks to queue
[2023-05-24T23:30:04.655+0000] {logging_mixin.py:137} INFO - [2023-05-24T23:30:04.654+0000] {dagbag.py:538} INFO - Filling up the DagBag from /home/airflow/.local/lib/python3.7/site-packages/airflow/example_dags/tutorial.py
[2023-05-24T23:30:04.675+0000] {processor.py:753} INFO - DAG(s) dict_keys(['tutorial']) retrieved from /home/airflow/.local/lib/python3.7/site-packages/airflow/example_dags/tutorial.py
[2023-05-24T23:30:04.711+0000] {logging_mixin.py:137} INFO - [2023-05-24T23:30:04.711+0000] {dag.py:2690} INFO - Sync 1 DAGs
[2023-05-24T23:30:04.751+0000] {logging_mixin.py:137} INFO - [2023-05-24T23:30:04.751+0000] {dag.py:3441} INFO - Setting next_dagrun for tutorial to 2023-05-23T23:30:04.751279+00:00, run_after=2023-05-24T23:30:04.751279+00:00
[2023-05-24T23:30:04.786+0000] {processor.py:175} INFO - Processing /home/airflow/.local/lib/python3.7/site-packages/airflow/example_dags/tutorial.py took 0.140 seconds
[2023-05-24T23:30:34.908+0000] {processor.py:153} INFO - Started process (PID=1139) to work on /home/airflow/.local/lib/python3.7/site-packages/airflow/example_dags/tutorial.py
[2023-05-24T23:30:34.911+0000] {processor.py:743} INFO - Processing file /home/airflow/.local/lib/python3.7/site-packages/airflow/example_dags/tutorial.py for tasks to queue
[2023-05-24T23:30:34.912+0000] {logging_mixin.py:137} INFO - [2023-05-24T23:30:34.912+0000] {dagbag.py:538} INFO - Filling up the DagBag from /home/airflow/.local/lib/python3.7/site-packages/airflow/example_dags/tutorial.py
[2023-05-24T23:30:34.931+0000] {processor.py:753} INFO - DAG(s) dict_keys(['tutorial']) retrieved from /home/airflow/.local/lib/python3.7/site-packages/airflow/example_dags/tutorial.py
[2023-05-24T23:30:34.964+0000] {logging_mixin.py:137} INFO - [2023-05-24T23:30:34.964+0000] {dag.py:2690} INFO - Sync 1 DAGs
[2023-05-24T23:30:34.999+0000] {logging_mixin.py:137} INFO - [2023-05-24T23:30:34.999+0000] {dag.py:3441} INFO - Setting next_dagrun for tutorial to 2023-05-23T23:30:34.999117+00:00, run_after=2023-05-24T23:30:34.999117+00:00
[2023-05-24T23:30:35.030+0000] {processor.py:175} INFO - Processing /home/airflow/.local/lib/python3.7/site-packages/airflow/example_dags/tutorial.py took 0.126 seconds
[2023-05-24T23:33:53.176+0000] {processor.py:153} INFO - Started process (PID=61) to work on /home/airflow/.local/lib/python3.7/site-packages/airflow/example_dags/tutorial.py
[2023-05-24T23:33:53.181+0000] {processor.py:743} INFO - Processing file /home/airflow/.local/lib/python3.7/site-packages/airflow/example_dags/tutorial.py for tasks to queue
[2023-05-24T23:33:53.188+0000] {logging_mixin.py:137} INFO - [2023-05-24T23:33:53.187+0000] {dagbag.py:538} INFO - Filling up the DagBag from /home/airflow/.local/lib/python3.7/site-packages/airflow/example_dags/tutorial.py
[2023-05-24T23:33:53.271+0000] {processor.py:753} INFO - DAG(s) dict_keys(['tutorial']) retrieved from /home/airflow/.local/lib/python3.7/site-packages/airflow/example_dags/tutorial.py
[2023-05-24T23:33:53.397+0000] {logging_mixin.py:137} INFO - [2023-05-24T23:33:53.397+0000] {dag.py:2690} INFO - Sync 1 DAGs
[2023-05-24T23:33:53.518+0000] {logging_mixin.py:137} INFO - [2023-05-24T23:33:53.518+0000] {dag.py:3441} INFO - Setting next_dagrun for tutorial to 2023-05-23T23:33:53.518311+00:00, run_after=2023-05-24T23:33:53.518311+00:00
[2023-05-24T23:33:53.562+0000] {processor.py:175} INFO - Processing /home/airflow/.local/lib/python3.7/site-packages/airflow/example_dags/tutorial.py took 0.409 seconds
[2023-05-24T23:34:24.407+0000] {processor.py:153} INFO - Started process (PID=120) to work on /home/airflow/.local/lib/python3.7/site-packages/airflow/example_dags/tutorial.py
[2023-05-24T23:34:24.411+0000] {processor.py:743} INFO - Processing file /home/airflow/.local/lib/python3.7/site-packages/airflow/example_dags/tutorial.py for tasks to queue
[2023-05-24T23:34:24.414+0000] {logging_mixin.py:137} INFO - [2023-05-24T23:34:24.413+0000] {dagbag.py:538} INFO - Filling up the DagBag from /home/airflow/.local/lib/python3.7/site-packages/airflow/example_dags/tutorial.py
[2023-05-24T23:34:24.444+0000] {processor.py:753} INFO - DAG(s) dict_keys(['tutorial']) retrieved from /home/airflow/.local/lib/python3.7/site-packages/airflow/example_dags/tutorial.py
[2023-05-24T23:34:24.506+0000] {logging_mixin.py:137} INFO - [2023-05-24T23:34:24.506+0000] {dag.py:2690} INFO - Sync 1 DAGs
[2023-05-24T23:34:24.558+0000] {logging_mixin.py:137} INFO - [2023-05-24T23:34:24.558+0000] {dag.py:3441} INFO - Setting next_dagrun for tutorial to 2023-05-23T23:34:24.557782+00:00, run_after=2023-05-24T23:34:24.557782+00:00
[2023-05-24T23:34:24.586+0000] {processor.py:175} INFO - Processing /home/airflow/.local/lib/python3.7/site-packages/airflow/example_dags/tutorial.py took 0.190 seconds
[2023-05-24T23:34:56.458+0000] {processor.py:153} INFO - Started process (PID=178) to work on /home/airflow/.local/lib/python3.7/site-packages/airflow/example_dags/tutorial.py
[2023-05-24T23:34:56.464+0000] {processor.py:743} INFO - Processing file /home/airflow/.local/lib/python3.7/site-packages/airflow/example_dags/tutorial.py for tasks to queue
[2023-05-24T23:34:56.492+0000] {logging_mixin.py:137} INFO - [2023-05-24T23:34:56.491+0000] {dagbag.py:538} INFO - Filling up the DagBag from /home/airflow/.local/lib/python3.7/site-packages/airflow/example_dags/tutorial.py
[2023-05-24T23:34:56.610+0000] {processor.py:753} INFO - DAG(s) dict_keys(['tutorial']) retrieved from /home/airflow/.local/lib/python3.7/site-packages/airflow/example_dags/tutorial.py
[2023-05-24T23:34:56.839+0000] {logging_mixin.py:137} INFO - [2023-05-24T23:34:56.838+0000] {dag.py:2690} INFO - Sync 1 DAGs
[2023-05-24T23:34:57.467+0000] {logging_mixin.py:137} INFO - [2023-05-24T23:34:57.467+0000] {dag.py:3441} INFO - Setting next_dagrun for tutorial to 2023-05-23T23:34:57.452358+00:00, run_after=2023-05-24T23:34:57.452358+00:00
[2023-05-24T23:34:57.839+0000] {processor.py:175} INFO - Processing /home/airflow/.local/lib/python3.7/site-packages/airflow/example_dags/tutorial.py took 1.430 seconds
[2023-05-24T23:36:00.472+0000] {processor.py:153} INFO - Started process (PID=245) to work on /home/airflow/.local/lib/python3.7/site-packages/airflow/example_dags/tutorial.py
[2023-05-24T23:36:00.478+0000] {processor.py:743} INFO - Processing file /home/airflow/.local/lib/python3.7/site-packages/airflow/example_dags/tutorial.py for tasks to queue
[2023-05-24T23:36:00.512+0000] {logging_mixin.py:137} INFO - [2023-05-24T23:36:00.511+0000] {dagbag.py:538} INFO - Filling up the DagBag from /home/airflow/.local/lib/python3.7/site-packages/airflow/example_dags/tutorial.py
[2023-05-24T23:36:00.665+0000] {processor.py:753} INFO - DAG(s) dict_keys(['tutorial']) retrieved from /home/airflow/.local/lib/python3.7/site-packages/airflow/example_dags/tutorial.py
[2023-05-24T23:36:01.122+0000] {logging_mixin.py:137} INFO - [2023-05-24T23:36:01.121+0000] {dag.py:2690} INFO - Sync 1 DAGs
[2023-05-24T23:36:01.583+0000] {logging_mixin.py:137} INFO - [2023-05-24T23:36:01.583+0000] {dag.py:3441} INFO - Setting next_dagrun for tutorial to 2023-05-23T23:36:01.574891+00:00, run_after=2023-05-24T23:36:01.574891+00:00
[2023-05-24T23:36:02.137+0000] {processor.py:175} INFO - Processing /home/airflow/.local/lib/python3.7/site-packages/airflow/example_dags/tutorial.py took 1.731 seconds
[2023-05-24T23:37:16.782+0000] {processor.py:153} INFO - Started process (PID=316) to work on /home/airflow/.local/lib/python3.7/site-packages/airflow/example_dags/tutorial.py
[2023-05-24T23:37:16.801+0000] {processor.py:743} INFO - Processing file /home/airflow/.local/lib/python3.7/site-packages/airflow/example_dags/tutorial.py for tasks to queue
[2023-05-24T23:37:16.808+0000] {logging_mixin.py:137} INFO - [2023-05-24T23:37:16.807+0000] {dagbag.py:538} INFO - Filling up the DagBag from /home/airflow/.local/lib/python3.7/site-packages/airflow/example_dags/tutorial.py
[2023-05-24T23:37:17.514+0000] {processor.py:753} INFO - DAG(s) dict_keys(['tutorial']) retrieved from /home/airflow/.local/lib/python3.7/site-packages/airflow/example_dags/tutorial.py
[2023-05-24T23:37:18.857+0000] {logging_mixin.py:137} INFO - [2023-05-24T23:37:18.853+0000] {dag.py:2690} INFO - Sync 1 DAGs
[2023-05-24T23:37:19.949+0000] {logging_mixin.py:137} INFO - [2023-05-24T23:37:19.948+0000] {dag.py:3441} INFO - Setting next_dagrun for tutorial to 2023-05-23T23:37:19.947480+00:00, run_after=2023-05-24T23:37:19.947480+00:00
[2023-05-24T23:37:20.140+0000] {processor.py:175} INFO - Processing /home/airflow/.local/lib/python3.7/site-packages/airflow/example_dags/tutorial.py took 3.449 seconds
[2023-05-24T23:38:05.270+0000] {processor.py:153} INFO - Started process (PID=384) to work on /home/airflow/.local/lib/python3.7/site-packages/airflow/example_dags/tutorial.py
[2023-05-24T23:38:05.288+0000] {processor.py:743} INFO - Processing file /home/airflow/.local/lib/python3.7/site-packages/airflow/example_dags/tutorial.py for tasks to queue
[2023-05-24T23:38:05.299+0000] {logging_mixin.py:137} INFO - [2023-05-24T23:38:05.298+0000] {dagbag.py:538} INFO - Filling up the DagBag from /home/airflow/.local/lib/python3.7/site-packages/airflow/example_dags/tutorial.py
[2023-05-24T23:38:05.721+0000] {processor.py:753} INFO - DAG(s) dict_keys(['tutorial']) retrieved from /home/airflow/.local/lib/python3.7/site-packages/airflow/example_dags/tutorial.py
[2023-05-24T23:38:06.593+0000] {logging_mixin.py:137} INFO - [2023-05-24T23:38:06.592+0000] {dag.py:2690} INFO - Sync 1 DAGs
[2023-05-24T23:38:07.240+0000] {logging_mixin.py:137} INFO - [2023-05-24T23:38:07.239+0000] {dag.py:3441} INFO - Setting next_dagrun for tutorial to 2023-05-23T23:38:07.239478+00:00, run_after=2023-05-24T23:38:07.239478+00:00
[2023-05-24T23:38:07.541+0000] {processor.py:175} INFO - Processing /home/airflow/.local/lib/python3.7/site-packages/airflow/example_dags/tutorial.py took 2.924 seconds
[2023-05-24T23:39:27.042+0000] {processor.py:153} INFO - Started process (PID=460) to work on /home/airflow/.local/lib/python3.7/site-packages/airflow/example_dags/tutorial.py
[2023-05-24T23:39:27.052+0000] {processor.py:743} INFO - Processing file /home/airflow/.local/lib/python3.7/site-packages/airflow/example_dags/tutorial.py for tasks to queue
[2023-05-24T23:39:27.068+0000] {logging_mixin.py:137} INFO - [2023-05-24T23:39:27.064+0000] {dagbag.py:538} INFO - Filling up the DagBag from /home/airflow/.local/lib/python3.7/site-packages/airflow/example_dags/tutorial.py
[2023-05-24T23:39:27.317+0000] {processor.py:753} INFO - DAG(s) dict_keys(['tutorial']) retrieved from /home/airflow/.local/lib/python3.7/site-packages/airflow/example_dags/tutorial.py
[2023-05-24T23:39:28.465+0000] {logging_mixin.py:137} INFO - [2023-05-24T23:39:28.450+0000] {dag.py:2690} INFO - Sync 1 DAGs
[2023-05-24T23:39:29.554+0000] {logging_mixin.py:137} INFO - [2023-05-24T23:39:29.554+0000] {dag.py:3441} INFO - Setting next_dagrun for tutorial to 2023-05-23T23:39:29.553807+00:00, run_after=2023-05-24T23:39:29.553807+00:00
[2023-05-24T23:39:30.095+0000] {processor.py:175} INFO - Processing /home/airflow/.local/lib/python3.7/site-packages/airflow/example_dags/tutorial.py took 3.100 seconds
[2023-05-24T23:40:18.635+0000] {processor.py:153} INFO - Started process (PID=521) to work on /home/airflow/.local/lib/python3.7/site-packages/airflow/example_dags/tutorial.py
[2023-05-24T23:40:18.641+0000] {processor.py:743} INFO - Processing file /home/airflow/.local/lib/python3.7/site-packages/airflow/example_dags/tutorial.py for tasks to queue
[2023-05-24T23:40:18.670+0000] {logging_mixin.py:137} INFO - [2023-05-24T23:40:18.661+0000] {dagbag.py:538} INFO - Filling up the DagBag from /home/airflow/.local/lib/python3.7/site-packages/airflow/example_dags/tutorial.py
[2023-05-24T23:40:18.751+0000] {processor.py:753} INFO - DAG(s) dict_keys(['tutorial']) retrieved from /home/airflow/.local/lib/python3.7/site-packages/airflow/example_dags/tutorial.py
[2023-05-24T23:40:19.143+0000] {logging_mixin.py:137} INFO - [2023-05-24T23:40:19.121+0000] {dag.py:2690} INFO - Sync 1 DAGs
[2023-05-24T23:40:19.725+0000] {logging_mixin.py:137} INFO - [2023-05-24T23:40:19.724+0000] {dag.py:3441} INFO - Setting next_dagrun for tutorial to 2023-05-23T23:40:19.724516+00:00, run_after=2023-05-24T23:40:19.724516+00:00
[2023-05-24T23:40:20.402+0000] {processor.py:175} INFO - Processing /home/airflow/.local/lib/python3.7/site-packages/airflow/example_dags/tutorial.py took 1.782 seconds
[2023-05-24T23:40:50.575+0000] {processor.py:153} INFO - Started process (PID=578) to work on /home/airflow/.local/lib/python3.7/site-packages/airflow/example_dags/tutorial.py
[2023-05-24T23:40:50.578+0000] {processor.py:743} INFO - Processing file /home/airflow/.local/lib/python3.7/site-packages/airflow/example_dags/tutorial.py for tasks to queue
[2023-05-24T23:40:50.581+0000] {logging_mixin.py:137} INFO - [2023-05-24T23:40:50.581+0000] {dagbag.py:538} INFO - Filling up the DagBag from /home/airflow/.local/lib/python3.7/site-packages/airflow/example_dags/tutorial.py
[2023-05-24T23:40:50.609+0000] {processor.py:753} INFO - DAG(s) dict_keys(['tutorial']) retrieved from /home/airflow/.local/lib/python3.7/site-packages/airflow/example_dags/tutorial.py
[2023-05-24T23:40:50.649+0000] {logging_mixin.py:137} INFO - [2023-05-24T23:40:50.649+0000] {dag.py:2690} INFO - Sync 1 DAGs
[2023-05-24T23:40:50.694+0000] {logging_mixin.py:137} INFO - [2023-05-24T23:40:50.694+0000] {dag.py:3441} INFO - Setting next_dagrun for tutorial to 2023-05-23T23:40:50.693916+00:00, run_after=2023-05-24T23:40:50.693916+00:00
[2023-05-24T23:40:50.727+0000] {processor.py:175} INFO - Processing /home/airflow/.local/lib/python3.7/site-packages/airflow/example_dags/tutorial.py took 0.161 seconds
[2023-05-24T23:43:11.221+0000] {processor.py:153} INFO - Started process (PID=71) to work on /home/airflow/.local/lib/python3.7/site-packages/airflow/example_dags/tutorial.py
[2023-05-24T23:43:11.224+0000] {processor.py:743} INFO - Processing file /home/airflow/.local/lib/python3.7/site-packages/airflow/example_dags/tutorial.py for tasks to queue
[2023-05-24T23:43:11.234+0000] {logging_mixin.py:137} INFO - [2023-05-24T23:43:11.234+0000] {dagbag.py:538} INFO - Filling up the DagBag from /home/airflow/.local/lib/python3.7/site-packages/airflow/example_dags/tutorial.py
[2023-05-24T23:43:11.322+0000] {processor.py:753} INFO - DAG(s) dict_keys(['tutorial']) retrieved from /home/airflow/.local/lib/python3.7/site-packages/airflow/example_dags/tutorial.py
[2023-05-24T23:43:11.460+0000] {logging_mixin.py:137} INFO - [2023-05-24T23:43:11.460+0000] {dag.py:2690} INFO - Sync 1 DAGs
[2023-05-24T23:43:11.590+0000] {logging_mixin.py:137} INFO - [2023-05-24T23:43:11.590+0000] {dag.py:3441} INFO - Setting next_dagrun for tutorial to 2023-05-23T23:43:11.589783+00:00, run_after=2023-05-24T23:43:11.589783+00:00
[2023-05-24T23:43:11.649+0000] {processor.py:175} INFO - Processing /home/airflow/.local/lib/python3.7/site-packages/airflow/example_dags/tutorial.py took 0.446 seconds
[2023-05-24T23:43:44.663+0000] {processor.py:153} INFO - Started process (PID=129) to work on /home/airflow/.local/lib/python3.7/site-packages/airflow/example_dags/tutorial.py
[2023-05-24T23:43:44.704+0000] {processor.py:743} INFO - Processing file /home/airflow/.local/lib/python3.7/site-packages/airflow/example_dags/tutorial.py for tasks to queue
[2023-05-24T23:43:44.728+0000] {logging_mixin.py:137} INFO - [2023-05-24T23:43:44.725+0000] {dagbag.py:538} INFO - Filling up the DagBag from /home/airflow/.local/lib/python3.7/site-packages/airflow/example_dags/tutorial.py
[2023-05-24T23:43:45.012+0000] {processor.py:753} INFO - DAG(s) dict_keys(['tutorial']) retrieved from /home/airflow/.local/lib/python3.7/site-packages/airflow/example_dags/tutorial.py
[2023-05-24T23:43:45.564+0000] {logging_mixin.py:137} INFO - [2023-05-24T23:43:45.564+0000] {dag.py:2690} INFO - Sync 1 DAGs
[2023-05-24T23:43:46.057+0000] {logging_mixin.py:137} INFO - [2023-05-24T23:43:46.057+0000] {dag.py:3441} INFO - Setting next_dagrun for tutorial to 2023-05-23T23:43:46.056723+00:00, run_after=2023-05-24T23:43:46.056723+00:00
[2023-05-24T23:43:46.621+0000] {processor.py:175} INFO - Processing /home/airflow/.local/lib/python3.7/site-packages/airflow/example_dags/tutorial.py took 2.146 seconds
[2023-05-24T23:44:17.773+0000] {processor.py:153} INFO - Started process (PID=182) to work on /home/airflow/.local/lib/python3.7/site-packages/airflow/example_dags/tutorial.py
[2023-05-24T23:44:17.775+0000] {processor.py:743} INFO - Processing file /home/airflow/.local/lib/python3.7/site-packages/airflow/example_dags/tutorial.py for tasks to queue
[2023-05-24T23:44:17.777+0000] {logging_mixin.py:137} INFO - [2023-05-24T23:44:17.777+0000] {dagbag.py:538} INFO - Filling up the DagBag from /home/airflow/.local/lib/python3.7/site-packages/airflow/example_dags/tutorial.py
[2023-05-24T23:44:17.804+0000] {processor.py:753} INFO - DAG(s) dict_keys(['tutorial']) retrieved from /home/airflow/.local/lib/python3.7/site-packages/airflow/example_dags/tutorial.py
[2023-05-24T23:44:17.845+0000] {logging_mixin.py:137} INFO - [2023-05-24T23:44:17.845+0000] {dag.py:2690} INFO - Sync 1 DAGs
[2023-05-24T23:44:17.882+0000] {logging_mixin.py:137} INFO - [2023-05-24T23:44:17.882+0000] {dag.py:3441} INFO - Setting next_dagrun for tutorial to 2023-05-23T23:44:17.881804+00:00, run_after=2023-05-24T23:44:17.881804+00:00
[2023-05-24T23:44:17.917+0000] {processor.py:175} INFO - Processing /home/airflow/.local/lib/python3.7/site-packages/airflow/example_dags/tutorial.py took 0.152 seconds
[2023-05-24T23:44:48.166+0000] {processor.py:153} INFO - Started process (PID=242) to work on /home/airflow/.local/lib/python3.7/site-packages/airflow/example_dags/tutorial.py
[2023-05-24T23:44:48.194+0000] {processor.py:743} INFO - Processing file /home/airflow/.local/lib/python3.7/site-packages/airflow/example_dags/tutorial.py for tasks to queue
[2023-05-24T23:44:48.228+0000] {logging_mixin.py:137} INFO - [2023-05-24T23:44:48.228+0000] {dagbag.py:538} INFO - Filling up the DagBag from /home/airflow/.local/lib/python3.7/site-packages/airflow/example_dags/tutorial.py
[2023-05-24T23:44:48.415+0000] {processor.py:753} INFO - DAG(s) dict_keys(['tutorial']) retrieved from /home/airflow/.local/lib/python3.7/site-packages/airflow/example_dags/tutorial.py
[2023-05-24T23:44:48.529+0000] {logging_mixin.py:137} INFO - [2023-05-24T23:44:48.528+0000] {dag.py:2690} INFO - Sync 1 DAGs
[2023-05-24T23:44:48.645+0000] {logging_mixin.py:137} INFO - [2023-05-24T23:44:48.645+0000] {dag.py:3441} INFO - Setting next_dagrun for tutorial to 2023-05-23T23:44:48.644613+00:00, run_after=2023-05-24T23:44:48.644613+00:00
[2023-05-24T23:44:48.768+0000] {processor.py:175} INFO - Processing /home/airflow/.local/lib/python3.7/site-packages/airflow/example_dags/tutorial.py took 0.626 seconds
[2023-05-24T23:45:19.139+0000] {processor.py:153} INFO - Started process (PID=310) to work on /home/airflow/.local/lib/python3.7/site-packages/airflow/example_dags/tutorial.py
[2023-05-24T23:45:19.143+0000] {processor.py:743} INFO - Processing file /home/airflow/.local/lib/python3.7/site-packages/airflow/example_dags/tutorial.py for tasks to queue
[2023-05-24T23:45:19.154+0000] {logging_mixin.py:137} INFO - [2023-05-24T23:45:19.153+0000] {dagbag.py:538} INFO - Filling up the DagBag from /home/airflow/.local/lib/python3.7/site-packages/airflow/example_dags/tutorial.py
[2023-05-24T23:45:19.193+0000] {processor.py:753} INFO - DAG(s) dict_keys(['tutorial']) retrieved from /home/airflow/.local/lib/python3.7/site-packages/airflow/example_dags/tutorial.py
[2023-05-24T23:45:19.249+0000] {logging_mixin.py:137} INFO - [2023-05-24T23:45:19.249+0000] {dag.py:2690} INFO - Sync 1 DAGs
[2023-05-24T23:45:19.300+0000] {logging_mixin.py:137} INFO - [2023-05-24T23:45:19.300+0000] {dag.py:3441} INFO - Setting next_dagrun for tutorial to 2023-05-23T23:45:19.299663+00:00, run_after=2023-05-24T23:45:19.299663+00:00
[2023-05-24T23:45:19.331+0000] {processor.py:175} INFO - Processing /home/airflow/.local/lib/python3.7/site-packages/airflow/example_dags/tutorial.py took 0.202 seconds
[2023-05-24T23:45:49.427+0000] {processor.py:153} INFO - Started process (PID=369) to work on /home/airflow/.local/lib/python3.7/site-packages/airflow/example_dags/tutorial.py
[2023-05-24T23:45:49.435+0000] {processor.py:743} INFO - Processing file /home/airflow/.local/lib/python3.7/site-packages/airflow/example_dags/tutorial.py for tasks to queue
[2023-05-24T23:45:49.438+0000] {logging_mixin.py:137} INFO - [2023-05-24T23:45:49.438+0000] {dagbag.py:538} INFO - Filling up the DagBag from /home/airflow/.local/lib/python3.7/site-packages/airflow/example_dags/tutorial.py
[2023-05-24T23:45:49.460+0000] {processor.py:753} INFO - DAG(s) dict_keys(['tutorial']) retrieved from /home/airflow/.local/lib/python3.7/site-packages/airflow/example_dags/tutorial.py
[2023-05-24T23:45:49.495+0000] {logging_mixin.py:137} INFO - [2023-05-24T23:45:49.495+0000] {dag.py:2690} INFO - Sync 1 DAGs
[2023-05-24T23:45:49.530+0000] {logging_mixin.py:137} INFO - [2023-05-24T23:45:49.530+0000] {dag.py:3441} INFO - Setting next_dagrun for tutorial to 2023-05-23T23:45:49.530092+00:00, run_after=2023-05-24T23:45:49.530092+00:00
[2023-05-24T23:45:49.559+0000] {processor.py:175} INFO - Processing /home/airflow/.local/lib/python3.7/site-packages/airflow/example_dags/tutorial.py took 0.137 seconds
[2023-05-24T23:46:20.639+0000] {processor.py:153} INFO - Started process (PID=431) to work on /home/airflow/.local/lib/python3.7/site-packages/airflow/example_dags/tutorial.py
[2023-05-24T23:46:20.661+0000] {processor.py:743} INFO - Processing file /home/airflow/.local/lib/python3.7/site-packages/airflow/example_dags/tutorial.py for tasks to queue
[2023-05-24T23:46:20.676+0000] {logging_mixin.py:137} INFO - [2023-05-24T23:46:20.676+0000] {dagbag.py:538} INFO - Filling up the DagBag from /home/airflow/.local/lib/python3.7/site-packages/airflow/example_dags/tutorial.py
[2023-05-24T23:46:20.760+0000] {processor.py:753} INFO - DAG(s) dict_keys(['tutorial']) retrieved from /home/airflow/.local/lib/python3.7/site-packages/airflow/example_dags/tutorial.py
[2023-05-24T23:46:20.891+0000] {logging_mixin.py:137} INFO - [2023-05-24T23:46:20.890+0000] {dag.py:2690} INFO - Sync 1 DAGs
[2023-05-24T23:46:20.939+0000] {logging_mixin.py:137} INFO - [2023-05-24T23:46:20.939+0000] {dag.py:3441} INFO - Setting next_dagrun for tutorial to 2023-05-23T23:46:20.939347+00:00, run_after=2023-05-24T23:46:20.939347+00:00
[2023-05-24T23:46:20.988+0000] {processor.py:175} INFO - Processing /home/airflow/.local/lib/python3.7/site-packages/airflow/example_dags/tutorial.py took 0.359 seconds
[2023-05-24T23:46:51.615+0000] {processor.py:153} INFO - Started process (PID=491) to work on /home/airflow/.local/lib/python3.7/site-packages/airflow/example_dags/tutorial.py
[2023-05-24T23:46:51.618+0000] {processor.py:743} INFO - Processing file /home/airflow/.local/lib/python3.7/site-packages/airflow/example_dags/tutorial.py for tasks to queue
[2023-05-24T23:46:51.623+0000] {logging_mixin.py:137} INFO - [2023-05-24T23:46:51.622+0000] {dagbag.py:538} INFO - Filling up the DagBag from /home/airflow/.local/lib/python3.7/site-packages/airflow/example_dags/tutorial.py
[2023-05-24T23:46:51.655+0000] {processor.py:753} INFO - DAG(s) dict_keys(['tutorial']) retrieved from /home/airflow/.local/lib/python3.7/site-packages/airflow/example_dags/tutorial.py
[2023-05-24T23:46:51.720+0000] {logging_mixin.py:137} INFO - [2023-05-24T23:46:51.720+0000] {dag.py:2690} INFO - Sync 1 DAGs
[2023-05-24T23:46:51.782+0000] {logging_mixin.py:137} INFO - [2023-05-24T23:46:51.782+0000] {dag.py:3441} INFO - Setting next_dagrun for tutorial to 2023-05-23T23:46:51.782121+00:00, run_after=2023-05-24T23:46:51.782121+00:00
[2023-05-24T23:46:51.820+0000] {processor.py:175} INFO - Processing /home/airflow/.local/lib/python3.7/site-packages/airflow/example_dags/tutorial.py took 0.213 seconds
[2023-05-24T23:47:21.873+0000] {processor.py:153} INFO - Started process (PID=548) to work on /home/airflow/.local/lib/python3.7/site-packages/airflow/example_dags/tutorial.py
[2023-05-24T23:47:21.881+0000] {processor.py:743} INFO - Processing file /home/airflow/.local/lib/python3.7/site-packages/airflow/example_dags/tutorial.py for tasks to queue
[2023-05-24T23:47:21.884+0000] {logging_mixin.py:137} INFO - [2023-05-24T23:47:21.884+0000] {dagbag.py:538} INFO - Filling up the DagBag from /home/airflow/.local/lib/python3.7/site-packages/airflow/example_dags/tutorial.py
[2023-05-24T23:47:21.904+0000] {processor.py:753} INFO - DAG(s) dict_keys(['tutorial']) retrieved from /home/airflow/.local/lib/python3.7/site-packages/airflow/example_dags/tutorial.py
[2023-05-24T23:47:21.942+0000] {logging_mixin.py:137} INFO - [2023-05-24T23:47:21.941+0000] {dag.py:2690} INFO - Sync 1 DAGs
[2023-05-24T23:47:21.978+0000] {logging_mixin.py:137} INFO - [2023-05-24T23:47:21.978+0000] {dag.py:3441} INFO - Setting next_dagrun for tutorial to 2023-05-23T23:47:21.977855+00:00, run_after=2023-05-24T23:47:21.977855+00:00
[2023-05-24T23:47:22.015+0000] {processor.py:175} INFO - Processing /home/airflow/.local/lib/python3.7/site-packages/airflow/example_dags/tutorial.py took 0.146 seconds
[2023-05-24T23:48:01.829+0000] {processor.py:153} INFO - Started process (PID=620) to work on /home/airflow/.local/lib/python3.7/site-packages/airflow/example_dags/tutorial.py
[2023-05-24T23:48:01.839+0000] {processor.py:743} INFO - Processing file /home/airflow/.local/lib/python3.7/site-packages/airflow/example_dags/tutorial.py for tasks to queue
[2023-05-24T23:48:01.842+0000] {logging_mixin.py:137} INFO - [2023-05-24T23:48:01.842+0000] {dagbag.py:538} INFO - Filling up the DagBag from /home/airflow/.local/lib/python3.7/site-packages/airflow/example_dags/tutorial.py
[2023-05-24T23:48:01.905+0000] {processor.py:753} INFO - DAG(s) dict_keys(['tutorial']) retrieved from /home/airflow/.local/lib/python3.7/site-packages/airflow/example_dags/tutorial.py
[2023-05-24T23:48:02.031+0000] {logging_mixin.py:137} INFO - [2023-05-24T23:48:02.030+0000] {dag.py:2690} INFO - Sync 1 DAGs
[2023-05-24T23:48:02.221+0000] {logging_mixin.py:137} INFO - [2023-05-24T23:48:02.221+0000] {dag.py:3441} INFO - Setting next_dagrun for tutorial to 2023-05-23T23:48:02.220826+00:00, run_after=2023-05-24T23:48:02.220826+00:00
[2023-05-24T23:48:02.355+0000] {processor.py:175} INFO - Processing /home/airflow/.local/lib/python3.7/site-packages/airflow/example_dags/tutorial.py took 0.534 seconds
[2023-05-24T23:48:32.770+0000] {processor.py:153} INFO - Started process (PID=681) to work on /home/airflow/.local/lib/python3.7/site-packages/airflow/example_dags/tutorial.py
[2023-05-24T23:48:32.772+0000] {processor.py:743} INFO - Processing file /home/airflow/.local/lib/python3.7/site-packages/airflow/example_dags/tutorial.py for tasks to queue
[2023-05-24T23:48:32.775+0000] {logging_mixin.py:137} INFO - [2023-05-24T23:48:32.775+0000] {dagbag.py:538} INFO - Filling up the DagBag from /home/airflow/.local/lib/python3.7/site-packages/airflow/example_dags/tutorial.py
[2023-05-24T23:48:32.800+0000] {processor.py:753} INFO - DAG(s) dict_keys(['tutorial']) retrieved from /home/airflow/.local/lib/python3.7/site-packages/airflow/example_dags/tutorial.py
[2023-05-24T23:48:32.840+0000] {logging_mixin.py:137} INFO - [2023-05-24T23:48:32.840+0000] {dag.py:2690} INFO - Sync 1 DAGs
[2023-05-24T23:48:32.882+0000] {logging_mixin.py:137} INFO - [2023-05-24T23:48:32.882+0000] {dag.py:3441} INFO - Setting next_dagrun for tutorial to 2023-05-23T23:48:32.881902+00:00, run_after=2023-05-24T23:48:32.881902+00:00
[2023-05-24T23:48:32.908+0000] {processor.py:175} INFO - Processing /home/airflow/.local/lib/python3.7/site-packages/airflow/example_dags/tutorial.py took 0.146 seconds
[2023-05-24T23:49:03.795+0000] {processor.py:153} INFO - Started process (PID=740) to work on /home/airflow/.local/lib/python3.7/site-packages/airflow/example_dags/tutorial.py
[2023-05-24T23:49:03.799+0000] {processor.py:743} INFO - Processing file /home/airflow/.local/lib/python3.7/site-packages/airflow/example_dags/tutorial.py for tasks to queue
[2023-05-24T23:49:03.802+0000] {logging_mixin.py:137} INFO - [2023-05-24T23:49:03.802+0000] {dagbag.py:538} INFO - Filling up the DagBag from /home/airflow/.local/lib/python3.7/site-packages/airflow/example_dags/tutorial.py
[2023-05-24T23:49:03.830+0000] {processor.py:753} INFO - DAG(s) dict_keys(['tutorial']) retrieved from /home/airflow/.local/lib/python3.7/site-packages/airflow/example_dags/tutorial.py
[2023-05-24T23:49:03.877+0000] {logging_mixin.py:137} INFO - [2023-05-24T23:49:03.876+0000] {dag.py:2690} INFO - Sync 1 DAGs
[2023-05-24T23:49:03.951+0000] {logging_mixin.py:137} INFO - [2023-05-24T23:49:03.951+0000] {dag.py:3441} INFO - Setting next_dagrun for tutorial to 2023-05-23T23:49:03.951225+00:00, run_after=2023-05-24T23:49:03.951225+00:00
[2023-05-24T23:49:04.020+0000] {processor.py:175} INFO - Processing /home/airflow/.local/lib/python3.7/site-packages/airflow/example_dags/tutorial.py took 0.230 seconds
[2023-05-24T23:49:35.097+0000] {processor.py:153} INFO - Started process (PID=800) to work on /home/airflow/.local/lib/python3.7/site-packages/airflow/example_dags/tutorial.py
[2023-05-24T23:49:35.106+0000] {processor.py:743} INFO - Processing file /home/airflow/.local/lib/python3.7/site-packages/airflow/example_dags/tutorial.py for tasks to queue
[2023-05-24T23:49:35.112+0000] {logging_mixin.py:137} INFO - [2023-05-24T23:49:35.111+0000] {dagbag.py:538} INFO - Filling up the DagBag from /home/airflow/.local/lib/python3.7/site-packages/airflow/example_dags/tutorial.py
[2023-05-24T23:49:35.171+0000] {processor.py:753} INFO - DAG(s) dict_keys(['tutorial']) retrieved from /home/airflow/.local/lib/python3.7/site-packages/airflow/example_dags/tutorial.py
[2023-05-24T23:49:35.249+0000] {logging_mixin.py:137} INFO - [2023-05-24T23:49:35.248+0000] {dag.py:2690} INFO - Sync 1 DAGs
[2023-05-24T23:49:35.295+0000] {logging_mixin.py:137} INFO - [2023-05-24T23:49:35.294+0000] {dag.py:3441} INFO - Setting next_dagrun for tutorial to 2023-05-23T23:49:35.294354+00:00, run_after=2023-05-24T23:49:35.294354+00:00
[2023-05-24T23:49:35.356+0000] {processor.py:175} INFO - Processing /home/airflow/.local/lib/python3.7/site-packages/airflow/example_dags/tutorial.py took 0.264 seconds
[2023-05-24T23:50:05.952+0000] {processor.py:153} INFO - Started process (PID=858) to work on /home/airflow/.local/lib/python3.7/site-packages/airflow/example_dags/tutorial.py
[2023-05-24T23:50:05.957+0000] {processor.py:743} INFO - Processing file /home/airflow/.local/lib/python3.7/site-packages/airflow/example_dags/tutorial.py for tasks to queue
[2023-05-24T23:50:05.965+0000] {logging_mixin.py:137} INFO - [2023-05-24T23:50:05.965+0000] {dagbag.py:538} INFO - Filling up the DagBag from /home/airflow/.local/lib/python3.7/site-packages/airflow/example_dags/tutorial.py
[2023-05-24T23:50:06.004+0000] {processor.py:753} INFO - DAG(s) dict_keys(['tutorial']) retrieved from /home/airflow/.local/lib/python3.7/site-packages/airflow/example_dags/tutorial.py
[2023-05-24T23:50:06.064+0000] {logging_mixin.py:137} INFO - [2023-05-24T23:50:06.063+0000] {dag.py:2690} INFO - Sync 1 DAGs
[2023-05-24T23:50:06.108+0000] {logging_mixin.py:137} INFO - [2023-05-24T23:50:06.108+0000] {dag.py:3441} INFO - Setting next_dagrun for tutorial to 2023-05-23T23:50:06.108460+00:00, run_after=2023-05-24T23:50:06.108460+00:00
[2023-05-24T23:50:06.166+0000] {processor.py:175} INFO - Processing /home/airflow/.local/lib/python3.7/site-packages/airflow/example_dags/tutorial.py took 0.220 seconds
[2023-05-24T23:50:37.101+0000] {processor.py:153} INFO - Started process (PID=918) to work on /home/airflow/.local/lib/python3.7/site-packages/airflow/example_dags/tutorial.py
[2023-05-24T23:50:37.114+0000] {processor.py:743} INFO - Processing file /home/airflow/.local/lib/python3.7/site-packages/airflow/example_dags/tutorial.py for tasks to queue
[2023-05-24T23:50:37.119+0000] {logging_mixin.py:137} INFO - [2023-05-24T23:50:37.118+0000] {dagbag.py:538} INFO - Filling up the DagBag from /home/airflow/.local/lib/python3.7/site-packages/airflow/example_dags/tutorial.py
[2023-05-24T23:50:37.153+0000] {processor.py:753} INFO - DAG(s) dict_keys(['tutorial']) retrieved from /home/airflow/.local/lib/python3.7/site-packages/airflow/example_dags/tutorial.py
[2023-05-24T23:50:37.284+0000] {logging_mixin.py:137} INFO - [2023-05-24T23:50:37.282+0000] {dag.py:2690} INFO - Sync 1 DAGs
[2023-05-24T23:50:37.354+0000] {logging_mixin.py:137} INFO - [2023-05-24T23:50:37.354+0000] {dag.py:3441} INFO - Setting next_dagrun for tutorial to 2023-05-23T23:50:37.353750+00:00, run_after=2023-05-24T23:50:37.353750+00:00
[2023-05-24T23:50:37.428+0000] {processor.py:175} INFO - Processing /home/airflow/.local/lib/python3.7/site-packages/airflow/example_dags/tutorial.py took 0.333 seconds
[2023-05-24T23:51:09.630+0000] {processor.py:153} INFO - Started process (PID=988) to work on /home/airflow/.local/lib/python3.7/site-packages/airflow/example_dags/tutorial.py
[2023-05-24T23:51:09.643+0000] {processor.py:743} INFO - Processing file /home/airflow/.local/lib/python3.7/site-packages/airflow/example_dags/tutorial.py for tasks to queue
[2023-05-24T23:51:09.651+0000] {logging_mixin.py:137} INFO - [2023-05-24T23:51:09.651+0000] {dagbag.py:538} INFO - Filling up the DagBag from /home/airflow/.local/lib/python3.7/site-packages/airflow/example_dags/tutorial.py
[2023-05-24T23:51:09.868+0000] {processor.py:753} INFO - DAG(s) dict_keys(['tutorial']) retrieved from /home/airflow/.local/lib/python3.7/site-packages/airflow/example_dags/tutorial.py
[2023-05-24T23:51:10.229+0000] {logging_mixin.py:137} INFO - [2023-05-24T23:51:10.229+0000] {dag.py:2690} INFO - Sync 1 DAGs
[2023-05-24T23:51:10.690+0000] {logging_mixin.py:137} INFO - [2023-05-24T23:51:10.690+0000] {dag.py:3441} INFO - Setting next_dagrun for tutorial to 2023-05-23T23:51:10.678091+00:00, run_after=2023-05-24T23:51:10.678091+00:00
[2023-05-24T23:51:10.910+0000] {processor.py:175} INFO - Processing /home/airflow/.local/lib/python3.7/site-packages/airflow/example_dags/tutorial.py took 1.297 seconds
[2023-05-24T23:51:41.742+0000] {processor.py:153} INFO - Started process (PID=1048) to work on /home/airflow/.local/lib/python3.7/site-packages/airflow/example_dags/tutorial.py
[2023-05-24T23:51:41.745+0000] {processor.py:743} INFO - Processing file /home/airflow/.local/lib/python3.7/site-packages/airflow/example_dags/tutorial.py for tasks to queue
[2023-05-24T23:51:41.754+0000] {logging_mixin.py:137} INFO - [2023-05-24T23:51:41.753+0000] {dagbag.py:538} INFO - Filling up the DagBag from /home/airflow/.local/lib/python3.7/site-packages/airflow/example_dags/tutorial.py
[2023-05-24T23:51:41.796+0000] {processor.py:753} INFO - DAG(s) dict_keys(['tutorial']) retrieved from /home/airflow/.local/lib/python3.7/site-packages/airflow/example_dags/tutorial.py
[2023-05-24T23:51:41.930+0000] {logging_mixin.py:137} INFO - [2023-05-24T23:51:41.929+0000] {dag.py:2690} INFO - Sync 1 DAGs
[2023-05-24T23:51:42.006+0000] {logging_mixin.py:137} INFO - [2023-05-24T23:51:42.006+0000] {dag.py:3441} INFO - Setting next_dagrun for tutorial to 2023-05-23T23:51:42.005871+00:00, run_after=2023-05-24T23:51:42.005871+00:00
[2023-05-24T23:51:42.060+0000] {processor.py:175} INFO - Processing /home/airflow/.local/lib/python3.7/site-packages/airflow/example_dags/tutorial.py took 0.406 seconds
[2023-05-24T23:52:12.258+0000] {processor.py:153} INFO - Started process (PID=1111) to work on /home/airflow/.local/lib/python3.7/site-packages/airflow/example_dags/tutorial.py
[2023-05-24T23:52:12.261+0000] {processor.py:743} INFO - Processing file /home/airflow/.local/lib/python3.7/site-packages/airflow/example_dags/tutorial.py for tasks to queue
[2023-05-24T23:52:12.265+0000] {logging_mixin.py:137} INFO - [2023-05-24T23:52:12.265+0000] {dagbag.py:538} INFO - Filling up the DagBag from /home/airflow/.local/lib/python3.7/site-packages/airflow/example_dags/tutorial.py
[2023-05-24T23:52:12.307+0000] {processor.py:753} INFO - DAG(s) dict_keys(['tutorial']) retrieved from /home/airflow/.local/lib/python3.7/site-packages/airflow/example_dags/tutorial.py
[2023-05-24T23:52:12.377+0000] {logging_mixin.py:137} INFO - [2023-05-24T23:52:12.377+0000] {dag.py:2690} INFO - Sync 1 DAGs
[2023-05-24T23:52:12.417+0000] {logging_mixin.py:137} INFO - [2023-05-24T23:52:12.417+0000] {dag.py:3441} INFO - Setting next_dagrun for tutorial to 2023-05-23T23:52:12.417346+00:00, run_after=2023-05-24T23:52:12.417346+00:00
[2023-05-24T23:52:12.450+0000] {processor.py:175} INFO - Processing /home/airflow/.local/lib/python3.7/site-packages/airflow/example_dags/tutorial.py took 0.199 seconds
[2023-05-24T23:52:43.169+0000] {processor.py:153} INFO - Started process (PID=1171) to work on /home/airflow/.local/lib/python3.7/site-packages/airflow/example_dags/tutorial.py
[2023-05-24T23:52:43.173+0000] {processor.py:743} INFO - Processing file /home/airflow/.local/lib/python3.7/site-packages/airflow/example_dags/tutorial.py for tasks to queue
[2023-05-24T23:52:43.177+0000] {logging_mixin.py:137} INFO - [2023-05-24T23:52:43.176+0000] {dagbag.py:538} INFO - Filling up the DagBag from /home/airflow/.local/lib/python3.7/site-packages/airflow/example_dags/tutorial.py
[2023-05-24T23:52:43.213+0000] {processor.py:753} INFO - DAG(s) dict_keys(['tutorial']) retrieved from /home/airflow/.local/lib/python3.7/site-packages/airflow/example_dags/tutorial.py
[2023-05-24T23:52:43.262+0000] {logging_mixin.py:137} INFO - [2023-05-24T23:52:43.262+0000] {dag.py:2690} INFO - Sync 1 DAGs
[2023-05-24T23:52:43.304+0000] {logging_mixin.py:137} INFO - [2023-05-24T23:52:43.304+0000] {dag.py:3441} INFO - Setting next_dagrun for tutorial to 2023-05-23T23:52:43.304300+00:00, run_after=2023-05-24T23:52:43.304300+00:00
[2023-05-24T23:52:43.340+0000] {processor.py:175} INFO - Processing /home/airflow/.local/lib/python3.7/site-packages/airflow/example_dags/tutorial.py took 0.187 seconds
[2023-05-24T23:53:13.937+0000] {processor.py:153} INFO - Started process (PID=1229) to work on /home/airflow/.local/lib/python3.7/site-packages/airflow/example_dags/tutorial.py
[2023-05-24T23:53:13.942+0000] {processor.py:743} INFO - Processing file /home/airflow/.local/lib/python3.7/site-packages/airflow/example_dags/tutorial.py for tasks to queue
[2023-05-24T23:53:13.951+0000] {logging_mixin.py:137} INFO - [2023-05-24T23:53:13.950+0000] {dagbag.py:538} INFO - Filling up the DagBag from /home/airflow/.local/lib/python3.7/site-packages/airflow/example_dags/tutorial.py
[2023-05-24T23:53:13.984+0000] {processor.py:753} INFO - DAG(s) dict_keys(['tutorial']) retrieved from /home/airflow/.local/lib/python3.7/site-packages/airflow/example_dags/tutorial.py
[2023-05-24T23:53:14.024+0000] {logging_mixin.py:137} INFO - [2023-05-24T23:53:14.023+0000] {dag.py:2690} INFO - Sync 1 DAGs
[2023-05-24T23:53:14.069+0000] {logging_mixin.py:137} INFO - [2023-05-24T23:53:14.068+0000] {dag.py:3441} INFO - Setting next_dagrun for tutorial to 2023-05-23T23:53:14.068581+00:00, run_after=2023-05-24T23:53:14.068581+00:00
[2023-05-24T23:53:14.100+0000] {processor.py:175} INFO - Processing /home/airflow/.local/lib/python3.7/site-packages/airflow/example_dags/tutorial.py took 0.168 seconds
[2023-05-24T23:53:44.412+0000] {processor.py:153} INFO - Started process (PID=1291) to work on /home/airflow/.local/lib/python3.7/site-packages/airflow/example_dags/tutorial.py
[2023-05-24T23:53:44.418+0000] {processor.py:743} INFO - Processing file /home/airflow/.local/lib/python3.7/site-packages/airflow/example_dags/tutorial.py for tasks to queue
[2023-05-24T23:53:44.421+0000] {logging_mixin.py:137} INFO - [2023-05-24T23:53:44.420+0000] {dagbag.py:538} INFO - Filling up the DagBag from /home/airflow/.local/lib/python3.7/site-packages/airflow/example_dags/tutorial.py
[2023-05-24T23:53:44.456+0000] {processor.py:753} INFO - DAG(s) dict_keys(['tutorial']) retrieved from /home/airflow/.local/lib/python3.7/site-packages/airflow/example_dags/tutorial.py
[2023-05-24T23:53:44.539+0000] {logging_mixin.py:137} INFO - [2023-05-24T23:53:44.536+0000] {dag.py:2690} INFO - Sync 1 DAGs
[2023-05-24T23:53:44.635+0000] {logging_mixin.py:137} INFO - [2023-05-24T23:53:44.634+0000] {dag.py:3441} INFO - Setting next_dagrun for tutorial to 2023-05-23T23:53:44.630912+00:00, run_after=2023-05-24T23:53:44.630912+00:00
[2023-05-24T23:53:44.701+0000] {processor.py:175} INFO - Processing /home/airflow/.local/lib/python3.7/site-packages/airflow/example_dags/tutorial.py took 0.313 seconds
[2023-05-24T23:54:14.842+0000] {processor.py:153} INFO - Started process (PID=1351) to work on /home/airflow/.local/lib/python3.7/site-packages/airflow/example_dags/tutorial.py
[2023-05-24T23:54:14.845+0000] {processor.py:743} INFO - Processing file /home/airflow/.local/lib/python3.7/site-packages/airflow/example_dags/tutorial.py for tasks to queue
[2023-05-24T23:54:14.855+0000] {logging_mixin.py:137} INFO - [2023-05-24T23:54:14.854+0000] {dagbag.py:538} INFO - Filling up the DagBag from /home/airflow/.local/lib/python3.7/site-packages/airflow/example_dags/tutorial.py
[2023-05-24T23:54:14.923+0000] {processor.py:753} INFO - DAG(s) dict_keys(['tutorial']) retrieved from /home/airflow/.local/lib/python3.7/site-packages/airflow/example_dags/tutorial.py
[2023-05-24T23:54:15.022+0000] {logging_mixin.py:137} INFO - [2023-05-24T23:54:15.021+0000] {dag.py:2690} INFO - Sync 1 DAGs
[2023-05-24T23:54:15.161+0000] {logging_mixin.py:137} INFO - [2023-05-24T23:54:15.161+0000] {dag.py:3441} INFO - Setting next_dagrun for tutorial to 2023-05-23T23:54:15.161258+00:00, run_after=2023-05-24T23:54:15.161258+00:00
[2023-05-24T23:54:15.261+0000] {processor.py:175} INFO - Processing /home/airflow/.local/lib/python3.7/site-packages/airflow/example_dags/tutorial.py took 0.427 seconds
[2023-05-24T23:54:46.361+0000] {processor.py:153} INFO - Started process (PID=1409) to work on /home/airflow/.local/lib/python3.7/site-packages/airflow/example_dags/tutorial.py
[2023-05-24T23:54:46.396+0000] {processor.py:743} INFO - Processing file /home/airflow/.local/lib/python3.7/site-packages/airflow/example_dags/tutorial.py for tasks to queue
[2023-05-24T23:54:46.403+0000] {logging_mixin.py:137} INFO - [2023-05-24T23:54:46.402+0000] {dagbag.py:538} INFO - Filling up the DagBag from /home/airflow/.local/lib/python3.7/site-packages/airflow/example_dags/tutorial.py
[2023-05-24T23:54:46.621+0000] {processor.py:753} INFO - DAG(s) dict_keys(['tutorial']) retrieved from /home/airflow/.local/lib/python3.7/site-packages/airflow/example_dags/tutorial.py
[2023-05-24T23:54:46.859+0000] {logging_mixin.py:137} INFO - [2023-05-24T23:54:46.859+0000] {dag.py:2690} INFO - Sync 1 DAGs
[2023-05-24T23:54:47.083+0000] {logging_mixin.py:137} INFO - [2023-05-24T23:54:47.083+0000] {dag.py:3441} INFO - Setting next_dagrun for tutorial to 2023-05-23T23:54:47.083030+00:00, run_after=2023-05-24T23:54:47.083030+00:00
[2023-05-24T23:54:47.269+0000] {processor.py:175} INFO - Processing /home/airflow/.local/lib/python3.7/site-packages/airflow/example_dags/tutorial.py took 0.916 seconds
[2023-05-24T23:55:17.799+0000] {processor.py:153} INFO - Started process (PID=1468) to work on /home/airflow/.local/lib/python3.7/site-packages/airflow/example_dags/tutorial.py
[2023-05-24T23:55:17.812+0000] {processor.py:743} INFO - Processing file /home/airflow/.local/lib/python3.7/site-packages/airflow/example_dags/tutorial.py for tasks to queue
[2023-05-24T23:55:17.815+0000] {logging_mixin.py:137} INFO - [2023-05-24T23:55:17.815+0000] {dagbag.py:538} INFO - Filling up the DagBag from /home/airflow/.local/lib/python3.7/site-packages/airflow/example_dags/tutorial.py
[2023-05-24T23:55:17.876+0000] {processor.py:753} INFO - DAG(s) dict_keys(['tutorial']) retrieved from /home/airflow/.local/lib/python3.7/site-packages/airflow/example_dags/tutorial.py
[2023-05-24T23:55:17.916+0000] {logging_mixin.py:137} INFO - [2023-05-24T23:55:17.916+0000] {dag.py:2690} INFO - Sync 1 DAGs
[2023-05-24T23:55:17.992+0000] {logging_mixin.py:137} INFO - [2023-05-24T23:55:17.992+0000] {dag.py:3441} INFO - Setting next_dagrun for tutorial to 2023-05-23T23:55:17.992287+00:00, run_after=2023-05-24T23:55:17.992287+00:00
[2023-05-24T23:55:18.052+0000] {processor.py:175} INFO - Processing /home/airflow/.local/lib/python3.7/site-packages/airflow/example_dags/tutorial.py took 0.273 seconds
[2023-05-24T23:55:48.154+0000] {processor.py:153} INFO - Started process (PID=1521) to work on /home/airflow/.local/lib/python3.7/site-packages/airflow/example_dags/tutorial.py
[2023-05-24T23:55:48.157+0000] {processor.py:743} INFO - Processing file /home/airflow/.local/lib/python3.7/site-packages/airflow/example_dags/tutorial.py for tasks to queue
[2023-05-24T23:55:48.160+0000] {logging_mixin.py:137} INFO - [2023-05-24T23:55:48.159+0000] {dagbag.py:538} INFO - Filling up the DagBag from /home/airflow/.local/lib/python3.7/site-packages/airflow/example_dags/tutorial.py
[2023-05-24T23:55:48.179+0000] {processor.py:753} INFO - DAG(s) dict_keys(['tutorial']) retrieved from /home/airflow/.local/lib/python3.7/site-packages/airflow/example_dags/tutorial.py
[2023-05-24T23:55:48.216+0000] {logging_mixin.py:137} INFO - [2023-05-24T23:55:48.216+0000] {dag.py:2690} INFO - Sync 1 DAGs
[2023-05-24T23:55:48.255+0000] {logging_mixin.py:137} INFO - [2023-05-24T23:55:48.255+0000] {dag.py:3441} INFO - Setting next_dagrun for tutorial to 2023-05-23T23:55:48.255425+00:00, run_after=2023-05-24T23:55:48.255425+00:00
[2023-05-24T23:55:48.282+0000] {processor.py:175} INFO - Processing /home/airflow/.local/lib/python3.7/site-packages/airflow/example_dags/tutorial.py took 0.137 seconds
[2023-05-24T23:56:18.576+0000] {processor.py:153} INFO - Started process (PID=1581) to work on /home/airflow/.local/lib/python3.7/site-packages/airflow/example_dags/tutorial.py
[2023-05-24T23:56:18.580+0000] {processor.py:743} INFO - Processing file /home/airflow/.local/lib/python3.7/site-packages/airflow/example_dags/tutorial.py for tasks to queue
[2023-05-24T23:56:18.582+0000] {logging_mixin.py:137} INFO - [2023-05-24T23:56:18.582+0000] {dagbag.py:538} INFO - Filling up the DagBag from /home/airflow/.local/lib/python3.7/site-packages/airflow/example_dags/tutorial.py
[2023-05-24T23:56:18.605+0000] {processor.py:753} INFO - DAG(s) dict_keys(['tutorial']) retrieved from /home/airflow/.local/lib/python3.7/site-packages/airflow/example_dags/tutorial.py
[2023-05-24T23:56:18.643+0000] {logging_mixin.py:137} INFO - [2023-05-24T23:56:18.643+0000] {dag.py:2690} INFO - Sync 1 DAGs
[2023-05-24T23:56:18.691+0000] {logging_mixin.py:137} INFO - [2023-05-24T23:56:18.691+0000] {dag.py:3441} INFO - Setting next_dagrun for tutorial to 2023-05-23T23:56:18.690974+00:00, run_after=2023-05-24T23:56:18.690974+00:00
[2023-05-24T23:56:18.718+0000] {processor.py:175} INFO - Processing /home/airflow/.local/lib/python3.7/site-packages/airflow/example_dags/tutorial.py took 0.150 seconds
[2023-05-24T23:56:49.391+0000] {processor.py:153} INFO - Started process (PID=1639) to work on /home/airflow/.local/lib/python3.7/site-packages/airflow/example_dags/tutorial.py
[2023-05-24T23:56:49.393+0000] {processor.py:743} INFO - Processing file /home/airflow/.local/lib/python3.7/site-packages/airflow/example_dags/tutorial.py for tasks to queue
[2023-05-24T23:56:49.395+0000] {logging_mixin.py:137} INFO - [2023-05-24T23:56:49.395+0000] {dagbag.py:538} INFO - Filling up the DagBag from /home/airflow/.local/lib/python3.7/site-packages/airflow/example_dags/tutorial.py
[2023-05-24T23:56:49.420+0000] {processor.py:753} INFO - DAG(s) dict_keys(['tutorial']) retrieved from /home/airflow/.local/lib/python3.7/site-packages/airflow/example_dags/tutorial.py
[2023-05-24T23:56:49.459+0000] {logging_mixin.py:137} INFO - [2023-05-24T23:56:49.459+0000] {dag.py:2690} INFO - Sync 1 DAGs
[2023-05-24T23:56:49.507+0000] {logging_mixin.py:137} INFO - [2023-05-24T23:56:49.507+0000] {dag.py:3441} INFO - Setting next_dagrun for tutorial to 2023-05-23T23:56:49.506960+00:00, run_after=2023-05-24T23:56:49.506960+00:00
[2023-05-24T23:56:49.579+0000] {processor.py:175} INFO - Processing /home/airflow/.local/lib/python3.7/site-packages/airflow/example_dags/tutorial.py took 0.195 seconds
[2023-05-24T23:57:19.917+0000] {processor.py:153} INFO - Started process (PID=1708) to work on /home/airflow/.local/lib/python3.7/site-packages/airflow/example_dags/tutorial.py
[2023-05-24T23:57:19.924+0000] {processor.py:743} INFO - Processing file /home/airflow/.local/lib/python3.7/site-packages/airflow/example_dags/tutorial.py for tasks to queue
[2023-05-24T23:57:19.930+0000] {logging_mixin.py:137} INFO - [2023-05-24T23:57:19.929+0000] {dagbag.py:538} INFO - Filling up the DagBag from /home/airflow/.local/lib/python3.7/site-packages/airflow/example_dags/tutorial.py
[2023-05-24T23:57:19.977+0000] {processor.py:753} INFO - DAG(s) dict_keys(['tutorial']) retrieved from /home/airflow/.local/lib/python3.7/site-packages/airflow/example_dags/tutorial.py
[2023-05-24T23:57:20.073+0000] {logging_mixin.py:137} INFO - [2023-05-24T23:57:20.073+0000] {dag.py:2690} INFO - Sync 1 DAGs
[2023-05-24T23:57:20.146+0000] {logging_mixin.py:137} INFO - [2023-05-24T23:57:20.146+0000] {dag.py:3441} INFO - Setting next_dagrun for tutorial to 2023-05-23T23:57:20.145656+00:00, run_after=2023-05-24T23:57:20.145656+00:00
[2023-05-24T23:57:20.197+0000] {processor.py:175} INFO - Processing /home/airflow/.local/lib/python3.7/site-packages/airflow/example_dags/tutorial.py took 0.284 seconds
[2023-05-24T23:58:01.648+0000] {processor.py:153} INFO - Started process (PID=1776) to work on /home/airflow/.local/lib/python3.7/site-packages/airflow/example_dags/tutorial.py
[2023-05-24T23:58:01.656+0000] {processor.py:743} INFO - Processing file /home/airflow/.local/lib/python3.7/site-packages/airflow/example_dags/tutorial.py for tasks to queue
[2023-05-24T23:58:01.666+0000] {logging_mixin.py:137} INFO - [2023-05-24T23:58:01.665+0000] {dagbag.py:538} INFO - Filling up the DagBag from /home/airflow/.local/lib/python3.7/site-packages/airflow/example_dags/tutorial.py
[2023-05-24T23:58:01.701+0000] {processor.py:753} INFO - DAG(s) dict_keys(['tutorial']) retrieved from /home/airflow/.local/lib/python3.7/site-packages/airflow/example_dags/tutorial.py
[2023-05-24T23:58:01.802+0000] {logging_mixin.py:137} INFO - [2023-05-24T23:58:01.802+0000] {dag.py:2690} INFO - Sync 1 DAGs
[2023-05-24T23:58:01.968+0000] {logging_mixin.py:137} INFO - [2023-05-24T23:58:01.968+0000] {dag.py:3441} INFO - Setting next_dagrun for tutorial to 2023-05-23T23:58:01.967797+00:00, run_after=2023-05-24T23:58:01.967797+00:00
[2023-05-24T23:58:02.117+0000] {processor.py:175} INFO - Processing /home/airflow/.local/lib/python3.7/site-packages/airflow/example_dags/tutorial.py took 0.477 seconds
[2023-05-24T23:58:32.251+0000] {processor.py:153} INFO - Started process (PID=1837) to work on /home/airflow/.local/lib/python3.7/site-packages/airflow/example_dags/tutorial.py
[2023-05-24T23:58:32.266+0000] {processor.py:743} INFO - Processing file /home/airflow/.local/lib/python3.7/site-packages/airflow/example_dags/tutorial.py for tasks to queue
[2023-05-24T23:58:32.269+0000] {logging_mixin.py:137} INFO - [2023-05-24T23:58:32.269+0000] {dagbag.py:538} INFO - Filling up the DagBag from /home/airflow/.local/lib/python3.7/site-packages/airflow/example_dags/tutorial.py
[2023-05-24T23:58:32.314+0000] {processor.py:753} INFO - DAG(s) dict_keys(['tutorial']) retrieved from /home/airflow/.local/lib/python3.7/site-packages/airflow/example_dags/tutorial.py
[2023-05-24T23:58:32.376+0000] {logging_mixin.py:137} INFO - [2023-05-24T23:58:32.376+0000] {dag.py:2690} INFO - Sync 1 DAGs
[2023-05-24T23:58:32.457+0000] {logging_mixin.py:137} INFO - [2023-05-24T23:58:32.457+0000] {dag.py:3441} INFO - Setting next_dagrun for tutorial to 2023-05-23T23:58:32.457231+00:00, run_after=2023-05-24T23:58:32.457231+00:00
[2023-05-24T23:58:32.496+0000] {processor.py:175} INFO - Processing /home/airflow/.local/lib/python3.7/site-packages/airflow/example_dags/tutorial.py took 0.250 seconds
[2023-05-24T23:59:02.536+0000] {processor.py:153} INFO - Started process (PID=1895) to work on /home/airflow/.local/lib/python3.7/site-packages/airflow/example_dags/tutorial.py
[2023-05-24T23:59:02.538+0000] {processor.py:743} INFO - Processing file /home/airflow/.local/lib/python3.7/site-packages/airflow/example_dags/tutorial.py for tasks to queue
[2023-05-24T23:59:02.540+0000] {logging_mixin.py:137} INFO - [2023-05-24T23:59:02.540+0000] {dagbag.py:538} INFO - Filling up the DagBag from /home/airflow/.local/lib/python3.7/site-packages/airflow/example_dags/tutorial.py
[2023-05-24T23:59:02.560+0000] {processor.py:753} INFO - DAG(s) dict_keys(['tutorial']) retrieved from /home/airflow/.local/lib/python3.7/site-packages/airflow/example_dags/tutorial.py
[2023-05-24T23:59:02.611+0000] {logging_mixin.py:137} INFO - [2023-05-24T23:59:02.611+0000] {dag.py:2690} INFO - Sync 1 DAGs
[2023-05-24T23:59:02.643+0000] {logging_mixin.py:137} INFO - [2023-05-24T23:59:02.643+0000] {dag.py:3441} INFO - Setting next_dagrun for tutorial to 2023-05-23T23:59:02.642836+00:00, run_after=2023-05-24T23:59:02.642836+00:00
[2023-05-24T23:59:02.668+0000] {processor.py:175} INFO - Processing /home/airflow/.local/lib/python3.7/site-packages/airflow/example_dags/tutorial.py took 0.137 seconds
