[2023-05-25T04:35:58.461+0000] {processor.py:153} INFO - Started process (PID=106) to work on /home/airflow/.local/lib/python3.7/site-packages/airflow/example_dags/example_sensors.py
[2023-05-25T04:35:58.497+0000] {processor.py:743} INFO - Processing file /home/airflow/.local/lib/python3.7/site-packages/airflow/example_dags/example_sensors.py for tasks to queue
[2023-05-25T04:35:58.514+0000] {logging_mixin.py:137} INFO - [2023-05-25T04:35:58.513+0000] {dagbag.py:538} INFO - Filling up the DagBag from /home/airflow/.local/lib/python3.7/site-packages/airflow/example_dags/example_sensors.py
[2023-05-25T04:35:59.127+0000] {processor.py:753} INFO - DAG(s) dict_keys(['example_sensors']) retrieved from /home/airflow/.local/lib/python3.7/site-packages/airflow/example_dags/example_sensors.py
[2023-05-25T04:35:59.611+0000] {logging_mixin.py:137} INFO - [2023-05-25T04:35:59.611+0000] {dag.py:2690} INFO - Sync 1 DAGs
[2023-05-25T04:36:00.231+0000] {logging_mixin.py:137} INFO - [2023-05-25T04:36:00.231+0000] {dag.py:3441} INFO - Setting next_dagrun for example_sensors to None, run_after=None
[2023-05-25T04:36:00.732+0000] {processor.py:175} INFO - Processing /home/airflow/.local/lib/python3.7/site-packages/airflow/example_dags/example_sensors.py took 2.471 seconds
[2023-05-25T04:36:33.249+0000] {processor.py:153} INFO - Started process (PID=158) to work on /home/airflow/.local/lib/python3.7/site-packages/airflow/example_dags/example_sensors.py
[2023-05-25T04:36:33.267+0000] {processor.py:743} INFO - Processing file /home/airflow/.local/lib/python3.7/site-packages/airflow/example_dags/example_sensors.py for tasks to queue
[2023-05-25T04:36:33.287+0000] {logging_mixin.py:137} INFO - [2023-05-25T04:36:33.283+0000] {dagbag.py:538} INFO - Filling up the DagBag from /home/airflow/.local/lib/python3.7/site-packages/airflow/example_dags/example_sensors.py
[2023-05-25T04:36:33.820+0000] {processor.py:753} INFO - DAG(s) dict_keys(['example_sensors']) retrieved from /home/airflow/.local/lib/python3.7/site-packages/airflow/example_dags/example_sensors.py
[2023-05-25T04:36:34.113+0000] {logging_mixin.py:137} INFO - [2023-05-25T04:36:34.108+0000] {dag.py:2690} INFO - Sync 1 DAGs
[2023-05-25T04:36:34.505+0000] {logging_mixin.py:137} INFO - [2023-05-25T04:36:34.504+0000] {dag.py:3441} INFO - Setting next_dagrun for example_sensors to None, run_after=None
[2023-05-25T04:36:34.620+0000] {processor.py:175} INFO - Processing /home/airflow/.local/lib/python3.7/site-packages/airflow/example_dags/example_sensors.py took 1.409 seconds
[2023-05-25T04:38:22.603+0000] {processor.py:153} INFO - Started process (PID=258) to work on /home/airflow/.local/lib/python3.7/site-packages/airflow/example_dags/example_sensors.py
[2023-05-25T04:38:22.610+0000] {processor.py:743} INFO - Processing file /home/airflow/.local/lib/python3.7/site-packages/airflow/example_dags/example_sensors.py for tasks to queue
[2023-05-25T04:38:22.613+0000] {logging_mixin.py:137} INFO - [2023-05-25T04:38:22.613+0000] {dagbag.py:538} INFO - Filling up the DagBag from /home/airflow/.local/lib/python3.7/site-packages/airflow/example_dags/example_sensors.py
[2023-05-25T04:38:22.844+0000] {processor.py:753} INFO - DAG(s) dict_keys(['example_sensors']) retrieved from /home/airflow/.local/lib/python3.7/site-packages/airflow/example_dags/example_sensors.py
[2023-05-25T04:38:23.141+0000] {logging_mixin.py:137} INFO - [2023-05-25T04:38:23.141+0000] {dag.py:2690} INFO - Sync 1 DAGs
[2023-05-25T04:38:23.427+0000] {logging_mixin.py:137} INFO - [2023-05-25T04:38:23.427+0000] {dag.py:3441} INFO - Setting next_dagrun for example_sensors to None, run_after=None
[2023-05-25T04:38:23.516+0000] {processor.py:175} INFO - Processing /home/airflow/.local/lib/python3.7/site-packages/airflow/example_dags/example_sensors.py took 0.919 seconds
[2023-05-25T04:38:56.849+0000] {processor.py:153} INFO - Started process (PID=316) to work on /home/airflow/.local/lib/python3.7/site-packages/airflow/example_dags/example_sensors.py
[2023-05-25T04:38:56.856+0000] {processor.py:743} INFO - Processing file /home/airflow/.local/lib/python3.7/site-packages/airflow/example_dags/example_sensors.py for tasks to queue
[2023-05-25T04:38:56.863+0000] {logging_mixin.py:137} INFO - [2023-05-25T04:38:56.862+0000] {dagbag.py:538} INFO - Filling up the DagBag from /home/airflow/.local/lib/python3.7/site-packages/airflow/example_dags/example_sensors.py
[2023-05-25T04:38:56.949+0000] {processor.py:753} INFO - DAG(s) dict_keys(['example_sensors']) retrieved from /home/airflow/.local/lib/python3.7/site-packages/airflow/example_dags/example_sensors.py
[2023-05-25T04:38:57.002+0000] {logging_mixin.py:137} INFO - [2023-05-25T04:38:57.002+0000] {dag.py:2690} INFO - Sync 1 DAGs
[2023-05-25T04:38:57.059+0000] {logging_mixin.py:137} INFO - [2023-05-25T04:38:57.059+0000] {dag.py:3441} INFO - Setting next_dagrun for example_sensors to None, run_after=None
[2023-05-25T04:38:57.171+0000] {processor.py:175} INFO - Processing /home/airflow/.local/lib/python3.7/site-packages/airflow/example_dags/example_sensors.py took 0.333 seconds
[2023-05-25T04:39:38.982+0000] {processor.py:153} INFO - Started process (PID=375) to work on /home/airflow/.local/lib/python3.7/site-packages/airflow/example_dags/example_sensors.py
[2023-05-25T04:39:39.001+0000] {processor.py:743} INFO - Processing file /home/airflow/.local/lib/python3.7/site-packages/airflow/example_dags/example_sensors.py for tasks to queue
[2023-05-25T04:39:39.036+0000] {logging_mixin.py:137} INFO - [2023-05-25T04:39:39.027+0000] {dagbag.py:538} INFO - Filling up the DagBag from /home/airflow/.local/lib/python3.7/site-packages/airflow/example_dags/example_sensors.py
[2023-05-25T04:39:39.851+0000] {processor.py:753} INFO - DAG(s) dict_keys(['example_sensors']) retrieved from /home/airflow/.local/lib/python3.7/site-packages/airflow/example_dags/example_sensors.py
[2023-05-25T04:42:17.048+0000] {processor.py:153} INFO - Started process (PID=83) to work on /home/airflow/.local/lib/python3.7/site-packages/airflow/example_dags/example_sensors.py
[2023-05-25T04:42:17.052+0000] {processor.py:743} INFO - Processing file /home/airflow/.local/lib/python3.7/site-packages/airflow/example_dags/example_sensors.py for tasks to queue
[2023-05-25T04:42:17.061+0000] {logging_mixin.py:137} INFO - [2023-05-25T04:42:17.060+0000] {dagbag.py:538} INFO - Filling up the DagBag from /home/airflow/.local/lib/python3.7/site-packages/airflow/example_dags/example_sensors.py
[2023-05-25T04:42:17.271+0000] {processor.py:753} INFO - DAG(s) dict_keys(['example_sensors']) retrieved from /home/airflow/.local/lib/python3.7/site-packages/airflow/example_dags/example_sensors.py
[2023-05-25T04:42:17.469+0000] {logging_mixin.py:137} INFO - [2023-05-25T04:42:17.468+0000] {dag.py:2690} INFO - Sync 1 DAGs
[2023-05-25T04:42:17.813+0000] {logging_mixin.py:137} INFO - [2023-05-25T04:42:17.813+0000] {dag.py:3441} INFO - Setting next_dagrun for example_sensors to None, run_after=None
[2023-05-25T04:42:18.318+0000] {processor.py:175} INFO - Processing /home/airflow/.local/lib/python3.7/site-packages/airflow/example_dags/example_sensors.py took 1.291 seconds
[2023-05-25T04:42:49.179+0000] {processor.py:153} INFO - Started process (PID=134) to work on /home/airflow/.local/lib/python3.7/site-packages/airflow/example_dags/example_sensors.py
[2023-05-25T04:42:49.188+0000] {processor.py:743} INFO - Processing file /home/airflow/.local/lib/python3.7/site-packages/airflow/example_dags/example_sensors.py for tasks to queue
[2023-05-25T04:42:49.193+0000] {logging_mixin.py:137} INFO - [2023-05-25T04:42:49.193+0000] {dagbag.py:538} INFO - Filling up the DagBag from /home/airflow/.local/lib/python3.7/site-packages/airflow/example_dags/example_sensors.py
[2023-05-25T04:42:49.301+0000] {processor.py:753} INFO - DAG(s) dict_keys(['example_sensors']) retrieved from /home/airflow/.local/lib/python3.7/site-packages/airflow/example_dags/example_sensors.py
[2023-05-25T04:42:49.599+0000] {logging_mixin.py:137} INFO - [2023-05-25T04:42:49.599+0000] {dag.py:2690} INFO - Sync 1 DAGs
[2023-05-25T04:42:49.761+0000] {logging_mixin.py:137} INFO - [2023-05-25T04:42:49.754+0000] {dag.py:3441} INFO - Setting next_dagrun for example_sensors to None, run_after=None
[2023-05-25T04:42:49.832+0000] {processor.py:175} INFO - Processing /home/airflow/.local/lib/python3.7/site-packages/airflow/example_dags/example_sensors.py took 0.677 seconds
[2023-05-25T04:43:20.743+0000] {processor.py:153} INFO - Started process (PID=194) to work on /home/airflow/.local/lib/python3.7/site-packages/airflow/example_dags/example_sensors.py
[2023-05-25T04:43:20.751+0000] {processor.py:743} INFO - Processing file /home/airflow/.local/lib/python3.7/site-packages/airflow/example_dags/example_sensors.py for tasks to queue
[2023-05-25T04:43:20.764+0000] {logging_mixin.py:137} INFO - [2023-05-25T04:43:20.760+0000] {dagbag.py:538} INFO - Filling up the DagBag from /home/airflow/.local/lib/python3.7/site-packages/airflow/example_dags/example_sensors.py
[2023-05-25T04:43:21.070+0000] {processor.py:753} INFO - DAG(s) dict_keys(['example_sensors']) retrieved from /home/airflow/.local/lib/python3.7/site-packages/airflow/example_dags/example_sensors.py
[2023-05-25T04:43:21.293+0000] {logging_mixin.py:137} INFO - [2023-05-25T04:43:21.293+0000] {dag.py:2690} INFO - Sync 1 DAGs
[2023-05-25T04:43:21.476+0000] {logging_mixin.py:137} INFO - [2023-05-25T04:43:21.476+0000] {dag.py:3441} INFO - Setting next_dagrun for example_sensors to None, run_after=None
[2023-05-25T04:43:21.608+0000] {processor.py:175} INFO - Processing /home/airflow/.local/lib/python3.7/site-packages/airflow/example_dags/example_sensors.py took 0.902 seconds
[2023-05-25T04:43:51.872+0000] {processor.py:153} INFO - Started process (PID=253) to work on /home/airflow/.local/lib/python3.7/site-packages/airflow/example_dags/example_sensors.py
[2023-05-25T04:43:51.876+0000] {processor.py:743} INFO - Processing file /home/airflow/.local/lib/python3.7/site-packages/airflow/example_dags/example_sensors.py for tasks to queue
[2023-05-25T04:43:51.880+0000] {logging_mixin.py:137} INFO - [2023-05-25T04:43:51.879+0000] {dagbag.py:538} INFO - Filling up the DagBag from /home/airflow/.local/lib/python3.7/site-packages/airflow/example_dags/example_sensors.py
[2023-05-25T04:43:51.938+0000] {processor.py:753} INFO - DAG(s) dict_keys(['example_sensors']) retrieved from /home/airflow/.local/lib/python3.7/site-packages/airflow/example_dags/example_sensors.py
[2023-05-25T04:43:51.986+0000] {logging_mixin.py:137} INFO - [2023-05-25T04:43:51.986+0000] {dag.py:2690} INFO - Sync 1 DAGs
[2023-05-25T04:43:52.061+0000] {logging_mixin.py:137} INFO - [2023-05-25T04:43:52.059+0000] {dag.py:3441} INFO - Setting next_dagrun for example_sensors to None, run_after=None
[2023-05-25T04:43:52.090+0000] {processor.py:175} INFO - Processing /home/airflow/.local/lib/python3.7/site-packages/airflow/example_dags/example_sensors.py took 0.230 seconds
[2023-05-25T04:44:22.789+0000] {processor.py:153} INFO - Started process (PID=324) to work on /home/airflow/.local/lib/python3.7/site-packages/airflow/example_dags/example_sensors.py
[2023-05-25T04:44:22.792+0000] {processor.py:743} INFO - Processing file /home/airflow/.local/lib/python3.7/site-packages/airflow/example_dags/example_sensors.py for tasks to queue
[2023-05-25T04:44:22.794+0000] {logging_mixin.py:137} INFO - [2023-05-25T04:44:22.794+0000] {dagbag.py:538} INFO - Filling up the DagBag from /home/airflow/.local/lib/python3.7/site-packages/airflow/example_dags/example_sensors.py
[2023-05-25T04:44:22.829+0000] {processor.py:753} INFO - DAG(s) dict_keys(['example_sensors']) retrieved from /home/airflow/.local/lib/python3.7/site-packages/airflow/example_dags/example_sensors.py
[2023-05-25T04:44:22.871+0000] {logging_mixin.py:137} INFO - [2023-05-25T04:44:22.871+0000] {dag.py:2690} INFO - Sync 1 DAGs
[2023-05-25T04:44:22.915+0000] {logging_mixin.py:137} INFO - [2023-05-25T04:44:22.915+0000] {dag.py:3441} INFO - Setting next_dagrun for example_sensors to None, run_after=None
[2023-05-25T04:44:22.946+0000] {processor.py:175} INFO - Processing /home/airflow/.local/lib/python3.7/site-packages/airflow/example_dags/example_sensors.py took 0.163 seconds
[2023-05-25T04:44:53.415+0000] {processor.py:153} INFO - Started process (PID=384) to work on /home/airflow/.local/lib/python3.7/site-packages/airflow/example_dags/example_sensors.py
[2023-05-25T04:44:53.419+0000] {processor.py:743} INFO - Processing file /home/airflow/.local/lib/python3.7/site-packages/airflow/example_dags/example_sensors.py for tasks to queue
[2023-05-25T04:44:53.423+0000] {logging_mixin.py:137} INFO - [2023-05-25T04:44:53.422+0000] {dagbag.py:538} INFO - Filling up the DagBag from /home/airflow/.local/lib/python3.7/site-packages/airflow/example_dags/example_sensors.py
[2023-05-25T04:44:53.454+0000] {processor.py:753} INFO - DAG(s) dict_keys(['example_sensors']) retrieved from /home/airflow/.local/lib/python3.7/site-packages/airflow/example_dags/example_sensors.py
[2023-05-25T04:44:53.510+0000] {logging_mixin.py:137} INFO - [2023-05-25T04:44:53.509+0000] {dag.py:2690} INFO - Sync 1 DAGs
[2023-05-25T04:44:53.574+0000] {logging_mixin.py:137} INFO - [2023-05-25T04:44:53.574+0000] {dag.py:3441} INFO - Setting next_dagrun for example_sensors to None, run_after=None
[2023-05-25T04:44:53.618+0000] {processor.py:175} INFO - Processing /home/airflow/.local/lib/python3.7/site-packages/airflow/example_dags/example_sensors.py took 0.208 seconds
[2023-05-25T04:45:24.071+0000] {processor.py:153} INFO - Started process (PID=444) to work on /home/airflow/.local/lib/python3.7/site-packages/airflow/example_dags/example_sensors.py
[2023-05-25T04:45:24.141+0000] {processor.py:743} INFO - Processing file /home/airflow/.local/lib/python3.7/site-packages/airflow/example_dags/example_sensors.py for tasks to queue
[2023-05-25T04:45:24.158+0000] {logging_mixin.py:137} INFO - [2023-05-25T04:45:24.157+0000] {dagbag.py:538} INFO - Filling up the DagBag from /home/airflow/.local/lib/python3.7/site-packages/airflow/example_dags/example_sensors.py
[2023-05-25T04:45:24.637+0000] {processor.py:753} INFO - DAG(s) dict_keys(['example_sensors']) retrieved from /home/airflow/.local/lib/python3.7/site-packages/airflow/example_dags/example_sensors.py
[2023-05-25T04:45:25.157+0000] {logging_mixin.py:137} INFO - [2023-05-25T04:45:25.156+0000] {dag.py:2690} INFO - Sync 1 DAGs
[2023-05-25T04:45:25.835+0000] {logging_mixin.py:137} INFO - [2023-05-25T04:45:25.826+0000] {dag.py:3441} INFO - Setting next_dagrun for example_sensors to None, run_after=None
[2023-05-25T04:45:26.063+0000] {processor.py:175} INFO - Processing /home/airflow/.local/lib/python3.7/site-packages/airflow/example_dags/example_sensors.py took 2.030 seconds
[2023-05-25T04:45:56.348+0000] {processor.py:153} INFO - Started process (PID=506) to work on /home/airflow/.local/lib/python3.7/site-packages/airflow/example_dags/example_sensors.py
[2023-05-25T04:45:56.356+0000] {processor.py:743} INFO - Processing file /home/airflow/.local/lib/python3.7/site-packages/airflow/example_dags/example_sensors.py for tasks to queue
[2023-05-25T04:45:56.358+0000] {logging_mixin.py:137} INFO - [2023-05-25T04:45:56.358+0000] {dagbag.py:538} INFO - Filling up the DagBag from /home/airflow/.local/lib/python3.7/site-packages/airflow/example_dags/example_sensors.py
[2023-05-25T04:45:56.407+0000] {processor.py:753} INFO - DAG(s) dict_keys(['example_sensors']) retrieved from /home/airflow/.local/lib/python3.7/site-packages/airflow/example_dags/example_sensors.py
[2023-05-25T04:45:56.525+0000] {logging_mixin.py:137} INFO - [2023-05-25T04:45:56.525+0000] {dag.py:2690} INFO - Sync 1 DAGs
[2023-05-25T04:45:56.618+0000] {logging_mixin.py:137} INFO - [2023-05-25T04:45:56.618+0000] {dag.py:3441} INFO - Setting next_dagrun for example_sensors to None, run_after=None
[2023-05-25T04:45:56.664+0000] {processor.py:175} INFO - Processing /home/airflow/.local/lib/python3.7/site-packages/airflow/example_dags/example_sensors.py took 0.346 seconds
[2023-05-25T04:46:27.459+0000] {processor.py:153} INFO - Started process (PID=568) to work on /home/airflow/.local/lib/python3.7/site-packages/airflow/example_dags/example_sensors.py
[2023-05-25T04:46:27.464+0000] {processor.py:743} INFO - Processing file /home/airflow/.local/lib/python3.7/site-packages/airflow/example_dags/example_sensors.py for tasks to queue
[2023-05-25T04:46:27.469+0000] {logging_mixin.py:137} INFO - [2023-05-25T04:46:27.469+0000] {dagbag.py:538} INFO - Filling up the DagBag from /home/airflow/.local/lib/python3.7/site-packages/airflow/example_dags/example_sensors.py
[2023-05-25T04:46:27.529+0000] {processor.py:753} INFO - DAG(s) dict_keys(['example_sensors']) retrieved from /home/airflow/.local/lib/python3.7/site-packages/airflow/example_dags/example_sensors.py
[2023-05-25T04:46:27.718+0000] {logging_mixin.py:137} INFO - [2023-05-25T04:46:27.718+0000] {dag.py:2690} INFO - Sync 1 DAGs
[2023-05-25T04:46:27.893+0000] {logging_mixin.py:137} INFO - [2023-05-25T04:46:27.893+0000] {dag.py:3441} INFO - Setting next_dagrun for example_sensors to None, run_after=None
[2023-05-25T04:46:28.025+0000] {processor.py:175} INFO - Processing /home/airflow/.local/lib/python3.7/site-packages/airflow/example_dags/example_sensors.py took 0.584 seconds
[2023-05-25T04:46:58.215+0000] {processor.py:153} INFO - Started process (PID=628) to work on /home/airflow/.local/lib/python3.7/site-packages/airflow/example_dags/example_sensors.py
[2023-05-25T04:46:58.219+0000] {processor.py:743} INFO - Processing file /home/airflow/.local/lib/python3.7/site-packages/airflow/example_dags/example_sensors.py for tasks to queue
[2023-05-25T04:46:58.222+0000] {logging_mixin.py:137} INFO - [2023-05-25T04:46:58.221+0000] {dagbag.py:538} INFO - Filling up the DagBag from /home/airflow/.local/lib/python3.7/site-packages/airflow/example_dags/example_sensors.py
[2023-05-25T04:46:58.269+0000] {processor.py:753} INFO - DAG(s) dict_keys(['example_sensors']) retrieved from /home/airflow/.local/lib/python3.7/site-packages/airflow/example_dags/example_sensors.py
[2023-05-25T04:46:58.322+0000] {logging_mixin.py:137} INFO - [2023-05-25T04:46:58.321+0000] {dag.py:2690} INFO - Sync 1 DAGs
[2023-05-25T04:46:58.374+0000] {logging_mixin.py:137} INFO - [2023-05-25T04:46:58.374+0000] {dag.py:3441} INFO - Setting next_dagrun for example_sensors to None, run_after=None
[2023-05-25T04:46:58.407+0000] {processor.py:175} INFO - Processing /home/airflow/.local/lib/python3.7/site-packages/airflow/example_dags/example_sensors.py took 0.208 seconds
[2023-05-25T04:47:43.908+0000] {processor.py:153} INFO - Started process (PID=687) to work on /home/airflow/.local/lib/python3.7/site-packages/airflow/example_dags/example_sensors.py
[2023-05-25T04:47:43.915+0000] {processor.py:743} INFO - Processing file /home/airflow/.local/lib/python3.7/site-packages/airflow/example_dags/example_sensors.py for tasks to queue
[2023-05-25T04:47:43.919+0000] {logging_mixin.py:137} INFO - [2023-05-25T04:47:43.918+0000] {dagbag.py:538} INFO - Filling up the DagBag from /home/airflow/.local/lib/python3.7/site-packages/airflow/example_dags/example_sensors.py
[2023-05-25T04:47:43.988+0000] {processor.py:753} INFO - DAG(s) dict_keys(['example_sensors']) retrieved from /home/airflow/.local/lib/python3.7/site-packages/airflow/example_dags/example_sensors.py
[2023-05-25T04:47:44.061+0000] {logging_mixin.py:137} INFO - [2023-05-25T04:47:44.060+0000] {dag.py:2690} INFO - Sync 1 DAGs
[2023-05-25T04:47:44.124+0000] {logging_mixin.py:137} INFO - [2023-05-25T04:47:44.123+0000] {dag.py:3441} INFO - Setting next_dagrun for example_sensors to None, run_after=None
[2023-05-25T04:47:44.159+0000] {processor.py:175} INFO - Processing /home/airflow/.local/lib/python3.7/site-packages/airflow/example_dags/example_sensors.py took 0.262 seconds
[2023-05-25T04:48:15.103+0000] {processor.py:153} INFO - Started process (PID=747) to work on /home/airflow/.local/lib/python3.7/site-packages/airflow/example_dags/example_sensors.py
[2023-05-25T04:48:15.122+0000] {processor.py:743} INFO - Processing file /home/airflow/.local/lib/python3.7/site-packages/airflow/example_dags/example_sensors.py for tasks to queue
[2023-05-25T04:48:15.125+0000] {logging_mixin.py:137} INFO - [2023-05-25T04:48:15.125+0000] {dagbag.py:538} INFO - Filling up the DagBag from /home/airflow/.local/lib/python3.7/site-packages/airflow/example_dags/example_sensors.py
[2023-05-25T04:48:15.177+0000] {processor.py:753} INFO - DAG(s) dict_keys(['example_sensors']) retrieved from /home/airflow/.local/lib/python3.7/site-packages/airflow/example_dags/example_sensors.py
[2023-05-25T04:48:15.257+0000] {logging_mixin.py:137} INFO - [2023-05-25T04:48:15.257+0000] {dag.py:2690} INFO - Sync 1 DAGs
[2023-05-25T04:48:15.338+0000] {logging_mixin.py:137} INFO - [2023-05-25T04:48:15.338+0000] {dag.py:3441} INFO - Setting next_dagrun for example_sensors to None, run_after=None
[2023-05-25T04:48:15.401+0000] {processor.py:175} INFO - Processing /home/airflow/.local/lib/python3.7/site-packages/airflow/example_dags/example_sensors.py took 0.329 seconds
[2023-05-25T04:48:46.717+0000] {processor.py:153} INFO - Started process (PID=811) to work on /home/airflow/.local/lib/python3.7/site-packages/airflow/example_dags/example_sensors.py
[2023-05-25T04:48:46.742+0000] {processor.py:743} INFO - Processing file /home/airflow/.local/lib/python3.7/site-packages/airflow/example_dags/example_sensors.py for tasks to queue
[2023-05-25T04:48:46.755+0000] {logging_mixin.py:137} INFO - [2023-05-25T04:48:46.755+0000] {dagbag.py:538} INFO - Filling up the DagBag from /home/airflow/.local/lib/python3.7/site-packages/airflow/example_dags/example_sensors.py
[2023-05-25T04:48:46.800+0000] {processor.py:753} INFO - DAG(s) dict_keys(['example_sensors']) retrieved from /home/airflow/.local/lib/python3.7/site-packages/airflow/example_dags/example_sensors.py
[2023-05-25T04:48:46.916+0000] {logging_mixin.py:137} INFO - [2023-05-25T04:48:46.916+0000] {dag.py:2690} INFO - Sync 1 DAGs
[2023-05-25T04:48:47.005+0000] {logging_mixin.py:137} INFO - [2023-05-25T04:48:47.005+0000] {dag.py:3441} INFO - Setting next_dagrun for example_sensors to None, run_after=None
[2023-05-25T04:48:47.059+0000] {processor.py:175} INFO - Processing /home/airflow/.local/lib/python3.7/site-packages/airflow/example_dags/example_sensors.py took 0.357 seconds
[2023-05-25T04:49:17.420+0000] {processor.py:153} INFO - Started process (PID=877) to work on /home/airflow/.local/lib/python3.7/site-packages/airflow/example_dags/example_sensors.py
[2023-05-25T04:49:17.423+0000] {processor.py:743} INFO - Processing file /home/airflow/.local/lib/python3.7/site-packages/airflow/example_dags/example_sensors.py for tasks to queue
[2023-05-25T04:49:17.426+0000] {logging_mixin.py:137} INFO - [2023-05-25T04:49:17.425+0000] {dagbag.py:538} INFO - Filling up the DagBag from /home/airflow/.local/lib/python3.7/site-packages/airflow/example_dags/example_sensors.py
[2023-05-25T04:49:17.457+0000] {processor.py:753} INFO - DAG(s) dict_keys(['example_sensors']) retrieved from /home/airflow/.local/lib/python3.7/site-packages/airflow/example_dags/example_sensors.py
[2023-05-25T04:49:17.648+0000] {logging_mixin.py:137} INFO - [2023-05-25T04:49:17.648+0000] {dag.py:2690} INFO - Sync 1 DAGs
[2023-05-25T04:49:17.706+0000] {logging_mixin.py:137} INFO - [2023-05-25T04:49:17.706+0000] {dag.py:3441} INFO - Setting next_dagrun for example_sensors to None, run_after=None
[2023-05-25T04:49:17.759+0000] {processor.py:175} INFO - Processing /home/airflow/.local/lib/python3.7/site-packages/airflow/example_dags/example_sensors.py took 0.359 seconds
[2023-05-25T04:49:48.101+0000] {processor.py:153} INFO - Started process (PID=942) to work on /home/airflow/.local/lib/python3.7/site-packages/airflow/example_dags/example_sensors.py
[2023-05-25T04:49:48.104+0000] {processor.py:743} INFO - Processing file /home/airflow/.local/lib/python3.7/site-packages/airflow/example_dags/example_sensors.py for tasks to queue
[2023-05-25T04:49:48.109+0000] {logging_mixin.py:137} INFO - [2023-05-25T04:49:48.108+0000] {dagbag.py:538} INFO - Filling up the DagBag from /home/airflow/.local/lib/python3.7/site-packages/airflow/example_dags/example_sensors.py
[2023-05-25T04:49:48.187+0000] {processor.py:753} INFO - DAG(s) dict_keys(['example_sensors']) retrieved from /home/airflow/.local/lib/python3.7/site-packages/airflow/example_dags/example_sensors.py
[2023-05-25T04:49:48.266+0000] {logging_mixin.py:137} INFO - [2023-05-25T04:49:48.266+0000] {dag.py:2690} INFO - Sync 1 DAGs
[2023-05-25T04:49:48.358+0000] {logging_mixin.py:137} INFO - [2023-05-25T04:49:48.358+0000] {dag.py:3441} INFO - Setting next_dagrun for example_sensors to None, run_after=None
[2023-05-25T04:49:48.420+0000] {processor.py:175} INFO - Processing /home/airflow/.local/lib/python3.7/site-packages/airflow/example_dags/example_sensors.py took 0.336 seconds
[2023-05-25T04:50:19.182+0000] {processor.py:153} INFO - Started process (PID=1002) to work on /home/airflow/.local/lib/python3.7/site-packages/airflow/example_dags/example_sensors.py
[2023-05-25T04:50:19.186+0000] {processor.py:743} INFO - Processing file /home/airflow/.local/lib/python3.7/site-packages/airflow/example_dags/example_sensors.py for tasks to queue
[2023-05-25T04:50:19.189+0000] {logging_mixin.py:137} INFO - [2023-05-25T04:50:19.188+0000] {dagbag.py:538} INFO - Filling up the DagBag from /home/airflow/.local/lib/python3.7/site-packages/airflow/example_dags/example_sensors.py
[2023-05-25T04:50:19.239+0000] {processor.py:753} INFO - DAG(s) dict_keys(['example_sensors']) retrieved from /home/airflow/.local/lib/python3.7/site-packages/airflow/example_dags/example_sensors.py
[2023-05-25T04:50:19.313+0000] {logging_mixin.py:137} INFO - [2023-05-25T04:50:19.312+0000] {dag.py:2690} INFO - Sync 1 DAGs
[2023-05-25T04:50:19.395+0000] {logging_mixin.py:137} INFO - [2023-05-25T04:50:19.395+0000] {dag.py:3441} INFO - Setting next_dagrun for example_sensors to None, run_after=None
[2023-05-25T04:50:19.455+0000] {processor.py:175} INFO - Processing /home/airflow/.local/lib/python3.7/site-packages/airflow/example_dags/example_sensors.py took 0.296 seconds
[2023-05-25T04:50:51.032+0000] {processor.py:153} INFO - Started process (PID=1054) to work on /home/airflow/.local/lib/python3.7/site-packages/airflow/example_dags/example_sensors.py
[2023-05-25T04:50:51.042+0000] {processor.py:743} INFO - Processing file /home/airflow/.local/lib/python3.7/site-packages/airflow/example_dags/example_sensors.py for tasks to queue
[2023-05-25T04:50:51.054+0000] {logging_mixin.py:137} INFO - [2023-05-25T04:50:51.054+0000] {dagbag.py:538} INFO - Filling up the DagBag from /home/airflow/.local/lib/python3.7/site-packages/airflow/example_dags/example_sensors.py
[2023-05-25T04:50:51.242+0000] {processor.py:753} INFO - DAG(s) dict_keys(['example_sensors']) retrieved from /home/airflow/.local/lib/python3.7/site-packages/airflow/example_dags/example_sensors.py
[2023-05-25T04:50:51.406+0000] {logging_mixin.py:137} INFO - [2023-05-25T04:50:51.406+0000] {dag.py:2690} INFO - Sync 1 DAGs
[2023-05-25T04:50:51.511+0000] {logging_mixin.py:137} INFO - [2023-05-25T04:50:51.511+0000] {dag.py:3441} INFO - Setting next_dagrun for example_sensors to None, run_after=None
[2023-05-25T04:50:51.567+0000] {processor.py:175} INFO - Processing /home/airflow/.local/lib/python3.7/site-packages/airflow/example_dags/example_sensors.py took 0.560 seconds
[2023-05-25T04:51:22.178+0000] {processor.py:153} INFO - Started process (PID=1114) to work on /home/airflow/.local/lib/python3.7/site-packages/airflow/example_dags/example_sensors.py
[2023-05-25T04:51:22.182+0000] {processor.py:743} INFO - Processing file /home/airflow/.local/lib/python3.7/site-packages/airflow/example_dags/example_sensors.py for tasks to queue
[2023-05-25T04:51:22.185+0000] {logging_mixin.py:137} INFO - [2023-05-25T04:51:22.185+0000] {dagbag.py:538} INFO - Filling up the DagBag from /home/airflow/.local/lib/python3.7/site-packages/airflow/example_dags/example_sensors.py
[2023-05-25T04:51:22.255+0000] {processor.py:753} INFO - DAG(s) dict_keys(['example_sensors']) retrieved from /home/airflow/.local/lib/python3.7/site-packages/airflow/example_dags/example_sensors.py
[2023-05-25T04:51:22.342+0000] {logging_mixin.py:137} INFO - [2023-05-25T04:51:22.342+0000] {dag.py:2690} INFO - Sync 1 DAGs
[2023-05-25T04:51:22.400+0000] {logging_mixin.py:137} INFO - [2023-05-25T04:51:22.400+0000] {dag.py:3441} INFO - Setting next_dagrun for example_sensors to None, run_after=None
[2023-05-25T04:51:22.458+0000] {processor.py:175} INFO - Processing /home/airflow/.local/lib/python3.7/site-packages/airflow/example_dags/example_sensors.py took 0.290 seconds
[2023-05-25T04:51:58.452+0000] {processor.py:153} INFO - Started process (PID=1173) to work on /home/airflow/.local/lib/python3.7/site-packages/airflow/example_dags/example_sensors.py
[2023-05-25T04:51:58.460+0000] {processor.py:743} INFO - Processing file /home/airflow/.local/lib/python3.7/site-packages/airflow/example_dags/example_sensors.py for tasks to queue
[2023-05-25T04:51:58.466+0000] {logging_mixin.py:137} INFO - [2023-05-25T04:51:58.465+0000] {dagbag.py:538} INFO - Filling up the DagBag from /home/airflow/.local/lib/python3.7/site-packages/airflow/example_dags/example_sensors.py
[2023-05-25T04:51:58.553+0000] {processor.py:753} INFO - DAG(s) dict_keys(['example_sensors']) retrieved from /home/airflow/.local/lib/python3.7/site-packages/airflow/example_dags/example_sensors.py
[2023-05-25T04:51:58.721+0000] {logging_mixin.py:137} INFO - [2023-05-25T04:51:58.721+0000] {dag.py:2690} INFO - Sync 1 DAGs
[2023-05-25T04:51:58.909+0000] {logging_mixin.py:137} INFO - [2023-05-25T04:51:58.906+0000] {dag.py:3441} INFO - Setting next_dagrun for example_sensors to None, run_after=None
[2023-05-25T04:51:59.102+0000] {processor.py:175} INFO - Processing /home/airflow/.local/lib/python3.7/site-packages/airflow/example_dags/example_sensors.py took 0.665 seconds
[2023-05-25T04:52:29.797+0000] {processor.py:153} INFO - Started process (PID=1232) to work on /home/airflow/.local/lib/python3.7/site-packages/airflow/example_dags/example_sensors.py
[2023-05-25T04:52:29.812+0000] {processor.py:743} INFO - Processing file /home/airflow/.local/lib/python3.7/site-packages/airflow/example_dags/example_sensors.py for tasks to queue
[2023-05-25T04:52:29.819+0000] {logging_mixin.py:137} INFO - [2023-05-25T04:52:29.818+0000] {dagbag.py:538} INFO - Filling up the DagBag from /home/airflow/.local/lib/python3.7/site-packages/airflow/example_dags/example_sensors.py
[2023-05-25T04:52:30.142+0000] {processor.py:753} INFO - DAG(s) dict_keys(['example_sensors']) retrieved from /home/airflow/.local/lib/python3.7/site-packages/airflow/example_dags/example_sensors.py
[2023-05-25T04:52:30.607+0000] {logging_mixin.py:137} INFO - [2023-05-25T04:52:30.606+0000] {dag.py:2690} INFO - Sync 1 DAGs
[2023-05-25T04:52:30.906+0000] {logging_mixin.py:137} INFO - [2023-05-25T04:52:30.906+0000] {dag.py:3441} INFO - Setting next_dagrun for example_sensors to None, run_after=None
[2023-05-25T04:52:31.177+0000] {processor.py:175} INFO - Processing /home/airflow/.local/lib/python3.7/site-packages/airflow/example_dags/example_sensors.py took 1.416 seconds
[2023-05-25T04:53:01.304+0000] {processor.py:153} INFO - Started process (PID=1283) to work on /home/airflow/.local/lib/python3.7/site-packages/airflow/example_dags/example_sensors.py
[2023-05-25T04:53:01.310+0000] {processor.py:743} INFO - Processing file /home/airflow/.local/lib/python3.7/site-packages/airflow/example_dags/example_sensors.py for tasks to queue
[2023-05-25T04:53:01.319+0000] {logging_mixin.py:137} INFO - [2023-05-25T04:53:01.318+0000] {dagbag.py:538} INFO - Filling up the DagBag from /home/airflow/.local/lib/python3.7/site-packages/airflow/example_dags/example_sensors.py
[2023-05-25T04:53:01.421+0000] {processor.py:753} INFO - DAG(s) dict_keys(['example_sensors']) retrieved from /home/airflow/.local/lib/python3.7/site-packages/airflow/example_dags/example_sensors.py
[2023-05-25T04:53:01.490+0000] {logging_mixin.py:137} INFO - [2023-05-25T04:53:01.489+0000] {dag.py:2690} INFO - Sync 1 DAGs
[2023-05-25T04:53:01.556+0000] {logging_mixin.py:137} INFO - [2023-05-25T04:53:01.556+0000] {dag.py:3441} INFO - Setting next_dagrun for example_sensors to None, run_after=None
[2023-05-25T04:53:01.586+0000] {processor.py:175} INFO - Processing /home/airflow/.local/lib/python3.7/site-packages/airflow/example_dags/example_sensors.py took 0.291 seconds
[2023-05-25T04:53:32.357+0000] {processor.py:153} INFO - Started process (PID=1354) to work on /home/airflow/.local/lib/python3.7/site-packages/airflow/example_dags/example_sensors.py
[2023-05-25T04:53:32.363+0000] {processor.py:743} INFO - Processing file /home/airflow/.local/lib/python3.7/site-packages/airflow/example_dags/example_sensors.py for tasks to queue
[2023-05-25T04:53:32.367+0000] {logging_mixin.py:137} INFO - [2023-05-25T04:53:32.366+0000] {dagbag.py:538} INFO - Filling up the DagBag from /home/airflow/.local/lib/python3.7/site-packages/airflow/example_dags/example_sensors.py
[2023-05-25T04:53:32.453+0000] {processor.py:753} INFO - DAG(s) dict_keys(['example_sensors']) retrieved from /home/airflow/.local/lib/python3.7/site-packages/airflow/example_dags/example_sensors.py
[2023-05-25T04:53:32.589+0000] {logging_mixin.py:137} INFO - [2023-05-25T04:53:32.589+0000] {dag.py:2690} INFO - Sync 1 DAGs
[2023-05-25T04:53:32.720+0000] {logging_mixin.py:137} INFO - [2023-05-25T04:53:32.720+0000] {dag.py:3441} INFO - Setting next_dagrun for example_sensors to None, run_after=None
[2023-05-25T04:53:32.788+0000] {processor.py:175} INFO - Processing /home/airflow/.local/lib/python3.7/site-packages/airflow/example_dags/example_sensors.py took 0.438 seconds
[2023-05-25T04:54:03.133+0000] {processor.py:153} INFO - Started process (PID=1413) to work on /home/airflow/.local/lib/python3.7/site-packages/airflow/example_dags/example_sensors.py
[2023-05-25T04:54:03.142+0000] {processor.py:743} INFO - Processing file /home/airflow/.local/lib/python3.7/site-packages/airflow/example_dags/example_sensors.py for tasks to queue
[2023-05-25T04:54:03.155+0000] {logging_mixin.py:137} INFO - [2023-05-25T04:54:03.145+0000] {dagbag.py:538} INFO - Filling up the DagBag from /home/airflow/.local/lib/python3.7/site-packages/airflow/example_dags/example_sensors.py
[2023-05-25T04:54:03.380+0000] {processor.py:753} INFO - DAG(s) dict_keys(['example_sensors']) retrieved from /home/airflow/.local/lib/python3.7/site-packages/airflow/example_dags/example_sensors.py
[2023-05-25T04:54:03.554+0000] {logging_mixin.py:137} INFO - [2023-05-25T04:54:03.554+0000] {dag.py:2690} INFO - Sync 1 DAGs
[2023-05-25T04:54:03.682+0000] {logging_mixin.py:137} INFO - [2023-05-25T04:54:03.681+0000] {dag.py:3441} INFO - Setting next_dagrun for example_sensors to None, run_after=None
[2023-05-25T04:54:03.828+0000] {processor.py:175} INFO - Processing /home/airflow/.local/lib/python3.7/site-packages/airflow/example_dags/example_sensors.py took 0.741 seconds
[2023-05-25T04:54:34.030+0000] {processor.py:153} INFO - Started process (PID=1472) to work on /home/airflow/.local/lib/python3.7/site-packages/airflow/example_dags/example_sensors.py
[2023-05-25T04:54:34.045+0000] {processor.py:743} INFO - Processing file /home/airflow/.local/lib/python3.7/site-packages/airflow/example_dags/example_sensors.py for tasks to queue
[2023-05-25T04:54:34.049+0000] {logging_mixin.py:137} INFO - [2023-05-25T04:54:34.048+0000] {dagbag.py:538} INFO - Filling up the DagBag from /home/airflow/.local/lib/python3.7/site-packages/airflow/example_dags/example_sensors.py
[2023-05-25T04:54:34.147+0000] {processor.py:753} INFO - DAG(s) dict_keys(['example_sensors']) retrieved from /home/airflow/.local/lib/python3.7/site-packages/airflow/example_dags/example_sensors.py
[2023-05-25T04:54:34.306+0000] {logging_mixin.py:137} INFO - [2023-05-25T04:54:34.305+0000] {dag.py:2690} INFO - Sync 1 DAGs
[2023-05-25T04:54:34.620+0000] {logging_mixin.py:137} INFO - [2023-05-25T04:54:34.620+0000] {dag.py:3441} INFO - Setting next_dagrun for example_sensors to None, run_after=None
[2023-05-25T04:54:34.840+0000] {processor.py:175} INFO - Processing /home/airflow/.local/lib/python3.7/site-packages/airflow/example_dags/example_sensors.py took 0.853 seconds
[2023-05-25T04:55:05.178+0000] {processor.py:153} INFO - Started process (PID=1523) to work on /home/airflow/.local/lib/python3.7/site-packages/airflow/example_dags/example_sensors.py
[2023-05-25T04:55:05.199+0000] {processor.py:743} INFO - Processing file /home/airflow/.local/lib/python3.7/site-packages/airflow/example_dags/example_sensors.py for tasks to queue
[2023-05-25T04:55:05.209+0000] {logging_mixin.py:137} INFO - [2023-05-25T04:55:05.208+0000] {dagbag.py:538} INFO - Filling up the DagBag from /home/airflow/.local/lib/python3.7/site-packages/airflow/example_dags/example_sensors.py
[2023-05-25T04:55:05.312+0000] {processor.py:753} INFO - DAG(s) dict_keys(['example_sensors']) retrieved from /home/airflow/.local/lib/python3.7/site-packages/airflow/example_dags/example_sensors.py
[2023-05-25T04:55:05.419+0000] {logging_mixin.py:137} INFO - [2023-05-25T04:55:05.419+0000] {dag.py:2690} INFO - Sync 1 DAGs
[2023-05-25T04:55:05.488+0000] {logging_mixin.py:137} INFO - [2023-05-25T04:55:05.488+0000] {dag.py:3441} INFO - Setting next_dagrun for example_sensors to None, run_after=None
[2023-05-25T04:55:05.563+0000] {processor.py:175} INFO - Processing /home/airflow/.local/lib/python3.7/site-packages/airflow/example_dags/example_sensors.py took 0.402 seconds
[2023-05-25T04:55:36.247+0000] {processor.py:153} INFO - Started process (PID=1584) to work on /home/airflow/.local/lib/python3.7/site-packages/airflow/example_dags/example_sensors.py
[2023-05-25T04:55:36.259+0000] {processor.py:743} INFO - Processing file /home/airflow/.local/lib/python3.7/site-packages/airflow/example_dags/example_sensors.py for tasks to queue
[2023-05-25T04:55:36.264+0000] {logging_mixin.py:137} INFO - [2023-05-25T04:55:36.263+0000] {dagbag.py:538} INFO - Filling up the DagBag from /home/airflow/.local/lib/python3.7/site-packages/airflow/example_dags/example_sensors.py
[2023-05-25T04:55:36.348+0000] {processor.py:753} INFO - DAG(s) dict_keys(['example_sensors']) retrieved from /home/airflow/.local/lib/python3.7/site-packages/airflow/example_dags/example_sensors.py
[2023-05-25T04:55:36.401+0000] {logging_mixin.py:137} INFO - [2023-05-25T04:55:36.400+0000] {dag.py:2690} INFO - Sync 1 DAGs
[2023-05-25T04:55:36.480+0000] {logging_mixin.py:137} INFO - [2023-05-25T04:55:36.480+0000] {dag.py:3441} INFO - Setting next_dagrun for example_sensors to None, run_after=None
[2023-05-25T04:55:36.574+0000] {processor.py:175} INFO - Processing /home/airflow/.local/lib/python3.7/site-packages/airflow/example_dags/example_sensors.py took 0.342 seconds
[2023-05-25T04:56:07.440+0000] {processor.py:153} INFO - Started process (PID=1644) to work on /home/airflow/.local/lib/python3.7/site-packages/airflow/example_dags/example_sensors.py
[2023-05-25T04:56:07.445+0000] {processor.py:743} INFO - Processing file /home/airflow/.local/lib/python3.7/site-packages/airflow/example_dags/example_sensors.py for tasks to queue
[2023-05-25T04:56:07.450+0000] {logging_mixin.py:137} INFO - [2023-05-25T04:56:07.449+0000] {dagbag.py:538} INFO - Filling up the DagBag from /home/airflow/.local/lib/python3.7/site-packages/airflow/example_dags/example_sensors.py
[2023-05-25T04:56:07.557+0000] {processor.py:753} INFO - DAG(s) dict_keys(['example_sensors']) retrieved from /home/airflow/.local/lib/python3.7/site-packages/airflow/example_dags/example_sensors.py
[2023-05-25T04:56:07.629+0000] {logging_mixin.py:137} INFO - [2023-05-25T04:56:07.629+0000] {dag.py:2690} INFO - Sync 1 DAGs
[2023-05-25T04:56:07.702+0000] {logging_mixin.py:137} INFO - [2023-05-25T04:56:07.701+0000] {dag.py:3441} INFO - Setting next_dagrun for example_sensors to None, run_after=None
[2023-05-25T04:56:07.761+0000] {processor.py:175} INFO - Processing /home/airflow/.local/lib/python3.7/site-packages/airflow/example_dags/example_sensors.py took 0.330 seconds
[2023-05-25T04:56:38.758+0000] {processor.py:153} INFO - Started process (PID=1712) to work on /home/airflow/.local/lib/python3.7/site-packages/airflow/example_dags/example_sensors.py
[2023-05-25T04:56:38.770+0000] {processor.py:743} INFO - Processing file /home/airflow/.local/lib/python3.7/site-packages/airflow/example_dags/example_sensors.py for tasks to queue
[2023-05-25T04:56:38.772+0000] {logging_mixin.py:137} INFO - [2023-05-25T04:56:38.772+0000] {dagbag.py:538} INFO - Filling up the DagBag from /home/airflow/.local/lib/python3.7/site-packages/airflow/example_dags/example_sensors.py
[2023-05-25T04:56:38.846+0000] {processor.py:753} INFO - DAG(s) dict_keys(['example_sensors']) retrieved from /home/airflow/.local/lib/python3.7/site-packages/airflow/example_dags/example_sensors.py
[2023-05-25T04:56:38.970+0000] {logging_mixin.py:137} INFO - [2023-05-25T04:56:38.969+0000] {dag.py:2690} INFO - Sync 1 DAGs
[2023-05-25T04:56:39.042+0000] {logging_mixin.py:137} INFO - [2023-05-25T04:56:39.042+0000] {dag.py:3441} INFO - Setting next_dagrun for example_sensors to None, run_after=None
[2023-05-25T04:56:39.118+0000] {processor.py:175} INFO - Processing /home/airflow/.local/lib/python3.7/site-packages/airflow/example_dags/example_sensors.py took 0.372 seconds
[2023-05-25T04:57:10.625+0000] {processor.py:153} INFO - Started process (PID=1772) to work on /home/airflow/.local/lib/python3.7/site-packages/airflow/example_dags/example_sensors.py
[2023-05-25T04:57:10.629+0000] {processor.py:743} INFO - Processing file /home/airflow/.local/lib/python3.7/site-packages/airflow/example_dags/example_sensors.py for tasks to queue
[2023-05-25T04:57:10.633+0000] {logging_mixin.py:137} INFO - [2023-05-25T04:57:10.633+0000] {dagbag.py:538} INFO - Filling up the DagBag from /home/airflow/.local/lib/python3.7/site-packages/airflow/example_dags/example_sensors.py
[2023-05-25T04:57:10.713+0000] {processor.py:753} INFO - DAG(s) dict_keys(['example_sensors']) retrieved from /home/airflow/.local/lib/python3.7/site-packages/airflow/example_dags/example_sensors.py
[2023-05-25T04:57:10.827+0000] {logging_mixin.py:137} INFO - [2023-05-25T04:57:10.827+0000] {dag.py:2690} INFO - Sync 1 DAGs
[2023-05-25T04:57:10.920+0000] {logging_mixin.py:137} INFO - [2023-05-25T04:57:10.920+0000] {dag.py:3441} INFO - Setting next_dagrun for example_sensors to None, run_after=None
[2023-05-25T04:57:10.980+0000] {processor.py:175} INFO - Processing /home/airflow/.local/lib/python3.7/site-packages/airflow/example_dags/example_sensors.py took 0.359 seconds
[2023-05-25T04:57:42.836+0000] {processor.py:153} INFO - Started process (PID=1833) to work on /home/airflow/.local/lib/python3.7/site-packages/airflow/example_dags/example_sensors.py
[2023-05-25T04:57:42.843+0000] {processor.py:743} INFO - Processing file /home/airflow/.local/lib/python3.7/site-packages/airflow/example_dags/example_sensors.py for tasks to queue
[2023-05-25T04:57:42.850+0000] {logging_mixin.py:137} INFO - [2023-05-25T04:57:42.849+0000] {dagbag.py:538} INFO - Filling up the DagBag from /home/airflow/.local/lib/python3.7/site-packages/airflow/example_dags/example_sensors.py
[2023-05-25T04:57:42.969+0000] {processor.py:753} INFO - DAG(s) dict_keys(['example_sensors']) retrieved from /home/airflow/.local/lib/python3.7/site-packages/airflow/example_dags/example_sensors.py
[2023-05-25T04:57:43.225+0000] {logging_mixin.py:137} INFO - [2023-05-25T04:57:43.224+0000] {dag.py:2690} INFO - Sync 1 DAGs
[2023-05-25T04:57:43.321+0000] {logging_mixin.py:137} INFO - [2023-05-25T04:57:43.320+0000] {dag.py:3441} INFO - Setting next_dagrun for example_sensors to None, run_after=None
[2023-05-25T04:57:43.386+0000] {processor.py:175} INFO - Processing /home/airflow/.local/lib/python3.7/site-packages/airflow/example_dags/example_sensors.py took 0.576 seconds
[2023-05-25T04:58:13.706+0000] {processor.py:153} INFO - Started process (PID=1888) to work on /home/airflow/.local/lib/python3.7/site-packages/airflow/example_dags/example_sensors.py
[2023-05-25T04:58:13.728+0000] {processor.py:743} INFO - Processing file /home/airflow/.local/lib/python3.7/site-packages/airflow/example_dags/example_sensors.py for tasks to queue
[2023-05-25T04:58:13.736+0000] {logging_mixin.py:137} INFO - [2023-05-25T04:58:13.736+0000] {dagbag.py:538} INFO - Filling up the DagBag from /home/airflow/.local/lib/python3.7/site-packages/airflow/example_dags/example_sensors.py
[2023-05-25T04:58:13.888+0000] {processor.py:753} INFO - DAG(s) dict_keys(['example_sensors']) retrieved from /home/airflow/.local/lib/python3.7/site-packages/airflow/example_dags/example_sensors.py
[2023-05-25T04:58:14.062+0000] {logging_mixin.py:137} INFO - [2023-05-25T04:58:14.062+0000] {dag.py:2690} INFO - Sync 1 DAGs
[2023-05-25T04:58:14.131+0000] {logging_mixin.py:137} INFO - [2023-05-25T04:58:14.130+0000] {dag.py:3441} INFO - Setting next_dagrun for example_sensors to None, run_after=None
[2023-05-25T04:58:14.191+0000] {processor.py:175} INFO - Processing /home/airflow/.local/lib/python3.7/site-packages/airflow/example_dags/example_sensors.py took 0.502 seconds
[2023-05-25T04:58:44.750+0000] {processor.py:153} INFO - Started process (PID=1952) to work on /home/airflow/.local/lib/python3.7/site-packages/airflow/example_dags/example_sensors.py
[2023-05-25T04:58:44.757+0000] {processor.py:743} INFO - Processing file /home/airflow/.local/lib/python3.7/site-packages/airflow/example_dags/example_sensors.py for tasks to queue
[2023-05-25T04:58:44.760+0000] {logging_mixin.py:137} INFO - [2023-05-25T04:58:44.759+0000] {dagbag.py:538} INFO - Filling up the DagBag from /home/airflow/.local/lib/python3.7/site-packages/airflow/example_dags/example_sensors.py
[2023-05-25T04:58:44.842+0000] {processor.py:753} INFO - DAG(s) dict_keys(['example_sensors']) retrieved from /home/airflow/.local/lib/python3.7/site-packages/airflow/example_dags/example_sensors.py
[2023-05-25T04:58:44.901+0000] {logging_mixin.py:137} INFO - [2023-05-25T04:58:44.900+0000] {dag.py:2690} INFO - Sync 1 DAGs
[2023-05-25T04:58:44.940+0000] {logging_mixin.py:137} INFO - [2023-05-25T04:58:44.940+0000] {dag.py:3441} INFO - Setting next_dagrun for example_sensors to None, run_after=None
[2023-05-25T04:58:44.971+0000] {processor.py:175} INFO - Processing /home/airflow/.local/lib/python3.7/site-packages/airflow/example_dags/example_sensors.py took 0.232 seconds
[2023-05-25T04:59:15.151+0000] {processor.py:153} INFO - Started process (PID=2013) to work on /home/airflow/.local/lib/python3.7/site-packages/airflow/example_dags/example_sensors.py
[2023-05-25T04:59:15.153+0000] {processor.py:743} INFO - Processing file /home/airflow/.local/lib/python3.7/site-packages/airflow/example_dags/example_sensors.py for tasks to queue
[2023-05-25T04:59:15.157+0000] {logging_mixin.py:137} INFO - [2023-05-25T04:59:15.157+0000] {dagbag.py:538} INFO - Filling up the DagBag from /home/airflow/.local/lib/python3.7/site-packages/airflow/example_dags/example_sensors.py
[2023-05-25T04:59:15.204+0000] {processor.py:753} INFO - DAG(s) dict_keys(['example_sensors']) retrieved from /home/airflow/.local/lib/python3.7/site-packages/airflow/example_dags/example_sensors.py
[2023-05-25T04:59:15.260+0000] {logging_mixin.py:137} INFO - [2023-05-25T04:59:15.260+0000] {dag.py:2690} INFO - Sync 1 DAGs
[2023-05-25T04:59:15.312+0000] {logging_mixin.py:137} INFO - [2023-05-25T04:59:15.312+0000] {dag.py:3441} INFO - Setting next_dagrun for example_sensors to None, run_after=None
[2023-05-25T04:59:15.365+0000] {processor.py:175} INFO - Processing /home/airflow/.local/lib/python3.7/site-packages/airflow/example_dags/example_sensors.py took 0.223 seconds
[2023-05-25T04:59:45.512+0000] {processor.py:153} INFO - Started process (PID=2072) to work on /home/airflow/.local/lib/python3.7/site-packages/airflow/example_dags/example_sensors.py
[2023-05-25T04:59:45.514+0000] {processor.py:743} INFO - Processing file /home/airflow/.local/lib/python3.7/site-packages/airflow/example_dags/example_sensors.py for tasks to queue
[2023-05-25T04:59:45.518+0000] {logging_mixin.py:137} INFO - [2023-05-25T04:59:45.517+0000] {dagbag.py:538} INFO - Filling up the DagBag from /home/airflow/.local/lib/python3.7/site-packages/airflow/example_dags/example_sensors.py
[2023-05-25T04:59:45.553+0000] {processor.py:753} INFO - DAG(s) dict_keys(['example_sensors']) retrieved from /home/airflow/.local/lib/python3.7/site-packages/airflow/example_dags/example_sensors.py
[2023-05-25T04:59:45.591+0000] {logging_mixin.py:137} INFO - [2023-05-25T04:59:45.591+0000] {dag.py:2690} INFO - Sync 1 DAGs
[2023-05-25T04:59:45.623+0000] {logging_mixin.py:137} INFO - [2023-05-25T04:59:45.623+0000] {dag.py:3441} INFO - Setting next_dagrun for example_sensors to None, run_after=None
[2023-05-25T04:59:45.658+0000] {processor.py:175} INFO - Processing /home/airflow/.local/lib/python3.7/site-packages/airflow/example_dags/example_sensors.py took 0.153 seconds
[2023-05-25T05:00:16.035+0000] {processor.py:153} INFO - Started process (PID=2132) to work on /home/airflow/.local/lib/python3.7/site-packages/airflow/example_dags/example_sensors.py
[2023-05-25T05:00:16.038+0000] {processor.py:743} INFO - Processing file /home/airflow/.local/lib/python3.7/site-packages/airflow/example_dags/example_sensors.py for tasks to queue
[2023-05-25T05:00:16.041+0000] {logging_mixin.py:137} INFO - [2023-05-25T05:00:16.041+0000] {dagbag.py:538} INFO - Filling up the DagBag from /home/airflow/.local/lib/python3.7/site-packages/airflow/example_dags/example_sensors.py
[2023-05-25T05:00:16.080+0000] {processor.py:753} INFO - DAG(s) dict_keys(['example_sensors']) retrieved from /home/airflow/.local/lib/python3.7/site-packages/airflow/example_dags/example_sensors.py
[2023-05-25T05:00:16.132+0000] {logging_mixin.py:137} INFO - [2023-05-25T05:00:16.131+0000] {dag.py:2690} INFO - Sync 1 DAGs
[2023-05-25T05:00:16.194+0000] {logging_mixin.py:137} INFO - [2023-05-25T05:00:16.194+0000] {dag.py:3441} INFO - Setting next_dagrun for example_sensors to None, run_after=None
[2023-05-25T05:00:16.253+0000] {processor.py:175} INFO - Processing /home/airflow/.local/lib/python3.7/site-packages/airflow/example_dags/example_sensors.py took 0.229 seconds
[2023-05-25T05:00:46.633+0000] {processor.py:153} INFO - Started process (PID=2191) to work on /home/airflow/.local/lib/python3.7/site-packages/airflow/example_dags/example_sensors.py
[2023-05-25T05:00:46.638+0000] {processor.py:743} INFO - Processing file /home/airflow/.local/lib/python3.7/site-packages/airflow/example_dags/example_sensors.py for tasks to queue
[2023-05-25T05:00:46.644+0000] {logging_mixin.py:137} INFO - [2023-05-25T05:00:46.644+0000] {dagbag.py:538} INFO - Filling up the DagBag from /home/airflow/.local/lib/python3.7/site-packages/airflow/example_dags/example_sensors.py
[2023-05-25T05:00:46.680+0000] {processor.py:753} INFO - DAG(s) dict_keys(['example_sensors']) retrieved from /home/airflow/.local/lib/python3.7/site-packages/airflow/example_dags/example_sensors.py
[2023-05-25T05:00:46.720+0000] {logging_mixin.py:137} INFO - [2023-05-25T05:00:46.720+0000] {dag.py:2690} INFO - Sync 1 DAGs
[2023-05-25T05:00:46.768+0000] {logging_mixin.py:137} INFO - [2023-05-25T05:00:46.768+0000] {dag.py:3441} INFO - Setting next_dagrun for example_sensors to None, run_after=None
[2023-05-25T05:00:46.829+0000] {processor.py:175} INFO - Processing /home/airflow/.local/lib/python3.7/site-packages/airflow/example_dags/example_sensors.py took 0.218 seconds
[2023-05-25T05:01:17.901+0000] {processor.py:153} INFO - Started process (PID=2259) to work on /home/airflow/.local/lib/python3.7/site-packages/airflow/example_dags/example_sensors.py
[2023-05-25T05:01:17.905+0000] {processor.py:743} INFO - Processing file /home/airflow/.local/lib/python3.7/site-packages/airflow/example_dags/example_sensors.py for tasks to queue
[2023-05-25T05:01:17.910+0000] {logging_mixin.py:137} INFO - [2023-05-25T05:01:17.909+0000] {dagbag.py:538} INFO - Filling up the DagBag from /home/airflow/.local/lib/python3.7/site-packages/airflow/example_dags/example_sensors.py
[2023-05-25T05:01:17.965+0000] {processor.py:753} INFO - DAG(s) dict_keys(['example_sensors']) retrieved from /home/airflow/.local/lib/python3.7/site-packages/airflow/example_dags/example_sensors.py
[2023-05-25T05:01:18.043+0000] {logging_mixin.py:137} INFO - [2023-05-25T05:01:18.042+0000] {dag.py:2690} INFO - Sync 1 DAGs
[2023-05-25T05:01:18.083+0000] {logging_mixin.py:137} INFO - [2023-05-25T05:01:18.083+0000] {dag.py:3441} INFO - Setting next_dagrun for example_sensors to None, run_after=None
[2023-05-25T05:01:18.117+0000] {processor.py:175} INFO - Processing /home/airflow/.local/lib/python3.7/site-packages/airflow/example_dags/example_sensors.py took 0.237 seconds
[2023-05-25T05:01:48.463+0000] {processor.py:153} INFO - Started process (PID=2320) to work on /home/airflow/.local/lib/python3.7/site-packages/airflow/example_dags/example_sensors.py
[2023-05-25T05:01:48.467+0000] {processor.py:743} INFO - Processing file /home/airflow/.local/lib/python3.7/site-packages/airflow/example_dags/example_sensors.py for tasks to queue
[2023-05-25T05:01:48.474+0000] {logging_mixin.py:137} INFO - [2023-05-25T05:01:48.474+0000] {dagbag.py:538} INFO - Filling up the DagBag from /home/airflow/.local/lib/python3.7/site-packages/airflow/example_dags/example_sensors.py
[2023-05-25T05:01:48.538+0000] {processor.py:753} INFO - DAG(s) dict_keys(['example_sensors']) retrieved from /home/airflow/.local/lib/python3.7/site-packages/airflow/example_dags/example_sensors.py
[2023-05-25T05:01:48.603+0000] {logging_mixin.py:137} INFO - [2023-05-25T05:01:48.603+0000] {dag.py:2690} INFO - Sync 1 DAGs
[2023-05-25T05:01:48.641+0000] {logging_mixin.py:137} INFO - [2023-05-25T05:01:48.640+0000] {dag.py:3441} INFO - Setting next_dagrun for example_sensors to None, run_after=None
[2023-05-25T05:01:48.686+0000] {processor.py:175} INFO - Processing /home/airflow/.local/lib/python3.7/site-packages/airflow/example_dags/example_sensors.py took 0.238 seconds
[2023-05-25T05:02:18.918+0000] {processor.py:153} INFO - Started process (PID=2378) to work on /home/airflow/.local/lib/python3.7/site-packages/airflow/example_dags/example_sensors.py
[2023-05-25T05:02:18.923+0000] {processor.py:743} INFO - Processing file /home/airflow/.local/lib/python3.7/site-packages/airflow/example_dags/example_sensors.py for tasks to queue
[2023-05-25T05:02:18.930+0000] {logging_mixin.py:137} INFO - [2023-05-25T05:02:18.929+0000] {dagbag.py:538} INFO - Filling up the DagBag from /home/airflow/.local/lib/python3.7/site-packages/airflow/example_dags/example_sensors.py
[2023-05-25T05:02:18.973+0000] {processor.py:753} INFO - DAG(s) dict_keys(['example_sensors']) retrieved from /home/airflow/.local/lib/python3.7/site-packages/airflow/example_dags/example_sensors.py
[2023-05-25T05:02:19.026+0000] {logging_mixin.py:137} INFO - [2023-05-25T05:02:19.026+0000] {dag.py:2690} INFO - Sync 1 DAGs
[2023-05-25T05:02:19.065+0000] {logging_mixin.py:137} INFO - [2023-05-25T05:02:19.065+0000] {dag.py:3441} INFO - Setting next_dagrun for example_sensors to None, run_after=None
[2023-05-25T05:02:19.097+0000] {processor.py:175} INFO - Processing /home/airflow/.local/lib/python3.7/site-packages/airflow/example_dags/example_sensors.py took 0.198 seconds
[2023-05-25T05:02:50.460+0000] {processor.py:153} INFO - Started process (PID=2438) to work on /home/airflow/.local/lib/python3.7/site-packages/airflow/example_dags/example_sensors.py
[2023-05-25T05:02:50.474+0000] {processor.py:743} INFO - Processing file /home/airflow/.local/lib/python3.7/site-packages/airflow/example_dags/example_sensors.py for tasks to queue
[2023-05-25T05:02:50.508+0000] {logging_mixin.py:137} INFO - [2023-05-25T05:02:50.508+0000] {dagbag.py:538} INFO - Filling up the DagBag from /home/airflow/.local/lib/python3.7/site-packages/airflow/example_dags/example_sensors.py
[2023-05-25T05:02:50.765+0000] {processor.py:753} INFO - DAG(s) dict_keys(['example_sensors']) retrieved from /home/airflow/.local/lib/python3.7/site-packages/airflow/example_dags/example_sensors.py
[2023-05-25T05:02:50.990+0000] {logging_mixin.py:137} INFO - [2023-05-25T05:02:50.990+0000] {dag.py:2690} INFO - Sync 1 DAGs
[2023-05-25T05:02:51.126+0000] {logging_mixin.py:137} INFO - [2023-05-25T05:02:51.126+0000] {dag.py:3441} INFO - Setting next_dagrun for example_sensors to None, run_after=None
[2023-05-25T05:02:51.195+0000] {processor.py:175} INFO - Processing /home/airflow/.local/lib/python3.7/site-packages/airflow/example_dags/example_sensors.py took 0.749 seconds
[2023-05-25T05:03:21.409+0000] {processor.py:153} INFO - Started process (PID=2499) to work on /home/airflow/.local/lib/python3.7/site-packages/airflow/example_dags/example_sensors.py
[2023-05-25T05:03:21.428+0000] {processor.py:743} INFO - Processing file /home/airflow/.local/lib/python3.7/site-packages/airflow/example_dags/example_sensors.py for tasks to queue
[2023-05-25T05:03:21.433+0000] {logging_mixin.py:137} INFO - [2023-05-25T05:03:21.432+0000] {dagbag.py:538} INFO - Filling up the DagBag from /home/airflow/.local/lib/python3.7/site-packages/airflow/example_dags/example_sensors.py
[2023-05-25T05:03:21.557+0000] {processor.py:753} INFO - DAG(s) dict_keys(['example_sensors']) retrieved from /home/airflow/.local/lib/python3.7/site-packages/airflow/example_dags/example_sensors.py
[2023-05-25T05:03:21.646+0000] {logging_mixin.py:137} INFO - [2023-05-25T05:03:21.645+0000] {dag.py:2690} INFO - Sync 1 DAGs
[2023-05-25T05:03:21.772+0000] {logging_mixin.py:137} INFO - [2023-05-25T05:03:21.772+0000] {dag.py:3441} INFO - Setting next_dagrun for example_sensors to None, run_after=None
[2023-05-25T05:03:21.841+0000] {processor.py:175} INFO - Processing /home/airflow/.local/lib/python3.7/site-packages/airflow/example_dags/example_sensors.py took 0.443 seconds
