[2023-05-25T04:35:54.961+0000] {processor.py:153} INFO - Started process (PID=96) to work on /home/airflow/.local/lib/python3.7/site-packages/airflow/example_dags/example_latest_only.py
[2023-05-25T04:35:54.966+0000] {processor.py:743} INFO - Processing file /home/airflow/.local/lib/python3.7/site-packages/airflow/example_dags/example_latest_only.py for tasks to queue
[2023-05-25T04:35:54.986+0000] {logging_mixin.py:137} INFO - [2023-05-25T04:35:54.985+0000] {dagbag.py:538} INFO - Filling up the DagBag from /home/airflow/.local/lib/python3.7/site-packages/airflow/example_dags/example_latest_only.py
[2023-05-25T04:35:55.467+0000] {processor.py:753} INFO - DAG(s) dict_keys(['latest_only']) retrieved from /home/airflow/.local/lib/python3.7/site-packages/airflow/example_dags/example_latest_only.py
[2023-05-25T04:35:55.644+0000] {logging_mixin.py:137} INFO - [2023-05-25T04:35:55.644+0000] {dag.py:2690} INFO - Sync 1 DAGs
[2023-05-25T04:35:56.126+0000] {logging_mixin.py:137} INFO - [2023-05-25T04:35:56.092+0000] {dag.py:3441} INFO - Setting next_dagrun for latest_only to 2023-05-25T00:35:56.091586+00:00, run_after=2023-05-25T04:35:56.091586+00:00
[2023-05-25T04:35:56.866+0000] {processor.py:175} INFO - Processing /home/airflow/.local/lib/python3.7/site-packages/airflow/example_dags/example_latest_only.py took 2.112 seconds
[2023-05-25T04:36:29.815+0000] {processor.py:153} INFO - Started process (PID=155) to work on /home/airflow/.local/lib/python3.7/site-packages/airflow/example_dags/example_latest_only.py
[2023-05-25T04:36:29.833+0000] {processor.py:743} INFO - Processing file /home/airflow/.local/lib/python3.7/site-packages/airflow/example_dags/example_latest_only.py for tasks to queue
[2023-05-25T04:36:29.866+0000] {logging_mixin.py:137} INFO - [2023-05-25T04:36:29.864+0000] {dagbag.py:538} INFO - Filling up the DagBag from /home/airflow/.local/lib/python3.7/site-packages/airflow/example_dags/example_latest_only.py
[2023-05-25T04:36:30.439+0000] {processor.py:753} INFO - DAG(s) dict_keys(['latest_only']) retrieved from /home/airflow/.local/lib/python3.7/site-packages/airflow/example_dags/example_latest_only.py
[2023-05-25T04:36:30.888+0000] {logging_mixin.py:137} INFO - [2023-05-25T04:36:30.888+0000] {dag.py:2690} INFO - Sync 1 DAGs
[2023-05-25T04:36:31.434+0000] {logging_mixin.py:137} INFO - [2023-05-25T04:36:31.434+0000] {dag.py:3441} INFO - Setting next_dagrun for latest_only to 2023-05-25T00:36:31.433815+00:00, run_after=2023-05-25T04:36:31.433815+00:00
[2023-05-25T04:36:31.562+0000] {processor.py:175} INFO - Processing /home/airflow/.local/lib/python3.7/site-packages/airflow/example_dags/example_latest_only.py took 1.882 seconds
[2023-05-25T04:37:48.468+0000] {processor.py:153} INFO - Started process (PID=229) to work on /home/airflow/.local/lib/python3.7/site-packages/airflow/example_dags/example_latest_only.py
[2023-05-25T04:37:48.501+0000] {processor.py:743} INFO - Processing file /home/airflow/.local/lib/python3.7/site-packages/airflow/example_dags/example_latest_only.py for tasks to queue
[2023-05-25T04:37:48.519+0000] {logging_mixin.py:137} INFO - [2023-05-25T04:37:48.519+0000] {dagbag.py:538} INFO - Filling up the DagBag from /home/airflow/.local/lib/python3.7/site-packages/airflow/example_dags/example_latest_only.py
[2023-05-25T04:37:48.864+0000] {processor.py:753} INFO - DAG(s) dict_keys(['latest_only']) retrieved from /home/airflow/.local/lib/python3.7/site-packages/airflow/example_dags/example_latest_only.py
[2023-05-25T04:37:49.677+0000] {logging_mixin.py:137} INFO - [2023-05-25T04:37:49.677+0000] {dag.py:2690} INFO - Sync 1 DAGs
[2023-05-25T04:37:52.905+0000] {logging_mixin.py:137} INFO - [2023-05-25T04:37:52.839+0000] {dag.py:3441} INFO - Setting next_dagrun for latest_only to 2023-05-25T00:37:52.837939+00:00, run_after=2023-05-25T04:37:52.837939+00:00
[2023-05-25T04:37:54.402+0000] {processor.py:175} INFO - Processing /home/airflow/.local/lib/python3.7/site-packages/airflow/example_dags/example_latest_only.py took 6.031 seconds
[2023-05-25T04:38:50.903+0000] {processor.py:153} INFO - Started process (PID=300) to work on /home/airflow/.local/lib/python3.7/site-packages/airflow/example_dags/example_latest_only.py
[2023-05-25T04:38:50.912+0000] {processor.py:743} INFO - Processing file /home/airflow/.local/lib/python3.7/site-packages/airflow/example_dags/example_latest_only.py for tasks to queue
[2023-05-25T04:38:50.919+0000] {logging_mixin.py:137} INFO - [2023-05-25T04:38:50.919+0000] {dagbag.py:538} INFO - Filling up the DagBag from /home/airflow/.local/lib/python3.7/site-packages/airflow/example_dags/example_latest_only.py
[2023-05-25T04:38:51.133+0000] {processor.py:753} INFO - DAG(s) dict_keys(['latest_only']) retrieved from /home/airflow/.local/lib/python3.7/site-packages/airflow/example_dags/example_latest_only.py
[2023-05-25T04:38:51.522+0000] {logging_mixin.py:137} INFO - [2023-05-25T04:38:51.522+0000] {dag.py:2690} INFO - Sync 1 DAGs
[2023-05-25T04:38:51.865+0000] {logging_mixin.py:137} INFO - [2023-05-25T04:38:51.865+0000] {dag.py:3441} INFO - Setting next_dagrun for latest_only to 2023-05-25T00:38:51.864810+00:00, run_after=2023-05-25T04:38:51.864810+00:00
[2023-05-25T04:38:52.081+0000] {processor.py:175} INFO - Processing /home/airflow/.local/lib/python3.7/site-packages/airflow/example_dags/example_latest_only.py took 1.196 seconds
[2023-05-25T04:39:22.616+0000] {processor.py:153} INFO - Started process (PID=353) to work on /home/airflow/.local/lib/python3.7/site-packages/airflow/example_dags/example_latest_only.py
[2023-05-25T04:39:22.622+0000] {processor.py:743} INFO - Processing file /home/airflow/.local/lib/python3.7/site-packages/airflow/example_dags/example_latest_only.py for tasks to queue
[2023-05-25T04:39:22.627+0000] {logging_mixin.py:137} INFO - [2023-05-25T04:39:22.627+0000] {dagbag.py:538} INFO - Filling up the DagBag from /home/airflow/.local/lib/python3.7/site-packages/airflow/example_dags/example_latest_only.py
[2023-05-25T04:39:22.847+0000] {processor.py:753} INFO - DAG(s) dict_keys(['latest_only']) retrieved from /home/airflow/.local/lib/python3.7/site-packages/airflow/example_dags/example_latest_only.py
[2023-05-25T04:39:23.284+0000] {logging_mixin.py:137} INFO - [2023-05-25T04:39:23.284+0000] {dag.py:2690} INFO - Sync 1 DAGs
[2023-05-25T04:39:23.742+0000] {logging_mixin.py:137} INFO - [2023-05-25T04:39:23.741+0000] {dag.py:3441} INFO - Setting next_dagrun for latest_only to 2023-05-25T00:39:23.741520+00:00, run_after=2023-05-25T04:39:23.741520+00:00
[2023-05-25T04:39:23.930+0000] {processor.py:175} INFO - Processing /home/airflow/.local/lib/python3.7/site-packages/airflow/example_dags/example_latest_only.py took 1.333 seconds
[2023-05-25T04:42:15.738+0000] {processor.py:153} INFO - Started process (PID=80) to work on /home/airflow/.local/lib/python3.7/site-packages/airflow/example_dags/example_latest_only.py
[2023-05-25T04:42:15.742+0000] {processor.py:743} INFO - Processing file /home/airflow/.local/lib/python3.7/site-packages/airflow/example_dags/example_latest_only.py for tasks to queue
[2023-05-25T04:42:15.747+0000] {logging_mixin.py:137} INFO - [2023-05-25T04:42:15.746+0000] {dagbag.py:538} INFO - Filling up the DagBag from /home/airflow/.local/lib/python3.7/site-packages/airflow/example_dags/example_latest_only.py
[2023-05-25T04:42:16.006+0000] {processor.py:753} INFO - DAG(s) dict_keys(['latest_only']) retrieved from /home/airflow/.local/lib/python3.7/site-packages/airflow/example_dags/example_latest_only.py
[2023-05-25T04:42:16.251+0000] {logging_mixin.py:137} INFO - [2023-05-25T04:42:16.251+0000] {dag.py:2690} INFO - Sync 1 DAGs
[2023-05-25T04:42:16.489+0000] {logging_mixin.py:137} INFO - [2023-05-25T04:42:16.477+0000] {dag.py:3441} INFO - Setting next_dagrun for latest_only to 2023-05-25T00:42:16.474263+00:00, run_after=2023-05-25T04:42:16.474263+00:00
[2023-05-25T04:42:16.838+0000] {processor.py:175} INFO - Processing /home/airflow/.local/lib/python3.7/site-packages/airflow/example_dags/example_latest_only.py took 1.138 seconds
[2023-05-25T04:42:47.680+0000] {processor.py:153} INFO - Started process (PID=131) to work on /home/airflow/.local/lib/python3.7/site-packages/airflow/example_dags/example_latest_only.py
[2023-05-25T04:42:47.686+0000] {processor.py:743} INFO - Processing file /home/airflow/.local/lib/python3.7/site-packages/airflow/example_dags/example_latest_only.py for tasks to queue
[2023-05-25T04:42:47.694+0000] {logging_mixin.py:137} INFO - [2023-05-25T04:42:47.690+0000] {dagbag.py:538} INFO - Filling up the DagBag from /home/airflow/.local/lib/python3.7/site-packages/airflow/example_dags/example_latest_only.py
[2023-05-25T04:42:47.725+0000] {processor.py:753} INFO - DAG(s) dict_keys(['latest_only']) retrieved from /home/airflow/.local/lib/python3.7/site-packages/airflow/example_dags/example_latest_only.py
[2023-05-25T04:42:47.794+0000] {logging_mixin.py:137} INFO - [2023-05-25T04:42:47.793+0000] {dag.py:2690} INFO - Sync 1 DAGs
[2023-05-25T04:42:47.917+0000] {logging_mixin.py:137} INFO - [2023-05-25T04:42:47.916+0000] {dag.py:3441} INFO - Setting next_dagrun for latest_only to 2023-05-25T00:42:47.915925+00:00, run_after=2023-05-25T04:42:47.915925+00:00
[2023-05-25T04:42:47.982+0000] {processor.py:175} INFO - Processing /home/airflow/.local/lib/python3.7/site-packages/airflow/example_dags/example_latest_only.py took 0.320 seconds
[2023-05-25T04:43:18.742+0000] {processor.py:153} INFO - Started process (PID=191) to work on /home/airflow/.local/lib/python3.7/site-packages/airflow/example_dags/example_latest_only.py
[2023-05-25T04:43:18.745+0000] {processor.py:743} INFO - Processing file /home/airflow/.local/lib/python3.7/site-packages/airflow/example_dags/example_latest_only.py for tasks to queue
[2023-05-25T04:43:18.747+0000] {logging_mixin.py:137} INFO - [2023-05-25T04:43:18.746+0000] {dagbag.py:538} INFO - Filling up the DagBag from /home/airflow/.local/lib/python3.7/site-packages/airflow/example_dags/example_latest_only.py
[2023-05-25T04:43:18.859+0000] {processor.py:753} INFO - DAG(s) dict_keys(['latest_only']) retrieved from /home/airflow/.local/lib/python3.7/site-packages/airflow/example_dags/example_latest_only.py
[2023-05-25T04:43:19.121+0000] {logging_mixin.py:137} INFO - [2023-05-25T04:43:19.121+0000] {dag.py:2690} INFO - Sync 1 DAGs
[2023-05-25T04:43:19.332+0000] {logging_mixin.py:137} INFO - [2023-05-25T04:43:19.332+0000] {dag.py:3441} INFO - Setting next_dagrun for latest_only to 2023-05-25T00:43:19.331954+00:00, run_after=2023-05-25T04:43:19.331954+00:00
[2023-05-25T04:43:19.470+0000] {processor.py:175} INFO - Processing /home/airflow/.local/lib/python3.7/site-packages/airflow/example_dags/example_latest_only.py took 0.740 seconds
[2023-05-25T04:43:49.622+0000] {processor.py:153} INFO - Started process (PID=250) to work on /home/airflow/.local/lib/python3.7/site-packages/airflow/example_dags/example_latest_only.py
[2023-05-25T04:43:49.625+0000] {processor.py:743} INFO - Processing file /home/airflow/.local/lib/python3.7/site-packages/airflow/example_dags/example_latest_only.py for tasks to queue
[2023-05-25T04:43:49.627+0000] {logging_mixin.py:137} INFO - [2023-05-25T04:43:49.627+0000] {dagbag.py:538} INFO - Filling up the DagBag from /home/airflow/.local/lib/python3.7/site-packages/airflow/example_dags/example_latest_only.py
[2023-05-25T04:43:49.653+0000] {processor.py:753} INFO - DAG(s) dict_keys(['latest_only']) retrieved from /home/airflow/.local/lib/python3.7/site-packages/airflow/example_dags/example_latest_only.py
[2023-05-25T04:43:49.675+0000] {logging_mixin.py:137} INFO - [2023-05-25T04:43:49.675+0000] {dag.py:2690} INFO - Sync 1 DAGs
[2023-05-25T04:43:49.714+0000] {logging_mixin.py:137} INFO - [2023-05-25T04:43:49.713+0000] {dag.py:3441} INFO - Setting next_dagrun for latest_only to 2023-05-25T00:43:49.713656+00:00, run_after=2023-05-25T04:43:49.713656+00:00
[2023-05-25T04:43:49.772+0000] {processor.py:175} INFO - Processing /home/airflow/.local/lib/python3.7/site-packages/airflow/example_dags/example_latest_only.py took 0.157 seconds
[2023-05-25T04:44:20.474+0000] {processor.py:153} INFO - Started process (PID=320) to work on /home/airflow/.local/lib/python3.7/site-packages/airflow/example_dags/example_latest_only.py
[2023-05-25T04:44:20.482+0000] {processor.py:743} INFO - Processing file /home/airflow/.local/lib/python3.7/site-packages/airflow/example_dags/example_latest_only.py for tasks to queue
[2023-05-25T04:44:20.489+0000] {logging_mixin.py:137} INFO - [2023-05-25T04:44:20.489+0000] {dagbag.py:538} INFO - Filling up the DagBag from /home/airflow/.local/lib/python3.7/site-packages/airflow/example_dags/example_latest_only.py
[2023-05-25T04:44:20.526+0000] {processor.py:753} INFO - DAG(s) dict_keys(['latest_only']) retrieved from /home/airflow/.local/lib/python3.7/site-packages/airflow/example_dags/example_latest_only.py
[2023-05-25T04:44:20.597+0000] {logging_mixin.py:137} INFO - [2023-05-25T04:44:20.597+0000] {dag.py:2690} INFO - Sync 1 DAGs
[2023-05-25T04:44:20.668+0000] {logging_mixin.py:137} INFO - [2023-05-25T04:44:20.667+0000] {dag.py:3441} INFO - Setting next_dagrun for latest_only to 2023-05-25T00:44:20.667459+00:00, run_after=2023-05-25T04:44:20.667459+00:00
[2023-05-25T04:44:20.731+0000] {processor.py:175} INFO - Processing /home/airflow/.local/lib/python3.7/site-packages/airflow/example_dags/example_latest_only.py took 0.267 seconds
[2023-05-25T04:44:51.089+0000] {processor.py:153} INFO - Started process (PID=381) to work on /home/airflow/.local/lib/python3.7/site-packages/airflow/example_dags/example_latest_only.py
[2023-05-25T04:44:51.100+0000] {processor.py:743} INFO - Processing file /home/airflow/.local/lib/python3.7/site-packages/airflow/example_dags/example_latest_only.py for tasks to queue
[2023-05-25T04:44:51.106+0000] {logging_mixin.py:137} INFO - [2023-05-25T04:44:51.106+0000] {dagbag.py:538} INFO - Filling up the DagBag from /home/airflow/.local/lib/python3.7/site-packages/airflow/example_dags/example_latest_only.py
[2023-05-25T04:44:51.131+0000] {processor.py:753} INFO - DAG(s) dict_keys(['latest_only']) retrieved from /home/airflow/.local/lib/python3.7/site-packages/airflow/example_dags/example_latest_only.py
[2023-05-25T04:44:51.206+0000] {logging_mixin.py:137} INFO - [2023-05-25T04:44:51.206+0000] {dag.py:2690} INFO - Sync 1 DAGs
[2023-05-25T04:44:51.269+0000] {logging_mixin.py:137} INFO - [2023-05-25T04:44:51.269+0000] {dag.py:3441} INFO - Setting next_dagrun for latest_only to 2023-05-25T00:44:51.269286+00:00, run_after=2023-05-25T04:44:51.269286+00:00
[2023-05-25T04:44:51.340+0000] {processor.py:175} INFO - Processing /home/airflow/.local/lib/python3.7/site-packages/airflow/example_dags/example_latest_only.py took 0.266 seconds
[2023-05-25T04:45:21.614+0000] {processor.py:153} INFO - Started process (PID=442) to work on /home/airflow/.local/lib/python3.7/site-packages/airflow/example_dags/example_latest_only.py
[2023-05-25T04:45:21.619+0000] {processor.py:743} INFO - Processing file /home/airflow/.local/lib/python3.7/site-packages/airflow/example_dags/example_latest_only.py for tasks to queue
[2023-05-25T04:45:21.622+0000] {logging_mixin.py:137} INFO - [2023-05-25T04:45:21.622+0000] {dagbag.py:538} INFO - Filling up the DagBag from /home/airflow/.local/lib/python3.7/site-packages/airflow/example_dags/example_latest_only.py
[2023-05-25T04:45:21.724+0000] {processor.py:753} INFO - DAG(s) dict_keys(['latest_only']) retrieved from /home/airflow/.local/lib/python3.7/site-packages/airflow/example_dags/example_latest_only.py
[2023-05-25T04:45:21.979+0000] {logging_mixin.py:137} INFO - [2023-05-25T04:45:21.979+0000] {dag.py:2690} INFO - Sync 1 DAGs
[2023-05-25T04:45:22.190+0000] {logging_mixin.py:137} INFO - [2023-05-25T04:45:22.190+0000] {dag.py:3441} INFO - Setting next_dagrun for latest_only to 2023-05-25T00:45:22.189888+00:00, run_after=2023-05-25T04:45:22.189888+00:00
[2023-05-25T04:45:22.403+0000] {processor.py:175} INFO - Processing /home/airflow/.local/lib/python3.7/site-packages/airflow/example_dags/example_latest_only.py took 0.821 seconds
[2023-05-25T04:45:53.091+0000] {processor.py:153} INFO - Started process (PID=503) to work on /home/airflow/.local/lib/python3.7/site-packages/airflow/example_dags/example_latest_only.py
[2023-05-25T04:45:53.096+0000] {processor.py:743} INFO - Processing file /home/airflow/.local/lib/python3.7/site-packages/airflow/example_dags/example_latest_only.py for tasks to queue
[2023-05-25T04:45:53.099+0000] {logging_mixin.py:137} INFO - [2023-05-25T04:45:53.099+0000] {dagbag.py:538} INFO - Filling up the DagBag from /home/airflow/.local/lib/python3.7/site-packages/airflow/example_dags/example_latest_only.py
[2023-05-25T04:45:53.138+0000] {processor.py:753} INFO - DAG(s) dict_keys(['latest_only']) retrieved from /home/airflow/.local/lib/python3.7/site-packages/airflow/example_dags/example_latest_only.py
[2023-05-25T04:45:53.208+0000] {logging_mixin.py:137} INFO - [2023-05-25T04:45:53.208+0000] {dag.py:2690} INFO - Sync 1 DAGs
[2023-05-25T04:45:53.271+0000] {logging_mixin.py:137} INFO - [2023-05-25T04:45:53.271+0000] {dag.py:3441} INFO - Setting next_dagrun for latest_only to 2023-05-25T00:45:53.271078+00:00, run_after=2023-05-25T04:45:53.271078+00:00
[2023-05-25T04:45:53.296+0000] {processor.py:175} INFO - Processing /home/airflow/.local/lib/python3.7/site-packages/airflow/example_dags/example_latest_only.py took 0.222 seconds
[2023-05-25T04:46:23.399+0000] {processor.py:153} INFO - Started process (PID=565) to work on /home/airflow/.local/lib/python3.7/site-packages/airflow/example_dags/example_latest_only.py
[2023-05-25T04:46:23.406+0000] {processor.py:743} INFO - Processing file /home/airflow/.local/lib/python3.7/site-packages/airflow/example_dags/example_latest_only.py for tasks to queue
[2023-05-25T04:46:23.414+0000] {logging_mixin.py:137} INFO - [2023-05-25T04:46:23.413+0000] {dagbag.py:538} INFO - Filling up the DagBag from /home/airflow/.local/lib/python3.7/site-packages/airflow/example_dags/example_latest_only.py
[2023-05-25T04:46:23.458+0000] {processor.py:753} INFO - DAG(s) dict_keys(['latest_only']) retrieved from /home/airflow/.local/lib/python3.7/site-packages/airflow/example_dags/example_latest_only.py
[2023-05-25T04:46:23.933+0000] {logging_mixin.py:137} INFO - [2023-05-25T04:46:23.932+0000] {dag.py:2690} INFO - Sync 1 DAGs
[2023-05-25T04:46:24.085+0000] {logging_mixin.py:137} INFO - [2023-05-25T04:46:24.083+0000] {dag.py:3441} INFO - Setting next_dagrun for latest_only to 2023-05-25T00:46:24.082030+00:00, run_after=2023-05-25T04:46:24.082030+00:00
[2023-05-25T04:46:24.298+0000] {processor.py:175} INFO - Processing /home/airflow/.local/lib/python3.7/site-packages/airflow/example_dags/example_latest_only.py took 0.923 seconds
[2023-05-25T04:46:54.645+0000] {processor.py:153} INFO - Started process (PID=625) to work on /home/airflow/.local/lib/python3.7/site-packages/airflow/example_dags/example_latest_only.py
[2023-05-25T04:46:54.654+0000] {processor.py:743} INFO - Processing file /home/airflow/.local/lib/python3.7/site-packages/airflow/example_dags/example_latest_only.py for tasks to queue
[2023-05-25T04:46:54.662+0000] {logging_mixin.py:137} INFO - [2023-05-25T04:46:54.661+0000] {dagbag.py:538} INFO - Filling up the DagBag from /home/airflow/.local/lib/python3.7/site-packages/airflow/example_dags/example_latest_only.py
[2023-05-25T04:46:54.710+0000] {processor.py:753} INFO - DAG(s) dict_keys(['latest_only']) retrieved from /home/airflow/.local/lib/python3.7/site-packages/airflow/example_dags/example_latest_only.py
[2023-05-25T04:46:54.790+0000] {logging_mixin.py:137} INFO - [2023-05-25T04:46:54.790+0000] {dag.py:2690} INFO - Sync 1 DAGs
[2023-05-25T04:46:54.991+0000] {logging_mixin.py:137} INFO - [2023-05-25T04:46:54.974+0000] {dag.py:3441} INFO - Setting next_dagrun for latest_only to 2023-05-25T00:46:54.974015+00:00, run_after=2023-05-25T04:46:54.974015+00:00
[2023-05-25T04:46:55.087+0000] {processor.py:175} INFO - Processing /home/airflow/.local/lib/python3.7/site-packages/airflow/example_dags/example_latest_only.py took 0.456 seconds
[2023-05-25T04:47:42.376+0000] {processor.py:153} INFO - Started process (PID=684) to work on /home/airflow/.local/lib/python3.7/site-packages/airflow/example_dags/example_latest_only.py
[2023-05-25T04:47:42.383+0000] {processor.py:743} INFO - Processing file /home/airflow/.local/lib/python3.7/site-packages/airflow/example_dags/example_latest_only.py for tasks to queue
[2023-05-25T04:47:42.385+0000] {logging_mixin.py:137} INFO - [2023-05-25T04:47:42.385+0000] {dagbag.py:538} INFO - Filling up the DagBag from /home/airflow/.local/lib/python3.7/site-packages/airflow/example_dags/example_latest_only.py
[2023-05-25T04:47:42.429+0000] {processor.py:753} INFO - DAG(s) dict_keys(['latest_only']) retrieved from /home/airflow/.local/lib/python3.7/site-packages/airflow/example_dags/example_latest_only.py
[2023-05-25T04:47:42.516+0000] {logging_mixin.py:137} INFO - [2023-05-25T04:47:42.515+0000] {dag.py:2690} INFO - Sync 1 DAGs
[2023-05-25T04:47:42.584+0000] {logging_mixin.py:137} INFO - [2023-05-25T04:47:42.584+0000] {dag.py:3441} INFO - Setting next_dagrun for latest_only to 2023-05-25T00:47:42.584098+00:00, run_after=2023-05-25T04:47:42.584098+00:00
[2023-05-25T04:47:42.811+0000] {processor.py:175} INFO - Processing /home/airflow/.local/lib/python3.7/site-packages/airflow/example_dags/example_latest_only.py took 0.450 seconds
[2023-05-25T04:48:13.551+0000] {processor.py:153} INFO - Started process (PID=744) to work on /home/airflow/.local/lib/python3.7/site-packages/airflow/example_dags/example_latest_only.py
[2023-05-25T04:48:13.553+0000] {processor.py:743} INFO - Processing file /home/airflow/.local/lib/python3.7/site-packages/airflow/example_dags/example_latest_only.py for tasks to queue
[2023-05-25T04:48:13.556+0000] {logging_mixin.py:137} INFO - [2023-05-25T04:48:13.556+0000] {dagbag.py:538} INFO - Filling up the DagBag from /home/airflow/.local/lib/python3.7/site-packages/airflow/example_dags/example_latest_only.py
[2023-05-25T04:48:13.579+0000] {processor.py:753} INFO - DAG(s) dict_keys(['latest_only']) retrieved from /home/airflow/.local/lib/python3.7/site-packages/airflow/example_dags/example_latest_only.py
[2023-05-25T04:48:13.617+0000] {logging_mixin.py:137} INFO - [2023-05-25T04:48:13.617+0000] {dag.py:2690} INFO - Sync 1 DAGs
[2023-05-25T04:48:13.659+0000] {logging_mixin.py:137} INFO - [2023-05-25T04:48:13.659+0000] {dag.py:3441} INFO - Setting next_dagrun for latest_only to 2023-05-25T00:48:13.659289+00:00, run_after=2023-05-25T04:48:13.659289+00:00
[2023-05-25T04:48:13.693+0000] {processor.py:175} INFO - Processing /home/airflow/.local/lib/python3.7/site-packages/airflow/example_dags/example_latest_only.py took 0.147 seconds
[2023-05-25T04:48:45.464+0000] {processor.py:153} INFO - Started process (PID=808) to work on /home/airflow/.local/lib/python3.7/site-packages/airflow/example_dags/example_latest_only.py
[2023-05-25T04:48:45.473+0000] {processor.py:743} INFO - Processing file /home/airflow/.local/lib/python3.7/site-packages/airflow/example_dags/example_latest_only.py for tasks to queue
[2023-05-25T04:48:45.483+0000] {logging_mixin.py:137} INFO - [2023-05-25T04:48:45.479+0000] {dagbag.py:538} INFO - Filling up the DagBag from /home/airflow/.local/lib/python3.7/site-packages/airflow/example_dags/example_latest_only.py
[2023-05-25T04:48:45.680+0000] {processor.py:753} INFO - DAG(s) dict_keys(['latest_only']) retrieved from /home/airflow/.local/lib/python3.7/site-packages/airflow/example_dags/example_latest_only.py
[2023-05-25T04:48:45.857+0000] {logging_mixin.py:137} INFO - [2023-05-25T04:48:45.857+0000] {dag.py:2690} INFO - Sync 1 DAGs
[2023-05-25T04:48:46.121+0000] {logging_mixin.py:137} INFO - [2023-05-25T04:48:46.121+0000] {dag.py:3441} INFO - Setting next_dagrun for latest_only to 2023-05-25T00:48:46.117452+00:00, run_after=2023-05-25T04:48:46.117452+00:00
[2023-05-25T04:48:46.270+0000] {processor.py:175} INFO - Processing /home/airflow/.local/lib/python3.7/site-packages/airflow/example_dags/example_latest_only.py took 0.826 seconds
[2023-05-25T04:49:16.482+0000] {processor.py:153} INFO - Started process (PID=868) to work on /home/airflow/.local/lib/python3.7/site-packages/airflow/example_dags/example_latest_only.py
[2023-05-25T04:49:16.484+0000] {processor.py:743} INFO - Processing file /home/airflow/.local/lib/python3.7/site-packages/airflow/example_dags/example_latest_only.py for tasks to queue
[2023-05-25T04:49:16.487+0000] {logging_mixin.py:137} INFO - [2023-05-25T04:49:16.487+0000] {dagbag.py:538} INFO - Filling up the DagBag from /home/airflow/.local/lib/python3.7/site-packages/airflow/example_dags/example_latest_only.py
[2023-05-25T04:49:16.512+0000] {processor.py:753} INFO - DAG(s) dict_keys(['latest_only']) retrieved from /home/airflow/.local/lib/python3.7/site-packages/airflow/example_dags/example_latest_only.py
[2023-05-25T04:49:16.561+0000] {logging_mixin.py:137} INFO - [2023-05-25T04:49:16.561+0000] {dag.py:2690} INFO - Sync 1 DAGs
[2023-05-25T04:49:16.599+0000] {logging_mixin.py:137} INFO - [2023-05-25T04:49:16.599+0000] {dag.py:3441} INFO - Setting next_dagrun for latest_only to 2023-05-25T00:49:16.599042+00:00, run_after=2023-05-25T04:49:16.599042+00:00
[2023-05-25T04:49:16.629+0000] {processor.py:175} INFO - Processing /home/airflow/.local/lib/python3.7/site-packages/airflow/example_dags/example_latest_only.py took 0.155 seconds
[2023-05-25T04:49:47.330+0000] {processor.py:153} INFO - Started process (PID=939) to work on /home/airflow/.local/lib/python3.7/site-packages/airflow/example_dags/example_latest_only.py
[2023-05-25T04:49:47.335+0000] {processor.py:743} INFO - Processing file /home/airflow/.local/lib/python3.7/site-packages/airflow/example_dags/example_latest_only.py for tasks to queue
[2023-05-25T04:49:47.337+0000] {logging_mixin.py:137} INFO - [2023-05-25T04:49:47.337+0000] {dagbag.py:538} INFO - Filling up the DagBag from /home/airflow/.local/lib/python3.7/site-packages/airflow/example_dags/example_latest_only.py
[2023-05-25T04:49:47.381+0000] {processor.py:753} INFO - DAG(s) dict_keys(['latest_only']) retrieved from /home/airflow/.local/lib/python3.7/site-packages/airflow/example_dags/example_latest_only.py
[2023-05-25T04:49:47.471+0000] {logging_mixin.py:137} INFO - [2023-05-25T04:49:47.471+0000] {dag.py:2690} INFO - Sync 1 DAGs
[2023-05-25T04:49:47.574+0000] {logging_mixin.py:137} INFO - [2023-05-25T04:49:47.574+0000] {dag.py:3441} INFO - Setting next_dagrun for latest_only to 2023-05-25T00:49:47.574387+00:00, run_after=2023-05-25T04:49:47.574387+00:00
[2023-05-25T04:49:47.647+0000] {processor.py:175} INFO - Processing /home/airflow/.local/lib/python3.7/site-packages/airflow/example_dags/example_latest_only.py took 0.359 seconds
[2023-05-25T04:50:18.216+0000] {processor.py:153} INFO - Started process (PID=999) to work on /home/airflow/.local/lib/python3.7/site-packages/airflow/example_dags/example_latest_only.py
[2023-05-25T04:50:18.222+0000] {processor.py:743} INFO - Processing file /home/airflow/.local/lib/python3.7/site-packages/airflow/example_dags/example_latest_only.py for tasks to queue
[2023-05-25T04:50:18.230+0000] {logging_mixin.py:137} INFO - [2023-05-25T04:50:18.229+0000] {dagbag.py:538} INFO - Filling up the DagBag from /home/airflow/.local/lib/python3.7/site-packages/airflow/example_dags/example_latest_only.py
[2023-05-25T04:50:18.295+0000] {processor.py:753} INFO - DAG(s) dict_keys(['latest_only']) retrieved from /home/airflow/.local/lib/python3.7/site-packages/airflow/example_dags/example_latest_only.py
[2023-05-25T04:50:18.363+0000] {logging_mixin.py:137} INFO - [2023-05-25T04:50:18.363+0000] {dag.py:2690} INFO - Sync 1 DAGs
[2023-05-25T04:50:18.460+0000] {logging_mixin.py:137} INFO - [2023-05-25T04:50:18.460+0000] {dag.py:3441} INFO - Setting next_dagrun for latest_only to 2023-05-25T00:50:18.460104+00:00, run_after=2023-05-25T04:50:18.460104+00:00
[2023-05-25T04:50:18.539+0000] {processor.py:175} INFO - Processing /home/airflow/.local/lib/python3.7/site-packages/airflow/example_dags/example_latest_only.py took 0.333 seconds
[2023-05-25T04:50:50.236+0000] {processor.py:153} INFO - Started process (PID=1051) to work on /home/airflow/.local/lib/python3.7/site-packages/airflow/example_dags/example_latest_only.py
[2023-05-25T04:50:50.240+0000] {processor.py:743} INFO - Processing file /home/airflow/.local/lib/python3.7/site-packages/airflow/example_dags/example_latest_only.py for tasks to queue
[2023-05-25T04:50:50.247+0000] {logging_mixin.py:137} INFO - [2023-05-25T04:50:50.244+0000] {dagbag.py:538} INFO - Filling up the DagBag from /home/airflow/.local/lib/python3.7/site-packages/airflow/example_dags/example_latest_only.py
[2023-05-25T04:50:50.340+0000] {processor.py:753} INFO - DAG(s) dict_keys(['latest_only']) retrieved from /home/airflow/.local/lib/python3.7/site-packages/airflow/example_dags/example_latest_only.py
[2023-05-25T04:50:50.427+0000] {logging_mixin.py:137} INFO - [2023-05-25T04:50:50.427+0000] {dag.py:2690} INFO - Sync 1 DAGs
[2023-05-25T04:50:50.520+0000] {logging_mixin.py:137} INFO - [2023-05-25T04:50:50.520+0000] {dag.py:3441} INFO - Setting next_dagrun for latest_only to 2023-05-25T00:50:50.519292+00:00, run_after=2023-05-25T04:50:50.519292+00:00
[2023-05-25T04:50:50.638+0000] {processor.py:175} INFO - Processing /home/airflow/.local/lib/python3.7/site-packages/airflow/example_dags/example_latest_only.py took 0.419 seconds
[2023-05-25T04:51:21.570+0000] {processor.py:153} INFO - Started process (PID=1111) to work on /home/airflow/.local/lib/python3.7/site-packages/airflow/example_dags/example_latest_only.py
[2023-05-25T04:51:21.573+0000] {processor.py:743} INFO - Processing file /home/airflow/.local/lib/python3.7/site-packages/airflow/example_dags/example_latest_only.py for tasks to queue
[2023-05-25T04:51:21.575+0000] {logging_mixin.py:137} INFO - [2023-05-25T04:51:21.575+0000] {dagbag.py:538} INFO - Filling up the DagBag from /home/airflow/.local/lib/python3.7/site-packages/airflow/example_dags/example_latest_only.py
[2023-05-25T04:51:21.635+0000] {processor.py:753} INFO - DAG(s) dict_keys(['latest_only']) retrieved from /home/airflow/.local/lib/python3.7/site-packages/airflow/example_dags/example_latest_only.py
[2023-05-25T04:51:21.753+0000] {logging_mixin.py:137} INFO - [2023-05-25T04:51:21.752+0000] {dag.py:2690} INFO - Sync 1 DAGs
[2023-05-25T04:51:21.830+0000] {logging_mixin.py:137} INFO - [2023-05-25T04:51:21.829+0000] {dag.py:3441} INFO - Setting next_dagrun for latest_only to 2023-05-25T00:51:21.827190+00:00, run_after=2023-05-25T04:51:21.827190+00:00
[2023-05-25T04:51:21.889+0000] {processor.py:175} INFO - Processing /home/airflow/.local/lib/python3.7/site-packages/airflow/example_dags/example_latest_only.py took 0.327 seconds
[2023-05-25T04:51:57.089+0000] {processor.py:153} INFO - Started process (PID=1169) to work on /home/airflow/.local/lib/python3.7/site-packages/airflow/example_dags/example_latest_only.py
[2023-05-25T04:51:57.104+0000] {processor.py:743} INFO - Processing file /home/airflow/.local/lib/python3.7/site-packages/airflow/example_dags/example_latest_only.py for tasks to queue
[2023-05-25T04:51:57.107+0000] {logging_mixin.py:137} INFO - [2023-05-25T04:51:57.107+0000] {dagbag.py:538} INFO - Filling up the DagBag from /home/airflow/.local/lib/python3.7/site-packages/airflow/example_dags/example_latest_only.py
[2023-05-25T04:51:57.222+0000] {processor.py:753} INFO - DAG(s) dict_keys(['latest_only']) retrieved from /home/airflow/.local/lib/python3.7/site-packages/airflow/example_dags/example_latest_only.py
[2023-05-25T04:51:57.385+0000] {logging_mixin.py:137} INFO - [2023-05-25T04:51:57.385+0000] {dag.py:2690} INFO - Sync 1 DAGs
[2023-05-25T04:51:57.559+0000] {logging_mixin.py:137} INFO - [2023-05-25T04:51:57.559+0000] {dag.py:3441} INFO - Setting next_dagrun for latest_only to 2023-05-25T00:51:57.558950+00:00, run_after=2023-05-25T04:51:57.558950+00:00
[2023-05-25T04:51:57.662+0000] {processor.py:175} INFO - Processing /home/airflow/.local/lib/python3.7/site-packages/airflow/example_dags/example_latest_only.py took 0.605 seconds
[2023-05-25T04:52:28.569+0000] {processor.py:153} INFO - Started process (PID=1227) to work on /home/airflow/.local/lib/python3.7/site-packages/airflow/example_dags/example_latest_only.py
[2023-05-25T04:52:28.578+0000] {processor.py:743} INFO - Processing file /home/airflow/.local/lib/python3.7/site-packages/airflow/example_dags/example_latest_only.py for tasks to queue
[2023-05-25T04:52:28.581+0000] {logging_mixin.py:137} INFO - [2023-05-25T04:52:28.581+0000] {dagbag.py:538} INFO - Filling up the DagBag from /home/airflow/.local/lib/python3.7/site-packages/airflow/example_dags/example_latest_only.py
[2023-05-25T04:52:28.797+0000] {processor.py:753} INFO - DAG(s) dict_keys(['latest_only']) retrieved from /home/airflow/.local/lib/python3.7/site-packages/airflow/example_dags/example_latest_only.py
[2023-05-25T04:52:29.150+0000] {logging_mixin.py:137} INFO - [2023-05-25T04:52:29.149+0000] {dag.py:2690} INFO - Sync 1 DAGs
[2023-05-25T04:52:29.436+0000] {logging_mixin.py:137} INFO - [2023-05-25T04:52:29.436+0000] {dag.py:3441} INFO - Setting next_dagrun for latest_only to 2023-05-25T00:52:29.436245+00:00, run_after=2023-05-25T04:52:29.436245+00:00
[2023-05-25T04:52:29.602+0000] {processor.py:175} INFO - Processing /home/airflow/.local/lib/python3.7/site-packages/airflow/example_dags/example_latest_only.py took 1.056 seconds
[2023-05-25T04:52:59.908+0000] {processor.py:153} INFO - Started process (PID=1280) to work on /home/airflow/.local/lib/python3.7/site-packages/airflow/example_dags/example_latest_only.py
[2023-05-25T04:52:59.912+0000] {processor.py:743} INFO - Processing file /home/airflow/.local/lib/python3.7/site-packages/airflow/example_dags/example_latest_only.py for tasks to queue
[2023-05-25T04:52:59.916+0000] {logging_mixin.py:137} INFO - [2023-05-25T04:52:59.915+0000] {dagbag.py:538} INFO - Filling up the DagBag from /home/airflow/.local/lib/python3.7/site-packages/airflow/example_dags/example_latest_only.py
[2023-05-25T04:52:59.959+0000] {processor.py:753} INFO - DAG(s) dict_keys(['latest_only']) retrieved from /home/airflow/.local/lib/python3.7/site-packages/airflow/example_dags/example_latest_only.py
[2023-05-25T04:53:00.038+0000] {logging_mixin.py:137} INFO - [2023-05-25T04:53:00.038+0000] {dag.py:2690} INFO - Sync 1 DAGs
[2023-05-25T04:53:00.127+0000] {logging_mixin.py:137} INFO - [2023-05-25T04:53:00.127+0000] {dag.py:3441} INFO - Setting next_dagrun for latest_only to 2023-05-25T00:53:00.127172+00:00, run_after=2023-05-25T04:53:00.127172+00:00
[2023-05-25T04:53:00.185+0000] {processor.py:175} INFO - Processing /home/airflow/.local/lib/python3.7/site-packages/airflow/example_dags/example_latest_only.py took 0.305 seconds
[2023-05-25T04:53:30.872+0000] {processor.py:153} INFO - Started process (PID=1350) to work on /home/airflow/.local/lib/python3.7/site-packages/airflow/example_dags/example_latest_only.py
[2023-05-25T04:53:30.881+0000] {processor.py:743} INFO - Processing file /home/airflow/.local/lib/python3.7/site-packages/airflow/example_dags/example_latest_only.py for tasks to queue
[2023-05-25T04:53:30.887+0000] {logging_mixin.py:137} INFO - [2023-05-25T04:53:30.886+0000] {dagbag.py:538} INFO - Filling up the DagBag from /home/airflow/.local/lib/python3.7/site-packages/airflow/example_dags/example_latest_only.py
[2023-05-25T04:53:30.936+0000] {processor.py:753} INFO - DAG(s) dict_keys(['latest_only']) retrieved from /home/airflow/.local/lib/python3.7/site-packages/airflow/example_dags/example_latest_only.py
[2023-05-25T04:53:31.004+0000] {logging_mixin.py:137} INFO - [2023-05-25T04:53:31.003+0000] {dag.py:2690} INFO - Sync 1 DAGs
[2023-05-25T04:53:31.135+0000] {logging_mixin.py:137} INFO - [2023-05-25T04:53:31.135+0000] {dag.py:3441} INFO - Setting next_dagrun for latest_only to 2023-05-25T00:53:31.133855+00:00, run_after=2023-05-25T04:53:31.133855+00:00
[2023-05-25T04:53:31.239+0000] {processor.py:175} INFO - Processing /home/airflow/.local/lib/python3.7/site-packages/airflow/example_dags/example_latest_only.py took 0.380 seconds
[2023-05-25T04:54:01.370+0000] {processor.py:153} INFO - Started process (PID=1409) to work on /home/airflow/.local/lib/python3.7/site-packages/airflow/example_dags/example_latest_only.py
[2023-05-25T04:54:01.373+0000] {processor.py:743} INFO - Processing file /home/airflow/.local/lib/python3.7/site-packages/airflow/example_dags/example_latest_only.py for tasks to queue
[2023-05-25T04:54:01.378+0000] {logging_mixin.py:137} INFO - [2023-05-25T04:54:01.378+0000] {dagbag.py:538} INFO - Filling up the DagBag from /home/airflow/.local/lib/python3.7/site-packages/airflow/example_dags/example_latest_only.py
[2023-05-25T04:54:01.428+0000] {processor.py:753} INFO - DAG(s) dict_keys(['latest_only']) retrieved from /home/airflow/.local/lib/python3.7/site-packages/airflow/example_dags/example_latest_only.py
[2023-05-25T04:54:01.522+0000] {logging_mixin.py:137} INFO - [2023-05-25T04:54:01.522+0000] {dag.py:2690} INFO - Sync 1 DAGs
[2023-05-25T04:54:01.614+0000] {logging_mixin.py:137} INFO - [2023-05-25T04:54:01.613+0000] {dag.py:3441} INFO - Setting next_dagrun for latest_only to 2023-05-25T00:54:01.613553+00:00, run_after=2023-05-25T04:54:01.613553+00:00
[2023-05-25T04:54:01.670+0000] {processor.py:175} INFO - Processing /home/airflow/.local/lib/python3.7/site-packages/airflow/example_dags/example_latest_only.py took 0.310 seconds
[2023-05-25T04:54:32.389+0000] {processor.py:153} INFO - Started process (PID=1467) to work on /home/airflow/.local/lib/python3.7/site-packages/airflow/example_dags/example_latest_only.py
[2023-05-25T04:54:32.395+0000] {processor.py:743} INFO - Processing file /home/airflow/.local/lib/python3.7/site-packages/airflow/example_dags/example_latest_only.py for tasks to queue
[2023-05-25T04:54:32.405+0000] {logging_mixin.py:137} INFO - [2023-05-25T04:54:32.404+0000] {dagbag.py:538} INFO - Filling up the DagBag from /home/airflow/.local/lib/python3.7/site-packages/airflow/example_dags/example_latest_only.py
[2023-05-25T04:54:32.480+0000] {processor.py:753} INFO - DAG(s) dict_keys(['latest_only']) retrieved from /home/airflow/.local/lib/python3.7/site-packages/airflow/example_dags/example_latest_only.py
[2023-05-25T04:54:32.673+0000] {logging_mixin.py:137} INFO - [2023-05-25T04:54:32.673+0000] {dag.py:2690} INFO - Sync 1 DAGs
[2023-05-25T04:54:32.880+0000] {logging_mixin.py:137} INFO - [2023-05-25T04:54:32.880+0000] {dag.py:3441} INFO - Setting next_dagrun for latest_only to 2023-05-25T00:54:32.879602+00:00, run_after=2023-05-25T04:54:32.879602+00:00
[2023-05-25T04:54:33.044+0000] {processor.py:175} INFO - Processing /home/airflow/.local/lib/python3.7/site-packages/airflow/example_dags/example_latest_only.py took 0.671 seconds
[2023-05-25T04:55:03.226+0000] {processor.py:153} INFO - Started process (PID=1520) to work on /home/airflow/.local/lib/python3.7/site-packages/airflow/example_dags/example_latest_only.py
[2023-05-25T04:55:03.236+0000] {processor.py:743} INFO - Processing file /home/airflow/.local/lib/python3.7/site-packages/airflow/example_dags/example_latest_only.py for tasks to queue
[2023-05-25T04:55:03.237+0000] {logging_mixin.py:137} INFO - [2023-05-25T04:55:03.237+0000] {dagbag.py:538} INFO - Filling up the DagBag from /home/airflow/.local/lib/python3.7/site-packages/airflow/example_dags/example_latest_only.py
[2023-05-25T04:55:03.312+0000] {processor.py:753} INFO - DAG(s) dict_keys(['latest_only']) retrieved from /home/airflow/.local/lib/python3.7/site-packages/airflow/example_dags/example_latest_only.py
[2023-05-25T04:55:03.414+0000] {logging_mixin.py:137} INFO - [2023-05-25T04:55:03.414+0000] {dag.py:2690} INFO - Sync 1 DAGs
[2023-05-25T04:55:03.539+0000] {logging_mixin.py:137} INFO - [2023-05-25T04:55:03.538+0000] {dag.py:3441} INFO - Setting next_dagrun for latest_only to 2023-05-25T00:55:03.537320+00:00, run_after=2023-05-25T04:55:03.537320+00:00
[2023-05-25T04:55:03.573+0000] {processor.py:175} INFO - Processing /home/airflow/.local/lib/python3.7/site-packages/airflow/example_dags/example_latest_only.py took 0.362 seconds
[2023-05-25T04:55:34.596+0000] {processor.py:153} INFO - Started process (PID=1581) to work on /home/airflow/.local/lib/python3.7/site-packages/airflow/example_dags/example_latest_only.py
[2023-05-25T04:55:34.603+0000] {processor.py:743} INFO - Processing file /home/airflow/.local/lib/python3.7/site-packages/airflow/example_dags/example_latest_only.py for tasks to queue
[2023-05-25T04:55:34.609+0000] {logging_mixin.py:137} INFO - [2023-05-25T04:55:34.609+0000] {dagbag.py:538} INFO - Filling up the DagBag from /home/airflow/.local/lib/python3.7/site-packages/airflow/example_dags/example_latest_only.py
[2023-05-25T04:55:34.665+0000] {processor.py:753} INFO - DAG(s) dict_keys(['latest_only']) retrieved from /home/airflow/.local/lib/python3.7/site-packages/airflow/example_dags/example_latest_only.py
[2023-05-25T04:55:34.857+0000] {logging_mixin.py:137} INFO - [2023-05-25T04:55:34.857+0000] {dag.py:2690} INFO - Sync 1 DAGs
[2023-05-25T04:55:34.957+0000] {logging_mixin.py:137} INFO - [2023-05-25T04:55:34.956+0000] {dag.py:3441} INFO - Setting next_dagrun for latest_only to 2023-05-25T00:55:34.952694+00:00, run_after=2023-05-25T04:55:34.952694+00:00
[2023-05-25T04:55:35.002+0000] {processor.py:175} INFO - Processing /home/airflow/.local/lib/python3.7/site-packages/airflow/example_dags/example_latest_only.py took 0.415 seconds
[2023-05-25T04:56:05.192+0000] {processor.py:153} INFO - Started process (PID=1641) to work on /home/airflow/.local/lib/python3.7/site-packages/airflow/example_dags/example_latest_only.py
[2023-05-25T04:56:05.194+0000] {processor.py:743} INFO - Processing file /home/airflow/.local/lib/python3.7/site-packages/airflow/example_dags/example_latest_only.py for tasks to queue
[2023-05-25T04:56:05.196+0000] {logging_mixin.py:137} INFO - [2023-05-25T04:56:05.196+0000] {dagbag.py:538} INFO - Filling up the DagBag from /home/airflow/.local/lib/python3.7/site-packages/airflow/example_dags/example_latest_only.py
[2023-05-25T04:56:05.214+0000] {processor.py:753} INFO - DAG(s) dict_keys(['latest_only']) retrieved from /home/airflow/.local/lib/python3.7/site-packages/airflow/example_dags/example_latest_only.py
[2023-05-25T04:56:05.254+0000] {logging_mixin.py:137} INFO - [2023-05-25T04:56:05.254+0000] {dag.py:2690} INFO - Sync 1 DAGs
[2023-05-25T04:56:05.304+0000] {logging_mixin.py:137} INFO - [2023-05-25T04:56:05.304+0000] {dag.py:3441} INFO - Setting next_dagrun for latest_only to 2023-05-25T00:56:05.303693+00:00, run_after=2023-05-25T04:56:05.303693+00:00
[2023-05-25T04:56:05.353+0000] {processor.py:175} INFO - Processing /home/airflow/.local/lib/python3.7/site-packages/airflow/example_dags/example_latest_only.py took 0.168 seconds
[2023-05-25T04:56:35.479+0000] {processor.py:153} INFO - Started process (PID=1700) to work on /home/airflow/.local/lib/python3.7/site-packages/airflow/example_dags/example_latest_only.py
[2023-05-25T04:56:35.481+0000] {processor.py:743} INFO - Processing file /home/airflow/.local/lib/python3.7/site-packages/airflow/example_dags/example_latest_only.py for tasks to queue
[2023-05-25T04:56:35.483+0000] {logging_mixin.py:137} INFO - [2023-05-25T04:56:35.483+0000] {dagbag.py:538} INFO - Filling up the DagBag from /home/airflow/.local/lib/python3.7/site-packages/airflow/example_dags/example_latest_only.py
[2023-05-25T04:56:35.502+0000] {processor.py:753} INFO - DAG(s) dict_keys(['latest_only']) retrieved from /home/airflow/.local/lib/python3.7/site-packages/airflow/example_dags/example_latest_only.py
[2023-05-25T04:56:35.544+0000] {logging_mixin.py:137} INFO - [2023-05-25T04:56:35.543+0000] {dag.py:2690} INFO - Sync 1 DAGs
[2023-05-25T04:56:35.585+0000] {logging_mixin.py:137} INFO - [2023-05-25T04:56:35.584+0000] {dag.py:3441} INFO - Setting next_dagrun for latest_only to 2023-05-25T00:56:35.584585+00:00, run_after=2023-05-25T04:56:35.584585+00:00
[2023-05-25T04:56:35.616+0000] {processor.py:175} INFO - Processing /home/airflow/.local/lib/python3.7/site-packages/airflow/example_dags/example_latest_only.py took 0.145 seconds
[2023-05-25T04:57:10.186+0000] {processor.py:153} INFO - Started process (PID=1770) to work on /home/airflow/.local/lib/python3.7/site-packages/airflow/example_dags/example_latest_only.py
[2023-05-25T04:57:10.194+0000] {processor.py:743} INFO - Processing file /home/airflow/.local/lib/python3.7/site-packages/airflow/example_dags/example_latest_only.py for tasks to queue
[2023-05-25T04:57:10.197+0000] {logging_mixin.py:137} INFO - [2023-05-25T04:57:10.196+0000] {dagbag.py:538} INFO - Filling up the DagBag from /home/airflow/.local/lib/python3.7/site-packages/airflow/example_dags/example_latest_only.py
[2023-05-25T04:57:10.268+0000] {processor.py:753} INFO - DAG(s) dict_keys(['latest_only']) retrieved from /home/airflow/.local/lib/python3.7/site-packages/airflow/example_dags/example_latest_only.py
[2023-05-25T04:57:10.355+0000] {logging_mixin.py:137} INFO - [2023-05-25T04:57:10.355+0000] {dag.py:2690} INFO - Sync 1 DAGs
[2023-05-25T04:57:10.454+0000] {logging_mixin.py:137} INFO - [2023-05-25T04:57:10.454+0000] {dag.py:3441} INFO - Setting next_dagrun for latest_only to 2023-05-25T00:57:10.453491+00:00, run_after=2023-05-25T04:57:10.453491+00:00
[2023-05-25T04:57:10.532+0000] {processor.py:175} INFO - Processing /home/airflow/.local/lib/python3.7/site-packages/airflow/example_dags/example_latest_only.py took 0.359 seconds
[2023-05-25T04:57:42.070+0000] {processor.py:153} INFO - Started process (PID=1830) to work on /home/airflow/.local/lib/python3.7/site-packages/airflow/example_dags/example_latest_only.py
[2023-05-25T04:57:42.074+0000] {processor.py:743} INFO - Processing file /home/airflow/.local/lib/python3.7/site-packages/airflow/example_dags/example_latest_only.py for tasks to queue
[2023-05-25T04:57:42.079+0000] {logging_mixin.py:137} INFO - [2023-05-25T04:57:42.078+0000] {dagbag.py:538} INFO - Filling up the DagBag from /home/airflow/.local/lib/python3.7/site-packages/airflow/example_dags/example_latest_only.py
[2023-05-25T04:57:42.153+0000] {processor.py:753} INFO - DAG(s) dict_keys(['latest_only']) retrieved from /home/airflow/.local/lib/python3.7/site-packages/airflow/example_dags/example_latest_only.py
[2023-05-25T04:57:42.310+0000] {logging_mixin.py:137} INFO - [2023-05-25T04:57:42.309+0000] {dag.py:2690} INFO - Sync 1 DAGs
[2023-05-25T04:57:42.481+0000] {logging_mixin.py:137} INFO - [2023-05-25T04:57:42.476+0000] {dag.py:3441} INFO - Setting next_dagrun for latest_only to 2023-05-25T00:57:42.475662+00:00, run_after=2023-05-25T04:57:42.475662+00:00
[2023-05-25T04:57:42.601+0000] {processor.py:175} INFO - Processing /home/airflow/.local/lib/python3.7/site-packages/airflow/example_dags/example_latest_only.py took 0.557 seconds
[2023-05-25T04:58:13.029+0000] {processor.py:153} INFO - Started process (PID=1880) to work on /home/airflow/.local/lib/python3.7/site-packages/airflow/example_dags/example_latest_only.py
[2023-05-25T04:58:13.049+0000] {processor.py:743} INFO - Processing file /home/airflow/.local/lib/python3.7/site-packages/airflow/example_dags/example_latest_only.py for tasks to queue
[2023-05-25T04:58:13.059+0000] {logging_mixin.py:137} INFO - [2023-05-25T04:58:13.059+0000] {dagbag.py:538} INFO - Filling up the DagBag from /home/airflow/.local/lib/python3.7/site-packages/airflow/example_dags/example_latest_only.py
[2023-05-25T04:58:13.231+0000] {processor.py:753} INFO - DAG(s) dict_keys(['latest_only']) retrieved from /home/airflow/.local/lib/python3.7/site-packages/airflow/example_dags/example_latest_only.py
[2023-05-25T04:58:13.360+0000] {logging_mixin.py:137} INFO - [2023-05-25T04:58:13.360+0000] {dag.py:2690} INFO - Sync 1 DAGs
[2023-05-25T04:58:13.505+0000] {logging_mixin.py:137} INFO - [2023-05-25T04:58:13.505+0000] {dag.py:3441} INFO - Setting next_dagrun for latest_only to 2023-05-25T00:58:13.505006+00:00, run_after=2023-05-25T04:58:13.505006+00:00
[2023-05-25T04:58:13.593+0000] {processor.py:175} INFO - Processing /home/airflow/.local/lib/python3.7/site-packages/airflow/example_dags/example_latest_only.py took 0.581 seconds
[2023-05-25T04:58:44.132+0000] {processor.py:153} INFO - Started process (PID=1949) to work on /home/airflow/.local/lib/python3.7/site-packages/airflow/example_dags/example_latest_only.py
[2023-05-25T04:58:44.137+0000] {processor.py:743} INFO - Processing file /home/airflow/.local/lib/python3.7/site-packages/airflow/example_dags/example_latest_only.py for tasks to queue
[2023-05-25T04:58:44.141+0000] {logging_mixin.py:137} INFO - [2023-05-25T04:58:44.140+0000] {dagbag.py:538} INFO - Filling up the DagBag from /home/airflow/.local/lib/python3.7/site-packages/airflow/example_dags/example_latest_only.py
[2023-05-25T04:58:44.192+0000] {processor.py:753} INFO - DAG(s) dict_keys(['latest_only']) retrieved from /home/airflow/.local/lib/python3.7/site-packages/airflow/example_dags/example_latest_only.py
[2023-05-25T04:58:44.252+0000] {logging_mixin.py:137} INFO - [2023-05-25T04:58:44.252+0000] {dag.py:2690} INFO - Sync 1 DAGs
[2023-05-25T04:58:44.296+0000] {logging_mixin.py:137} INFO - [2023-05-25T04:58:44.296+0000] {dag.py:3441} INFO - Setting next_dagrun for latest_only to 2023-05-25T00:58:44.296001+00:00, run_after=2023-05-25T04:58:44.296001+00:00
[2023-05-25T04:58:44.381+0000] {processor.py:175} INFO - Processing /home/airflow/.local/lib/python3.7/site-packages/airflow/example_dags/example_latest_only.py took 0.262 seconds
[2023-05-25T04:59:14.614+0000] {processor.py:153} INFO - Started process (PID=2010) to work on /home/airflow/.local/lib/python3.7/site-packages/airflow/example_dags/example_latest_only.py
[2023-05-25T04:59:14.617+0000] {processor.py:743} INFO - Processing file /home/airflow/.local/lib/python3.7/site-packages/airflow/example_dags/example_latest_only.py for tasks to queue
[2023-05-25T04:59:14.621+0000] {logging_mixin.py:137} INFO - [2023-05-25T04:59:14.620+0000] {dagbag.py:538} INFO - Filling up the DagBag from /home/airflow/.local/lib/python3.7/site-packages/airflow/example_dags/example_latest_only.py
[2023-05-25T04:59:14.653+0000] {processor.py:753} INFO - DAG(s) dict_keys(['latest_only']) retrieved from /home/airflow/.local/lib/python3.7/site-packages/airflow/example_dags/example_latest_only.py
[2023-05-25T04:59:14.703+0000] {logging_mixin.py:137} INFO - [2023-05-25T04:59:14.703+0000] {dag.py:2690} INFO - Sync 1 DAGs
[2023-05-25T04:59:14.766+0000] {logging_mixin.py:137} INFO - [2023-05-25T04:59:14.765+0000] {dag.py:3441} INFO - Setting next_dagrun for latest_only to 2023-05-25T00:59:14.764954+00:00, run_after=2023-05-25T04:59:14.764954+00:00
[2023-05-25T04:59:14.828+0000] {processor.py:175} INFO - Processing /home/airflow/.local/lib/python3.7/site-packages/airflow/example_dags/example_latest_only.py took 0.222 seconds
[2023-05-25T04:59:44.882+0000] {processor.py:153} INFO - Started process (PID=2068) to work on /home/airflow/.local/lib/python3.7/site-packages/airflow/example_dags/example_latest_only.py
[2023-05-25T04:59:44.885+0000] {processor.py:743} INFO - Processing file /home/airflow/.local/lib/python3.7/site-packages/airflow/example_dags/example_latest_only.py for tasks to queue
[2023-05-25T04:59:44.887+0000] {logging_mixin.py:137} INFO - [2023-05-25T04:59:44.887+0000] {dagbag.py:538} INFO - Filling up the DagBag from /home/airflow/.local/lib/python3.7/site-packages/airflow/example_dags/example_latest_only.py
[2023-05-25T04:59:44.909+0000] {processor.py:753} INFO - DAG(s) dict_keys(['latest_only']) retrieved from /home/airflow/.local/lib/python3.7/site-packages/airflow/example_dags/example_latest_only.py
[2023-05-25T04:59:44.946+0000] {logging_mixin.py:137} INFO - [2023-05-25T04:59:44.946+0000] {dag.py:2690} INFO - Sync 1 DAGs
[2023-05-25T04:59:44.983+0000] {logging_mixin.py:137} INFO - [2023-05-25T04:59:44.983+0000] {dag.py:3441} INFO - Setting next_dagrun for latest_only to 2023-05-25T00:59:44.982665+00:00, run_after=2023-05-25T04:59:44.982665+00:00
[2023-05-25T04:59:45.019+0000] {processor.py:175} INFO - Processing /home/airflow/.local/lib/python3.7/site-packages/airflow/example_dags/example_latest_only.py took 0.142 seconds
[2023-05-25T05:00:15.136+0000] {processor.py:153} INFO - Started process (PID=2128) to work on /home/airflow/.local/lib/python3.7/site-packages/airflow/example_dags/example_latest_only.py
[2023-05-25T05:00:15.139+0000] {processor.py:743} INFO - Processing file /home/airflow/.local/lib/python3.7/site-packages/airflow/example_dags/example_latest_only.py for tasks to queue
[2023-05-25T05:00:15.143+0000] {logging_mixin.py:137} INFO - [2023-05-25T05:00:15.142+0000] {dagbag.py:538} INFO - Filling up the DagBag from /home/airflow/.local/lib/python3.7/site-packages/airflow/example_dags/example_latest_only.py
[2023-05-25T05:00:15.168+0000] {processor.py:753} INFO - DAG(s) dict_keys(['latest_only']) retrieved from /home/airflow/.local/lib/python3.7/site-packages/airflow/example_dags/example_latest_only.py
[2023-05-25T05:00:15.210+0000] {logging_mixin.py:137} INFO - [2023-05-25T05:00:15.209+0000] {dag.py:2690} INFO - Sync 1 DAGs
[2023-05-25T05:00:15.261+0000] {logging_mixin.py:137} INFO - [2023-05-25T05:00:15.260+0000] {dag.py:3441} INFO - Setting next_dagrun for latest_only to 2023-05-25T01:00:15.260352+00:00, run_after=2023-05-25T05:00:15.260352+00:00
[2023-05-25T05:00:15.303+0000] {processor.py:175} INFO - Processing /home/airflow/.local/lib/python3.7/site-packages/airflow/example_dags/example_latest_only.py took 0.173 seconds
[2023-05-25T05:00:45.495+0000] {processor.py:153} INFO - Started process (PID=2187) to work on /home/airflow/.local/lib/python3.7/site-packages/airflow/example_dags/example_latest_only.py
[2023-05-25T05:00:45.506+0000] {processor.py:743} INFO - Processing file /home/airflow/.local/lib/python3.7/site-packages/airflow/example_dags/example_latest_only.py for tasks to queue
[2023-05-25T05:00:45.508+0000] {logging_mixin.py:137} INFO - [2023-05-25T05:00:45.508+0000] {dagbag.py:538} INFO - Filling up the DagBag from /home/airflow/.local/lib/python3.7/site-packages/airflow/example_dags/example_latest_only.py
[2023-05-25T05:00:45.544+0000] {processor.py:753} INFO - DAG(s) dict_keys(['latest_only']) retrieved from /home/airflow/.local/lib/python3.7/site-packages/airflow/example_dags/example_latest_only.py
[2023-05-25T05:00:45.581+0000] {logging_mixin.py:137} INFO - [2023-05-25T05:00:45.581+0000] {dag.py:2690} INFO - Sync 1 DAGs
[2023-05-25T05:00:45.658+0000] {logging_mixin.py:137} INFO - [2023-05-25T05:00:45.658+0000] {dag.py:3441} INFO - Setting next_dagrun for latest_only to 2023-05-25T01:00:45.657841+00:00, run_after=2023-05-25T05:00:45.657841+00:00
[2023-05-25T05:00:45.687+0000] {processor.py:175} INFO - Processing /home/airflow/.local/lib/python3.7/site-packages/airflow/example_dags/example_latest_only.py took 0.214 seconds
[2023-05-25T05:01:17.129+0000] {processor.py:153} INFO - Started process (PID=2254) to work on /home/airflow/.local/lib/python3.7/site-packages/airflow/example_dags/example_latest_only.py
[2023-05-25T05:01:17.139+0000] {processor.py:743} INFO - Processing file /home/airflow/.local/lib/python3.7/site-packages/airflow/example_dags/example_latest_only.py for tasks to queue
[2023-05-25T05:01:17.142+0000] {logging_mixin.py:137} INFO - [2023-05-25T05:01:17.142+0000] {dagbag.py:538} INFO - Filling up the DagBag from /home/airflow/.local/lib/python3.7/site-packages/airflow/example_dags/example_latest_only.py
[2023-05-25T05:01:17.177+0000] {processor.py:753} INFO - DAG(s) dict_keys(['latest_only']) retrieved from /home/airflow/.local/lib/python3.7/site-packages/airflow/example_dags/example_latest_only.py
[2023-05-25T05:01:17.245+0000] {logging_mixin.py:137} INFO - [2023-05-25T05:01:17.245+0000] {dag.py:2690} INFO - Sync 1 DAGs
[2023-05-25T05:01:17.323+0000] {logging_mixin.py:137} INFO - [2023-05-25T05:01:17.323+0000] {dag.py:3441} INFO - Setting next_dagrun for latest_only to 2023-05-25T01:01:17.322809+00:00, run_after=2023-05-25T05:01:17.322809+00:00
[2023-05-25T05:01:17.415+0000] {processor.py:175} INFO - Processing /home/airflow/.local/lib/python3.7/site-packages/airflow/example_dags/example_latest_only.py took 0.293 seconds
[2023-05-25T05:01:48.006+0000] {processor.py:153} INFO - Started process (PID=2317) to work on /home/airflow/.local/lib/python3.7/site-packages/airflow/example_dags/example_latest_only.py
[2023-05-25T05:01:48.008+0000] {processor.py:743} INFO - Processing file /home/airflow/.local/lib/python3.7/site-packages/airflow/example_dags/example_latest_only.py for tasks to queue
[2023-05-25T05:01:48.012+0000] {logging_mixin.py:137} INFO - [2023-05-25T05:01:48.011+0000] {dagbag.py:538} INFO - Filling up the DagBag from /home/airflow/.local/lib/python3.7/site-packages/airflow/example_dags/example_latest_only.py
[2023-05-25T05:01:48.058+0000] {processor.py:753} INFO - DAG(s) dict_keys(['latest_only']) retrieved from /home/airflow/.local/lib/python3.7/site-packages/airflow/example_dags/example_latest_only.py
[2023-05-25T05:01:48.118+0000] {logging_mixin.py:137} INFO - [2023-05-25T05:01:48.117+0000] {dag.py:2690} INFO - Sync 1 DAGs
[2023-05-25T05:01:48.183+0000] {logging_mixin.py:137} INFO - [2023-05-25T05:01:48.183+0000] {dag.py:3441} INFO - Setting next_dagrun for latest_only to 2023-05-25T01:01:48.182838+00:00, run_after=2023-05-25T05:01:48.182838+00:00
[2023-05-25T05:01:48.237+0000] {processor.py:175} INFO - Processing /home/airflow/.local/lib/python3.7/site-packages/airflow/example_dags/example_latest_only.py took 0.240 seconds
[2023-05-25T05:02:18.342+0000] {processor.py:153} INFO - Started process (PID=2375) to work on /home/airflow/.local/lib/python3.7/site-packages/airflow/example_dags/example_latest_only.py
[2023-05-25T05:02:18.345+0000] {processor.py:743} INFO - Processing file /home/airflow/.local/lib/python3.7/site-packages/airflow/example_dags/example_latest_only.py for tasks to queue
[2023-05-25T05:02:18.346+0000] {logging_mixin.py:137} INFO - [2023-05-25T05:02:18.346+0000] {dagbag.py:538} INFO - Filling up the DagBag from /home/airflow/.local/lib/python3.7/site-packages/airflow/example_dags/example_latest_only.py
[2023-05-25T05:02:18.369+0000] {processor.py:753} INFO - DAG(s) dict_keys(['latest_only']) retrieved from /home/airflow/.local/lib/python3.7/site-packages/airflow/example_dags/example_latest_only.py
[2023-05-25T05:02:18.424+0000] {logging_mixin.py:137} INFO - [2023-05-25T05:02:18.424+0000] {dag.py:2690} INFO - Sync 1 DAGs
[2023-05-25T05:02:18.510+0000] {logging_mixin.py:137} INFO - [2023-05-25T05:02:18.509+0000] {dag.py:3441} INFO - Setting next_dagrun for latest_only to 2023-05-25T01:02:18.509132+00:00, run_after=2023-05-25T05:02:18.509132+00:00
[2023-05-25T05:02:18.573+0000] {processor.py:175} INFO - Processing /home/airflow/.local/lib/python3.7/site-packages/airflow/example_dags/example_latest_only.py took 0.239 seconds
[2023-05-25T05:02:49.401+0000] {processor.py:153} INFO - Started process (PID=2435) to work on /home/airflow/.local/lib/python3.7/site-packages/airflow/example_dags/example_latest_only.py
[2023-05-25T05:02:49.420+0000] {processor.py:743} INFO - Processing file /home/airflow/.local/lib/python3.7/site-packages/airflow/example_dags/example_latest_only.py for tasks to queue
[2023-05-25T05:02:49.425+0000] {logging_mixin.py:137} INFO - [2023-05-25T05:02:49.425+0000] {dagbag.py:538} INFO - Filling up the DagBag from /home/airflow/.local/lib/python3.7/site-packages/airflow/example_dags/example_latest_only.py
[2023-05-25T05:02:49.505+0000] {processor.py:753} INFO - DAG(s) dict_keys(['latest_only']) retrieved from /home/airflow/.local/lib/python3.7/site-packages/airflow/example_dags/example_latest_only.py
[2023-05-25T05:02:49.581+0000] {logging_mixin.py:137} INFO - [2023-05-25T05:02:49.581+0000] {dag.py:2690} INFO - Sync 1 DAGs
[2023-05-25T05:02:49.695+0000] {logging_mixin.py:137} INFO - [2023-05-25T05:02:49.695+0000] {dag.py:3441} INFO - Setting next_dagrun for latest_only to 2023-05-25T01:02:49.695184+00:00, run_after=2023-05-25T05:02:49.695184+00:00
[2023-05-25T05:02:49.791+0000] {processor.py:175} INFO - Processing /home/airflow/.local/lib/python3.7/site-packages/airflow/example_dags/example_latest_only.py took 0.407 seconds
[2023-05-25T05:03:20.790+0000] {processor.py:153} INFO - Started process (PID=2496) to work on /home/airflow/.local/lib/python3.7/site-packages/airflow/example_dags/example_latest_only.py
[2023-05-25T05:03:20.794+0000] {processor.py:743} INFO - Processing file /home/airflow/.local/lib/python3.7/site-packages/airflow/example_dags/example_latest_only.py for tasks to queue
[2023-05-25T05:03:20.798+0000] {logging_mixin.py:137} INFO - [2023-05-25T05:03:20.798+0000] {dagbag.py:538} INFO - Filling up the DagBag from /home/airflow/.local/lib/python3.7/site-packages/airflow/example_dags/example_latest_only.py
[2023-05-25T05:03:20.836+0000] {processor.py:753} INFO - DAG(s) dict_keys(['latest_only']) retrieved from /home/airflow/.local/lib/python3.7/site-packages/airflow/example_dags/example_latest_only.py
[2023-05-25T05:03:20.975+0000] {logging_mixin.py:137} INFO - [2023-05-25T05:03:20.975+0000] {dag.py:2690} INFO - Sync 1 DAGs
[2023-05-25T05:03:21.132+0000] {logging_mixin.py:137} INFO - [2023-05-25T05:03:21.132+0000] {dag.py:3441} INFO - Setting next_dagrun for latest_only to 2023-05-25T01:03:21.131507+00:00, run_after=2023-05-25T05:03:21.131507+00:00
[2023-05-25T05:03:21.280+0000] {processor.py:175} INFO - Processing /home/airflow/.local/lib/python3.7/site-packages/airflow/example_dags/example_latest_only.py took 0.499 seconds
