[2023-05-25T04:36:08.667+0000] {processor.py:153} INFO - Started process (PID=120) to work on /home/airflow/.local/lib/python3.7/site-packages/airflow/example_dags/example_short_circuit_operator.py
[2023-05-25T04:36:08.672+0000] {processor.py:743} INFO - Processing file /home/airflow/.local/lib/python3.7/site-packages/airflow/example_dags/example_short_circuit_operator.py for tasks to queue
[2023-05-25T04:36:08.679+0000] {logging_mixin.py:137} INFO - [2023-05-25T04:36:08.678+0000] {dagbag.py:538} INFO - Filling up the DagBag from /home/airflow/.local/lib/python3.7/site-packages/airflow/example_dags/example_short_circuit_operator.py
[2023-05-25T04:36:08.715+0000] {processor.py:753} INFO - DAG(s) dict_keys(['example_short_circuit_operator']) retrieved from /home/airflow/.local/lib/python3.7/site-packages/airflow/example_dags/example_short_circuit_operator.py
[2023-05-25T04:36:08.924+0000] {logging_mixin.py:137} INFO - [2023-05-25T04:36:08.921+0000] {dag.py:2690} INFO - Sync 1 DAGs
[2023-05-25T04:36:09.322+0000] {logging_mixin.py:137} INFO - [2023-05-25T04:36:09.322+0000] {dag.py:3441} INFO - Setting next_dagrun for example_short_circuit_operator to 2023-05-24T04:36:09.321906+00:00, run_after=2023-05-25T04:36:09.321906+00:00
[2023-05-25T04:36:09.594+0000] {processor.py:175} INFO - Processing /home/airflow/.local/lib/python3.7/site-packages/airflow/example_dags/example_short_circuit_operator.py took 0.942 seconds
[2023-05-25T04:36:42.813+0000] {processor.py:153} INFO - Started process (PID=179) to work on /home/airflow/.local/lib/python3.7/site-packages/airflow/example_dags/example_short_circuit_operator.py
[2023-05-25T04:36:42.875+0000] {processor.py:743} INFO - Processing file /home/airflow/.local/lib/python3.7/site-packages/airflow/example_dags/example_short_circuit_operator.py for tasks to queue
[2023-05-25T04:36:42.921+0000] {logging_mixin.py:137} INFO - [2023-05-25T04:36:42.921+0000] {dagbag.py:538} INFO - Filling up the DagBag from /home/airflow/.local/lib/python3.7/site-packages/airflow/example_dags/example_short_circuit_operator.py
[2023-05-25T04:36:43.822+0000] {processor.py:753} INFO - DAG(s) dict_keys(['example_short_circuit_operator']) retrieved from /home/airflow/.local/lib/python3.7/site-packages/airflow/example_dags/example_short_circuit_operator.py
[2023-05-25T04:36:45.039+0000] {logging_mixin.py:137} INFO - [2023-05-25T04:36:45.032+0000] {dag.py:2690} INFO - Sync 1 DAGs
[2023-05-25T04:36:46.050+0000] {logging_mixin.py:137} INFO - [2023-05-25T04:36:46.045+0000] {dag.py:3441} INFO - Setting next_dagrun for example_short_circuit_operator to 2023-05-24T04:36:46.027350+00:00, run_after=2023-05-25T04:36:46.027350+00:00
[2023-05-25T04:36:46.641+0000] {processor.py:175} INFO - Processing /home/airflow/.local/lib/python3.7/site-packages/airflow/example_dags/example_short_circuit_operator.py took 3.937 seconds
[2023-05-25T04:38:39.184+0000] {processor.py:153} INFO - Started process (PID=279) to work on /home/airflow/.local/lib/python3.7/site-packages/airflow/example_dags/example_short_circuit_operator.py
[2023-05-25T04:38:39.193+0000] {processor.py:743} INFO - Processing file /home/airflow/.local/lib/python3.7/site-packages/airflow/example_dags/example_short_circuit_operator.py for tasks to queue
[2023-05-25T04:38:39.203+0000] {logging_mixin.py:137} INFO - [2023-05-25T04:38:39.201+0000] {dagbag.py:538} INFO - Filling up the DagBag from /home/airflow/.local/lib/python3.7/site-packages/airflow/example_dags/example_short_circuit_operator.py
[2023-05-25T04:38:39.335+0000] {processor.py:753} INFO - DAG(s) dict_keys(['example_short_circuit_operator']) retrieved from /home/airflow/.local/lib/python3.7/site-packages/airflow/example_dags/example_short_circuit_operator.py
[2023-05-25T04:38:39.590+0000] {logging_mixin.py:137} INFO - [2023-05-25T04:38:39.589+0000] {dag.py:2690} INFO - Sync 1 DAGs
[2023-05-25T04:38:39.713+0000] {logging_mixin.py:137} INFO - [2023-05-25T04:38:39.713+0000] {dag.py:3441} INFO - Setting next_dagrun for example_short_circuit_operator to 2023-05-24T04:38:39.713192+00:00, run_after=2023-05-25T04:38:39.713192+00:00
[2023-05-25T04:38:39.825+0000] {processor.py:175} INFO - Processing /home/airflow/.local/lib/python3.7/site-packages/airflow/example_dags/example_short_circuit_operator.py took 0.666 seconds
[2023-05-25T04:39:12.484+0000] {processor.py:153} INFO - Started process (PID=336) to work on /home/airflow/.local/lib/python3.7/site-packages/airflow/example_dags/example_short_circuit_operator.py
[2023-05-25T04:39:12.491+0000] {processor.py:743} INFO - Processing file /home/airflow/.local/lib/python3.7/site-packages/airflow/example_dags/example_short_circuit_operator.py for tasks to queue
[2023-05-25T04:39:12.507+0000] {logging_mixin.py:137} INFO - [2023-05-25T04:39:12.507+0000] {dagbag.py:538} INFO - Filling up the DagBag from /home/airflow/.local/lib/python3.7/site-packages/airflow/example_dags/example_short_circuit_operator.py
[2023-05-25T04:39:12.711+0000] {processor.py:753} INFO - DAG(s) dict_keys(['example_short_circuit_operator']) retrieved from /home/airflow/.local/lib/python3.7/site-packages/airflow/example_dags/example_short_circuit_operator.py
[2023-05-25T04:39:12.868+0000] {logging_mixin.py:137} INFO - [2023-05-25T04:39:12.867+0000] {dag.py:2690} INFO - Sync 1 DAGs
[2023-05-25T04:39:13.016+0000] {logging_mixin.py:137} INFO - [2023-05-25T04:39:13.016+0000] {dag.py:3441} INFO - Setting next_dagrun for example_short_circuit_operator to 2023-05-24T04:39:13.016238+00:00, run_after=2023-05-25T04:39:13.016238+00:00
[2023-05-25T04:39:13.178+0000] {processor.py:175} INFO - Processing /home/airflow/.local/lib/python3.7/site-packages/airflow/example_dags/example_short_circuit_operator.py took 0.731 seconds
[2023-05-25T04:42:22.843+0000] {processor.py:153} INFO - Started process (PID=96) to work on /home/airflow/.local/lib/python3.7/site-packages/airflow/example_dags/example_short_circuit_operator.py
[2023-05-25T04:42:22.870+0000] {processor.py:743} INFO - Processing file /home/airflow/.local/lib/python3.7/site-packages/airflow/example_dags/example_short_circuit_operator.py for tasks to queue
[2023-05-25T04:42:22.876+0000] {logging_mixin.py:137} INFO - [2023-05-25T04:42:22.876+0000] {dagbag.py:538} INFO - Filling up the DagBag from /home/airflow/.local/lib/python3.7/site-packages/airflow/example_dags/example_short_circuit_operator.py
[2023-05-25T04:42:22.960+0000] {processor.py:753} INFO - DAG(s) dict_keys(['example_short_circuit_operator']) retrieved from /home/airflow/.local/lib/python3.7/site-packages/airflow/example_dags/example_short_circuit_operator.py
[2023-05-25T04:42:23.024+0000] {logging_mixin.py:137} INFO - [2023-05-25T04:42:23.024+0000] {dag.py:2690} INFO - Sync 1 DAGs
[2023-05-25T04:42:23.093+0000] {logging_mixin.py:137} INFO - [2023-05-25T04:42:23.093+0000] {dag.py:3441} INFO - Setting next_dagrun for example_short_circuit_operator to 2023-05-24T04:42:23.093190+00:00, run_after=2023-05-25T04:42:23.093190+00:00
[2023-05-25T04:42:23.151+0000] {processor.py:175} INFO - Processing /home/airflow/.local/lib/python3.7/site-packages/airflow/example_dags/example_short_circuit_operator.py took 0.328 seconds
[2023-05-25T04:42:55.371+0000] {processor.py:153} INFO - Started process (PID=155) to work on /home/airflow/.local/lib/python3.7/site-packages/airflow/example_dags/example_short_circuit_operator.py
[2023-05-25T04:42:55.378+0000] {processor.py:743} INFO - Processing file /home/airflow/.local/lib/python3.7/site-packages/airflow/example_dags/example_short_circuit_operator.py for tasks to queue
[2023-05-25T04:42:55.386+0000] {logging_mixin.py:137} INFO - [2023-05-25T04:42:55.386+0000] {dagbag.py:538} INFO - Filling up the DagBag from /home/airflow/.local/lib/python3.7/site-packages/airflow/example_dags/example_short_circuit_operator.py
[2023-05-25T04:42:55.417+0000] {processor.py:753} INFO - DAG(s) dict_keys(['example_short_circuit_operator']) retrieved from /home/airflow/.local/lib/python3.7/site-packages/airflow/example_dags/example_short_circuit_operator.py
[2023-05-25T04:42:55.494+0000] {logging_mixin.py:137} INFO - [2023-05-25T04:42:55.494+0000] {dag.py:2690} INFO - Sync 1 DAGs
[2023-05-25T04:42:55.586+0000] {logging_mixin.py:137} INFO - [2023-05-25T04:42:55.585+0000] {dag.py:3441} INFO - Setting next_dagrun for example_short_circuit_operator to 2023-05-24T04:42:55.576101+00:00, run_after=2023-05-25T04:42:55.576101+00:00
[2023-05-25T04:42:55.650+0000] {processor.py:175} INFO - Processing /home/airflow/.local/lib/python3.7/site-packages/airflow/example_dags/example_short_circuit_operator.py took 0.283 seconds
[2023-05-25T04:43:26.314+0000] {processor.py:153} INFO - Started process (PID=214) to work on /home/airflow/.local/lib/python3.7/site-packages/airflow/example_dags/example_short_circuit_operator.py
[2023-05-25T04:43:26.320+0000] {processor.py:743} INFO - Processing file /home/airflow/.local/lib/python3.7/site-packages/airflow/example_dags/example_short_circuit_operator.py for tasks to queue
[2023-05-25T04:43:26.324+0000] {logging_mixin.py:137} INFO - [2023-05-25T04:43:26.323+0000] {dagbag.py:538} INFO - Filling up the DagBag from /home/airflow/.local/lib/python3.7/site-packages/airflow/example_dags/example_short_circuit_operator.py
[2023-05-25T04:43:26.375+0000] {processor.py:753} INFO - DAG(s) dict_keys(['example_short_circuit_operator']) retrieved from /home/airflow/.local/lib/python3.7/site-packages/airflow/example_dags/example_short_circuit_operator.py
[2023-05-25T04:43:26.430+0000] {logging_mixin.py:137} INFO - [2023-05-25T04:43:26.429+0000] {dag.py:2690} INFO - Sync 1 DAGs
[2023-05-25T04:43:26.479+0000] {logging_mixin.py:137} INFO - [2023-05-25T04:43:26.479+0000] {dag.py:3441} INFO - Setting next_dagrun for example_short_circuit_operator to 2023-05-24T04:43:26.479336+00:00, run_after=2023-05-25T04:43:26.479336+00:00
[2023-05-25T04:43:26.549+0000] {processor.py:175} INFO - Processing /home/airflow/.local/lib/python3.7/site-packages/airflow/example_dags/example_short_circuit_operator.py took 0.246 seconds
[2023-05-25T04:43:57.379+0000] {processor.py:153} INFO - Started process (PID=274) to work on /home/airflow/.local/lib/python3.7/site-packages/airflow/example_dags/example_short_circuit_operator.py
[2023-05-25T04:43:57.382+0000] {processor.py:743} INFO - Processing file /home/airflow/.local/lib/python3.7/site-packages/airflow/example_dags/example_short_circuit_operator.py for tasks to queue
[2023-05-25T04:43:57.386+0000] {logging_mixin.py:137} INFO - [2023-05-25T04:43:57.385+0000] {dagbag.py:538} INFO - Filling up the DagBag from /home/airflow/.local/lib/python3.7/site-packages/airflow/example_dags/example_short_circuit_operator.py
[2023-05-25T04:43:57.423+0000] {processor.py:753} INFO - DAG(s) dict_keys(['example_short_circuit_operator']) retrieved from /home/airflow/.local/lib/python3.7/site-packages/airflow/example_dags/example_short_circuit_operator.py
[2023-05-25T04:43:57.452+0000] {logging_mixin.py:137} INFO - [2023-05-25T04:43:57.452+0000] {dag.py:2690} INFO - Sync 1 DAGs
[2023-05-25T04:43:57.510+0000] {logging_mixin.py:137} INFO - [2023-05-25T04:43:57.510+0000] {dag.py:3441} INFO - Setting next_dagrun for example_short_circuit_operator to 2023-05-24T04:43:57.509675+00:00, run_after=2023-05-25T04:43:57.509675+00:00
[2023-05-25T04:43:57.537+0000] {processor.py:175} INFO - Processing /home/airflow/.local/lib/python3.7/site-packages/airflow/example_dags/example_short_circuit_operator.py took 0.162 seconds
[2023-05-25T04:44:28.352+0000] {processor.py:153} INFO - Started process (PID=336) to work on /home/airflow/.local/lib/python3.7/site-packages/airflow/example_dags/example_short_circuit_operator.py
[2023-05-25T04:44:28.356+0000] {processor.py:743} INFO - Processing file /home/airflow/.local/lib/python3.7/site-packages/airflow/example_dags/example_short_circuit_operator.py for tasks to queue
[2023-05-25T04:44:28.358+0000] {logging_mixin.py:137} INFO - [2023-05-25T04:44:28.358+0000] {dagbag.py:538} INFO - Filling up the DagBag from /home/airflow/.local/lib/python3.7/site-packages/airflow/example_dags/example_short_circuit_operator.py
[2023-05-25T04:44:28.414+0000] {processor.py:753} INFO - DAG(s) dict_keys(['example_short_circuit_operator']) retrieved from /home/airflow/.local/lib/python3.7/site-packages/airflow/example_dags/example_short_circuit_operator.py
[2023-05-25T04:44:28.480+0000] {logging_mixin.py:137} INFO - [2023-05-25T04:44:28.480+0000] {dag.py:2690} INFO - Sync 1 DAGs
[2023-05-25T04:44:28.545+0000] {logging_mixin.py:137} INFO - [2023-05-25T04:44:28.545+0000] {dag.py:3441} INFO - Setting next_dagrun for example_short_circuit_operator to 2023-05-24T04:44:28.544715+00:00, run_after=2023-05-25T04:44:28.544715+00:00
[2023-05-25T04:44:28.589+0000] {processor.py:175} INFO - Processing /home/airflow/.local/lib/python3.7/site-packages/airflow/example_dags/example_short_circuit_operator.py took 0.248 seconds
[2023-05-25T04:44:59.534+0000] {processor.py:153} INFO - Started process (PID=396) to work on /home/airflow/.local/lib/python3.7/site-packages/airflow/example_dags/example_short_circuit_operator.py
[2023-05-25T04:44:59.544+0000] {processor.py:743} INFO - Processing file /home/airflow/.local/lib/python3.7/site-packages/airflow/example_dags/example_short_circuit_operator.py for tasks to queue
[2023-05-25T04:44:59.554+0000] {logging_mixin.py:137} INFO - [2023-05-25T04:44:59.554+0000] {dagbag.py:538} INFO - Filling up the DagBag from /home/airflow/.local/lib/python3.7/site-packages/airflow/example_dags/example_short_circuit_operator.py
[2023-05-25T04:44:59.593+0000] {processor.py:753} INFO - DAG(s) dict_keys(['example_short_circuit_operator']) retrieved from /home/airflow/.local/lib/python3.7/site-packages/airflow/example_dags/example_short_circuit_operator.py
[2023-05-25T04:44:59.691+0000] {logging_mixin.py:137} INFO - [2023-05-25T04:44:59.689+0000] {dag.py:2690} INFO - Sync 1 DAGs
[2023-05-25T04:44:59.804+0000] {logging_mixin.py:137} INFO - [2023-05-25T04:44:59.803+0000] {dag.py:3441} INFO - Setting next_dagrun for example_short_circuit_operator to 2023-05-24T04:44:59.802881+00:00, run_after=2023-05-25T04:44:59.802881+00:00
[2023-05-25T04:44:59.876+0000] {processor.py:175} INFO - Processing /home/airflow/.local/lib/python3.7/site-packages/airflow/example_dags/example_short_circuit_operator.py took 0.353 seconds
[2023-05-25T04:45:35.869+0000] {processor.py:153} INFO - Started process (PID=466) to work on /home/airflow/.local/lib/python3.7/site-packages/airflow/example_dags/example_short_circuit_operator.py
[2023-05-25T04:45:35.874+0000] {processor.py:743} INFO - Processing file /home/airflow/.local/lib/python3.7/site-packages/airflow/example_dags/example_short_circuit_operator.py for tasks to queue
[2023-05-25T04:45:35.881+0000] {logging_mixin.py:137} INFO - [2023-05-25T04:45:35.881+0000] {dagbag.py:538} INFO - Filling up the DagBag from /home/airflow/.local/lib/python3.7/site-packages/airflow/example_dags/example_short_circuit_operator.py
[2023-05-25T04:45:36.081+0000] {processor.py:753} INFO - DAG(s) dict_keys(['example_short_circuit_operator']) retrieved from /home/airflow/.local/lib/python3.7/site-packages/airflow/example_dags/example_short_circuit_operator.py
[2023-05-25T04:45:36.329+0000] {logging_mixin.py:137} INFO - [2023-05-25T04:45:36.328+0000] {dag.py:2690} INFO - Sync 1 DAGs
[2023-05-25T04:45:36.687+0000] {logging_mixin.py:137} INFO - [2023-05-25T04:45:36.687+0000] {dag.py:3441} INFO - Setting next_dagrun for example_short_circuit_operator to 2023-05-24T04:45:36.687095+00:00, run_after=2023-05-25T04:45:36.687095+00:00
[2023-05-25T04:45:36.806+0000] {processor.py:175} INFO - Processing /home/airflow/.local/lib/python3.7/site-packages/airflow/example_dags/example_short_circuit_operator.py took 0.964 seconds
[2023-05-25T04:46:07.208+0000] {processor.py:153} INFO - Started process (PID=528) to work on /home/airflow/.local/lib/python3.7/site-packages/airflow/example_dags/example_short_circuit_operator.py
[2023-05-25T04:46:07.210+0000] {processor.py:743} INFO - Processing file /home/airflow/.local/lib/python3.7/site-packages/airflow/example_dags/example_short_circuit_operator.py for tasks to queue
[2023-05-25T04:46:07.213+0000] {logging_mixin.py:137} INFO - [2023-05-25T04:46:07.212+0000] {dagbag.py:538} INFO - Filling up the DagBag from /home/airflow/.local/lib/python3.7/site-packages/airflow/example_dags/example_short_circuit_operator.py
[2023-05-25T04:46:07.238+0000] {processor.py:753} INFO - DAG(s) dict_keys(['example_short_circuit_operator']) retrieved from /home/airflow/.local/lib/python3.7/site-packages/airflow/example_dags/example_short_circuit_operator.py
[2023-05-25T04:46:07.408+0000] {logging_mixin.py:137} INFO - [2023-05-25T04:46:07.408+0000] {dag.py:2690} INFO - Sync 1 DAGs
[2023-05-25T04:46:07.491+0000] {logging_mixin.py:137} INFO - [2023-05-25T04:46:07.491+0000] {dag.py:3441} INFO - Setting next_dagrun for example_short_circuit_operator to 2023-05-24T04:46:07.490633+00:00, run_after=2023-05-25T04:46:07.490633+00:00
[2023-05-25T04:46:07.555+0000] {processor.py:175} INFO - Processing /home/airflow/.local/lib/python3.7/site-packages/airflow/example_dags/example_short_circuit_operator.py took 0.353 seconds
[2023-05-25T04:46:38.175+0000] {processor.py:153} INFO - Started process (PID=590) to work on /home/airflow/.local/lib/python3.7/site-packages/airflow/example_dags/example_short_circuit_operator.py
[2023-05-25T04:46:38.198+0000] {processor.py:743} INFO - Processing file /home/airflow/.local/lib/python3.7/site-packages/airflow/example_dags/example_short_circuit_operator.py for tasks to queue
[2023-05-25T04:46:38.202+0000] {logging_mixin.py:137} INFO - [2023-05-25T04:46:38.201+0000] {dagbag.py:538} INFO - Filling up the DagBag from /home/airflow/.local/lib/python3.7/site-packages/airflow/example_dags/example_short_circuit_operator.py
[2023-05-25T04:46:38.271+0000] {processor.py:753} INFO - DAG(s) dict_keys(['example_short_circuit_operator']) retrieved from /home/airflow/.local/lib/python3.7/site-packages/airflow/example_dags/example_short_circuit_operator.py
[2023-05-25T04:46:38.366+0000] {logging_mixin.py:137} INFO - [2023-05-25T04:46:38.366+0000] {dag.py:2690} INFO - Sync 1 DAGs
[2023-05-25T04:46:38.463+0000] {logging_mixin.py:137} INFO - [2023-05-25T04:46:38.463+0000] {dag.py:3441} INFO - Setting next_dagrun for example_short_circuit_operator to 2023-05-24T04:46:38.463020+00:00, run_after=2023-05-25T04:46:38.463020+00:00
[2023-05-25T04:46:38.573+0000] {processor.py:175} INFO - Processing /home/airflow/.local/lib/python3.7/site-packages/airflow/example_dags/example_short_circuit_operator.py took 0.416 seconds
[2023-05-25T04:47:45.437+0000] {processor.py:153} INFO - Started process (PID=695) to work on /home/airflow/.local/lib/python3.7/site-packages/airflow/example_dags/example_short_circuit_operator.py
[2023-05-25T04:47:45.443+0000] {processor.py:743} INFO - Processing file /home/airflow/.local/lib/python3.7/site-packages/airflow/example_dags/example_short_circuit_operator.py for tasks to queue
[2023-05-25T04:47:45.450+0000] {logging_mixin.py:137} INFO - [2023-05-25T04:47:45.446+0000] {dagbag.py:538} INFO - Filling up the DagBag from /home/airflow/.local/lib/python3.7/site-packages/airflow/example_dags/example_short_circuit_operator.py
[2023-05-25T04:47:45.507+0000] {processor.py:753} INFO - DAG(s) dict_keys(['example_short_circuit_operator']) retrieved from /home/airflow/.local/lib/python3.7/site-packages/airflow/example_dags/example_short_circuit_operator.py
[2023-05-25T04:47:45.793+0000] {logging_mixin.py:137} INFO - [2023-05-25T04:47:45.792+0000] {dag.py:2690} INFO - Sync 1 DAGs
[2023-05-25T04:47:45.915+0000] {logging_mixin.py:137} INFO - [2023-05-25T04:47:45.915+0000] {dag.py:3441} INFO - Setting next_dagrun for example_short_circuit_operator to 2023-05-24T04:47:45.915155+00:00, run_after=2023-05-25T04:47:45.915155+00:00
[2023-05-25T04:47:45.987+0000] {processor.py:175} INFO - Processing /home/airflow/.local/lib/python3.7/site-packages/airflow/example_dags/example_short_circuit_operator.py took 0.568 seconds
[2023-05-25T04:48:16.831+0000] {processor.py:153} INFO - Started process (PID=755) to work on /home/airflow/.local/lib/python3.7/site-packages/airflow/example_dags/example_short_circuit_operator.py
[2023-05-25T04:48:16.835+0000] {processor.py:743} INFO - Processing file /home/airflow/.local/lib/python3.7/site-packages/airflow/example_dags/example_short_circuit_operator.py for tasks to queue
[2023-05-25T04:48:16.838+0000] {logging_mixin.py:137} INFO - [2023-05-25T04:48:16.838+0000] {dagbag.py:538} INFO - Filling up the DagBag from /home/airflow/.local/lib/python3.7/site-packages/airflow/example_dags/example_short_circuit_operator.py
[2023-05-25T04:48:16.913+0000] {processor.py:753} INFO - DAG(s) dict_keys(['example_short_circuit_operator']) retrieved from /home/airflow/.local/lib/python3.7/site-packages/airflow/example_dags/example_short_circuit_operator.py
[2023-05-25T04:48:17.127+0000] {logging_mixin.py:137} INFO - [2023-05-25T04:48:17.127+0000] {dag.py:2690} INFO - Sync 1 DAGs
[2023-05-25T04:48:17.310+0000] {logging_mixin.py:137} INFO - [2023-05-25T04:48:17.309+0000] {dag.py:3441} INFO - Setting next_dagrun for example_short_circuit_operator to 2023-05-24T04:48:17.303658+00:00, run_after=2023-05-25T04:48:17.303658+00:00
[2023-05-25T04:48:17.458+0000] {processor.py:175} INFO - Processing /home/airflow/.local/lib/python3.7/site-packages/airflow/example_dags/example_short_circuit_operator.py took 0.644 seconds
[2023-05-25T04:48:48.799+0000] {processor.py:153} INFO - Started process (PID=821) to work on /home/airflow/.local/lib/python3.7/site-packages/airflow/example_dags/example_short_circuit_operator.py
[2023-05-25T04:48:48.806+0000] {processor.py:743} INFO - Processing file /home/airflow/.local/lib/python3.7/site-packages/airflow/example_dags/example_short_circuit_operator.py for tasks to queue
[2023-05-25T04:48:48.827+0000] {logging_mixin.py:137} INFO - [2023-05-25T04:48:48.827+0000] {dagbag.py:538} INFO - Filling up the DagBag from /home/airflow/.local/lib/python3.7/site-packages/airflow/example_dags/example_short_circuit_operator.py
[2023-05-25T04:48:48.895+0000] {processor.py:753} INFO - DAG(s) dict_keys(['example_short_circuit_operator']) retrieved from /home/airflow/.local/lib/python3.7/site-packages/airflow/example_dags/example_short_circuit_operator.py
[2023-05-25T04:48:48.980+0000] {logging_mixin.py:137} INFO - [2023-05-25T04:48:48.980+0000] {dag.py:2690} INFO - Sync 1 DAGs
[2023-05-25T04:48:49.062+0000] {logging_mixin.py:137} INFO - [2023-05-25T04:48:49.062+0000] {dag.py:3441} INFO - Setting next_dagrun for example_short_circuit_operator to 2023-05-24T04:48:49.062185+00:00, run_after=2023-05-25T04:48:49.062185+00:00
[2023-05-25T04:48:49.143+0000] {processor.py:175} INFO - Processing /home/airflow/.local/lib/python3.7/site-packages/airflow/example_dags/example_short_circuit_operator.py took 0.348 seconds
[2023-05-25T04:49:19.368+0000] {processor.py:153} INFO - Started process (PID=889) to work on /home/airflow/.local/lib/python3.7/site-packages/airflow/example_dags/example_short_circuit_operator.py
[2023-05-25T04:49:19.371+0000] {processor.py:743} INFO - Processing file /home/airflow/.local/lib/python3.7/site-packages/airflow/example_dags/example_short_circuit_operator.py for tasks to queue
[2023-05-25T04:49:19.374+0000] {logging_mixin.py:137} INFO - [2023-05-25T04:49:19.373+0000] {dagbag.py:538} INFO - Filling up the DagBag from /home/airflow/.local/lib/python3.7/site-packages/airflow/example_dags/example_short_circuit_operator.py
[2023-05-25T04:49:19.437+0000] {processor.py:753} INFO - DAG(s) dict_keys(['example_short_circuit_operator']) retrieved from /home/airflow/.local/lib/python3.7/site-packages/airflow/example_dags/example_short_circuit_operator.py
[2023-05-25T04:49:19.510+0000] {logging_mixin.py:137} INFO - [2023-05-25T04:49:19.510+0000] {dag.py:2690} INFO - Sync 1 DAGs
[2023-05-25T04:49:19.593+0000] {logging_mixin.py:137} INFO - [2023-05-25T04:49:19.593+0000] {dag.py:3441} INFO - Setting next_dagrun for example_short_circuit_operator to 2023-05-24T04:49:19.593299+00:00, run_after=2023-05-25T04:49:19.593299+00:00
[2023-05-25T04:49:19.650+0000] {processor.py:175} INFO - Processing /home/airflow/.local/lib/python3.7/site-packages/airflow/example_dags/example_short_circuit_operator.py took 0.295 seconds
[2023-05-25T04:49:49.855+0000] {processor.py:153} INFO - Started process (PID=952) to work on /home/airflow/.local/lib/python3.7/site-packages/airflow/example_dags/example_short_circuit_operator.py
[2023-05-25T04:49:49.866+0000] {processor.py:743} INFO - Processing file /home/airflow/.local/lib/python3.7/site-packages/airflow/example_dags/example_short_circuit_operator.py for tasks to queue
[2023-05-25T04:49:49.869+0000] {logging_mixin.py:137} INFO - [2023-05-25T04:49:49.869+0000] {dagbag.py:538} INFO - Filling up the DagBag from /home/airflow/.local/lib/python3.7/site-packages/airflow/example_dags/example_short_circuit_operator.py
[2023-05-25T04:49:49.925+0000] {processor.py:753} INFO - DAG(s) dict_keys(['example_short_circuit_operator']) retrieved from /home/airflow/.local/lib/python3.7/site-packages/airflow/example_dags/example_short_circuit_operator.py
[2023-05-25T04:49:49.991+0000] {logging_mixin.py:137} INFO - [2023-05-25T04:49:49.990+0000] {dag.py:2690} INFO - Sync 1 DAGs
[2023-05-25T04:49:50.028+0000] {logging_mixin.py:137} INFO - [2023-05-25T04:49:50.028+0000] {dag.py:3441} INFO - Setting next_dagrun for example_short_circuit_operator to 2023-05-24T04:49:50.027901+00:00, run_after=2023-05-25T04:49:50.027901+00:00
[2023-05-25T04:49:50.068+0000] {processor.py:175} INFO - Processing /home/airflow/.local/lib/python3.7/site-packages/airflow/example_dags/example_short_circuit_operator.py took 0.218 seconds
[2023-05-25T04:50:23.767+0000] {processor.py:153} INFO - Started process (PID=1012) to work on /home/airflow/.local/lib/python3.7/site-packages/airflow/example_dags/example_short_circuit_operator.py
[2023-05-25T04:50:23.778+0000] {processor.py:743} INFO - Processing file /home/airflow/.local/lib/python3.7/site-packages/airflow/example_dags/example_short_circuit_operator.py for tasks to queue
[2023-05-25T04:50:23.784+0000] {logging_mixin.py:137} INFO - [2023-05-25T04:50:23.784+0000] {dagbag.py:538} INFO - Filling up the DagBag from /home/airflow/.local/lib/python3.7/site-packages/airflow/example_dags/example_short_circuit_operator.py
[2023-05-25T04:50:24.201+0000] {processor.py:753} INFO - DAG(s) dict_keys(['example_short_circuit_operator']) retrieved from /home/airflow/.local/lib/python3.7/site-packages/airflow/example_dags/example_short_circuit_operator.py
[2023-05-25T04:50:24.802+0000] {logging_mixin.py:137} INFO - [2023-05-25T04:50:24.802+0000] {dag.py:2690} INFO - Sync 1 DAGs
[2023-05-25T04:50:25.116+0000] {logging_mixin.py:137} INFO - [2023-05-25T04:50:25.116+0000] {dag.py:3441} INFO - Setting next_dagrun for example_short_circuit_operator to 2023-05-24T04:50:25.115592+00:00, run_after=2023-05-25T04:50:25.115592+00:00
[2023-05-25T04:50:25.346+0000] {processor.py:175} INFO - Processing /home/airflow/.local/lib/python3.7/site-packages/airflow/example_dags/example_short_circuit_operator.py took 1.635 seconds
[2023-05-25T04:50:56.751+0000] {processor.py:153} INFO - Started process (PID=1072) to work on /home/airflow/.local/lib/python3.7/site-packages/airflow/example_dags/example_short_circuit_operator.py
[2023-05-25T04:50:56.762+0000] {processor.py:743} INFO - Processing file /home/airflow/.local/lib/python3.7/site-packages/airflow/example_dags/example_short_circuit_operator.py for tasks to queue
[2023-05-25T04:50:56.765+0000] {logging_mixin.py:137} INFO - [2023-05-25T04:50:56.764+0000] {dagbag.py:538} INFO - Filling up the DagBag from /home/airflow/.local/lib/python3.7/site-packages/airflow/example_dags/example_short_circuit_operator.py
[2023-05-25T04:50:56.914+0000] {processor.py:753} INFO - DAG(s) dict_keys(['example_short_circuit_operator']) retrieved from /home/airflow/.local/lib/python3.7/site-packages/airflow/example_dags/example_short_circuit_operator.py
[2023-05-25T04:50:57.155+0000] {logging_mixin.py:137} INFO - [2023-05-25T04:50:57.155+0000] {dag.py:2690} INFO - Sync 1 DAGs
[2023-05-25T04:50:57.327+0000] {logging_mixin.py:137} INFO - [2023-05-25T04:50:57.327+0000] {dag.py:3441} INFO - Setting next_dagrun for example_short_circuit_operator to 2023-05-24T04:50:57.326650+00:00, run_after=2023-05-25T04:50:57.326650+00:00
[2023-05-25T04:50:57.461+0000] {processor.py:175} INFO - Processing /home/airflow/.local/lib/python3.7/site-packages/airflow/example_dags/example_short_circuit_operator.py took 0.719 seconds
[2023-05-25T04:51:28.778+0000] {processor.py:153} INFO - Started process (PID=1123) to work on /home/airflow/.local/lib/python3.7/site-packages/airflow/example_dags/example_short_circuit_operator.py
[2023-05-25T04:51:28.781+0000] {processor.py:743} INFO - Processing file /home/airflow/.local/lib/python3.7/site-packages/airflow/example_dags/example_short_circuit_operator.py for tasks to queue
[2023-05-25T04:51:28.786+0000] {logging_mixin.py:137} INFO - [2023-05-25T04:51:28.785+0000] {dagbag.py:538} INFO - Filling up the DagBag from /home/airflow/.local/lib/python3.7/site-packages/airflow/example_dags/example_short_circuit_operator.py
[2023-05-25T04:51:28.933+0000] {processor.py:753} INFO - DAG(s) dict_keys(['example_short_circuit_operator']) retrieved from /home/airflow/.local/lib/python3.7/site-packages/airflow/example_dags/example_short_circuit_operator.py
[2023-05-25T04:51:29.309+0000] {logging_mixin.py:137} INFO - [2023-05-25T04:51:29.309+0000] {dag.py:2690} INFO - Sync 1 DAGs
[2023-05-25T04:51:29.626+0000] {logging_mixin.py:137} INFO - [2023-05-25T04:51:29.626+0000] {dag.py:3441} INFO - Setting next_dagrun for example_short_circuit_operator to 2023-05-24T04:51:29.625841+00:00, run_after=2023-05-25T04:51:29.625841+00:00
[2023-05-25T04:51:29.839+0000] {processor.py:175} INFO - Processing /home/airflow/.local/lib/python3.7/site-packages/airflow/example_dags/example_short_circuit_operator.py took 1.075 seconds
[2023-05-25T04:52:02.184+0000] {processor.py:153} INFO - Started process (PID=1182) to work on /home/airflow/.local/lib/python3.7/site-packages/airflow/example_dags/example_short_circuit_operator.py
[2023-05-25T04:52:02.190+0000] {processor.py:743} INFO - Processing file /home/airflow/.local/lib/python3.7/site-packages/airflow/example_dags/example_short_circuit_operator.py for tasks to queue
[2023-05-25T04:52:02.195+0000] {logging_mixin.py:137} INFO - [2023-05-25T04:52:02.194+0000] {dagbag.py:538} INFO - Filling up the DagBag from /home/airflow/.local/lib/python3.7/site-packages/airflow/example_dags/example_short_circuit_operator.py
[2023-05-25T04:52:02.255+0000] {processor.py:753} INFO - DAG(s) dict_keys(['example_short_circuit_operator']) retrieved from /home/airflow/.local/lib/python3.7/site-packages/airflow/example_dags/example_short_circuit_operator.py
[2023-05-25T04:52:02.378+0000] {logging_mixin.py:137} INFO - [2023-05-25T04:52:02.378+0000] {dag.py:2690} INFO - Sync 1 DAGs
[2023-05-25T04:52:02.662+0000] {logging_mixin.py:137} INFO - [2023-05-25T04:52:02.662+0000] {dag.py:3441} INFO - Setting next_dagrun for example_short_circuit_operator to 2023-05-24T04:52:02.661946+00:00, run_after=2023-05-25T04:52:02.661946+00:00
[2023-05-25T04:52:02.790+0000] {processor.py:175} INFO - Processing /home/airflow/.local/lib/python3.7/site-packages/airflow/example_dags/example_short_circuit_operator.py took 0.621 seconds
[2023-05-25T04:52:34.635+0000] {processor.py:153} INFO - Started process (PID=1241) to work on /home/airflow/.local/lib/python3.7/site-packages/airflow/example_dags/example_short_circuit_operator.py
[2023-05-25T04:52:34.645+0000] {processor.py:743} INFO - Processing file /home/airflow/.local/lib/python3.7/site-packages/airflow/example_dags/example_short_circuit_operator.py for tasks to queue
[2023-05-25T04:52:34.650+0000] {logging_mixin.py:137} INFO - [2023-05-25T04:52:34.647+0000] {dagbag.py:538} INFO - Filling up the DagBag from /home/airflow/.local/lib/python3.7/site-packages/airflow/example_dags/example_short_circuit_operator.py
[2023-05-25T04:52:34.775+0000] {processor.py:753} INFO - DAG(s) dict_keys(['example_short_circuit_operator']) retrieved from /home/airflow/.local/lib/python3.7/site-packages/airflow/example_dags/example_short_circuit_operator.py
[2023-05-25T04:52:34.924+0000] {logging_mixin.py:137} INFO - [2023-05-25T04:52:34.924+0000] {dag.py:2690} INFO - Sync 1 DAGs
[2023-05-25T04:52:35.221+0000] {logging_mixin.py:137} INFO - [2023-05-25T04:52:35.221+0000] {dag.py:3441} INFO - Setting next_dagrun for example_short_circuit_operator to 2023-05-24T04:52:35.220909+00:00, run_after=2023-05-25T04:52:35.220909+00:00
[2023-05-25T04:52:35.374+0000] {processor.py:175} INFO - Processing /home/airflow/.local/lib/python3.7/site-packages/airflow/example_dags/example_short_circuit_operator.py took 0.762 seconds
[2023-05-25T04:53:05.717+0000] {processor.py:153} INFO - Started process (PID=1303) to work on /home/airflow/.local/lib/python3.7/site-packages/airflow/example_dags/example_short_circuit_operator.py
[2023-05-25T04:53:05.730+0000] {processor.py:743} INFO - Processing file /home/airflow/.local/lib/python3.7/site-packages/airflow/example_dags/example_short_circuit_operator.py for tasks to queue
[2023-05-25T04:53:05.744+0000] {logging_mixin.py:137} INFO - [2023-05-25T04:53:05.744+0000] {dagbag.py:538} INFO - Filling up the DagBag from /home/airflow/.local/lib/python3.7/site-packages/airflow/example_dags/example_short_circuit_operator.py
[2023-05-25T04:53:05.804+0000] {processor.py:753} INFO - DAG(s) dict_keys(['example_short_circuit_operator']) retrieved from /home/airflow/.local/lib/python3.7/site-packages/airflow/example_dags/example_short_circuit_operator.py
[2023-05-25T04:53:05.875+0000] {logging_mixin.py:137} INFO - [2023-05-25T04:53:05.874+0000] {dag.py:2690} INFO - Sync 1 DAGs
[2023-05-25T04:53:05.941+0000] {logging_mixin.py:137} INFO - [2023-05-25T04:53:05.941+0000] {dag.py:3441} INFO - Setting next_dagrun for example_short_circuit_operator to 2023-05-24T04:53:05.941128+00:00, run_after=2023-05-25T04:53:05.941128+00:00
[2023-05-25T04:53:05.994+0000] {processor.py:175} INFO - Processing /home/airflow/.local/lib/python3.7/site-packages/airflow/example_dags/example_short_circuit_operator.py took 0.287 seconds
[2023-05-25T04:53:36.652+0000] {processor.py:153} INFO - Started process (PID=1363) to work on /home/airflow/.local/lib/python3.7/site-packages/airflow/example_dags/example_short_circuit_operator.py
[2023-05-25T04:53:36.660+0000] {processor.py:743} INFO - Processing file /home/airflow/.local/lib/python3.7/site-packages/airflow/example_dags/example_short_circuit_operator.py for tasks to queue
[2023-05-25T04:53:36.664+0000] {logging_mixin.py:137} INFO - [2023-05-25T04:53:36.663+0000] {dagbag.py:538} INFO - Filling up the DagBag from /home/airflow/.local/lib/python3.7/site-packages/airflow/example_dags/example_short_circuit_operator.py
[2023-05-25T04:53:36.730+0000] {processor.py:753} INFO - DAG(s) dict_keys(['example_short_circuit_operator']) retrieved from /home/airflow/.local/lib/python3.7/site-packages/airflow/example_dags/example_short_circuit_operator.py
[2023-05-25T04:53:36.806+0000] {logging_mixin.py:137} INFO - [2023-05-25T04:53:36.799+0000] {dag.py:2690} INFO - Sync 1 DAGs
[2023-05-25T04:53:36.888+0000] {logging_mixin.py:137} INFO - [2023-05-25T04:53:36.888+0000] {dag.py:3441} INFO - Setting next_dagrun for example_short_circuit_operator to 2023-05-24T04:53:36.887623+00:00, run_after=2023-05-25T04:53:36.887623+00:00
[2023-05-25T04:53:36.954+0000] {processor.py:175} INFO - Processing /home/airflow/.local/lib/python3.7/site-packages/airflow/example_dags/example_short_circuit_operator.py took 0.314 seconds
[2023-05-25T04:54:07.227+0000] {processor.py:153} INFO - Started process (PID=1422) to work on /home/airflow/.local/lib/python3.7/site-packages/airflow/example_dags/example_short_circuit_operator.py
[2023-05-25T04:54:07.235+0000] {processor.py:743} INFO - Processing file /home/airflow/.local/lib/python3.7/site-packages/airflow/example_dags/example_short_circuit_operator.py for tasks to queue
[2023-05-25T04:54:07.237+0000] {logging_mixin.py:137} INFO - [2023-05-25T04:54:07.237+0000] {dagbag.py:538} INFO - Filling up the DagBag from /home/airflow/.local/lib/python3.7/site-packages/airflow/example_dags/example_short_circuit_operator.py
[2023-05-25T04:54:07.330+0000] {processor.py:753} INFO - DAG(s) dict_keys(['example_short_circuit_operator']) retrieved from /home/airflow/.local/lib/python3.7/site-packages/airflow/example_dags/example_short_circuit_operator.py
[2023-05-25T04:54:07.387+0000] {logging_mixin.py:137} INFO - [2023-05-25T04:54:07.387+0000] {dag.py:2690} INFO - Sync 1 DAGs
[2023-05-25T04:54:07.434+0000] {logging_mixin.py:137} INFO - [2023-05-25T04:54:07.433+0000] {dag.py:3441} INFO - Setting next_dagrun for example_short_circuit_operator to 2023-05-24T04:54:07.433551+00:00, run_after=2023-05-25T04:54:07.433551+00:00
[2023-05-25T04:54:07.482+0000] {processor.py:175} INFO - Processing /home/airflow/.local/lib/python3.7/site-packages/airflow/example_dags/example_short_circuit_operator.py took 0.265 seconds
[2023-05-25T04:54:41.005+0000] {processor.py:153} INFO - Started process (PID=1482) to work on /home/airflow/.local/lib/python3.7/site-packages/airflow/example_dags/example_short_circuit_operator.py
[2023-05-25T04:54:41.026+0000] {processor.py:743} INFO - Processing file /home/airflow/.local/lib/python3.7/site-packages/airflow/example_dags/example_short_circuit_operator.py for tasks to queue
[2023-05-25T04:54:41.078+0000] {logging_mixin.py:137} INFO - [2023-05-25T04:54:41.041+0000] {dagbag.py:538} INFO - Filling up the DagBag from /home/airflow/.local/lib/python3.7/site-packages/airflow/example_dags/example_short_circuit_operator.py
[2023-05-25T04:54:41.601+0000] {processor.py:753} INFO - DAG(s) dict_keys(['example_short_circuit_operator']) retrieved from /home/airflow/.local/lib/python3.7/site-packages/airflow/example_dags/example_short_circuit_operator.py
[2023-05-25T04:54:41.745+0000] {logging_mixin.py:137} INFO - [2023-05-25T04:54:41.745+0000] {dag.py:2690} INFO - Sync 1 DAGs
[2023-05-25T04:54:41.839+0000] {logging_mixin.py:137} INFO - [2023-05-25T04:54:41.839+0000] {dag.py:3441} INFO - Setting next_dagrun for example_short_circuit_operator to 2023-05-24T04:54:41.838514+00:00, run_after=2023-05-25T04:54:41.838514+00:00
[2023-05-25T04:54:41.920+0000] {processor.py:175} INFO - Processing /home/airflow/.local/lib/python3.7/site-packages/airflow/example_dags/example_short_circuit_operator.py took 0.997 seconds
[2023-05-25T04:55:12.438+0000] {processor.py:153} INFO - Started process (PID=1542) to work on /home/airflow/.local/lib/python3.7/site-packages/airflow/example_dags/example_short_circuit_operator.py
[2023-05-25T04:55:12.442+0000] {processor.py:743} INFO - Processing file /home/airflow/.local/lib/python3.7/site-packages/airflow/example_dags/example_short_circuit_operator.py for tasks to queue
[2023-05-25T04:55:12.450+0000] {logging_mixin.py:137} INFO - [2023-05-25T04:55:12.449+0000] {dagbag.py:538} INFO - Filling up the DagBag from /home/airflow/.local/lib/python3.7/site-packages/airflow/example_dags/example_short_circuit_operator.py
[2023-05-25T04:55:12.508+0000] {processor.py:753} INFO - DAG(s) dict_keys(['example_short_circuit_operator']) retrieved from /home/airflow/.local/lib/python3.7/site-packages/airflow/example_dags/example_short_circuit_operator.py
[2023-05-25T04:55:12.599+0000] {logging_mixin.py:137} INFO - [2023-05-25T04:55:12.599+0000] {dag.py:2690} INFO - Sync 1 DAGs
[2023-05-25T04:55:12.713+0000] {logging_mixin.py:137} INFO - [2023-05-25T04:55:12.713+0000] {dag.py:3441} INFO - Setting next_dagrun for example_short_circuit_operator to 2023-05-24T04:55:12.712647+00:00, run_after=2023-05-25T04:55:12.712647+00:00
[2023-05-25T04:55:12.787+0000] {processor.py:175} INFO - Processing /home/airflow/.local/lib/python3.7/site-packages/airflow/example_dags/example_short_circuit_operator.py took 0.369 seconds
[2023-05-25T04:55:43.569+0000] {processor.py:153} INFO - Started process (PID=1603) to work on /home/airflow/.local/lib/python3.7/site-packages/airflow/example_dags/example_short_circuit_operator.py
[2023-05-25T04:55:43.574+0000] {processor.py:743} INFO - Processing file /home/airflow/.local/lib/python3.7/site-packages/airflow/example_dags/example_short_circuit_operator.py for tasks to queue
[2023-05-25T04:55:43.582+0000] {logging_mixin.py:137} INFO - [2023-05-25T04:55:43.581+0000] {dagbag.py:538} INFO - Filling up the DagBag from /home/airflow/.local/lib/python3.7/site-packages/airflow/example_dags/example_short_circuit_operator.py
[2023-05-25T04:55:43.654+0000] {processor.py:753} INFO - DAG(s) dict_keys(['example_short_circuit_operator']) retrieved from /home/airflow/.local/lib/python3.7/site-packages/airflow/example_dags/example_short_circuit_operator.py
[2023-05-25T04:55:43.830+0000] {logging_mixin.py:137} INFO - [2023-05-25T04:55:43.830+0000] {dag.py:2690} INFO - Sync 1 DAGs
[2023-05-25T04:55:44.184+0000] {logging_mixin.py:137} INFO - [2023-05-25T04:55:44.151+0000] {dag.py:3441} INFO - Setting next_dagrun for example_short_circuit_operator to 2023-05-24T04:55:44.122666+00:00, run_after=2023-05-25T04:55:44.122666+00:00
[2023-05-25T04:55:44.365+0000] {processor.py:175} INFO - Processing /home/airflow/.local/lib/python3.7/site-packages/airflow/example_dags/example_short_circuit_operator.py took 0.829 seconds
[2023-05-25T04:56:14.472+0000] {processor.py:153} INFO - Started process (PID=1662) to work on /home/airflow/.local/lib/python3.7/site-packages/airflow/example_dags/example_short_circuit_operator.py
[2023-05-25T04:56:14.475+0000] {processor.py:743} INFO - Processing file /home/airflow/.local/lib/python3.7/site-packages/airflow/example_dags/example_short_circuit_operator.py for tasks to queue
[2023-05-25T04:56:14.478+0000] {logging_mixin.py:137} INFO - [2023-05-25T04:56:14.478+0000] {dagbag.py:538} INFO - Filling up the DagBag from /home/airflow/.local/lib/python3.7/site-packages/airflow/example_dags/example_short_circuit_operator.py
[2023-05-25T04:56:14.518+0000] {processor.py:753} INFO - DAG(s) dict_keys(['example_short_circuit_operator']) retrieved from /home/airflow/.local/lib/python3.7/site-packages/airflow/example_dags/example_short_circuit_operator.py
[2023-05-25T04:56:14.570+0000] {logging_mixin.py:137} INFO - [2023-05-25T04:56:14.570+0000] {dag.py:2690} INFO - Sync 1 DAGs
[2023-05-25T04:56:14.621+0000] {logging_mixin.py:137} INFO - [2023-05-25T04:56:14.621+0000] {dag.py:3441} INFO - Setting next_dagrun for example_short_circuit_operator to 2023-05-24T04:56:14.621399+00:00, run_after=2023-05-25T04:56:14.621399+00:00
[2023-05-25T04:56:14.653+0000] {processor.py:175} INFO - Processing /home/airflow/.local/lib/python3.7/site-packages/airflow/example_dags/example_short_circuit_operator.py took 0.189 seconds
[2023-05-25T04:56:45.625+0000] {processor.py:153} INFO - Started process (PID=1723) to work on /home/airflow/.local/lib/python3.7/site-packages/airflow/example_dags/example_short_circuit_operator.py
[2023-05-25T04:56:45.635+0000] {processor.py:743} INFO - Processing file /home/airflow/.local/lib/python3.7/site-packages/airflow/example_dags/example_short_circuit_operator.py for tasks to queue
[2023-05-25T04:56:45.642+0000] {logging_mixin.py:137} INFO - [2023-05-25T04:56:45.640+0000] {dagbag.py:538} INFO - Filling up the DagBag from /home/airflow/.local/lib/python3.7/site-packages/airflow/example_dags/example_short_circuit_operator.py
[2023-05-25T04:56:45.699+0000] {processor.py:753} INFO - DAG(s) dict_keys(['example_short_circuit_operator']) retrieved from /home/airflow/.local/lib/python3.7/site-packages/airflow/example_dags/example_short_circuit_operator.py
[2023-05-25T04:56:45.820+0000] {logging_mixin.py:137} INFO - [2023-05-25T04:56:45.820+0000] {dag.py:2690} INFO - Sync 1 DAGs
[2023-05-25T04:56:45.926+0000] {logging_mixin.py:137} INFO - [2023-05-25T04:56:45.926+0000] {dag.py:3441} INFO - Setting next_dagrun for example_short_circuit_operator to 2023-05-24T04:56:45.925739+00:00, run_after=2023-05-25T04:56:45.925739+00:00
[2023-05-25T04:56:46.022+0000] {processor.py:175} INFO - Processing /home/airflow/.local/lib/python3.7/site-packages/airflow/example_dags/example_short_circuit_operator.py took 0.422 seconds
[2023-05-25T04:57:16.177+0000] {processor.py:153} INFO - Started process (PID=1783) to work on /home/airflow/.local/lib/python3.7/site-packages/airflow/example_dags/example_short_circuit_operator.py
[2023-05-25T04:57:16.181+0000] {processor.py:743} INFO - Processing file /home/airflow/.local/lib/python3.7/site-packages/airflow/example_dags/example_short_circuit_operator.py for tasks to queue
[2023-05-25T04:57:16.184+0000] {logging_mixin.py:137} INFO - [2023-05-25T04:57:16.183+0000] {dagbag.py:538} INFO - Filling up the DagBag from /home/airflow/.local/lib/python3.7/site-packages/airflow/example_dags/example_short_circuit_operator.py
[2023-05-25T04:57:16.220+0000] {processor.py:753} INFO - DAG(s) dict_keys(['example_short_circuit_operator']) retrieved from /home/airflow/.local/lib/python3.7/site-packages/airflow/example_dags/example_short_circuit_operator.py
[2023-05-25T04:57:16.268+0000] {logging_mixin.py:137} INFO - [2023-05-25T04:57:16.268+0000] {dag.py:2690} INFO - Sync 1 DAGs
[2023-05-25T04:57:16.319+0000] {logging_mixin.py:137} INFO - [2023-05-25T04:57:16.318+0000] {dag.py:3441} INFO - Setting next_dagrun for example_short_circuit_operator to 2023-05-24T04:57:16.318197+00:00, run_after=2023-05-25T04:57:16.318197+00:00
[2023-05-25T04:57:16.352+0000] {processor.py:175} INFO - Processing /home/airflow/.local/lib/python3.7/site-packages/airflow/example_dags/example_short_circuit_operator.py took 0.185 seconds
[2023-05-25T04:57:46.784+0000] {processor.py:153} INFO - Started process (PID=1844) to work on /home/airflow/.local/lib/python3.7/site-packages/airflow/example_dags/example_short_circuit_operator.py
[2023-05-25T04:57:46.788+0000] {processor.py:743} INFO - Processing file /home/airflow/.local/lib/python3.7/site-packages/airflow/example_dags/example_short_circuit_operator.py for tasks to queue
[2023-05-25T04:57:46.801+0000] {logging_mixin.py:137} INFO - [2023-05-25T04:57:46.795+0000] {dagbag.py:538} INFO - Filling up the DagBag from /home/airflow/.local/lib/python3.7/site-packages/airflow/example_dags/example_short_circuit_operator.py
[2023-05-25T04:57:46.896+0000] {processor.py:753} INFO - DAG(s) dict_keys(['example_short_circuit_operator']) retrieved from /home/airflow/.local/lib/python3.7/site-packages/airflow/example_dags/example_short_circuit_operator.py
[2023-05-25T04:57:47.015+0000] {logging_mixin.py:137} INFO - [2023-05-25T04:57:47.015+0000] {dag.py:2690} INFO - Sync 1 DAGs
[2023-05-25T04:57:47.156+0000] {logging_mixin.py:137} INFO - [2023-05-25T04:57:47.155+0000] {dag.py:3441} INFO - Setting next_dagrun for example_short_circuit_operator to 2023-05-24T04:57:47.155493+00:00, run_after=2023-05-25T04:57:47.155493+00:00
[2023-05-25T04:57:47.230+0000] {processor.py:175} INFO - Processing /home/airflow/.local/lib/python3.7/site-packages/airflow/example_dags/example_short_circuit_operator.py took 0.463 seconds
[2023-05-25T04:58:17.475+0000] {processor.py:153} INFO - Started process (PID=1902) to work on /home/airflow/.local/lib/python3.7/site-packages/airflow/example_dags/example_short_circuit_operator.py
[2023-05-25T04:58:17.484+0000] {processor.py:743} INFO - Processing file /home/airflow/.local/lib/python3.7/site-packages/airflow/example_dags/example_short_circuit_operator.py for tasks to queue
[2023-05-25T04:58:17.491+0000] {logging_mixin.py:137} INFO - [2023-05-25T04:58:17.491+0000] {dagbag.py:538} INFO - Filling up the DagBag from /home/airflow/.local/lib/python3.7/site-packages/airflow/example_dags/example_short_circuit_operator.py
[2023-05-25T04:58:17.569+0000] {processor.py:753} INFO - DAG(s) dict_keys(['example_short_circuit_operator']) retrieved from /home/airflow/.local/lib/python3.7/site-packages/airflow/example_dags/example_short_circuit_operator.py
[2023-05-25T04:58:17.699+0000] {logging_mixin.py:137} INFO - [2023-05-25T04:58:17.699+0000] {dag.py:2690} INFO - Sync 1 DAGs
[2023-05-25T04:58:17.804+0000] {logging_mixin.py:137} INFO - [2023-05-25T04:58:17.803+0000] {dag.py:3441} INFO - Setting next_dagrun for example_short_circuit_operator to 2023-05-24T04:58:17.803357+00:00, run_after=2023-05-25T04:58:17.803357+00:00
[2023-05-25T04:58:17.898+0000] {processor.py:175} INFO - Processing /home/airflow/.local/lib/python3.7/site-packages/airflow/example_dags/example_short_circuit_operator.py took 0.436 seconds
[2023-05-25T04:58:48.483+0000] {processor.py:153} INFO - Started process (PID=1962) to work on /home/airflow/.local/lib/python3.7/site-packages/airflow/example_dags/example_short_circuit_operator.py
[2023-05-25T04:58:48.486+0000] {processor.py:743} INFO - Processing file /home/airflow/.local/lib/python3.7/site-packages/airflow/example_dags/example_short_circuit_operator.py for tasks to queue
[2023-05-25T04:58:48.494+0000] {logging_mixin.py:137} INFO - [2023-05-25T04:58:48.493+0000] {dagbag.py:538} INFO - Filling up the DagBag from /home/airflow/.local/lib/python3.7/site-packages/airflow/example_dags/example_short_circuit_operator.py
[2023-05-25T04:58:48.530+0000] {processor.py:753} INFO - DAG(s) dict_keys(['example_short_circuit_operator']) retrieved from /home/airflow/.local/lib/python3.7/site-packages/airflow/example_dags/example_short_circuit_operator.py
[2023-05-25T04:58:48.612+0000] {logging_mixin.py:137} INFO - [2023-05-25T04:58:48.612+0000] {dag.py:2690} INFO - Sync 1 DAGs
[2023-05-25T04:58:48.666+0000] {logging_mixin.py:137} INFO - [2023-05-25T04:58:48.666+0000] {dag.py:3441} INFO - Setting next_dagrun for example_short_circuit_operator to 2023-05-24T04:58:48.665827+00:00, run_after=2023-05-25T04:58:48.665827+00:00
[2023-05-25T04:58:48.700+0000] {processor.py:175} INFO - Processing /home/airflow/.local/lib/python3.7/site-packages/airflow/example_dags/example_short_circuit_operator.py took 0.223 seconds
[2023-05-25T04:59:21.600+0000] {processor.py:153} INFO - Started process (PID=2024) to work on /home/airflow/.local/lib/python3.7/site-packages/airflow/example_dags/example_short_circuit_operator.py
[2023-05-25T04:59:21.608+0000] {processor.py:743} INFO - Processing file /home/airflow/.local/lib/python3.7/site-packages/airflow/example_dags/example_short_circuit_operator.py for tasks to queue
[2023-05-25T04:59:21.614+0000] {logging_mixin.py:137} INFO - [2023-05-25T04:59:21.613+0000] {dagbag.py:538} INFO - Filling up the DagBag from /home/airflow/.local/lib/python3.7/site-packages/airflow/example_dags/example_short_circuit_operator.py
[2023-05-25T04:59:21.710+0000] {processor.py:753} INFO - DAG(s) dict_keys(['example_short_circuit_operator']) retrieved from /home/airflow/.local/lib/python3.7/site-packages/airflow/example_dags/example_short_circuit_operator.py
[2023-05-25T04:59:21.872+0000] {logging_mixin.py:137} INFO - [2023-05-25T04:59:21.871+0000] {dag.py:2690} INFO - Sync 1 DAGs
[2023-05-25T04:59:22.019+0000] {logging_mixin.py:137} INFO - [2023-05-25T04:59:22.018+0000] {dag.py:3441} INFO - Setting next_dagrun for example_short_circuit_operator to 2023-05-24T04:59:22.015719+00:00, run_after=2023-05-25T04:59:22.015719+00:00
[2023-05-25T04:59:22.142+0000] {processor.py:175} INFO - Processing /home/airflow/.local/lib/python3.7/site-packages/airflow/example_dags/example_short_circuit_operator.py took 0.559 seconds
[2023-05-25T04:59:52.232+0000] {processor.py:153} INFO - Started process (PID=2093) to work on /home/airflow/.local/lib/python3.7/site-packages/airflow/example_dags/example_short_circuit_operator.py
[2023-05-25T04:59:52.235+0000] {processor.py:743} INFO - Processing file /home/airflow/.local/lib/python3.7/site-packages/airflow/example_dags/example_short_circuit_operator.py for tasks to queue
[2023-05-25T04:59:52.241+0000] {logging_mixin.py:137} INFO - [2023-05-25T04:59:52.240+0000] {dagbag.py:538} INFO - Filling up the DagBag from /home/airflow/.local/lib/python3.7/site-packages/airflow/example_dags/example_short_circuit_operator.py
[2023-05-25T04:59:52.288+0000] {processor.py:753} INFO - DAG(s) dict_keys(['example_short_circuit_operator']) retrieved from /home/airflow/.local/lib/python3.7/site-packages/airflow/example_dags/example_short_circuit_operator.py
[2023-05-25T04:59:52.338+0000] {logging_mixin.py:137} INFO - [2023-05-25T04:59:52.338+0000] {dag.py:2690} INFO - Sync 1 DAGs
[2023-05-25T04:59:52.377+0000] {logging_mixin.py:137} INFO - [2023-05-25T04:59:52.377+0000] {dag.py:3441} INFO - Setting next_dagrun for example_short_circuit_operator to 2023-05-24T04:59:52.377086+00:00, run_after=2023-05-25T04:59:52.377086+00:00
[2023-05-25T04:59:52.422+0000] {processor.py:175} INFO - Processing /home/airflow/.local/lib/python3.7/site-packages/airflow/example_dags/example_short_circuit_operator.py took 0.205 seconds
[2023-05-25T05:00:22.723+0000] {processor.py:153} INFO - Started process (PID=2151) to work on /home/airflow/.local/lib/python3.7/site-packages/airflow/example_dags/example_short_circuit_operator.py
[2023-05-25T05:00:22.725+0000] {processor.py:743} INFO - Processing file /home/airflow/.local/lib/python3.7/site-packages/airflow/example_dags/example_short_circuit_operator.py for tasks to queue
[2023-05-25T05:00:22.729+0000] {logging_mixin.py:137} INFO - [2023-05-25T05:00:22.728+0000] {dagbag.py:538} INFO - Filling up the DagBag from /home/airflow/.local/lib/python3.7/site-packages/airflow/example_dags/example_short_circuit_operator.py
[2023-05-25T05:00:22.775+0000] {processor.py:753} INFO - DAG(s) dict_keys(['example_short_circuit_operator']) retrieved from /home/airflow/.local/lib/python3.7/site-packages/airflow/example_dags/example_short_circuit_operator.py
[2023-05-25T05:00:22.826+0000] {logging_mixin.py:137} INFO - [2023-05-25T05:00:22.825+0000] {dag.py:2690} INFO - Sync 1 DAGs
[2023-05-25T05:00:22.894+0000] {logging_mixin.py:137} INFO - [2023-05-25T05:00:22.893+0000] {dag.py:3441} INFO - Setting next_dagrun for example_short_circuit_operator to 2023-05-24T05:00:22.893160+00:00, run_after=2023-05-25T05:00:22.893160+00:00
[2023-05-25T05:00:22.947+0000] {processor.py:175} INFO - Processing /home/airflow/.local/lib/python3.7/site-packages/airflow/example_dags/example_short_circuit_operator.py took 0.231 seconds
[2023-05-25T05:00:53.214+0000] {processor.py:153} INFO - Started process (PID=2211) to work on /home/airflow/.local/lib/python3.7/site-packages/airflow/example_dags/example_short_circuit_operator.py
[2023-05-25T05:00:53.217+0000] {processor.py:743} INFO - Processing file /home/airflow/.local/lib/python3.7/site-packages/airflow/example_dags/example_short_circuit_operator.py for tasks to queue
[2023-05-25T05:00:53.219+0000] {logging_mixin.py:137} INFO - [2023-05-25T05:00:53.219+0000] {dagbag.py:538} INFO - Filling up the DagBag from /home/airflow/.local/lib/python3.7/site-packages/airflow/example_dags/example_short_circuit_operator.py
[2023-05-25T05:00:53.244+0000] {processor.py:753} INFO - DAG(s) dict_keys(['example_short_circuit_operator']) retrieved from /home/airflow/.local/lib/python3.7/site-packages/airflow/example_dags/example_short_circuit_operator.py
[2023-05-25T05:00:53.294+0000] {logging_mixin.py:137} INFO - [2023-05-25T05:00:53.294+0000] {dag.py:2690} INFO - Sync 1 DAGs
[2023-05-25T05:00:53.337+0000] {logging_mixin.py:137} INFO - [2023-05-25T05:00:53.337+0000] {dag.py:3441} INFO - Setting next_dagrun for example_short_circuit_operator to 2023-05-24T05:00:53.337237+00:00, run_after=2023-05-25T05:00:53.337237+00:00
[2023-05-25T05:00:53.370+0000] {processor.py:175} INFO - Processing /home/airflow/.local/lib/python3.7/site-packages/airflow/example_dags/example_short_circuit_operator.py took 0.165 seconds
[2023-05-25T05:01:25.004+0000] {processor.py:153} INFO - Started process (PID=2270) to work on /home/airflow/.local/lib/python3.7/site-packages/airflow/example_dags/example_short_circuit_operator.py
[2023-05-25T05:01:25.009+0000] {processor.py:743} INFO - Processing file /home/airflow/.local/lib/python3.7/site-packages/airflow/example_dags/example_short_circuit_operator.py for tasks to queue
[2023-05-25T05:01:25.014+0000] {logging_mixin.py:137} INFO - [2023-05-25T05:01:25.014+0000] {dagbag.py:538} INFO - Filling up the DagBag from /home/airflow/.local/lib/python3.7/site-packages/airflow/example_dags/example_short_circuit_operator.py
[2023-05-25T05:01:25.067+0000] {processor.py:753} INFO - DAG(s) dict_keys(['example_short_circuit_operator']) retrieved from /home/airflow/.local/lib/python3.7/site-packages/airflow/example_dags/example_short_circuit_operator.py
[2023-05-25T05:01:25.161+0000] {logging_mixin.py:137} INFO - [2023-05-25T05:01:25.159+0000] {dag.py:2690} INFO - Sync 1 DAGs
[2023-05-25T05:01:25.229+0000] {logging_mixin.py:137} INFO - [2023-05-25T05:01:25.229+0000] {dag.py:3441} INFO - Setting next_dagrun for example_short_circuit_operator to 2023-05-24T05:01:25.229026+00:00, run_after=2023-05-25T05:01:25.229026+00:00
[2023-05-25T05:01:25.279+0000] {processor.py:175} INFO - Processing /home/airflow/.local/lib/python3.7/site-packages/airflow/example_dags/example_short_circuit_operator.py took 0.286 seconds
[2023-05-25T05:01:56.301+0000] {processor.py:153} INFO - Started process (PID=2329) to work on /home/airflow/.local/lib/python3.7/site-packages/airflow/example_dags/example_short_circuit_operator.py
[2023-05-25T05:01:56.312+0000] {processor.py:743} INFO - Processing file /home/airflow/.local/lib/python3.7/site-packages/airflow/example_dags/example_short_circuit_operator.py for tasks to queue
[2023-05-25T05:01:56.320+0000] {logging_mixin.py:137} INFO - [2023-05-25T05:01:56.320+0000] {dagbag.py:538} INFO - Filling up the DagBag from /home/airflow/.local/lib/python3.7/site-packages/airflow/example_dags/example_short_circuit_operator.py
[2023-05-25T05:01:56.361+0000] {processor.py:753} INFO - DAG(s) dict_keys(['example_short_circuit_operator']) retrieved from /home/airflow/.local/lib/python3.7/site-packages/airflow/example_dags/example_short_circuit_operator.py
[2023-05-25T05:01:56.409+0000] {logging_mixin.py:137} INFO - [2023-05-25T05:01:56.409+0000] {dag.py:2690} INFO - Sync 1 DAGs
[2023-05-25T05:01:56.470+0000] {logging_mixin.py:137} INFO - [2023-05-25T05:01:56.470+0000] {dag.py:3441} INFO - Setting next_dagrun for example_short_circuit_operator to 2023-05-24T05:01:56.470183+00:00, run_after=2023-05-25T05:01:56.470183+00:00
[2023-05-25T05:01:56.507+0000] {processor.py:175} INFO - Processing /home/airflow/.local/lib/python3.7/site-packages/airflow/example_dags/example_short_circuit_operator.py took 0.223 seconds
[2023-05-25T05:02:26.611+0000] {processor.py:153} INFO - Started process (PID=2388) to work on /home/airflow/.local/lib/python3.7/site-packages/airflow/example_dags/example_short_circuit_operator.py
[2023-05-25T05:02:26.616+0000] {processor.py:743} INFO - Processing file /home/airflow/.local/lib/python3.7/site-packages/airflow/example_dags/example_short_circuit_operator.py for tasks to queue
[2023-05-25T05:02:26.619+0000] {logging_mixin.py:137} INFO - [2023-05-25T05:02:26.619+0000] {dagbag.py:538} INFO - Filling up the DagBag from /home/airflow/.local/lib/python3.7/site-packages/airflow/example_dags/example_short_circuit_operator.py
[2023-05-25T05:02:26.683+0000] {processor.py:753} INFO - DAG(s) dict_keys(['example_short_circuit_operator']) retrieved from /home/airflow/.local/lib/python3.7/site-packages/airflow/example_dags/example_short_circuit_operator.py
[2023-05-25T05:02:26.746+0000] {logging_mixin.py:137} INFO - [2023-05-25T05:02:26.746+0000] {dag.py:2690} INFO - Sync 1 DAGs
[2023-05-25T05:02:26.791+0000] {logging_mixin.py:137} INFO - [2023-05-25T05:02:26.790+0000] {dag.py:3441} INFO - Setting next_dagrun for example_short_circuit_operator to 2023-05-24T05:02:26.790417+00:00, run_after=2023-05-25T05:02:26.790417+00:00
[2023-05-25T05:02:26.818+0000] {processor.py:175} INFO - Processing /home/airflow/.local/lib/python3.7/site-packages/airflow/example_dags/example_short_circuit_operator.py took 0.213 seconds
[2023-05-25T05:02:59.163+0000] {processor.py:153} INFO - Started process (PID=2447) to work on /home/airflow/.local/lib/python3.7/site-packages/airflow/example_dags/example_short_circuit_operator.py
[2023-05-25T05:02:59.186+0000] {processor.py:743} INFO - Processing file /home/airflow/.local/lib/python3.7/site-packages/airflow/example_dags/example_short_circuit_operator.py for tasks to queue
[2023-05-25T05:02:59.189+0000] {logging_mixin.py:137} INFO - [2023-05-25T05:02:59.189+0000] {dagbag.py:538} INFO - Filling up the DagBag from /home/airflow/.local/lib/python3.7/site-packages/airflow/example_dags/example_short_circuit_operator.py
[2023-05-25T05:02:59.348+0000] {processor.py:753} INFO - DAG(s) dict_keys(['example_short_circuit_operator']) retrieved from /home/airflow/.local/lib/python3.7/site-packages/airflow/example_dags/example_short_circuit_operator.py
[2023-05-25T05:02:59.459+0000] {logging_mixin.py:137} INFO - [2023-05-25T05:02:59.458+0000] {dag.py:2690} INFO - Sync 1 DAGs
[2023-05-25T05:02:59.610+0000] {logging_mixin.py:137} INFO - [2023-05-25T05:02:59.606+0000] {dag.py:3441} INFO - Setting next_dagrun for example_short_circuit_operator to 2023-05-24T05:02:59.602243+00:00, run_after=2023-05-25T05:02:59.602243+00:00
[2023-05-25T05:02:59.922+0000] {processor.py:175} INFO - Processing /home/airflow/.local/lib/python3.7/site-packages/airflow/example_dags/example_short_circuit_operator.py took 0.812 seconds
