[2023-05-25T04:36:04.587+0000] {processor.py:153} INFO - Started process (PID=115) to work on /home/airflow/.local/lib/python3.7/site-packages/airflow/example_dags/example_branch_operator_decorator.py
[2023-05-25T04:36:04.614+0000] {processor.py:743} INFO - Processing file /home/airflow/.local/lib/python3.7/site-packages/airflow/example_dags/example_branch_operator_decorator.py for tasks to queue
[2023-05-25T04:36:04.622+0000] {logging_mixin.py:137} INFO - [2023-05-25T04:36:04.618+0000] {dagbag.py:538} INFO - Filling up the DagBag from /home/airflow/.local/lib/python3.7/site-packages/airflow/example_dags/example_branch_operator_decorator.py
[2023-05-25T04:36:04.833+0000] {processor.py:753} INFO - DAG(s) dict_keys(['example_branch_python_operator_decorator']) retrieved from /home/airflow/.local/lib/python3.7/site-packages/airflow/example_dags/example_branch_operator_decorator.py
[2023-05-25T04:36:05.540+0000] {logging_mixin.py:137} INFO - [2023-05-25T04:36:05.530+0000] {dag.py:2690} INFO - Sync 1 DAGs
[2023-05-25T04:36:06.183+0000] {logging_mixin.py:137} INFO - [2023-05-25T04:36:06.182+0000] {dag.py:3441} INFO - Setting next_dagrun for example_branch_python_operator_decorator to 2023-05-24T00:00:00+00:00, run_after=2023-05-25T00:00:00+00:00
[2023-05-25T04:36:06.491+0000] {processor.py:175} INFO - Processing /home/airflow/.local/lib/python3.7/site-packages/airflow/example_dags/example_branch_operator_decorator.py took 1.984 seconds
[2023-05-25T04:36:37.146+0000] {processor.py:153} INFO - Started process (PID=165) to work on /home/airflow/.local/lib/python3.7/site-packages/airflow/example_dags/example_branch_operator_decorator.py
[2023-05-25T04:36:37.148+0000] {processor.py:743} INFO - Processing file /home/airflow/.local/lib/python3.7/site-packages/airflow/example_dags/example_branch_operator_decorator.py for tasks to queue
[2023-05-25T04:36:37.150+0000] {logging_mixin.py:137} INFO - [2023-05-25T04:36:37.150+0000] {dagbag.py:538} INFO - Filling up the DagBag from /home/airflow/.local/lib/python3.7/site-packages/airflow/example_dags/example_branch_operator_decorator.py
[2023-05-25T04:36:37.302+0000] {processor.py:753} INFO - DAG(s) dict_keys(['example_branch_python_operator_decorator']) retrieved from /home/airflow/.local/lib/python3.7/site-packages/airflow/example_dags/example_branch_operator_decorator.py
[2023-05-25T04:36:37.530+0000] {logging_mixin.py:137} INFO - [2023-05-25T04:36:37.530+0000] {dag.py:2690} INFO - Sync 1 DAGs
[2023-05-25T04:36:37.819+0000] {logging_mixin.py:137} INFO - [2023-05-25T04:36:37.810+0000] {dag.py:3441} INFO - Setting next_dagrun for example_branch_python_operator_decorator to 2023-05-24T00:00:00+00:00, run_after=2023-05-25T00:00:00+00:00
[2023-05-25T04:36:38.144+0000] {processor.py:175} INFO - Processing /home/airflow/.local/lib/python3.7/site-packages/airflow/example_dags/example_branch_operator_decorator.py took 1.018 seconds
[2023-05-25T04:38:30.111+0000] {processor.py:153} INFO - Started process (PID=272) to work on /home/airflow/.local/lib/python3.7/site-packages/airflow/example_dags/example_branch_operator_decorator.py
[2023-05-25T04:38:30.136+0000] {processor.py:743} INFO - Processing file /home/airflow/.local/lib/python3.7/site-packages/airflow/example_dags/example_branch_operator_decorator.py for tasks to queue
[2023-05-25T04:38:30.153+0000] {logging_mixin.py:137} INFO - [2023-05-25T04:38:30.152+0000] {dagbag.py:538} INFO - Filling up the DagBag from /home/airflow/.local/lib/python3.7/site-packages/airflow/example_dags/example_branch_operator_decorator.py
[2023-05-25T04:38:31.409+0000] {processor.py:753} INFO - DAG(s) dict_keys(['example_branch_python_operator_decorator']) retrieved from /home/airflow/.local/lib/python3.7/site-packages/airflow/example_dags/example_branch_operator_decorator.py
[2023-05-25T04:38:32.024+0000] {logging_mixin.py:137} INFO - [2023-05-25T04:38:32.019+0000] {dag.py:2690} INFO - Sync 1 DAGs
[2023-05-25T04:38:33.907+0000] {logging_mixin.py:137} INFO - [2023-05-25T04:38:33.906+0000] {dag.py:3441} INFO - Setting next_dagrun for example_branch_python_operator_decorator to 2023-05-24T00:00:00+00:00, run_after=2023-05-25T00:00:00+00:00
[2023-05-25T04:38:35.700+0000] {processor.py:175} INFO - Processing /home/airflow/.local/lib/python3.7/site-packages/airflow/example_dags/example_branch_operator_decorator.py took 5.681 seconds
[2023-05-25T04:39:07.199+0000] {processor.py:153} INFO - Started process (PID=324) to work on /home/airflow/.local/lib/python3.7/site-packages/airflow/example_dags/example_branch_operator_decorator.py
[2023-05-25T04:39:07.210+0000] {processor.py:743} INFO - Processing file /home/airflow/.local/lib/python3.7/site-packages/airflow/example_dags/example_branch_operator_decorator.py for tasks to queue
[2023-05-25T04:39:07.231+0000] {logging_mixin.py:137} INFO - [2023-05-25T04:39:07.218+0000] {dagbag.py:538} INFO - Filling up the DagBag from /home/airflow/.local/lib/python3.7/site-packages/airflow/example_dags/example_branch_operator_decorator.py
[2023-05-25T04:39:07.725+0000] {processor.py:753} INFO - DAG(s) dict_keys(['example_branch_python_operator_decorator']) retrieved from /home/airflow/.local/lib/python3.7/site-packages/airflow/example_dags/example_branch_operator_decorator.py
[2023-05-25T04:39:08.144+0000] {logging_mixin.py:137} INFO - [2023-05-25T04:39:08.142+0000] {dag.py:2690} INFO - Sync 1 DAGs
[2023-05-25T04:39:08.521+0000] {logging_mixin.py:137} INFO - [2023-05-25T04:39:08.521+0000] {dag.py:3441} INFO - Setting next_dagrun for example_branch_python_operator_decorator to 2023-05-24T00:00:00+00:00, run_after=2023-05-25T00:00:00+00:00
[2023-05-25T04:39:08.939+0000] {processor.py:175} INFO - Processing /home/airflow/.local/lib/python3.7/site-packages/airflow/example_dags/example_branch_operator_decorator.py took 1.809 seconds
[2023-05-25T04:42:21.171+0000] {processor.py:153} INFO - Started process (PID=90) to work on /home/airflow/.local/lib/python3.7/site-packages/airflow/example_dags/example_branch_operator_decorator.py
[2023-05-25T04:42:21.180+0000] {processor.py:743} INFO - Processing file /home/airflow/.local/lib/python3.7/site-packages/airflow/example_dags/example_branch_operator_decorator.py for tasks to queue
[2023-05-25T04:42:21.183+0000] {logging_mixin.py:137} INFO - [2023-05-25T04:42:21.182+0000] {dagbag.py:538} INFO - Filling up the DagBag from /home/airflow/.local/lib/python3.7/site-packages/airflow/example_dags/example_branch_operator_decorator.py
[2023-05-25T04:42:21.297+0000] {processor.py:753} INFO - DAG(s) dict_keys(['example_branch_python_operator_decorator']) retrieved from /home/airflow/.local/lib/python3.7/site-packages/airflow/example_dags/example_branch_operator_decorator.py
[2023-05-25T04:42:21.498+0000] {logging_mixin.py:137} INFO - [2023-05-25T04:42:21.496+0000] {dag.py:2690} INFO - Sync 1 DAGs
[2023-05-25T04:42:21.588+0000] {logging_mixin.py:137} INFO - [2023-05-25T04:42:21.588+0000] {dag.py:3441} INFO - Setting next_dagrun for example_branch_python_operator_decorator to 2023-05-24T00:00:00+00:00, run_after=2023-05-25T00:00:00+00:00
[2023-05-25T04:42:21.615+0000] {processor.py:175} INFO - Processing /home/airflow/.local/lib/python3.7/site-packages/airflow/example_dags/example_branch_operator_decorator.py took 0.459 seconds
[2023-05-25T04:42:53.838+0000] {processor.py:153} INFO - Started process (PID=150) to work on /home/airflow/.local/lib/python3.7/site-packages/airflow/example_dags/example_branch_operator_decorator.py
[2023-05-25T04:42:53.863+0000] {processor.py:743} INFO - Processing file /home/airflow/.local/lib/python3.7/site-packages/airflow/example_dags/example_branch_operator_decorator.py for tasks to queue
[2023-05-25T04:42:53.871+0000] {logging_mixin.py:137} INFO - [2023-05-25T04:42:53.871+0000] {dagbag.py:538} INFO - Filling up the DagBag from /home/airflow/.local/lib/python3.7/site-packages/airflow/example_dags/example_branch_operator_decorator.py
[2023-05-25T04:42:54.004+0000] {processor.py:753} INFO - DAG(s) dict_keys(['example_branch_python_operator_decorator']) retrieved from /home/airflow/.local/lib/python3.7/site-packages/airflow/example_dags/example_branch_operator_decorator.py
[2023-05-25T04:42:54.055+0000] {logging_mixin.py:137} INFO - [2023-05-25T04:42:54.055+0000] {dag.py:2690} INFO - Sync 1 DAGs
[2023-05-25T04:42:54.227+0000] {logging_mixin.py:137} INFO - [2023-05-25T04:42:54.227+0000] {dag.py:3441} INFO - Setting next_dagrun for example_branch_python_operator_decorator to 2023-05-24T00:00:00+00:00, run_after=2023-05-25T00:00:00+00:00
[2023-05-25T04:42:54.379+0000] {processor.py:175} INFO - Processing /home/airflow/.local/lib/python3.7/site-packages/airflow/example_dags/example_branch_operator_decorator.py took 0.544 seconds
[2023-05-25T04:43:24.574+0000] {processor.py:153} INFO - Started process (PID=207) to work on /home/airflow/.local/lib/python3.7/site-packages/airflow/example_dags/example_branch_operator_decorator.py
[2023-05-25T04:43:24.584+0000] {processor.py:743} INFO - Processing file /home/airflow/.local/lib/python3.7/site-packages/airflow/example_dags/example_branch_operator_decorator.py for tasks to queue
[2023-05-25T04:43:24.586+0000] {logging_mixin.py:137} INFO - [2023-05-25T04:43:24.586+0000] {dagbag.py:538} INFO - Filling up the DagBag from /home/airflow/.local/lib/python3.7/site-packages/airflow/example_dags/example_branch_operator_decorator.py
[2023-05-25T04:43:24.664+0000] {processor.py:753} INFO - DAG(s) dict_keys(['example_branch_python_operator_decorator']) retrieved from /home/airflow/.local/lib/python3.7/site-packages/airflow/example_dags/example_branch_operator_decorator.py
[2023-05-25T04:43:24.732+0000] {logging_mixin.py:137} INFO - [2023-05-25T04:43:24.731+0000] {dag.py:2690} INFO - Sync 1 DAGs
[2023-05-25T04:43:24.780+0000] {logging_mixin.py:137} INFO - [2023-05-25T04:43:24.779+0000] {dag.py:3441} INFO - Setting next_dagrun for example_branch_python_operator_decorator to 2023-05-24T00:00:00+00:00, run_after=2023-05-25T00:00:00+00:00
[2023-05-25T04:43:24.814+0000] {processor.py:175} INFO - Processing /home/airflow/.local/lib/python3.7/site-packages/airflow/example_dags/example_branch_operator_decorator.py took 0.245 seconds
[2023-05-25T04:43:55.836+0000] {processor.py:153} INFO - Started process (PID=260) to work on /home/airflow/.local/lib/python3.7/site-packages/airflow/example_dags/example_branch_operator_decorator.py
[2023-05-25T04:43:55.842+0000] {processor.py:743} INFO - Processing file /home/airflow/.local/lib/python3.7/site-packages/airflow/example_dags/example_branch_operator_decorator.py for tasks to queue
[2023-05-25T04:43:55.845+0000] {logging_mixin.py:137} INFO - [2023-05-25T04:43:55.844+0000] {dagbag.py:538} INFO - Filling up the DagBag from /home/airflow/.local/lib/python3.7/site-packages/airflow/example_dags/example_branch_operator_decorator.py
[2023-05-25T04:43:55.894+0000] {processor.py:753} INFO - DAG(s) dict_keys(['example_branch_python_operator_decorator']) retrieved from /home/airflow/.local/lib/python3.7/site-packages/airflow/example_dags/example_branch_operator_decorator.py
[2023-05-25T04:43:55.924+0000] {logging_mixin.py:137} INFO - [2023-05-25T04:43:55.923+0000] {dag.py:2690} INFO - Sync 1 DAGs
[2023-05-25T04:43:56.010+0000] {logging_mixin.py:137} INFO - [2023-05-25T04:43:56.009+0000] {dag.py:3441} INFO - Setting next_dagrun for example_branch_python_operator_decorator to 2023-05-24T00:00:00+00:00, run_after=2023-05-25T00:00:00+00:00
[2023-05-25T04:43:56.056+0000] {processor.py:175} INFO - Processing /home/airflow/.local/lib/python3.7/site-packages/airflow/example_dags/example_branch_operator_decorator.py took 0.225 seconds
[2023-05-25T04:44:26.710+0000] {processor.py:153} INFO - Started process (PID=331) to work on /home/airflow/.local/lib/python3.7/site-packages/airflow/example_dags/example_branch_operator_decorator.py
[2023-05-25T04:44:26.713+0000] {processor.py:743} INFO - Processing file /home/airflow/.local/lib/python3.7/site-packages/airflow/example_dags/example_branch_operator_decorator.py for tasks to queue
[2023-05-25T04:44:26.715+0000] {logging_mixin.py:137} INFO - [2023-05-25T04:44:26.715+0000] {dagbag.py:538} INFO - Filling up the DagBag from /home/airflow/.local/lib/python3.7/site-packages/airflow/example_dags/example_branch_operator_decorator.py
[2023-05-25T04:44:26.871+0000] {processor.py:753} INFO - DAG(s) dict_keys(['example_branch_python_operator_decorator']) retrieved from /home/airflow/.local/lib/python3.7/site-packages/airflow/example_dags/example_branch_operator_decorator.py
[2023-05-25T04:44:26.991+0000] {logging_mixin.py:137} INFO - [2023-05-25T04:44:26.991+0000] {dag.py:2690} INFO - Sync 1 DAGs
[2023-05-25T04:44:27.164+0000] {logging_mixin.py:137} INFO - [2023-05-25T04:44:27.162+0000] {dag.py:3441} INFO - Setting next_dagrun for example_branch_python_operator_decorator to 2023-05-24T00:00:00+00:00, run_after=2023-05-25T00:00:00+00:00
[2023-05-25T04:44:27.248+0000] {processor.py:175} INFO - Processing /home/airflow/.local/lib/python3.7/site-packages/airflow/example_dags/example_branch_operator_decorator.py took 0.538 seconds
[2023-05-25T04:44:57.733+0000] {processor.py:153} INFO - Started process (PID=391) to work on /home/airflow/.local/lib/python3.7/site-packages/airflow/example_dags/example_branch_operator_decorator.py
[2023-05-25T04:44:57.736+0000] {processor.py:743} INFO - Processing file /home/airflow/.local/lib/python3.7/site-packages/airflow/example_dags/example_branch_operator_decorator.py for tasks to queue
[2023-05-25T04:44:57.738+0000] {logging_mixin.py:137} INFO - [2023-05-25T04:44:57.738+0000] {dagbag.py:538} INFO - Filling up the DagBag from /home/airflow/.local/lib/python3.7/site-packages/airflow/example_dags/example_branch_operator_decorator.py
[2023-05-25T04:44:57.783+0000] {processor.py:753} INFO - DAG(s) dict_keys(['example_branch_python_operator_decorator']) retrieved from /home/airflow/.local/lib/python3.7/site-packages/airflow/example_dags/example_branch_operator_decorator.py
[2023-05-25T04:44:57.824+0000] {logging_mixin.py:137} INFO - [2023-05-25T04:44:57.824+0000] {dag.py:2690} INFO - Sync 1 DAGs
[2023-05-25T04:44:57.859+0000] {logging_mixin.py:137} INFO - [2023-05-25T04:44:57.859+0000] {dag.py:3441} INFO - Setting next_dagrun for example_branch_python_operator_decorator to 2023-05-24T00:00:00+00:00, run_after=2023-05-25T00:00:00+00:00
[2023-05-25T04:44:57.893+0000] {processor.py:175} INFO - Processing /home/airflow/.local/lib/python3.7/site-packages/airflow/example_dags/example_branch_operator_decorator.py took 0.165 seconds
[2023-05-25T04:45:31.579+0000] {processor.py:153} INFO - Started process (PID=459) to work on /home/airflow/.local/lib/python3.7/site-packages/airflow/example_dags/example_branch_operator_decorator.py
[2023-05-25T04:45:31.607+0000] {processor.py:743} INFO - Processing file /home/airflow/.local/lib/python3.7/site-packages/airflow/example_dags/example_branch_operator_decorator.py for tasks to queue
[2023-05-25T04:45:31.618+0000] {logging_mixin.py:137} INFO - [2023-05-25T04:45:31.618+0000] {dagbag.py:538} INFO - Filling up the DagBag from /home/airflow/.local/lib/python3.7/site-packages/airflow/example_dags/example_branch_operator_decorator.py
[2023-05-25T04:45:31.959+0000] {processor.py:753} INFO - DAG(s) dict_keys(['example_branch_python_operator_decorator']) retrieved from /home/airflow/.local/lib/python3.7/site-packages/airflow/example_dags/example_branch_operator_decorator.py
[2023-05-25T04:45:32.156+0000] {logging_mixin.py:137} INFO - [2023-05-25T04:45:32.156+0000] {dag.py:2690} INFO - Sync 1 DAGs
[2023-05-25T04:45:32.303+0000] {logging_mixin.py:137} INFO - [2023-05-25T04:45:32.303+0000] {dag.py:3441} INFO - Setting next_dagrun for example_branch_python_operator_decorator to 2023-05-24T00:00:00+00:00, run_after=2023-05-25T00:00:00+00:00
[2023-05-25T04:45:32.441+0000] {processor.py:175} INFO - Processing /home/airflow/.local/lib/python3.7/site-packages/airflow/example_dags/example_branch_operator_decorator.py took 0.890 seconds
[2023-05-25T04:46:02.560+0000] {processor.py:153} INFO - Started process (PID=513) to work on /home/airflow/.local/lib/python3.7/site-packages/airflow/example_dags/example_branch_operator_decorator.py
[2023-05-25T04:46:02.564+0000] {processor.py:743} INFO - Processing file /home/airflow/.local/lib/python3.7/site-packages/airflow/example_dags/example_branch_operator_decorator.py for tasks to queue
[2023-05-25T04:46:02.568+0000] {logging_mixin.py:137} INFO - [2023-05-25T04:46:02.567+0000] {dagbag.py:538} INFO - Filling up the DagBag from /home/airflow/.local/lib/python3.7/site-packages/airflow/example_dags/example_branch_operator_decorator.py
[2023-05-25T04:46:02.605+0000] {processor.py:753} INFO - DAG(s) dict_keys(['example_branch_python_operator_decorator']) retrieved from /home/airflow/.local/lib/python3.7/site-packages/airflow/example_dags/example_branch_operator_decorator.py
[2023-05-25T04:46:02.644+0000] {logging_mixin.py:137} INFO - [2023-05-25T04:46:02.644+0000] {dag.py:2690} INFO - Sync 1 DAGs
[2023-05-25T04:46:02.680+0000] {logging_mixin.py:137} INFO - [2023-05-25T04:46:02.680+0000] {dag.py:3441} INFO - Setting next_dagrun for example_branch_python_operator_decorator to 2023-05-24T00:00:00+00:00, run_after=2023-05-25T00:00:00+00:00
[2023-05-25T04:46:02.708+0000] {processor.py:175} INFO - Processing /home/airflow/.local/lib/python3.7/site-packages/airflow/example_dags/example_branch_operator_decorator.py took 0.155 seconds
[2023-05-25T04:46:34.081+0000] {processor.py:153} INFO - Started process (PID=585) to work on /home/airflow/.local/lib/python3.7/site-packages/airflow/example_dags/example_branch_operator_decorator.py
[2023-05-25T04:46:34.093+0000] {processor.py:743} INFO - Processing file /home/airflow/.local/lib/python3.7/site-packages/airflow/example_dags/example_branch_operator_decorator.py for tasks to queue
[2023-05-25T04:46:34.101+0000] {logging_mixin.py:137} INFO - [2023-05-25T04:46:34.100+0000] {dagbag.py:538} INFO - Filling up the DagBag from /home/airflow/.local/lib/python3.7/site-packages/airflow/example_dags/example_branch_operator_decorator.py
[2023-05-25T04:46:34.291+0000] {processor.py:753} INFO - DAG(s) dict_keys(['example_branch_python_operator_decorator']) retrieved from /home/airflow/.local/lib/python3.7/site-packages/airflow/example_dags/example_branch_operator_decorator.py
[2023-05-25T04:46:34.435+0000] {logging_mixin.py:137} INFO - [2023-05-25T04:46:34.435+0000] {dag.py:2690} INFO - Sync 1 DAGs
[2023-05-25T04:46:34.595+0000] {logging_mixin.py:137} INFO - [2023-05-25T04:46:34.593+0000] {dag.py:3441} INFO - Setting next_dagrun for example_branch_python_operator_decorator to 2023-05-24T00:00:00+00:00, run_after=2023-05-25T00:00:00+00:00
[2023-05-25T04:46:34.795+0000] {processor.py:175} INFO - Processing /home/airflow/.local/lib/python3.7/site-packages/airflow/example_dags/example_branch_operator_decorator.py took 0.754 seconds
[2023-05-25T04:47:44.474+0000] {processor.py:153} INFO - Started process (PID=690) to work on /home/airflow/.local/lib/python3.7/site-packages/airflow/example_dags/example_branch_operator_decorator.py
[2023-05-25T04:47:44.478+0000] {processor.py:743} INFO - Processing file /home/airflow/.local/lib/python3.7/site-packages/airflow/example_dags/example_branch_operator_decorator.py for tasks to queue
[2023-05-25T04:47:44.484+0000] {logging_mixin.py:137} INFO - [2023-05-25T04:47:44.483+0000] {dagbag.py:538} INFO - Filling up the DagBag from /home/airflow/.local/lib/python3.7/site-packages/airflow/example_dags/example_branch_operator_decorator.py
[2023-05-25T04:47:44.576+0000] {processor.py:753} INFO - DAG(s) dict_keys(['example_branch_python_operator_decorator']) retrieved from /home/airflow/.local/lib/python3.7/site-packages/airflow/example_dags/example_branch_operator_decorator.py
[2023-05-25T04:47:44.657+0000] {logging_mixin.py:137} INFO - [2023-05-25T04:47:44.657+0000] {dag.py:2690} INFO - Sync 1 DAGs
[2023-05-25T04:47:44.749+0000] {logging_mixin.py:137} INFO - [2023-05-25T04:47:44.749+0000] {dag.py:3441} INFO - Setting next_dagrun for example_branch_python_operator_decorator to 2023-05-24T00:00:00+00:00, run_after=2023-05-25T00:00:00+00:00
[2023-05-25T04:47:44.807+0000] {processor.py:175} INFO - Processing /home/airflow/.local/lib/python3.7/site-packages/airflow/example_dags/example_branch_operator_decorator.py took 0.338 seconds
[2023-05-25T04:48:15.668+0000] {processor.py:153} INFO - Started process (PID=750) to work on /home/airflow/.local/lib/python3.7/site-packages/airflow/example_dags/example_branch_operator_decorator.py
[2023-05-25T04:48:15.672+0000] {processor.py:743} INFO - Processing file /home/airflow/.local/lib/python3.7/site-packages/airflow/example_dags/example_branch_operator_decorator.py for tasks to queue
[2023-05-25T04:48:15.674+0000] {logging_mixin.py:137} INFO - [2023-05-25T04:48:15.674+0000] {dagbag.py:538} INFO - Filling up the DagBag from /home/airflow/.local/lib/python3.7/site-packages/airflow/example_dags/example_branch_operator_decorator.py
[2023-05-25T04:48:15.711+0000] {processor.py:753} INFO - DAG(s) dict_keys(['example_branch_python_operator_decorator']) retrieved from /home/airflow/.local/lib/python3.7/site-packages/airflow/example_dags/example_branch_operator_decorator.py
[2023-05-25T04:48:15.750+0000] {logging_mixin.py:137} INFO - [2023-05-25T04:48:15.750+0000] {dag.py:2690} INFO - Sync 1 DAGs
[2023-05-25T04:48:15.788+0000] {logging_mixin.py:137} INFO - [2023-05-25T04:48:15.787+0000] {dag.py:3441} INFO - Setting next_dagrun for example_branch_python_operator_decorator to 2023-05-24T00:00:00+00:00, run_after=2023-05-25T00:00:00+00:00
[2023-05-25T04:48:15.830+0000] {processor.py:175} INFO - Processing /home/airflow/.local/lib/python3.7/site-packages/airflow/example_dags/example_branch_operator_decorator.py took 0.170 seconds
[2023-05-25T04:48:47.357+0000] {processor.py:153} INFO - Started process (PID=814) to work on /home/airflow/.local/lib/python3.7/site-packages/airflow/example_dags/example_branch_operator_decorator.py
[2023-05-25T04:48:47.360+0000] {processor.py:743} INFO - Processing file /home/airflow/.local/lib/python3.7/site-packages/airflow/example_dags/example_branch_operator_decorator.py for tasks to queue
[2023-05-25T04:48:47.365+0000] {logging_mixin.py:137} INFO - [2023-05-25T04:48:47.364+0000] {dagbag.py:538} INFO - Filling up the DagBag from /home/airflow/.local/lib/python3.7/site-packages/airflow/example_dags/example_branch_operator_decorator.py
[2023-05-25T04:48:47.429+0000] {processor.py:753} INFO - DAG(s) dict_keys(['example_branch_python_operator_decorator']) retrieved from /home/airflow/.local/lib/python3.7/site-packages/airflow/example_dags/example_branch_operator_decorator.py
[2023-05-25T04:48:47.506+0000] {logging_mixin.py:137} INFO - [2023-05-25T04:48:47.506+0000] {dag.py:2690} INFO - Sync 1 DAGs
[2023-05-25T04:48:47.590+0000] {logging_mixin.py:137} INFO - [2023-05-25T04:48:47.590+0000] {dag.py:3441} INFO - Setting next_dagrun for example_branch_python_operator_decorator to 2023-05-24T00:00:00+00:00, run_after=2023-05-25T00:00:00+00:00
[2023-05-25T04:48:47.649+0000] {processor.py:175} INFO - Processing /home/airflow/.local/lib/python3.7/site-packages/airflow/example_dags/example_branch_operator_decorator.py took 0.301 seconds
[2023-05-25T04:49:17.890+0000] {processor.py:153} INFO - Started process (PID=882) to work on /home/airflow/.local/lib/python3.7/site-packages/airflow/example_dags/example_branch_operator_decorator.py
[2023-05-25T04:49:17.898+0000] {processor.py:743} INFO - Processing file /home/airflow/.local/lib/python3.7/site-packages/airflow/example_dags/example_branch_operator_decorator.py for tasks to queue
[2023-05-25T04:49:17.903+0000] {logging_mixin.py:137} INFO - [2023-05-25T04:49:17.903+0000] {dagbag.py:538} INFO - Filling up the DagBag from /home/airflow/.local/lib/python3.7/site-packages/airflow/example_dags/example_branch_operator_decorator.py
[2023-05-25T04:49:17.955+0000] {processor.py:753} INFO - DAG(s) dict_keys(['example_branch_python_operator_decorator']) retrieved from /home/airflow/.local/lib/python3.7/site-packages/airflow/example_dags/example_branch_operator_decorator.py
[2023-05-25T04:49:18.025+0000] {logging_mixin.py:137} INFO - [2023-05-25T04:49:18.025+0000] {dag.py:2690} INFO - Sync 1 DAGs
[2023-05-25T04:49:18.085+0000] {logging_mixin.py:137} INFO - [2023-05-25T04:49:18.085+0000] {dag.py:3441} INFO - Setting next_dagrun for example_branch_python_operator_decorator to 2023-05-24T00:00:00+00:00, run_after=2023-05-25T00:00:00+00:00
[2023-05-25T04:49:18.142+0000] {processor.py:175} INFO - Processing /home/airflow/.local/lib/python3.7/site-packages/airflow/example_dags/example_branch_operator_decorator.py took 0.266 seconds
[2023-05-25T04:49:48.536+0000] {processor.py:153} INFO - Started process (PID=945) to work on /home/airflow/.local/lib/python3.7/site-packages/airflow/example_dags/example_branch_operator_decorator.py
[2023-05-25T04:49:48.548+0000] {processor.py:743} INFO - Processing file /home/airflow/.local/lib/python3.7/site-packages/airflow/example_dags/example_branch_operator_decorator.py for tasks to queue
[2023-05-25T04:49:48.555+0000] {logging_mixin.py:137} INFO - [2023-05-25T04:49:48.552+0000] {dagbag.py:538} INFO - Filling up the DagBag from /home/airflow/.local/lib/python3.7/site-packages/airflow/example_dags/example_branch_operator_decorator.py
[2023-05-25T04:49:48.642+0000] {processor.py:753} INFO - DAG(s) dict_keys(['example_branch_python_operator_decorator']) retrieved from /home/airflow/.local/lib/python3.7/site-packages/airflow/example_dags/example_branch_operator_decorator.py
[2023-05-25T04:49:48.697+0000] {logging_mixin.py:137} INFO - [2023-05-25T04:49:48.697+0000] {dag.py:2690} INFO - Sync 1 DAGs
[2023-05-25T04:49:48.752+0000] {logging_mixin.py:137} INFO - [2023-05-25T04:49:48.752+0000] {dag.py:3441} INFO - Setting next_dagrun for example_branch_python_operator_decorator to 2023-05-24T00:00:00+00:00, run_after=2023-05-25T00:00:00+00:00
[2023-05-25T04:49:48.786+0000] {processor.py:175} INFO - Processing /home/airflow/.local/lib/python3.7/site-packages/airflow/example_dags/example_branch_operator_decorator.py took 0.270 seconds
[2023-05-25T04:50:19.808+0000] {processor.py:153} INFO - Started process (PID=1006) to work on /home/airflow/.local/lib/python3.7/site-packages/airflow/example_dags/example_branch_operator_decorator.py
[2023-05-25T04:50:19.825+0000] {processor.py:743} INFO - Processing file /home/airflow/.local/lib/python3.7/site-packages/airflow/example_dags/example_branch_operator_decorator.py for tasks to queue
[2023-05-25T04:50:19.829+0000] {logging_mixin.py:137} INFO - [2023-05-25T04:50:19.829+0000] {dagbag.py:538} INFO - Filling up the DagBag from /home/airflow/.local/lib/python3.7/site-packages/airflow/example_dags/example_branch_operator_decorator.py
[2023-05-25T04:50:20.034+0000] {processor.py:753} INFO - DAG(s) dict_keys(['example_branch_python_operator_decorator']) retrieved from /home/airflow/.local/lib/python3.7/site-packages/airflow/example_dags/example_branch_operator_decorator.py
[2023-05-25T04:50:20.238+0000] {logging_mixin.py:137} INFO - [2023-05-25T04:50:20.237+0000] {dag.py:2690} INFO - Sync 1 DAGs
[2023-05-25T04:50:20.419+0000] {logging_mixin.py:137} INFO - [2023-05-25T04:50:20.418+0000] {dag.py:3441} INFO - Setting next_dagrun for example_branch_python_operator_decorator to 2023-05-24T00:00:00+00:00, run_after=2023-05-25T00:00:00+00:00
[2023-05-25T04:50:20.513+0000] {processor.py:175} INFO - Processing /home/airflow/.local/lib/python3.7/site-packages/airflow/example_dags/example_branch_operator_decorator.py took 0.710 seconds
[2023-05-25T04:50:52.719+0000] {processor.py:153} INFO - Started process (PID=1064) to work on /home/airflow/.local/lib/python3.7/site-packages/airflow/example_dags/example_branch_operator_decorator.py
[2023-05-25T04:50:52.722+0000] {processor.py:743} INFO - Processing file /home/airflow/.local/lib/python3.7/site-packages/airflow/example_dags/example_branch_operator_decorator.py for tasks to queue
[2023-05-25T04:50:52.725+0000] {logging_mixin.py:137} INFO - [2023-05-25T04:50:52.724+0000] {dagbag.py:538} INFO - Filling up the DagBag from /home/airflow/.local/lib/python3.7/site-packages/airflow/example_dags/example_branch_operator_decorator.py
[2023-05-25T04:50:52.870+0000] {processor.py:753} INFO - DAG(s) dict_keys(['example_branch_python_operator_decorator']) retrieved from /home/airflow/.local/lib/python3.7/site-packages/airflow/example_dags/example_branch_operator_decorator.py
[2023-05-25T04:50:53.016+0000] {logging_mixin.py:137} INFO - [2023-05-25T04:50:53.016+0000] {dag.py:2690} INFO - Sync 1 DAGs
[2023-05-25T04:50:53.240+0000] {logging_mixin.py:137} INFO - [2023-05-25T04:50:53.239+0000] {dag.py:3441} INFO - Setting next_dagrun for example_branch_python_operator_decorator to 2023-05-24T00:00:00+00:00, run_after=2023-05-25T00:00:00+00:00
[2023-05-25T04:50:53.561+0000] {processor.py:175} INFO - Processing /home/airflow/.local/lib/python3.7/site-packages/airflow/example_dags/example_branch_operator_decorator.py took 0.867 seconds
[2023-05-25T04:51:24.777+0000] {processor.py:153} INFO - Started process (PID=1117) to work on /home/airflow/.local/lib/python3.7/site-packages/airflow/example_dags/example_branch_operator_decorator.py
[2023-05-25T04:51:24.784+0000] {processor.py:743} INFO - Processing file /home/airflow/.local/lib/python3.7/site-packages/airflow/example_dags/example_branch_operator_decorator.py for tasks to queue
[2023-05-25T04:51:24.792+0000] {logging_mixin.py:137} INFO - [2023-05-25T04:51:24.791+0000] {dagbag.py:538} INFO - Filling up the DagBag from /home/airflow/.local/lib/python3.7/site-packages/airflow/example_dags/example_branch_operator_decorator.py
[2023-05-25T04:51:24.885+0000] {processor.py:753} INFO - DAG(s) dict_keys(['example_branch_python_operator_decorator']) retrieved from /home/airflow/.local/lib/python3.7/site-packages/airflow/example_dags/example_branch_operator_decorator.py
[2023-05-25T04:51:24.972+0000] {logging_mixin.py:137} INFO - [2023-05-25T04:51:24.971+0000] {dag.py:2690} INFO - Sync 1 DAGs
[2023-05-25T04:51:25.072+0000] {logging_mixin.py:137} INFO - [2023-05-25T04:51:25.072+0000] {dag.py:3441} INFO - Setting next_dagrun for example_branch_python_operator_decorator to 2023-05-24T00:00:00+00:00, run_after=2023-05-25T00:00:00+00:00
[2023-05-25T04:51:25.152+0000] {processor.py:175} INFO - Processing /home/airflow/.local/lib/python3.7/site-packages/airflow/example_dags/example_branch_operator_decorator.py took 0.395 seconds
[2023-05-25T04:51:59.412+0000] {processor.py:153} INFO - Started process (PID=1176) to work on /home/airflow/.local/lib/python3.7/site-packages/airflow/example_dags/example_branch_operator_decorator.py
[2023-05-25T04:51:59.434+0000] {processor.py:743} INFO - Processing file /home/airflow/.local/lib/python3.7/site-packages/airflow/example_dags/example_branch_operator_decorator.py for tasks to queue
[2023-05-25T04:51:59.458+0000] {logging_mixin.py:137} INFO - [2023-05-25T04:51:59.457+0000] {dagbag.py:538} INFO - Filling up the DagBag from /home/airflow/.local/lib/python3.7/site-packages/airflow/example_dags/example_branch_operator_decorator.py
[2023-05-25T04:51:59.623+0000] {processor.py:753} INFO - DAG(s) dict_keys(['example_branch_python_operator_decorator']) retrieved from /home/airflow/.local/lib/python3.7/site-packages/airflow/example_dags/example_branch_operator_decorator.py
[2023-05-25T04:51:59.709+0000] {logging_mixin.py:137} INFO - [2023-05-25T04:51:59.708+0000] {dag.py:2690} INFO - Sync 1 DAGs
[2023-05-25T04:51:59.786+0000] {logging_mixin.py:137} INFO - [2023-05-25T04:51:59.783+0000] {dag.py:3441} INFO - Setting next_dagrun for example_branch_python_operator_decorator to 2023-05-24T00:00:00+00:00, run_after=2023-05-25T00:00:00+00:00
[2023-05-25T04:51:59.862+0000] {processor.py:175} INFO - Processing /home/airflow/.local/lib/python3.7/site-packages/airflow/example_dags/example_branch_operator_decorator.py took 0.466 seconds
[2023-05-25T04:52:32.258+0000] {processor.py:153} INFO - Started process (PID=1235) to work on /home/airflow/.local/lib/python3.7/site-packages/airflow/example_dags/example_branch_operator_decorator.py
[2023-05-25T04:52:32.261+0000] {processor.py:743} INFO - Processing file /home/airflow/.local/lib/python3.7/site-packages/airflow/example_dags/example_branch_operator_decorator.py for tasks to queue
[2023-05-25T04:52:32.269+0000] {logging_mixin.py:137} INFO - [2023-05-25T04:52:32.267+0000] {dagbag.py:538} INFO - Filling up the DagBag from /home/airflow/.local/lib/python3.7/site-packages/airflow/example_dags/example_branch_operator_decorator.py
[2023-05-25T04:52:32.580+0000] {processor.py:753} INFO - DAG(s) dict_keys(['example_branch_python_operator_decorator']) retrieved from /home/airflow/.local/lib/python3.7/site-packages/airflow/example_dags/example_branch_operator_decorator.py
[2023-05-25T04:52:32.775+0000] {logging_mixin.py:137} INFO - [2023-05-25T04:52:32.775+0000] {dag.py:2690} INFO - Sync 1 DAGs
[2023-05-25T04:52:32.887+0000] {logging_mixin.py:137} INFO - [2023-05-25T04:52:32.887+0000] {dag.py:3441} INFO - Setting next_dagrun for example_branch_python_operator_decorator to 2023-05-24T00:00:00+00:00, run_after=2023-05-25T00:00:00+00:00
[2023-05-25T04:52:32.969+0000] {processor.py:175} INFO - Processing /home/airflow/.local/lib/python3.7/site-packages/airflow/example_dags/example_branch_operator_decorator.py took 0.726 seconds
[2023-05-25T04:53:03.957+0000] {processor.py:153} INFO - Started process (PID=1298) to work on /home/airflow/.local/lib/python3.7/site-packages/airflow/example_dags/example_branch_operator_decorator.py
[2023-05-25T04:53:03.959+0000] {processor.py:743} INFO - Processing file /home/airflow/.local/lib/python3.7/site-packages/airflow/example_dags/example_branch_operator_decorator.py for tasks to queue
[2023-05-25T04:53:03.960+0000] {logging_mixin.py:137} INFO - [2023-05-25T04:53:03.960+0000] {dagbag.py:538} INFO - Filling up the DagBag from /home/airflow/.local/lib/python3.7/site-packages/airflow/example_dags/example_branch_operator_decorator.py
[2023-05-25T04:53:04.073+0000] {processor.py:753} INFO - DAG(s) dict_keys(['example_branch_python_operator_decorator']) retrieved from /home/airflow/.local/lib/python3.7/site-packages/airflow/example_dags/example_branch_operator_decorator.py
[2023-05-25T04:53:04.239+0000] {logging_mixin.py:137} INFO - [2023-05-25T04:53:04.238+0000] {dag.py:2690} INFO - Sync 1 DAGs
[2023-05-25T04:53:04.391+0000] {logging_mixin.py:137} INFO - [2023-05-25T04:53:04.391+0000] {dag.py:3441} INFO - Setting next_dagrun for example_branch_python_operator_decorator to 2023-05-24T00:00:00+00:00, run_after=2023-05-25T00:00:00+00:00
[2023-05-25T04:53:04.484+0000] {processor.py:175} INFO - Processing /home/airflow/.local/lib/python3.7/site-packages/airflow/example_dags/example_branch_operator_decorator.py took 0.536 seconds
[2023-05-25T04:53:34.662+0000] {processor.py:153} INFO - Started process (PID=1358) to work on /home/airflow/.local/lib/python3.7/site-packages/airflow/example_dags/example_branch_operator_decorator.py
[2023-05-25T04:53:34.665+0000] {processor.py:743} INFO - Processing file /home/airflow/.local/lib/python3.7/site-packages/airflow/example_dags/example_branch_operator_decorator.py for tasks to queue
[2023-05-25T04:53:34.668+0000] {logging_mixin.py:137} INFO - [2023-05-25T04:53:34.668+0000] {dagbag.py:538} INFO - Filling up the DagBag from /home/airflow/.local/lib/python3.7/site-packages/airflow/example_dags/example_branch_operator_decorator.py
[2023-05-25T04:53:34.717+0000] {processor.py:753} INFO - DAG(s) dict_keys(['example_branch_python_operator_decorator']) retrieved from /home/airflow/.local/lib/python3.7/site-packages/airflow/example_dags/example_branch_operator_decorator.py
[2023-05-25T04:53:34.757+0000] {logging_mixin.py:137} INFO - [2023-05-25T04:53:34.757+0000] {dag.py:2690} INFO - Sync 1 DAGs
[2023-05-25T04:53:34.816+0000] {logging_mixin.py:137} INFO - [2023-05-25T04:53:34.816+0000] {dag.py:3441} INFO - Setting next_dagrun for example_branch_python_operator_decorator to 2023-05-24T00:00:00+00:00, run_after=2023-05-25T00:00:00+00:00
[2023-05-25T04:53:34.848+0000] {processor.py:175} INFO - Processing /home/airflow/.local/lib/python3.7/site-packages/airflow/example_dags/example_branch_operator_decorator.py took 0.192 seconds
[2023-05-25T04:54:04.957+0000] {processor.py:153} INFO - Started process (PID=1417) to work on /home/airflow/.local/lib/python3.7/site-packages/airflow/example_dags/example_branch_operator_decorator.py
[2023-05-25T04:54:04.964+0000] {processor.py:743} INFO - Processing file /home/airflow/.local/lib/python3.7/site-packages/airflow/example_dags/example_branch_operator_decorator.py for tasks to queue
[2023-05-25T04:54:04.966+0000] {logging_mixin.py:137} INFO - [2023-05-25T04:54:04.966+0000] {dagbag.py:538} INFO - Filling up the DagBag from /home/airflow/.local/lib/python3.7/site-packages/airflow/example_dags/example_branch_operator_decorator.py
[2023-05-25T04:54:05.125+0000] {processor.py:753} INFO - DAG(s) dict_keys(['example_branch_python_operator_decorator']) retrieved from /home/airflow/.local/lib/python3.7/site-packages/airflow/example_dags/example_branch_operator_decorator.py
[2023-05-25T04:54:05.240+0000] {logging_mixin.py:137} INFO - [2023-05-25T04:54:05.240+0000] {dag.py:2690} INFO - Sync 1 DAGs
[2023-05-25T04:54:05.394+0000] {logging_mixin.py:137} INFO - [2023-05-25T04:54:05.380+0000] {dag.py:3441} INFO - Setting next_dagrun for example_branch_python_operator_decorator to 2023-05-24T00:00:00+00:00, run_after=2023-05-25T00:00:00+00:00
[2023-05-25T04:54:05.508+0000] {processor.py:175} INFO - Processing /home/airflow/.local/lib/python3.7/site-packages/airflow/example_dags/example_branch_operator_decorator.py took 0.563 seconds
[2023-05-25T04:54:37.038+0000] {processor.py:153} INFO - Started process (PID=1476) to work on /home/airflow/.local/lib/python3.7/site-packages/airflow/example_dags/example_branch_operator_decorator.py
[2023-05-25T04:54:37.059+0000] {processor.py:743} INFO - Processing file /home/airflow/.local/lib/python3.7/site-packages/airflow/example_dags/example_branch_operator_decorator.py for tasks to queue
[2023-05-25T04:54:37.068+0000] {logging_mixin.py:137} INFO - [2023-05-25T04:54:37.067+0000] {dagbag.py:538} INFO - Filling up the DagBag from /home/airflow/.local/lib/python3.7/site-packages/airflow/example_dags/example_branch_operator_decorator.py
[2023-05-25T04:54:37.406+0000] {processor.py:753} INFO - DAG(s) dict_keys(['example_branch_python_operator_decorator']) retrieved from /home/airflow/.local/lib/python3.7/site-packages/airflow/example_dags/example_branch_operator_decorator.py
[2023-05-25T04:54:37.514+0000] {logging_mixin.py:137} INFO - [2023-05-25T04:54:37.514+0000] {dag.py:2690} INFO - Sync 1 DAGs
[2023-05-25T04:54:37.646+0000] {logging_mixin.py:137} INFO - [2023-05-25T04:54:37.643+0000] {dag.py:3441} INFO - Setting next_dagrun for example_branch_python_operator_decorator to 2023-05-24T00:00:00+00:00, run_after=2023-05-25T00:00:00+00:00
[2023-05-25T04:54:37.773+0000] {processor.py:175} INFO - Processing /home/airflow/.local/lib/python3.7/site-packages/airflow/example_dags/example_branch_operator_decorator.py took 0.745 seconds
[2023-05-25T04:55:08.792+0000] {processor.py:153} INFO - Started process (PID=1527) to work on /home/airflow/.local/lib/python3.7/site-packages/airflow/example_dags/example_branch_operator_decorator.py
[2023-05-25T04:55:08.809+0000] {processor.py:743} INFO - Processing file /home/airflow/.local/lib/python3.7/site-packages/airflow/example_dags/example_branch_operator_decorator.py for tasks to queue
[2023-05-25T04:55:08.816+0000] {logging_mixin.py:137} INFO - [2023-05-25T04:55:08.815+0000] {dagbag.py:538} INFO - Filling up the DagBag from /home/airflow/.local/lib/python3.7/site-packages/airflow/example_dags/example_branch_operator_decorator.py
[2023-05-25T04:55:08.924+0000] {processor.py:753} INFO - DAG(s) dict_keys(['example_branch_python_operator_decorator']) retrieved from /home/airflow/.local/lib/python3.7/site-packages/airflow/example_dags/example_branch_operator_decorator.py
[2023-05-25T04:55:09.393+0000] {logging_mixin.py:137} INFO - [2023-05-25T04:55:09.391+0000] {dag.py:2690} INFO - Sync 1 DAGs
[2023-05-25T04:55:09.678+0000] {logging_mixin.py:137} INFO - [2023-05-25T04:55:09.669+0000] {dag.py:3441} INFO - Setting next_dagrun for example_branch_python_operator_decorator to 2023-05-24T00:00:00+00:00, run_after=2023-05-25T00:00:00+00:00
[2023-05-25T04:55:09.787+0000] {processor.py:175} INFO - Processing /home/airflow/.local/lib/python3.7/site-packages/airflow/example_dags/example_branch_operator_decorator.py took 1.033 seconds
[2023-05-25T04:55:40.160+0000] {processor.py:153} INFO - Started process (PID=1597) to work on /home/airflow/.local/lib/python3.7/site-packages/airflow/example_dags/example_branch_operator_decorator.py
[2023-05-25T04:55:40.166+0000] {processor.py:743} INFO - Processing file /home/airflow/.local/lib/python3.7/site-packages/airflow/example_dags/example_branch_operator_decorator.py for tasks to queue
[2023-05-25T04:55:40.170+0000] {logging_mixin.py:137} INFO - [2023-05-25T04:55:40.170+0000] {dagbag.py:538} INFO - Filling up the DagBag from /home/airflow/.local/lib/python3.7/site-packages/airflow/example_dags/example_branch_operator_decorator.py
[2023-05-25T04:55:40.315+0000] {processor.py:753} INFO - DAG(s) dict_keys(['example_branch_python_operator_decorator']) retrieved from /home/airflow/.local/lib/python3.7/site-packages/airflow/example_dags/example_branch_operator_decorator.py
[2023-05-25T04:55:40.434+0000] {logging_mixin.py:137} INFO - [2023-05-25T04:55:40.434+0000] {dag.py:2690} INFO - Sync 1 DAGs
[2023-05-25T04:55:40.585+0000] {logging_mixin.py:137} INFO - [2023-05-25T04:55:40.585+0000] {dag.py:3441} INFO - Setting next_dagrun for example_branch_python_operator_decorator to 2023-05-24T00:00:00+00:00, run_after=2023-05-25T00:00:00+00:00
[2023-05-25T04:55:40.661+0000] {processor.py:175} INFO - Processing /home/airflow/.local/lib/python3.7/site-packages/airflow/example_dags/example_branch_operator_decorator.py took 0.521 seconds
[2023-05-25T04:56:10.942+0000] {processor.py:153} INFO - Started process (PID=1657) to work on /home/airflow/.local/lib/python3.7/site-packages/airflow/example_dags/example_branch_operator_decorator.py
[2023-05-25T04:56:10.962+0000] {processor.py:743} INFO - Processing file /home/airflow/.local/lib/python3.7/site-packages/airflow/example_dags/example_branch_operator_decorator.py for tasks to queue
[2023-05-25T04:56:10.965+0000] {logging_mixin.py:137} INFO - [2023-05-25T04:56:10.964+0000] {dagbag.py:538} INFO - Filling up the DagBag from /home/airflow/.local/lib/python3.7/site-packages/airflow/example_dags/example_branch_operator_decorator.py
[2023-05-25T04:56:11.194+0000] {processor.py:753} INFO - DAG(s) dict_keys(['example_branch_python_operator_decorator']) retrieved from /home/airflow/.local/lib/python3.7/site-packages/airflow/example_dags/example_branch_operator_decorator.py
[2023-05-25T04:56:11.308+0000] {logging_mixin.py:137} INFO - [2023-05-25T04:56:11.308+0000] {dag.py:2690} INFO - Sync 1 DAGs
[2023-05-25T04:56:11.418+0000] {logging_mixin.py:137} INFO - [2023-05-25T04:56:11.417+0000] {dag.py:3441} INFO - Setting next_dagrun for example_branch_python_operator_decorator to 2023-05-24T00:00:00+00:00, run_after=2023-05-25T00:00:00+00:00
[2023-05-25T04:56:11.505+0000] {processor.py:175} INFO - Processing /home/airflow/.local/lib/python3.7/site-packages/airflow/example_dags/example_branch_operator_decorator.py took 0.585 seconds
[2023-05-25T04:56:41.665+0000] {processor.py:153} INFO - Started process (PID=1717) to work on /home/airflow/.local/lib/python3.7/site-packages/airflow/example_dags/example_branch_operator_decorator.py
[2023-05-25T04:56:41.668+0000] {processor.py:743} INFO - Processing file /home/airflow/.local/lib/python3.7/site-packages/airflow/example_dags/example_branch_operator_decorator.py for tasks to queue
[2023-05-25T04:56:41.670+0000] {logging_mixin.py:137} INFO - [2023-05-25T04:56:41.670+0000] {dagbag.py:538} INFO - Filling up the DagBag from /home/airflow/.local/lib/python3.7/site-packages/airflow/example_dags/example_branch_operator_decorator.py
[2023-05-25T04:56:41.733+0000] {processor.py:753} INFO - DAG(s) dict_keys(['example_branch_python_operator_decorator']) retrieved from /home/airflow/.local/lib/python3.7/site-packages/airflow/example_dags/example_branch_operator_decorator.py
[2023-05-25T04:56:41.806+0000] {logging_mixin.py:137} INFO - [2023-05-25T04:56:41.806+0000] {dag.py:2690} INFO - Sync 1 DAGs
[2023-05-25T04:56:41.890+0000] {logging_mixin.py:137} INFO - [2023-05-25T04:56:41.890+0000] {dag.py:3441} INFO - Setting next_dagrun for example_branch_python_operator_decorator to 2023-05-24T00:00:00+00:00, run_after=2023-05-25T00:00:00+00:00
[2023-05-25T04:56:41.934+0000] {processor.py:175} INFO - Processing /home/airflow/.local/lib/python3.7/site-packages/airflow/example_dags/example_branch_operator_decorator.py took 0.280 seconds
[2023-05-25T04:57:12.952+0000] {processor.py:153} INFO - Started process (PID=1777) to work on /home/airflow/.local/lib/python3.7/site-packages/airflow/example_dags/example_branch_operator_decorator.py
[2023-05-25T04:57:12.959+0000] {processor.py:743} INFO - Processing file /home/airflow/.local/lib/python3.7/site-packages/airflow/example_dags/example_branch_operator_decorator.py for tasks to queue
[2023-05-25T04:57:12.963+0000] {logging_mixin.py:137} INFO - [2023-05-25T04:57:12.963+0000] {dagbag.py:538} INFO - Filling up the DagBag from /home/airflow/.local/lib/python3.7/site-packages/airflow/example_dags/example_branch_operator_decorator.py
[2023-05-25T04:57:13.112+0000] {processor.py:753} INFO - DAG(s) dict_keys(['example_branch_python_operator_decorator']) retrieved from /home/airflow/.local/lib/python3.7/site-packages/airflow/example_dags/example_branch_operator_decorator.py
[2023-05-25T04:57:13.253+0000] {logging_mixin.py:137} INFO - [2023-05-25T04:57:13.253+0000] {dag.py:2690} INFO - Sync 1 DAGs
[2023-05-25T04:57:13.378+0000] {logging_mixin.py:137} INFO - [2023-05-25T04:57:13.378+0000] {dag.py:3441} INFO - Setting next_dagrun for example_branch_python_operator_decorator to 2023-05-24T00:00:00+00:00, run_after=2023-05-25T00:00:00+00:00
[2023-05-25T04:57:13.477+0000] {processor.py:175} INFO - Processing /home/airflow/.local/lib/python3.7/site-packages/airflow/example_dags/example_branch_operator_decorator.py took 0.545 seconds
[2023-05-25T04:57:44.799+0000] {processor.py:153} INFO - Started process (PID=1837) to work on /home/airflow/.local/lib/python3.7/site-packages/airflow/example_dags/example_branch_operator_decorator.py
[2023-05-25T04:57:44.809+0000] {processor.py:743} INFO - Processing file /home/airflow/.local/lib/python3.7/site-packages/airflow/example_dags/example_branch_operator_decorator.py for tasks to queue
[2023-05-25T04:57:44.814+0000] {logging_mixin.py:137} INFO - [2023-05-25T04:57:44.811+0000] {dagbag.py:538} INFO - Filling up the DagBag from /home/airflow/.local/lib/python3.7/site-packages/airflow/example_dags/example_branch_operator_decorator.py
[2023-05-25T04:57:44.928+0000] {processor.py:753} INFO - DAG(s) dict_keys(['example_branch_python_operator_decorator']) retrieved from /home/airflow/.local/lib/python3.7/site-packages/airflow/example_dags/example_branch_operator_decorator.py
[2023-05-25T04:57:45.150+0000] {logging_mixin.py:137} INFO - [2023-05-25T04:57:45.142+0000] {dag.py:2690} INFO - Sync 1 DAGs
[2023-05-25T04:57:45.335+0000] {logging_mixin.py:137} INFO - [2023-05-25T04:57:45.335+0000] {dag.py:3441} INFO - Setting next_dagrun for example_branch_python_operator_decorator to 2023-05-24T00:00:00+00:00, run_after=2023-05-25T00:00:00+00:00
[2023-05-25T04:57:45.425+0000] {processor.py:175} INFO - Processing /home/airflow/.local/lib/python3.7/site-packages/airflow/example_dags/example_branch_operator_decorator.py took 0.648 seconds
[2023-05-25T04:58:15.937+0000] {processor.py:153} INFO - Started process (PID=1895) to work on /home/airflow/.local/lib/python3.7/site-packages/airflow/example_dags/example_branch_operator_decorator.py
[2023-05-25T04:58:15.948+0000] {processor.py:743} INFO - Processing file /home/airflow/.local/lib/python3.7/site-packages/airflow/example_dags/example_branch_operator_decorator.py for tasks to queue
[2023-05-25T04:58:15.953+0000] {logging_mixin.py:137} INFO - [2023-05-25T04:58:15.953+0000] {dagbag.py:538} INFO - Filling up the DagBag from /home/airflow/.local/lib/python3.7/site-packages/airflow/example_dags/example_branch_operator_decorator.py
[2023-05-25T04:58:16.066+0000] {processor.py:753} INFO - DAG(s) dict_keys(['example_branch_python_operator_decorator']) retrieved from /home/airflow/.local/lib/python3.7/site-packages/airflow/example_dags/example_branch_operator_decorator.py
[2023-05-25T04:58:16.167+0000] {logging_mixin.py:137} INFO - [2023-05-25T04:58:16.166+0000] {dag.py:2690} INFO - Sync 1 DAGs
[2023-05-25T04:58:16.291+0000] {logging_mixin.py:137} INFO - [2023-05-25T04:58:16.291+0000] {dag.py:3441} INFO - Setting next_dagrun for example_branch_python_operator_decorator to 2023-05-24T00:00:00+00:00, run_after=2023-05-25T00:00:00+00:00
[2023-05-25T04:58:16.375+0000] {processor.py:175} INFO - Processing /home/airflow/.local/lib/python3.7/site-packages/airflow/example_dags/example_branch_operator_decorator.py took 0.455 seconds
[2023-05-25T04:58:47.418+0000] {processor.py:153} INFO - Started process (PID=1956) to work on /home/airflow/.local/lib/python3.7/site-packages/airflow/example_dags/example_branch_operator_decorator.py
[2023-05-25T04:58:47.422+0000] {processor.py:743} INFO - Processing file /home/airflow/.local/lib/python3.7/site-packages/airflow/example_dags/example_branch_operator_decorator.py for tasks to queue
[2023-05-25T04:58:47.426+0000] {logging_mixin.py:137} INFO - [2023-05-25T04:58:47.425+0000] {dagbag.py:538} INFO - Filling up the DagBag from /home/airflow/.local/lib/python3.7/site-packages/airflow/example_dags/example_branch_operator_decorator.py
[2023-05-25T04:58:47.548+0000] {processor.py:753} INFO - DAG(s) dict_keys(['example_branch_python_operator_decorator']) retrieved from /home/airflow/.local/lib/python3.7/site-packages/airflow/example_dags/example_branch_operator_decorator.py
[2023-05-25T04:58:47.610+0000] {logging_mixin.py:137} INFO - [2023-05-25T04:58:47.610+0000] {dag.py:2690} INFO - Sync 1 DAGs
[2023-05-25T04:58:47.654+0000] {logging_mixin.py:137} INFO - [2023-05-25T04:58:47.654+0000] {dag.py:3441} INFO - Setting next_dagrun for example_branch_python_operator_decorator to 2023-05-24T00:00:00+00:00, run_after=2023-05-25T00:00:00+00:00
[2023-05-25T04:58:47.684+0000] {processor.py:175} INFO - Processing /home/airflow/.local/lib/python3.7/site-packages/airflow/example_dags/example_branch_operator_decorator.py took 0.280 seconds
[2023-05-25T04:59:19.535+0000] {processor.py:153} INFO - Started process (PID=2018) to work on /home/airflow/.local/lib/python3.7/site-packages/airflow/example_dags/example_branch_operator_decorator.py
[2023-05-25T04:59:19.539+0000] {processor.py:743} INFO - Processing file /home/airflow/.local/lib/python3.7/site-packages/airflow/example_dags/example_branch_operator_decorator.py for tasks to queue
[2023-05-25T04:59:19.543+0000] {logging_mixin.py:137} INFO - [2023-05-25T04:59:19.543+0000] {dagbag.py:538} INFO - Filling up the DagBag from /home/airflow/.local/lib/python3.7/site-packages/airflow/example_dags/example_branch_operator_decorator.py
[2023-05-25T04:59:19.691+0000] {processor.py:753} INFO - DAG(s) dict_keys(['example_branch_python_operator_decorator']) retrieved from /home/airflow/.local/lib/python3.7/site-packages/airflow/example_dags/example_branch_operator_decorator.py
[2023-05-25T04:59:19.806+0000] {logging_mixin.py:137} INFO - [2023-05-25T04:59:19.806+0000] {dag.py:2690} INFO - Sync 1 DAGs
[2023-05-25T04:59:20.096+0000] {logging_mixin.py:137} INFO - [2023-05-25T04:59:20.096+0000] {dag.py:3441} INFO - Setting next_dagrun for example_branch_python_operator_decorator to 2023-05-24T00:00:00+00:00, run_after=2023-05-25T00:00:00+00:00
[2023-05-25T04:59:20.175+0000] {processor.py:175} INFO - Processing /home/airflow/.local/lib/python3.7/site-packages/airflow/example_dags/example_branch_operator_decorator.py took 0.654 seconds
[2023-05-25T04:59:50.621+0000] {processor.py:153} INFO - Started process (PID=2086) to work on /home/airflow/.local/lib/python3.7/site-packages/airflow/example_dags/example_branch_operator_decorator.py
[2023-05-25T04:59:50.633+0000] {processor.py:743} INFO - Processing file /home/airflow/.local/lib/python3.7/site-packages/airflow/example_dags/example_branch_operator_decorator.py for tasks to queue
[2023-05-25T04:59:50.644+0000] {logging_mixin.py:137} INFO - [2023-05-25T04:59:50.644+0000] {dagbag.py:538} INFO - Filling up the DagBag from /home/airflow/.local/lib/python3.7/site-packages/airflow/example_dags/example_branch_operator_decorator.py
[2023-05-25T04:59:50.908+0000] {processor.py:753} INFO - DAG(s) dict_keys(['example_branch_python_operator_decorator']) retrieved from /home/airflow/.local/lib/python3.7/site-packages/airflow/example_dags/example_branch_operator_decorator.py
[2023-05-25T04:59:51.167+0000] {logging_mixin.py:137} INFO - [2023-05-25T04:59:51.167+0000] {dag.py:2690} INFO - Sync 1 DAGs
[2023-05-25T04:59:51.359+0000] {logging_mixin.py:137} INFO - [2023-05-25T04:59:51.359+0000] {dag.py:3441} INFO - Setting next_dagrun for example_branch_python_operator_decorator to 2023-05-24T00:00:00+00:00, run_after=2023-05-25T00:00:00+00:00
[2023-05-25T04:59:51.425+0000] {processor.py:175} INFO - Processing /home/airflow/.local/lib/python3.7/site-packages/airflow/example_dags/example_branch_operator_decorator.py took 0.846 seconds
[2023-05-25T05:00:22.178+0000] {processor.py:153} INFO - Started process (PID=2146) to work on /home/airflow/.local/lib/python3.7/site-packages/airflow/example_dags/example_branch_operator_decorator.py
[2023-05-25T05:00:22.180+0000] {processor.py:743} INFO - Processing file /home/airflow/.local/lib/python3.7/site-packages/airflow/example_dags/example_branch_operator_decorator.py for tasks to queue
[2023-05-25T05:00:22.182+0000] {logging_mixin.py:137} INFO - [2023-05-25T05:00:22.181+0000] {dagbag.py:538} INFO - Filling up the DagBag from /home/airflow/.local/lib/python3.7/site-packages/airflow/example_dags/example_branch_operator_decorator.py
[2023-05-25T05:00:22.230+0000] {processor.py:753} INFO - DAG(s) dict_keys(['example_branch_python_operator_decorator']) retrieved from /home/airflow/.local/lib/python3.7/site-packages/airflow/example_dags/example_branch_operator_decorator.py
[2023-05-25T05:00:22.290+0000] {logging_mixin.py:137} INFO - [2023-05-25T05:00:22.290+0000] {dag.py:2690} INFO - Sync 1 DAGs
[2023-05-25T05:00:22.340+0000] {logging_mixin.py:137} INFO - [2023-05-25T05:00:22.340+0000] {dag.py:3441} INFO - Setting next_dagrun for example_branch_python_operator_decorator to 2023-05-24T00:00:00+00:00, run_after=2023-05-25T00:00:00+00:00
[2023-05-25T05:00:22.378+0000] {processor.py:175} INFO - Processing /home/airflow/.local/lib/python3.7/site-packages/airflow/example_dags/example_branch_operator_decorator.py took 0.205 seconds
[2023-05-25T05:00:52.556+0000] {processor.py:153} INFO - Started process (PID=2206) to work on /home/airflow/.local/lib/python3.7/site-packages/airflow/example_dags/example_branch_operator_decorator.py
[2023-05-25T05:00:52.560+0000] {processor.py:743} INFO - Processing file /home/airflow/.local/lib/python3.7/site-packages/airflow/example_dags/example_branch_operator_decorator.py for tasks to queue
[2023-05-25T05:00:52.563+0000] {logging_mixin.py:137} INFO - [2023-05-25T05:00:52.563+0000] {dagbag.py:538} INFO - Filling up the DagBag from /home/airflow/.local/lib/python3.7/site-packages/airflow/example_dags/example_branch_operator_decorator.py
[2023-05-25T05:00:52.611+0000] {processor.py:753} INFO - DAG(s) dict_keys(['example_branch_python_operator_decorator']) retrieved from /home/airflow/.local/lib/python3.7/site-packages/airflow/example_dags/example_branch_operator_decorator.py
[2023-05-25T05:00:52.655+0000] {logging_mixin.py:137} INFO - [2023-05-25T05:00:52.655+0000] {dag.py:2690} INFO - Sync 1 DAGs
[2023-05-25T05:00:52.715+0000] {logging_mixin.py:137} INFO - [2023-05-25T05:00:52.715+0000] {dag.py:3441} INFO - Setting next_dagrun for example_branch_python_operator_decorator to 2023-05-24T00:00:00+00:00, run_after=2023-05-25T00:00:00+00:00
[2023-05-25T05:00:52.750+0000] {processor.py:175} INFO - Processing /home/airflow/.local/lib/python3.7/site-packages/airflow/example_dags/example_branch_operator_decorator.py took 0.210 seconds
[2023-05-25T05:01:23.032+0000] {processor.py:153} INFO - Started process (PID=2265) to work on /home/airflow/.local/lib/python3.7/site-packages/airflow/example_dags/example_branch_operator_decorator.py
[2023-05-25T05:01:23.085+0000] {processor.py:743} INFO - Processing file /home/airflow/.local/lib/python3.7/site-packages/airflow/example_dags/example_branch_operator_decorator.py for tasks to queue
[2023-05-25T05:01:23.093+0000] {logging_mixin.py:137} INFO - [2023-05-25T05:01:23.093+0000] {dagbag.py:538} INFO - Filling up the DagBag from /home/airflow/.local/lib/python3.7/site-packages/airflow/example_dags/example_branch_operator_decorator.py
[2023-05-25T05:01:23.298+0000] {processor.py:753} INFO - DAG(s) dict_keys(['example_branch_python_operator_decorator']) retrieved from /home/airflow/.local/lib/python3.7/site-packages/airflow/example_dags/example_branch_operator_decorator.py
[2023-05-25T05:01:23.424+0000] {logging_mixin.py:137} INFO - [2023-05-25T05:01:23.424+0000] {dag.py:2690} INFO - Sync 1 DAGs
[2023-05-25T05:01:23.596+0000] {logging_mixin.py:137} INFO - [2023-05-25T05:01:23.596+0000] {dag.py:3441} INFO - Setting next_dagrun for example_branch_python_operator_decorator to 2023-05-24T00:00:00+00:00, run_after=2023-05-25T00:00:00+00:00
[2023-05-25T05:01:23.739+0000] {processor.py:175} INFO - Processing /home/airflow/.local/lib/python3.7/site-packages/airflow/example_dags/example_branch_operator_decorator.py took 0.733 seconds
[2023-05-25T05:01:54.153+0000] {processor.py:153} INFO - Started process (PID=2324) to work on /home/airflow/.local/lib/python3.7/site-packages/airflow/example_dags/example_branch_operator_decorator.py
[2023-05-25T05:01:54.156+0000] {processor.py:743} INFO - Processing file /home/airflow/.local/lib/python3.7/site-packages/airflow/example_dags/example_branch_operator_decorator.py for tasks to queue
[2023-05-25T05:01:54.169+0000] {logging_mixin.py:137} INFO - [2023-05-25T05:01:54.167+0000] {dagbag.py:538} INFO - Filling up the DagBag from /home/airflow/.local/lib/python3.7/site-packages/airflow/example_dags/example_branch_operator_decorator.py
[2023-05-25T05:01:54.224+0000] {processor.py:753} INFO - DAG(s) dict_keys(['example_branch_python_operator_decorator']) retrieved from /home/airflow/.local/lib/python3.7/site-packages/airflow/example_dags/example_branch_operator_decorator.py
[2023-05-25T05:01:54.294+0000] {logging_mixin.py:137} INFO - [2023-05-25T05:01:54.294+0000] {dag.py:2690} INFO - Sync 1 DAGs
[2023-05-25T05:01:54.364+0000] {logging_mixin.py:137} INFO - [2023-05-25T05:01:54.364+0000] {dag.py:3441} INFO - Setting next_dagrun for example_branch_python_operator_decorator to 2023-05-24T00:00:00+00:00, run_after=2023-05-25T00:00:00+00:00
[2023-05-25T05:01:54.459+0000] {processor.py:175} INFO - Processing /home/airflow/.local/lib/python3.7/site-packages/airflow/example_dags/example_branch_operator_decorator.py took 0.316 seconds
[2023-05-25T05:02:24.559+0000] {processor.py:153} INFO - Started process (PID=2383) to work on /home/airflow/.local/lib/python3.7/site-packages/airflow/example_dags/example_branch_operator_decorator.py
[2023-05-25T05:02:24.563+0000] {processor.py:743} INFO - Processing file /home/airflow/.local/lib/python3.7/site-packages/airflow/example_dags/example_branch_operator_decorator.py for tasks to queue
[2023-05-25T05:02:24.565+0000] {logging_mixin.py:137} INFO - [2023-05-25T05:02:24.565+0000] {dagbag.py:538} INFO - Filling up the DagBag from /home/airflow/.local/lib/python3.7/site-packages/airflow/example_dags/example_branch_operator_decorator.py
[2023-05-25T05:02:24.634+0000] {processor.py:753} INFO - DAG(s) dict_keys(['example_branch_python_operator_decorator']) retrieved from /home/airflow/.local/lib/python3.7/site-packages/airflow/example_dags/example_branch_operator_decorator.py
[2023-05-25T05:02:24.680+0000] {logging_mixin.py:137} INFO - [2023-05-25T05:02:24.680+0000] {dag.py:2690} INFO - Sync 1 DAGs
[2023-05-25T05:02:24.787+0000] {logging_mixin.py:137} INFO - [2023-05-25T05:02:24.787+0000] {dag.py:3441} INFO - Setting next_dagrun for example_branch_python_operator_decorator to 2023-05-24T00:00:00+00:00, run_after=2023-05-25T00:00:00+00:00
[2023-05-25T05:02:24.828+0000] {processor.py:175} INFO - Processing /home/airflow/.local/lib/python3.7/site-packages/airflow/example_dags/example_branch_operator_decorator.py took 0.274 seconds
[2023-05-25T05:02:54.901+0000] {processor.py:153} INFO - Started process (PID=2442) to work on /home/airflow/.local/lib/python3.7/site-packages/airflow/example_dags/example_branch_operator_decorator.py
[2023-05-25T05:02:54.905+0000] {processor.py:743} INFO - Processing file /home/airflow/.local/lib/python3.7/site-packages/airflow/example_dags/example_branch_operator_decorator.py for tasks to queue
[2023-05-25T05:02:54.909+0000] {logging_mixin.py:137} INFO - [2023-05-25T05:02:54.909+0000] {dagbag.py:538} INFO - Filling up the DagBag from /home/airflow/.local/lib/python3.7/site-packages/airflow/example_dags/example_branch_operator_decorator.py
[2023-05-25T05:02:54.950+0000] {processor.py:753} INFO - DAG(s) dict_keys(['example_branch_python_operator_decorator']) retrieved from /home/airflow/.local/lib/python3.7/site-packages/airflow/example_dags/example_branch_operator_decorator.py
[2023-05-25T05:02:55.000+0000] {logging_mixin.py:137} INFO - [2023-05-25T05:02:55.000+0000] {dag.py:2690} INFO - Sync 1 DAGs
[2023-05-25T05:02:55.038+0000] {logging_mixin.py:137} INFO - [2023-05-25T05:02:55.038+0000] {dag.py:3441} INFO - Setting next_dagrun for example_branch_python_operator_decorator to 2023-05-24T00:00:00+00:00, run_after=2023-05-25T00:00:00+00:00
[2023-05-25T05:02:55.078+0000] {processor.py:175} INFO - Processing /home/airflow/.local/lib/python3.7/site-packages/airflow/example_dags/example_branch_operator_decorator.py took 0.182 seconds
[2023-05-25T05:03:25.488+0000] {processor.py:153} INFO - Started process (PID=2504) to work on /home/airflow/.local/lib/python3.7/site-packages/airflow/example_dags/example_branch_operator_decorator.py
[2023-05-25T05:03:25.514+0000] {processor.py:743} INFO - Processing file /home/airflow/.local/lib/python3.7/site-packages/airflow/example_dags/example_branch_operator_decorator.py for tasks to queue
[2023-05-25T05:03:25.527+0000] {logging_mixin.py:137} INFO - [2023-05-25T05:03:25.523+0000] {dagbag.py:538} INFO - Filling up the DagBag from /home/airflow/.local/lib/python3.7/site-packages/airflow/example_dags/example_branch_operator_decorator.py
[2023-05-25T05:03:25.664+0000] {processor.py:753} INFO - DAG(s) dict_keys(['example_branch_python_operator_decorator']) retrieved from /home/airflow/.local/lib/python3.7/site-packages/airflow/example_dags/example_branch_operator_decorator.py
[2023-05-25T05:03:25.733+0000] {logging_mixin.py:137} INFO - [2023-05-25T05:03:25.733+0000] {dag.py:2690} INFO - Sync 1 DAGs
[2023-05-25T05:03:25.832+0000] {logging_mixin.py:137} INFO - [2023-05-25T05:03:25.832+0000] {dag.py:3441} INFO - Setting next_dagrun for example_branch_python_operator_decorator to 2023-05-24T00:00:00+00:00, run_after=2023-05-25T00:00:00+00:00
[2023-05-25T05:03:25.900+0000] {processor.py:175} INFO - Processing /home/airflow/.local/lib/python3.7/site-packages/airflow/example_dags/example_branch_operator_decorator.py took 0.417 seconds
