[2023-05-25T04:35:36.106+0000] {processor.py:153} INFO - Started process (PID=75) to work on /home/airflow/.local/lib/python3.7/site-packages/airflow/example_dags/example_external_task_marker_dag.py
[2023-05-25T04:35:36.158+0000] {processor.py:743} INFO - Processing file /home/airflow/.local/lib/python3.7/site-packages/airflow/example_dags/example_external_task_marker_dag.py for tasks to queue
[2023-05-25T04:35:36.186+0000] {logging_mixin.py:137} INFO - [2023-05-25T04:35:36.186+0000] {dagbag.py:538} INFO - Filling up the DagBag from /home/airflow/.local/lib/python3.7/site-packages/airflow/example_dags/example_external_task_marker_dag.py
[2023-05-25T04:35:37.093+0000] {processor.py:753} INFO - DAG(s) dict_keys(['example_external_task_marker_parent', 'example_external_task_marker_child']) retrieved from /home/airflow/.local/lib/python3.7/site-packages/airflow/example_dags/example_external_task_marker_dag.py
[2023-05-25T04:35:37.632+0000] {logging_mixin.py:137} INFO - [2023-05-25T04:35:37.632+0000] {dag.py:2690} INFO - Sync 2 DAGs
[2023-05-25T04:35:38.637+0000] {logging_mixin.py:137} INFO - [2023-05-25T04:35:38.632+0000] {dag.py:3441} INFO - Setting next_dagrun for example_external_task_marker_child to None, run_after=None
[2023-05-25T04:35:38.813+0000] {logging_mixin.py:137} INFO - [2023-05-25T04:35:38.799+0000] {dag.py:3441} INFO - Setting next_dagrun for example_external_task_marker_parent to None, run_after=None
[2023-05-25T04:35:39.206+0000] {processor.py:175} INFO - Processing /home/airflow/.local/lib/python3.7/site-packages/airflow/example_dags/example_external_task_marker_dag.py took 4.242 seconds
[2023-05-25T04:36:14.064+0000] {processor.py:153} INFO - Started process (PID=134) to work on /home/airflow/.local/lib/python3.7/site-packages/airflow/example_dags/example_external_task_marker_dag.py
[2023-05-25T04:36:14.079+0000] {processor.py:743} INFO - Processing file /home/airflow/.local/lib/python3.7/site-packages/airflow/example_dags/example_external_task_marker_dag.py for tasks to queue
[2023-05-25T04:36:14.083+0000] {logging_mixin.py:137} INFO - [2023-05-25T04:36:14.083+0000] {dagbag.py:538} INFO - Filling up the DagBag from /home/airflow/.local/lib/python3.7/site-packages/airflow/example_dags/example_external_task_marker_dag.py
[2023-05-25T04:36:14.131+0000] {processor.py:753} INFO - DAG(s) dict_keys(['example_external_task_marker_child', 'example_external_task_marker_parent']) retrieved from /home/airflow/.local/lib/python3.7/site-packages/airflow/example_dags/example_external_task_marker_dag.py
[2023-05-25T04:36:14.261+0000] {logging_mixin.py:137} INFO - [2023-05-25T04:36:14.261+0000] {dag.py:2690} INFO - Sync 2 DAGs
[2023-05-25T04:36:14.334+0000] {logging_mixin.py:137} INFO - [2023-05-25T04:36:14.333+0000] {dag.py:3441} INFO - Setting next_dagrun for example_external_task_marker_child to None, run_after=None
[2023-05-25T04:36:14.345+0000] {logging_mixin.py:137} INFO - [2023-05-25T04:36:14.344+0000] {dag.py:3441} INFO - Setting next_dagrun for example_external_task_marker_parent to None, run_after=None
[2023-05-25T04:36:14.425+0000] {processor.py:175} INFO - Processing /home/airflow/.local/lib/python3.7/site-packages/airflow/example_dags/example_external_task_marker_dag.py took 0.377 seconds
[2023-05-25T04:36:56.602+0000] {processor.py:153} INFO - Started process (PID=192) to work on /home/airflow/.local/lib/python3.7/site-packages/airflow/example_dags/example_external_task_marker_dag.py
[2023-05-25T04:36:56.627+0000] {processor.py:743} INFO - Processing file /home/airflow/.local/lib/python3.7/site-packages/airflow/example_dags/example_external_task_marker_dag.py for tasks to queue
[2023-05-25T04:36:56.638+0000] {logging_mixin.py:137} INFO - [2023-05-25T04:36:56.636+0000] {dagbag.py:538} INFO - Filling up the DagBag from /home/airflow/.local/lib/python3.7/site-packages/airflow/example_dags/example_external_task_marker_dag.py
[2023-05-25T04:36:56.785+0000] {processor.py:753} INFO - DAG(s) dict_keys(['example_external_task_marker_parent', 'example_external_task_marker_child']) retrieved from /home/airflow/.local/lib/python3.7/site-packages/airflow/example_dags/example_external_task_marker_dag.py
[2023-05-25T04:36:57.210+0000] {logging_mixin.py:137} INFO - [2023-05-25T04:36:57.208+0000] {dag.py:2690} INFO - Sync 2 DAGs
[2023-05-25T04:36:57.423+0000] {logging_mixin.py:137} INFO - [2023-05-25T04:36:57.423+0000] {dag.py:3441} INFO - Setting next_dagrun for example_external_task_marker_child to None, run_after=None
[2023-05-25T04:36:57.517+0000] {logging_mixin.py:137} INFO - [2023-05-25T04:36:57.513+0000] {dag.py:3441} INFO - Setting next_dagrun for example_external_task_marker_parent to None, run_after=None
[2023-05-25T04:36:57.811+0000] {processor.py:175} INFO - Processing /home/airflow/.local/lib/python3.7/site-packages/airflow/example_dags/example_external_task_marker_dag.py took 1.289 seconds
[2023-05-25T04:38:16.950+0000] {processor.py:153} INFO - Started process (PID=251) to work on /home/airflow/.local/lib/python3.7/site-packages/airflow/example_dags/example_external_task_marker_dag.py
[2023-05-25T04:38:16.967+0000] {processor.py:743} INFO - Processing file /home/airflow/.local/lib/python3.7/site-packages/airflow/example_dags/example_external_task_marker_dag.py for tasks to queue
[2023-05-25T04:38:16.978+0000] {logging_mixin.py:137} INFO - [2023-05-25T04:38:16.977+0000] {dagbag.py:538} INFO - Filling up the DagBag from /home/airflow/.local/lib/python3.7/site-packages/airflow/example_dags/example_external_task_marker_dag.py
[2023-05-25T04:38:17.124+0000] {processor.py:753} INFO - DAG(s) dict_keys(['example_external_task_marker_parent', 'example_external_task_marker_child']) retrieved from /home/airflow/.local/lib/python3.7/site-packages/airflow/example_dags/example_external_task_marker_dag.py
[2023-05-25T04:38:18.217+0000] {logging_mixin.py:137} INFO - [2023-05-25T04:38:18.216+0000] {dag.py:2690} INFO - Sync 2 DAGs
[2023-05-25T04:38:18.558+0000] {logging_mixin.py:137} INFO - [2023-05-25T04:38:18.557+0000] {dag.py:3441} INFO - Setting next_dagrun for example_external_task_marker_child to None, run_after=None
[2023-05-25T04:38:18.583+0000] {logging_mixin.py:137} INFO - [2023-05-25T04:38:18.583+0000] {dag.py:3441} INFO - Setting next_dagrun for example_external_task_marker_parent to None, run_after=None
[2023-05-25T04:38:18.816+0000] {processor.py:175} INFO - Processing /home/airflow/.local/lib/python3.7/site-packages/airflow/example_dags/example_external_task_marker_dag.py took 1.966 seconds
[2023-05-25T04:38:54.717+0000] {processor.py:153} INFO - Started process (PID=309) to work on /home/airflow/.local/lib/python3.7/site-packages/airflow/example_dags/example_external_task_marker_dag.py
[2023-05-25T04:38:54.731+0000] {processor.py:743} INFO - Processing file /home/airflow/.local/lib/python3.7/site-packages/airflow/example_dags/example_external_task_marker_dag.py for tasks to queue
[2023-05-25T04:38:54.744+0000] {logging_mixin.py:137} INFO - [2023-05-25T04:38:54.743+0000] {dagbag.py:538} INFO - Filling up the DagBag from /home/airflow/.local/lib/python3.7/site-packages/airflow/example_dags/example_external_task_marker_dag.py
[2023-05-25T04:38:54.872+0000] {processor.py:753} INFO - DAG(s) dict_keys(['example_external_task_marker_child', 'example_external_task_marker_parent']) retrieved from /home/airflow/.local/lib/python3.7/site-packages/airflow/example_dags/example_external_task_marker_dag.py
[2023-05-25T04:38:55.084+0000] {logging_mixin.py:137} INFO - [2023-05-25T04:38:55.084+0000] {dag.py:2690} INFO - Sync 2 DAGs
[2023-05-25T04:38:55.201+0000] {logging_mixin.py:137} INFO - [2023-05-25T04:38:55.201+0000] {dag.py:3441} INFO - Setting next_dagrun for example_external_task_marker_child to None, run_after=None
[2023-05-25T04:38:55.230+0000] {logging_mixin.py:137} INFO - [2023-05-25T04:38:55.229+0000] {dag.py:3441} INFO - Setting next_dagrun for example_external_task_marker_parent to None, run_after=None
[2023-05-25T04:38:55.354+0000] {processor.py:175} INFO - Processing /home/airflow/.local/lib/python3.7/site-packages/airflow/example_dags/example_external_task_marker_dag.py took 0.662 seconds
[2023-05-25T04:39:29.359+0000] {processor.py:153} INFO - Started process (PID=360) to work on /home/airflow/.local/lib/python3.7/site-packages/airflow/example_dags/example_external_task_marker_dag.py
[2023-05-25T04:39:29.383+0000] {processor.py:743} INFO - Processing file /home/airflow/.local/lib/python3.7/site-packages/airflow/example_dags/example_external_task_marker_dag.py for tasks to queue
[2023-05-25T04:39:29.397+0000] {logging_mixin.py:137} INFO - [2023-05-25T04:39:29.396+0000] {dagbag.py:538} INFO - Filling up the DagBag from /home/airflow/.local/lib/python3.7/site-packages/airflow/example_dags/example_external_task_marker_dag.py
[2023-05-25T04:39:29.697+0000] {processor.py:753} INFO - DAG(s) dict_keys(['example_external_task_marker_parent', 'example_external_task_marker_child']) retrieved from /home/airflow/.local/lib/python3.7/site-packages/airflow/example_dags/example_external_task_marker_dag.py
[2023-05-25T04:39:30.306+0000] {logging_mixin.py:137} INFO - [2023-05-25T04:39:30.306+0000] {dag.py:2690} INFO - Sync 2 DAGs
[2023-05-25T04:39:30.916+0000] {logging_mixin.py:137} INFO - [2023-05-25T04:39:30.903+0000] {dag.py:3441} INFO - Setting next_dagrun for example_external_task_marker_child to None, run_after=None
[2023-05-25T04:39:31.055+0000] {logging_mixin.py:137} INFO - [2023-05-25T04:39:31.055+0000] {dag.py:3441} INFO - Setting next_dagrun for example_external_task_marker_parent to None, run_after=None
[2023-05-25T04:39:31.448+0000] {processor.py:175} INFO - Processing /home/airflow/.local/lib/python3.7/site-packages/airflow/example_dags/example_external_task_marker_dag.py took 2.230 seconds
[2023-05-25T04:42:07.125+0000] {processor.py:153} INFO - Started process (PID=60) to work on /home/airflow/.local/lib/python3.7/site-packages/airflow/example_dags/example_external_task_marker_dag.py
[2023-05-25T04:42:07.131+0000] {processor.py:743} INFO - Processing file /home/airflow/.local/lib/python3.7/site-packages/airflow/example_dags/example_external_task_marker_dag.py for tasks to queue
[2023-05-25T04:42:07.138+0000] {logging_mixin.py:137} INFO - [2023-05-25T04:42:07.137+0000] {dagbag.py:538} INFO - Filling up the DagBag from /home/airflow/.local/lib/python3.7/site-packages/airflow/example_dags/example_external_task_marker_dag.py
[2023-05-25T04:42:07.216+0000] {processor.py:753} INFO - DAG(s) dict_keys(['example_external_task_marker_child', 'example_external_task_marker_parent']) retrieved from /home/airflow/.local/lib/python3.7/site-packages/airflow/example_dags/example_external_task_marker_dag.py
[2023-05-25T04:42:07.584+0000] {logging_mixin.py:137} INFO - [2023-05-25T04:42:07.582+0000] {dag.py:2690} INFO - Sync 2 DAGs
[2023-05-25T04:42:07.696+0000] {logging_mixin.py:137} INFO - [2023-05-25T04:42:07.695+0000] {dag.py:3441} INFO - Setting next_dagrun for example_external_task_marker_child to None, run_after=None
[2023-05-25T04:42:07.716+0000] {logging_mixin.py:137} INFO - [2023-05-25T04:42:07.715+0000] {dag.py:3441} INFO - Setting next_dagrun for example_external_task_marker_parent to None, run_after=None
[2023-05-25T04:42:07.826+0000] {processor.py:175} INFO - Processing /home/airflow/.local/lib/python3.7/site-packages/airflow/example_dags/example_external_task_marker_dag.py took 0.720 seconds
[2023-05-25T04:42:39.149+0000] {processor.py:153} INFO - Started process (PID=119) to work on /home/airflow/.local/lib/python3.7/site-packages/airflow/example_dags/example_external_task_marker_dag.py
[2023-05-25T04:42:39.156+0000] {processor.py:743} INFO - Processing file /home/airflow/.local/lib/python3.7/site-packages/airflow/example_dags/example_external_task_marker_dag.py for tasks to queue
[2023-05-25T04:42:39.163+0000] {logging_mixin.py:137} INFO - [2023-05-25T04:42:39.162+0000] {dagbag.py:538} INFO - Filling up the DagBag from /home/airflow/.local/lib/python3.7/site-packages/airflow/example_dags/example_external_task_marker_dag.py
[2023-05-25T04:42:39.326+0000] {processor.py:753} INFO - DAG(s) dict_keys(['example_external_task_marker_child', 'example_external_task_marker_parent']) retrieved from /home/airflow/.local/lib/python3.7/site-packages/airflow/example_dags/example_external_task_marker_dag.py
[2023-05-25T04:42:39.415+0000] {logging_mixin.py:137} INFO - [2023-05-25T04:42:39.414+0000] {dag.py:2690} INFO - Sync 2 DAGs
[2023-05-25T04:42:39.507+0000] {logging_mixin.py:137} INFO - [2023-05-25T04:42:39.507+0000] {dag.py:3441} INFO - Setting next_dagrun for example_external_task_marker_child to None, run_after=None
[2023-05-25T04:42:39.525+0000] {logging_mixin.py:137} INFO - [2023-05-25T04:42:39.524+0000] {dag.py:3441} INFO - Setting next_dagrun for example_external_task_marker_parent to None, run_after=None
[2023-05-25T04:42:39.577+0000] {processor.py:175} INFO - Processing /home/airflow/.local/lib/python3.7/site-packages/airflow/example_dags/example_external_task_marker_dag.py took 0.443 seconds
[2023-05-25T04:43:11.116+0000] {processor.py:153} INFO - Started process (PID=178) to work on /home/airflow/.local/lib/python3.7/site-packages/airflow/example_dags/example_external_task_marker_dag.py
[2023-05-25T04:43:11.120+0000] {processor.py:743} INFO - Processing file /home/airflow/.local/lib/python3.7/site-packages/airflow/example_dags/example_external_task_marker_dag.py for tasks to queue
[2023-05-25T04:43:11.124+0000] {logging_mixin.py:137} INFO - [2023-05-25T04:43:11.124+0000] {dagbag.py:538} INFO - Filling up the DagBag from /home/airflow/.local/lib/python3.7/site-packages/airflow/example_dags/example_external_task_marker_dag.py
[2023-05-25T04:43:11.166+0000] {processor.py:753} INFO - DAG(s) dict_keys(['example_external_task_marker_child', 'example_external_task_marker_parent']) retrieved from /home/airflow/.local/lib/python3.7/site-packages/airflow/example_dags/example_external_task_marker_dag.py
[2023-05-25T04:43:11.256+0000] {logging_mixin.py:137} INFO - [2023-05-25T04:43:11.256+0000] {dag.py:2690} INFO - Sync 2 DAGs
[2023-05-25T04:43:11.359+0000] {logging_mixin.py:137} INFO - [2023-05-25T04:43:11.359+0000] {dag.py:3441} INFO - Setting next_dagrun for example_external_task_marker_child to None, run_after=None
[2023-05-25T04:43:11.378+0000] {logging_mixin.py:137} INFO - [2023-05-25T04:43:11.377+0000] {dag.py:3441} INFO - Setting next_dagrun for example_external_task_marker_parent to None, run_after=None
[2023-05-25T04:43:11.504+0000] {processor.py:175} INFO - Processing /home/airflow/.local/lib/python3.7/site-packages/airflow/example_dags/example_external_task_marker_dag.py took 0.397 seconds
[2023-05-25T04:43:42.355+0000] {processor.py:153} INFO - Started process (PID=238) to work on /home/airflow/.local/lib/python3.7/site-packages/airflow/example_dags/example_external_task_marker_dag.py
[2023-05-25T04:43:42.362+0000] {processor.py:743} INFO - Processing file /home/airflow/.local/lib/python3.7/site-packages/airflow/example_dags/example_external_task_marker_dag.py for tasks to queue
[2023-05-25T04:43:42.364+0000] {logging_mixin.py:137} INFO - [2023-05-25T04:43:42.364+0000] {dagbag.py:538} INFO - Filling up the DagBag from /home/airflow/.local/lib/python3.7/site-packages/airflow/example_dags/example_external_task_marker_dag.py
[2023-05-25T04:43:42.454+0000] {processor.py:753} INFO - DAG(s) dict_keys(['example_external_task_marker_child', 'example_external_task_marker_parent']) retrieved from /home/airflow/.local/lib/python3.7/site-packages/airflow/example_dags/example_external_task_marker_dag.py
[2023-05-25T04:43:42.543+0000] {logging_mixin.py:137} INFO - [2023-05-25T04:43:42.542+0000] {dag.py:2690} INFO - Sync 2 DAGs
[2023-05-25T04:43:42.769+0000] {logging_mixin.py:137} INFO - [2023-05-25T04:43:42.769+0000] {dag.py:3441} INFO - Setting next_dagrun for example_external_task_marker_child to None, run_after=None
[2023-05-25T04:43:42.809+0000] {logging_mixin.py:137} INFO - [2023-05-25T04:43:42.809+0000] {dag.py:3441} INFO - Setting next_dagrun for example_external_task_marker_parent to None, run_after=None
[2023-05-25T04:43:42.963+0000] {processor.py:175} INFO - Processing /home/airflow/.local/lib/python3.7/site-packages/airflow/example_dags/example_external_task_marker_dag.py took 0.621 seconds
[2023-05-25T04:44:14.018+0000] {processor.py:153} INFO - Started process (PID=298) to work on /home/airflow/.local/lib/python3.7/site-packages/airflow/example_dags/example_external_task_marker_dag.py
[2023-05-25T04:44:14.046+0000] {processor.py:743} INFO - Processing file /home/airflow/.local/lib/python3.7/site-packages/airflow/example_dags/example_external_task_marker_dag.py for tasks to queue
[2023-05-25T04:44:14.048+0000] {logging_mixin.py:137} INFO - [2023-05-25T04:44:14.048+0000] {dagbag.py:538} INFO - Filling up the DagBag from /home/airflow/.local/lib/python3.7/site-packages/airflow/example_dags/example_external_task_marker_dag.py
[2023-05-25T04:44:14.162+0000] {processor.py:753} INFO - DAG(s) dict_keys(['example_external_task_marker_parent', 'example_external_task_marker_child']) retrieved from /home/airflow/.local/lib/python3.7/site-packages/airflow/example_dags/example_external_task_marker_dag.py
[2023-05-25T04:44:14.347+0000] {logging_mixin.py:137} INFO - [2023-05-25T04:44:14.347+0000] {dag.py:2690} INFO - Sync 2 DAGs
[2023-05-25T04:44:14.583+0000] {logging_mixin.py:137} INFO - [2023-05-25T04:44:14.583+0000] {dag.py:3441} INFO - Setting next_dagrun for example_external_task_marker_child to None, run_after=None
[2023-05-25T04:44:14.601+0000] {logging_mixin.py:137} INFO - [2023-05-25T04:44:14.601+0000] {dag.py:3441} INFO - Setting next_dagrun for example_external_task_marker_parent to None, run_after=None
[2023-05-25T04:44:14.647+0000] {processor.py:175} INFO - Processing /home/airflow/.local/lib/python3.7/site-packages/airflow/example_dags/example_external_task_marker_dag.py took 0.635 seconds
[2023-05-25T04:44:44.931+0000] {processor.py:153} INFO - Started process (PID=359) to work on /home/airflow/.local/lib/python3.7/site-packages/airflow/example_dags/example_external_task_marker_dag.py
[2023-05-25T04:44:44.935+0000] {processor.py:743} INFO - Processing file /home/airflow/.local/lib/python3.7/site-packages/airflow/example_dags/example_external_task_marker_dag.py for tasks to queue
[2023-05-25T04:44:44.939+0000] {logging_mixin.py:137} INFO - [2023-05-25T04:44:44.938+0000] {dagbag.py:538} INFO - Filling up the DagBag from /home/airflow/.local/lib/python3.7/site-packages/airflow/example_dags/example_external_task_marker_dag.py
[2023-05-25T04:44:44.973+0000] {processor.py:753} INFO - DAG(s) dict_keys(['example_external_task_marker_parent', 'example_external_task_marker_child']) retrieved from /home/airflow/.local/lib/python3.7/site-packages/airflow/example_dags/example_external_task_marker_dag.py
[2023-05-25T04:44:45.030+0000] {logging_mixin.py:137} INFO - [2023-05-25T04:44:45.029+0000] {dag.py:2690} INFO - Sync 2 DAGs
[2023-05-25T04:44:45.092+0000] {logging_mixin.py:137} INFO - [2023-05-25T04:44:45.091+0000] {dag.py:3441} INFO - Setting next_dagrun for example_external_task_marker_child to None, run_after=None
[2023-05-25T04:44:45.101+0000] {logging_mixin.py:137} INFO - [2023-05-25T04:44:45.101+0000] {dag.py:3441} INFO - Setting next_dagrun for example_external_task_marker_parent to None, run_after=None
[2023-05-25T04:44:45.136+0000] {processor.py:175} INFO - Processing /home/airflow/.local/lib/python3.7/site-packages/airflow/example_dags/example_external_task_marker_dag.py took 0.211 seconds
[2023-05-25T04:45:16.480+0000] {processor.py:153} INFO - Started process (PID=429) to work on /home/airflow/.local/lib/python3.7/site-packages/airflow/example_dags/example_external_task_marker_dag.py
[2023-05-25T04:45:16.524+0000] {processor.py:743} INFO - Processing file /home/airflow/.local/lib/python3.7/site-packages/airflow/example_dags/example_external_task_marker_dag.py for tasks to queue
[2023-05-25T04:45:16.541+0000] {logging_mixin.py:137} INFO - [2023-05-25T04:45:16.540+0000] {dagbag.py:538} INFO - Filling up the DagBag from /home/airflow/.local/lib/python3.7/site-packages/airflow/example_dags/example_external_task_marker_dag.py
[2023-05-25T04:45:16.633+0000] {processor.py:753} INFO - DAG(s) dict_keys(['example_external_task_marker_child', 'example_external_task_marker_parent']) retrieved from /home/airflow/.local/lib/python3.7/site-packages/airflow/example_dags/example_external_task_marker_dag.py
[2023-05-25T04:45:16.789+0000] {logging_mixin.py:137} INFO - [2023-05-25T04:45:16.789+0000] {dag.py:2690} INFO - Sync 2 DAGs
[2023-05-25T04:45:17.070+0000] {logging_mixin.py:137} INFO - [2023-05-25T04:45:17.069+0000] {dag.py:3441} INFO - Setting next_dagrun for example_external_task_marker_child to None, run_after=None
[2023-05-25T04:45:17.096+0000] {logging_mixin.py:137} INFO - [2023-05-25T04:45:17.096+0000] {dag.py:3441} INFO - Setting next_dagrun for example_external_task_marker_parent to None, run_after=None
[2023-05-25T04:45:17.176+0000] {processor.py:175} INFO - Processing /home/airflow/.local/lib/python3.7/site-packages/airflow/example_dags/example_external_task_marker_dag.py took 0.701 seconds
[2023-05-25T04:45:47.255+0000] {processor.py:153} INFO - Started process (PID=480) to work on /home/airflow/.local/lib/python3.7/site-packages/airflow/example_dags/example_external_task_marker_dag.py
[2023-05-25T04:45:47.258+0000] {processor.py:743} INFO - Processing file /home/airflow/.local/lib/python3.7/site-packages/airflow/example_dags/example_external_task_marker_dag.py for tasks to queue
[2023-05-25T04:45:47.262+0000] {logging_mixin.py:137} INFO - [2023-05-25T04:45:47.262+0000] {dagbag.py:538} INFO - Filling up the DagBag from /home/airflow/.local/lib/python3.7/site-packages/airflow/example_dags/example_external_task_marker_dag.py
[2023-05-25T04:45:47.294+0000] {processor.py:753} INFO - DAG(s) dict_keys(['example_external_task_marker_parent', 'example_external_task_marker_child']) retrieved from /home/airflow/.local/lib/python3.7/site-packages/airflow/example_dags/example_external_task_marker_dag.py
[2023-05-25T04:45:47.364+0000] {logging_mixin.py:137} INFO - [2023-05-25T04:45:47.363+0000] {dag.py:2690} INFO - Sync 2 DAGs
[2023-05-25T04:45:47.419+0000] {logging_mixin.py:137} INFO - [2023-05-25T04:45:47.419+0000] {dag.py:3441} INFO - Setting next_dagrun for example_external_task_marker_child to None, run_after=None
[2023-05-25T04:45:47.431+0000] {logging_mixin.py:137} INFO - [2023-05-25T04:45:47.431+0000] {dag.py:3441} INFO - Setting next_dagrun for example_external_task_marker_parent to None, run_after=None
[2023-05-25T04:45:47.457+0000] {processor.py:175} INFO - Processing /home/airflow/.local/lib/python3.7/site-packages/airflow/example_dags/example_external_task_marker_dag.py took 0.218 seconds
[2023-05-25T04:46:18.865+0000] {processor.py:153} INFO - Started process (PID=552) to work on /home/airflow/.local/lib/python3.7/site-packages/airflow/example_dags/example_external_task_marker_dag.py
[2023-05-25T04:46:18.871+0000] {processor.py:743} INFO - Processing file /home/airflow/.local/lib/python3.7/site-packages/airflow/example_dags/example_external_task_marker_dag.py for tasks to queue
[2023-05-25T04:46:18.877+0000] {logging_mixin.py:137} INFO - [2023-05-25T04:46:18.877+0000] {dagbag.py:538} INFO - Filling up the DagBag from /home/airflow/.local/lib/python3.7/site-packages/airflow/example_dags/example_external_task_marker_dag.py
[2023-05-25T04:46:18.940+0000] {processor.py:753} INFO - DAG(s) dict_keys(['example_external_task_marker_child', 'example_external_task_marker_parent']) retrieved from /home/airflow/.local/lib/python3.7/site-packages/airflow/example_dags/example_external_task_marker_dag.py
[2023-05-25T04:46:19.027+0000] {logging_mixin.py:137} INFO - [2023-05-25T04:46:19.026+0000] {dag.py:2690} INFO - Sync 2 DAGs
[2023-05-25T04:46:19.088+0000] {logging_mixin.py:137} INFO - [2023-05-25T04:46:19.088+0000] {dag.py:3441} INFO - Setting next_dagrun for example_external_task_marker_child to None, run_after=None
[2023-05-25T04:46:19.104+0000] {logging_mixin.py:137} INFO - [2023-05-25T04:46:19.104+0000] {dag.py:3441} INFO - Setting next_dagrun for example_external_task_marker_parent to None, run_after=None
[2023-05-25T04:46:19.167+0000] {processor.py:175} INFO - Processing /home/airflow/.local/lib/python3.7/site-packages/airflow/example_dags/example_external_task_marker_dag.py took 0.318 seconds
[2023-05-25T04:46:49.632+0000] {processor.py:153} INFO - Started process (PID=612) to work on /home/airflow/.local/lib/python3.7/site-packages/airflow/example_dags/example_external_task_marker_dag.py
[2023-05-25T04:46:49.654+0000] {processor.py:743} INFO - Processing file /home/airflow/.local/lib/python3.7/site-packages/airflow/example_dags/example_external_task_marker_dag.py for tasks to queue
[2023-05-25T04:46:49.656+0000] {logging_mixin.py:137} INFO - [2023-05-25T04:46:49.655+0000] {dagbag.py:538} INFO - Filling up the DagBag from /home/airflow/.local/lib/python3.7/site-packages/airflow/example_dags/example_external_task_marker_dag.py
[2023-05-25T04:46:49.701+0000] {processor.py:753} INFO - DAG(s) dict_keys(['example_external_task_marker_child', 'example_external_task_marker_parent']) retrieved from /home/airflow/.local/lib/python3.7/site-packages/airflow/example_dags/example_external_task_marker_dag.py
[2023-05-25T04:46:49.781+0000] {logging_mixin.py:137} INFO - [2023-05-25T04:46:49.781+0000] {dag.py:2690} INFO - Sync 2 DAGs
[2023-05-25T04:46:49.829+0000] {logging_mixin.py:137} INFO - [2023-05-25T04:46:49.829+0000] {dag.py:3441} INFO - Setting next_dagrun for example_external_task_marker_child to None, run_after=None
[2023-05-25T04:46:49.839+0000] {logging_mixin.py:137} INFO - [2023-05-25T04:46:49.838+0000] {dag.py:3441} INFO - Setting next_dagrun for example_external_task_marker_parent to None, run_after=None
[2023-05-25T04:46:49.869+0000] {processor.py:175} INFO - Processing /home/airflow/.local/lib/python3.7/site-packages/airflow/example_dags/example_external_task_marker_dag.py took 0.243 seconds
[2023-05-25T04:47:38.507+0000] {processor.py:153} INFO - Started process (PID=669) to work on /home/airflow/.local/lib/python3.7/site-packages/airflow/example_dags/example_external_task_marker_dag.py
[2023-05-25T04:47:38.512+0000] {processor.py:743} INFO - Processing file /home/airflow/.local/lib/python3.7/site-packages/airflow/example_dags/example_external_task_marker_dag.py for tasks to queue
[2023-05-25T04:47:38.516+0000] {logging_mixin.py:137} INFO - [2023-05-25T04:47:38.516+0000] {dagbag.py:538} INFO - Filling up the DagBag from /home/airflow/.local/lib/python3.7/site-packages/airflow/example_dags/example_external_task_marker_dag.py
[2023-05-25T04:47:38.607+0000] {processor.py:753} INFO - DAG(s) dict_keys(['example_external_task_marker_parent', 'example_external_task_marker_child']) retrieved from /home/airflow/.local/lib/python3.7/site-packages/airflow/example_dags/example_external_task_marker_dag.py
[2023-05-25T04:47:38.863+0000] {logging_mixin.py:137} INFO - [2023-05-25T04:47:38.862+0000] {dag.py:2690} INFO - Sync 2 DAGs
[2023-05-25T04:47:39.110+0000] {logging_mixin.py:137} INFO - [2023-05-25T04:47:39.110+0000] {dag.py:3441} INFO - Setting next_dagrun for example_external_task_marker_child to None, run_after=None
[2023-05-25T04:47:39.153+0000] {logging_mixin.py:137} INFO - [2023-05-25T04:47:39.153+0000] {dag.py:3441} INFO - Setting next_dagrun for example_external_task_marker_parent to None, run_after=None
[2023-05-25T04:47:39.316+0000] {processor.py:175} INFO - Processing /home/airflow/.local/lib/python3.7/site-packages/airflow/example_dags/example_external_task_marker_dag.py took 0.828 seconds
[2023-05-25T04:48:09.729+0000] {processor.py:153} INFO - Started process (PID=729) to work on /home/airflow/.local/lib/python3.7/site-packages/airflow/example_dags/example_external_task_marker_dag.py
[2023-05-25T04:48:09.732+0000] {processor.py:743} INFO - Processing file /home/airflow/.local/lib/python3.7/site-packages/airflow/example_dags/example_external_task_marker_dag.py for tasks to queue
[2023-05-25T04:48:09.735+0000] {logging_mixin.py:137} INFO - [2023-05-25T04:48:09.735+0000] {dagbag.py:538} INFO - Filling up the DagBag from /home/airflow/.local/lib/python3.7/site-packages/airflow/example_dags/example_external_task_marker_dag.py
[2023-05-25T04:48:09.760+0000] {processor.py:753} INFO - DAG(s) dict_keys(['example_external_task_marker_parent', 'example_external_task_marker_child']) retrieved from /home/airflow/.local/lib/python3.7/site-packages/airflow/example_dags/example_external_task_marker_dag.py
[2023-05-25T04:48:09.830+0000] {logging_mixin.py:137} INFO - [2023-05-25T04:48:09.830+0000] {dag.py:2690} INFO - Sync 2 DAGs
[2023-05-25T04:48:09.888+0000] {logging_mixin.py:137} INFO - [2023-05-25T04:48:09.887+0000] {dag.py:3441} INFO - Setting next_dagrun for example_external_task_marker_child to None, run_after=None
[2023-05-25T04:48:09.896+0000] {logging_mixin.py:137} INFO - [2023-05-25T04:48:09.896+0000] {dag.py:3441} INFO - Setting next_dagrun for example_external_task_marker_parent to None, run_after=None
[2023-05-25T04:48:09.955+0000] {processor.py:175} INFO - Processing /home/airflow/.local/lib/python3.7/site-packages/airflow/example_dags/example_external_task_marker_dag.py took 0.232 seconds
[2023-05-25T04:48:40.518+0000] {processor.py:153} INFO - Started process (PID=796) to work on /home/airflow/.local/lib/python3.7/site-packages/airflow/example_dags/example_external_task_marker_dag.py
[2023-05-25T04:48:40.524+0000] {processor.py:743} INFO - Processing file /home/airflow/.local/lib/python3.7/site-packages/airflow/example_dags/example_external_task_marker_dag.py for tasks to queue
[2023-05-25T04:48:40.529+0000] {logging_mixin.py:137} INFO - [2023-05-25T04:48:40.528+0000] {dagbag.py:538} INFO - Filling up the DagBag from /home/airflow/.local/lib/python3.7/site-packages/airflow/example_dags/example_external_task_marker_dag.py
[2023-05-25T04:48:40.595+0000] {processor.py:753} INFO - DAG(s) dict_keys(['example_external_task_marker_child', 'example_external_task_marker_parent']) retrieved from /home/airflow/.local/lib/python3.7/site-packages/airflow/example_dags/example_external_task_marker_dag.py
[2023-05-25T04:48:40.949+0000] {logging_mixin.py:137} INFO - [2023-05-25T04:48:40.949+0000] {dag.py:2690} INFO - Sync 2 DAGs
[2023-05-25T04:48:41.217+0000] {logging_mixin.py:137} INFO - [2023-05-25T04:48:41.217+0000] {dag.py:3441} INFO - Setting next_dagrun for example_external_task_marker_child to None, run_after=None
[2023-05-25T04:48:41.232+0000] {logging_mixin.py:137} INFO - [2023-05-25T04:48:41.232+0000] {dag.py:3441} INFO - Setting next_dagrun for example_external_task_marker_parent to None, run_after=None
[2023-05-25T04:48:41.303+0000] {processor.py:175} INFO - Processing /home/airflow/.local/lib/python3.7/site-packages/airflow/example_dags/example_external_task_marker_dag.py took 0.810 seconds
[2023-05-25T04:49:12.106+0000] {processor.py:153} INFO - Started process (PID=856) to work on /home/airflow/.local/lib/python3.7/site-packages/airflow/example_dags/example_external_task_marker_dag.py
[2023-05-25T04:49:12.128+0000] {processor.py:743} INFO - Processing file /home/airflow/.local/lib/python3.7/site-packages/airflow/example_dags/example_external_task_marker_dag.py for tasks to queue
[2023-05-25T04:49:12.132+0000] {logging_mixin.py:137} INFO - [2023-05-25T04:49:12.132+0000] {dagbag.py:538} INFO - Filling up the DagBag from /home/airflow/.local/lib/python3.7/site-packages/airflow/example_dags/example_external_task_marker_dag.py
[2023-05-25T04:49:12.198+0000] {processor.py:753} INFO - DAG(s) dict_keys(['example_external_task_marker_parent', 'example_external_task_marker_child']) retrieved from /home/airflow/.local/lib/python3.7/site-packages/airflow/example_dags/example_external_task_marker_dag.py
[2023-05-25T04:49:12.335+0000] {logging_mixin.py:137} INFO - [2023-05-25T04:49:12.335+0000] {dag.py:2690} INFO - Sync 2 DAGs
[2023-05-25T04:49:12.471+0000] {logging_mixin.py:137} INFO - [2023-05-25T04:49:12.471+0000] {dag.py:3441} INFO - Setting next_dagrun for example_external_task_marker_child to None, run_after=None
[2023-05-25T04:49:12.489+0000] {logging_mixin.py:137} INFO - [2023-05-25T04:49:12.489+0000] {dag.py:3441} INFO - Setting next_dagrun for example_external_task_marker_parent to None, run_after=None
[2023-05-25T04:49:12.582+0000] {processor.py:175} INFO - Processing /home/airflow/.local/lib/python3.7/site-packages/airflow/example_dags/example_external_task_marker_dag.py took 0.526 seconds
[2023-05-25T04:49:42.754+0000] {processor.py:153} INFO - Started process (PID=916) to work on /home/airflow/.local/lib/python3.7/site-packages/airflow/example_dags/example_external_task_marker_dag.py
[2023-05-25T04:49:42.774+0000] {processor.py:743} INFO - Processing file /home/airflow/.local/lib/python3.7/site-packages/airflow/example_dags/example_external_task_marker_dag.py for tasks to queue
[2023-05-25T04:49:42.777+0000] {logging_mixin.py:137} INFO - [2023-05-25T04:49:42.777+0000] {dagbag.py:538} INFO - Filling up the DagBag from /home/airflow/.local/lib/python3.7/site-packages/airflow/example_dags/example_external_task_marker_dag.py
[2023-05-25T04:49:42.818+0000] {processor.py:753} INFO - DAG(s) dict_keys(['example_external_task_marker_child', 'example_external_task_marker_parent']) retrieved from /home/airflow/.local/lib/python3.7/site-packages/airflow/example_dags/example_external_task_marker_dag.py
[2023-05-25T04:49:42.880+0000] {logging_mixin.py:137} INFO - [2023-05-25T04:49:42.880+0000] {dag.py:2690} INFO - Sync 2 DAGs
[2023-05-25T04:49:42.980+0000] {logging_mixin.py:137} INFO - [2023-05-25T04:49:42.980+0000] {dag.py:3441} INFO - Setting next_dagrun for example_external_task_marker_child to None, run_after=None
[2023-05-25T04:49:42.996+0000] {logging_mixin.py:137} INFO - [2023-05-25T04:49:42.995+0000] {dag.py:3441} INFO - Setting next_dagrun for example_external_task_marker_parent to None, run_after=None
[2023-05-25T04:49:43.052+0000] {processor.py:175} INFO - Processing /home/airflow/.local/lib/python3.7/site-packages/airflow/example_dags/example_external_task_marker_dag.py took 0.304 seconds
[2023-05-25T04:50:13.423+0000] {processor.py:153} INFO - Started process (PID=985) to work on /home/airflow/.local/lib/python3.7/site-packages/airflow/example_dags/example_external_task_marker_dag.py
[2023-05-25T04:50:13.435+0000] {processor.py:743} INFO - Processing file /home/airflow/.local/lib/python3.7/site-packages/airflow/example_dags/example_external_task_marker_dag.py for tasks to queue
[2023-05-25T04:50:13.444+0000] {logging_mixin.py:137} INFO - [2023-05-25T04:50:13.444+0000] {dagbag.py:538} INFO - Filling up the DagBag from /home/airflow/.local/lib/python3.7/site-packages/airflow/example_dags/example_external_task_marker_dag.py
[2023-05-25T04:50:13.729+0000] {processor.py:753} INFO - DAG(s) dict_keys(['example_external_task_marker_parent', 'example_external_task_marker_child']) retrieved from /home/airflow/.local/lib/python3.7/site-packages/airflow/example_dags/example_external_task_marker_dag.py
[2023-05-25T04:50:13.998+0000] {logging_mixin.py:137} INFO - [2023-05-25T04:50:13.998+0000] {dag.py:2690} INFO - Sync 2 DAGs
[2023-05-25T04:50:14.369+0000] {logging_mixin.py:137} INFO - [2023-05-25T04:50:14.369+0000] {dag.py:3441} INFO - Setting next_dagrun for example_external_task_marker_child to None, run_after=None
[2023-05-25T04:50:14.426+0000] {logging_mixin.py:137} INFO - [2023-05-25T04:50:14.422+0000] {dag.py:3441} INFO - Setting next_dagrun for example_external_task_marker_parent to None, run_after=None
[2023-05-25T04:50:14.607+0000] {processor.py:175} INFO - Processing /home/airflow/.local/lib/python3.7/site-packages/airflow/example_dags/example_external_task_marker_dag.py took 1.222 seconds
[2023-05-25T04:50:45.515+0000] {processor.py:153} INFO - Started process (PID=1039) to work on /home/airflow/.local/lib/python3.7/site-packages/airflow/example_dags/example_external_task_marker_dag.py
[2023-05-25T04:50:45.520+0000] {processor.py:743} INFO - Processing file /home/airflow/.local/lib/python3.7/site-packages/airflow/example_dags/example_external_task_marker_dag.py for tasks to queue
[2023-05-25T04:50:45.523+0000] {logging_mixin.py:137} INFO - [2023-05-25T04:50:45.523+0000] {dagbag.py:538} INFO - Filling up the DagBag from /home/airflow/.local/lib/python3.7/site-packages/airflow/example_dags/example_external_task_marker_dag.py
[2023-05-25T04:50:45.677+0000] {processor.py:753} INFO - DAG(s) dict_keys(['example_external_task_marker_child', 'example_external_task_marker_parent']) retrieved from /home/airflow/.local/lib/python3.7/site-packages/airflow/example_dags/example_external_task_marker_dag.py
[2023-05-25T04:50:45.995+0000] {logging_mixin.py:137} INFO - [2023-05-25T04:50:45.995+0000] {dag.py:2690} INFO - Sync 2 DAGs
[2023-05-25T04:50:46.221+0000] {logging_mixin.py:137} INFO - [2023-05-25T04:50:46.221+0000] {dag.py:3441} INFO - Setting next_dagrun for example_external_task_marker_child to None, run_after=None
[2023-05-25T04:50:46.241+0000] {logging_mixin.py:137} INFO - [2023-05-25T04:50:46.241+0000] {dag.py:3441} INFO - Setting next_dagrun for example_external_task_marker_parent to None, run_after=None
[2023-05-25T04:50:46.305+0000] {processor.py:175} INFO - Processing /home/airflow/.local/lib/python3.7/site-packages/airflow/example_dags/example_external_task_marker_dag.py took 0.806 seconds
[2023-05-25T04:51:17.687+0000] {processor.py:153} INFO - Started process (PID=1099) to work on /home/airflow/.local/lib/python3.7/site-packages/airflow/example_dags/example_external_task_marker_dag.py
[2023-05-25T04:51:17.719+0000] {processor.py:743} INFO - Processing file /home/airflow/.local/lib/python3.7/site-packages/airflow/example_dags/example_external_task_marker_dag.py for tasks to queue
[2023-05-25T04:51:17.723+0000] {logging_mixin.py:137} INFO - [2023-05-25T04:51:17.722+0000] {dagbag.py:538} INFO - Filling up the DagBag from /home/airflow/.local/lib/python3.7/site-packages/airflow/example_dags/example_external_task_marker_dag.py
[2023-05-25T04:51:17.863+0000] {processor.py:753} INFO - DAG(s) dict_keys(['example_external_task_marker_parent', 'example_external_task_marker_child']) retrieved from /home/airflow/.local/lib/python3.7/site-packages/airflow/example_dags/example_external_task_marker_dag.py
[2023-05-25T04:51:18.070+0000] {logging_mixin.py:137} INFO - [2023-05-25T04:51:18.070+0000] {dag.py:2690} INFO - Sync 2 DAGs
[2023-05-25T04:51:18.226+0000] {logging_mixin.py:137} INFO - [2023-05-25T04:51:18.226+0000] {dag.py:3441} INFO - Setting next_dagrun for example_external_task_marker_child to None, run_after=None
[2023-05-25T04:51:18.252+0000] {logging_mixin.py:137} INFO - [2023-05-25T04:51:18.252+0000] {dag.py:3441} INFO - Setting next_dagrun for example_external_task_marker_parent to None, run_after=None
[2023-05-25T04:51:18.354+0000] {processor.py:175} INFO - Processing /home/airflow/.local/lib/python3.7/site-packages/airflow/example_dags/example_external_task_marker_dag.py took 0.677 seconds
[2023-05-25T04:51:49.170+0000] {processor.py:153} INFO - Started process (PID=1149) to work on /home/airflow/.local/lib/python3.7/site-packages/airflow/example_dags/example_external_task_marker_dag.py
[2023-05-25T04:51:49.201+0000] {processor.py:743} INFO - Processing file /home/airflow/.local/lib/python3.7/site-packages/airflow/example_dags/example_external_task_marker_dag.py for tasks to queue
[2023-05-25T04:51:49.252+0000] {logging_mixin.py:137} INFO - [2023-05-25T04:51:49.227+0000] {dagbag.py:538} INFO - Filling up the DagBag from /home/airflow/.local/lib/python3.7/site-packages/airflow/example_dags/example_external_task_marker_dag.py
[2023-05-25T04:51:49.502+0000] {processor.py:753} INFO - DAG(s) dict_keys(['example_external_task_marker_child', 'example_external_task_marker_parent']) retrieved from /home/airflow/.local/lib/python3.7/site-packages/airflow/example_dags/example_external_task_marker_dag.py
[2023-05-25T04:51:49.895+0000] {logging_mixin.py:137} INFO - [2023-05-25T04:51:49.895+0000] {dag.py:2690} INFO - Sync 2 DAGs
[2023-05-25T04:51:50.243+0000] {logging_mixin.py:137} INFO - [2023-05-25T04:51:50.242+0000] {dag.py:3441} INFO - Setting next_dagrun for example_external_task_marker_child to None, run_after=None
[2023-05-25T04:51:50.324+0000] {logging_mixin.py:137} INFO - [2023-05-25T04:51:50.310+0000] {dag.py:3441} INFO - Setting next_dagrun for example_external_task_marker_parent to None, run_after=None
[2023-05-25T04:51:50.472+0000] {processor.py:175} INFO - Processing /home/airflow/.local/lib/python3.7/site-packages/airflow/example_dags/example_external_task_marker_dag.py took 1.376 seconds
[2023-05-25T04:52:20.674+0000] {processor.py:153} INFO - Started process (PID=1208) to work on /home/airflow/.local/lib/python3.7/site-packages/airflow/example_dags/example_external_task_marker_dag.py
[2023-05-25T04:52:20.689+0000] {processor.py:743} INFO - Processing file /home/airflow/.local/lib/python3.7/site-packages/airflow/example_dags/example_external_task_marker_dag.py for tasks to queue
[2023-05-25T04:52:20.691+0000] {logging_mixin.py:137} INFO - [2023-05-25T04:52:20.691+0000] {dagbag.py:538} INFO - Filling up the DagBag from /home/airflow/.local/lib/python3.7/site-packages/airflow/example_dags/example_external_task_marker_dag.py
[2023-05-25T04:52:20.719+0000] {processor.py:753} INFO - DAG(s) dict_keys(['example_external_task_marker_parent', 'example_external_task_marker_child']) retrieved from /home/airflow/.local/lib/python3.7/site-packages/airflow/example_dags/example_external_task_marker_dag.py
[2023-05-25T04:52:20.794+0000] {logging_mixin.py:137} INFO - [2023-05-25T04:52:20.793+0000] {dag.py:2690} INFO - Sync 2 DAGs
[2023-05-25T04:52:20.861+0000] {logging_mixin.py:137} INFO - [2023-05-25T04:52:20.861+0000] {dag.py:3441} INFO - Setting next_dagrun for example_external_task_marker_child to None, run_after=None
[2023-05-25T04:52:20.876+0000] {logging_mixin.py:137} INFO - [2023-05-25T04:52:20.876+0000] {dag.py:3441} INFO - Setting next_dagrun for example_external_task_marker_parent to None, run_after=None
[2023-05-25T04:52:20.908+0000] {processor.py:175} INFO - Processing /home/airflow/.local/lib/python3.7/site-packages/airflow/example_dags/example_external_task_marker_dag.py took 0.239 seconds
[2023-05-25T04:52:51.243+0000] {processor.py:153} INFO - Started process (PID=1268) to work on /home/airflow/.local/lib/python3.7/site-packages/airflow/example_dags/example_external_task_marker_dag.py
[2023-05-25T04:52:51.248+0000] {processor.py:743} INFO - Processing file /home/airflow/.local/lib/python3.7/site-packages/airflow/example_dags/example_external_task_marker_dag.py for tasks to queue
[2023-05-25T04:52:51.256+0000] {logging_mixin.py:137} INFO - [2023-05-25T04:52:51.254+0000] {dagbag.py:538} INFO - Filling up the DagBag from /home/airflow/.local/lib/python3.7/site-packages/airflow/example_dags/example_external_task_marker_dag.py
[2023-05-25T04:52:51.343+0000] {processor.py:753} INFO - DAG(s) dict_keys(['example_external_task_marker_parent', 'example_external_task_marker_child']) retrieved from /home/airflow/.local/lib/python3.7/site-packages/airflow/example_dags/example_external_task_marker_dag.py
[2023-05-25T04:52:51.431+0000] {logging_mixin.py:137} INFO - [2023-05-25T04:52:51.429+0000] {dag.py:2690} INFO - Sync 2 DAGs
[2023-05-25T04:52:51.496+0000] {logging_mixin.py:137} INFO - [2023-05-25T04:52:51.496+0000] {dag.py:3441} INFO - Setting next_dagrun for example_external_task_marker_child to None, run_after=None
[2023-05-25T04:52:51.506+0000] {logging_mixin.py:137} INFO - [2023-05-25T04:52:51.505+0000] {dag.py:3441} INFO - Setting next_dagrun for example_external_task_marker_parent to None, run_after=None
[2023-05-25T04:52:51.552+0000] {processor.py:175} INFO - Processing /home/airflow/.local/lib/python3.7/site-packages/airflow/example_dags/example_external_task_marker_dag.py took 0.329 seconds
[2023-05-25T04:53:22.395+0000] {processor.py:153} INFO - Started process (PID=1329) to work on /home/airflow/.local/lib/python3.7/site-packages/airflow/example_dags/example_external_task_marker_dag.py
[2023-05-25T04:53:22.402+0000] {processor.py:743} INFO - Processing file /home/airflow/.local/lib/python3.7/site-packages/airflow/example_dags/example_external_task_marker_dag.py for tasks to queue
[2023-05-25T04:53:22.405+0000] {logging_mixin.py:137} INFO - [2023-05-25T04:53:22.405+0000] {dagbag.py:538} INFO - Filling up the DagBag from /home/airflow/.local/lib/python3.7/site-packages/airflow/example_dags/example_external_task_marker_dag.py
[2023-05-25T04:53:22.428+0000] {processor.py:753} INFO - DAG(s) dict_keys(['example_external_task_marker_child', 'example_external_task_marker_parent']) retrieved from /home/airflow/.local/lib/python3.7/site-packages/airflow/example_dags/example_external_task_marker_dag.py
[2023-05-25T04:53:22.465+0000] {logging_mixin.py:137} INFO - [2023-05-25T04:53:22.465+0000] {dag.py:2690} INFO - Sync 2 DAGs
[2023-05-25T04:53:22.503+0000] {logging_mixin.py:137} INFO - [2023-05-25T04:53:22.503+0000] {dag.py:3441} INFO - Setting next_dagrun for example_external_task_marker_child to None, run_after=None
[2023-05-25T04:53:22.509+0000] {logging_mixin.py:137} INFO - [2023-05-25T04:53:22.509+0000] {dag.py:3441} INFO - Setting next_dagrun for example_external_task_marker_parent to None, run_after=None
[2023-05-25T04:53:22.537+0000] {processor.py:175} INFO - Processing /home/airflow/.local/lib/python3.7/site-packages/airflow/example_dags/example_external_task_marker_dag.py took 0.148 seconds
[2023-05-25T04:53:52.774+0000] {processor.py:153} INFO - Started process (PID=1388) to work on /home/airflow/.local/lib/python3.7/site-packages/airflow/example_dags/example_external_task_marker_dag.py
[2023-05-25T04:53:52.783+0000] {processor.py:743} INFO - Processing file /home/airflow/.local/lib/python3.7/site-packages/airflow/example_dags/example_external_task_marker_dag.py for tasks to queue
[2023-05-25T04:53:52.786+0000] {logging_mixin.py:137} INFO - [2023-05-25T04:53:52.785+0000] {dagbag.py:538} INFO - Filling up the DagBag from /home/airflow/.local/lib/python3.7/site-packages/airflow/example_dags/example_external_task_marker_dag.py
[2023-05-25T04:53:52.814+0000] {processor.py:753} INFO - DAG(s) dict_keys(['example_external_task_marker_parent', 'example_external_task_marker_child']) retrieved from /home/airflow/.local/lib/python3.7/site-packages/airflow/example_dags/example_external_task_marker_dag.py
[2023-05-25T04:53:52.871+0000] {logging_mixin.py:137} INFO - [2023-05-25T04:53:52.870+0000] {dag.py:2690} INFO - Sync 2 DAGs
[2023-05-25T04:53:52.919+0000] {logging_mixin.py:137} INFO - [2023-05-25T04:53:52.919+0000] {dag.py:3441} INFO - Setting next_dagrun for example_external_task_marker_child to None, run_after=None
[2023-05-25T04:53:52.928+0000] {logging_mixin.py:137} INFO - [2023-05-25T04:53:52.928+0000] {dag.py:3441} INFO - Setting next_dagrun for example_external_task_marker_parent to None, run_after=None
[2023-05-25T04:53:52.964+0000] {processor.py:175} INFO - Processing /home/airflow/.local/lib/python3.7/site-packages/airflow/example_dags/example_external_task_marker_dag.py took 0.197 seconds
[2023-05-25T04:54:23.789+0000] {processor.py:153} INFO - Started process (PID=1448) to work on /home/airflow/.local/lib/python3.7/site-packages/airflow/example_dags/example_external_task_marker_dag.py
[2023-05-25T04:54:23.796+0000] {processor.py:743} INFO - Processing file /home/airflow/.local/lib/python3.7/site-packages/airflow/example_dags/example_external_task_marker_dag.py for tasks to queue
[2023-05-25T04:54:23.823+0000] {logging_mixin.py:137} INFO - [2023-05-25T04:54:23.823+0000] {dagbag.py:538} INFO - Filling up the DagBag from /home/airflow/.local/lib/python3.7/site-packages/airflow/example_dags/example_external_task_marker_dag.py
[2023-05-25T04:54:24.096+0000] {processor.py:753} INFO - DAG(s) dict_keys(['example_external_task_marker_child', 'example_external_task_marker_parent']) retrieved from /home/airflow/.local/lib/python3.7/site-packages/airflow/example_dags/example_external_task_marker_dag.py
[2023-05-25T04:54:24.207+0000] {logging_mixin.py:137} INFO - [2023-05-25T04:54:24.206+0000] {dag.py:2690} INFO - Sync 2 DAGs
[2023-05-25T04:54:24.740+0000] {logging_mixin.py:137} INFO - [2023-05-25T04:54:24.727+0000] {dag.py:3441} INFO - Setting next_dagrun for example_external_task_marker_child to None, run_after=None
[2023-05-25T04:54:24.768+0000] {logging_mixin.py:137} INFO - [2023-05-25T04:54:24.767+0000] {dag.py:3441} INFO - Setting next_dagrun for example_external_task_marker_parent to None, run_after=None
[2023-05-25T04:54:25.020+0000] {processor.py:175} INFO - Processing /home/airflow/.local/lib/python3.7/site-packages/airflow/example_dags/example_external_task_marker_dag.py took 1.234 seconds
[2023-05-25T04:54:55.731+0000] {processor.py:153} INFO - Started process (PID=1508) to work on /home/airflow/.local/lib/python3.7/site-packages/airflow/example_dags/example_external_task_marker_dag.py
[2023-05-25T04:54:55.749+0000] {processor.py:743} INFO - Processing file /home/airflow/.local/lib/python3.7/site-packages/airflow/example_dags/example_external_task_marker_dag.py for tasks to queue
[2023-05-25T04:54:55.752+0000] {logging_mixin.py:137} INFO - [2023-05-25T04:54:55.752+0000] {dagbag.py:538} INFO - Filling up the DagBag from /home/airflow/.local/lib/python3.7/site-packages/airflow/example_dags/example_external_task_marker_dag.py
[2023-05-25T04:54:55.853+0000] {processor.py:753} INFO - DAG(s) dict_keys(['example_external_task_marker_parent', 'example_external_task_marker_child']) retrieved from /home/airflow/.local/lib/python3.7/site-packages/airflow/example_dags/example_external_task_marker_dag.py
[2023-05-25T04:54:55.958+0000] {logging_mixin.py:137} INFO - [2023-05-25T04:54:55.958+0000] {dag.py:2690} INFO - Sync 2 DAGs
[2023-05-25T04:54:56.120+0000] {logging_mixin.py:137} INFO - [2023-05-25T04:54:56.120+0000] {dag.py:3441} INFO - Setting next_dagrun for example_external_task_marker_child to None, run_after=None
[2023-05-25T04:54:56.141+0000] {logging_mixin.py:137} INFO - [2023-05-25T04:54:56.141+0000] {dag.py:3441} INFO - Setting next_dagrun for example_external_task_marker_parent to None, run_after=None
[2023-05-25T04:54:56.305+0000] {processor.py:175} INFO - Processing /home/airflow/.local/lib/python3.7/site-packages/airflow/example_dags/example_external_task_marker_dag.py took 0.579 seconds
[2023-05-25T04:55:26.461+0000] {processor.py:153} INFO - Started process (PID=1568) to work on /home/airflow/.local/lib/python3.7/site-packages/airflow/example_dags/example_external_task_marker_dag.py
[2023-05-25T04:55:26.465+0000] {processor.py:743} INFO - Processing file /home/airflow/.local/lib/python3.7/site-packages/airflow/example_dags/example_external_task_marker_dag.py for tasks to queue
[2023-05-25T04:55:26.469+0000] {logging_mixin.py:137} INFO - [2023-05-25T04:55:26.468+0000] {dagbag.py:538} INFO - Filling up the DagBag from /home/airflow/.local/lib/python3.7/site-packages/airflow/example_dags/example_external_task_marker_dag.py
[2023-05-25T04:55:26.523+0000] {processor.py:753} INFO - DAG(s) dict_keys(['example_external_task_marker_child', 'example_external_task_marker_parent']) retrieved from /home/airflow/.local/lib/python3.7/site-packages/airflow/example_dags/example_external_task_marker_dag.py
[2023-05-25T04:55:26.602+0000] {logging_mixin.py:137} INFO - [2023-05-25T04:55:26.602+0000] {dag.py:2690} INFO - Sync 2 DAGs
[2023-05-25T04:55:26.678+0000] {logging_mixin.py:137} INFO - [2023-05-25T04:55:26.678+0000] {dag.py:3441} INFO - Setting next_dagrun for example_external_task_marker_child to None, run_after=None
[2023-05-25T04:55:26.689+0000] {logging_mixin.py:137} INFO - [2023-05-25T04:55:26.689+0000] {dag.py:3441} INFO - Setting next_dagrun for example_external_task_marker_parent to None, run_after=None
[2023-05-25T04:55:26.749+0000] {processor.py:175} INFO - Processing /home/airflow/.local/lib/python3.7/site-packages/airflow/example_dags/example_external_task_marker_dag.py took 0.296 seconds
[2023-05-25T04:55:56.862+0000] {processor.py:153} INFO - Started process (PID=1629) to work on /home/airflow/.local/lib/python3.7/site-packages/airflow/example_dags/example_external_task_marker_dag.py
[2023-05-25T04:55:56.865+0000] {processor.py:743} INFO - Processing file /home/airflow/.local/lib/python3.7/site-packages/airflow/example_dags/example_external_task_marker_dag.py for tasks to queue
[2023-05-25T04:55:56.873+0000] {logging_mixin.py:137} INFO - [2023-05-25T04:55:56.873+0000] {dagbag.py:538} INFO - Filling up the DagBag from /home/airflow/.local/lib/python3.7/site-packages/airflow/example_dags/example_external_task_marker_dag.py
[2023-05-25T04:55:56.953+0000] {processor.py:753} INFO - DAG(s) dict_keys(['example_external_task_marker_child', 'example_external_task_marker_parent']) retrieved from /home/airflow/.local/lib/python3.7/site-packages/airflow/example_dags/example_external_task_marker_dag.py
[2023-05-25T04:55:57.110+0000] {logging_mixin.py:137} INFO - [2023-05-25T04:55:57.110+0000] {dag.py:2690} INFO - Sync 2 DAGs
[2023-05-25T04:55:57.223+0000] {logging_mixin.py:137} INFO - [2023-05-25T04:55:57.222+0000] {dag.py:3441} INFO - Setting next_dagrun for example_external_task_marker_child to None, run_after=None
[2023-05-25T04:55:57.233+0000] {logging_mixin.py:137} INFO - [2023-05-25T04:55:57.233+0000] {dag.py:3441} INFO - Setting next_dagrun for example_external_task_marker_parent to None, run_after=None
[2023-05-25T04:55:57.316+0000] {processor.py:175} INFO - Processing /home/airflow/.local/lib/python3.7/site-packages/airflow/example_dags/example_external_task_marker_dag.py took 0.464 seconds
[2023-05-25T04:56:27.897+0000] {processor.py:153} INFO - Started process (PID=1688) to work on /home/airflow/.local/lib/python3.7/site-packages/airflow/example_dags/example_external_task_marker_dag.py
[2023-05-25T04:56:27.905+0000] {processor.py:743} INFO - Processing file /home/airflow/.local/lib/python3.7/site-packages/airflow/example_dags/example_external_task_marker_dag.py for tasks to queue
[2023-05-25T04:56:27.908+0000] {logging_mixin.py:137} INFO - [2023-05-25T04:56:27.908+0000] {dagbag.py:538} INFO - Filling up the DagBag from /home/airflow/.local/lib/python3.7/site-packages/airflow/example_dags/example_external_task_marker_dag.py
[2023-05-25T04:56:27.942+0000] {processor.py:753} INFO - DAG(s) dict_keys(['example_external_task_marker_child', 'example_external_task_marker_parent']) retrieved from /home/airflow/.local/lib/python3.7/site-packages/airflow/example_dags/example_external_task_marker_dag.py
[2023-05-25T04:56:27.981+0000] {logging_mixin.py:137} INFO - [2023-05-25T04:56:27.981+0000] {dag.py:2690} INFO - Sync 2 DAGs
[2023-05-25T04:56:28.024+0000] {logging_mixin.py:137} INFO - [2023-05-25T04:56:28.023+0000] {dag.py:3441} INFO - Setting next_dagrun for example_external_task_marker_child to None, run_after=None
[2023-05-25T04:56:28.035+0000] {logging_mixin.py:137} INFO - [2023-05-25T04:56:28.035+0000] {dag.py:3441} INFO - Setting next_dagrun for example_external_task_marker_parent to None, run_after=None
[2023-05-25T04:56:28.074+0000] {processor.py:175} INFO - Processing /home/airflow/.local/lib/python3.7/site-packages/airflow/example_dags/example_external_task_marker_dag.py took 0.186 seconds
[2023-05-25T04:56:58.424+0000] {processor.py:153} INFO - Started process (PID=1748) to work on /home/airflow/.local/lib/python3.7/site-packages/airflow/example_dags/example_external_task_marker_dag.py
[2023-05-25T04:56:58.427+0000] {processor.py:743} INFO - Processing file /home/airflow/.local/lib/python3.7/site-packages/airflow/example_dags/example_external_task_marker_dag.py for tasks to queue
[2023-05-25T04:56:58.429+0000] {logging_mixin.py:137} INFO - [2023-05-25T04:56:58.429+0000] {dagbag.py:538} INFO - Filling up the DagBag from /home/airflow/.local/lib/python3.7/site-packages/airflow/example_dags/example_external_task_marker_dag.py
[2023-05-25T04:56:58.486+0000] {processor.py:753} INFO - DAG(s) dict_keys(['example_external_task_marker_parent', 'example_external_task_marker_child']) retrieved from /home/airflow/.local/lib/python3.7/site-packages/airflow/example_dags/example_external_task_marker_dag.py
[2023-05-25T04:56:58.539+0000] {logging_mixin.py:137} INFO - [2023-05-25T04:56:58.539+0000] {dag.py:2690} INFO - Sync 2 DAGs
[2023-05-25T04:56:58.580+0000] {logging_mixin.py:137} INFO - [2023-05-25T04:56:58.580+0000] {dag.py:3441} INFO - Setting next_dagrun for example_external_task_marker_child to None, run_after=None
[2023-05-25T04:56:58.596+0000] {logging_mixin.py:137} INFO - [2023-05-25T04:56:58.596+0000] {dag.py:3441} INFO - Setting next_dagrun for example_external_task_marker_parent to None, run_after=None
[2023-05-25T04:56:58.623+0000] {processor.py:175} INFO - Processing /home/airflow/.local/lib/python3.7/site-packages/airflow/example_dags/example_external_task_marker_dag.py took 0.213 seconds
[2023-05-25T04:57:28.752+0000] {processor.py:153} INFO - Started process (PID=1808) to work on /home/airflow/.local/lib/python3.7/site-packages/airflow/example_dags/example_external_task_marker_dag.py
[2023-05-25T04:57:28.762+0000] {processor.py:743} INFO - Processing file /home/airflow/.local/lib/python3.7/site-packages/airflow/example_dags/example_external_task_marker_dag.py for tasks to queue
[2023-05-25T04:57:28.766+0000] {logging_mixin.py:137} INFO - [2023-05-25T04:57:28.766+0000] {dagbag.py:538} INFO - Filling up the DagBag from /home/airflow/.local/lib/python3.7/site-packages/airflow/example_dags/example_external_task_marker_dag.py
[2023-05-25T04:57:28.811+0000] {processor.py:753} INFO - DAG(s) dict_keys(['example_external_task_marker_child', 'example_external_task_marker_parent']) retrieved from /home/airflow/.local/lib/python3.7/site-packages/airflow/example_dags/example_external_task_marker_dag.py
[2023-05-25T04:57:28.890+0000] {logging_mixin.py:137} INFO - [2023-05-25T04:57:28.889+0000] {dag.py:2690} INFO - Sync 2 DAGs
[2023-05-25T04:57:28.970+0000] {logging_mixin.py:137} INFO - [2023-05-25T04:57:28.970+0000] {dag.py:3441} INFO - Setting next_dagrun for example_external_task_marker_child to None, run_after=None
[2023-05-25T04:57:28.985+0000] {logging_mixin.py:137} INFO - [2023-05-25T04:57:28.985+0000] {dag.py:3441} INFO - Setting next_dagrun for example_external_task_marker_parent to None, run_after=None
[2023-05-25T04:57:29.058+0000] {processor.py:175} INFO - Processing /home/airflow/.local/lib/python3.7/site-packages/airflow/example_dags/example_external_task_marker_dag.py took 0.317 seconds
[2023-05-25T04:57:59.504+0000] {processor.py:153} INFO - Started process (PID=1867) to work on /home/airflow/.local/lib/python3.7/site-packages/airflow/example_dags/example_external_task_marker_dag.py
[2023-05-25T04:57:59.509+0000] {processor.py:743} INFO - Processing file /home/airflow/.local/lib/python3.7/site-packages/airflow/example_dags/example_external_task_marker_dag.py for tasks to queue
[2023-05-25T04:57:59.514+0000] {logging_mixin.py:137} INFO - [2023-05-25T04:57:59.513+0000] {dagbag.py:538} INFO - Filling up the DagBag from /home/airflow/.local/lib/python3.7/site-packages/airflow/example_dags/example_external_task_marker_dag.py
[2023-05-25T04:57:59.563+0000] {processor.py:753} INFO - DAG(s) dict_keys(['example_external_task_marker_parent', 'example_external_task_marker_child']) retrieved from /home/airflow/.local/lib/python3.7/site-packages/airflow/example_dags/example_external_task_marker_dag.py
[2023-05-25T04:57:59.670+0000] {logging_mixin.py:137} INFO - [2023-05-25T04:57:59.669+0000] {dag.py:2690} INFO - Sync 2 DAGs
[2023-05-25T04:57:59.744+0000] {logging_mixin.py:137} INFO - [2023-05-25T04:57:59.744+0000] {dag.py:3441} INFO - Setting next_dagrun for example_external_task_marker_child to None, run_after=None
[2023-05-25T04:57:59.756+0000] {logging_mixin.py:137} INFO - [2023-05-25T04:57:59.756+0000] {dag.py:3441} INFO - Setting next_dagrun for example_external_task_marker_parent to None, run_after=None
[2023-05-25T04:57:59.799+0000] {processor.py:175} INFO - Processing /home/airflow/.local/lib/python3.7/site-packages/airflow/example_dags/example_external_task_marker_dag.py took 0.307 seconds
[2023-05-25T04:58:30.571+0000] {processor.py:153} INFO - Started process (PID=1927) to work on /home/airflow/.local/lib/python3.7/site-packages/airflow/example_dags/example_external_task_marker_dag.py
[2023-05-25T04:58:30.575+0000] {processor.py:743} INFO - Processing file /home/airflow/.local/lib/python3.7/site-packages/airflow/example_dags/example_external_task_marker_dag.py for tasks to queue
[2023-05-25T04:58:30.577+0000] {logging_mixin.py:137} INFO - [2023-05-25T04:58:30.577+0000] {dagbag.py:538} INFO - Filling up the DagBag from /home/airflow/.local/lib/python3.7/site-packages/airflow/example_dags/example_external_task_marker_dag.py
[2023-05-25T04:58:30.629+0000] {processor.py:753} INFO - DAG(s) dict_keys(['example_external_task_marker_child', 'example_external_task_marker_parent']) retrieved from /home/airflow/.local/lib/python3.7/site-packages/airflow/example_dags/example_external_task_marker_dag.py
[2023-05-25T04:58:30.670+0000] {logging_mixin.py:137} INFO - [2023-05-25T04:58:30.670+0000] {dag.py:2690} INFO - Sync 2 DAGs
[2023-05-25T04:58:30.708+0000] {logging_mixin.py:137} INFO - [2023-05-25T04:58:30.708+0000] {dag.py:3441} INFO - Setting next_dagrun for example_external_task_marker_child to None, run_after=None
[2023-05-25T04:58:30.718+0000] {logging_mixin.py:137} INFO - [2023-05-25T04:58:30.718+0000] {dag.py:3441} INFO - Setting next_dagrun for example_external_task_marker_parent to None, run_after=None
[2023-05-25T04:58:30.745+0000] {processor.py:175} INFO - Processing /home/airflow/.local/lib/python3.7/site-packages/airflow/example_dags/example_external_task_marker_dag.py took 0.178 seconds
[2023-05-25T04:59:00.888+0000] {processor.py:153} INFO - Started process (PID=1988) to work on /home/airflow/.local/lib/python3.7/site-packages/airflow/example_dags/example_external_task_marker_dag.py
[2023-05-25T04:59:00.893+0000] {processor.py:743} INFO - Processing file /home/airflow/.local/lib/python3.7/site-packages/airflow/example_dags/example_external_task_marker_dag.py for tasks to queue
[2023-05-25T04:59:00.902+0000] {logging_mixin.py:137} INFO - [2023-05-25T04:59:00.901+0000] {dagbag.py:538} INFO - Filling up the DagBag from /home/airflow/.local/lib/python3.7/site-packages/airflow/example_dags/example_external_task_marker_dag.py
[2023-05-25T04:59:00.937+0000] {processor.py:753} INFO - DAG(s) dict_keys(['example_external_task_marker_parent', 'example_external_task_marker_child']) retrieved from /home/airflow/.local/lib/python3.7/site-packages/airflow/example_dags/example_external_task_marker_dag.py
[2023-05-25T04:59:00.998+0000] {logging_mixin.py:137} INFO - [2023-05-25T04:59:00.998+0000] {dag.py:2690} INFO - Sync 2 DAGs
[2023-05-25T04:59:01.061+0000] {logging_mixin.py:137} INFO - [2023-05-25T04:59:01.061+0000] {dag.py:3441} INFO - Setting next_dagrun for example_external_task_marker_child to None, run_after=None
[2023-05-25T04:59:01.072+0000] {logging_mixin.py:137} INFO - [2023-05-25T04:59:01.072+0000] {dag.py:3441} INFO - Setting next_dagrun for example_external_task_marker_parent to None, run_after=None
[2023-05-25T04:59:01.111+0000] {processor.py:175} INFO - Processing /home/airflow/.local/lib/python3.7/site-packages/airflow/example_dags/example_external_task_marker_dag.py took 0.236 seconds
[2023-05-25T04:59:31.569+0000] {processor.py:153} INFO - Started process (PID=2047) to work on /home/airflow/.local/lib/python3.7/site-packages/airflow/example_dags/example_external_task_marker_dag.py
[2023-05-25T04:59:31.574+0000] {processor.py:743} INFO - Processing file /home/airflow/.local/lib/python3.7/site-packages/airflow/example_dags/example_external_task_marker_dag.py for tasks to queue
[2023-05-25T04:59:31.579+0000] {logging_mixin.py:137} INFO - [2023-05-25T04:59:31.579+0000] {dagbag.py:538} INFO - Filling up the DagBag from /home/airflow/.local/lib/python3.7/site-packages/airflow/example_dags/example_external_task_marker_dag.py
[2023-05-25T04:59:31.604+0000] {processor.py:753} INFO - DAG(s) dict_keys(['example_external_task_marker_parent', 'example_external_task_marker_child']) retrieved from /home/airflow/.local/lib/python3.7/site-packages/airflow/example_dags/example_external_task_marker_dag.py
[2023-05-25T04:59:31.645+0000] {logging_mixin.py:137} INFO - [2023-05-25T04:59:31.645+0000] {dag.py:2690} INFO - Sync 2 DAGs
[2023-05-25T04:59:31.683+0000] {logging_mixin.py:137} INFO - [2023-05-25T04:59:31.682+0000] {dag.py:3441} INFO - Setting next_dagrun for example_external_task_marker_child to None, run_after=None
[2023-05-25T04:59:31.691+0000] {logging_mixin.py:137} INFO - [2023-05-25T04:59:31.691+0000] {dag.py:3441} INFO - Setting next_dagrun for example_external_task_marker_parent to None, run_after=None
[2023-05-25T04:59:31.723+0000] {processor.py:175} INFO - Processing /home/airflow/.local/lib/python3.7/site-packages/airflow/example_dags/example_external_task_marker_dag.py took 0.159 seconds
[2023-05-25T05:00:02.085+0000] {processor.py:153} INFO - Started process (PID=2107) to work on /home/airflow/.local/lib/python3.7/site-packages/airflow/example_dags/example_external_task_marker_dag.py
[2023-05-25T05:00:02.089+0000] {processor.py:743} INFO - Processing file /home/airflow/.local/lib/python3.7/site-packages/airflow/example_dags/example_external_task_marker_dag.py for tasks to queue
[2023-05-25T05:00:02.094+0000] {logging_mixin.py:137} INFO - [2023-05-25T05:00:02.094+0000] {dagbag.py:538} INFO - Filling up the DagBag from /home/airflow/.local/lib/python3.7/site-packages/airflow/example_dags/example_external_task_marker_dag.py
[2023-05-25T05:00:02.157+0000] {processor.py:753} INFO - DAG(s) dict_keys(['example_external_task_marker_parent', 'example_external_task_marker_child']) retrieved from /home/airflow/.local/lib/python3.7/site-packages/airflow/example_dags/example_external_task_marker_dag.py
[2023-05-25T05:00:02.250+0000] {logging_mixin.py:137} INFO - [2023-05-25T05:00:02.250+0000] {dag.py:2690} INFO - Sync 2 DAGs
[2023-05-25T05:00:02.325+0000] {logging_mixin.py:137} INFO - [2023-05-25T05:00:02.325+0000] {dag.py:3441} INFO - Setting next_dagrun for example_external_task_marker_child to None, run_after=None
[2023-05-25T05:00:02.338+0000] {logging_mixin.py:137} INFO - [2023-05-25T05:00:02.338+0000] {dag.py:3441} INFO - Setting next_dagrun for example_external_task_marker_parent to None, run_after=None
[2023-05-25T05:00:02.399+0000] {processor.py:175} INFO - Processing /home/airflow/.local/lib/python3.7/site-packages/airflow/example_dags/example_external_task_marker_dag.py took 0.323 seconds
[2023-05-25T05:00:32.891+0000] {processor.py:153} INFO - Started process (PID=2172) to work on /home/airflow/.local/lib/python3.7/site-packages/airflow/example_dags/example_external_task_marker_dag.py
[2023-05-25T05:00:32.895+0000] {processor.py:743} INFO - Processing file /home/airflow/.local/lib/python3.7/site-packages/airflow/example_dags/example_external_task_marker_dag.py for tasks to queue
[2023-05-25T05:00:32.898+0000] {logging_mixin.py:137} INFO - [2023-05-25T05:00:32.897+0000] {dagbag.py:538} INFO - Filling up the DagBag from /home/airflow/.local/lib/python3.7/site-packages/airflow/example_dags/example_external_task_marker_dag.py
[2023-05-25T05:00:32.950+0000] {processor.py:753} INFO - DAG(s) dict_keys(['example_external_task_marker_parent', 'example_external_task_marker_child']) retrieved from /home/airflow/.local/lib/python3.7/site-packages/airflow/example_dags/example_external_task_marker_dag.py
[2023-05-25T05:00:33.033+0000] {logging_mixin.py:137} INFO - [2023-05-25T05:00:33.032+0000] {dag.py:2690} INFO - Sync 2 DAGs
[2023-05-25T05:00:33.125+0000] {logging_mixin.py:137} INFO - [2023-05-25T05:00:33.125+0000] {dag.py:3441} INFO - Setting next_dagrun for example_external_task_marker_child to None, run_after=None
[2023-05-25T05:00:33.170+0000] {logging_mixin.py:137} INFO - [2023-05-25T05:00:33.169+0000] {dag.py:3441} INFO - Setting next_dagrun for example_external_task_marker_parent to None, run_after=None
[2023-05-25T05:00:33.321+0000] {processor.py:175} INFO - Processing /home/airflow/.local/lib/python3.7/site-packages/airflow/example_dags/example_external_task_marker_dag.py took 0.442 seconds
[2023-05-25T05:01:04.194+0000] {processor.py:153} INFO - Started process (PID=2235) to work on /home/airflow/.local/lib/python3.7/site-packages/airflow/example_dags/example_external_task_marker_dag.py
[2023-05-25T05:01:04.206+0000] {processor.py:743} INFO - Processing file /home/airflow/.local/lib/python3.7/site-packages/airflow/example_dags/example_external_task_marker_dag.py for tasks to queue
[2023-05-25T05:01:04.216+0000] {logging_mixin.py:137} INFO - [2023-05-25T05:01:04.216+0000] {dagbag.py:538} INFO - Filling up the DagBag from /home/airflow/.local/lib/python3.7/site-packages/airflow/example_dags/example_external_task_marker_dag.py
[2023-05-25T05:01:04.306+0000] {processor.py:753} INFO - DAG(s) dict_keys(['example_external_task_marker_child', 'example_external_task_marker_parent']) retrieved from /home/airflow/.local/lib/python3.7/site-packages/airflow/example_dags/example_external_task_marker_dag.py
[2023-05-25T05:01:04.403+0000] {logging_mixin.py:137} INFO - [2023-05-25T05:01:04.403+0000] {dag.py:2690} INFO - Sync 2 DAGs
[2023-05-25T05:01:04.504+0000] {logging_mixin.py:137} INFO - [2023-05-25T05:01:04.504+0000] {dag.py:3441} INFO - Setting next_dagrun for example_external_task_marker_child to None, run_after=None
[2023-05-25T05:01:04.514+0000] {logging_mixin.py:137} INFO - [2023-05-25T05:01:04.514+0000] {dag.py:3441} INFO - Setting next_dagrun for example_external_task_marker_parent to None, run_after=None
[2023-05-25T05:01:04.580+0000] {processor.py:175} INFO - Processing /home/airflow/.local/lib/python3.7/site-packages/airflow/example_dags/example_external_task_marker_dag.py took 0.416 seconds
[2023-05-25T05:01:35.113+0000] {processor.py:153} INFO - Started process (PID=2293) to work on /home/airflow/.local/lib/python3.7/site-packages/airflow/example_dags/example_external_task_marker_dag.py
[2023-05-25T05:01:35.118+0000] {processor.py:743} INFO - Processing file /home/airflow/.local/lib/python3.7/site-packages/airflow/example_dags/example_external_task_marker_dag.py for tasks to queue
[2023-05-25T05:01:35.120+0000] {logging_mixin.py:137} INFO - [2023-05-25T05:01:35.120+0000] {dagbag.py:538} INFO - Filling up the DagBag from /home/airflow/.local/lib/python3.7/site-packages/airflow/example_dags/example_external_task_marker_dag.py
[2023-05-25T05:01:35.149+0000] {processor.py:753} INFO - DAG(s) dict_keys(['example_external_task_marker_parent', 'example_external_task_marker_child']) retrieved from /home/airflow/.local/lib/python3.7/site-packages/airflow/example_dags/example_external_task_marker_dag.py
[2023-05-25T05:01:35.254+0000] {logging_mixin.py:137} INFO - [2023-05-25T05:01:35.254+0000] {dag.py:2690} INFO - Sync 2 DAGs
[2023-05-25T05:01:35.347+0000] {logging_mixin.py:137} INFO - [2023-05-25T05:01:35.346+0000] {dag.py:3441} INFO - Setting next_dagrun for example_external_task_marker_child to None, run_after=None
[2023-05-25T05:01:35.359+0000] {logging_mixin.py:137} INFO - [2023-05-25T05:01:35.359+0000] {dag.py:3441} INFO - Setting next_dagrun for example_external_task_marker_parent to None, run_after=None
[2023-05-25T05:01:35.422+0000] {processor.py:175} INFO - Processing /home/airflow/.local/lib/python3.7/site-packages/airflow/example_dags/example_external_task_marker_dag.py took 0.323 seconds
[2023-05-25T05:02:13.137+0000] {processor.py:153} INFO - Started process (PID=2353) to work on /home/airflow/.local/lib/python3.7/site-packages/airflow/example_dags/example_external_task_marker_dag.py
[2023-05-25T05:02:13.140+0000] {processor.py:743} INFO - Processing file /home/airflow/.local/lib/python3.7/site-packages/airflow/example_dags/example_external_task_marker_dag.py for tasks to queue
[2023-05-25T05:02:13.142+0000] {logging_mixin.py:137} INFO - [2023-05-25T05:02:13.142+0000] {dagbag.py:538} INFO - Filling up the DagBag from /home/airflow/.local/lib/python3.7/site-packages/airflow/example_dags/example_external_task_marker_dag.py
[2023-05-25T05:02:13.174+0000] {processor.py:753} INFO - DAG(s) dict_keys(['example_external_task_marker_parent', 'example_external_task_marker_child']) retrieved from /home/airflow/.local/lib/python3.7/site-packages/airflow/example_dags/example_external_task_marker_dag.py
[2023-05-25T05:02:13.243+0000] {logging_mixin.py:137} INFO - [2023-05-25T05:02:13.243+0000] {dag.py:2690} INFO - Sync 2 DAGs
[2023-05-25T05:02:13.336+0000] {logging_mixin.py:137} INFO - [2023-05-25T05:02:13.336+0000] {dag.py:3441} INFO - Setting next_dagrun for example_external_task_marker_child to None, run_after=None
[2023-05-25T05:02:13.351+0000] {logging_mixin.py:137} INFO - [2023-05-25T05:02:13.351+0000] {dag.py:3441} INFO - Setting next_dagrun for example_external_task_marker_parent to None, run_after=None
[2023-05-25T05:02:13.406+0000] {processor.py:175} INFO - Processing /home/airflow/.local/lib/python3.7/site-packages/airflow/example_dags/example_external_task_marker_dag.py took 0.276 seconds
[2023-05-25T05:02:43.622+0000] {processor.py:153} INFO - Started process (PID=2412) to work on /home/airflow/.local/lib/python3.7/site-packages/airflow/example_dags/example_external_task_marker_dag.py
[2023-05-25T05:02:43.625+0000] {processor.py:743} INFO - Processing file /home/airflow/.local/lib/python3.7/site-packages/airflow/example_dags/example_external_task_marker_dag.py for tasks to queue
[2023-05-25T05:02:43.627+0000] {logging_mixin.py:137} INFO - [2023-05-25T05:02:43.627+0000] {dagbag.py:538} INFO - Filling up the DagBag from /home/airflow/.local/lib/python3.7/site-packages/airflow/example_dags/example_external_task_marker_dag.py
[2023-05-25T05:02:43.684+0000] {processor.py:753} INFO - DAG(s) dict_keys(['example_external_task_marker_parent', 'example_external_task_marker_child']) retrieved from /home/airflow/.local/lib/python3.7/site-packages/airflow/example_dags/example_external_task_marker_dag.py
[2023-05-25T05:02:43.789+0000] {logging_mixin.py:137} INFO - [2023-05-25T05:02:43.787+0000] {dag.py:2690} INFO - Sync 2 DAGs
[2023-05-25T05:02:43.856+0000] {logging_mixin.py:137} INFO - [2023-05-25T05:02:43.856+0000] {dag.py:3441} INFO - Setting next_dagrun for example_external_task_marker_child to None, run_after=None
[2023-05-25T05:02:43.901+0000] {logging_mixin.py:137} INFO - [2023-05-25T05:02:43.901+0000] {dag.py:3441} INFO - Setting next_dagrun for example_external_task_marker_parent to None, run_after=None
[2023-05-25T05:02:44.067+0000] {processor.py:175} INFO - Processing /home/airflow/.local/lib/python3.7/site-packages/airflow/example_dags/example_external_task_marker_dag.py took 0.465 seconds
[2023-05-25T05:03:14.283+0000] {processor.py:153} INFO - Started process (PID=2472) to work on /home/airflow/.local/lib/python3.7/site-packages/airflow/example_dags/example_external_task_marker_dag.py
[2023-05-25T05:03:14.288+0000] {processor.py:743} INFO - Processing file /home/airflow/.local/lib/python3.7/site-packages/airflow/example_dags/example_external_task_marker_dag.py for tasks to queue
[2023-05-25T05:03:14.291+0000] {logging_mixin.py:137} INFO - [2023-05-25T05:03:14.291+0000] {dagbag.py:538} INFO - Filling up the DagBag from /home/airflow/.local/lib/python3.7/site-packages/airflow/example_dags/example_external_task_marker_dag.py
[2023-05-25T05:03:14.318+0000] {processor.py:753} INFO - DAG(s) dict_keys(['example_external_task_marker_parent', 'example_external_task_marker_child']) retrieved from /home/airflow/.local/lib/python3.7/site-packages/airflow/example_dags/example_external_task_marker_dag.py
[2023-05-25T05:03:14.382+0000] {logging_mixin.py:137} INFO - [2023-05-25T05:03:14.381+0000] {dag.py:2690} INFO - Sync 2 DAGs
[2023-05-25T05:03:14.456+0000] {logging_mixin.py:137} INFO - [2023-05-25T05:03:14.456+0000] {dag.py:3441} INFO - Setting next_dagrun for example_external_task_marker_child to None, run_after=None
[2023-05-25T05:03:14.467+0000] {logging_mixin.py:137} INFO - [2023-05-25T05:03:14.467+0000] {dag.py:3441} INFO - Setting next_dagrun for example_external_task_marker_parent to None, run_after=None
[2023-05-25T05:03:14.498+0000] {processor.py:175} INFO - Processing /home/airflow/.local/lib/python3.7/site-packages/airflow/example_dags/example_external_task_marker_dag.py took 0.224 seconds
