[2023-05-25T04:36:02.133+0000] {processor.py:153} INFO - Started process (PID=111) to work on /home/airflow/.local/lib/python3.7/site-packages/airflow/example_dags/example_bash_operator.py
[2023-05-25T04:36:02.145+0000] {processor.py:743} INFO - Processing file /home/airflow/.local/lib/python3.7/site-packages/airflow/example_dags/example_bash_operator.py for tasks to queue
[2023-05-25T04:36:02.162+0000] {logging_mixin.py:137} INFO - [2023-05-25T04:36:02.158+0000] {dagbag.py:538} INFO - Filling up the DagBag from /home/airflow/.local/lib/python3.7/site-packages/airflow/example_dags/example_bash_operator.py
[2023-05-25T04:36:02.285+0000] {processor.py:753} INFO - DAG(s) dict_keys(['example_bash_operator']) retrieved from /home/airflow/.local/lib/python3.7/site-packages/airflow/example_dags/example_bash_operator.py
[2023-05-25T04:36:02.600+0000] {logging_mixin.py:137} INFO - [2023-05-25T04:36:02.599+0000] {dag.py:2690} INFO - Sync 1 DAGs
[2023-05-25T04:36:02.826+0000] {logging_mixin.py:137} INFO - [2023-05-25T04:36:02.826+0000] {dag.py:3441} INFO - Setting next_dagrun for example_bash_operator to 2023-05-24T00:00:00+00:00, run_after=2023-05-25T00:00:00+00:00
[2023-05-25T04:36:02.964+0000] {processor.py:175} INFO - Processing /home/airflow/.local/lib/python3.7/site-packages/airflow/example_dags/example_bash_operator.py took 0.868 seconds
[2023-05-25T04:36:34.949+0000] {processor.py:153} INFO - Started process (PID=161) to work on /home/airflow/.local/lib/python3.7/site-packages/airflow/example_dags/example_bash_operator.py
[2023-05-25T04:36:34.964+0000] {processor.py:743} INFO - Processing file /home/airflow/.local/lib/python3.7/site-packages/airflow/example_dags/example_bash_operator.py for tasks to queue
[2023-05-25T04:36:34.966+0000] {logging_mixin.py:137} INFO - [2023-05-25T04:36:34.966+0000] {dagbag.py:538} INFO - Filling up the DagBag from /home/airflow/.local/lib/python3.7/site-packages/airflow/example_dags/example_bash_operator.py
[2023-05-25T04:36:35.085+0000] {processor.py:753} INFO - DAG(s) dict_keys(['example_bash_operator']) retrieved from /home/airflow/.local/lib/python3.7/site-packages/airflow/example_dags/example_bash_operator.py
[2023-05-25T04:36:35.274+0000] {logging_mixin.py:137} INFO - [2023-05-25T04:36:35.274+0000] {dag.py:2690} INFO - Sync 1 DAGs
[2023-05-25T04:36:35.355+0000] {logging_mixin.py:137} INFO - [2023-05-25T04:36:35.355+0000] {dag.py:3441} INFO - Setting next_dagrun for example_bash_operator to 2023-05-24T00:00:00+00:00, run_after=2023-05-25T00:00:00+00:00
[2023-05-25T04:36:35.431+0000] {processor.py:175} INFO - Processing /home/airflow/.local/lib/python3.7/site-packages/airflow/example_dags/example_bash_operator.py took 0.500 seconds
[2023-05-25T04:38:24.873+0000] {processor.py:153} INFO - Started process (PID=261) to work on /home/airflow/.local/lib/python3.7/site-packages/airflow/example_dags/example_bash_operator.py
[2023-05-25T04:38:24.905+0000] {processor.py:743} INFO - Processing file /home/airflow/.local/lib/python3.7/site-packages/airflow/example_dags/example_bash_operator.py for tasks to queue
[2023-05-25T04:38:24.916+0000] {logging_mixin.py:137} INFO - [2023-05-25T04:38:24.914+0000] {dagbag.py:538} INFO - Filling up the DagBag from /home/airflow/.local/lib/python3.7/site-packages/airflow/example_dags/example_bash_operator.py
[2023-05-25T04:38:25.310+0000] {processor.py:753} INFO - DAG(s) dict_keys(['example_bash_operator']) retrieved from /home/airflow/.local/lib/python3.7/site-packages/airflow/example_dags/example_bash_operator.py
[2023-05-25T04:38:25.661+0000] {logging_mixin.py:137} INFO - [2023-05-25T04:38:25.660+0000] {dag.py:2690} INFO - Sync 1 DAGs
[2023-05-25T04:38:25.788+0000] {logging_mixin.py:137} INFO - [2023-05-25T04:38:25.787+0000] {dag.py:3441} INFO - Setting next_dagrun for example_bash_operator to 2023-05-24T00:00:00+00:00, run_after=2023-05-25T00:00:00+00:00
[2023-05-25T04:38:25.880+0000] {processor.py:175} INFO - Processing /home/airflow/.local/lib/python3.7/site-packages/airflow/example_dags/example_bash_operator.py took 1.048 seconds
[2023-05-25T04:38:57.897+0000] {processor.py:153} INFO - Started process (PID=320) to work on /home/airflow/.local/lib/python3.7/site-packages/airflow/example_dags/example_bash_operator.py
[2023-05-25T04:38:57.907+0000] {processor.py:743} INFO - Processing file /home/airflow/.local/lib/python3.7/site-packages/airflow/example_dags/example_bash_operator.py for tasks to queue
[2023-05-25T04:38:57.918+0000] {logging_mixin.py:137} INFO - [2023-05-25T04:38:57.916+0000] {dagbag.py:538} INFO - Filling up the DagBag from /home/airflow/.local/lib/python3.7/site-packages/airflow/example_dags/example_bash_operator.py
[2023-05-25T04:38:58.080+0000] {processor.py:753} INFO - DAG(s) dict_keys(['example_bash_operator']) retrieved from /home/airflow/.local/lib/python3.7/site-packages/airflow/example_dags/example_bash_operator.py
[2023-05-25T04:38:58.348+0000] {logging_mixin.py:137} INFO - [2023-05-25T04:38:58.347+0000] {dag.py:2690} INFO - Sync 1 DAGs
[2023-05-25T04:38:58.408+0000] {logging_mixin.py:137} INFO - [2023-05-25T04:38:58.408+0000] {dag.py:3441} INFO - Setting next_dagrun for example_bash_operator to 2023-05-24T00:00:00+00:00, run_after=2023-05-25T00:00:00+00:00
[2023-05-25T04:38:58.471+0000] {processor.py:175} INFO - Processing /home/airflow/.local/lib/python3.7/site-packages/airflow/example_dags/example_bash_operator.py took 0.600 seconds
[2023-05-25T04:42:19.584+0000] {processor.py:153} INFO - Started process (PID=86) to work on /home/airflow/.local/lib/python3.7/site-packages/airflow/example_dags/example_bash_operator.py
[2023-05-25T04:42:19.592+0000] {processor.py:743} INFO - Processing file /home/airflow/.local/lib/python3.7/site-packages/airflow/example_dags/example_bash_operator.py for tasks to queue
[2023-05-25T04:42:19.606+0000] {logging_mixin.py:137} INFO - [2023-05-25T04:42:19.600+0000] {dagbag.py:538} INFO - Filling up the DagBag from /home/airflow/.local/lib/python3.7/site-packages/airflow/example_dags/example_bash_operator.py
[2023-05-25T04:42:19.763+0000] {processor.py:753} INFO - DAG(s) dict_keys(['example_bash_operator']) retrieved from /home/airflow/.local/lib/python3.7/site-packages/airflow/example_dags/example_bash_operator.py
[2023-05-25T04:42:20.005+0000] {logging_mixin.py:137} INFO - [2023-05-25T04:42:20.005+0000] {dag.py:2690} INFO - Sync 1 DAGs
[2023-05-25T04:42:20.136+0000] {logging_mixin.py:137} INFO - [2023-05-25T04:42:20.136+0000] {dag.py:3441} INFO - Setting next_dagrun for example_bash_operator to 2023-05-24T00:00:00+00:00, run_after=2023-05-25T00:00:00+00:00
[2023-05-25T04:42:20.301+0000] {processor.py:175} INFO - Processing /home/airflow/.local/lib/python3.7/site-packages/airflow/example_dags/example_bash_operator.py took 0.765 seconds
[2023-05-25T04:42:52.086+0000] {processor.py:153} INFO - Started process (PID=144) to work on /home/airflow/.local/lib/python3.7/site-packages/airflow/example_dags/example_bash_operator.py
[2023-05-25T04:42:52.090+0000] {processor.py:743} INFO - Processing file /home/airflow/.local/lib/python3.7/site-packages/airflow/example_dags/example_bash_operator.py for tasks to queue
[2023-05-25T04:42:52.116+0000] {logging_mixin.py:137} INFO - [2023-05-25T04:42:52.116+0000] {dagbag.py:538} INFO - Filling up the DagBag from /home/airflow/.local/lib/python3.7/site-packages/airflow/example_dags/example_bash_operator.py
[2023-05-25T04:42:52.306+0000] {processor.py:753} INFO - DAG(s) dict_keys(['example_bash_operator']) retrieved from /home/airflow/.local/lib/python3.7/site-packages/airflow/example_dags/example_bash_operator.py
[2023-05-25T04:42:52.600+0000] {logging_mixin.py:137} INFO - [2023-05-25T04:42:52.599+0000] {dag.py:2690} INFO - Sync 1 DAGs
[2023-05-25T04:42:52.777+0000] {logging_mixin.py:137} INFO - [2023-05-25T04:42:52.777+0000] {dag.py:3441} INFO - Setting next_dagrun for example_bash_operator to 2023-05-24T00:00:00+00:00, run_after=2023-05-25T00:00:00+00:00
[2023-05-25T04:42:52.899+0000] {processor.py:175} INFO - Processing /home/airflow/.local/lib/python3.7/site-packages/airflow/example_dags/example_bash_operator.py took 0.832 seconds
[2023-05-25T04:43:23.270+0000] {processor.py:153} INFO - Started process (PID=197) to work on /home/airflow/.local/lib/python3.7/site-packages/airflow/example_dags/example_bash_operator.py
[2023-05-25T04:43:23.284+0000] {processor.py:743} INFO - Processing file /home/airflow/.local/lib/python3.7/site-packages/airflow/example_dags/example_bash_operator.py for tasks to queue
[2023-05-25T04:43:23.292+0000] {logging_mixin.py:137} INFO - [2023-05-25T04:43:23.292+0000] {dagbag.py:538} INFO - Filling up the DagBag from /home/airflow/.local/lib/python3.7/site-packages/airflow/example_dags/example_bash_operator.py
[2023-05-25T04:43:23.431+0000] {processor.py:753} INFO - DAG(s) dict_keys(['example_bash_operator']) retrieved from /home/airflow/.local/lib/python3.7/site-packages/airflow/example_dags/example_bash_operator.py
[2023-05-25T04:43:23.632+0000] {logging_mixin.py:137} INFO - [2023-05-25T04:43:23.632+0000] {dag.py:2690} INFO - Sync 1 DAGs
[2023-05-25T04:43:23.789+0000] {logging_mixin.py:137} INFO - [2023-05-25T04:43:23.788+0000] {dag.py:3441} INFO - Setting next_dagrun for example_bash_operator to 2023-05-24T00:00:00+00:00, run_after=2023-05-25T00:00:00+00:00
[2023-05-25T04:43:23.882+0000] {processor.py:175} INFO - Processing /home/airflow/.local/lib/python3.7/site-packages/airflow/example_dags/example_bash_operator.py took 0.617 seconds
[2023-05-25T04:43:54.384+0000] {processor.py:153} INFO - Started process (PID=256) to work on /home/airflow/.local/lib/python3.7/site-packages/airflow/example_dags/example_bash_operator.py
[2023-05-25T04:43:54.388+0000] {processor.py:743} INFO - Processing file /home/airflow/.local/lib/python3.7/site-packages/airflow/example_dags/example_bash_operator.py for tasks to queue
[2023-05-25T04:43:54.390+0000] {logging_mixin.py:137} INFO - [2023-05-25T04:43:54.390+0000] {dagbag.py:538} INFO - Filling up the DagBag from /home/airflow/.local/lib/python3.7/site-packages/airflow/example_dags/example_bash_operator.py
[2023-05-25T04:43:54.441+0000] {processor.py:753} INFO - DAG(s) dict_keys(['example_bash_operator']) retrieved from /home/airflow/.local/lib/python3.7/site-packages/airflow/example_dags/example_bash_operator.py
[2023-05-25T04:43:54.463+0000] {logging_mixin.py:137} INFO - [2023-05-25T04:43:54.463+0000] {dag.py:2690} INFO - Sync 1 DAGs
[2023-05-25T04:43:54.521+0000] {logging_mixin.py:137} INFO - [2023-05-25T04:43:54.521+0000] {dag.py:3441} INFO - Setting next_dagrun for example_bash_operator to 2023-05-24T00:00:00+00:00, run_after=2023-05-25T00:00:00+00:00
[2023-05-25T04:43:54.573+0000] {processor.py:175} INFO - Processing /home/airflow/.local/lib/python3.7/site-packages/airflow/example_dags/example_bash_operator.py took 0.196 seconds
[2023-05-25T04:44:25.069+0000] {processor.py:153} INFO - Started process (PID=327) to work on /home/airflow/.local/lib/python3.7/site-packages/airflow/example_dags/example_bash_operator.py
[2023-05-25T04:44:25.072+0000] {processor.py:743} INFO - Processing file /home/airflow/.local/lib/python3.7/site-packages/airflow/example_dags/example_bash_operator.py for tasks to queue
[2023-05-25T04:44:25.076+0000] {logging_mixin.py:137} INFO - [2023-05-25T04:44:25.075+0000] {dagbag.py:538} INFO - Filling up the DagBag from /home/airflow/.local/lib/python3.7/site-packages/airflow/example_dags/example_bash_operator.py
[2023-05-25T04:44:25.122+0000] {processor.py:753} INFO - DAG(s) dict_keys(['example_bash_operator']) retrieved from /home/airflow/.local/lib/python3.7/site-packages/airflow/example_dags/example_bash_operator.py
[2023-05-25T04:44:25.182+0000] {logging_mixin.py:137} INFO - [2023-05-25T04:44:25.181+0000] {dag.py:2690} INFO - Sync 1 DAGs
[2023-05-25T04:44:25.231+0000] {logging_mixin.py:137} INFO - [2023-05-25T04:44:25.231+0000] {dag.py:3441} INFO - Setting next_dagrun for example_bash_operator to 2023-05-24T00:00:00+00:00, run_after=2023-05-25T00:00:00+00:00
[2023-05-25T04:44:25.269+0000] {processor.py:175} INFO - Processing /home/airflow/.local/lib/python3.7/site-packages/airflow/example_dags/example_bash_operator.py took 0.213 seconds
[2023-05-25T04:44:56.327+0000] {processor.py:153} INFO - Started process (PID=387) to work on /home/airflow/.local/lib/python3.7/site-packages/airflow/example_dags/example_bash_operator.py
[2023-05-25T04:44:56.334+0000] {processor.py:743} INFO - Processing file /home/airflow/.local/lib/python3.7/site-packages/airflow/example_dags/example_bash_operator.py for tasks to queue
[2023-05-25T04:44:56.336+0000] {logging_mixin.py:137} INFO - [2023-05-25T04:44:56.336+0000] {dagbag.py:538} INFO - Filling up the DagBag from /home/airflow/.local/lib/python3.7/site-packages/airflow/example_dags/example_bash_operator.py
[2023-05-25T04:44:56.503+0000] {processor.py:753} INFO - DAG(s) dict_keys(['example_bash_operator']) retrieved from /home/airflow/.local/lib/python3.7/site-packages/airflow/example_dags/example_bash_operator.py
[2023-05-25T04:44:56.693+0000] {logging_mixin.py:137} INFO - [2023-05-25T04:44:56.693+0000] {dag.py:2690} INFO - Sync 1 DAGs
[2023-05-25T04:44:56.803+0000] {logging_mixin.py:137} INFO - [2023-05-25T04:44:56.803+0000] {dag.py:3441} INFO - Setting next_dagrun for example_bash_operator to 2023-05-24T00:00:00+00:00, run_after=2023-05-25T00:00:00+00:00
[2023-05-25T04:44:56.897+0000] {processor.py:175} INFO - Processing /home/airflow/.local/lib/python3.7/site-packages/airflow/example_dags/example_bash_operator.py took 0.583 seconds
[2023-05-25T04:45:28.569+0000] {processor.py:153} INFO - Started process (PID=448) to work on /home/airflow/.local/lib/python3.7/site-packages/airflow/example_dags/example_bash_operator.py
[2023-05-25T04:45:28.612+0000] {processor.py:743} INFO - Processing file /home/airflow/.local/lib/python3.7/site-packages/airflow/example_dags/example_bash_operator.py for tasks to queue
[2023-05-25T04:45:28.619+0000] {logging_mixin.py:137} INFO - [2023-05-25T04:45:28.619+0000] {dagbag.py:538} INFO - Filling up the DagBag from /home/airflow/.local/lib/python3.7/site-packages/airflow/example_dags/example_bash_operator.py
[2023-05-25T04:45:28.898+0000] {processor.py:753} INFO - DAG(s) dict_keys(['example_bash_operator']) retrieved from /home/airflow/.local/lib/python3.7/site-packages/airflow/example_dags/example_bash_operator.py
[2023-05-25T04:45:29.614+0000] {logging_mixin.py:137} INFO - [2023-05-25T04:45:29.614+0000] {dag.py:2690} INFO - Sync 1 DAGs
[2023-05-25T04:45:29.864+0000] {logging_mixin.py:137} INFO - [2023-05-25T04:45:29.863+0000] {dag.py:3441} INFO - Setting next_dagrun for example_bash_operator to 2023-05-24T00:00:00+00:00, run_after=2023-05-25T00:00:00+00:00
[2023-05-25T04:45:30.456+0000] {processor.py:175} INFO - Processing /home/airflow/.local/lib/python3.7/site-packages/airflow/example_dags/example_bash_operator.py took 1.908 seconds
[2023-05-25T04:46:01.066+0000] {processor.py:153} INFO - Started process (PID=509) to work on /home/airflow/.local/lib/python3.7/site-packages/airflow/example_dags/example_bash_operator.py
[2023-05-25T04:46:01.072+0000] {processor.py:743} INFO - Processing file /home/airflow/.local/lib/python3.7/site-packages/airflow/example_dags/example_bash_operator.py for tasks to queue
[2023-05-25T04:46:01.077+0000] {logging_mixin.py:137} INFO - [2023-05-25T04:46:01.077+0000] {dagbag.py:538} INFO - Filling up the DagBag from /home/airflow/.local/lib/python3.7/site-packages/airflow/example_dags/example_bash_operator.py
[2023-05-25T04:46:01.145+0000] {processor.py:753} INFO - DAG(s) dict_keys(['example_bash_operator']) retrieved from /home/airflow/.local/lib/python3.7/site-packages/airflow/example_dags/example_bash_operator.py
[2023-05-25T04:46:01.199+0000] {logging_mixin.py:137} INFO - [2023-05-25T04:46:01.199+0000] {dag.py:2690} INFO - Sync 1 DAGs
[2023-05-25T04:46:01.244+0000] {logging_mixin.py:137} INFO - [2023-05-25T04:46:01.244+0000] {dag.py:3441} INFO - Setting next_dagrun for example_bash_operator to 2023-05-24T00:00:00+00:00, run_after=2023-05-25T00:00:00+00:00
[2023-05-25T04:46:01.281+0000] {processor.py:175} INFO - Processing /home/airflow/.local/lib/python3.7/site-packages/airflow/example_dags/example_bash_operator.py took 0.230 seconds
[2023-05-25T04:46:31.493+0000] {processor.py:153} INFO - Started process (PID=571) to work on /home/airflow/.local/lib/python3.7/site-packages/airflow/example_dags/example_bash_operator.py
[2023-05-25T04:46:31.499+0000] {processor.py:743} INFO - Processing file /home/airflow/.local/lib/python3.7/site-packages/airflow/example_dags/example_bash_operator.py for tasks to queue
[2023-05-25T04:46:31.504+0000] {logging_mixin.py:137} INFO - [2023-05-25T04:46:31.504+0000] {dagbag.py:538} INFO - Filling up the DagBag from /home/airflow/.local/lib/python3.7/site-packages/airflow/example_dags/example_bash_operator.py
[2023-05-25T04:46:31.558+0000] {processor.py:753} INFO - DAG(s) dict_keys(['example_bash_operator']) retrieved from /home/airflow/.local/lib/python3.7/site-packages/airflow/example_dags/example_bash_operator.py
[2023-05-25T04:46:31.659+0000] {logging_mixin.py:137} INFO - [2023-05-25T04:46:31.657+0000] {dag.py:2690} INFO - Sync 1 DAGs
[2023-05-25T04:46:31.852+0000] {logging_mixin.py:137} INFO - [2023-05-25T04:46:31.852+0000] {dag.py:3441} INFO - Setting next_dagrun for example_bash_operator to 2023-05-24T00:00:00+00:00, run_after=2023-05-25T00:00:00+00:00
[2023-05-25T04:46:31.915+0000] {processor.py:175} INFO - Processing /home/airflow/.local/lib/python3.7/site-packages/airflow/example_dags/example_bash_operator.py took 0.455 seconds
[2023-05-25T04:47:02.730+0000] {processor.py:153} INFO - Started process (PID=641) to work on /home/airflow/.local/lib/python3.7/site-packages/airflow/example_dags/example_bash_operator.py
[2023-05-25T04:47:02.751+0000] {processor.py:743} INFO - Processing file /home/airflow/.local/lib/python3.7/site-packages/airflow/example_dags/example_bash_operator.py for tasks to queue
[2023-05-25T04:47:02.755+0000] {logging_mixin.py:137} INFO - [2023-05-25T04:47:02.755+0000] {dagbag.py:538} INFO - Filling up the DagBag from /home/airflow/.local/lib/python3.7/site-packages/airflow/example_dags/example_bash_operator.py
[2023-05-25T04:47:02.832+0000] {processor.py:753} INFO - DAG(s) dict_keys(['example_bash_operator']) retrieved from /home/airflow/.local/lib/python3.7/site-packages/airflow/example_dags/example_bash_operator.py
[2023-05-25T04:47:02.947+0000] {logging_mixin.py:137} INFO - [2023-05-25T04:47:02.947+0000] {dag.py:2690} INFO - Sync 1 DAGs
[2023-05-25T04:47:03.006+0000] {logging_mixin.py:137} INFO - [2023-05-25T04:47:03.004+0000] {dag.py:3441} INFO - Setting next_dagrun for example_bash_operator to 2023-05-24T00:00:00+00:00, run_after=2023-05-25T00:00:00+00:00
[2023-05-25T04:47:03.053+0000] {processor.py:175} INFO - Processing /home/airflow/.local/lib/python3.7/site-packages/airflow/example_dags/example_bash_operator.py took 0.328 seconds
[2023-05-25T04:47:47.944+0000] {processor.py:153} INFO - Started process (PID=702) to work on /home/airflow/.local/lib/python3.7/site-packages/airflow/example_dags/example_bash_operator.py
[2023-05-25T04:47:48.013+0000] {processor.py:743} INFO - Processing file /home/airflow/.local/lib/python3.7/site-packages/airflow/example_dags/example_bash_operator.py for tasks to queue
[2023-05-25T04:47:48.113+0000] {logging_mixin.py:137} INFO - [2023-05-25T04:47:48.113+0000] {dagbag.py:538} INFO - Filling up the DagBag from /home/airflow/.local/lib/python3.7/site-packages/airflow/example_dags/example_bash_operator.py
[2023-05-25T04:47:48.990+0000] {processor.py:753} INFO - DAG(s) dict_keys(['example_bash_operator']) retrieved from /home/airflow/.local/lib/python3.7/site-packages/airflow/example_dags/example_bash_operator.py
[2023-05-25T04:47:49.377+0000] {logging_mixin.py:137} INFO - [2023-05-25T04:47:49.376+0000] {dag.py:2690} INFO - Sync 1 DAGs
[2023-05-25T04:47:49.623+0000] {logging_mixin.py:137} INFO - [2023-05-25T04:47:49.623+0000] {dag.py:3441} INFO - Setting next_dagrun for example_bash_operator to 2023-05-24T00:00:00+00:00, run_after=2023-05-25T00:00:00+00:00
[2023-05-25T04:47:49.682+0000] {processor.py:175} INFO - Processing /home/airflow/.local/lib/python3.7/site-packages/airflow/example_dags/example_bash_operator.py took 2.285 seconds
[2023-05-25T04:48:20.587+0000] {processor.py:153} INFO - Started process (PID=762) to work on /home/airflow/.local/lib/python3.7/site-packages/airflow/example_dags/example_bash_operator.py
[2023-05-25T04:48:20.595+0000] {processor.py:743} INFO - Processing file /home/airflow/.local/lib/python3.7/site-packages/airflow/example_dags/example_bash_operator.py for tasks to queue
[2023-05-25T04:48:20.599+0000] {logging_mixin.py:137} INFO - [2023-05-25T04:48:20.599+0000] {dagbag.py:538} INFO - Filling up the DagBag from /home/airflow/.local/lib/python3.7/site-packages/airflow/example_dags/example_bash_operator.py
[2023-05-25T04:48:20.688+0000] {processor.py:753} INFO - DAG(s) dict_keys(['example_bash_operator']) retrieved from /home/airflow/.local/lib/python3.7/site-packages/airflow/example_dags/example_bash_operator.py
[2023-05-25T04:48:20.826+0000] {logging_mixin.py:137} INFO - [2023-05-25T04:48:20.825+0000] {dag.py:2690} INFO - Sync 1 DAGs
[2023-05-25T04:48:20.933+0000] {logging_mixin.py:137} INFO - [2023-05-25T04:48:20.932+0000] {dag.py:3441} INFO - Setting next_dagrun for example_bash_operator to 2023-05-24T00:00:00+00:00, run_after=2023-05-25T00:00:00+00:00
[2023-05-25T04:48:21.027+0000] {processor.py:175} INFO - Processing /home/airflow/.local/lib/python3.7/site-packages/airflow/example_dags/example_bash_operator.py took 0.465 seconds
[2023-05-25T04:48:51.400+0000] {processor.py:153} INFO - Started process (PID=826) to work on /home/airflow/.local/lib/python3.7/site-packages/airflow/example_dags/example_bash_operator.py
[2023-05-25T04:48:51.402+0000] {processor.py:743} INFO - Processing file /home/airflow/.local/lib/python3.7/site-packages/airflow/example_dags/example_bash_operator.py for tasks to queue
[2023-05-25T04:48:51.405+0000] {logging_mixin.py:137} INFO - [2023-05-25T04:48:51.405+0000] {dagbag.py:538} INFO - Filling up the DagBag from /home/airflow/.local/lib/python3.7/site-packages/airflow/example_dags/example_bash_operator.py
[2023-05-25T04:48:51.440+0000] {processor.py:753} INFO - DAG(s) dict_keys(['example_bash_operator']) retrieved from /home/airflow/.local/lib/python3.7/site-packages/airflow/example_dags/example_bash_operator.py
[2023-05-25T04:48:51.496+0000] {logging_mixin.py:137} INFO - [2023-05-25T04:48:51.495+0000] {dag.py:2690} INFO - Sync 1 DAGs
[2023-05-25T04:48:51.534+0000] {logging_mixin.py:137} INFO - [2023-05-25T04:48:51.534+0000] {dag.py:3441} INFO - Setting next_dagrun for example_bash_operator to 2023-05-24T00:00:00+00:00, run_after=2023-05-25T00:00:00+00:00
[2023-05-25T04:48:51.577+0000] {processor.py:175} INFO - Processing /home/airflow/.local/lib/python3.7/site-packages/airflow/example_dags/example_bash_operator.py took 0.182 seconds
[2023-05-25T04:49:21.926+0000] {processor.py:153} INFO - Started process (PID=895) to work on /home/airflow/.local/lib/python3.7/site-packages/airflow/example_dags/example_bash_operator.py
[2023-05-25T04:49:21.934+0000] {processor.py:743} INFO - Processing file /home/airflow/.local/lib/python3.7/site-packages/airflow/example_dags/example_bash_operator.py for tasks to queue
[2023-05-25T04:49:21.936+0000] {logging_mixin.py:137} INFO - [2023-05-25T04:49:21.935+0000] {dagbag.py:538} INFO - Filling up the DagBag from /home/airflow/.local/lib/python3.7/site-packages/airflow/example_dags/example_bash_operator.py
[2023-05-25T04:49:21.998+0000] {processor.py:753} INFO - DAG(s) dict_keys(['example_bash_operator']) retrieved from /home/airflow/.local/lib/python3.7/site-packages/airflow/example_dags/example_bash_operator.py
[2023-05-25T04:49:22.066+0000] {logging_mixin.py:137} INFO - [2023-05-25T04:49:22.066+0000] {dag.py:2690} INFO - Sync 1 DAGs
[2023-05-25T04:49:22.129+0000] {logging_mixin.py:137} INFO - [2023-05-25T04:49:22.128+0000] {dag.py:3441} INFO - Setting next_dagrun for example_bash_operator to 2023-05-24T00:00:00+00:00, run_after=2023-05-25T00:00:00+00:00
[2023-05-25T04:49:22.171+0000] {processor.py:175} INFO - Processing /home/airflow/.local/lib/python3.7/site-packages/airflow/example_dags/example_bash_operator.py took 0.249 seconds
[2023-05-25T04:49:52.503+0000] {processor.py:153} INFO - Started process (PID=957) to work on /home/airflow/.local/lib/python3.7/site-packages/airflow/example_dags/example_bash_operator.py
[2023-05-25T04:49:52.515+0000] {processor.py:743} INFO - Processing file /home/airflow/.local/lib/python3.7/site-packages/airflow/example_dags/example_bash_operator.py for tasks to queue
[2023-05-25T04:49:52.517+0000] {logging_mixin.py:137} INFO - [2023-05-25T04:49:52.517+0000] {dagbag.py:538} INFO - Filling up the DagBag from /home/airflow/.local/lib/python3.7/site-packages/airflow/example_dags/example_bash_operator.py
[2023-05-25T04:49:52.651+0000] {processor.py:753} INFO - DAG(s) dict_keys(['example_bash_operator']) retrieved from /home/airflow/.local/lib/python3.7/site-packages/airflow/example_dags/example_bash_operator.py
[2023-05-25T04:49:52.748+0000] {logging_mixin.py:137} INFO - [2023-05-25T04:49:52.746+0000] {dag.py:2690} INFO - Sync 1 DAGs
[2023-05-25T04:49:52.848+0000] {logging_mixin.py:137} INFO - [2023-05-25T04:49:52.848+0000] {dag.py:3441} INFO - Setting next_dagrun for example_bash_operator to 2023-05-24T00:00:00+00:00, run_after=2023-05-25T00:00:00+00:00
[2023-05-25T04:49:52.921+0000] {processor.py:175} INFO - Processing /home/airflow/.local/lib/python3.7/site-packages/airflow/example_dags/example_bash_operator.py took 0.427 seconds
[2023-05-25T04:50:27.984+0000] {processor.py:153} INFO - Started process (PID=1019) to work on /home/airflow/.local/lib/python3.7/site-packages/airflow/example_dags/example_bash_operator.py
[2023-05-25T04:50:28.011+0000] {processor.py:743} INFO - Processing file /home/airflow/.local/lib/python3.7/site-packages/airflow/example_dags/example_bash_operator.py for tasks to queue
[2023-05-25T04:50:28.030+0000] {logging_mixin.py:137} INFO - [2023-05-25T04:50:28.026+0000] {dagbag.py:538} INFO - Filling up the DagBag from /home/airflow/.local/lib/python3.7/site-packages/airflow/example_dags/example_bash_operator.py
[2023-05-25T04:50:28.299+0000] {processor.py:753} INFO - DAG(s) dict_keys(['example_bash_operator']) retrieved from /home/airflow/.local/lib/python3.7/site-packages/airflow/example_dags/example_bash_operator.py
[2023-05-25T04:50:28.618+0000] {logging_mixin.py:137} INFO - [2023-05-25T04:50:28.617+0000] {dag.py:2690} INFO - Sync 1 DAGs
[2023-05-25T04:50:28.980+0000] {logging_mixin.py:137} INFO - [2023-05-25T04:50:28.980+0000] {dag.py:3441} INFO - Setting next_dagrun for example_bash_operator to 2023-05-24T00:00:00+00:00, run_after=2023-05-25T00:00:00+00:00
[2023-05-25T04:50:29.167+0000] {processor.py:175} INFO - Processing /home/airflow/.local/lib/python3.7/site-packages/airflow/example_dags/example_bash_operator.py took 1.245 seconds
[2023-05-25T04:50:59.638+0000] {processor.py:153} INFO - Started process (PID=1079) to work on /home/airflow/.local/lib/python3.7/site-packages/airflow/example_dags/example_bash_operator.py
[2023-05-25T04:50:59.641+0000] {processor.py:743} INFO - Processing file /home/airflow/.local/lib/python3.7/site-packages/airflow/example_dags/example_bash_operator.py for tasks to queue
[2023-05-25T04:50:59.648+0000] {logging_mixin.py:137} INFO - [2023-05-25T04:50:59.648+0000] {dagbag.py:538} INFO - Filling up the DagBag from /home/airflow/.local/lib/python3.7/site-packages/airflow/example_dags/example_bash_operator.py
[2023-05-25T04:50:59.818+0000] {processor.py:753} INFO - DAG(s) dict_keys(['example_bash_operator']) retrieved from /home/airflow/.local/lib/python3.7/site-packages/airflow/example_dags/example_bash_operator.py
[2023-05-25T04:51:00.207+0000] {logging_mixin.py:137} INFO - [2023-05-25T04:51:00.206+0000] {dag.py:2690} INFO - Sync 1 DAGs
[2023-05-25T04:51:00.448+0000] {logging_mixin.py:137} INFO - [2023-05-25T04:51:00.448+0000] {dag.py:3441} INFO - Setting next_dagrun for example_bash_operator to 2023-05-24T00:00:00+00:00, run_after=2023-05-25T00:00:00+00:00
[2023-05-25T04:51:00.562+0000] {processor.py:175} INFO - Processing /home/airflow/.local/lib/python3.7/site-packages/airflow/example_dags/example_bash_operator.py took 0.953 seconds
[2023-05-25T04:51:32.558+0000] {processor.py:153} INFO - Started process (PID=1139) to work on /home/airflow/.local/lib/python3.7/site-packages/airflow/example_dags/example_bash_operator.py
[2023-05-25T04:51:32.573+0000] {processor.py:743} INFO - Processing file /home/airflow/.local/lib/python3.7/site-packages/airflow/example_dags/example_bash_operator.py for tasks to queue
[2023-05-25T04:51:32.593+0000] {logging_mixin.py:137} INFO - [2023-05-25T04:51:32.591+0000] {dagbag.py:538} INFO - Filling up the DagBag from /home/airflow/.local/lib/python3.7/site-packages/airflow/example_dags/example_bash_operator.py
[2023-05-25T04:51:32.834+0000] {processor.py:753} INFO - DAG(s) dict_keys(['example_bash_operator']) retrieved from /home/airflow/.local/lib/python3.7/site-packages/airflow/example_dags/example_bash_operator.py
[2023-05-25T04:51:33.397+0000] {logging_mixin.py:137} INFO - [2023-05-25T04:51:33.393+0000] {dag.py:2690} INFO - Sync 1 DAGs
[2023-05-25T04:51:33.896+0000] {logging_mixin.py:137} INFO - [2023-05-25T04:51:33.896+0000] {dag.py:3441} INFO - Setting next_dagrun for example_bash_operator to 2023-05-24T00:00:00+00:00, run_after=2023-05-25T00:00:00+00:00
[2023-05-25T04:51:34.147+0000] {processor.py:175} INFO - Processing /home/airflow/.local/lib/python3.7/site-packages/airflow/example_dags/example_bash_operator.py took 1.597 seconds
[2023-05-25T04:52:14.911+0000] {processor.py:153} INFO - Started process (PID=1201) to work on /home/airflow/.local/lib/python3.7/site-packages/airflow/example_dags/example_bash_operator.py
[2023-05-25T04:52:14.923+0000] {processor.py:743} INFO - Processing file /home/airflow/.local/lib/python3.7/site-packages/airflow/example_dags/example_bash_operator.py for tasks to queue
[2023-05-25T04:52:14.934+0000] {logging_mixin.py:137} INFO - [2023-05-25T04:52:14.932+0000] {dagbag.py:538} INFO - Filling up the DagBag from /home/airflow/.local/lib/python3.7/site-packages/airflow/example_dags/example_bash_operator.py
[2023-05-25T04:52:15.133+0000] {processor.py:753} INFO - DAG(s) dict_keys(['example_bash_operator']) retrieved from /home/airflow/.local/lib/python3.7/site-packages/airflow/example_dags/example_bash_operator.py
[2023-05-25T04:52:15.403+0000] {logging_mixin.py:137} INFO - [2023-05-25T04:52:15.403+0000] {dag.py:2690} INFO - Sync 1 DAGs
[2023-05-25T04:52:15.570+0000] {logging_mixin.py:137} INFO - [2023-05-25T04:52:15.569+0000] {dag.py:3441} INFO - Setting next_dagrun for example_bash_operator to 2023-05-24T00:00:00+00:00, run_after=2023-05-25T00:00:00+00:00
[2023-05-25T04:52:15.662+0000] {processor.py:175} INFO - Processing /home/airflow/.local/lib/python3.7/site-packages/airflow/example_dags/example_bash_operator.py took 0.756 seconds
[2023-05-25T04:52:45.765+0000] {processor.py:153} INFO - Started process (PID=1252) to work on /home/airflow/.local/lib/python3.7/site-packages/airflow/example_dags/example_bash_operator.py
[2023-05-25T04:52:45.768+0000] {processor.py:743} INFO - Processing file /home/airflow/.local/lib/python3.7/site-packages/airflow/example_dags/example_bash_operator.py for tasks to queue
[2023-05-25T04:52:45.771+0000] {logging_mixin.py:137} INFO - [2023-05-25T04:52:45.770+0000] {dagbag.py:538} INFO - Filling up the DagBag from /home/airflow/.local/lib/python3.7/site-packages/airflow/example_dags/example_bash_operator.py
[2023-05-25T04:52:45.826+0000] {processor.py:753} INFO - DAG(s) dict_keys(['example_bash_operator']) retrieved from /home/airflow/.local/lib/python3.7/site-packages/airflow/example_dags/example_bash_operator.py
[2023-05-25T04:52:45.955+0000] {logging_mixin.py:137} INFO - [2023-05-25T04:52:45.955+0000] {dag.py:2690} INFO - Sync 1 DAGs
[2023-05-25T04:52:46.015+0000] {logging_mixin.py:137} INFO - [2023-05-25T04:52:46.014+0000] {dag.py:3441} INFO - Setting next_dagrun for example_bash_operator to 2023-05-24T00:00:00+00:00, run_after=2023-05-25T00:00:00+00:00
[2023-05-25T04:52:46.073+0000] {processor.py:175} INFO - Processing /home/airflow/.local/lib/python3.7/site-packages/airflow/example_dags/example_bash_operator.py took 0.313 seconds
[2023-05-25T04:53:16.528+0000] {processor.py:153} INFO - Started process (PID=1320) to work on /home/airflow/.local/lib/python3.7/site-packages/airflow/example_dags/example_bash_operator.py
[2023-05-25T04:53:16.533+0000] {processor.py:743} INFO - Processing file /home/airflow/.local/lib/python3.7/site-packages/airflow/example_dags/example_bash_operator.py for tasks to queue
[2023-05-25T04:53:16.540+0000] {logging_mixin.py:137} INFO - [2023-05-25T04:53:16.539+0000] {dagbag.py:538} INFO - Filling up the DagBag from /home/airflow/.local/lib/python3.7/site-packages/airflow/example_dags/example_bash_operator.py
[2023-05-25T04:53:16.598+0000] {processor.py:753} INFO - DAG(s) dict_keys(['example_bash_operator']) retrieved from /home/airflow/.local/lib/python3.7/site-packages/airflow/example_dags/example_bash_operator.py
[2023-05-25T04:53:16.692+0000] {logging_mixin.py:137} INFO - [2023-05-25T04:53:16.692+0000] {dag.py:2690} INFO - Sync 1 DAGs
[2023-05-25T04:53:16.764+0000] {logging_mixin.py:137} INFO - [2023-05-25T04:53:16.763+0000] {dag.py:3441} INFO - Setting next_dagrun for example_bash_operator to 2023-05-24T00:00:00+00:00, run_after=2023-05-25T00:00:00+00:00
[2023-05-25T04:53:16.842+0000] {processor.py:175} INFO - Processing /home/airflow/.local/lib/python3.7/site-packages/airflow/example_dags/example_bash_operator.py took 0.321 seconds
[2023-05-25T04:53:47.661+0000] {processor.py:153} INFO - Started process (PID=1381) to work on /home/airflow/.local/lib/python3.7/site-packages/airflow/example_dags/example_bash_operator.py
[2023-05-25T04:53:47.668+0000] {processor.py:743} INFO - Processing file /home/airflow/.local/lib/python3.7/site-packages/airflow/example_dags/example_bash_operator.py for tasks to queue
[2023-05-25T04:53:47.674+0000] {logging_mixin.py:137} INFO - [2023-05-25T04:53:47.673+0000] {dagbag.py:538} INFO - Filling up the DagBag from /home/airflow/.local/lib/python3.7/site-packages/airflow/example_dags/example_bash_operator.py
[2023-05-25T04:53:47.804+0000] {processor.py:753} INFO - DAG(s) dict_keys(['example_bash_operator']) retrieved from /home/airflow/.local/lib/python3.7/site-packages/airflow/example_dags/example_bash_operator.py
[2023-05-25T04:53:47.969+0000] {logging_mixin.py:137} INFO - [2023-05-25T04:53:47.968+0000] {dag.py:2690} INFO - Sync 1 DAGs
[2023-05-25T04:53:48.106+0000] {logging_mixin.py:137} INFO - [2023-05-25T04:53:48.106+0000] {dag.py:3441} INFO - Setting next_dagrun for example_bash_operator to 2023-05-24T00:00:00+00:00, run_after=2023-05-25T00:00:00+00:00
[2023-05-25T04:53:48.184+0000] {processor.py:175} INFO - Processing /home/airflow/.local/lib/python3.7/site-packages/airflow/example_dags/example_bash_operator.py took 0.532 seconds
[2023-05-25T04:54:19.403+0000] {processor.py:153} INFO - Started process (PID=1442) to work on /home/airflow/.local/lib/python3.7/site-packages/airflow/example_dags/example_bash_operator.py
[2023-05-25T04:54:19.408+0000] {processor.py:743} INFO - Processing file /home/airflow/.local/lib/python3.7/site-packages/airflow/example_dags/example_bash_operator.py for tasks to queue
[2023-05-25T04:54:19.412+0000] {logging_mixin.py:137} INFO - [2023-05-25T04:54:19.411+0000] {dagbag.py:538} INFO - Filling up the DagBag from /home/airflow/.local/lib/python3.7/site-packages/airflow/example_dags/example_bash_operator.py
[2023-05-25T04:54:19.501+0000] {processor.py:753} INFO - DAG(s) dict_keys(['example_bash_operator']) retrieved from /home/airflow/.local/lib/python3.7/site-packages/airflow/example_dags/example_bash_operator.py
[2023-05-25T04:54:19.656+0000] {logging_mixin.py:137} INFO - [2023-05-25T04:54:19.656+0000] {dag.py:2690} INFO - Sync 1 DAGs
[2023-05-25T04:54:19.854+0000] {logging_mixin.py:137} INFO - [2023-05-25T04:54:19.854+0000] {dag.py:3441} INFO - Setting next_dagrun for example_bash_operator to 2023-05-24T00:00:00+00:00, run_after=2023-05-25T00:00:00+00:00
[2023-05-25T04:54:20.014+0000] {processor.py:175} INFO - Processing /home/airflow/.local/lib/python3.7/site-packages/airflow/example_dags/example_bash_operator.py took 0.633 seconds
[2023-05-25T04:54:50.779+0000] {processor.py:153} INFO - Started process (PID=1492) to work on /home/airflow/.local/lib/python3.7/site-packages/airflow/example_dags/example_bash_operator.py
[2023-05-25T04:54:50.783+0000] {processor.py:743} INFO - Processing file /home/airflow/.local/lib/python3.7/site-packages/airflow/example_dags/example_bash_operator.py for tasks to queue
[2023-05-25T04:54:50.786+0000] {logging_mixin.py:137} INFO - [2023-05-25T04:54:50.785+0000] {dagbag.py:538} INFO - Filling up the DagBag from /home/airflow/.local/lib/python3.7/site-packages/airflow/example_dags/example_bash_operator.py
[2023-05-25T04:54:50.824+0000] {processor.py:753} INFO - DAG(s) dict_keys(['example_bash_operator']) retrieved from /home/airflow/.local/lib/python3.7/site-packages/airflow/example_dags/example_bash_operator.py
[2023-05-25T04:54:51.065+0000] {logging_mixin.py:137} INFO - [2023-05-25T04:54:51.065+0000] {dag.py:2690} INFO - Sync 1 DAGs
[2023-05-25T04:54:51.209+0000] {logging_mixin.py:137} INFO - [2023-05-25T04:54:51.209+0000] {dag.py:3441} INFO - Setting next_dagrun for example_bash_operator to 2023-05-24T00:00:00+00:00, run_after=2023-05-25T00:00:00+00:00
[2023-05-25T04:54:51.299+0000] {processor.py:175} INFO - Processing /home/airflow/.local/lib/python3.7/site-packages/airflow/example_dags/example_bash_operator.py took 0.539 seconds
[2023-05-25T04:55:21.670+0000] {processor.py:153} INFO - Started process (PID=1553) to work on /home/airflow/.local/lib/python3.7/site-packages/airflow/example_dags/example_bash_operator.py
[2023-05-25T04:55:21.673+0000] {processor.py:743} INFO - Processing file /home/airflow/.local/lib/python3.7/site-packages/airflow/example_dags/example_bash_operator.py for tasks to queue
[2023-05-25T04:55:21.675+0000] {logging_mixin.py:137} INFO - [2023-05-25T04:55:21.675+0000] {dagbag.py:538} INFO - Filling up the DagBag from /home/airflow/.local/lib/python3.7/site-packages/airflow/example_dags/example_bash_operator.py
[2023-05-25T04:55:21.703+0000] {processor.py:753} INFO - DAG(s) dict_keys(['example_bash_operator']) retrieved from /home/airflow/.local/lib/python3.7/site-packages/airflow/example_dags/example_bash_operator.py
[2023-05-25T04:55:21.751+0000] {logging_mixin.py:137} INFO - [2023-05-25T04:55:21.751+0000] {dag.py:2690} INFO - Sync 1 DAGs
[2023-05-25T04:55:21.785+0000] {logging_mixin.py:137} INFO - [2023-05-25T04:55:21.785+0000] {dag.py:3441} INFO - Setting next_dagrun for example_bash_operator to 2023-05-24T00:00:00+00:00, run_after=2023-05-25T00:00:00+00:00
[2023-05-25T04:55:21.811+0000] {processor.py:175} INFO - Processing /home/airflow/.local/lib/python3.7/site-packages/airflow/example_dags/example_bash_operator.py took 0.146 seconds
[2023-05-25T04:55:52.489+0000] {processor.py:153} INFO - Started process (PID=1613) to work on /home/airflow/.local/lib/python3.7/site-packages/airflow/example_dags/example_bash_operator.py
[2023-05-25T04:55:52.495+0000] {processor.py:743} INFO - Processing file /home/airflow/.local/lib/python3.7/site-packages/airflow/example_dags/example_bash_operator.py for tasks to queue
[2023-05-25T04:55:52.499+0000] {logging_mixin.py:137} INFO - [2023-05-25T04:55:52.499+0000] {dagbag.py:538} INFO - Filling up the DagBag from /home/airflow/.local/lib/python3.7/site-packages/airflow/example_dags/example_bash_operator.py
[2023-05-25T04:55:52.567+0000] {processor.py:753} INFO - DAG(s) dict_keys(['example_bash_operator']) retrieved from /home/airflow/.local/lib/python3.7/site-packages/airflow/example_dags/example_bash_operator.py
[2023-05-25T04:55:52.688+0000] {logging_mixin.py:137} INFO - [2023-05-25T04:55:52.688+0000] {dag.py:2690} INFO - Sync 1 DAGs
[2023-05-25T04:55:52.751+0000] {logging_mixin.py:137} INFO - [2023-05-25T04:55:52.751+0000] {dag.py:3441} INFO - Setting next_dagrun for example_bash_operator to 2023-05-24T00:00:00+00:00, run_after=2023-05-25T00:00:00+00:00
[2023-05-25T04:55:52.778+0000] {processor.py:175} INFO - Processing /home/airflow/.local/lib/python3.7/site-packages/airflow/example_dags/example_bash_operator.py took 0.297 seconds
[2023-05-25T04:56:23.522+0000] {processor.py:153} INFO - Started process (PID=1672) to work on /home/airflow/.local/lib/python3.7/site-packages/airflow/example_dags/example_bash_operator.py
[2023-05-25T04:56:23.524+0000] {processor.py:743} INFO - Processing file /home/airflow/.local/lib/python3.7/site-packages/airflow/example_dags/example_bash_operator.py for tasks to queue
[2023-05-25T04:56:23.528+0000] {logging_mixin.py:137} INFO - [2023-05-25T04:56:23.527+0000] {dagbag.py:538} INFO - Filling up the DagBag from /home/airflow/.local/lib/python3.7/site-packages/airflow/example_dags/example_bash_operator.py
[2023-05-25T04:56:23.565+0000] {processor.py:753} INFO - DAG(s) dict_keys(['example_bash_operator']) retrieved from /home/airflow/.local/lib/python3.7/site-packages/airflow/example_dags/example_bash_operator.py
[2023-05-25T04:56:23.616+0000] {logging_mixin.py:137} INFO - [2023-05-25T04:56:23.616+0000] {dag.py:2690} INFO - Sync 1 DAGs
[2023-05-25T04:56:23.652+0000] {logging_mixin.py:137} INFO - [2023-05-25T04:56:23.651+0000] {dag.py:3441} INFO - Setting next_dagrun for example_bash_operator to 2023-05-24T00:00:00+00:00, run_after=2023-05-25T00:00:00+00:00
[2023-05-25T04:56:23.687+0000] {processor.py:175} INFO - Processing /home/airflow/.local/lib/python3.7/site-packages/airflow/example_dags/example_bash_operator.py took 0.172 seconds
[2023-05-25T04:56:54.540+0000] {processor.py:153} INFO - Started process (PID=1742) to work on /home/airflow/.local/lib/python3.7/site-packages/airflow/example_dags/example_bash_operator.py
[2023-05-25T04:56:54.548+0000] {processor.py:743} INFO - Processing file /home/airflow/.local/lib/python3.7/site-packages/airflow/example_dags/example_bash_operator.py for tasks to queue
[2023-05-25T04:56:54.552+0000] {logging_mixin.py:137} INFO - [2023-05-25T04:56:54.552+0000] {dagbag.py:538} INFO - Filling up the DagBag from /home/airflow/.local/lib/python3.7/site-packages/airflow/example_dags/example_bash_operator.py
[2023-05-25T04:56:54.640+0000] {processor.py:753} INFO - DAG(s) dict_keys(['example_bash_operator']) retrieved from /home/airflow/.local/lib/python3.7/site-packages/airflow/example_dags/example_bash_operator.py
[2023-05-25T04:56:54.714+0000] {logging_mixin.py:137} INFO - [2023-05-25T04:56:54.714+0000] {dag.py:2690} INFO - Sync 1 DAGs
[2023-05-25T04:56:54.757+0000] {logging_mixin.py:137} INFO - [2023-05-25T04:56:54.757+0000] {dag.py:3441} INFO - Setting next_dagrun for example_bash_operator to 2023-05-24T00:00:00+00:00, run_after=2023-05-25T00:00:00+00:00
[2023-05-25T04:56:54.797+0000] {processor.py:175} INFO - Processing /home/airflow/.local/lib/python3.7/site-packages/airflow/example_dags/example_bash_operator.py took 0.274 seconds
[2023-05-25T04:57:25.590+0000] {processor.py:153} INFO - Started process (PID=1801) to work on /home/airflow/.local/lib/python3.7/site-packages/airflow/example_dags/example_bash_operator.py
[2023-05-25T04:57:25.593+0000] {processor.py:743} INFO - Processing file /home/airflow/.local/lib/python3.7/site-packages/airflow/example_dags/example_bash_operator.py for tasks to queue
[2023-05-25T04:57:25.596+0000] {logging_mixin.py:137} INFO - [2023-05-25T04:57:25.596+0000] {dagbag.py:538} INFO - Filling up the DagBag from /home/airflow/.local/lib/python3.7/site-packages/airflow/example_dags/example_bash_operator.py
[2023-05-25T04:57:25.634+0000] {processor.py:753} INFO - DAG(s) dict_keys(['example_bash_operator']) retrieved from /home/airflow/.local/lib/python3.7/site-packages/airflow/example_dags/example_bash_operator.py
[2023-05-25T04:57:25.719+0000] {logging_mixin.py:137} INFO - [2023-05-25T04:57:25.719+0000] {dag.py:2690} INFO - Sync 1 DAGs
[2023-05-25T04:57:25.806+0000] {logging_mixin.py:137} INFO - [2023-05-25T04:57:25.805+0000] {dag.py:3441} INFO - Setting next_dagrun for example_bash_operator to 2023-05-24T00:00:00+00:00, run_after=2023-05-25T00:00:00+00:00
[2023-05-25T04:57:25.830+0000] {processor.py:175} INFO - Processing /home/airflow/.local/lib/python3.7/site-packages/airflow/example_dags/example_bash_operator.py took 0.250 seconds
[2023-05-25T04:57:56.842+0000] {processor.py:153} INFO - Started process (PID=1853) to work on /home/airflow/.local/lib/python3.7/site-packages/airflow/example_dags/example_bash_operator.py
[2023-05-25T04:57:56.845+0000] {processor.py:743} INFO - Processing file /home/airflow/.local/lib/python3.7/site-packages/airflow/example_dags/example_bash_operator.py for tasks to queue
[2023-05-25T04:57:56.849+0000] {logging_mixin.py:137} INFO - [2023-05-25T04:57:56.849+0000] {dagbag.py:538} INFO - Filling up the DagBag from /home/airflow/.local/lib/python3.7/site-packages/airflow/example_dags/example_bash_operator.py
[2023-05-25T04:57:56.891+0000] {processor.py:753} INFO - DAG(s) dict_keys(['example_bash_operator']) retrieved from /home/airflow/.local/lib/python3.7/site-packages/airflow/example_dags/example_bash_operator.py
[2023-05-25T04:57:56.951+0000] {logging_mixin.py:137} INFO - [2023-05-25T04:57:56.951+0000] {dag.py:2690} INFO - Sync 1 DAGs
[2023-05-25T04:57:56.990+0000] {logging_mixin.py:137} INFO - [2023-05-25T04:57:56.990+0000] {dag.py:3441} INFO - Setting next_dagrun for example_bash_operator to 2023-05-24T00:00:00+00:00, run_after=2023-05-25T00:00:00+00:00
[2023-05-25T04:57:57.021+0000] {processor.py:175} INFO - Processing /home/airflow/.local/lib/python3.7/site-packages/airflow/example_dags/example_bash_operator.py took 0.185 seconds
[2023-05-25T04:58:27.801+0000] {processor.py:153} INFO - Started process (PID=1912) to work on /home/airflow/.local/lib/python3.7/site-packages/airflow/example_dags/example_bash_operator.py
[2023-05-25T04:58:27.806+0000] {processor.py:743} INFO - Processing file /home/airflow/.local/lib/python3.7/site-packages/airflow/example_dags/example_bash_operator.py for tasks to queue
[2023-05-25T04:58:27.810+0000] {logging_mixin.py:137} INFO - [2023-05-25T04:58:27.807+0000] {dagbag.py:538} INFO - Filling up the DagBag from /home/airflow/.local/lib/python3.7/site-packages/airflow/example_dags/example_bash_operator.py
[2023-05-25T04:58:27.877+0000] {processor.py:753} INFO - DAG(s) dict_keys(['example_bash_operator']) retrieved from /home/airflow/.local/lib/python3.7/site-packages/airflow/example_dags/example_bash_operator.py
[2023-05-25T04:58:27.985+0000] {logging_mixin.py:137} INFO - [2023-05-25T04:58:27.985+0000] {dag.py:2690} INFO - Sync 1 DAGs
[2023-05-25T04:58:28.074+0000] {logging_mixin.py:137} INFO - [2023-05-25T04:58:28.074+0000] {dag.py:3441} INFO - Setting next_dagrun for example_bash_operator to 2023-05-24T00:00:00+00:00, run_after=2023-05-25T00:00:00+00:00
[2023-05-25T04:58:28.100+0000] {processor.py:175} INFO - Processing /home/airflow/.local/lib/python3.7/site-packages/airflow/example_dags/example_bash_operator.py took 0.310 seconds
[2023-05-25T04:58:59.419+0000] {processor.py:153} INFO - Started process (PID=1984) to work on /home/airflow/.local/lib/python3.7/site-packages/airflow/example_dags/example_bash_operator.py
[2023-05-25T04:58:59.425+0000] {processor.py:743} INFO - Processing file /home/airflow/.local/lib/python3.7/site-packages/airflow/example_dags/example_bash_operator.py for tasks to queue
[2023-05-25T04:58:59.428+0000] {logging_mixin.py:137} INFO - [2023-05-25T04:58:59.427+0000] {dagbag.py:538} INFO - Filling up the DagBag from /home/airflow/.local/lib/python3.7/site-packages/airflow/example_dags/example_bash_operator.py
[2023-05-25T04:58:59.469+0000] {processor.py:753} INFO - DAG(s) dict_keys(['example_bash_operator']) retrieved from /home/airflow/.local/lib/python3.7/site-packages/airflow/example_dags/example_bash_operator.py
[2023-05-25T04:58:59.516+0000] {logging_mixin.py:137} INFO - [2023-05-25T04:58:59.516+0000] {dag.py:2690} INFO - Sync 1 DAGs
[2023-05-25T04:58:59.561+0000] {logging_mixin.py:137} INFO - [2023-05-25T04:58:59.560+0000] {dag.py:3441} INFO - Setting next_dagrun for example_bash_operator to 2023-05-24T00:00:00+00:00, run_after=2023-05-25T00:00:00+00:00
[2023-05-25T04:58:59.590+0000] {processor.py:175} INFO - Processing /home/airflow/.local/lib/python3.7/site-packages/airflow/example_dags/example_bash_operator.py took 0.178 seconds
[2023-05-25T04:59:30.298+0000] {processor.py:153} INFO - Started process (PID=2045) to work on /home/airflow/.local/lib/python3.7/site-packages/airflow/example_dags/example_bash_operator.py
[2023-05-25T04:59:30.301+0000] {processor.py:743} INFO - Processing file /home/airflow/.local/lib/python3.7/site-packages/airflow/example_dags/example_bash_operator.py for tasks to queue
[2023-05-25T04:59:30.304+0000] {logging_mixin.py:137} INFO - [2023-05-25T04:59:30.304+0000] {dagbag.py:538} INFO - Filling up the DagBag from /home/airflow/.local/lib/python3.7/site-packages/airflow/example_dags/example_bash_operator.py
[2023-05-25T04:59:30.349+0000] {processor.py:753} INFO - DAG(s) dict_keys(['example_bash_operator']) retrieved from /home/airflow/.local/lib/python3.7/site-packages/airflow/example_dags/example_bash_operator.py
[2023-05-25T04:59:30.425+0000] {logging_mixin.py:137} INFO - [2023-05-25T04:59:30.425+0000] {dag.py:2690} INFO - Sync 1 DAGs
[2023-05-25T04:59:30.468+0000] {logging_mixin.py:137} INFO - [2023-05-25T04:59:30.468+0000] {dag.py:3441} INFO - Setting next_dagrun for example_bash_operator to 2023-05-24T00:00:00+00:00, run_after=2023-05-25T00:00:00+00:00
[2023-05-25T04:59:30.502+0000] {processor.py:175} INFO - Processing /home/airflow/.local/lib/python3.7/site-packages/airflow/example_dags/example_bash_operator.py took 0.212 seconds
[2023-05-25T05:00:00.825+0000] {processor.py:153} INFO - Started process (PID=2105) to work on /home/airflow/.local/lib/python3.7/site-packages/airflow/example_dags/example_bash_operator.py
[2023-05-25T05:00:00.828+0000] {processor.py:743} INFO - Processing file /home/airflow/.local/lib/python3.7/site-packages/airflow/example_dags/example_bash_operator.py for tasks to queue
[2023-05-25T05:00:00.830+0000] {logging_mixin.py:137} INFO - [2023-05-25T05:00:00.830+0000] {dagbag.py:538} INFO - Filling up the DagBag from /home/airflow/.local/lib/python3.7/site-packages/airflow/example_dags/example_bash_operator.py
[2023-05-25T05:00:00.870+0000] {processor.py:753} INFO - DAG(s) dict_keys(['example_bash_operator']) retrieved from /home/airflow/.local/lib/python3.7/site-packages/airflow/example_dags/example_bash_operator.py
[2023-05-25T05:00:00.937+0000] {logging_mixin.py:137} INFO - [2023-05-25T05:00:00.937+0000] {dag.py:2690} INFO - Sync 1 DAGs
[2023-05-25T05:00:00.985+0000] {logging_mixin.py:137} INFO - [2023-05-25T05:00:00.985+0000] {dag.py:3441} INFO - Setting next_dagrun for example_bash_operator to 2023-05-24T00:00:00+00:00, run_after=2023-05-25T00:00:00+00:00
[2023-05-25T05:00:01.021+0000] {processor.py:175} INFO - Processing /home/airflow/.local/lib/python3.7/site-packages/airflow/example_dags/example_bash_operator.py took 0.204 seconds
[2023-05-25T05:00:31.959+0000] {processor.py:153} INFO - Started process (PID=2164) to work on /home/airflow/.local/lib/python3.7/site-packages/airflow/example_dags/example_bash_operator.py
[2023-05-25T05:00:31.966+0000] {processor.py:743} INFO - Processing file /home/airflow/.local/lib/python3.7/site-packages/airflow/example_dags/example_bash_operator.py for tasks to queue
[2023-05-25T05:00:31.977+0000] {logging_mixin.py:137} INFO - [2023-05-25T05:00:31.976+0000] {dagbag.py:538} INFO - Filling up the DagBag from /home/airflow/.local/lib/python3.7/site-packages/airflow/example_dags/example_bash_operator.py
[2023-05-25T05:00:32.286+0000] {processor.py:753} INFO - DAG(s) dict_keys(['example_bash_operator']) retrieved from /home/airflow/.local/lib/python3.7/site-packages/airflow/example_dags/example_bash_operator.py
[2023-05-25T05:00:32.594+0000] {logging_mixin.py:137} INFO - [2023-05-25T05:00:32.594+0000] {dag.py:2690} INFO - Sync 1 DAGs
[2023-05-25T05:00:32.825+0000] {logging_mixin.py:137} INFO - [2023-05-25T05:00:32.825+0000] {dag.py:3441} INFO - Setting next_dagrun for example_bash_operator to 2023-05-24T00:00:00+00:00, run_after=2023-05-25T00:00:00+00:00
[2023-05-25T05:00:32.973+0000] {processor.py:175} INFO - Processing /home/airflow/.local/lib/python3.7/site-packages/airflow/example_dags/example_bash_operator.py took 1.060 seconds
[2023-05-25T05:01:03.126+0000] {processor.py:153} INFO - Started process (PID=2233) to work on /home/airflow/.local/lib/python3.7/site-packages/airflow/example_dags/example_bash_operator.py
[2023-05-25T05:01:03.129+0000] {processor.py:743} INFO - Processing file /home/airflow/.local/lib/python3.7/site-packages/airflow/example_dags/example_bash_operator.py for tasks to queue
[2023-05-25T05:01:03.133+0000] {logging_mixin.py:137} INFO - [2023-05-25T05:01:03.133+0000] {dagbag.py:538} INFO - Filling up the DagBag from /home/airflow/.local/lib/python3.7/site-packages/airflow/example_dags/example_bash_operator.py
[2023-05-25T05:01:03.176+0000] {processor.py:753} INFO - DAG(s) dict_keys(['example_bash_operator']) retrieved from /home/airflow/.local/lib/python3.7/site-packages/airflow/example_dags/example_bash_operator.py
[2023-05-25T05:01:03.241+0000] {logging_mixin.py:137} INFO - [2023-05-25T05:01:03.241+0000] {dag.py:2690} INFO - Sync 1 DAGs
[2023-05-25T05:01:03.286+0000] {logging_mixin.py:137} INFO - [2023-05-25T05:01:03.286+0000] {dag.py:3441} INFO - Setting next_dagrun for example_bash_operator to 2023-05-24T00:00:00+00:00, run_after=2023-05-25T00:00:00+00:00
[2023-05-25T05:01:03.327+0000] {processor.py:175} INFO - Processing /home/airflow/.local/lib/python3.7/site-packages/airflow/example_dags/example_bash_operator.py took 0.208 seconds
[2023-05-25T05:01:34.003+0000] {processor.py:153} INFO - Started process (PID=2292) to work on /home/airflow/.local/lib/python3.7/site-packages/airflow/example_dags/example_bash_operator.py
[2023-05-25T05:01:34.007+0000] {processor.py:743} INFO - Processing file /home/airflow/.local/lib/python3.7/site-packages/airflow/example_dags/example_bash_operator.py for tasks to queue
[2023-05-25T05:01:34.009+0000] {logging_mixin.py:137} INFO - [2023-05-25T05:01:34.009+0000] {dagbag.py:538} INFO - Filling up the DagBag from /home/airflow/.local/lib/python3.7/site-packages/airflow/example_dags/example_bash_operator.py
[2023-05-25T05:01:34.094+0000] {processor.py:753} INFO - DAG(s) dict_keys(['example_bash_operator']) retrieved from /home/airflow/.local/lib/python3.7/site-packages/airflow/example_dags/example_bash_operator.py
[2023-05-25T05:01:34.184+0000] {logging_mixin.py:137} INFO - [2023-05-25T05:01:34.184+0000] {dag.py:2690} INFO - Sync 1 DAGs
[2023-05-25T05:01:34.245+0000] {logging_mixin.py:137} INFO - [2023-05-25T05:01:34.245+0000] {dag.py:3441} INFO - Setting next_dagrun for example_bash_operator to 2023-05-24T00:00:00+00:00, run_after=2023-05-25T00:00:00+00:00
[2023-05-25T05:01:34.278+0000] {processor.py:175} INFO - Processing /home/airflow/.local/lib/python3.7/site-packages/airflow/example_dags/example_bash_operator.py took 0.288 seconds
[2023-05-25T05:02:14.962+0000] {processor.py:153} INFO - Started process (PID=2361) to work on /home/airflow/.local/lib/python3.7/site-packages/airflow/example_dags/example_bash_operator.py
[2023-05-25T05:02:14.965+0000] {processor.py:743} INFO - Processing file /home/airflow/.local/lib/python3.7/site-packages/airflow/example_dags/example_bash_operator.py for tasks to queue
[2023-05-25T05:02:14.967+0000] {logging_mixin.py:137} INFO - [2023-05-25T05:02:14.967+0000] {dagbag.py:538} INFO - Filling up the DagBag from /home/airflow/.local/lib/python3.7/site-packages/airflow/example_dags/example_bash_operator.py
[2023-05-25T05:02:15.091+0000] {processor.py:753} INFO - DAG(s) dict_keys(['example_bash_operator']) retrieved from /home/airflow/.local/lib/python3.7/site-packages/airflow/example_dags/example_bash_operator.py
[2023-05-25T05:02:15.364+0000] {logging_mixin.py:137} INFO - [2023-05-25T05:02:15.363+0000] {dag.py:2690} INFO - Sync 1 DAGs
[2023-05-25T05:02:15.463+0000] {logging_mixin.py:137} INFO - [2023-05-25T05:02:15.463+0000] {dag.py:3441} INFO - Setting next_dagrun for example_bash_operator to 2023-05-24T00:00:00+00:00, run_after=2023-05-25T00:00:00+00:00
[2023-05-25T05:02:15.553+0000] {processor.py:175} INFO - Processing /home/airflow/.local/lib/python3.7/site-packages/airflow/example_dags/example_bash_operator.py took 0.601 seconds
[2023-05-25T05:02:45.667+0000] {processor.py:153} INFO - Started process (PID=2420) to work on /home/airflow/.local/lib/python3.7/site-packages/airflow/example_dags/example_bash_operator.py
[2023-05-25T05:02:45.670+0000] {processor.py:743} INFO - Processing file /home/airflow/.local/lib/python3.7/site-packages/airflow/example_dags/example_bash_operator.py for tasks to queue
[2023-05-25T05:02:45.702+0000] {logging_mixin.py:137} INFO - [2023-05-25T05:02:45.687+0000] {dagbag.py:538} INFO - Filling up the DagBag from /home/airflow/.local/lib/python3.7/site-packages/airflow/example_dags/example_bash_operator.py
[2023-05-25T05:02:45.770+0000] {processor.py:753} INFO - DAG(s) dict_keys(['example_bash_operator']) retrieved from /home/airflow/.local/lib/python3.7/site-packages/airflow/example_dags/example_bash_operator.py
[2023-05-25T05:02:45.878+0000] {logging_mixin.py:137} INFO - [2023-05-25T05:02:45.878+0000] {dag.py:2690} INFO - Sync 1 DAGs
[2023-05-25T05:02:45.920+0000] {logging_mixin.py:137} INFO - [2023-05-25T05:02:45.920+0000] {dag.py:3441} INFO - Setting next_dagrun for example_bash_operator to 2023-05-24T00:00:00+00:00, run_after=2023-05-25T00:00:00+00:00
[2023-05-25T05:02:45.953+0000] {processor.py:175} INFO - Processing /home/airflow/.local/lib/python3.7/site-packages/airflow/example_dags/example_bash_operator.py took 0.294 seconds
[2023-05-25T05:03:16.415+0000] {processor.py:153} INFO - Started process (PID=2480) to work on /home/airflow/.local/lib/python3.7/site-packages/airflow/example_dags/example_bash_operator.py
[2023-05-25T05:03:16.420+0000] {processor.py:743} INFO - Processing file /home/airflow/.local/lib/python3.7/site-packages/airflow/example_dags/example_bash_operator.py for tasks to queue
[2023-05-25T05:03:16.423+0000] {logging_mixin.py:137} INFO - [2023-05-25T05:03:16.423+0000] {dagbag.py:538} INFO - Filling up the DagBag from /home/airflow/.local/lib/python3.7/site-packages/airflow/example_dags/example_bash_operator.py
[2023-05-25T05:03:16.465+0000] {processor.py:753} INFO - DAG(s) dict_keys(['example_bash_operator']) retrieved from /home/airflow/.local/lib/python3.7/site-packages/airflow/example_dags/example_bash_operator.py
[2023-05-25T05:03:16.527+0000] {logging_mixin.py:137} INFO - [2023-05-25T05:03:16.527+0000] {dag.py:2690} INFO - Sync 1 DAGs
[2023-05-25T05:03:16.572+0000] {logging_mixin.py:137} INFO - [2023-05-25T05:03:16.572+0000] {dag.py:3441} INFO - Setting next_dagrun for example_bash_operator to 2023-05-24T00:00:00+00:00, run_after=2023-05-25T00:00:00+00:00
[2023-05-25T05:03:16.610+0000] {processor.py:175} INFO - Processing /home/airflow/.local/lib/python3.7/site-packages/airflow/example_dags/example_bash_operator.py took 0.200 seconds
