[2023-05-25T04:35:45.832+0000] {processor.py:153} INFO - Started process (PID=89) to work on /home/airflow/.local/lib/python3.7/site-packages/airflow/example_dags/example_nested_branch_dag.py
[2023-05-25T04:35:45.855+0000] {processor.py:743} INFO - Processing file /home/airflow/.local/lib/python3.7/site-packages/airflow/example_dags/example_nested_branch_dag.py for tasks to queue
[2023-05-25T04:35:45.869+0000] {logging_mixin.py:137} INFO - [2023-05-25T04:35:45.866+0000] {dagbag.py:538} INFO - Filling up the DagBag from /home/airflow/.local/lib/python3.7/site-packages/airflow/example_dags/example_nested_branch_dag.py
[2023-05-25T04:35:46.464+0000] {processor.py:753} INFO - DAG(s) dict_keys(['example_nested_branch_dag']) retrieved from /home/airflow/.local/lib/python3.7/site-packages/airflow/example_dags/example_nested_branch_dag.py
[2023-05-25T04:35:47.022+0000] {logging_mixin.py:137} INFO - [2023-05-25T04:35:47.022+0000] {dag.py:2690} INFO - Sync 1 DAGs
[2023-05-25T04:35:48.335+0000] {logging_mixin.py:137} INFO - [2023-05-25T04:35:48.335+0000] {dag.py:3441} INFO - Setting next_dagrun for example_nested_branch_dag to 2023-05-24T00:00:00+00:00, run_after=2023-05-25T00:00:00+00:00
[2023-05-25T04:35:48.619+0000] {processor.py:175} INFO - Processing /home/airflow/.local/lib/python3.7/site-packages/airflow/example_dags/example_nested_branch_dag.py took 2.817 seconds
[2023-05-25T04:36:19.120+0000] {processor.py:153} INFO - Started process (PID=147) to work on /home/airflow/.local/lib/python3.7/site-packages/airflow/example_dags/example_nested_branch_dag.py
[2023-05-25T04:36:19.129+0000] {processor.py:743} INFO - Processing file /home/airflow/.local/lib/python3.7/site-packages/airflow/example_dags/example_nested_branch_dag.py for tasks to queue
[2023-05-25T04:36:19.145+0000] {logging_mixin.py:137} INFO - [2023-05-25T04:36:19.144+0000] {dagbag.py:538} INFO - Filling up the DagBag from /home/airflow/.local/lib/python3.7/site-packages/airflow/example_dags/example_nested_branch_dag.py
[2023-05-25T04:36:19.659+0000] {processor.py:753} INFO - DAG(s) dict_keys(['example_nested_branch_dag']) retrieved from /home/airflow/.local/lib/python3.7/site-packages/airflow/example_dags/example_nested_branch_dag.py
[2023-05-25T04:36:19.769+0000] {logging_mixin.py:137} INFO - [2023-05-25T04:36:19.769+0000] {dag.py:2690} INFO - Sync 1 DAGs
[2023-05-25T04:36:20.267+0000] {logging_mixin.py:137} INFO - [2023-05-25T04:36:20.260+0000] {dag.py:3441} INFO - Setting next_dagrun for example_nested_branch_dag to 2023-05-24T00:00:00+00:00, run_after=2023-05-25T00:00:00+00:00
[2023-05-25T04:36:20.682+0000] {processor.py:175} INFO - Processing /home/airflow/.local/lib/python3.7/site-packages/airflow/example_dags/example_nested_branch_dag.py took 1.618 seconds
[2023-05-25T04:37:09.274+0000] {processor.py:153} INFO - Started process (PID=204) to work on /home/airflow/.local/lib/python3.7/site-packages/airflow/example_dags/example_nested_branch_dag.py
[2023-05-25T04:37:09.295+0000] {processor.py:743} INFO - Processing file /home/airflow/.local/lib/python3.7/site-packages/airflow/example_dags/example_nested_branch_dag.py for tasks to queue
[2023-05-25T04:37:09.339+0000] {logging_mixin.py:137} INFO - [2023-05-25T04:37:09.339+0000] {dagbag.py:538} INFO - Filling up the DagBag from /home/airflow/.local/lib/python3.7/site-packages/airflow/example_dags/example_nested_branch_dag.py
[2023-05-25T04:37:11.197+0000] {processor.py:753} INFO - DAG(s) dict_keys(['example_nested_branch_dag']) retrieved from /home/airflow/.local/lib/python3.7/site-packages/airflow/example_dags/example_nested_branch_dag.py
[2023-05-25T04:37:12.204+0000] {logging_mixin.py:137} INFO - [2023-05-25T04:37:12.183+0000] {dag.py:2690} INFO - Sync 1 DAGs
[2023-05-25T04:37:12.927+0000] {logging_mixin.py:137} INFO - [2023-05-25T04:37:12.927+0000] {dag.py:3441} INFO - Setting next_dagrun for example_nested_branch_dag to 2023-05-24T00:00:00+00:00, run_after=2023-05-25T00:00:00+00:00
[2023-05-25T04:37:21.784+0000] {processor.py:175} INFO - Processing /home/airflow/.local/lib/python3.7/site-packages/airflow/example_dags/example_nested_branch_dag.py took 12.578 seconds
[2023-05-25T04:38:21.723+0000] {processor.py:153} INFO - Started process (PID=256) to work on /home/airflow/.local/lib/python3.7/site-packages/airflow/example_dags/example_nested_branch_dag.py
[2023-05-25T04:38:21.732+0000] {processor.py:743} INFO - Processing file /home/airflow/.local/lib/python3.7/site-packages/airflow/example_dags/example_nested_branch_dag.py for tasks to queue
[2023-05-25T04:38:21.738+0000] {logging_mixin.py:137} INFO - [2023-05-25T04:38:21.738+0000] {dagbag.py:538} INFO - Filling up the DagBag from /home/airflow/.local/lib/python3.7/site-packages/airflow/example_dags/example_nested_branch_dag.py
[2023-05-25T04:38:21.839+0000] {processor.py:753} INFO - DAG(s) dict_keys(['example_nested_branch_dag']) retrieved from /home/airflow/.local/lib/python3.7/site-packages/airflow/example_dags/example_nested_branch_dag.py
[2023-05-25T04:38:21.974+0000] {logging_mixin.py:137} INFO - [2023-05-25T04:38:21.973+0000] {dag.py:2690} INFO - Sync 1 DAGs
[2023-05-25T04:38:22.337+0000] {logging_mixin.py:137} INFO - [2023-05-25T04:38:22.336+0000] {dag.py:3441} INFO - Setting next_dagrun for example_nested_branch_dag to 2023-05-24T00:00:00+00:00, run_after=2023-05-25T00:00:00+00:00
[2023-05-25T04:38:22.490+0000] {processor.py:175} INFO - Processing /home/airflow/.local/lib/python3.7/site-packages/airflow/example_dags/example_nested_branch_dag.py took 0.774 seconds
[2023-05-25T04:38:56.403+0000] {processor.py:153} INFO - Started process (PID=314) to work on /home/airflow/.local/lib/python3.7/site-packages/airflow/example_dags/example_nested_branch_dag.py
[2023-05-25T04:38:56.408+0000] {processor.py:743} INFO - Processing file /home/airflow/.local/lib/python3.7/site-packages/airflow/example_dags/example_nested_branch_dag.py for tasks to queue
[2023-05-25T04:38:56.423+0000] {logging_mixin.py:137} INFO - [2023-05-25T04:38:56.417+0000] {dagbag.py:538} INFO - Filling up the DagBag from /home/airflow/.local/lib/python3.7/site-packages/airflow/example_dags/example_nested_branch_dag.py
[2023-05-25T04:38:56.483+0000] {processor.py:753} INFO - DAG(s) dict_keys(['example_nested_branch_dag']) retrieved from /home/airflow/.local/lib/python3.7/site-packages/airflow/example_dags/example_nested_branch_dag.py
[2023-05-25T04:38:56.583+0000] {logging_mixin.py:137} INFO - [2023-05-25T04:38:56.583+0000] {dag.py:2690} INFO - Sync 1 DAGs
[2023-05-25T04:38:56.652+0000] {logging_mixin.py:137} INFO - [2023-05-25T04:38:56.652+0000] {dag.py:3441} INFO - Setting next_dagrun for example_nested_branch_dag to 2023-05-24T00:00:00+00:00, run_after=2023-05-25T00:00:00+00:00
[2023-05-25T04:38:56.740+0000] {processor.py:175} INFO - Processing /home/airflow/.local/lib/python3.7/site-packages/airflow/example_dags/example_nested_branch_dag.py took 0.360 seconds
[2023-05-25T04:39:36.349+0000] {processor.py:153} INFO - Started process (PID=373) to work on /home/airflow/.local/lib/python3.7/site-packages/airflow/example_dags/example_nested_branch_dag.py
[2023-05-25T04:39:36.400+0000] {processor.py:743} INFO - Processing file /home/airflow/.local/lib/python3.7/site-packages/airflow/example_dags/example_nested_branch_dag.py for tasks to queue
[2023-05-25T04:39:36.403+0000] {logging_mixin.py:137} INFO - [2023-05-25T04:39:36.403+0000] {dagbag.py:538} INFO - Filling up the DagBag from /home/airflow/.local/lib/python3.7/site-packages/airflow/example_dags/example_nested_branch_dag.py
[2023-05-25T04:39:36.771+0000] {processor.py:753} INFO - DAG(s) dict_keys(['example_nested_branch_dag']) retrieved from /home/airflow/.local/lib/python3.7/site-packages/airflow/example_dags/example_nested_branch_dag.py
[2023-05-25T04:39:37.502+0000] {logging_mixin.py:137} INFO - [2023-05-25T04:39:37.491+0000] {dag.py:2690} INFO - Sync 1 DAGs
[2023-05-25T04:39:38.100+0000] {logging_mixin.py:137} INFO - [2023-05-25T04:39:38.100+0000] {dag.py:3441} INFO - Setting next_dagrun for example_nested_branch_dag to 2023-05-24T00:00:00+00:00, run_after=2023-05-25T00:00:00+00:00
[2023-05-25T04:39:38.413+0000] {processor.py:175} INFO - Processing /home/airflow/.local/lib/python3.7/site-packages/airflow/example_dags/example_nested_branch_dag.py took 2.115 seconds
[2023-05-25T04:42:09.442+0000] {processor.py:153} INFO - Started process (PID=65) to work on /home/airflow/.local/lib/python3.7/site-packages/airflow/example_dags/example_nested_branch_dag.py
[2023-05-25T04:42:09.449+0000] {processor.py:743} INFO - Processing file /home/airflow/.local/lib/python3.7/site-packages/airflow/example_dags/example_nested_branch_dag.py for tasks to queue
[2023-05-25T04:42:09.454+0000] {logging_mixin.py:137} INFO - [2023-05-25T04:42:09.454+0000] {dagbag.py:538} INFO - Filling up the DagBag from /home/airflow/.local/lib/python3.7/site-packages/airflow/example_dags/example_nested_branch_dag.py
[2023-05-25T04:42:09.616+0000] {processor.py:753} INFO - DAG(s) dict_keys(['example_nested_branch_dag']) retrieved from /home/airflow/.local/lib/python3.7/site-packages/airflow/example_dags/example_nested_branch_dag.py
[2023-05-25T04:42:09.840+0000] {logging_mixin.py:137} INFO - [2023-05-25T04:42:09.837+0000] {dag.py:2690} INFO - Sync 1 DAGs
[2023-05-25T04:42:10.119+0000] {logging_mixin.py:137} INFO - [2023-05-25T04:42:10.119+0000] {dag.py:3441} INFO - Setting next_dagrun for example_nested_branch_dag to 2023-05-24T00:00:00+00:00, run_after=2023-05-25T00:00:00+00:00
[2023-05-25T04:42:10.270+0000] {processor.py:175} INFO - Processing /home/airflow/.local/lib/python3.7/site-packages/airflow/example_dags/example_nested_branch_dag.py took 0.840 seconds
[2023-05-25T04:42:41.091+0000] {processor.py:153} INFO - Started process (PID=124) to work on /home/airflow/.local/lib/python3.7/site-packages/airflow/example_dags/example_nested_branch_dag.py
[2023-05-25T04:42:41.094+0000] {processor.py:743} INFO - Processing file /home/airflow/.local/lib/python3.7/site-packages/airflow/example_dags/example_nested_branch_dag.py for tasks to queue
[2023-05-25T04:42:41.097+0000] {logging_mixin.py:137} INFO - [2023-05-25T04:42:41.097+0000] {dagbag.py:538} INFO - Filling up the DagBag from /home/airflow/.local/lib/python3.7/site-packages/airflow/example_dags/example_nested_branch_dag.py
[2023-05-25T04:42:41.200+0000] {processor.py:753} INFO - DAG(s) dict_keys(['example_nested_branch_dag']) retrieved from /home/airflow/.local/lib/python3.7/site-packages/airflow/example_dags/example_nested_branch_dag.py
[2023-05-25T04:42:41.243+0000] {logging_mixin.py:137} INFO - [2023-05-25T04:42:41.243+0000] {dag.py:2690} INFO - Sync 1 DAGs
[2023-05-25T04:42:41.293+0000] {logging_mixin.py:137} INFO - [2023-05-25T04:42:41.293+0000] {dag.py:3441} INFO - Setting next_dagrun for example_nested_branch_dag to 2023-05-24T00:00:00+00:00, run_after=2023-05-25T00:00:00+00:00
[2023-05-25T04:42:41.334+0000] {processor.py:175} INFO - Processing /home/airflow/.local/lib/python3.7/site-packages/airflow/example_dags/example_nested_branch_dag.py took 0.256 seconds
[2023-05-25T04:43:12.127+0000] {processor.py:153} INFO - Started process (PID=183) to work on /home/airflow/.local/lib/python3.7/site-packages/airflow/example_dags/example_nested_branch_dag.py
[2023-05-25T04:43:12.131+0000] {processor.py:743} INFO - Processing file /home/airflow/.local/lib/python3.7/site-packages/airflow/example_dags/example_nested_branch_dag.py for tasks to queue
[2023-05-25T04:43:12.134+0000] {logging_mixin.py:137} INFO - [2023-05-25T04:43:12.134+0000] {dagbag.py:538} INFO - Filling up the DagBag from /home/airflow/.local/lib/python3.7/site-packages/airflow/example_dags/example_nested_branch_dag.py
[2023-05-25T04:43:12.182+0000] {processor.py:753} INFO - DAG(s) dict_keys(['example_nested_branch_dag']) retrieved from /home/airflow/.local/lib/python3.7/site-packages/airflow/example_dags/example_nested_branch_dag.py
[2023-05-25T04:43:12.243+0000] {logging_mixin.py:137} INFO - [2023-05-25T04:43:12.243+0000] {dag.py:2690} INFO - Sync 1 DAGs
[2023-05-25T04:43:12.321+0000] {logging_mixin.py:137} INFO - [2023-05-25T04:43:12.321+0000] {dag.py:3441} INFO - Setting next_dagrun for example_nested_branch_dag to 2023-05-24T00:00:00+00:00, run_after=2023-05-25T00:00:00+00:00
[2023-05-25T04:43:12.372+0000] {processor.py:175} INFO - Processing /home/airflow/.local/lib/python3.7/site-packages/airflow/example_dags/example_nested_branch_dag.py took 0.258 seconds
[2023-05-25T04:43:43.948+0000] {processor.py:153} INFO - Started process (PID=243) to work on /home/airflow/.local/lib/python3.7/site-packages/airflow/example_dags/example_nested_branch_dag.py
[2023-05-25T04:43:43.952+0000] {processor.py:743} INFO - Processing file /home/airflow/.local/lib/python3.7/site-packages/airflow/example_dags/example_nested_branch_dag.py for tasks to queue
[2023-05-25T04:43:43.956+0000] {logging_mixin.py:137} INFO - [2023-05-25T04:43:43.955+0000] {dagbag.py:538} INFO - Filling up the DagBag from /home/airflow/.local/lib/python3.7/site-packages/airflow/example_dags/example_nested_branch_dag.py
[2023-05-25T04:43:44.149+0000] {processor.py:753} INFO - DAG(s) dict_keys(['example_nested_branch_dag']) retrieved from /home/airflow/.local/lib/python3.7/site-packages/airflow/example_dags/example_nested_branch_dag.py
[2023-05-25T04:43:44.209+0000] {logging_mixin.py:137} INFO - [2023-05-25T04:43:44.209+0000] {dag.py:2690} INFO - Sync 1 DAGs
[2023-05-25T04:43:44.349+0000] {logging_mixin.py:137} INFO - [2023-05-25T04:43:44.349+0000] {dag.py:3441} INFO - Setting next_dagrun for example_nested_branch_dag to 2023-05-24T00:00:00+00:00, run_after=2023-05-25T00:00:00+00:00
[2023-05-25T04:43:44.428+0000] {processor.py:175} INFO - Processing /home/airflow/.local/lib/python3.7/site-packages/airflow/example_dags/example_nested_branch_dag.py took 0.499 seconds
[2023-05-25T04:44:15.439+0000] {processor.py:153} INFO - Started process (PID=303) to work on /home/airflow/.local/lib/python3.7/site-packages/airflow/example_dags/example_nested_branch_dag.py
[2023-05-25T04:44:15.452+0000] {processor.py:743} INFO - Processing file /home/airflow/.local/lib/python3.7/site-packages/airflow/example_dags/example_nested_branch_dag.py for tasks to queue
[2023-05-25T04:44:15.454+0000] {logging_mixin.py:137} INFO - [2023-05-25T04:44:15.454+0000] {dagbag.py:538} INFO - Filling up the DagBag from /home/airflow/.local/lib/python3.7/site-packages/airflow/example_dags/example_nested_branch_dag.py
[2023-05-25T04:44:15.522+0000] {processor.py:753} INFO - DAG(s) dict_keys(['example_nested_branch_dag']) retrieved from /home/airflow/.local/lib/python3.7/site-packages/airflow/example_dags/example_nested_branch_dag.py
[2023-05-25T04:44:15.596+0000] {logging_mixin.py:137} INFO - [2023-05-25T04:44:15.595+0000] {dag.py:2690} INFO - Sync 1 DAGs
[2023-05-25T04:44:15.669+0000] {logging_mixin.py:137} INFO - [2023-05-25T04:44:15.669+0000] {dag.py:3441} INFO - Setting next_dagrun for example_nested_branch_dag to 2023-05-24T00:00:00+00:00, run_after=2023-05-25T00:00:00+00:00
[2023-05-25T04:44:15.756+0000] {processor.py:175} INFO - Processing /home/airflow/.local/lib/python3.7/site-packages/airflow/example_dags/example_nested_branch_dag.py took 0.322 seconds
[2023-05-25T04:44:46.506+0000] {processor.py:153} INFO - Started process (PID=373) to work on /home/airflow/.local/lib/python3.7/site-packages/airflow/example_dags/example_nested_branch_dag.py
[2023-05-25T04:44:46.512+0000] {processor.py:743} INFO - Processing file /home/airflow/.local/lib/python3.7/site-packages/airflow/example_dags/example_nested_branch_dag.py for tasks to queue
[2023-05-25T04:44:46.517+0000] {logging_mixin.py:137} INFO - [2023-05-25T04:44:46.515+0000] {dagbag.py:538} INFO - Filling up the DagBag from /home/airflow/.local/lib/python3.7/site-packages/airflow/example_dags/example_nested_branch_dag.py
[2023-05-25T04:44:46.602+0000] {processor.py:753} INFO - DAG(s) dict_keys(['example_nested_branch_dag']) retrieved from /home/airflow/.local/lib/python3.7/site-packages/airflow/example_dags/example_nested_branch_dag.py
[2023-05-25T04:44:46.660+0000] {logging_mixin.py:137} INFO - [2023-05-25T04:44:46.660+0000] {dag.py:2690} INFO - Sync 1 DAGs
[2023-05-25T04:44:46.708+0000] {logging_mixin.py:137} INFO - [2023-05-25T04:44:46.707+0000] {dag.py:3441} INFO - Setting next_dagrun for example_nested_branch_dag to 2023-05-24T00:00:00+00:00, run_after=2023-05-25T00:00:00+00:00
[2023-05-25T04:44:46.754+0000] {processor.py:175} INFO - Processing /home/airflow/.local/lib/python3.7/site-packages/airflow/example_dags/example_nested_branch_dag.py took 0.260 seconds
[2023-05-25T04:45:18.023+0000] {processor.py:153} INFO - Started process (PID=435) to work on /home/airflow/.local/lib/python3.7/site-packages/airflow/example_dags/example_nested_branch_dag.py
[2023-05-25T04:45:18.042+0000] {processor.py:743} INFO - Processing file /home/airflow/.local/lib/python3.7/site-packages/airflow/example_dags/example_nested_branch_dag.py for tasks to queue
[2023-05-25T04:45:18.046+0000] {logging_mixin.py:137} INFO - [2023-05-25T04:45:18.046+0000] {dagbag.py:538} INFO - Filling up the DagBag from /home/airflow/.local/lib/python3.7/site-packages/airflow/example_dags/example_nested_branch_dag.py
[2023-05-25T04:45:18.153+0000] {processor.py:753} INFO - DAG(s) dict_keys(['example_nested_branch_dag']) retrieved from /home/airflow/.local/lib/python3.7/site-packages/airflow/example_dags/example_nested_branch_dag.py
[2023-05-25T04:45:18.203+0000] {logging_mixin.py:137} INFO - [2023-05-25T04:45:18.203+0000] {dag.py:2690} INFO - Sync 1 DAGs
[2023-05-25T04:45:18.262+0000] {logging_mixin.py:137} INFO - [2023-05-25T04:45:18.262+0000] {dag.py:3441} INFO - Setting next_dagrun for example_nested_branch_dag to 2023-05-24T00:00:00+00:00, run_after=2023-05-25T00:00:00+00:00
[2023-05-25T04:45:18.306+0000] {processor.py:175} INFO - Processing /home/airflow/.local/lib/python3.7/site-packages/airflow/example_dags/example_nested_branch_dag.py took 0.317 seconds
[2023-05-25T04:45:49.187+0000] {processor.py:153} INFO - Started process (PID=485) to work on /home/airflow/.local/lib/python3.7/site-packages/airflow/example_dags/example_nested_branch_dag.py
[2023-05-25T04:45:49.194+0000] {processor.py:743} INFO - Processing file /home/airflow/.local/lib/python3.7/site-packages/airflow/example_dags/example_nested_branch_dag.py for tasks to queue
[2023-05-25T04:45:49.209+0000] {logging_mixin.py:137} INFO - [2023-05-25T04:45:49.208+0000] {dagbag.py:538} INFO - Filling up the DagBag from /home/airflow/.local/lib/python3.7/site-packages/airflow/example_dags/example_nested_branch_dag.py
[2023-05-25T04:45:49.292+0000] {processor.py:753} INFO - DAG(s) dict_keys(['example_nested_branch_dag']) retrieved from /home/airflow/.local/lib/python3.7/site-packages/airflow/example_dags/example_nested_branch_dag.py
[2023-05-25T04:45:49.331+0000] {logging_mixin.py:137} INFO - [2023-05-25T04:45:49.331+0000] {dag.py:2690} INFO - Sync 1 DAGs
[2023-05-25T04:45:49.388+0000] {logging_mixin.py:137} INFO - [2023-05-25T04:45:49.388+0000] {dag.py:3441} INFO - Setting next_dagrun for example_nested_branch_dag to 2023-05-24T00:00:00+00:00, run_after=2023-05-25T00:00:00+00:00
[2023-05-25T04:45:49.464+0000] {processor.py:175} INFO - Processing /home/airflow/.local/lib/python3.7/site-packages/airflow/example_dags/example_nested_branch_dag.py took 0.281 seconds
[2023-05-25T04:46:19.871+0000] {processor.py:153} INFO - Started process (PID=557) to work on /home/airflow/.local/lib/python3.7/site-packages/airflow/example_dags/example_nested_branch_dag.py
[2023-05-25T04:46:19.881+0000] {processor.py:743} INFO - Processing file /home/airflow/.local/lib/python3.7/site-packages/airflow/example_dags/example_nested_branch_dag.py for tasks to queue
[2023-05-25T04:46:19.884+0000] {logging_mixin.py:137} INFO - [2023-05-25T04:46:19.883+0000] {dagbag.py:538} INFO - Filling up the DagBag from /home/airflow/.local/lib/python3.7/site-packages/airflow/example_dags/example_nested_branch_dag.py
[2023-05-25T04:46:19.932+0000] {processor.py:753} INFO - DAG(s) dict_keys(['example_nested_branch_dag']) retrieved from /home/airflow/.local/lib/python3.7/site-packages/airflow/example_dags/example_nested_branch_dag.py
[2023-05-25T04:46:19.976+0000] {logging_mixin.py:137} INFO - [2023-05-25T04:46:19.976+0000] {dag.py:2690} INFO - Sync 1 DAGs
[2023-05-25T04:46:20.096+0000] {logging_mixin.py:137} INFO - [2023-05-25T04:46:20.095+0000] {dag.py:3441} INFO - Setting next_dagrun for example_nested_branch_dag to 2023-05-24T00:00:00+00:00, run_after=2023-05-25T00:00:00+00:00
[2023-05-25T04:46:20.149+0000] {processor.py:175} INFO - Processing /home/airflow/.local/lib/python3.7/site-packages/airflow/example_dags/example_nested_branch_dag.py took 0.289 seconds
[2023-05-25T04:46:50.434+0000] {processor.py:153} INFO - Started process (PID=617) to work on /home/airflow/.local/lib/python3.7/site-packages/airflow/example_dags/example_nested_branch_dag.py
[2023-05-25T04:46:50.438+0000] {processor.py:743} INFO - Processing file /home/airflow/.local/lib/python3.7/site-packages/airflow/example_dags/example_nested_branch_dag.py for tasks to queue
[2023-05-25T04:46:50.442+0000] {logging_mixin.py:137} INFO - [2023-05-25T04:46:50.441+0000] {dagbag.py:538} INFO - Filling up the DagBag from /home/airflow/.local/lib/python3.7/site-packages/airflow/example_dags/example_nested_branch_dag.py
[2023-05-25T04:46:50.528+0000] {processor.py:753} INFO - DAG(s) dict_keys(['example_nested_branch_dag']) retrieved from /home/airflow/.local/lib/python3.7/site-packages/airflow/example_dags/example_nested_branch_dag.py
[2023-05-25T04:46:50.605+0000] {logging_mixin.py:137} INFO - [2023-05-25T04:46:50.605+0000] {dag.py:2690} INFO - Sync 1 DAGs
[2023-05-25T04:46:50.677+0000] {logging_mixin.py:137} INFO - [2023-05-25T04:46:50.676+0000] {dag.py:3441} INFO - Setting next_dagrun for example_nested_branch_dag to 2023-05-24T00:00:00+00:00, run_after=2023-05-25T00:00:00+00:00
[2023-05-25T04:46:50.724+0000] {processor.py:175} INFO - Processing /home/airflow/.local/lib/python3.7/site-packages/airflow/example_dags/example_nested_branch_dag.py took 0.304 seconds
[2023-05-25T04:47:40.572+0000] {processor.py:153} INFO - Started process (PID=676) to work on /home/airflow/.local/lib/python3.7/site-packages/airflow/example_dags/example_nested_branch_dag.py
[2023-05-25T04:47:40.589+0000] {processor.py:743} INFO - Processing file /home/airflow/.local/lib/python3.7/site-packages/airflow/example_dags/example_nested_branch_dag.py for tasks to queue
[2023-05-25T04:47:40.594+0000] {logging_mixin.py:137} INFO - [2023-05-25T04:47:40.594+0000] {dagbag.py:538} INFO - Filling up the DagBag from /home/airflow/.local/lib/python3.7/site-packages/airflow/example_dags/example_nested_branch_dag.py
[2023-05-25T04:47:40.645+0000] {processor.py:753} INFO - DAG(s) dict_keys(['example_nested_branch_dag']) retrieved from /home/airflow/.local/lib/python3.7/site-packages/airflow/example_dags/example_nested_branch_dag.py
[2023-05-25T04:47:40.719+0000] {logging_mixin.py:137} INFO - [2023-05-25T04:47:40.718+0000] {dag.py:2690} INFO - Sync 1 DAGs
[2023-05-25T04:47:40.854+0000] {logging_mixin.py:137} INFO - [2023-05-25T04:47:40.854+0000] {dag.py:3441} INFO - Setting next_dagrun for example_nested_branch_dag to 2023-05-24T00:00:00+00:00, run_after=2023-05-25T00:00:00+00:00
[2023-05-25T04:47:40.963+0000] {processor.py:175} INFO - Processing /home/airflow/.local/lib/python3.7/site-packages/airflow/example_dags/example_nested_branch_dag.py took 0.405 seconds
[2023-05-25T04:48:11.547+0000] {processor.py:153} INFO - Started process (PID=737) to work on /home/airflow/.local/lib/python3.7/site-packages/airflow/example_dags/example_nested_branch_dag.py
[2023-05-25T04:48:11.556+0000] {processor.py:743} INFO - Processing file /home/airflow/.local/lib/python3.7/site-packages/airflow/example_dags/example_nested_branch_dag.py for tasks to queue
[2023-05-25T04:48:11.560+0000] {logging_mixin.py:137} INFO - [2023-05-25T04:48:11.559+0000] {dagbag.py:538} INFO - Filling up the DagBag from /home/airflow/.local/lib/python3.7/site-packages/airflow/example_dags/example_nested_branch_dag.py
[2023-05-25T04:48:11.632+0000] {processor.py:753} INFO - DAG(s) dict_keys(['example_nested_branch_dag']) retrieved from /home/airflow/.local/lib/python3.7/site-packages/airflow/example_dags/example_nested_branch_dag.py
[2023-05-25T04:48:11.710+0000] {logging_mixin.py:137} INFO - [2023-05-25T04:48:11.708+0000] {dag.py:2690} INFO - Sync 1 DAGs
[2023-05-25T04:48:11.806+0000] {logging_mixin.py:137} INFO - [2023-05-25T04:48:11.806+0000] {dag.py:3441} INFO - Setting next_dagrun for example_nested_branch_dag to 2023-05-24T00:00:00+00:00, run_after=2023-05-25T00:00:00+00:00
[2023-05-25T04:48:11.837+0000] {processor.py:175} INFO - Processing /home/airflow/.local/lib/python3.7/site-packages/airflow/example_dags/example_nested_branch_dag.py took 0.295 seconds
[2023-05-25T04:48:43.013+0000] {processor.py:153} INFO - Started process (PID=801) to work on /home/airflow/.local/lib/python3.7/site-packages/airflow/example_dags/example_nested_branch_dag.py
[2023-05-25T04:48:43.022+0000] {processor.py:743} INFO - Processing file /home/airflow/.local/lib/python3.7/site-packages/airflow/example_dags/example_nested_branch_dag.py for tasks to queue
[2023-05-25T04:48:43.029+0000] {logging_mixin.py:137} INFO - [2023-05-25T04:48:43.028+0000] {dagbag.py:538} INFO - Filling up the DagBag from /home/airflow/.local/lib/python3.7/site-packages/airflow/example_dags/example_nested_branch_dag.py
[2023-05-25T04:48:43.216+0000] {processor.py:753} INFO - DAG(s) dict_keys(['example_nested_branch_dag']) retrieved from /home/airflow/.local/lib/python3.7/site-packages/airflow/example_dags/example_nested_branch_dag.py
[2023-05-25T04:48:43.425+0000] {logging_mixin.py:137} INFO - [2023-05-25T04:48:43.425+0000] {dag.py:2690} INFO - Sync 1 DAGs
[2023-05-25T04:48:43.610+0000] {logging_mixin.py:137} INFO - [2023-05-25T04:48:43.609+0000] {dag.py:3441} INFO - Setting next_dagrun for example_nested_branch_dag to 2023-05-24T00:00:00+00:00, run_after=2023-05-25T00:00:00+00:00
[2023-05-25T04:48:43.770+0000] {processor.py:175} INFO - Processing /home/airflow/.local/lib/python3.7/site-packages/airflow/example_dags/example_nested_branch_dag.py took 0.777 seconds
[2023-05-25T04:49:14.042+0000] {processor.py:153} INFO - Started process (PID=861) to work on /home/airflow/.local/lib/python3.7/site-packages/airflow/example_dags/example_nested_branch_dag.py
[2023-05-25T04:49:14.057+0000] {processor.py:743} INFO - Processing file /home/airflow/.local/lib/python3.7/site-packages/airflow/example_dags/example_nested_branch_dag.py for tasks to queue
[2023-05-25T04:49:14.067+0000] {logging_mixin.py:137} INFO - [2023-05-25T04:49:14.067+0000] {dagbag.py:538} INFO - Filling up the DagBag from /home/airflow/.local/lib/python3.7/site-packages/airflow/example_dags/example_nested_branch_dag.py
[2023-05-25T04:49:14.145+0000] {processor.py:753} INFO - DAG(s) dict_keys(['example_nested_branch_dag']) retrieved from /home/airflow/.local/lib/python3.7/site-packages/airflow/example_dags/example_nested_branch_dag.py
[2023-05-25T04:49:14.203+0000] {logging_mixin.py:137} INFO - [2023-05-25T04:49:14.202+0000] {dag.py:2690} INFO - Sync 1 DAGs
[2023-05-25T04:49:14.254+0000] {logging_mixin.py:137} INFO - [2023-05-25T04:49:14.253+0000] {dag.py:3441} INFO - Setting next_dagrun for example_nested_branch_dag to 2023-05-24T00:00:00+00:00, run_after=2023-05-25T00:00:00+00:00
[2023-05-25T04:49:14.298+0000] {processor.py:175} INFO - Processing /home/airflow/.local/lib/python3.7/site-packages/airflow/example_dags/example_nested_branch_dag.py took 0.271 seconds
[2023-05-25T04:49:45.323+0000] {processor.py:153} INFO - Started process (PID=929) to work on /home/airflow/.local/lib/python3.7/site-packages/airflow/example_dags/example_nested_branch_dag.py
[2023-05-25T04:49:45.330+0000] {processor.py:743} INFO - Processing file /home/airflow/.local/lib/python3.7/site-packages/airflow/example_dags/example_nested_branch_dag.py for tasks to queue
[2023-05-25T04:49:45.336+0000] {logging_mixin.py:137} INFO - [2023-05-25T04:49:45.336+0000] {dagbag.py:538} INFO - Filling up the DagBag from /home/airflow/.local/lib/python3.7/site-packages/airflow/example_dags/example_nested_branch_dag.py
[2023-05-25T04:49:45.416+0000] {processor.py:753} INFO - DAG(s) dict_keys(['example_nested_branch_dag']) retrieved from /home/airflow/.local/lib/python3.7/site-packages/airflow/example_dags/example_nested_branch_dag.py
[2023-05-25T04:49:45.463+0000] {logging_mixin.py:137} INFO - [2023-05-25T04:49:45.463+0000] {dag.py:2690} INFO - Sync 1 DAGs
[2023-05-25T04:49:45.541+0000] {logging_mixin.py:137} INFO - [2023-05-25T04:49:45.541+0000] {dag.py:3441} INFO - Setting next_dagrun for example_nested_branch_dag to 2023-05-24T00:00:00+00:00, run_after=2023-05-25T00:00:00+00:00
[2023-05-25T04:49:45.589+0000] {processor.py:175} INFO - Processing /home/airflow/.local/lib/python3.7/site-packages/airflow/example_dags/example_nested_branch_dag.py took 0.283 seconds
[2023-05-25T04:50:16.187+0000] {processor.py:153} INFO - Started process (PID=992) to work on /home/airflow/.local/lib/python3.7/site-packages/airflow/example_dags/example_nested_branch_dag.py
[2023-05-25T04:50:16.192+0000] {processor.py:743} INFO - Processing file /home/airflow/.local/lib/python3.7/site-packages/airflow/example_dags/example_nested_branch_dag.py for tasks to queue
[2023-05-25T04:50:16.194+0000] {logging_mixin.py:137} INFO - [2023-05-25T04:50:16.194+0000] {dagbag.py:538} INFO - Filling up the DagBag from /home/airflow/.local/lib/python3.7/site-packages/airflow/example_dags/example_nested_branch_dag.py
[2023-05-25T04:50:16.381+0000] {processor.py:753} INFO - DAG(s) dict_keys(['example_nested_branch_dag']) retrieved from /home/airflow/.local/lib/python3.7/site-packages/airflow/example_dags/example_nested_branch_dag.py
[2023-05-25T04:50:16.514+0000] {logging_mixin.py:137} INFO - [2023-05-25T04:50:16.514+0000] {dag.py:2690} INFO - Sync 1 DAGs
[2023-05-25T04:50:16.654+0000] {logging_mixin.py:137} INFO - [2023-05-25T04:50:16.654+0000] {dag.py:3441} INFO - Setting next_dagrun for example_nested_branch_dag to 2023-05-24T00:00:00+00:00, run_after=2023-05-25T00:00:00+00:00
[2023-05-25T04:50:16.737+0000] {processor.py:175} INFO - Processing /home/airflow/.local/lib/python3.7/site-packages/airflow/example_dags/example_nested_branch_dag.py took 0.567 seconds
[2023-05-25T04:50:47.455+0000] {processor.py:153} INFO - Started process (PID=1044) to work on /home/airflow/.local/lib/python3.7/site-packages/airflow/example_dags/example_nested_branch_dag.py
[2023-05-25T04:50:47.465+0000] {processor.py:743} INFO - Processing file /home/airflow/.local/lib/python3.7/site-packages/airflow/example_dags/example_nested_branch_dag.py for tasks to queue
[2023-05-25T04:50:47.469+0000] {logging_mixin.py:137} INFO - [2023-05-25T04:50:47.469+0000] {dagbag.py:538} INFO - Filling up the DagBag from /home/airflow/.local/lib/python3.7/site-packages/airflow/example_dags/example_nested_branch_dag.py
[2023-05-25T04:50:47.624+0000] {processor.py:753} INFO - DAG(s) dict_keys(['example_nested_branch_dag']) retrieved from /home/airflow/.local/lib/python3.7/site-packages/airflow/example_dags/example_nested_branch_dag.py
[2023-05-25T04:50:47.705+0000] {logging_mixin.py:137} INFO - [2023-05-25T04:50:47.705+0000] {dag.py:2690} INFO - Sync 1 DAGs
[2023-05-25T04:50:47.857+0000] {logging_mixin.py:137} INFO - [2023-05-25T04:50:47.857+0000] {dag.py:3441} INFO - Setting next_dagrun for example_nested_branch_dag to 2023-05-24T00:00:00+00:00, run_after=2023-05-25T00:00:00+00:00
[2023-05-25T04:50:47.973+0000] {processor.py:175} INFO - Processing /home/airflow/.local/lib/python3.7/site-packages/airflow/example_dags/example_nested_branch_dag.py took 0.533 seconds
[2023-05-25T04:51:19.534+0000] {processor.py:153} INFO - Started process (PID=1104) to work on /home/airflow/.local/lib/python3.7/site-packages/airflow/example_dags/example_nested_branch_dag.py
[2023-05-25T04:51:19.540+0000] {processor.py:743} INFO - Processing file /home/airflow/.local/lib/python3.7/site-packages/airflow/example_dags/example_nested_branch_dag.py for tasks to queue
[2023-05-25T04:51:19.546+0000] {logging_mixin.py:137} INFO - [2023-05-25T04:51:19.545+0000] {dagbag.py:538} INFO - Filling up the DagBag from /home/airflow/.local/lib/python3.7/site-packages/airflow/example_dags/example_nested_branch_dag.py
[2023-05-25T04:51:19.644+0000] {processor.py:753} INFO - DAG(s) dict_keys(['example_nested_branch_dag']) retrieved from /home/airflow/.local/lib/python3.7/site-packages/airflow/example_dags/example_nested_branch_dag.py
[2023-05-25T04:51:19.790+0000] {logging_mixin.py:137} INFO - [2023-05-25T04:51:19.790+0000] {dag.py:2690} INFO - Sync 1 DAGs
[2023-05-25T04:51:20.019+0000] {logging_mixin.py:137} INFO - [2023-05-25T04:51:20.019+0000] {dag.py:3441} INFO - Setting next_dagrun for example_nested_branch_dag to 2023-05-24T00:00:00+00:00, run_after=2023-05-25T00:00:00+00:00
[2023-05-25T04:51:20.060+0000] {processor.py:175} INFO - Processing /home/airflow/.local/lib/python3.7/site-packages/airflow/example_dags/example_nested_branch_dag.py took 0.543 seconds
[2023-05-25T04:51:52.388+0000] {processor.py:153} INFO - Started process (PID=1162) to work on /home/airflow/.local/lib/python3.7/site-packages/airflow/example_dags/example_nested_branch_dag.py
[2023-05-25T04:51:52.401+0000] {processor.py:743} INFO - Processing file /home/airflow/.local/lib/python3.7/site-packages/airflow/example_dags/example_nested_branch_dag.py for tasks to queue
[2023-05-25T04:51:52.411+0000] {logging_mixin.py:137} INFO - [2023-05-25T04:51:52.410+0000] {dagbag.py:538} INFO - Filling up the DagBag from /home/airflow/.local/lib/python3.7/site-packages/airflow/example_dags/example_nested_branch_dag.py
[2023-05-25T04:51:52.674+0000] {processor.py:753} INFO - DAG(s) dict_keys(['example_nested_branch_dag']) retrieved from /home/airflow/.local/lib/python3.7/site-packages/airflow/example_dags/example_nested_branch_dag.py
[2023-05-25T04:51:53.252+0000] {logging_mixin.py:137} INFO - [2023-05-25T04:51:53.252+0000] {dag.py:2690} INFO - Sync 1 DAGs
[2023-05-25T04:51:53.508+0000] {logging_mixin.py:137} INFO - [2023-05-25T04:51:53.507+0000] {dag.py:3441} INFO - Setting next_dagrun for example_nested_branch_dag to 2023-05-24T00:00:00+00:00, run_after=2023-05-25T00:00:00+00:00
[2023-05-25T04:51:53.751+0000] {processor.py:175} INFO - Processing /home/airflow/.local/lib/python3.7/site-packages/airflow/example_dags/example_nested_branch_dag.py took 1.394 seconds
[2023-05-25T04:52:24.827+0000] {processor.py:153} INFO - Started process (PID=1213) to work on /home/airflow/.local/lib/python3.7/site-packages/airflow/example_dags/example_nested_branch_dag.py
[2023-05-25T04:52:24.833+0000] {processor.py:743} INFO - Processing file /home/airflow/.local/lib/python3.7/site-packages/airflow/example_dags/example_nested_branch_dag.py for tasks to queue
[2023-05-25T04:52:24.841+0000] {logging_mixin.py:137} INFO - [2023-05-25T04:52:24.839+0000] {dagbag.py:538} INFO - Filling up the DagBag from /home/airflow/.local/lib/python3.7/site-packages/airflow/example_dags/example_nested_branch_dag.py
[2023-05-25T04:52:24.990+0000] {processor.py:753} INFO - DAG(s) dict_keys(['example_nested_branch_dag']) retrieved from /home/airflow/.local/lib/python3.7/site-packages/airflow/example_dags/example_nested_branch_dag.py
[2023-05-25T04:52:25.069+0000] {logging_mixin.py:137} INFO - [2023-05-25T04:52:25.069+0000] {dag.py:2690} INFO - Sync 1 DAGs
[2023-05-25T04:52:25.170+0000] {logging_mixin.py:137} INFO - [2023-05-25T04:52:25.166+0000] {dag.py:3441} INFO - Setting next_dagrun for example_nested_branch_dag to 2023-05-24T00:00:00+00:00, run_after=2023-05-25T00:00:00+00:00
[2023-05-25T04:52:25.223+0000] {processor.py:175} INFO - Processing /home/airflow/.local/lib/python3.7/site-packages/airflow/example_dags/example_nested_branch_dag.py took 0.416 seconds
[2023-05-25T04:52:56.001+0000] {processor.py:153} INFO - Started process (PID=1273) to work on /home/airflow/.local/lib/python3.7/site-packages/airflow/example_dags/example_nested_branch_dag.py
[2023-05-25T04:52:56.007+0000] {processor.py:743} INFO - Processing file /home/airflow/.local/lib/python3.7/site-packages/airflow/example_dags/example_nested_branch_dag.py for tasks to queue
[2023-05-25T04:52:56.012+0000] {logging_mixin.py:137} INFO - [2023-05-25T04:52:56.011+0000] {dagbag.py:538} INFO - Filling up the DagBag from /home/airflow/.local/lib/python3.7/site-packages/airflow/example_dags/example_nested_branch_dag.py
[2023-05-25T04:52:56.163+0000] {processor.py:753} INFO - DAG(s) dict_keys(['example_nested_branch_dag']) retrieved from /home/airflow/.local/lib/python3.7/site-packages/airflow/example_dags/example_nested_branch_dag.py
[2023-05-25T04:52:56.219+0000] {logging_mixin.py:137} INFO - [2023-05-25T04:52:56.219+0000] {dag.py:2690} INFO - Sync 1 DAGs
[2023-05-25T04:52:56.273+0000] {logging_mixin.py:137} INFO - [2023-05-25T04:52:56.273+0000] {dag.py:3441} INFO - Setting next_dagrun for example_nested_branch_dag to 2023-05-24T00:00:00+00:00, run_after=2023-05-25T00:00:00+00:00
[2023-05-25T04:52:56.316+0000] {processor.py:175} INFO - Processing /home/airflow/.local/lib/python3.7/site-packages/airflow/example_dags/example_nested_branch_dag.py took 0.336 seconds
[2023-05-25T04:53:27.100+0000] {processor.py:153} INFO - Started process (PID=1334) to work on /home/airflow/.local/lib/python3.7/site-packages/airflow/example_dags/example_nested_branch_dag.py
[2023-05-25T04:53:27.105+0000] {processor.py:743} INFO - Processing file /home/airflow/.local/lib/python3.7/site-packages/airflow/example_dags/example_nested_branch_dag.py for tasks to queue
[2023-05-25T04:53:27.108+0000] {logging_mixin.py:137} INFO - [2023-05-25T04:53:27.107+0000] {dagbag.py:538} INFO - Filling up the DagBag from /home/airflow/.local/lib/python3.7/site-packages/airflow/example_dags/example_nested_branch_dag.py
[2023-05-25T04:53:27.149+0000] {processor.py:753} INFO - DAG(s) dict_keys(['example_nested_branch_dag']) retrieved from /home/airflow/.local/lib/python3.7/site-packages/airflow/example_dags/example_nested_branch_dag.py
[2023-05-25T04:53:27.194+0000] {logging_mixin.py:137} INFO - [2023-05-25T04:53:27.194+0000] {dag.py:2690} INFO - Sync 1 DAGs
[2023-05-25T04:53:27.242+0000] {logging_mixin.py:137} INFO - [2023-05-25T04:53:27.242+0000] {dag.py:3441} INFO - Setting next_dagrun for example_nested_branch_dag to 2023-05-24T00:00:00+00:00, run_after=2023-05-25T00:00:00+00:00
[2023-05-25T04:53:27.274+0000] {processor.py:175} INFO - Processing /home/airflow/.local/lib/python3.7/site-packages/airflow/example_dags/example_nested_branch_dag.py took 0.181 seconds
[2023-05-25T04:53:57.522+0000] {processor.py:153} INFO - Started process (PID=1393) to work on /home/airflow/.local/lib/python3.7/site-packages/airflow/example_dags/example_nested_branch_dag.py
[2023-05-25T04:53:57.526+0000] {processor.py:743} INFO - Processing file /home/airflow/.local/lib/python3.7/site-packages/airflow/example_dags/example_nested_branch_dag.py for tasks to queue
[2023-05-25T04:53:57.529+0000] {logging_mixin.py:137} INFO - [2023-05-25T04:53:57.529+0000] {dagbag.py:538} INFO - Filling up the DagBag from /home/airflow/.local/lib/python3.7/site-packages/airflow/example_dags/example_nested_branch_dag.py
[2023-05-25T04:53:57.575+0000] {processor.py:753} INFO - DAG(s) dict_keys(['example_nested_branch_dag']) retrieved from /home/airflow/.local/lib/python3.7/site-packages/airflow/example_dags/example_nested_branch_dag.py
[2023-05-25T04:53:57.617+0000] {logging_mixin.py:137} INFO - [2023-05-25T04:53:57.617+0000] {dag.py:2690} INFO - Sync 1 DAGs
[2023-05-25T04:53:57.667+0000] {logging_mixin.py:137} INFO - [2023-05-25T04:53:57.667+0000] {dag.py:3441} INFO - Setting next_dagrun for example_nested_branch_dag to 2023-05-24T00:00:00+00:00, run_after=2023-05-25T00:00:00+00:00
[2023-05-25T04:53:57.704+0000] {processor.py:175} INFO - Processing /home/airflow/.local/lib/python3.7/site-packages/airflow/example_dags/example_nested_branch_dag.py took 0.194 seconds
[2023-05-25T04:54:28.321+0000] {processor.py:153} INFO - Started process (PID=1453) to work on /home/airflow/.local/lib/python3.7/site-packages/airflow/example_dags/example_nested_branch_dag.py
[2023-05-25T04:54:28.329+0000] {processor.py:743} INFO - Processing file /home/airflow/.local/lib/python3.7/site-packages/airflow/example_dags/example_nested_branch_dag.py for tasks to queue
[2023-05-25T04:54:28.333+0000] {logging_mixin.py:137} INFO - [2023-05-25T04:54:28.332+0000] {dagbag.py:538} INFO - Filling up the DagBag from /home/airflow/.local/lib/python3.7/site-packages/airflow/example_dags/example_nested_branch_dag.py
[2023-05-25T04:54:28.457+0000] {processor.py:753} INFO - DAG(s) dict_keys(['example_nested_branch_dag']) retrieved from /home/airflow/.local/lib/python3.7/site-packages/airflow/example_dags/example_nested_branch_dag.py
[2023-05-25T04:54:28.591+0000] {logging_mixin.py:137} INFO - [2023-05-25T04:54:28.591+0000] {dag.py:2690} INFO - Sync 1 DAGs
[2023-05-25T04:54:28.666+0000] {logging_mixin.py:137} INFO - [2023-05-25T04:54:28.666+0000] {dag.py:3441} INFO - Setting next_dagrun for example_nested_branch_dag to 2023-05-24T00:00:00+00:00, run_after=2023-05-25T00:00:00+00:00
[2023-05-25T04:54:28.771+0000] {processor.py:175} INFO - Processing /home/airflow/.local/lib/python3.7/site-packages/airflow/example_dags/example_nested_branch_dag.py took 0.470 seconds
[2023-05-25T04:54:59.173+0000] {processor.py:153} INFO - Started process (PID=1513) to work on /home/airflow/.local/lib/python3.7/site-packages/airflow/example_dags/example_nested_branch_dag.py
[2023-05-25T04:54:59.180+0000] {processor.py:743} INFO - Processing file /home/airflow/.local/lib/python3.7/site-packages/airflow/example_dags/example_nested_branch_dag.py for tasks to queue
[2023-05-25T04:54:59.188+0000] {logging_mixin.py:137} INFO - [2023-05-25T04:54:59.187+0000] {dagbag.py:538} INFO - Filling up the DagBag from /home/airflow/.local/lib/python3.7/site-packages/airflow/example_dags/example_nested_branch_dag.py
[2023-05-25T04:54:59.333+0000] {processor.py:753} INFO - DAG(s) dict_keys(['example_nested_branch_dag']) retrieved from /home/airflow/.local/lib/python3.7/site-packages/airflow/example_dags/example_nested_branch_dag.py
[2023-05-25T04:54:59.437+0000] {logging_mixin.py:137} INFO - [2023-05-25T04:54:59.435+0000] {dag.py:2690} INFO - Sync 1 DAGs
[2023-05-25T04:54:59.533+0000] {logging_mixin.py:137} INFO - [2023-05-25T04:54:59.532+0000] {dag.py:3441} INFO - Setting next_dagrun for example_nested_branch_dag to 2023-05-24T00:00:00+00:00, run_after=2023-05-25T00:00:00+00:00
[2023-05-25T04:54:59.620+0000] {processor.py:175} INFO - Processing /home/airflow/.local/lib/python3.7/site-packages/airflow/example_dags/example_nested_branch_dag.py took 0.455 seconds
[2023-05-25T04:55:29.754+0000] {processor.py:153} INFO - Started process (PID=1574) to work on /home/airflow/.local/lib/python3.7/site-packages/airflow/example_dags/example_nested_branch_dag.py
[2023-05-25T04:55:29.760+0000] {processor.py:743} INFO - Processing file /home/airflow/.local/lib/python3.7/site-packages/airflow/example_dags/example_nested_branch_dag.py for tasks to queue
[2023-05-25T04:55:29.768+0000] {logging_mixin.py:137} INFO - [2023-05-25T04:55:29.768+0000] {dagbag.py:538} INFO - Filling up the DagBag from /home/airflow/.local/lib/python3.7/site-packages/airflow/example_dags/example_nested_branch_dag.py
[2023-05-25T04:55:29.852+0000] {processor.py:753} INFO - DAG(s) dict_keys(['example_nested_branch_dag']) retrieved from /home/airflow/.local/lib/python3.7/site-packages/airflow/example_dags/example_nested_branch_dag.py
[2023-05-25T04:55:29.901+0000] {logging_mixin.py:137} INFO - [2023-05-25T04:55:29.901+0000] {dag.py:2690} INFO - Sync 1 DAGs
[2023-05-25T04:55:29.961+0000] {logging_mixin.py:137} INFO - [2023-05-25T04:55:29.961+0000] {dag.py:3441} INFO - Setting next_dagrun for example_nested_branch_dag to 2023-05-24T00:00:00+00:00, run_after=2023-05-25T00:00:00+00:00
[2023-05-25T04:55:30.027+0000] {processor.py:175} INFO - Processing /home/airflow/.local/lib/python3.7/site-packages/airflow/example_dags/example_nested_branch_dag.py took 0.283 seconds
[2023-05-25T04:56:00.220+0000] {processor.py:153} INFO - Started process (PID=1634) to work on /home/airflow/.local/lib/python3.7/site-packages/airflow/example_dags/example_nested_branch_dag.py
[2023-05-25T04:56:00.222+0000] {processor.py:743} INFO - Processing file /home/airflow/.local/lib/python3.7/site-packages/airflow/example_dags/example_nested_branch_dag.py for tasks to queue
[2023-05-25T04:56:00.224+0000] {logging_mixin.py:137} INFO - [2023-05-25T04:56:00.223+0000] {dagbag.py:538} INFO - Filling up the DagBag from /home/airflow/.local/lib/python3.7/site-packages/airflow/example_dags/example_nested_branch_dag.py
[2023-05-25T04:56:00.272+0000] {processor.py:753} INFO - DAG(s) dict_keys(['example_nested_branch_dag']) retrieved from /home/airflow/.local/lib/python3.7/site-packages/airflow/example_dags/example_nested_branch_dag.py
[2023-05-25T04:56:00.322+0000] {logging_mixin.py:137} INFO - [2023-05-25T04:56:00.321+0000] {dag.py:2690} INFO - Sync 1 DAGs
[2023-05-25T04:56:00.366+0000] {logging_mixin.py:137} INFO - [2023-05-25T04:56:00.366+0000] {dag.py:3441} INFO - Setting next_dagrun for example_nested_branch_dag to 2023-05-24T00:00:00+00:00, run_after=2023-05-25T00:00:00+00:00
[2023-05-25T04:56:00.401+0000] {processor.py:175} INFO - Processing /home/airflow/.local/lib/python3.7/site-packages/airflow/example_dags/example_nested_branch_dag.py took 0.188 seconds
[2023-05-25T04:56:30.535+0000] {processor.py:153} INFO - Started process (PID=1693) to work on /home/airflow/.local/lib/python3.7/site-packages/airflow/example_dags/example_nested_branch_dag.py
[2023-05-25T04:56:30.538+0000] {processor.py:743} INFO - Processing file /home/airflow/.local/lib/python3.7/site-packages/airflow/example_dags/example_nested_branch_dag.py for tasks to queue
[2023-05-25T04:56:30.540+0000] {logging_mixin.py:137} INFO - [2023-05-25T04:56:30.540+0000] {dagbag.py:538} INFO - Filling up the DagBag from /home/airflow/.local/lib/python3.7/site-packages/airflow/example_dags/example_nested_branch_dag.py
[2023-05-25T04:56:30.580+0000] {processor.py:753} INFO - DAG(s) dict_keys(['example_nested_branch_dag']) retrieved from /home/airflow/.local/lib/python3.7/site-packages/airflow/example_dags/example_nested_branch_dag.py
[2023-05-25T04:56:30.628+0000] {logging_mixin.py:137} INFO - [2023-05-25T04:56:30.627+0000] {dag.py:2690} INFO - Sync 1 DAGs
[2023-05-25T04:56:30.665+0000] {logging_mixin.py:137} INFO - [2023-05-25T04:56:30.665+0000] {dag.py:3441} INFO - Setting next_dagrun for example_nested_branch_dag to 2023-05-24T00:00:00+00:00, run_after=2023-05-25T00:00:00+00:00
[2023-05-25T04:56:30.695+0000] {processor.py:175} INFO - Processing /home/airflow/.local/lib/python3.7/site-packages/airflow/example_dags/example_nested_branch_dag.py took 0.168 seconds
[2023-05-25T04:57:01.338+0000] {processor.py:153} INFO - Started process (PID=1753) to work on /home/airflow/.local/lib/python3.7/site-packages/airflow/example_dags/example_nested_branch_dag.py
[2023-05-25T04:57:01.342+0000] {processor.py:743} INFO - Processing file /home/airflow/.local/lib/python3.7/site-packages/airflow/example_dags/example_nested_branch_dag.py for tasks to queue
[2023-05-25T04:57:01.348+0000] {logging_mixin.py:137} INFO - [2023-05-25T04:57:01.347+0000] {dagbag.py:538} INFO - Filling up the DagBag from /home/airflow/.local/lib/python3.7/site-packages/airflow/example_dags/example_nested_branch_dag.py
[2023-05-25T04:57:01.413+0000] {processor.py:753} INFO - DAG(s) dict_keys(['example_nested_branch_dag']) retrieved from /home/airflow/.local/lib/python3.7/site-packages/airflow/example_dags/example_nested_branch_dag.py
[2023-05-25T04:57:01.463+0000] {logging_mixin.py:137} INFO - [2023-05-25T04:57:01.463+0000] {dag.py:2690} INFO - Sync 1 DAGs
[2023-05-25T04:57:01.532+0000] {logging_mixin.py:137} INFO - [2023-05-25T04:57:01.532+0000] {dag.py:3441} INFO - Setting next_dagrun for example_nested_branch_dag to 2023-05-24T00:00:00+00:00, run_after=2023-05-25T00:00:00+00:00
[2023-05-25T04:57:01.608+0000] {processor.py:175} INFO - Processing /home/airflow/.local/lib/python3.7/site-packages/airflow/example_dags/example_nested_branch_dag.py took 0.274 seconds
[2023-05-25T04:57:31.707+0000] {processor.py:153} INFO - Started process (PID=1813) to work on /home/airflow/.local/lib/python3.7/site-packages/airflow/example_dags/example_nested_branch_dag.py
[2023-05-25T04:57:31.711+0000] {processor.py:743} INFO - Processing file /home/airflow/.local/lib/python3.7/site-packages/airflow/example_dags/example_nested_branch_dag.py for tasks to queue
[2023-05-25T04:57:31.715+0000] {logging_mixin.py:137} INFO - [2023-05-25T04:57:31.714+0000] {dagbag.py:538} INFO - Filling up the DagBag from /home/airflow/.local/lib/python3.7/site-packages/airflow/example_dags/example_nested_branch_dag.py
[2023-05-25T04:57:31.804+0000] {processor.py:753} INFO - DAG(s) dict_keys(['example_nested_branch_dag']) retrieved from /home/airflow/.local/lib/python3.7/site-packages/airflow/example_dags/example_nested_branch_dag.py
[2023-05-25T04:57:31.898+0000] {logging_mixin.py:137} INFO - [2023-05-25T04:57:31.898+0000] {dag.py:2690} INFO - Sync 1 DAGs
[2023-05-25T04:57:31.940+0000] {logging_mixin.py:137} INFO - [2023-05-25T04:57:31.940+0000] {dag.py:3441} INFO - Setting next_dagrun for example_nested_branch_dag to 2023-05-24T00:00:00+00:00, run_after=2023-05-25T00:00:00+00:00
[2023-05-25T04:57:31.971+0000] {processor.py:175} INFO - Processing /home/airflow/.local/lib/python3.7/site-packages/airflow/example_dags/example_nested_branch_dag.py took 0.285 seconds
[2023-05-25T04:58:02.723+0000] {processor.py:153} INFO - Started process (PID=1873) to work on /home/airflow/.local/lib/python3.7/site-packages/airflow/example_dags/example_nested_branch_dag.py
[2023-05-25T04:58:02.727+0000] {processor.py:743} INFO - Processing file /home/airflow/.local/lib/python3.7/site-packages/airflow/example_dags/example_nested_branch_dag.py for tasks to queue
[2023-05-25T04:58:02.730+0000] {logging_mixin.py:137} INFO - [2023-05-25T04:58:02.730+0000] {dagbag.py:538} INFO - Filling up the DagBag from /home/airflow/.local/lib/python3.7/site-packages/airflow/example_dags/example_nested_branch_dag.py
[2023-05-25T04:58:02.778+0000] {processor.py:753} INFO - DAG(s) dict_keys(['example_nested_branch_dag']) retrieved from /home/airflow/.local/lib/python3.7/site-packages/airflow/example_dags/example_nested_branch_dag.py
[2023-05-25T04:58:02.930+0000] {logging_mixin.py:137} INFO - [2023-05-25T04:58:02.930+0000] {dag.py:2690} INFO - Sync 1 DAGs
[2023-05-25T04:58:02.992+0000] {logging_mixin.py:137} INFO - [2023-05-25T04:58:02.991+0000] {dag.py:3441} INFO - Setting next_dagrun for example_nested_branch_dag to 2023-05-24T00:00:00+00:00, run_after=2023-05-25T00:00:00+00:00
[2023-05-25T04:58:03.063+0000] {processor.py:175} INFO - Processing /home/airflow/.local/lib/python3.7/site-packages/airflow/example_dags/example_nested_branch_dag.py took 0.346 seconds
[2023-05-25T04:58:33.306+0000] {processor.py:153} INFO - Started process (PID=1932) to work on /home/airflow/.local/lib/python3.7/site-packages/airflow/example_dags/example_nested_branch_dag.py
[2023-05-25T04:58:33.310+0000] {processor.py:743} INFO - Processing file /home/airflow/.local/lib/python3.7/site-packages/airflow/example_dags/example_nested_branch_dag.py for tasks to queue
[2023-05-25T04:58:33.313+0000] {logging_mixin.py:137} INFO - [2023-05-25T04:58:33.313+0000] {dagbag.py:538} INFO - Filling up the DagBag from /home/airflow/.local/lib/python3.7/site-packages/airflow/example_dags/example_nested_branch_dag.py
[2023-05-25T04:58:33.357+0000] {processor.py:753} INFO - DAG(s) dict_keys(['example_nested_branch_dag']) retrieved from /home/airflow/.local/lib/python3.7/site-packages/airflow/example_dags/example_nested_branch_dag.py
[2023-05-25T04:58:33.402+0000] {logging_mixin.py:137} INFO - [2023-05-25T04:58:33.401+0000] {dag.py:2690} INFO - Sync 1 DAGs
[2023-05-25T04:58:33.441+0000] {logging_mixin.py:137} INFO - [2023-05-25T04:58:33.441+0000] {dag.py:3441} INFO - Setting next_dagrun for example_nested_branch_dag to 2023-05-24T00:00:00+00:00, run_after=2023-05-25T00:00:00+00:00
[2023-05-25T04:58:33.469+0000] {processor.py:175} INFO - Processing /home/airflow/.local/lib/python3.7/site-packages/airflow/example_dags/example_nested_branch_dag.py took 0.168 seconds
[2023-05-25T04:59:04.107+0000] {processor.py:153} INFO - Started process (PID=1993) to work on /home/airflow/.local/lib/python3.7/site-packages/airflow/example_dags/example_nested_branch_dag.py
[2023-05-25T04:59:04.113+0000] {processor.py:743} INFO - Processing file /home/airflow/.local/lib/python3.7/site-packages/airflow/example_dags/example_nested_branch_dag.py for tasks to queue
[2023-05-25T04:59:04.118+0000] {logging_mixin.py:137} INFO - [2023-05-25T04:59:04.118+0000] {dagbag.py:538} INFO - Filling up the DagBag from /home/airflow/.local/lib/python3.7/site-packages/airflow/example_dags/example_nested_branch_dag.py
[2023-05-25T04:59:04.235+0000] {processor.py:753} INFO - DAG(s) dict_keys(['example_nested_branch_dag']) retrieved from /home/airflow/.local/lib/python3.7/site-packages/airflow/example_dags/example_nested_branch_dag.py
[2023-05-25T04:59:04.405+0000] {logging_mixin.py:137} INFO - [2023-05-25T04:59:04.404+0000] {dag.py:2690} INFO - Sync 1 DAGs
[2023-05-25T04:59:04.523+0000] {logging_mixin.py:137} INFO - [2023-05-25T04:59:04.522+0000] {dag.py:3441} INFO - Setting next_dagrun for example_nested_branch_dag to 2023-05-24T00:00:00+00:00, run_after=2023-05-25T00:00:00+00:00
[2023-05-25T04:59:04.607+0000] {processor.py:175} INFO - Processing /home/airflow/.local/lib/python3.7/site-packages/airflow/example_dags/example_nested_branch_dag.py took 0.525 seconds
[2023-05-25T04:59:34.855+0000] {processor.py:153} INFO - Started process (PID=2052) to work on /home/airflow/.local/lib/python3.7/site-packages/airflow/example_dags/example_nested_branch_dag.py
[2023-05-25T04:59:34.860+0000] {processor.py:743} INFO - Processing file /home/airflow/.local/lib/python3.7/site-packages/airflow/example_dags/example_nested_branch_dag.py for tasks to queue
[2023-05-25T04:59:34.863+0000] {logging_mixin.py:137} INFO - [2023-05-25T04:59:34.863+0000] {dagbag.py:538} INFO - Filling up the DagBag from /home/airflow/.local/lib/python3.7/site-packages/airflow/example_dags/example_nested_branch_dag.py
[2023-05-25T04:59:34.996+0000] {processor.py:753} INFO - DAG(s) dict_keys(['example_nested_branch_dag']) retrieved from /home/airflow/.local/lib/python3.7/site-packages/airflow/example_dags/example_nested_branch_dag.py
[2023-05-25T04:59:35.123+0000] {logging_mixin.py:137} INFO - [2023-05-25T04:59:35.123+0000] {dag.py:2690} INFO - Sync 1 DAGs
[2023-05-25T04:59:35.228+0000] {logging_mixin.py:137} INFO - [2023-05-25T04:59:35.228+0000] {dag.py:3441} INFO - Setting next_dagrun for example_nested_branch_dag to 2023-05-24T00:00:00+00:00, run_after=2023-05-25T00:00:00+00:00
[2023-05-25T04:59:35.344+0000] {processor.py:175} INFO - Processing /home/airflow/.local/lib/python3.7/site-packages/airflow/example_dags/example_nested_branch_dag.py took 0.510 seconds
[2023-05-25T05:00:05.575+0000] {processor.py:153} INFO - Started process (PID=2118) to work on /home/airflow/.local/lib/python3.7/site-packages/airflow/example_dags/example_nested_branch_dag.py
[2023-05-25T05:00:05.587+0000] {processor.py:743} INFO - Processing file /home/airflow/.local/lib/python3.7/site-packages/airflow/example_dags/example_nested_branch_dag.py for tasks to queue
[2023-05-25T05:00:05.590+0000] {logging_mixin.py:137} INFO - [2023-05-25T05:00:05.590+0000] {dagbag.py:538} INFO - Filling up the DagBag from /home/airflow/.local/lib/python3.7/site-packages/airflow/example_dags/example_nested_branch_dag.py
[2023-05-25T05:00:05.726+0000] {processor.py:753} INFO - DAG(s) dict_keys(['example_nested_branch_dag']) retrieved from /home/airflow/.local/lib/python3.7/site-packages/airflow/example_dags/example_nested_branch_dag.py
[2023-05-25T05:00:05.855+0000] {logging_mixin.py:137} INFO - [2023-05-25T05:00:05.855+0000] {dag.py:2690} INFO - Sync 1 DAGs
[2023-05-25T05:00:05.906+0000] {logging_mixin.py:137} INFO - [2023-05-25T05:00:05.906+0000] {dag.py:3441} INFO - Setting next_dagrun for example_nested_branch_dag to 2023-05-24T00:00:00+00:00, run_after=2023-05-25T00:00:00+00:00
[2023-05-25T05:00:05.964+0000] {processor.py:175} INFO - Processing /home/airflow/.local/lib/python3.7/site-packages/airflow/example_dags/example_nested_branch_dag.py took 0.399 seconds
[2023-05-25T05:00:36.144+0000] {processor.py:153} INFO - Started process (PID=2180) to work on /home/airflow/.local/lib/python3.7/site-packages/airflow/example_dags/example_nested_branch_dag.py
[2023-05-25T05:00:36.154+0000] {processor.py:743} INFO - Processing file /home/airflow/.local/lib/python3.7/site-packages/airflow/example_dags/example_nested_branch_dag.py for tasks to queue
[2023-05-25T05:00:36.160+0000] {logging_mixin.py:137} INFO - [2023-05-25T05:00:36.159+0000] {dagbag.py:538} INFO - Filling up the DagBag from /home/airflow/.local/lib/python3.7/site-packages/airflow/example_dags/example_nested_branch_dag.py
[2023-05-25T05:00:36.241+0000] {processor.py:753} INFO - DAG(s) dict_keys(['example_nested_branch_dag']) retrieved from /home/airflow/.local/lib/python3.7/site-packages/airflow/example_dags/example_nested_branch_dag.py
[2023-05-25T05:00:36.334+0000] {logging_mixin.py:137} INFO - [2023-05-25T05:00:36.334+0000] {dag.py:2690} INFO - Sync 1 DAGs
[2023-05-25T05:00:36.399+0000] {logging_mixin.py:137} INFO - [2023-05-25T05:00:36.398+0000] {dag.py:3441} INFO - Setting next_dagrun for example_nested_branch_dag to 2023-05-24T00:00:00+00:00, run_after=2023-05-25T00:00:00+00:00
[2023-05-25T05:00:36.453+0000] {processor.py:175} INFO - Processing /home/airflow/.local/lib/python3.7/site-packages/airflow/example_dags/example_nested_branch_dag.py took 0.317 seconds
[2023-05-25T05:01:07.536+0000] {processor.py:153} INFO - Started process (PID=2241) to work on /home/airflow/.local/lib/python3.7/site-packages/airflow/example_dags/example_nested_branch_dag.py
[2023-05-25T05:01:07.547+0000] {processor.py:743} INFO - Processing file /home/airflow/.local/lib/python3.7/site-packages/airflow/example_dags/example_nested_branch_dag.py for tasks to queue
[2023-05-25T05:01:07.549+0000] {logging_mixin.py:137} INFO - [2023-05-25T05:01:07.549+0000] {dagbag.py:538} INFO - Filling up the DagBag from /home/airflow/.local/lib/python3.7/site-packages/airflow/example_dags/example_nested_branch_dag.py
[2023-05-25T05:01:07.629+0000] {processor.py:753} INFO - DAG(s) dict_keys(['example_nested_branch_dag']) retrieved from /home/airflow/.local/lib/python3.7/site-packages/airflow/example_dags/example_nested_branch_dag.py
[2023-05-25T05:01:07.697+0000] {logging_mixin.py:137} INFO - [2023-05-25T05:01:07.697+0000] {dag.py:2690} INFO - Sync 1 DAGs
[2023-05-25T05:01:07.769+0000] {logging_mixin.py:137} INFO - [2023-05-25T05:01:07.769+0000] {dag.py:3441} INFO - Setting next_dagrun for example_nested_branch_dag to 2023-05-24T00:00:00+00:00, run_after=2023-05-25T00:00:00+00:00
[2023-05-25T05:01:07.806+0000] {processor.py:175} INFO - Processing /home/airflow/.local/lib/python3.7/site-packages/airflow/example_dags/example_nested_branch_dag.py took 0.284 seconds
[2023-05-25T05:01:38.176+0000] {processor.py:153} INFO - Started process (PID=2299) to work on /home/airflow/.local/lib/python3.7/site-packages/airflow/example_dags/example_nested_branch_dag.py
[2023-05-25T05:01:38.193+0000] {processor.py:743} INFO - Processing file /home/airflow/.local/lib/python3.7/site-packages/airflow/example_dags/example_nested_branch_dag.py for tasks to queue
[2023-05-25T05:01:38.205+0000] {logging_mixin.py:137} INFO - [2023-05-25T05:01:38.205+0000] {dagbag.py:538} INFO - Filling up the DagBag from /home/airflow/.local/lib/python3.7/site-packages/airflow/example_dags/example_nested_branch_dag.py
[2023-05-25T05:01:38.310+0000] {processor.py:753} INFO - DAG(s) dict_keys(['example_nested_branch_dag']) retrieved from /home/airflow/.local/lib/python3.7/site-packages/airflow/example_dags/example_nested_branch_dag.py
[2023-05-25T05:01:38.365+0000] {logging_mixin.py:137} INFO - [2023-05-25T05:01:38.365+0000] {dag.py:2690} INFO - Sync 1 DAGs
[2023-05-25T05:01:38.426+0000] {logging_mixin.py:137} INFO - [2023-05-25T05:01:38.425+0000] {dag.py:3441} INFO - Setting next_dagrun for example_nested_branch_dag to 2023-05-24T00:00:00+00:00, run_after=2023-05-25T00:00:00+00:00
[2023-05-25T05:01:38.474+0000] {processor.py:175} INFO - Processing /home/airflow/.local/lib/python3.7/site-packages/airflow/example_dags/example_nested_branch_dag.py took 0.309 seconds
[2023-05-25T05:02:14.315+0000] {processor.py:153} INFO - Started process (PID=2358) to work on /home/airflow/.local/lib/python3.7/site-packages/airflow/example_dags/example_nested_branch_dag.py
[2023-05-25T05:02:14.318+0000] {processor.py:743} INFO - Processing file /home/airflow/.local/lib/python3.7/site-packages/airflow/example_dags/example_nested_branch_dag.py for tasks to queue
[2023-05-25T05:02:14.320+0000] {logging_mixin.py:137} INFO - [2023-05-25T05:02:14.320+0000] {dagbag.py:538} INFO - Filling up the DagBag from /home/airflow/.local/lib/python3.7/site-packages/airflow/example_dags/example_nested_branch_dag.py
[2023-05-25T05:02:14.416+0000] {processor.py:753} INFO - DAG(s) dict_keys(['example_nested_branch_dag']) retrieved from /home/airflow/.local/lib/python3.7/site-packages/airflow/example_dags/example_nested_branch_dag.py
[2023-05-25T05:02:14.489+0000] {logging_mixin.py:137} INFO - [2023-05-25T05:02:14.489+0000] {dag.py:2690} INFO - Sync 1 DAGs
[2023-05-25T05:02:14.582+0000] {logging_mixin.py:137} INFO - [2023-05-25T05:02:14.581+0000] {dag.py:3441} INFO - Setting next_dagrun for example_nested_branch_dag to 2023-05-24T00:00:00+00:00, run_after=2023-05-25T00:00:00+00:00
[2023-05-25T05:02:14.683+0000] {processor.py:175} INFO - Processing /home/airflow/.local/lib/python3.7/site-packages/airflow/example_dags/example_nested_branch_dag.py took 0.381 seconds
[2023-05-25T05:02:45.129+0000] {processor.py:153} INFO - Started process (PID=2417) to work on /home/airflow/.local/lib/python3.7/site-packages/airflow/example_dags/example_nested_branch_dag.py
[2023-05-25T05:02:45.136+0000] {processor.py:743} INFO - Processing file /home/airflow/.local/lib/python3.7/site-packages/airflow/example_dags/example_nested_branch_dag.py for tasks to queue
[2023-05-25T05:02:45.140+0000] {logging_mixin.py:137} INFO - [2023-05-25T05:02:45.139+0000] {dagbag.py:538} INFO - Filling up the DagBag from /home/airflow/.local/lib/python3.7/site-packages/airflow/example_dags/example_nested_branch_dag.py
[2023-05-25T05:02:45.228+0000] {processor.py:753} INFO - DAG(s) dict_keys(['example_nested_branch_dag']) retrieved from /home/airflow/.local/lib/python3.7/site-packages/airflow/example_dags/example_nested_branch_dag.py
[2023-05-25T05:02:45.299+0000] {logging_mixin.py:137} INFO - [2023-05-25T05:02:45.299+0000] {dag.py:2690} INFO - Sync 1 DAGs
[2023-05-25T05:02:45.360+0000] {logging_mixin.py:137} INFO - [2023-05-25T05:02:45.359+0000] {dag.py:3441} INFO - Setting next_dagrun for example_nested_branch_dag to 2023-05-24T00:00:00+00:00, run_after=2023-05-25T00:00:00+00:00
[2023-05-25T05:02:45.405+0000] {processor.py:175} INFO - Processing /home/airflow/.local/lib/python3.7/site-packages/airflow/example_dags/example_nested_branch_dag.py took 0.289 seconds
[2023-05-25T05:03:15.999+0000] {processor.py:153} INFO - Started process (PID=2477) to work on /home/airflow/.local/lib/python3.7/site-packages/airflow/example_dags/example_nested_branch_dag.py
[2023-05-25T05:03:16.010+0000] {processor.py:743} INFO - Processing file /home/airflow/.local/lib/python3.7/site-packages/airflow/example_dags/example_nested_branch_dag.py for tasks to queue
[2023-05-25T05:03:16.012+0000] {logging_mixin.py:137} INFO - [2023-05-25T05:03:16.012+0000] {dagbag.py:538} INFO - Filling up the DagBag from /home/airflow/.local/lib/python3.7/site-packages/airflow/example_dags/example_nested_branch_dag.py
[2023-05-25T05:03:16.073+0000] {processor.py:753} INFO - DAG(s) dict_keys(['example_nested_branch_dag']) retrieved from /home/airflow/.local/lib/python3.7/site-packages/airflow/example_dags/example_nested_branch_dag.py
[2023-05-25T05:03:16.121+0000] {logging_mixin.py:137} INFO - [2023-05-25T05:03:16.120+0000] {dag.py:2690} INFO - Sync 1 DAGs
[2023-05-25T05:03:16.177+0000] {logging_mixin.py:137} INFO - [2023-05-25T05:03:16.177+0000] {dag.py:3441} INFO - Setting next_dagrun for example_nested_branch_dag to 2023-05-24T00:00:00+00:00, run_after=2023-05-25T00:00:00+00:00
[2023-05-25T05:03:16.203+0000] {processor.py:175} INFO - Processing /home/airflow/.local/lib/python3.7/site-packages/airflow/example_dags/example_nested_branch_dag.py took 0.209 seconds
