[2023-05-25T04:36:07.826+0000] {processor.py:153} INFO - Started process (PID=119) to work on /home/airflow/.local/lib/python3.7/site-packages/airflow/example_dags/example_branch_datetime_operator.py
[2023-05-25T04:36:07.847+0000] {processor.py:743} INFO - Processing file /home/airflow/.local/lib/python3.7/site-packages/airflow/example_dags/example_branch_datetime_operator.py for tasks to queue
[2023-05-25T04:36:07.860+0000] {logging_mixin.py:137} INFO - [2023-05-25T04:36:07.859+0000] {dagbag.py:538} INFO - Filling up the DagBag from /home/airflow/.local/lib/python3.7/site-packages/airflow/example_dags/example_branch_datetime_operator.py
[2023-05-25T04:36:08.168+0000] {processor.py:753} INFO - DAG(s) dict_keys(['example_branch_datetime_operator', 'example_branch_datetime_operator_2', 'example_branch_datetime_operator_3']) retrieved from /home/airflow/.local/lib/python3.7/site-packages/airflow/example_dags/example_branch_datetime_operator.py
[2023-05-25T04:36:08.537+0000] {logging_mixin.py:137} INFO - [2023-05-25T04:36:08.537+0000] {dag.py:2690} INFO - Sync 3 DAGs
[2023-05-25T04:36:08.875+0000] {logging_mixin.py:137} INFO - [2023-05-25T04:36:08.874+0000] {dag.py:3441} INFO - Setting next_dagrun for example_branch_datetime_operator to 2023-05-24T00:00:00+00:00, run_after=2023-05-25T00:00:00+00:00
[2023-05-25T04:36:08.942+0000] {logging_mixin.py:137} INFO - [2023-05-25T04:36:08.941+0000] {dag.py:3441} INFO - Setting next_dagrun for example_branch_datetime_operator_2 to 2023-05-24T00:00:00+00:00, run_after=2023-05-25T00:00:00+00:00
[2023-05-25T04:36:09.017+0000] {logging_mixin.py:137} INFO - [2023-05-25T04:36:09.016+0000] {dag.py:3441} INFO - Setting next_dagrun for example_branch_datetime_operator_3 to 2023-05-24T00:00:00+00:00, run_after=2023-05-25T00:00:00+00:00
[2023-05-25T04:36:09.343+0000] {processor.py:175} INFO - Processing /home/airflow/.local/lib/python3.7/site-packages/airflow/example_dags/example_branch_datetime_operator.py took 1.551 seconds
[2023-05-25T04:36:40.837+0000] {processor.py:153} INFO - Started process (PID=176) to work on /home/airflow/.local/lib/python3.7/site-packages/airflow/example_dags/example_branch_datetime_operator.py
[2023-05-25T04:36:40.862+0000] {processor.py:743} INFO - Processing file /home/airflow/.local/lib/python3.7/site-packages/airflow/example_dags/example_branch_datetime_operator.py for tasks to queue
[2023-05-25T04:36:40.875+0000] {logging_mixin.py:137} INFO - [2023-05-25T04:36:40.875+0000] {dagbag.py:538} INFO - Filling up the DagBag from /home/airflow/.local/lib/python3.7/site-packages/airflow/example_dags/example_branch_datetime_operator.py
[2023-05-25T04:36:41.530+0000] {processor.py:753} INFO - DAG(s) dict_keys(['example_branch_datetime_operator', 'example_branch_datetime_operator_2', 'example_branch_datetime_operator_3']) retrieved from /home/airflow/.local/lib/python3.7/site-packages/airflow/example_dags/example_branch_datetime_operator.py
[2023-05-25T04:36:42.554+0000] {logging_mixin.py:137} INFO - [2023-05-25T04:36:42.554+0000] {dag.py:2690} INFO - Sync 3 DAGs
[2023-05-25T04:36:43.985+0000] {logging_mixin.py:137} INFO - [2023-05-25T04:36:43.985+0000] {dag.py:3441} INFO - Setting next_dagrun for example_branch_datetime_operator to 2023-05-24T00:00:00+00:00, run_after=2023-05-25T00:00:00+00:00
[2023-05-25T04:36:44.012+0000] {logging_mixin.py:137} INFO - [2023-05-25T04:36:44.012+0000] {dag.py:3441} INFO - Setting next_dagrun for example_branch_datetime_operator_2 to 2023-05-24T00:00:00+00:00, run_after=2023-05-25T00:00:00+00:00
[2023-05-25T04:36:44.024+0000] {logging_mixin.py:137} INFO - [2023-05-25T04:36:44.024+0000] {dag.py:3441} INFO - Setting next_dagrun for example_branch_datetime_operator_3 to 2023-05-24T00:00:00+00:00, run_after=2023-05-25T00:00:00+00:00
[2023-05-25T04:36:44.642+0000] {processor.py:175} INFO - Processing /home/airflow/.local/lib/python3.7/site-packages/airflow/example_dags/example_branch_datetime_operator.py took 3.953 seconds
[2023-05-25T04:38:38.001+0000] {processor.py:153} INFO - Started process (PID=278) to work on /home/airflow/.local/lib/python3.7/site-packages/airflow/example_dags/example_branch_datetime_operator.py
[2023-05-25T04:38:38.018+0000] {processor.py:743} INFO - Processing file /home/airflow/.local/lib/python3.7/site-packages/airflow/example_dags/example_branch_datetime_operator.py for tasks to queue
[2023-05-25T04:38:38.026+0000] {logging_mixin.py:137} INFO - [2023-05-25T04:38:38.025+0000] {dagbag.py:538} INFO - Filling up the DagBag from /home/airflow/.local/lib/python3.7/site-packages/airflow/example_dags/example_branch_datetime_operator.py
[2023-05-25T04:38:38.199+0000] {processor.py:753} INFO - DAG(s) dict_keys(['example_branch_datetime_operator_2', 'example_branch_datetime_operator', 'example_branch_datetime_operator_3']) retrieved from /home/airflow/.local/lib/python3.7/site-packages/airflow/example_dags/example_branch_datetime_operator.py
[2023-05-25T04:38:38.675+0000] {logging_mixin.py:137} INFO - [2023-05-25T04:38:38.674+0000] {dag.py:2690} INFO - Sync 3 DAGs
[2023-05-25T04:38:38.975+0000] {logging_mixin.py:137} INFO - [2023-05-25T04:38:38.975+0000] {dag.py:3441} INFO - Setting next_dagrun for example_branch_datetime_operator to 2023-05-24T00:00:00+00:00, run_after=2023-05-25T00:00:00+00:00
[2023-05-25T04:38:39.039+0000] {logging_mixin.py:137} INFO - [2023-05-25T04:38:39.039+0000] {dag.py:3441} INFO - Setting next_dagrun for example_branch_datetime_operator_2 to 2023-05-24T00:00:00+00:00, run_after=2023-05-25T00:00:00+00:00
[2023-05-25T04:38:39.101+0000] {logging_mixin.py:137} INFO - [2023-05-25T04:38:39.101+0000] {dag.py:3441} INFO - Setting next_dagrun for example_branch_datetime_operator_3 to 2023-05-24T00:00:00+00:00, run_after=2023-05-25T00:00:00+00:00
[2023-05-25T04:38:39.313+0000] {processor.py:175} INFO - Processing /home/airflow/.local/lib/python3.7/site-packages/airflow/example_dags/example_branch_datetime_operator.py took 1.376 seconds
[2023-05-25T04:39:11.525+0000] {processor.py:153} INFO - Started process (PID=335) to work on /home/airflow/.local/lib/python3.7/site-packages/airflow/example_dags/example_branch_datetime_operator.py
[2023-05-25T04:39:11.544+0000] {processor.py:743} INFO - Processing file /home/airflow/.local/lib/python3.7/site-packages/airflow/example_dags/example_branch_datetime_operator.py for tasks to queue
[2023-05-25T04:39:11.570+0000] {logging_mixin.py:137} INFO - [2023-05-25T04:39:11.560+0000] {dagbag.py:538} INFO - Filling up the DagBag from /home/airflow/.local/lib/python3.7/site-packages/airflow/example_dags/example_branch_datetime_operator.py
[2023-05-25T04:39:11.818+0000] {processor.py:753} INFO - DAG(s) dict_keys(['example_branch_datetime_operator_3', 'example_branch_datetime_operator_2', 'example_branch_datetime_operator']) retrieved from /home/airflow/.local/lib/python3.7/site-packages/airflow/example_dags/example_branch_datetime_operator.py
[2023-05-25T04:39:12.091+0000] {logging_mixin.py:137} INFO - [2023-05-25T04:39:12.090+0000] {dag.py:2690} INFO - Sync 3 DAGs
[2023-05-25T04:39:12.288+0000] {logging_mixin.py:137} INFO - [2023-05-25T04:39:12.288+0000] {dag.py:3441} INFO - Setting next_dagrun for example_branch_datetime_operator to 2023-05-24T00:00:00+00:00, run_after=2023-05-25T00:00:00+00:00
[2023-05-25T04:39:12.360+0000] {logging_mixin.py:137} INFO - [2023-05-25T04:39:12.360+0000] {dag.py:3441} INFO - Setting next_dagrun for example_branch_datetime_operator_2 to 2023-05-24T00:00:00+00:00, run_after=2023-05-25T00:00:00+00:00
[2023-05-25T04:39:12.453+0000] {logging_mixin.py:137} INFO - [2023-05-25T04:39:12.452+0000] {dag.py:3441} INFO - Setting next_dagrun for example_branch_datetime_operator_3 to 2023-05-24T00:00:00+00:00, run_after=2023-05-25T00:00:00+00:00
[2023-05-25T04:39:12.641+0000] {processor.py:175} INFO - Processing /home/airflow/.local/lib/python3.7/site-packages/airflow/example_dags/example_branch_datetime_operator.py took 1.186 seconds
[2023-05-25T04:42:22.420+0000] {processor.py:153} INFO - Started process (PID=95) to work on /home/airflow/.local/lib/python3.7/site-packages/airflow/example_dags/example_branch_datetime_operator.py
[2023-05-25T04:42:22.438+0000] {processor.py:743} INFO - Processing file /home/airflow/.local/lib/python3.7/site-packages/airflow/example_dags/example_branch_datetime_operator.py for tasks to queue
[2023-05-25T04:42:22.443+0000] {logging_mixin.py:137} INFO - [2023-05-25T04:42:22.442+0000] {dagbag.py:538} INFO - Filling up the DagBag from /home/airflow/.local/lib/python3.7/site-packages/airflow/example_dags/example_branch_datetime_operator.py
[2023-05-25T04:42:22.527+0000] {processor.py:753} INFO - DAG(s) dict_keys(['example_branch_datetime_operator_3', 'example_branch_datetime_operator_2', 'example_branch_datetime_operator']) retrieved from /home/airflow/.local/lib/python3.7/site-packages/airflow/example_dags/example_branch_datetime_operator.py
[2023-05-25T04:42:22.677+0000] {logging_mixin.py:137} INFO - [2023-05-25T04:42:22.675+0000] {dag.py:2690} INFO - Sync 3 DAGs
[2023-05-25T04:42:22.897+0000] {logging_mixin.py:137} INFO - [2023-05-25T04:42:22.896+0000] {dag.py:3441} INFO - Setting next_dagrun for example_branch_datetime_operator to 2023-05-24T00:00:00+00:00, run_after=2023-05-25T00:00:00+00:00
[2023-05-25T04:42:22.914+0000] {logging_mixin.py:137} INFO - [2023-05-25T04:42:22.914+0000] {dag.py:3441} INFO - Setting next_dagrun for example_branch_datetime_operator_2 to 2023-05-24T00:00:00+00:00, run_after=2023-05-25T00:00:00+00:00
[2023-05-25T04:42:22.939+0000] {logging_mixin.py:137} INFO - [2023-05-25T04:42:22.939+0000] {dag.py:3441} INFO - Setting next_dagrun for example_branch_datetime_operator_3 to 2023-05-24T00:00:00+00:00, run_after=2023-05-25T00:00:00+00:00
[2023-05-25T04:42:22.987+0000] {processor.py:175} INFO - Processing /home/airflow/.local/lib/python3.7/site-packages/airflow/example_dags/example_branch_datetime_operator.py took 0.585 seconds
[2023-05-25T04:42:55.232+0000] {processor.py:153} INFO - Started process (PID=154) to work on /home/airflow/.local/lib/python3.7/site-packages/airflow/example_dags/example_branch_datetime_operator.py
[2023-05-25T04:42:55.237+0000] {processor.py:743} INFO - Processing file /home/airflow/.local/lib/python3.7/site-packages/airflow/example_dags/example_branch_datetime_operator.py for tasks to queue
[2023-05-25T04:42:55.240+0000] {logging_mixin.py:137} INFO - [2023-05-25T04:42:55.240+0000] {dagbag.py:538} INFO - Filling up the DagBag from /home/airflow/.local/lib/python3.7/site-packages/airflow/example_dags/example_branch_datetime_operator.py
[2023-05-25T04:42:55.304+0000] {processor.py:753} INFO - DAG(s) dict_keys(['example_branch_datetime_operator_2', 'example_branch_datetime_operator_3', 'example_branch_datetime_operator']) retrieved from /home/airflow/.local/lib/python3.7/site-packages/airflow/example_dags/example_branch_datetime_operator.py
[2023-05-25T04:42:55.388+0000] {logging_mixin.py:137} INFO - [2023-05-25T04:42:55.388+0000] {dag.py:2690} INFO - Sync 3 DAGs
[2023-05-25T04:42:55.451+0000] {logging_mixin.py:137} INFO - [2023-05-25T04:42:55.451+0000] {dag.py:3441} INFO - Setting next_dagrun for example_branch_datetime_operator to 2023-05-24T00:00:00+00:00, run_after=2023-05-25T00:00:00+00:00
[2023-05-25T04:42:55.458+0000] {logging_mixin.py:137} INFO - [2023-05-25T04:42:55.458+0000] {dag.py:3441} INFO - Setting next_dagrun for example_branch_datetime_operator_2 to 2023-05-24T00:00:00+00:00, run_after=2023-05-25T00:00:00+00:00
[2023-05-25T04:42:55.463+0000] {logging_mixin.py:137} INFO - [2023-05-25T04:42:55.463+0000] {dag.py:3441} INFO - Setting next_dagrun for example_branch_datetime_operator_3 to 2023-05-24T00:00:00+00:00, run_after=2023-05-25T00:00:00+00:00
[2023-05-25T04:42:55.516+0000] {processor.py:175} INFO - Processing /home/airflow/.local/lib/python3.7/site-packages/airflow/example_dags/example_branch_datetime_operator.py took 0.295 seconds
[2023-05-25T04:43:25.694+0000] {processor.py:153} INFO - Started process (PID=213) to work on /home/airflow/.local/lib/python3.7/site-packages/airflow/example_dags/example_branch_datetime_operator.py
[2023-05-25T04:43:25.712+0000] {processor.py:743} INFO - Processing file /home/airflow/.local/lib/python3.7/site-packages/airflow/example_dags/example_branch_datetime_operator.py for tasks to queue
[2023-05-25T04:43:25.717+0000] {logging_mixin.py:137} INFO - [2023-05-25T04:43:25.716+0000] {dagbag.py:538} INFO - Filling up the DagBag from /home/airflow/.local/lib/python3.7/site-packages/airflow/example_dags/example_branch_datetime_operator.py
[2023-05-25T04:43:25.802+0000] {processor.py:753} INFO - DAG(s) dict_keys(['example_branch_datetime_operator', 'example_branch_datetime_operator_2', 'example_branch_datetime_operator_3']) retrieved from /home/airflow/.local/lib/python3.7/site-packages/airflow/example_dags/example_branch_datetime_operator.py
[2023-05-25T04:43:25.967+0000] {logging_mixin.py:137} INFO - [2023-05-25T04:43:25.967+0000] {dag.py:2690} INFO - Sync 3 DAGs
[2023-05-25T04:43:26.100+0000] {logging_mixin.py:137} INFO - [2023-05-25T04:43:26.099+0000] {dag.py:3441} INFO - Setting next_dagrun for example_branch_datetime_operator to 2023-05-24T00:00:00+00:00, run_after=2023-05-25T00:00:00+00:00
[2023-05-25T04:43:26.124+0000] {logging_mixin.py:137} INFO - [2023-05-25T04:43:26.124+0000] {dag.py:3441} INFO - Setting next_dagrun for example_branch_datetime_operator_2 to 2023-05-24T00:00:00+00:00, run_after=2023-05-25T00:00:00+00:00
[2023-05-25T04:43:26.154+0000] {logging_mixin.py:137} INFO - [2023-05-25T04:43:26.154+0000] {dag.py:3441} INFO - Setting next_dagrun for example_branch_datetime_operator_3 to 2023-05-24T00:00:00+00:00, run_after=2023-05-25T00:00:00+00:00
[2023-05-25T04:43:26.297+0000] {processor.py:175} INFO - Processing /home/airflow/.local/lib/python3.7/site-packages/airflow/example_dags/example_branch_datetime_operator.py took 0.615 seconds
[2023-05-25T04:43:57.151+0000] {processor.py:153} INFO - Started process (PID=273) to work on /home/airflow/.local/lib/python3.7/site-packages/airflow/example_dags/example_branch_datetime_operator.py
[2023-05-25T04:43:57.156+0000] {processor.py:743} INFO - Processing file /home/airflow/.local/lib/python3.7/site-packages/airflow/example_dags/example_branch_datetime_operator.py for tasks to queue
[2023-05-25T04:43:57.159+0000] {logging_mixin.py:137} INFO - [2023-05-25T04:43:57.159+0000] {dagbag.py:538} INFO - Filling up the DagBag from /home/airflow/.local/lib/python3.7/site-packages/airflow/example_dags/example_branch_datetime_operator.py
[2023-05-25T04:43:57.197+0000] {processor.py:753} INFO - DAG(s) dict_keys(['example_branch_datetime_operator_2', 'example_branch_datetime_operator', 'example_branch_datetime_operator_3']) retrieved from /home/airflow/.local/lib/python3.7/site-packages/airflow/example_dags/example_branch_datetime_operator.py
[2023-05-25T04:43:57.251+0000] {logging_mixin.py:137} INFO - [2023-05-25T04:43:57.251+0000] {dag.py:2690} INFO - Sync 3 DAGs
[2023-05-25T04:43:57.324+0000] {logging_mixin.py:137} INFO - [2023-05-25T04:43:57.323+0000] {dag.py:3441} INFO - Setting next_dagrun for example_branch_datetime_operator to 2023-05-24T00:00:00+00:00, run_after=2023-05-25T00:00:00+00:00
[2023-05-25T04:43:57.332+0000] {logging_mixin.py:137} INFO - [2023-05-25T04:43:57.332+0000] {dag.py:3441} INFO - Setting next_dagrun for example_branch_datetime_operator_2 to 2023-05-24T00:00:00+00:00, run_after=2023-05-25T00:00:00+00:00
[2023-05-25T04:43:57.351+0000] {logging_mixin.py:137} INFO - [2023-05-25T04:43:57.351+0000] {dag.py:3441} INFO - Setting next_dagrun for example_branch_datetime_operator_3 to 2023-05-24T00:00:00+00:00, run_after=2023-05-25T00:00:00+00:00
[2023-05-25T04:43:57.400+0000] {processor.py:175} INFO - Processing /home/airflow/.local/lib/python3.7/site-packages/airflow/example_dags/example_branch_datetime_operator.py took 0.267 seconds
[2023-05-25T04:44:27.820+0000] {processor.py:153} INFO - Started process (PID=335) to work on /home/airflow/.local/lib/python3.7/site-packages/airflow/example_dags/example_branch_datetime_operator.py
[2023-05-25T04:44:27.839+0000] {processor.py:743} INFO - Processing file /home/airflow/.local/lib/python3.7/site-packages/airflow/example_dags/example_branch_datetime_operator.py for tasks to queue
[2023-05-25T04:44:27.841+0000] {logging_mixin.py:137} INFO - [2023-05-25T04:44:27.841+0000] {dagbag.py:538} INFO - Filling up the DagBag from /home/airflow/.local/lib/python3.7/site-packages/airflow/example_dags/example_branch_datetime_operator.py
[2023-05-25T04:44:27.935+0000] {processor.py:753} INFO - DAG(s) dict_keys(['example_branch_datetime_operator_3', 'example_branch_datetime_operator_2', 'example_branch_datetime_operator']) retrieved from /home/airflow/.local/lib/python3.7/site-packages/airflow/example_dags/example_branch_datetime_operator.py
[2023-05-25T04:44:28.058+0000] {logging_mixin.py:137} INFO - [2023-05-25T04:44:28.058+0000] {dag.py:2690} INFO - Sync 3 DAGs
[2023-05-25T04:44:28.167+0000] {logging_mixin.py:137} INFO - [2023-05-25T04:44:28.167+0000] {dag.py:3441} INFO - Setting next_dagrun for example_branch_datetime_operator to 2023-05-24T00:00:00+00:00, run_after=2023-05-25T00:00:00+00:00
[2023-05-25T04:44:28.187+0000] {logging_mixin.py:137} INFO - [2023-05-25T04:44:28.187+0000] {dag.py:3441} INFO - Setting next_dagrun for example_branch_datetime_operator_2 to 2023-05-24T00:00:00+00:00, run_after=2023-05-25T00:00:00+00:00
[2023-05-25T04:44:28.205+0000] {logging_mixin.py:137} INFO - [2023-05-25T04:44:28.205+0000] {dag.py:3441} INFO - Setting next_dagrun for example_branch_datetime_operator_3 to 2023-05-24T00:00:00+00:00, run_after=2023-05-25T00:00:00+00:00
[2023-05-25T04:44:28.296+0000] {processor.py:175} INFO - Processing /home/airflow/.local/lib/python3.7/site-packages/airflow/example_dags/example_branch_datetime_operator.py took 0.490 seconds
[2023-05-25T04:44:59.312+0000] {processor.py:153} INFO - Started process (PID=395) to work on /home/airflow/.local/lib/python3.7/site-packages/airflow/example_dags/example_branch_datetime_operator.py
[2023-05-25T04:44:59.316+0000] {processor.py:743} INFO - Processing file /home/airflow/.local/lib/python3.7/site-packages/airflow/example_dags/example_branch_datetime_operator.py for tasks to queue
[2023-05-25T04:44:59.318+0000] {logging_mixin.py:137} INFO - [2023-05-25T04:44:59.318+0000] {dagbag.py:538} INFO - Filling up the DagBag from /home/airflow/.local/lib/python3.7/site-packages/airflow/example_dags/example_branch_datetime_operator.py
[2023-05-25T04:44:59.349+0000] {processor.py:753} INFO - DAG(s) dict_keys(['example_branch_datetime_operator_3', 'example_branch_datetime_operator_2', 'example_branch_datetime_operator']) retrieved from /home/airflow/.local/lib/python3.7/site-packages/airflow/example_dags/example_branch_datetime_operator.py
[2023-05-25T04:44:59.442+0000] {logging_mixin.py:137} INFO - [2023-05-25T04:44:59.442+0000] {dag.py:2690} INFO - Sync 3 DAGs
[2023-05-25T04:44:59.490+0000] {logging_mixin.py:137} INFO - [2023-05-25T04:44:59.489+0000] {dag.py:3441} INFO - Setting next_dagrun for example_branch_datetime_operator to 2023-05-24T00:00:00+00:00, run_after=2023-05-25T00:00:00+00:00
[2023-05-25T04:44:59.500+0000] {logging_mixin.py:137} INFO - [2023-05-25T04:44:59.500+0000] {dag.py:3441} INFO - Setting next_dagrun for example_branch_datetime_operator_2 to 2023-05-24T00:00:00+00:00, run_after=2023-05-25T00:00:00+00:00
[2023-05-25T04:44:59.515+0000] {logging_mixin.py:137} INFO - [2023-05-25T04:44:59.514+0000] {dag.py:3441} INFO - Setting next_dagrun for example_branch_datetime_operator_3 to 2023-05-24T00:00:00+00:00, run_after=2023-05-25T00:00:00+00:00
[2023-05-25T04:44:59.564+0000] {processor.py:175} INFO - Processing /home/airflow/.local/lib/python3.7/site-packages/airflow/example_dags/example_branch_datetime_operator.py took 0.260 seconds
[2023-05-25T04:45:34.001+0000] {processor.py:153} INFO - Started process (PID=465) to work on /home/airflow/.local/lib/python3.7/site-packages/airflow/example_dags/example_branch_datetime_operator.py
[2023-05-25T04:45:34.027+0000] {processor.py:743} INFO - Processing file /home/airflow/.local/lib/python3.7/site-packages/airflow/example_dags/example_branch_datetime_operator.py for tasks to queue
[2023-05-25T04:45:34.032+0000] {logging_mixin.py:137} INFO - [2023-05-25T04:45:34.032+0000] {dagbag.py:538} INFO - Filling up the DagBag from /home/airflow/.local/lib/python3.7/site-packages/airflow/example_dags/example_branch_datetime_operator.py
[2023-05-25T04:45:34.146+0000] {processor.py:753} INFO - DAG(s) dict_keys(['example_branch_datetime_operator_3', 'example_branch_datetime_operator', 'example_branch_datetime_operator_2']) retrieved from /home/airflow/.local/lib/python3.7/site-packages/airflow/example_dags/example_branch_datetime_operator.py
[2023-05-25T04:45:34.830+0000] {logging_mixin.py:137} INFO - [2023-05-25T04:45:34.830+0000] {dag.py:2690} INFO - Sync 3 DAGs
[2023-05-25T04:45:35.233+0000] {logging_mixin.py:137} INFO - [2023-05-25T04:45:35.233+0000] {dag.py:3441} INFO - Setting next_dagrun for example_branch_datetime_operator to 2023-05-24T00:00:00+00:00, run_after=2023-05-25T00:00:00+00:00
[2023-05-25T04:45:35.409+0000] {logging_mixin.py:137} INFO - [2023-05-25T04:45:35.374+0000] {dag.py:3441} INFO - Setting next_dagrun for example_branch_datetime_operator_2 to 2023-05-24T00:00:00+00:00, run_after=2023-05-25T00:00:00+00:00
[2023-05-25T04:45:35.556+0000] {logging_mixin.py:137} INFO - [2023-05-25T04:45:35.555+0000] {dag.py:3441} INFO - Setting next_dagrun for example_branch_datetime_operator_3 to 2023-05-24T00:00:00+00:00, run_after=2023-05-25T00:00:00+00:00
[2023-05-25T04:45:35.713+0000] {processor.py:175} INFO - Processing /home/airflow/.local/lib/python3.7/site-packages/airflow/example_dags/example_branch_datetime_operator.py took 1.739 seconds
[2023-05-25T04:46:05.919+0000] {processor.py:153} INFO - Started process (PID=526) to work on /home/airflow/.local/lib/python3.7/site-packages/airflow/example_dags/example_branch_datetime_operator.py
[2023-05-25T04:46:05.927+0000] {processor.py:743} INFO - Processing file /home/airflow/.local/lib/python3.7/site-packages/airflow/example_dags/example_branch_datetime_operator.py for tasks to queue
[2023-05-25T04:46:05.931+0000] {logging_mixin.py:137} INFO - [2023-05-25T04:46:05.930+0000] {dagbag.py:538} INFO - Filling up the DagBag from /home/airflow/.local/lib/python3.7/site-packages/airflow/example_dags/example_branch_datetime_operator.py
[2023-05-25T04:46:05.995+0000] {processor.py:753} INFO - DAG(s) dict_keys(['example_branch_datetime_operator_3', 'example_branch_datetime_operator_2', 'example_branch_datetime_operator']) retrieved from /home/airflow/.local/lib/python3.7/site-packages/airflow/example_dags/example_branch_datetime_operator.py
[2023-05-25T04:46:06.059+0000] {logging_mixin.py:137} INFO - [2023-05-25T04:46:06.058+0000] {dag.py:2690} INFO - Sync 3 DAGs
[2023-05-25T04:46:06.104+0000] {logging_mixin.py:137} INFO - [2023-05-25T04:46:06.104+0000] {dag.py:3441} INFO - Setting next_dagrun for example_branch_datetime_operator to 2023-05-24T00:00:00+00:00, run_after=2023-05-25T00:00:00+00:00
[2023-05-25T04:46:06.115+0000] {logging_mixin.py:137} INFO - [2023-05-25T04:46:06.115+0000] {dag.py:3441} INFO - Setting next_dagrun for example_branch_datetime_operator_2 to 2023-05-24T00:00:00+00:00, run_after=2023-05-25T00:00:00+00:00
[2023-05-25T04:46:06.121+0000] {logging_mixin.py:137} INFO - [2023-05-25T04:46:06.121+0000] {dag.py:3441} INFO - Setting next_dagrun for example_branch_datetime_operator_3 to 2023-05-24T00:00:00+00:00, run_after=2023-05-25T00:00:00+00:00
[2023-05-25T04:46:06.143+0000] {processor.py:175} INFO - Processing /home/airflow/.local/lib/python3.7/site-packages/airflow/example_dags/example_branch_datetime_operator.py took 0.242 seconds
[2023-05-25T04:46:36.685+0000] {processor.py:153} INFO - Started process (PID=589) to work on /home/airflow/.local/lib/python3.7/site-packages/airflow/example_dags/example_branch_datetime_operator.py
[2023-05-25T04:46:36.690+0000] {processor.py:743} INFO - Processing file /home/airflow/.local/lib/python3.7/site-packages/airflow/example_dags/example_branch_datetime_operator.py for tasks to queue
[2023-05-25T04:46:36.694+0000] {logging_mixin.py:137} INFO - [2023-05-25T04:46:36.694+0000] {dagbag.py:538} INFO - Filling up the DagBag from /home/airflow/.local/lib/python3.7/site-packages/airflow/example_dags/example_branch_datetime_operator.py
[2023-05-25T04:46:36.746+0000] {processor.py:753} INFO - DAG(s) dict_keys(['example_branch_datetime_operator_3', 'example_branch_datetime_operator_2', 'example_branch_datetime_operator']) retrieved from /home/airflow/.local/lib/python3.7/site-packages/airflow/example_dags/example_branch_datetime_operator.py
[2023-05-25T04:46:36.949+0000] {logging_mixin.py:137} INFO - [2023-05-25T04:46:36.949+0000] {dag.py:2690} INFO - Sync 3 DAGs
[2023-05-25T04:46:37.094+0000] {logging_mixin.py:137} INFO - [2023-05-25T04:46:37.093+0000] {dag.py:3441} INFO - Setting next_dagrun for example_branch_datetime_operator to 2023-05-24T00:00:00+00:00, run_after=2023-05-25T00:00:00+00:00
[2023-05-25T04:46:37.115+0000] {logging_mixin.py:137} INFO - [2023-05-25T04:46:37.115+0000] {dag.py:3441} INFO - Setting next_dagrun for example_branch_datetime_operator_2 to 2023-05-24T00:00:00+00:00, run_after=2023-05-25T00:00:00+00:00
[2023-05-25T04:46:37.127+0000] {logging_mixin.py:137} INFO - [2023-05-25T04:46:37.126+0000] {dag.py:3441} INFO - Setting next_dagrun for example_branch_datetime_operator_3 to 2023-05-24T00:00:00+00:00, run_after=2023-05-25T00:00:00+00:00
[2023-05-25T04:46:37.183+0000] {processor.py:175} INFO - Processing /home/airflow/.local/lib/python3.7/site-packages/airflow/example_dags/example_branch_datetime_operator.py took 0.509 seconds
[2023-05-25T04:47:45.196+0000] {processor.py:153} INFO - Started process (PID=694) to work on /home/airflow/.local/lib/python3.7/site-packages/airflow/example_dags/example_branch_datetime_operator.py
[2023-05-25T04:47:45.202+0000] {processor.py:743} INFO - Processing file /home/airflow/.local/lib/python3.7/site-packages/airflow/example_dags/example_branch_datetime_operator.py for tasks to queue
[2023-05-25T04:47:45.205+0000] {logging_mixin.py:137} INFO - [2023-05-25T04:47:45.205+0000] {dagbag.py:538} INFO - Filling up the DagBag from /home/airflow/.local/lib/python3.7/site-packages/airflow/example_dags/example_branch_datetime_operator.py
[2023-05-25T04:47:45.268+0000] {processor.py:753} INFO - DAG(s) dict_keys(['example_branch_datetime_operator', 'example_branch_datetime_operator_3', 'example_branch_datetime_operator_2']) retrieved from /home/airflow/.local/lib/python3.7/site-packages/airflow/example_dags/example_branch_datetime_operator.py
[2023-05-25T04:47:45.452+0000] {logging_mixin.py:137} INFO - [2023-05-25T04:47:45.452+0000] {dag.py:2690} INFO - Sync 3 DAGs
[2023-05-25T04:47:45.807+0000] {logging_mixin.py:137} INFO - [2023-05-25T04:47:45.806+0000] {dag.py:3441} INFO - Setting next_dagrun for example_branch_datetime_operator to 2023-05-24T00:00:00+00:00, run_after=2023-05-25T00:00:00+00:00
[2023-05-25T04:47:45.846+0000] {logging_mixin.py:137} INFO - [2023-05-25T04:47:45.846+0000] {dag.py:3441} INFO - Setting next_dagrun for example_branch_datetime_operator_2 to 2023-05-24T00:00:00+00:00, run_after=2023-05-25T00:00:00+00:00
[2023-05-25T04:47:45.861+0000] {logging_mixin.py:137} INFO - [2023-05-25T04:47:45.861+0000] {dag.py:3441} INFO - Setting next_dagrun for example_branch_datetime_operator_3 to 2023-05-24T00:00:00+00:00, run_after=2023-05-25T00:00:00+00:00
[2023-05-25T04:47:45.965+0000] {processor.py:175} INFO - Processing /home/airflow/.local/lib/python3.7/site-packages/airflow/example_dags/example_branch_datetime_operator.py took 0.788 seconds
[2023-05-25T04:48:16.289+0000] {processor.py:153} INFO - Started process (PID=754) to work on /home/airflow/.local/lib/python3.7/site-packages/airflow/example_dags/example_branch_datetime_operator.py
[2023-05-25T04:48:16.294+0000] {processor.py:743} INFO - Processing file /home/airflow/.local/lib/python3.7/site-packages/airflow/example_dags/example_branch_datetime_operator.py for tasks to queue
[2023-05-25T04:48:16.296+0000] {logging_mixin.py:137} INFO - [2023-05-25T04:48:16.296+0000] {dagbag.py:538} INFO - Filling up the DagBag from /home/airflow/.local/lib/python3.7/site-packages/airflow/example_dags/example_branch_datetime_operator.py
[2023-05-25T04:48:16.386+0000] {processor.py:753} INFO - DAG(s) dict_keys(['example_branch_datetime_operator_2', 'example_branch_datetime_operator', 'example_branch_datetime_operator_3']) retrieved from /home/airflow/.local/lib/python3.7/site-packages/airflow/example_dags/example_branch_datetime_operator.py
[2023-05-25T04:48:16.537+0000] {logging_mixin.py:137} INFO - [2023-05-25T04:48:16.537+0000] {dag.py:2690} INFO - Sync 3 DAGs
[2023-05-25T04:48:16.703+0000] {logging_mixin.py:137} INFO - [2023-05-25T04:48:16.702+0000] {dag.py:3441} INFO - Setting next_dagrun for example_branch_datetime_operator to 2023-05-24T00:00:00+00:00, run_after=2023-05-25T00:00:00+00:00
[2023-05-25T04:48:16.774+0000] {logging_mixin.py:137} INFO - [2023-05-25T04:48:16.774+0000] {dag.py:3441} INFO - Setting next_dagrun for example_branch_datetime_operator_2 to 2023-05-24T00:00:00+00:00, run_after=2023-05-25T00:00:00+00:00
[2023-05-25T04:48:16.810+0000] {logging_mixin.py:137} INFO - [2023-05-25T04:48:16.810+0000] {dag.py:3441} INFO - Setting next_dagrun for example_branch_datetime_operator_3 to 2023-05-24T00:00:00+00:00, run_after=2023-05-25T00:00:00+00:00
[2023-05-25T04:48:16.928+0000] {processor.py:175} INFO - Processing /home/airflow/.local/lib/python3.7/site-packages/airflow/example_dags/example_branch_datetime_operator.py took 0.653 seconds
[2023-05-25T04:48:48.093+0000] {processor.py:153} INFO - Started process (PID=818) to work on /home/airflow/.local/lib/python3.7/site-packages/airflow/example_dags/example_branch_datetime_operator.py
[2023-05-25T04:48:48.095+0000] {processor.py:743} INFO - Processing file /home/airflow/.local/lib/python3.7/site-packages/airflow/example_dags/example_branch_datetime_operator.py for tasks to queue
[2023-05-25T04:48:48.097+0000] {logging_mixin.py:137} INFO - [2023-05-25T04:48:48.097+0000] {dagbag.py:538} INFO - Filling up the DagBag from /home/airflow/.local/lib/python3.7/site-packages/airflow/example_dags/example_branch_datetime_operator.py
[2023-05-25T04:48:48.172+0000] {processor.py:753} INFO - DAG(s) dict_keys(['example_branch_datetime_operator_2', 'example_branch_datetime_operator_3', 'example_branch_datetime_operator']) retrieved from /home/airflow/.local/lib/python3.7/site-packages/airflow/example_dags/example_branch_datetime_operator.py
[2023-05-25T04:48:48.287+0000] {logging_mixin.py:137} INFO - [2023-05-25T04:48:48.286+0000] {dag.py:2690} INFO - Sync 3 DAGs
[2023-05-25T04:48:48.374+0000] {logging_mixin.py:137} INFO - [2023-05-25T04:48:48.374+0000] {dag.py:3441} INFO - Setting next_dagrun for example_branch_datetime_operator to 2023-05-24T00:00:00+00:00, run_after=2023-05-25T00:00:00+00:00
[2023-05-25T04:48:48.389+0000] {logging_mixin.py:137} INFO - [2023-05-25T04:48:48.389+0000] {dag.py:3441} INFO - Setting next_dagrun for example_branch_datetime_operator_2 to 2023-05-24T00:00:00+00:00, run_after=2023-05-25T00:00:00+00:00
[2023-05-25T04:48:48.403+0000] {logging_mixin.py:137} INFO - [2023-05-25T04:48:48.402+0000] {dag.py:3441} INFO - Setting next_dagrun for example_branch_datetime_operator_3 to 2023-05-24T00:00:00+00:00, run_after=2023-05-25T00:00:00+00:00
[2023-05-25T04:48:48.472+0000] {processor.py:175} INFO - Processing /home/airflow/.local/lib/python3.7/site-packages/airflow/example_dags/example_branch_datetime_operator.py took 0.392 seconds
[2023-05-25T04:49:18.562+0000] {processor.py:153} INFO - Started process (PID=886) to work on /home/airflow/.local/lib/python3.7/site-packages/airflow/example_dags/example_branch_datetime_operator.py
[2023-05-25T04:49:18.568+0000] {processor.py:743} INFO - Processing file /home/airflow/.local/lib/python3.7/site-packages/airflow/example_dags/example_branch_datetime_operator.py for tasks to queue
[2023-05-25T04:49:18.570+0000] {logging_mixin.py:137} INFO - [2023-05-25T04:49:18.570+0000] {dagbag.py:538} INFO - Filling up the DagBag from /home/airflow/.local/lib/python3.7/site-packages/airflow/example_dags/example_branch_datetime_operator.py
[2023-05-25T04:49:18.625+0000] {processor.py:753} INFO - DAG(s) dict_keys(['example_branch_datetime_operator', 'example_branch_datetime_operator_3', 'example_branch_datetime_operator_2']) retrieved from /home/airflow/.local/lib/python3.7/site-packages/airflow/example_dags/example_branch_datetime_operator.py
[2023-05-25T04:49:18.767+0000] {logging_mixin.py:137} INFO - [2023-05-25T04:49:18.767+0000] {dag.py:2690} INFO - Sync 3 DAGs
[2023-05-25T04:49:18.891+0000] {logging_mixin.py:137} INFO - [2023-05-25T04:49:18.891+0000] {dag.py:3441} INFO - Setting next_dagrun for example_branch_datetime_operator to 2023-05-24T00:00:00+00:00, run_after=2023-05-25T00:00:00+00:00
[2023-05-25T04:49:18.902+0000] {logging_mixin.py:137} INFO - [2023-05-25T04:49:18.902+0000] {dag.py:3441} INFO - Setting next_dagrun for example_branch_datetime_operator_2 to 2023-05-24T00:00:00+00:00, run_after=2023-05-25T00:00:00+00:00
[2023-05-25T04:49:18.917+0000] {logging_mixin.py:137} INFO - [2023-05-25T04:49:18.917+0000] {dag.py:3441} INFO - Setting next_dagrun for example_branch_datetime_operator_3 to 2023-05-24T00:00:00+00:00, run_after=2023-05-25T00:00:00+00:00
[2023-05-25T04:49:18.970+0000] {processor.py:175} INFO - Processing /home/airflow/.local/lib/python3.7/site-packages/airflow/example_dags/example_branch_datetime_operator.py took 0.420 seconds
[2023-05-25T04:49:49.177+0000] {processor.py:153} INFO - Started process (PID=949) to work on /home/airflow/.local/lib/python3.7/site-packages/airflow/example_dags/example_branch_datetime_operator.py
[2023-05-25T04:49:49.183+0000] {processor.py:743} INFO - Processing file /home/airflow/.local/lib/python3.7/site-packages/airflow/example_dags/example_branch_datetime_operator.py for tasks to queue
[2023-05-25T04:49:49.190+0000] {logging_mixin.py:137} INFO - [2023-05-25T04:49:49.190+0000] {dagbag.py:538} INFO - Filling up the DagBag from /home/airflow/.local/lib/python3.7/site-packages/airflow/example_dags/example_branch_datetime_operator.py
[2023-05-25T04:49:49.237+0000] {processor.py:753} INFO - DAG(s) dict_keys(['example_branch_datetime_operator_2', 'example_branch_datetime_operator', 'example_branch_datetime_operator_3']) retrieved from /home/airflow/.local/lib/python3.7/site-packages/airflow/example_dags/example_branch_datetime_operator.py
[2023-05-25T04:49:49.287+0000] {logging_mixin.py:137} INFO - [2023-05-25T04:49:49.287+0000] {dag.py:2690} INFO - Sync 3 DAGs
[2023-05-25T04:49:49.335+0000] {logging_mixin.py:137} INFO - [2023-05-25T04:49:49.335+0000] {dag.py:3441} INFO - Setting next_dagrun for example_branch_datetime_operator to 2023-05-24T00:00:00+00:00, run_after=2023-05-25T00:00:00+00:00
[2023-05-25T04:49:49.344+0000] {logging_mixin.py:137} INFO - [2023-05-25T04:49:49.344+0000] {dag.py:3441} INFO - Setting next_dagrun for example_branch_datetime_operator_2 to 2023-05-24T00:00:00+00:00, run_after=2023-05-25T00:00:00+00:00
[2023-05-25T04:49:49.352+0000] {logging_mixin.py:137} INFO - [2023-05-25T04:49:49.352+0000] {dag.py:3441} INFO - Setting next_dagrun for example_branch_datetime_operator_3 to 2023-05-24T00:00:00+00:00, run_after=2023-05-25T00:00:00+00:00
[2023-05-25T04:49:49.401+0000] {processor.py:175} INFO - Processing /home/airflow/.local/lib/python3.7/site-packages/airflow/example_dags/example_branch_datetime_operator.py took 0.235 seconds
[2023-05-25T04:50:21.608+0000] {processor.py:153} INFO - Started process (PID=1010) to work on /home/airflow/.local/lib/python3.7/site-packages/airflow/example_dags/example_branch_datetime_operator.py
[2023-05-25T04:50:21.625+0000] {processor.py:743} INFO - Processing file /home/airflow/.local/lib/python3.7/site-packages/airflow/example_dags/example_branch_datetime_operator.py for tasks to queue
[2023-05-25T04:50:21.631+0000] {logging_mixin.py:137} INFO - [2023-05-25T04:50:21.631+0000] {dagbag.py:538} INFO - Filling up the DagBag from /home/airflow/.local/lib/python3.7/site-packages/airflow/example_dags/example_branch_datetime_operator.py
[2023-05-25T04:50:21.893+0000] {processor.py:753} INFO - DAG(s) dict_keys(['example_branch_datetime_operator', 'example_branch_datetime_operator_3', 'example_branch_datetime_operator_2']) retrieved from /home/airflow/.local/lib/python3.7/site-packages/airflow/example_dags/example_branch_datetime_operator.py
[2023-05-25T04:50:22.105+0000] {logging_mixin.py:137} INFO - [2023-05-25T04:50:22.105+0000] {dag.py:2690} INFO - Sync 3 DAGs
[2023-05-25T04:50:22.740+0000] {logging_mixin.py:137} INFO - [2023-05-25T04:50:22.691+0000] {dag.py:3441} INFO - Setting next_dagrun for example_branch_datetime_operator to 2023-05-24T00:00:00+00:00, run_after=2023-05-25T00:00:00+00:00
[2023-05-25T04:50:22.816+0000] {logging_mixin.py:137} INFO - [2023-05-25T04:50:22.816+0000] {dag.py:3441} INFO - Setting next_dagrun for example_branch_datetime_operator_2 to 2023-05-24T00:00:00+00:00, run_after=2023-05-25T00:00:00+00:00
[2023-05-25T04:50:22.852+0000] {logging_mixin.py:137} INFO - [2023-05-25T04:50:22.852+0000] {dag.py:3441} INFO - Setting next_dagrun for example_branch_datetime_operator_3 to 2023-05-24T00:00:00+00:00, run_after=2023-05-25T00:00:00+00:00
[2023-05-25T04:50:23.378+0000] {processor.py:175} INFO - Processing /home/airflow/.local/lib/python3.7/site-packages/airflow/example_dags/example_branch_datetime_operator.py took 1.827 seconds
[2023-05-25T04:50:55.376+0000] {processor.py:153} INFO - Started process (PID=1070) to work on /home/airflow/.local/lib/python3.7/site-packages/airflow/example_dags/example_branch_datetime_operator.py
[2023-05-25T04:50:55.404+0000] {processor.py:743} INFO - Processing file /home/airflow/.local/lib/python3.7/site-packages/airflow/example_dags/example_branch_datetime_operator.py for tasks to queue
[2023-05-25T04:50:55.429+0000] {logging_mixin.py:137} INFO - [2023-05-25T04:50:55.429+0000] {dagbag.py:538} INFO - Filling up the DagBag from /home/airflow/.local/lib/python3.7/site-packages/airflow/example_dags/example_branch_datetime_operator.py
[2023-05-25T04:50:55.680+0000] {processor.py:753} INFO - DAG(s) dict_keys(['example_branch_datetime_operator_3', 'example_branch_datetime_operator_2', 'example_branch_datetime_operator']) retrieved from /home/airflow/.local/lib/python3.7/site-packages/airflow/example_dags/example_branch_datetime_operator.py
[2023-05-25T04:50:55.947+0000] {logging_mixin.py:137} INFO - [2023-05-25T04:50:55.944+0000] {dag.py:2690} INFO - Sync 3 DAGs
[2023-05-25T04:50:56.361+0000] {logging_mixin.py:137} INFO - [2023-05-25T04:50:56.360+0000] {dag.py:3441} INFO - Setting next_dagrun for example_branch_datetime_operator to 2023-05-24T00:00:00+00:00, run_after=2023-05-25T00:00:00+00:00
[2023-05-25T04:50:56.423+0000] {logging_mixin.py:137} INFO - [2023-05-25T04:50:56.421+0000] {dag.py:3441} INFO - Setting next_dagrun for example_branch_datetime_operator_2 to 2023-05-24T00:00:00+00:00, run_after=2023-05-25T00:00:00+00:00
[2023-05-25T04:50:56.472+0000] {logging_mixin.py:137} INFO - [2023-05-25T04:50:56.472+0000] {dag.py:3441} INFO - Setting next_dagrun for example_branch_datetime_operator_3 to 2023-05-24T00:00:00+00:00, run_after=2023-05-25T00:00:00+00:00
[2023-05-25T04:50:56.599+0000] {processor.py:175} INFO - Processing /home/airflow/.local/lib/python3.7/site-packages/airflow/example_dags/example_branch_datetime_operator.py took 1.234 seconds
[2023-05-25T04:51:27.911+0000] {processor.py:153} INFO - Started process (PID=1122) to work on /home/airflow/.local/lib/python3.7/site-packages/airflow/example_dags/example_branch_datetime_operator.py
[2023-05-25T04:51:27.939+0000] {processor.py:743} INFO - Processing file /home/airflow/.local/lib/python3.7/site-packages/airflow/example_dags/example_branch_datetime_operator.py for tasks to queue
[2023-05-25T04:51:27.956+0000] {logging_mixin.py:137} INFO - [2023-05-25T04:51:27.954+0000] {dagbag.py:538} INFO - Filling up the DagBag from /home/airflow/.local/lib/python3.7/site-packages/airflow/example_dags/example_branch_datetime_operator.py
[2023-05-25T04:51:28.206+0000] {processor.py:753} INFO - DAG(s) dict_keys(['example_branch_datetime_operator_3', 'example_branch_datetime_operator_2', 'example_branch_datetime_operator']) retrieved from /home/airflow/.local/lib/python3.7/site-packages/airflow/example_dags/example_branch_datetime_operator.py
[2023-05-25T04:51:28.378+0000] {logging_mixin.py:137} INFO - [2023-05-25T04:51:28.377+0000] {dag.py:2690} INFO - Sync 3 DAGs
[2023-05-25T04:51:28.469+0000] {logging_mixin.py:137} INFO - [2023-05-25T04:51:28.469+0000] {dag.py:3441} INFO - Setting next_dagrun for example_branch_datetime_operator to 2023-05-24T00:00:00+00:00, run_after=2023-05-25T00:00:00+00:00
[2023-05-25T04:51:28.504+0000] {logging_mixin.py:137} INFO - [2023-05-25T04:51:28.503+0000] {dag.py:3441} INFO - Setting next_dagrun for example_branch_datetime_operator_2 to 2023-05-24T00:00:00+00:00, run_after=2023-05-25T00:00:00+00:00
[2023-05-25T04:51:28.514+0000] {logging_mixin.py:137} INFO - [2023-05-25T04:51:28.514+0000] {dag.py:3441} INFO - Setting next_dagrun for example_branch_datetime_operator_3 to 2023-05-24T00:00:00+00:00, run_after=2023-05-25T00:00:00+00:00
[2023-05-25T04:51:28.658+0000] {processor.py:175} INFO - Processing /home/airflow/.local/lib/python3.7/site-packages/airflow/example_dags/example_branch_datetime_operator.py took 0.873 seconds
[2023-05-25T04:52:01.115+0000] {processor.py:153} INFO - Started process (PID=1180) to work on /home/airflow/.local/lib/python3.7/site-packages/airflow/example_dags/example_branch_datetime_operator.py
[2023-05-25T04:52:01.118+0000] {processor.py:743} INFO - Processing file /home/airflow/.local/lib/python3.7/site-packages/airflow/example_dags/example_branch_datetime_operator.py for tasks to queue
[2023-05-25T04:52:01.120+0000] {logging_mixin.py:137} INFO - [2023-05-25T04:52:01.120+0000] {dagbag.py:538} INFO - Filling up the DagBag from /home/airflow/.local/lib/python3.7/site-packages/airflow/example_dags/example_branch_datetime_operator.py
[2023-05-25T04:52:01.271+0000] {processor.py:753} INFO - DAG(s) dict_keys(['example_branch_datetime_operator_3', 'example_branch_datetime_operator_2', 'example_branch_datetime_operator']) retrieved from /home/airflow/.local/lib/python3.7/site-packages/airflow/example_dags/example_branch_datetime_operator.py
[2023-05-25T04:52:01.402+0000] {logging_mixin.py:137} INFO - [2023-05-25T04:52:01.394+0000] {dag.py:2690} INFO - Sync 3 DAGs
[2023-05-25T04:52:01.557+0000] {logging_mixin.py:137} INFO - [2023-05-25T04:52:01.556+0000] {dag.py:3441} INFO - Setting next_dagrun for example_branch_datetime_operator to 2023-05-24T00:00:00+00:00, run_after=2023-05-25T00:00:00+00:00
[2023-05-25T04:52:01.600+0000] {logging_mixin.py:137} INFO - [2023-05-25T04:52:01.590+0000] {dag.py:3441} INFO - Setting next_dagrun for example_branch_datetime_operator_2 to 2023-05-24T00:00:00+00:00, run_after=2023-05-25T00:00:00+00:00
[2023-05-25T04:52:01.615+0000] {logging_mixin.py:137} INFO - [2023-05-25T04:52:01.615+0000] {dag.py:3441} INFO - Setting next_dagrun for example_branch_datetime_operator_3 to 2023-05-24T00:00:00+00:00, run_after=2023-05-25T00:00:00+00:00
[2023-05-25T04:52:01.784+0000] {processor.py:175} INFO - Processing /home/airflow/.local/lib/python3.7/site-packages/airflow/example_dags/example_branch_datetime_operator.py took 0.713 seconds
[2023-05-25T04:52:33.922+0000] {processor.py:153} INFO - Started process (PID=1240) to work on /home/airflow/.local/lib/python3.7/site-packages/airflow/example_dags/example_branch_datetime_operator.py
[2023-05-25T04:52:33.969+0000] {processor.py:743} INFO - Processing file /home/airflow/.local/lib/python3.7/site-packages/airflow/example_dags/example_branch_datetime_operator.py for tasks to queue
[2023-05-25T04:52:33.981+0000] {logging_mixin.py:137} INFO - [2023-05-25T04:52:33.980+0000] {dagbag.py:538} INFO - Filling up the DagBag from /home/airflow/.local/lib/python3.7/site-packages/airflow/example_dags/example_branch_datetime_operator.py
[2023-05-25T04:52:34.150+0000] {processor.py:753} INFO - DAG(s) dict_keys(['example_branch_datetime_operator_3', 'example_branch_datetime_operator_2', 'example_branch_datetime_operator']) retrieved from /home/airflow/.local/lib/python3.7/site-packages/airflow/example_dags/example_branch_datetime_operator.py
[2023-05-25T04:52:34.417+0000] {logging_mixin.py:137} INFO - [2023-05-25T04:52:34.417+0000] {dag.py:2690} INFO - Sync 3 DAGs
[2023-05-25T04:52:34.634+0000] {logging_mixin.py:137} INFO - [2023-05-25T04:52:34.634+0000] {dag.py:3441} INFO - Setting next_dagrun for example_branch_datetime_operator to 2023-05-24T00:00:00+00:00, run_after=2023-05-25T00:00:00+00:00
[2023-05-25T04:52:34.663+0000] {logging_mixin.py:137} INFO - [2023-05-25T04:52:34.663+0000] {dag.py:3441} INFO - Setting next_dagrun for example_branch_datetime_operator_2 to 2023-05-24T00:00:00+00:00, run_after=2023-05-25T00:00:00+00:00
[2023-05-25T04:52:34.696+0000] {logging_mixin.py:137} INFO - [2023-05-25T04:52:34.696+0000] {dag.py:3441} INFO - Setting next_dagrun for example_branch_datetime_operator_3 to 2023-05-24T00:00:00+00:00, run_after=2023-05-25T00:00:00+00:00
[2023-05-25T04:52:34.782+0000] {processor.py:175} INFO - Processing /home/airflow/.local/lib/python3.7/site-packages/airflow/example_dags/example_branch_datetime_operator.py took 0.880 seconds
[2023-05-25T04:53:05.210+0000] {processor.py:153} INFO - Started process (PID=1302) to work on /home/airflow/.local/lib/python3.7/site-packages/airflow/example_dags/example_branch_datetime_operator.py
[2023-05-25T04:53:05.218+0000] {processor.py:743} INFO - Processing file /home/airflow/.local/lib/python3.7/site-packages/airflow/example_dags/example_branch_datetime_operator.py for tasks to queue
[2023-05-25T04:53:05.222+0000] {logging_mixin.py:137} INFO - [2023-05-25T04:53:05.221+0000] {dagbag.py:538} INFO - Filling up the DagBag from /home/airflow/.local/lib/python3.7/site-packages/airflow/example_dags/example_branch_datetime_operator.py
[2023-05-25T04:53:05.302+0000] {processor.py:753} INFO - DAG(s) dict_keys(['example_branch_datetime_operator_3', 'example_branch_datetime_operator_2', 'example_branch_datetime_operator']) retrieved from /home/airflow/.local/lib/python3.7/site-packages/airflow/example_dags/example_branch_datetime_operator.py
[2023-05-25T04:53:05.454+0000] {logging_mixin.py:137} INFO - [2023-05-25T04:53:05.453+0000] {dag.py:2690} INFO - Sync 3 DAGs
[2023-05-25T04:53:05.526+0000] {logging_mixin.py:137} INFO - [2023-05-25T04:53:05.526+0000] {dag.py:3441} INFO - Setting next_dagrun for example_branch_datetime_operator to 2023-05-24T00:00:00+00:00, run_after=2023-05-25T00:00:00+00:00
[2023-05-25T04:53:05.548+0000] {logging_mixin.py:137} INFO - [2023-05-25T04:53:05.548+0000] {dag.py:3441} INFO - Setting next_dagrun for example_branch_datetime_operator_2 to 2023-05-24T00:00:00+00:00, run_after=2023-05-25T00:00:00+00:00
[2023-05-25T04:53:05.563+0000] {logging_mixin.py:137} INFO - [2023-05-25T04:53:05.562+0000] {dag.py:3441} INFO - Setting next_dagrun for example_branch_datetime_operator_3 to 2023-05-24T00:00:00+00:00, run_after=2023-05-25T00:00:00+00:00
[2023-05-25T04:53:05.631+0000] {processor.py:175} INFO - Processing /home/airflow/.local/lib/python3.7/site-packages/airflow/example_dags/example_branch_datetime_operator.py took 0.432 seconds
[2023-05-25T04:53:36.426+0000] {processor.py:153} INFO - Started process (PID=1362) to work on /home/airflow/.local/lib/python3.7/site-packages/airflow/example_dags/example_branch_datetime_operator.py
[2023-05-25T04:53:36.437+0000] {processor.py:743} INFO - Processing file /home/airflow/.local/lib/python3.7/site-packages/airflow/example_dags/example_branch_datetime_operator.py for tasks to queue
[2023-05-25T04:53:36.439+0000] {logging_mixin.py:137} INFO - [2023-05-25T04:53:36.439+0000] {dagbag.py:538} INFO - Filling up the DagBag from /home/airflow/.local/lib/python3.7/site-packages/airflow/example_dags/example_branch_datetime_operator.py
[2023-05-25T04:53:36.470+0000] {processor.py:753} INFO - DAG(s) dict_keys(['example_branch_datetime_operator', 'example_branch_datetime_operator_2', 'example_branch_datetime_operator_3']) retrieved from /home/airflow/.local/lib/python3.7/site-packages/airflow/example_dags/example_branch_datetime_operator.py
[2023-05-25T04:53:36.515+0000] {logging_mixin.py:137} INFO - [2023-05-25T04:53:36.514+0000] {dag.py:2690} INFO - Sync 3 DAGs
[2023-05-25T04:53:36.555+0000] {logging_mixin.py:137} INFO - [2023-05-25T04:53:36.555+0000] {dag.py:3441} INFO - Setting next_dagrun for example_branch_datetime_operator to 2023-05-24T00:00:00+00:00, run_after=2023-05-25T00:00:00+00:00
[2023-05-25T04:53:36.564+0000] {logging_mixin.py:137} INFO - [2023-05-25T04:53:36.563+0000] {dag.py:3441} INFO - Setting next_dagrun for example_branch_datetime_operator_2 to 2023-05-24T00:00:00+00:00, run_after=2023-05-25T00:00:00+00:00
[2023-05-25T04:53:36.570+0000] {logging_mixin.py:137} INFO - [2023-05-25T04:53:36.570+0000] {dag.py:3441} INFO - Setting next_dagrun for example_branch_datetime_operator_3 to 2023-05-24T00:00:00+00:00, run_after=2023-05-25T00:00:00+00:00
[2023-05-25T04:53:36.595+0000] {processor.py:175} INFO - Processing /home/airflow/.local/lib/python3.7/site-packages/airflow/example_dags/example_branch_datetime_operator.py took 0.178 seconds
[2023-05-25T04:54:06.954+0000] {processor.py:153} INFO - Started process (PID=1421) to work on /home/airflow/.local/lib/python3.7/site-packages/airflow/example_dags/example_branch_datetime_operator.py
[2023-05-25T04:54:06.961+0000] {processor.py:743} INFO - Processing file /home/airflow/.local/lib/python3.7/site-packages/airflow/example_dags/example_branch_datetime_operator.py for tasks to queue
[2023-05-25T04:54:06.966+0000] {logging_mixin.py:137} INFO - [2023-05-25T04:54:06.965+0000] {dagbag.py:538} INFO - Filling up the DagBag from /home/airflow/.local/lib/python3.7/site-packages/airflow/example_dags/example_branch_datetime_operator.py
[2023-05-25T04:54:07.012+0000] {processor.py:753} INFO - DAG(s) dict_keys(['example_branch_datetime_operator_2', 'example_branch_datetime_operator', 'example_branch_datetime_operator_3']) retrieved from /home/airflow/.local/lib/python3.7/site-packages/airflow/example_dags/example_branch_datetime_operator.py
[2023-05-25T04:54:07.126+0000] {logging_mixin.py:137} INFO - [2023-05-25T04:54:07.125+0000] {dag.py:2690} INFO - Sync 3 DAGs
[2023-05-25T04:54:07.192+0000] {logging_mixin.py:137} INFO - [2023-05-25T04:54:07.192+0000] {dag.py:3441} INFO - Setting next_dagrun for example_branch_datetime_operator to 2023-05-24T00:00:00+00:00, run_after=2023-05-25T00:00:00+00:00
[2023-05-25T04:54:07.205+0000] {logging_mixin.py:137} INFO - [2023-05-25T04:54:07.205+0000] {dag.py:3441} INFO - Setting next_dagrun for example_branch_datetime_operator_2 to 2023-05-24T00:00:00+00:00, run_after=2023-05-25T00:00:00+00:00
[2023-05-25T04:54:07.219+0000] {logging_mixin.py:137} INFO - [2023-05-25T04:54:07.218+0000] {dag.py:3441} INFO - Setting next_dagrun for example_branch_datetime_operator_3 to 2023-05-24T00:00:00+00:00, run_after=2023-05-25T00:00:00+00:00
[2023-05-25T04:54:07.253+0000] {processor.py:175} INFO - Processing /home/airflow/.local/lib/python3.7/site-packages/airflow/example_dags/example_branch_datetime_operator.py took 0.320 seconds
[2023-05-25T04:54:40.059+0000] {processor.py:153} INFO - Started process (PID=1481) to work on /home/airflow/.local/lib/python3.7/site-packages/airflow/example_dags/example_branch_datetime_operator.py
[2023-05-25T04:54:40.080+0000] {processor.py:743} INFO - Processing file /home/airflow/.local/lib/python3.7/site-packages/airflow/example_dags/example_branch_datetime_operator.py for tasks to queue
[2023-05-25T04:54:40.092+0000] {logging_mixin.py:137} INFO - [2023-05-25T04:54:40.089+0000] {dagbag.py:538} INFO - Filling up the DagBag from /home/airflow/.local/lib/python3.7/site-packages/airflow/example_dags/example_branch_datetime_operator.py
[2023-05-25T04:54:40.351+0000] {processor.py:753} INFO - DAG(s) dict_keys(['example_branch_datetime_operator_2', 'example_branch_datetime_operator_3', 'example_branch_datetime_operator']) retrieved from /home/airflow/.local/lib/python3.7/site-packages/airflow/example_dags/example_branch_datetime_operator.py
[2023-05-25T04:54:40.741+0000] {logging_mixin.py:137} INFO - [2023-05-25T04:54:40.741+0000] {dag.py:2690} INFO - Sync 3 DAGs
[2023-05-25T04:54:41.237+0000] {logging_mixin.py:137} INFO - [2023-05-25T04:54:41.227+0000] {dag.py:3441} INFO - Setting next_dagrun for example_branch_datetime_operator to 2023-05-24T00:00:00+00:00, run_after=2023-05-25T00:00:00+00:00
[2023-05-25T04:54:41.338+0000] {logging_mixin.py:137} INFO - [2023-05-25T04:54:41.338+0000] {dag.py:3441} INFO - Setting next_dagrun for example_branch_datetime_operator_2 to 2023-05-24T00:00:00+00:00, run_after=2023-05-25T00:00:00+00:00
[2023-05-25T04:54:41.395+0000] {logging_mixin.py:137} INFO - [2023-05-25T04:54:41.395+0000] {dag.py:3441} INFO - Setting next_dagrun for example_branch_datetime_operator_3 to 2023-05-24T00:00:00+00:00, run_after=2023-05-25T00:00:00+00:00
[2023-05-25T04:54:41.632+0000] {processor.py:175} INFO - Processing /home/airflow/.local/lib/python3.7/site-packages/airflow/example_dags/example_branch_datetime_operator.py took 1.630 seconds
[2023-05-25T04:55:11.900+0000] {processor.py:153} INFO - Started process (PID=1541) to work on /home/airflow/.local/lib/python3.7/site-packages/airflow/example_dags/example_branch_datetime_operator.py
[2023-05-25T04:55:11.904+0000] {processor.py:743} INFO - Processing file /home/airflow/.local/lib/python3.7/site-packages/airflow/example_dags/example_branch_datetime_operator.py for tasks to queue
[2023-05-25T04:55:11.908+0000] {logging_mixin.py:137} INFO - [2023-05-25T04:55:11.907+0000] {dagbag.py:538} INFO - Filling up the DagBag from /home/airflow/.local/lib/python3.7/site-packages/airflow/example_dags/example_branch_datetime_operator.py
[2023-05-25T04:55:11.959+0000] {processor.py:753} INFO - DAG(s) dict_keys(['example_branch_datetime_operator_3', 'example_branch_datetime_operator', 'example_branch_datetime_operator_2']) retrieved from /home/airflow/.local/lib/python3.7/site-packages/airflow/example_dags/example_branch_datetime_operator.py
[2023-05-25T04:55:12.053+0000] {logging_mixin.py:137} INFO - [2023-05-25T04:55:12.053+0000] {dag.py:2690} INFO - Sync 3 DAGs
[2023-05-25T04:55:12.238+0000] {logging_mixin.py:137} INFO - [2023-05-25T04:55:12.234+0000] {dag.py:3441} INFO - Setting next_dagrun for example_branch_datetime_operator to 2023-05-24T00:00:00+00:00, run_after=2023-05-25T00:00:00+00:00
[2023-05-25T04:55:12.261+0000] {logging_mixin.py:137} INFO - [2023-05-25T04:55:12.256+0000] {dag.py:3441} INFO - Setting next_dagrun for example_branch_datetime_operator_2 to 2023-05-24T00:00:00+00:00, run_after=2023-05-25T00:00:00+00:00
[2023-05-25T04:55:12.266+0000] {logging_mixin.py:137} INFO - [2023-05-25T04:55:12.266+0000] {dag.py:3441} INFO - Setting next_dagrun for example_branch_datetime_operator_3 to 2023-05-24T00:00:00+00:00, run_after=2023-05-25T00:00:00+00:00
[2023-05-25T04:55:12.320+0000] {processor.py:175} INFO - Processing /home/airflow/.local/lib/python3.7/site-packages/airflow/example_dags/example_branch_datetime_operator.py took 0.439 seconds
[2023-05-25T04:55:42.514+0000] {processor.py:153} INFO - Started process (PID=1602) to work on /home/airflow/.local/lib/python3.7/site-packages/airflow/example_dags/example_branch_datetime_operator.py
[2023-05-25T04:55:42.517+0000] {processor.py:743} INFO - Processing file /home/airflow/.local/lib/python3.7/site-packages/airflow/example_dags/example_branch_datetime_operator.py for tasks to queue
[2023-05-25T04:55:42.519+0000] {logging_mixin.py:137} INFO - [2023-05-25T04:55:42.519+0000] {dagbag.py:538} INFO - Filling up the DagBag from /home/airflow/.local/lib/python3.7/site-packages/airflow/example_dags/example_branch_datetime_operator.py
[2023-05-25T04:55:42.544+0000] {processor.py:753} INFO - DAG(s) dict_keys(['example_branch_datetime_operator_3', 'example_branch_datetime_operator_2', 'example_branch_datetime_operator']) retrieved from /home/airflow/.local/lib/python3.7/site-packages/airflow/example_dags/example_branch_datetime_operator.py
[2023-05-25T04:55:42.600+0000] {logging_mixin.py:137} INFO - [2023-05-25T04:55:42.600+0000] {dag.py:2690} INFO - Sync 3 DAGs
[2023-05-25T04:55:42.649+0000] {logging_mixin.py:137} INFO - [2023-05-25T04:55:42.649+0000] {dag.py:3441} INFO - Setting next_dagrun for example_branch_datetime_operator to 2023-05-24T00:00:00+00:00, run_after=2023-05-25T00:00:00+00:00
[2023-05-25T04:55:42.660+0000] {logging_mixin.py:137} INFO - [2023-05-25T04:55:42.660+0000] {dag.py:3441} INFO - Setting next_dagrun for example_branch_datetime_operator_2 to 2023-05-24T00:00:00+00:00, run_after=2023-05-25T00:00:00+00:00
[2023-05-25T04:55:42.668+0000] {logging_mixin.py:137} INFO - [2023-05-25T04:55:42.667+0000] {dag.py:3441} INFO - Setting next_dagrun for example_branch_datetime_operator_3 to 2023-05-24T00:00:00+00:00, run_after=2023-05-25T00:00:00+00:00
[2023-05-25T04:55:42.697+0000] {processor.py:175} INFO - Processing /home/airflow/.local/lib/python3.7/site-packages/airflow/example_dags/example_branch_datetime_operator.py took 0.190 seconds
[2023-05-25T04:56:12.970+0000] {processor.py:153} INFO - Started process (PID=1661) to work on /home/airflow/.local/lib/python3.7/site-packages/airflow/example_dags/example_branch_datetime_operator.py
[2023-05-25T04:56:12.973+0000] {processor.py:743} INFO - Processing file /home/airflow/.local/lib/python3.7/site-packages/airflow/example_dags/example_branch_datetime_operator.py for tasks to queue
[2023-05-25T04:56:12.975+0000] {logging_mixin.py:137} INFO - [2023-05-25T04:56:12.975+0000] {dagbag.py:538} INFO - Filling up the DagBag from /home/airflow/.local/lib/python3.7/site-packages/airflow/example_dags/example_branch_datetime_operator.py
[2023-05-25T04:56:13.031+0000] {processor.py:753} INFO - DAG(s) dict_keys(['example_branch_datetime_operator_2', 'example_branch_datetime_operator', 'example_branch_datetime_operator_3']) retrieved from /home/airflow/.local/lib/python3.7/site-packages/airflow/example_dags/example_branch_datetime_operator.py
[2023-05-25T04:56:13.207+0000] {logging_mixin.py:137} INFO - [2023-05-25T04:56:13.206+0000] {dag.py:2690} INFO - Sync 3 DAGs
[2023-05-25T04:56:13.405+0000] {logging_mixin.py:137} INFO - [2023-05-25T04:56:13.405+0000] {dag.py:3441} INFO - Setting next_dagrun for example_branch_datetime_operator to 2023-05-24T00:00:00+00:00, run_after=2023-05-25T00:00:00+00:00
[2023-05-25T04:56:13.432+0000] {logging_mixin.py:137} INFO - [2023-05-25T04:56:13.432+0000] {dag.py:3441} INFO - Setting next_dagrun for example_branch_datetime_operator_2 to 2023-05-24T00:00:00+00:00, run_after=2023-05-25T00:00:00+00:00
[2023-05-25T04:56:13.449+0000] {logging_mixin.py:137} INFO - [2023-05-25T04:56:13.449+0000] {dag.py:3441} INFO - Setting next_dagrun for example_branch_datetime_operator_3 to 2023-05-24T00:00:00+00:00, run_after=2023-05-25T00:00:00+00:00
[2023-05-25T04:56:13.569+0000] {processor.py:175} INFO - Processing /home/airflow/.local/lib/python3.7/site-packages/airflow/example_dags/example_branch_datetime_operator.py took 0.624 seconds
[2023-05-25T04:56:44.112+0000] {processor.py:153} INFO - Started process (PID=1721) to work on /home/airflow/.local/lib/python3.7/site-packages/airflow/example_dags/example_branch_datetime_operator.py
[2023-05-25T04:56:44.122+0000] {processor.py:743} INFO - Processing file /home/airflow/.local/lib/python3.7/site-packages/airflow/example_dags/example_branch_datetime_operator.py for tasks to queue
[2023-05-25T04:56:44.124+0000] {logging_mixin.py:137} INFO - [2023-05-25T04:56:44.124+0000] {dagbag.py:538} INFO - Filling up the DagBag from /home/airflow/.local/lib/python3.7/site-packages/airflow/example_dags/example_branch_datetime_operator.py
[2023-05-25T04:56:44.195+0000] {processor.py:753} INFO - DAG(s) dict_keys(['example_branch_datetime_operator', 'example_branch_datetime_operator_2', 'example_branch_datetime_operator_3']) retrieved from /home/airflow/.local/lib/python3.7/site-packages/airflow/example_dags/example_branch_datetime_operator.py
[2023-05-25T04:56:44.311+0000] {logging_mixin.py:137} INFO - [2023-05-25T04:56:44.311+0000] {dag.py:2690} INFO - Sync 3 DAGs
[2023-05-25T04:56:44.394+0000] {logging_mixin.py:137} INFO - [2023-05-25T04:56:44.394+0000] {dag.py:3441} INFO - Setting next_dagrun for example_branch_datetime_operator to 2023-05-24T00:00:00+00:00, run_after=2023-05-25T00:00:00+00:00
[2023-05-25T04:56:44.424+0000] {logging_mixin.py:137} INFO - [2023-05-25T04:56:44.424+0000] {dag.py:3441} INFO - Setting next_dagrun for example_branch_datetime_operator_2 to 2023-05-24T00:00:00+00:00, run_after=2023-05-25T00:00:00+00:00
[2023-05-25T04:56:44.440+0000] {logging_mixin.py:137} INFO - [2023-05-25T04:56:44.440+0000] {dag.py:3441} INFO - Setting next_dagrun for example_branch_datetime_operator_3 to 2023-05-24T00:00:00+00:00, run_after=2023-05-25T00:00:00+00:00
[2023-05-25T04:56:44.486+0000] {processor.py:175} INFO - Processing /home/airflow/.local/lib/python3.7/site-packages/airflow/example_dags/example_branch_datetime_operator.py took 0.393 seconds
[2023-05-25T04:57:14.701+0000] {processor.py:153} INFO - Started process (PID=1781) to work on /home/airflow/.local/lib/python3.7/site-packages/airflow/example_dags/example_branch_datetime_operator.py
[2023-05-25T04:57:14.707+0000] {processor.py:743} INFO - Processing file /home/airflow/.local/lib/python3.7/site-packages/airflow/example_dags/example_branch_datetime_operator.py for tasks to queue
[2023-05-25T04:57:14.716+0000] {logging_mixin.py:137} INFO - [2023-05-25T04:57:14.715+0000] {dagbag.py:538} INFO - Filling up the DagBag from /home/airflow/.local/lib/python3.7/site-packages/airflow/example_dags/example_branch_datetime_operator.py
[2023-05-25T04:57:14.768+0000] {processor.py:753} INFO - DAG(s) dict_keys(['example_branch_datetime_operator_2', 'example_branch_datetime_operator_3', 'example_branch_datetime_operator']) retrieved from /home/airflow/.local/lib/python3.7/site-packages/airflow/example_dags/example_branch_datetime_operator.py
[2023-05-25T04:57:14.878+0000] {logging_mixin.py:137} INFO - [2023-05-25T04:57:14.878+0000] {dag.py:2690} INFO - Sync 3 DAGs
[2023-05-25T04:57:14.968+0000] {logging_mixin.py:137} INFO - [2023-05-25T04:57:14.968+0000] {dag.py:3441} INFO - Setting next_dagrun for example_branch_datetime_operator to 2023-05-24T00:00:00+00:00, run_after=2023-05-25T00:00:00+00:00
[2023-05-25T04:57:14.985+0000] {logging_mixin.py:137} INFO - [2023-05-25T04:57:14.985+0000] {dag.py:3441} INFO - Setting next_dagrun for example_branch_datetime_operator_2 to 2023-05-24T00:00:00+00:00, run_after=2023-05-25T00:00:00+00:00
[2023-05-25T04:57:15.000+0000] {logging_mixin.py:137} INFO - [2023-05-25T04:57:15.000+0000] {dag.py:3441} INFO - Setting next_dagrun for example_branch_datetime_operator_3 to 2023-05-24T00:00:00+00:00, run_after=2023-05-25T00:00:00+00:00
[2023-05-25T04:57:15.067+0000] {processor.py:175} INFO - Processing /home/airflow/.local/lib/python3.7/site-packages/airflow/example_dags/example_branch_datetime_operator.py took 0.381 seconds
[2023-05-25T04:57:46.111+0000] {processor.py:153} INFO - Started process (PID=1842) to work on /home/airflow/.local/lib/python3.7/site-packages/airflow/example_dags/example_branch_datetime_operator.py
[2023-05-25T04:57:46.121+0000] {processor.py:743} INFO - Processing file /home/airflow/.local/lib/python3.7/site-packages/airflow/example_dags/example_branch_datetime_operator.py for tasks to queue
[2023-05-25T04:57:46.132+0000] {logging_mixin.py:137} INFO - [2023-05-25T04:57:46.131+0000] {dagbag.py:538} INFO - Filling up the DagBag from /home/airflow/.local/lib/python3.7/site-packages/airflow/example_dags/example_branch_datetime_operator.py
[2023-05-25T04:57:46.254+0000] {processor.py:753} INFO - DAG(s) dict_keys(['example_branch_datetime_operator_3', 'example_branch_datetime_operator_2', 'example_branch_datetime_operator']) retrieved from /home/airflow/.local/lib/python3.7/site-packages/airflow/example_dags/example_branch_datetime_operator.py
[2023-05-25T04:57:46.410+0000] {logging_mixin.py:137} INFO - [2023-05-25T04:57:46.410+0000] {dag.py:2690} INFO - Sync 3 DAGs
[2023-05-25T04:57:46.566+0000] {logging_mixin.py:137} INFO - [2023-05-25T04:57:46.566+0000] {dag.py:3441} INFO - Setting next_dagrun for example_branch_datetime_operator to 2023-05-24T00:00:00+00:00, run_after=2023-05-25T00:00:00+00:00
[2023-05-25T04:57:46.602+0000] {logging_mixin.py:137} INFO - [2023-05-25T04:57:46.602+0000] {dag.py:3441} INFO - Setting next_dagrun for example_branch_datetime_operator_2 to 2023-05-24T00:00:00+00:00, run_after=2023-05-25T00:00:00+00:00
[2023-05-25T04:57:46.618+0000] {logging_mixin.py:137} INFO - [2023-05-25T04:57:46.617+0000] {dag.py:3441} INFO - Setting next_dagrun for example_branch_datetime_operator_3 to 2023-05-24T00:00:00+00:00, run_after=2023-05-25T00:00:00+00:00
[2023-05-25T04:57:46.679+0000] {processor.py:175} INFO - Processing /home/airflow/.local/lib/python3.7/site-packages/airflow/example_dags/example_branch_datetime_operator.py took 0.575 seconds
[2023-05-25T04:58:17.033+0000] {processor.py:153} INFO - Started process (PID=1900) to work on /home/airflow/.local/lib/python3.7/site-packages/airflow/example_dags/example_branch_datetime_operator.py
[2023-05-25T04:58:17.037+0000] {processor.py:743} INFO - Processing file /home/airflow/.local/lib/python3.7/site-packages/airflow/example_dags/example_branch_datetime_operator.py for tasks to queue
[2023-05-25T04:58:17.041+0000] {logging_mixin.py:137} INFO - [2023-05-25T04:58:17.040+0000] {dagbag.py:538} INFO - Filling up the DagBag from /home/airflow/.local/lib/python3.7/site-packages/airflow/example_dags/example_branch_datetime_operator.py
[2023-05-25T04:58:17.107+0000] {processor.py:753} INFO - DAG(s) dict_keys(['example_branch_datetime_operator', 'example_branch_datetime_operator_2', 'example_branch_datetime_operator_3']) retrieved from /home/airflow/.local/lib/python3.7/site-packages/airflow/example_dags/example_branch_datetime_operator.py
[2023-05-25T04:58:17.196+0000] {logging_mixin.py:137} INFO - [2023-05-25T04:58:17.196+0000] {dag.py:2690} INFO - Sync 3 DAGs
[2023-05-25T04:58:17.270+0000] {logging_mixin.py:137} INFO - [2023-05-25T04:58:17.270+0000] {dag.py:3441} INFO - Setting next_dagrun for example_branch_datetime_operator to 2023-05-24T00:00:00+00:00, run_after=2023-05-25T00:00:00+00:00
[2023-05-25T04:58:17.295+0000] {logging_mixin.py:137} INFO - [2023-05-25T04:58:17.294+0000] {dag.py:3441} INFO - Setting next_dagrun for example_branch_datetime_operator_2 to 2023-05-24T00:00:00+00:00, run_after=2023-05-25T00:00:00+00:00
[2023-05-25T04:58:17.300+0000] {logging_mixin.py:137} INFO - [2023-05-25T04:58:17.300+0000] {dag.py:3441} INFO - Setting next_dagrun for example_branch_datetime_operator_3 to 2023-05-24T00:00:00+00:00, run_after=2023-05-25T00:00:00+00:00
[2023-05-25T04:58:17.382+0000] {processor.py:175} INFO - Processing /home/airflow/.local/lib/python3.7/site-packages/airflow/example_dags/example_branch_datetime_operator.py took 0.365 seconds
[2023-05-25T04:58:48.249+0000] {processor.py:153} INFO - Started process (PID=1961) to work on /home/airflow/.local/lib/python3.7/site-packages/airflow/example_dags/example_branch_datetime_operator.py
[2023-05-25T04:58:48.253+0000] {processor.py:743} INFO - Processing file /home/airflow/.local/lib/python3.7/site-packages/airflow/example_dags/example_branch_datetime_operator.py for tasks to queue
[2023-05-25T04:58:48.256+0000] {logging_mixin.py:137} INFO - [2023-05-25T04:58:48.255+0000] {dagbag.py:538} INFO - Filling up the DagBag from /home/airflow/.local/lib/python3.7/site-packages/airflow/example_dags/example_branch_datetime_operator.py
[2023-05-25T04:58:48.292+0000] {processor.py:753} INFO - DAG(s) dict_keys(['example_branch_datetime_operator_2', 'example_branch_datetime_operator_3', 'example_branch_datetime_operator']) retrieved from /home/airflow/.local/lib/python3.7/site-packages/airflow/example_dags/example_branch_datetime_operator.py
[2023-05-25T04:58:48.352+0000] {logging_mixin.py:137} INFO - [2023-05-25T04:58:48.352+0000] {dag.py:2690} INFO - Sync 3 DAGs
[2023-05-25T04:58:48.402+0000] {logging_mixin.py:137} INFO - [2023-05-25T04:58:48.402+0000] {dag.py:3441} INFO - Setting next_dagrun for example_branch_datetime_operator to 2023-05-24T00:00:00+00:00, run_after=2023-05-25T00:00:00+00:00
[2023-05-25T04:58:48.420+0000] {logging_mixin.py:137} INFO - [2023-05-25T04:58:48.420+0000] {dag.py:3441} INFO - Setting next_dagrun for example_branch_datetime_operator_2 to 2023-05-24T00:00:00+00:00, run_after=2023-05-25T00:00:00+00:00
[2023-05-25T04:58:48.429+0000] {logging_mixin.py:137} INFO - [2023-05-25T04:58:48.429+0000] {dag.py:3441} INFO - Setting next_dagrun for example_branch_datetime_operator_3 to 2023-05-24T00:00:00+00:00, run_after=2023-05-25T00:00:00+00:00
[2023-05-25T04:58:48.471+0000] {processor.py:175} INFO - Processing /home/airflow/.local/lib/python3.7/site-packages/airflow/example_dags/example_branch_datetime_operator.py took 0.230 seconds
[2023-05-25T04:59:20.997+0000] {processor.py:153} INFO - Started process (PID=2022) to work on /home/airflow/.local/lib/python3.7/site-packages/airflow/example_dags/example_branch_datetime_operator.py
[2023-05-25T04:59:21.016+0000] {processor.py:743} INFO - Processing file /home/airflow/.local/lib/python3.7/site-packages/airflow/example_dags/example_branch_datetime_operator.py for tasks to queue
[2023-05-25T04:59:21.018+0000] {logging_mixin.py:137} INFO - [2023-05-25T04:59:21.018+0000] {dagbag.py:538} INFO - Filling up the DagBag from /home/airflow/.local/lib/python3.7/site-packages/airflow/example_dags/example_branch_datetime_operator.py
[2023-05-25T04:59:21.109+0000] {processor.py:753} INFO - DAG(s) dict_keys(['example_branch_datetime_operator', 'example_branch_datetime_operator_2', 'example_branch_datetime_operator_3']) retrieved from /home/airflow/.local/lib/python3.7/site-packages/airflow/example_dags/example_branch_datetime_operator.py
[2023-05-25T04:59:21.329+0000] {logging_mixin.py:137} INFO - [2023-05-25T04:59:21.327+0000] {dag.py:2690} INFO - Sync 3 DAGs
[2023-05-25T04:59:21.559+0000] {logging_mixin.py:137} INFO - [2023-05-25T04:59:21.559+0000] {dag.py:3441} INFO - Setting next_dagrun for example_branch_datetime_operator to 2023-05-24T00:00:00+00:00, run_after=2023-05-25T00:00:00+00:00
[2023-05-25T04:59:21.598+0000] {logging_mixin.py:137} INFO - [2023-05-25T04:59:21.597+0000] {dag.py:3441} INFO - Setting next_dagrun for example_branch_datetime_operator_2 to 2023-05-24T00:00:00+00:00, run_after=2023-05-25T00:00:00+00:00
[2023-05-25T04:59:21.626+0000] {logging_mixin.py:137} INFO - [2023-05-25T04:59:21.626+0000] {dag.py:3441} INFO - Setting next_dagrun for example_branch_datetime_operator_3 to 2023-05-24T00:00:00+00:00, run_after=2023-05-25T00:00:00+00:00
[2023-05-25T04:59:21.688+0000] {processor.py:175} INFO - Processing /home/airflow/.local/lib/python3.7/site-packages/airflow/example_dags/example_branch_datetime_operator.py took 0.696 seconds
[2023-05-25T04:59:51.795+0000] {processor.py:153} INFO - Started process (PID=2090) to work on /home/airflow/.local/lib/python3.7/site-packages/airflow/example_dags/example_branch_datetime_operator.py
[2023-05-25T04:59:51.798+0000] {processor.py:743} INFO - Processing file /home/airflow/.local/lib/python3.7/site-packages/airflow/example_dags/example_branch_datetime_operator.py for tasks to queue
[2023-05-25T04:59:51.801+0000] {logging_mixin.py:137} INFO - [2023-05-25T04:59:51.800+0000] {dagbag.py:538} INFO - Filling up the DagBag from /home/airflow/.local/lib/python3.7/site-packages/airflow/example_dags/example_branch_datetime_operator.py
[2023-05-25T04:59:51.826+0000] {processor.py:753} INFO - DAG(s) dict_keys(['example_branch_datetime_operator_2', 'example_branch_datetime_operator', 'example_branch_datetime_operator_3']) retrieved from /home/airflow/.local/lib/python3.7/site-packages/airflow/example_dags/example_branch_datetime_operator.py
[2023-05-25T04:59:51.919+0000] {logging_mixin.py:137} INFO - [2023-05-25T04:59:51.919+0000] {dag.py:2690} INFO - Sync 3 DAGs
[2023-05-25T04:59:52.014+0000] {logging_mixin.py:137} INFO - [2023-05-25T04:59:52.014+0000] {dag.py:3441} INFO - Setting next_dagrun for example_branch_datetime_operator to 2023-05-24T00:00:00+00:00, run_after=2023-05-25T00:00:00+00:00
[2023-05-25T04:59:52.026+0000] {logging_mixin.py:137} INFO - [2023-05-25T04:59:52.026+0000] {dag.py:3441} INFO - Setting next_dagrun for example_branch_datetime_operator_2 to 2023-05-24T00:00:00+00:00, run_after=2023-05-25T00:00:00+00:00
[2023-05-25T04:59:52.039+0000] {logging_mixin.py:137} INFO - [2023-05-25T04:59:52.038+0000] {dag.py:3441} INFO - Setting next_dagrun for example_branch_datetime_operator_3 to 2023-05-24T00:00:00+00:00, run_after=2023-05-25T00:00:00+00:00
[2023-05-25T04:59:52.104+0000] {processor.py:175} INFO - Processing /home/airflow/.local/lib/python3.7/site-packages/airflow/example_dags/example_branch_datetime_operator.py took 0.319 seconds
[2023-05-25T05:00:22.625+0000] {processor.py:153} INFO - Started process (PID=2150) to work on /home/airflow/.local/lib/python3.7/site-packages/airflow/example_dags/example_branch_datetime_operator.py
[2023-05-25T05:00:22.628+0000] {processor.py:743} INFO - Processing file /home/airflow/.local/lib/python3.7/site-packages/airflow/example_dags/example_branch_datetime_operator.py for tasks to queue
[2023-05-25T05:00:22.633+0000] {logging_mixin.py:137} INFO - [2023-05-25T05:00:22.633+0000] {dagbag.py:538} INFO - Filling up the DagBag from /home/airflow/.local/lib/python3.7/site-packages/airflow/example_dags/example_branch_datetime_operator.py
[2023-05-25T05:00:22.690+0000] {processor.py:753} INFO - DAG(s) dict_keys(['example_branch_datetime_operator_3', 'example_branch_datetime_operator_2', 'example_branch_datetime_operator']) retrieved from /home/airflow/.local/lib/python3.7/site-packages/airflow/example_dags/example_branch_datetime_operator.py
[2023-05-25T05:00:22.760+0000] {logging_mixin.py:137} INFO - [2023-05-25T05:00:22.760+0000] {dag.py:2690} INFO - Sync 3 DAGs
[2023-05-25T05:00:22.806+0000] {logging_mixin.py:137} INFO - [2023-05-25T05:00:22.806+0000] {dag.py:3441} INFO - Setting next_dagrun for example_branch_datetime_operator to 2023-05-24T00:00:00+00:00, run_after=2023-05-25T00:00:00+00:00
[2023-05-25T05:00:22.821+0000] {logging_mixin.py:137} INFO - [2023-05-25T05:00:22.820+0000] {dag.py:3441} INFO - Setting next_dagrun for example_branch_datetime_operator_2 to 2023-05-24T00:00:00+00:00, run_after=2023-05-25T00:00:00+00:00
[2023-05-25T05:00:22.831+0000] {logging_mixin.py:137} INFO - [2023-05-25T05:00:22.830+0000] {dag.py:3441} INFO - Setting next_dagrun for example_branch_datetime_operator_3 to 2023-05-24T00:00:00+00:00, run_after=2023-05-25T00:00:00+00:00
[2023-05-25T05:00:22.884+0000] {processor.py:175} INFO - Processing /home/airflow/.local/lib/python3.7/site-packages/airflow/example_dags/example_branch_datetime_operator.py took 0.265 seconds
[2023-05-25T05:00:52.997+0000] {processor.py:153} INFO - Started process (PID=2210) to work on /home/airflow/.local/lib/python3.7/site-packages/airflow/example_dags/example_branch_datetime_operator.py
[2023-05-25T05:00:53.000+0000] {processor.py:743} INFO - Processing file /home/airflow/.local/lib/python3.7/site-packages/airflow/example_dags/example_branch_datetime_operator.py for tasks to queue
[2023-05-25T05:00:53.005+0000] {logging_mixin.py:137} INFO - [2023-05-25T05:00:53.005+0000] {dagbag.py:538} INFO - Filling up the DagBag from /home/airflow/.local/lib/python3.7/site-packages/airflow/example_dags/example_branch_datetime_operator.py
[2023-05-25T05:00:53.035+0000] {processor.py:753} INFO - DAG(s) dict_keys(['example_branch_datetime_operator', 'example_branch_datetime_operator_2', 'example_branch_datetime_operator_3']) retrieved from /home/airflow/.local/lib/python3.7/site-packages/airflow/example_dags/example_branch_datetime_operator.py
[2023-05-25T05:00:53.083+0000] {logging_mixin.py:137} INFO - [2023-05-25T05:00:53.083+0000] {dag.py:2690} INFO - Sync 3 DAGs
[2023-05-25T05:00:53.121+0000] {logging_mixin.py:137} INFO - [2023-05-25T05:00:53.121+0000] {dag.py:3441} INFO - Setting next_dagrun for example_branch_datetime_operator to 2023-05-24T00:00:00+00:00, run_after=2023-05-25T00:00:00+00:00
[2023-05-25T05:00:53.130+0000] {logging_mixin.py:137} INFO - [2023-05-25T05:00:53.130+0000] {dag.py:3441} INFO - Setting next_dagrun for example_branch_datetime_operator_2 to 2023-05-24T00:00:00+00:00, run_after=2023-05-25T00:00:00+00:00
[2023-05-25T05:00:53.137+0000] {logging_mixin.py:137} INFO - [2023-05-25T05:00:53.137+0000] {dag.py:3441} INFO - Setting next_dagrun for example_branch_datetime_operator_3 to 2023-05-24T00:00:00+00:00, run_after=2023-05-25T00:00:00+00:00
[2023-05-25T05:00:53.162+0000] {processor.py:175} INFO - Processing /home/airflow/.local/lib/python3.7/site-packages/airflow/example_dags/example_branch_datetime_operator.py took 0.175 seconds
[2023-05-25T05:01:24.783+0000] {processor.py:153} INFO - Started process (PID=2269) to work on /home/airflow/.local/lib/python3.7/site-packages/airflow/example_dags/example_branch_datetime_operator.py
[2023-05-25T05:01:24.793+0000] {processor.py:743} INFO - Processing file /home/airflow/.local/lib/python3.7/site-packages/airflow/example_dags/example_branch_datetime_operator.py for tasks to queue
[2023-05-25T05:01:24.800+0000] {logging_mixin.py:137} INFO - [2023-05-25T05:01:24.799+0000] {dagbag.py:538} INFO - Filling up the DagBag from /home/airflow/.local/lib/python3.7/site-packages/airflow/example_dags/example_branch_datetime_operator.py
[2023-05-25T05:01:24.882+0000] {processor.py:753} INFO - DAG(s) dict_keys(['example_branch_datetime_operator_2', 'example_branch_datetime_operator', 'example_branch_datetime_operator_3']) retrieved from /home/airflow/.local/lib/python3.7/site-packages/airflow/example_dags/example_branch_datetime_operator.py
[2023-05-25T05:01:24.970+0000] {logging_mixin.py:137} INFO - [2023-05-25T05:01:24.970+0000] {dag.py:2690} INFO - Sync 3 DAGs
[2023-05-25T05:01:25.074+0000] {logging_mixin.py:137} INFO - [2023-05-25T05:01:25.073+0000] {dag.py:3441} INFO - Setting next_dagrun for example_branch_datetime_operator to 2023-05-24T00:00:00+00:00, run_after=2023-05-25T00:00:00+00:00
[2023-05-25T05:01:25.093+0000] {logging_mixin.py:137} INFO - [2023-05-25T05:01:25.093+0000] {dag.py:3441} INFO - Setting next_dagrun for example_branch_datetime_operator_2 to 2023-05-24T00:00:00+00:00, run_after=2023-05-25T00:00:00+00:00
[2023-05-25T05:01:25.105+0000] {logging_mixin.py:137} INFO - [2023-05-25T05:01:25.105+0000] {dag.py:3441} INFO - Setting next_dagrun for example_branch_datetime_operator_3 to 2023-05-24T00:00:00+00:00, run_after=2023-05-25T00:00:00+00:00
[2023-05-25T05:01:25.151+0000] {processor.py:175} INFO - Processing /home/airflow/.local/lib/python3.7/site-packages/airflow/example_dags/example_branch_datetime_operator.py took 0.383 seconds
[2023-05-25T05:01:55.980+0000] {processor.py:153} INFO - Started process (PID=2328) to work on /home/airflow/.local/lib/python3.7/site-packages/airflow/example_dags/example_branch_datetime_operator.py
[2023-05-25T05:01:55.984+0000] {processor.py:743} INFO - Processing file /home/airflow/.local/lib/python3.7/site-packages/airflow/example_dags/example_branch_datetime_operator.py for tasks to queue
[2023-05-25T05:01:55.988+0000] {logging_mixin.py:137} INFO - [2023-05-25T05:01:55.988+0000] {dagbag.py:538} INFO - Filling up the DagBag from /home/airflow/.local/lib/python3.7/site-packages/airflow/example_dags/example_branch_datetime_operator.py
[2023-05-25T05:01:56.030+0000] {processor.py:753} INFO - DAG(s) dict_keys(['example_branch_datetime_operator_2', 'example_branch_datetime_operator', 'example_branch_datetime_operator_3']) retrieved from /home/airflow/.local/lib/python3.7/site-packages/airflow/example_dags/example_branch_datetime_operator.py
[2023-05-25T05:01:56.115+0000] {logging_mixin.py:137} INFO - [2023-05-25T05:01:56.115+0000] {dag.py:2690} INFO - Sync 3 DAGs
[2023-05-25T05:01:56.173+0000] {logging_mixin.py:137} INFO - [2023-05-25T05:01:56.173+0000] {dag.py:3441} INFO - Setting next_dagrun for example_branch_datetime_operator to 2023-05-24T00:00:00+00:00, run_after=2023-05-25T00:00:00+00:00
[2023-05-25T05:01:56.183+0000] {logging_mixin.py:137} INFO - [2023-05-25T05:01:56.183+0000] {dag.py:3441} INFO - Setting next_dagrun for example_branch_datetime_operator_2 to 2023-05-24T00:00:00+00:00, run_after=2023-05-25T00:00:00+00:00
[2023-05-25T05:01:56.193+0000] {logging_mixin.py:137} INFO - [2023-05-25T05:01:56.193+0000] {dag.py:3441} INFO - Setting next_dagrun for example_branch_datetime_operator_3 to 2023-05-24T00:00:00+00:00, run_after=2023-05-25T00:00:00+00:00
[2023-05-25T05:01:56.221+0000] {processor.py:175} INFO - Processing /home/airflow/.local/lib/python3.7/site-packages/airflow/example_dags/example_branch_datetime_operator.py took 0.249 seconds
[2023-05-25T05:02:26.563+0000] {processor.py:153} INFO - Started process (PID=2387) to work on /home/airflow/.local/lib/python3.7/site-packages/airflow/example_dags/example_branch_datetime_operator.py
[2023-05-25T05:02:26.565+0000] {processor.py:743} INFO - Processing file /home/airflow/.local/lib/python3.7/site-packages/airflow/example_dags/example_branch_datetime_operator.py for tasks to queue
[2023-05-25T05:02:26.567+0000] {logging_mixin.py:137} INFO - [2023-05-25T05:02:26.567+0000] {dagbag.py:538} INFO - Filling up the DagBag from /home/airflow/.local/lib/python3.7/site-packages/airflow/example_dags/example_branch_datetime_operator.py
[2023-05-25T05:02:26.651+0000] {processor.py:753} INFO - DAG(s) dict_keys(['example_branch_datetime_operator', 'example_branch_datetime_operator_2', 'example_branch_datetime_operator_3']) retrieved from /home/airflow/.local/lib/python3.7/site-packages/airflow/example_dags/example_branch_datetime_operator.py
[2023-05-25T05:02:26.730+0000] {logging_mixin.py:137} INFO - [2023-05-25T05:02:26.730+0000] {dag.py:2690} INFO - Sync 3 DAGs
[2023-05-25T05:02:26.784+0000] {logging_mixin.py:137} INFO - [2023-05-25T05:02:26.784+0000] {dag.py:3441} INFO - Setting next_dagrun for example_branch_datetime_operator to 2023-05-24T00:00:00+00:00, run_after=2023-05-25T00:00:00+00:00
[2023-05-25T05:02:26.796+0000] {logging_mixin.py:137} INFO - [2023-05-25T05:02:26.796+0000] {dag.py:3441} INFO - Setting next_dagrun for example_branch_datetime_operator_2 to 2023-05-24T00:00:00+00:00, run_after=2023-05-25T00:00:00+00:00
[2023-05-25T05:02:26.800+0000] {logging_mixin.py:137} INFO - [2023-05-25T05:02:26.800+0000] {dag.py:3441} INFO - Setting next_dagrun for example_branch_datetime_operator_3 to 2023-05-24T00:00:00+00:00, run_after=2023-05-25T00:00:00+00:00
[2023-05-25T05:02:26.825+0000] {processor.py:175} INFO - Processing /home/airflow/.local/lib/python3.7/site-packages/airflow/example_dags/example_branch_datetime_operator.py took 0.278 seconds
[2023-05-25T05:02:57.748+0000] {processor.py:153} INFO - Started process (PID=2446) to work on /home/airflow/.local/lib/python3.7/site-packages/airflow/example_dags/example_branch_datetime_operator.py
[2023-05-25T05:02:57.751+0000] {processor.py:743} INFO - Processing file /home/airflow/.local/lib/python3.7/site-packages/airflow/example_dags/example_branch_datetime_operator.py for tasks to queue
[2023-05-25T05:02:57.759+0000] {logging_mixin.py:137} INFO - [2023-05-25T05:02:57.759+0000] {dagbag.py:538} INFO - Filling up the DagBag from /home/airflow/.local/lib/python3.7/site-packages/airflow/example_dags/example_branch_datetime_operator.py
[2023-05-25T05:02:57.800+0000] {processor.py:753} INFO - DAG(s) dict_keys(['example_branch_datetime_operator', 'example_branch_datetime_operator_3', 'example_branch_datetime_operator_2']) retrieved from /home/airflow/.local/lib/python3.7/site-packages/airflow/example_dags/example_branch_datetime_operator.py
[2023-05-25T05:02:57.858+0000] {logging_mixin.py:137} INFO - [2023-05-25T05:02:57.858+0000] {dag.py:2690} INFO - Sync 3 DAGs
[2023-05-25T05:02:57.990+0000] {logging_mixin.py:137} INFO - [2023-05-25T05:02:57.990+0000] {dag.py:3441} INFO - Setting next_dagrun for example_branch_datetime_operator to 2023-05-24T00:00:00+00:00, run_after=2023-05-25T00:00:00+00:00
[2023-05-25T05:02:58.079+0000] {logging_mixin.py:137} INFO - [2023-05-25T05:02:58.079+0000] {dag.py:3441} INFO - Setting next_dagrun for example_branch_datetime_operator_2 to 2023-05-24T00:00:00+00:00, run_after=2023-05-25T00:00:00+00:00
[2023-05-25T05:02:58.096+0000] {logging_mixin.py:137} INFO - [2023-05-25T05:02:58.096+0000] {dag.py:3441} INFO - Setting next_dagrun for example_branch_datetime_operator_3 to 2023-05-24T00:00:00+00:00, run_after=2023-05-25T00:00:00+00:00
[2023-05-25T05:02:58.507+0000] {processor.py:175} INFO - Processing /home/airflow/.local/lib/python3.7/site-packages/airflow/example_dags/example_branch_datetime_operator.py took 0.767 seconds
