[2023-05-25T04:36:03.132+0000] {processor.py:153} INFO - Started process (PID=114) to work on /home/airflow/.local/lib/python3.7/site-packages/airflow/example_dags/example_branch_day_of_week_operator.py
[2023-05-25T04:36:03.149+0000] {processor.py:743} INFO - Processing file /home/airflow/.local/lib/python3.7/site-packages/airflow/example_dags/example_branch_day_of_week_operator.py for tasks to queue
[2023-05-25T04:36:03.158+0000] {logging_mixin.py:137} INFO - [2023-05-25T04:36:03.158+0000] {dagbag.py:538} INFO - Filling up the DagBag from /home/airflow/.local/lib/python3.7/site-packages/airflow/example_dags/example_branch_day_of_week_operator.py
[2023-05-25T04:36:03.342+0000] {processor.py:753} INFO - DAG(s) dict_keys(['example_weekday_branch_operator']) retrieved from /home/airflow/.local/lib/python3.7/site-packages/airflow/example_dags/example_branch_day_of_week_operator.py
[2023-05-25T04:36:04.029+0000] {logging_mixin.py:137} INFO - [2023-05-25T04:36:04.029+0000] {dag.py:2690} INFO - Sync 1 DAGs
[2023-05-25T04:36:04.245+0000] {logging_mixin.py:137} INFO - [2023-05-25T04:36:04.245+0000] {dag.py:3441} INFO - Setting next_dagrun for example_weekday_branch_operator to 2023-05-24T00:00:00+00:00, run_after=2023-05-25T00:00:00+00:00
[2023-05-25T04:36:04.337+0000] {processor.py:175} INFO - Processing /home/airflow/.local/lib/python3.7/site-packages/airflow/example_dags/example_branch_day_of_week_operator.py took 1.242 seconds
[2023-05-25T04:36:36.707+0000] {processor.py:153} INFO - Started process (PID=164) to work on /home/airflow/.local/lib/python3.7/site-packages/airflow/example_dags/example_branch_day_of_week_operator.py
[2023-05-25T04:36:36.718+0000] {processor.py:743} INFO - Processing file /home/airflow/.local/lib/python3.7/site-packages/airflow/example_dags/example_branch_day_of_week_operator.py for tasks to queue
[2023-05-25T04:36:36.725+0000] {logging_mixin.py:137} INFO - [2023-05-25T04:36:36.723+0000] {dagbag.py:538} INFO - Filling up the DagBag from /home/airflow/.local/lib/python3.7/site-packages/airflow/example_dags/example_branch_day_of_week_operator.py
[2023-05-25T04:36:36.894+0000] {processor.py:753} INFO - DAG(s) dict_keys(['example_weekday_branch_operator']) retrieved from /home/airflow/.local/lib/python3.7/site-packages/airflow/example_dags/example_branch_day_of_week_operator.py
[2023-05-25T04:36:37.127+0000] {logging_mixin.py:137} INFO - [2023-05-25T04:36:37.126+0000] {dag.py:2690} INFO - Sync 1 DAGs
[2023-05-25T04:36:37.203+0000] {logging_mixin.py:137} INFO - [2023-05-25T04:36:37.203+0000] {dag.py:3441} INFO - Setting next_dagrun for example_weekday_branch_operator to 2023-05-24T00:00:00+00:00, run_after=2023-05-25T00:00:00+00:00
[2023-05-25T04:36:37.322+0000] {processor.py:175} INFO - Processing /home/airflow/.local/lib/python3.7/site-packages/airflow/example_dags/example_branch_day_of_week_operator.py took 0.650 seconds
[2023-05-25T04:38:26.118+0000] {processor.py:153} INFO - Started process (PID=264) to work on /home/airflow/.local/lib/python3.7/site-packages/airflow/example_dags/example_branch_day_of_week_operator.py
[2023-05-25T04:38:26.141+0000] {processor.py:743} INFO - Processing file /home/airflow/.local/lib/python3.7/site-packages/airflow/example_dags/example_branch_day_of_week_operator.py for tasks to queue
[2023-05-25T04:38:26.146+0000] {logging_mixin.py:137} INFO - [2023-05-25T04:38:26.146+0000] {dagbag.py:538} INFO - Filling up the DagBag from /home/airflow/.local/lib/python3.7/site-packages/airflow/example_dags/example_branch_day_of_week_operator.py
[2023-05-25T04:38:26.425+0000] {processor.py:753} INFO - DAG(s) dict_keys(['example_weekday_branch_operator']) retrieved from /home/airflow/.local/lib/python3.7/site-packages/airflow/example_dags/example_branch_day_of_week_operator.py
[2023-05-25T04:38:27.510+0000] {logging_mixin.py:137} INFO - [2023-05-25T04:38:27.495+0000] {dag.py:2690} INFO - Sync 1 DAGs
[2023-05-25T04:38:29.355+0000] {logging_mixin.py:137} INFO - [2023-05-25T04:38:29.348+0000] {dag.py:3441} INFO - Setting next_dagrun for example_weekday_branch_operator to 2023-05-24T00:00:00+00:00, run_after=2023-05-25T00:00:00+00:00
[2023-05-25T04:38:29.713+0000] {processor.py:175} INFO - Processing /home/airflow/.local/lib/python3.7/site-packages/airflow/example_dags/example_branch_day_of_week_operator.py took 3.606 seconds
[2023-05-25T04:39:00.416+0000] {processor.py:153} INFO - Started process (PID=323) to work on /home/airflow/.local/lib/python3.7/site-packages/airflow/example_dags/example_branch_day_of_week_operator.py
[2023-05-25T04:39:00.419+0000] {processor.py:743} INFO - Processing file /home/airflow/.local/lib/python3.7/site-packages/airflow/example_dags/example_branch_day_of_week_operator.py for tasks to queue
[2023-05-25T04:39:00.423+0000] {logging_mixin.py:137} INFO - [2023-05-25T04:39:00.422+0000] {dagbag.py:538} INFO - Filling up the DagBag from /home/airflow/.local/lib/python3.7/site-packages/airflow/example_dags/example_branch_day_of_week_operator.py
[2023-05-25T04:39:00.608+0000] {processor.py:753} INFO - DAG(s) dict_keys(['example_weekday_branch_operator']) retrieved from /home/airflow/.local/lib/python3.7/site-packages/airflow/example_dags/example_branch_day_of_week_operator.py
[2023-05-25T04:39:00.724+0000] {logging_mixin.py:137} INFO - [2023-05-25T04:39:00.723+0000] {dag.py:2690} INFO - Sync 1 DAGs
[2023-05-25T04:39:00.851+0000] {logging_mixin.py:137} INFO - [2023-05-25T04:39:00.850+0000] {dag.py:3441} INFO - Setting next_dagrun for example_weekday_branch_operator to 2023-05-24T00:00:00+00:00, run_after=2023-05-25T00:00:00+00:00
[2023-05-25T04:39:00.953+0000] {processor.py:175} INFO - Processing /home/airflow/.local/lib/python3.7/site-packages/airflow/example_dags/example_branch_day_of_week_operator.py took 0.551 seconds
[2023-05-25T04:42:20.528+0000] {processor.py:153} INFO - Started process (PID=89) to work on /home/airflow/.local/lib/python3.7/site-packages/airflow/example_dags/example_branch_day_of_week_operator.py
[2023-05-25T04:42:20.541+0000] {processor.py:743} INFO - Processing file /home/airflow/.local/lib/python3.7/site-packages/airflow/example_dags/example_branch_day_of_week_operator.py for tasks to queue
[2023-05-25T04:42:20.552+0000] {logging_mixin.py:137} INFO - [2023-05-25T04:42:20.552+0000] {dagbag.py:538} INFO - Filling up the DagBag from /home/airflow/.local/lib/python3.7/site-packages/airflow/example_dags/example_branch_day_of_week_operator.py
[2023-05-25T04:42:20.675+0000] {processor.py:753} INFO - DAG(s) dict_keys(['example_weekday_branch_operator']) retrieved from /home/airflow/.local/lib/python3.7/site-packages/airflow/example_dags/example_branch_day_of_week_operator.py
[2023-05-25T04:42:20.776+0000] {logging_mixin.py:137} INFO - [2023-05-25T04:42:20.776+0000] {dag.py:2690} INFO - Sync 1 DAGs
[2023-05-25T04:42:20.949+0000] {logging_mixin.py:137} INFO - [2023-05-25T04:42:20.949+0000] {dag.py:3441} INFO - Setting next_dagrun for example_weekday_branch_operator to 2023-05-24T00:00:00+00:00, run_after=2023-05-25T00:00:00+00:00
[2023-05-25T04:42:21.074+0000] {processor.py:175} INFO - Processing /home/airflow/.local/lib/python3.7/site-packages/airflow/example_dags/example_branch_day_of_week_operator.py took 0.574 seconds
[2023-05-25T04:42:53.234+0000] {processor.py:153} INFO - Started process (PID=149) to work on /home/airflow/.local/lib/python3.7/site-packages/airflow/example_dags/example_branch_day_of_week_operator.py
[2023-05-25T04:42:53.247+0000] {processor.py:743} INFO - Processing file /home/airflow/.local/lib/python3.7/site-packages/airflow/example_dags/example_branch_day_of_week_operator.py for tasks to queue
[2023-05-25T04:42:53.254+0000] {logging_mixin.py:137} INFO - [2023-05-25T04:42:53.252+0000] {dagbag.py:538} INFO - Filling up the DagBag from /home/airflow/.local/lib/python3.7/site-packages/airflow/example_dags/example_branch_day_of_week_operator.py
[2023-05-25T04:42:53.416+0000] {processor.py:753} INFO - DAG(s) dict_keys(['example_weekday_branch_operator']) retrieved from /home/airflow/.local/lib/python3.7/site-packages/airflow/example_dags/example_branch_day_of_week_operator.py
[2023-05-25T04:42:53.560+0000] {logging_mixin.py:137} INFO - [2023-05-25T04:42:53.560+0000] {dag.py:2690} INFO - Sync 1 DAGs
[2023-05-25T04:42:53.686+0000] {logging_mixin.py:137} INFO - [2023-05-25T04:42:53.686+0000] {dag.py:3441} INFO - Setting next_dagrun for example_weekday_branch_operator to 2023-05-24T00:00:00+00:00, run_after=2023-05-25T00:00:00+00:00
[2023-05-25T04:42:53.814+0000] {processor.py:175} INFO - Processing /home/airflow/.local/lib/python3.7/site-packages/airflow/example_dags/example_branch_day_of_week_operator.py took 0.596 seconds
[2023-05-25T04:43:24.080+0000] {processor.py:153} INFO - Started process (PID=200) to work on /home/airflow/.local/lib/python3.7/site-packages/airflow/example_dags/example_branch_day_of_week_operator.py
[2023-05-25T04:43:24.086+0000] {processor.py:743} INFO - Processing file /home/airflow/.local/lib/python3.7/site-packages/airflow/example_dags/example_branch_day_of_week_operator.py for tasks to queue
[2023-05-25T04:43:24.097+0000] {logging_mixin.py:137} INFO - [2023-05-25T04:43:24.096+0000] {dagbag.py:538} INFO - Filling up the DagBag from /home/airflow/.local/lib/python3.7/site-packages/airflow/example_dags/example_branch_day_of_week_operator.py
[2023-05-25T04:43:24.197+0000] {processor.py:753} INFO - DAG(s) dict_keys(['example_weekday_branch_operator']) retrieved from /home/airflow/.local/lib/python3.7/site-packages/airflow/example_dags/example_branch_day_of_week_operator.py
[2023-05-25T04:43:24.294+0000] {logging_mixin.py:137} INFO - [2023-05-25T04:43:24.294+0000] {dag.py:2690} INFO - Sync 1 DAGs
[2023-05-25T04:43:24.386+0000] {logging_mixin.py:137} INFO - [2023-05-25T04:43:24.386+0000] {dag.py:3441} INFO - Setting next_dagrun for example_weekday_branch_operator to 2023-05-24T00:00:00+00:00, run_after=2023-05-25T00:00:00+00:00
[2023-05-25T04:43:24.448+0000] {processor.py:175} INFO - Processing /home/airflow/.local/lib/python3.7/site-packages/airflow/example_dags/example_branch_day_of_week_operator.py took 0.410 seconds
[2023-05-25T04:43:54.656+0000] {processor.py:153} INFO - Started process (PID=259) to work on /home/airflow/.local/lib/python3.7/site-packages/airflow/example_dags/example_branch_day_of_week_operator.py
[2023-05-25T04:43:54.659+0000] {processor.py:743} INFO - Processing file /home/airflow/.local/lib/python3.7/site-packages/airflow/example_dags/example_branch_day_of_week_operator.py for tasks to queue
[2023-05-25T04:43:54.661+0000] {logging_mixin.py:137} INFO - [2023-05-25T04:43:54.661+0000] {dagbag.py:538} INFO - Filling up the DagBag from /home/airflow/.local/lib/python3.7/site-packages/airflow/example_dags/example_branch_day_of_week_operator.py
[2023-05-25T04:43:54.695+0000] {processor.py:753} INFO - DAG(s) dict_keys(['example_weekday_branch_operator']) retrieved from /home/airflow/.local/lib/python3.7/site-packages/airflow/example_dags/example_branch_day_of_week_operator.py
[2023-05-25T04:43:54.715+0000] {logging_mixin.py:137} INFO - [2023-05-25T04:43:54.715+0000] {dag.py:2690} INFO - Sync 1 DAGs
[2023-05-25T04:43:54.760+0000] {logging_mixin.py:137} INFO - [2023-05-25T04:43:54.760+0000] {dag.py:3441} INFO - Setting next_dagrun for example_weekday_branch_operator to 2023-05-24T00:00:00+00:00, run_after=2023-05-25T00:00:00+00:00
[2023-05-25T04:43:54.788+0000] {processor.py:175} INFO - Processing /home/airflow/.local/lib/python3.7/site-packages/airflow/example_dags/example_branch_day_of_week_operator.py took 0.139 seconds
[2023-05-25T04:44:25.608+0000] {processor.py:153} INFO - Started process (PID=330) to work on /home/airflow/.local/lib/python3.7/site-packages/airflow/example_dags/example_branch_day_of_week_operator.py
[2023-05-25T04:44:25.612+0000] {processor.py:743} INFO - Processing file /home/airflow/.local/lib/python3.7/site-packages/airflow/example_dags/example_branch_day_of_week_operator.py for tasks to queue
[2023-05-25T04:44:25.616+0000] {logging_mixin.py:137} INFO - [2023-05-25T04:44:25.615+0000] {dagbag.py:538} INFO - Filling up the DagBag from /home/airflow/.local/lib/python3.7/site-packages/airflow/example_dags/example_branch_day_of_week_operator.py
[2023-05-25T04:44:25.670+0000] {processor.py:753} INFO - DAG(s) dict_keys(['example_weekday_branch_operator']) retrieved from /home/airflow/.local/lib/python3.7/site-packages/airflow/example_dags/example_branch_day_of_week_operator.py
[2023-05-25T04:44:25.713+0000] {logging_mixin.py:137} INFO - [2023-05-25T04:44:25.713+0000] {dag.py:2690} INFO - Sync 1 DAGs
[2023-05-25T04:44:25.751+0000] {logging_mixin.py:137} INFO - [2023-05-25T04:44:25.751+0000] {dag.py:3441} INFO - Setting next_dagrun for example_weekday_branch_operator to 2023-05-24T00:00:00+00:00, run_after=2023-05-25T00:00:00+00:00
[2023-05-25T04:44:25.788+0000] {processor.py:175} INFO - Processing /home/airflow/.local/lib/python3.7/site-packages/airflow/example_dags/example_branch_day_of_week_operator.py took 0.192 seconds
[2023-05-25T04:44:57.058+0000] {processor.py:153} INFO - Started process (PID=390) to work on /home/airflow/.local/lib/python3.7/site-packages/airflow/example_dags/example_branch_day_of_week_operator.py
[2023-05-25T04:44:57.063+0000] {processor.py:743} INFO - Processing file /home/airflow/.local/lib/python3.7/site-packages/airflow/example_dags/example_branch_day_of_week_operator.py for tasks to queue
[2023-05-25T04:44:57.072+0000] {logging_mixin.py:137} INFO - [2023-05-25T04:44:57.072+0000] {dagbag.py:538} INFO - Filling up the DagBag from /home/airflow/.local/lib/python3.7/site-packages/airflow/example_dags/example_branch_day_of_week_operator.py
[2023-05-25T04:44:57.200+0000] {processor.py:753} INFO - DAG(s) dict_keys(['example_weekday_branch_operator']) retrieved from /home/airflow/.local/lib/python3.7/site-packages/airflow/example_dags/example_branch_day_of_week_operator.py
[2023-05-25T04:44:57.424+0000] {logging_mixin.py:137} INFO - [2023-05-25T04:44:57.424+0000] {dag.py:2690} INFO - Sync 1 DAGs
[2023-05-25T04:44:57.556+0000] {logging_mixin.py:137} INFO - [2023-05-25T04:44:57.556+0000] {dag.py:3441} INFO - Setting next_dagrun for example_weekday_branch_operator to 2023-05-24T00:00:00+00:00, run_after=2023-05-25T00:00:00+00:00
[2023-05-25T04:44:57.670+0000] {processor.py:175} INFO - Processing /home/airflow/.local/lib/python3.7/site-packages/airflow/example_dags/example_branch_day_of_week_operator.py took 0.627 seconds
[2023-05-25T04:45:31.479+0000] {processor.py:153} INFO - Started process (PID=458) to work on /home/airflow/.local/lib/python3.7/site-packages/airflow/example_dags/example_branch_day_of_week_operator.py
[2023-05-25T04:45:31.483+0000] {processor.py:743} INFO - Processing file /home/airflow/.local/lib/python3.7/site-packages/airflow/example_dags/example_branch_day_of_week_operator.py for tasks to queue
[2023-05-25T04:45:31.491+0000] {logging_mixin.py:137} INFO - [2023-05-25T04:45:31.491+0000] {dagbag.py:538} INFO - Filling up the DagBag from /home/airflow/.local/lib/python3.7/site-packages/airflow/example_dags/example_branch_day_of_week_operator.py
[2023-05-25T04:45:31.687+0000] {processor.py:753} INFO - DAG(s) dict_keys(['example_weekday_branch_operator']) retrieved from /home/airflow/.local/lib/python3.7/site-packages/airflow/example_dags/example_branch_day_of_week_operator.py
[2023-05-25T04:45:31.943+0000] {logging_mixin.py:137} INFO - [2023-05-25T04:45:31.943+0000] {dag.py:2690} INFO - Sync 1 DAGs
[2023-05-25T04:45:32.135+0000] {logging_mixin.py:137} INFO - [2023-05-25T04:45:32.135+0000] {dag.py:3441} INFO - Setting next_dagrun for example_weekday_branch_operator to 2023-05-24T00:00:00+00:00, run_after=2023-05-25T00:00:00+00:00
[2023-05-25T04:45:32.210+0000] {processor.py:175} INFO - Processing /home/airflow/.local/lib/python3.7/site-packages/airflow/example_dags/example_branch_day_of_week_operator.py took 0.766 seconds
[2023-05-25T04:46:02.348+0000] {processor.py:153} INFO - Started process (PID=512) to work on /home/airflow/.local/lib/python3.7/site-packages/airflow/example_dags/example_branch_day_of_week_operator.py
[2023-05-25T04:46:02.352+0000] {processor.py:743} INFO - Processing file /home/airflow/.local/lib/python3.7/site-packages/airflow/example_dags/example_branch_day_of_week_operator.py for tasks to queue
[2023-05-25T04:46:02.354+0000] {logging_mixin.py:137} INFO - [2023-05-25T04:46:02.354+0000] {dagbag.py:538} INFO - Filling up the DagBag from /home/airflow/.local/lib/python3.7/site-packages/airflow/example_dags/example_branch_day_of_week_operator.py
[2023-05-25T04:46:02.381+0000] {processor.py:753} INFO - DAG(s) dict_keys(['example_weekday_branch_operator']) retrieved from /home/airflow/.local/lib/python3.7/site-packages/airflow/example_dags/example_branch_day_of_week_operator.py
[2023-05-25T04:46:02.423+0000] {logging_mixin.py:137} INFO - [2023-05-25T04:46:02.422+0000] {dag.py:2690} INFO - Sync 1 DAGs
[2023-05-25T04:46:02.464+0000] {logging_mixin.py:137} INFO - [2023-05-25T04:46:02.464+0000] {dag.py:3441} INFO - Setting next_dagrun for example_weekday_branch_operator to 2023-05-24T00:00:00+00:00, run_after=2023-05-25T00:00:00+00:00
[2023-05-25T04:46:02.503+0000] {processor.py:175} INFO - Processing /home/airflow/.local/lib/python3.7/site-packages/airflow/example_dags/example_branch_day_of_week_operator.py took 0.159 seconds
[2023-05-25T04:46:33.075+0000] {processor.py:153} INFO - Started process (PID=583) to work on /home/airflow/.local/lib/python3.7/site-packages/airflow/example_dags/example_branch_day_of_week_operator.py
[2023-05-25T04:46:33.080+0000] {processor.py:743} INFO - Processing file /home/airflow/.local/lib/python3.7/site-packages/airflow/example_dags/example_branch_day_of_week_operator.py for tasks to queue
[2023-05-25T04:46:33.084+0000] {logging_mixin.py:137} INFO - [2023-05-25T04:46:33.084+0000] {dagbag.py:538} INFO - Filling up the DagBag from /home/airflow/.local/lib/python3.7/site-packages/airflow/example_dags/example_branch_day_of_week_operator.py
[2023-05-25T04:46:33.163+0000] {processor.py:753} INFO - DAG(s) dict_keys(['example_weekday_branch_operator']) retrieved from /home/airflow/.local/lib/python3.7/site-packages/airflow/example_dags/example_branch_day_of_week_operator.py
[2023-05-25T04:46:33.360+0000] {logging_mixin.py:137} INFO - [2023-05-25T04:46:33.359+0000] {dag.py:2690} INFO - Sync 1 DAGs
[2023-05-25T04:46:33.547+0000] {logging_mixin.py:137} INFO - [2023-05-25T04:46:33.547+0000] {dag.py:3441} INFO - Setting next_dagrun for example_weekday_branch_operator to 2023-05-24T00:00:00+00:00, run_after=2023-05-25T00:00:00+00:00
[2023-05-25T04:46:33.893+0000] {processor.py:175} INFO - Processing /home/airflow/.local/lib/python3.7/site-packages/airflow/example_dags/example_branch_day_of_week_operator.py took 0.850 seconds
[2023-05-25T04:47:44.239+0000] {processor.py:153} INFO - Started process (PID=689) to work on /home/airflow/.local/lib/python3.7/site-packages/airflow/example_dags/example_branch_day_of_week_operator.py
[2023-05-25T04:47:44.247+0000] {processor.py:743} INFO - Processing file /home/airflow/.local/lib/python3.7/site-packages/airflow/example_dags/example_branch_day_of_week_operator.py for tasks to queue
[2023-05-25T04:47:44.252+0000] {logging_mixin.py:137} INFO - [2023-05-25T04:47:44.252+0000] {dagbag.py:538} INFO - Filling up the DagBag from /home/airflow/.local/lib/python3.7/site-packages/airflow/example_dags/example_branch_day_of_week_operator.py
[2023-05-25T04:47:44.330+0000] {processor.py:753} INFO - DAG(s) dict_keys(['example_weekday_branch_operator']) retrieved from /home/airflow/.local/lib/python3.7/site-packages/airflow/example_dags/example_branch_day_of_week_operator.py
[2023-05-25T04:47:44.451+0000] {logging_mixin.py:137} INFO - [2023-05-25T04:47:44.449+0000] {dag.py:2690} INFO - Sync 1 DAGs
[2023-05-25T04:47:44.520+0000] {logging_mixin.py:137} INFO - [2023-05-25T04:47:44.520+0000] {dag.py:3441} INFO - Setting next_dagrun for example_weekday_branch_operator to 2023-05-24T00:00:00+00:00, run_after=2023-05-25T00:00:00+00:00
[2023-05-25T04:47:44.587+0000] {processor.py:175} INFO - Processing /home/airflow/.local/lib/python3.7/site-packages/airflow/example_dags/example_branch_day_of_week_operator.py took 0.352 seconds
[2023-05-25T04:48:15.464+0000] {processor.py:153} INFO - Started process (PID=749) to work on /home/airflow/.local/lib/python3.7/site-packages/airflow/example_dags/example_branch_day_of_week_operator.py
[2023-05-25T04:48:15.466+0000] {processor.py:743} INFO - Processing file /home/airflow/.local/lib/python3.7/site-packages/airflow/example_dags/example_branch_day_of_week_operator.py for tasks to queue
[2023-05-25T04:48:15.469+0000] {logging_mixin.py:137} INFO - [2023-05-25T04:48:15.469+0000] {dagbag.py:538} INFO - Filling up the DagBag from /home/airflow/.local/lib/python3.7/site-packages/airflow/example_dags/example_branch_day_of_week_operator.py
[2023-05-25T04:48:15.498+0000] {processor.py:753} INFO - DAG(s) dict_keys(['example_weekday_branch_operator']) retrieved from /home/airflow/.local/lib/python3.7/site-packages/airflow/example_dags/example_branch_day_of_week_operator.py
[2023-05-25T04:48:15.540+0000] {logging_mixin.py:137} INFO - [2023-05-25T04:48:15.540+0000] {dag.py:2690} INFO - Sync 1 DAGs
[2023-05-25T04:48:15.582+0000] {logging_mixin.py:137} INFO - [2023-05-25T04:48:15.582+0000] {dag.py:3441} INFO - Setting next_dagrun for example_weekday_branch_operator to 2023-05-24T00:00:00+00:00, run_after=2023-05-25T00:00:00+00:00
[2023-05-25T04:48:15.630+0000] {processor.py:175} INFO - Processing /home/airflow/.local/lib/python3.7/site-packages/airflow/example_dags/example_branch_day_of_week_operator.py took 0.173 seconds
[2023-05-25T04:48:47.143+0000] {processor.py:153} INFO - Started process (PID=813) to work on /home/airflow/.local/lib/python3.7/site-packages/airflow/example_dags/example_branch_day_of_week_operator.py
[2023-05-25T04:48:47.152+0000] {processor.py:743} INFO - Processing file /home/airflow/.local/lib/python3.7/site-packages/airflow/example_dags/example_branch_day_of_week_operator.py for tasks to queue
[2023-05-25T04:48:47.153+0000] {logging_mixin.py:137} INFO - [2023-05-25T04:48:47.153+0000] {dagbag.py:538} INFO - Filling up the DagBag from /home/airflow/.local/lib/python3.7/site-packages/airflow/example_dags/example_branch_day_of_week_operator.py
[2023-05-25T04:48:47.204+0000] {processor.py:753} INFO - DAG(s) dict_keys(['example_weekday_branch_operator']) retrieved from /home/airflow/.local/lib/python3.7/site-packages/airflow/example_dags/example_branch_day_of_week_operator.py
[2023-05-25T04:48:47.269+0000] {logging_mixin.py:137} INFO - [2023-05-25T04:48:47.268+0000] {dag.py:2690} INFO - Sync 1 DAGs
[2023-05-25T04:48:47.362+0000] {logging_mixin.py:137} INFO - [2023-05-25T04:48:47.362+0000] {dag.py:3441} INFO - Setting next_dagrun for example_weekday_branch_operator to 2023-05-24T00:00:00+00:00, run_after=2023-05-25T00:00:00+00:00
[2023-05-25T04:48:47.417+0000] {processor.py:175} INFO - Processing /home/airflow/.local/lib/python3.7/site-packages/airflow/example_dags/example_branch_day_of_week_operator.py took 0.280 seconds
[2023-05-25T04:49:17.825+0000] {processor.py:153} INFO - Started process (PID=881) to work on /home/airflow/.local/lib/python3.7/site-packages/airflow/example_dags/example_branch_day_of_week_operator.py
[2023-05-25T04:49:17.828+0000] {processor.py:743} INFO - Processing file /home/airflow/.local/lib/python3.7/site-packages/airflow/example_dags/example_branch_day_of_week_operator.py for tasks to queue
[2023-05-25T04:49:17.833+0000] {logging_mixin.py:137} INFO - [2023-05-25T04:49:17.832+0000] {dagbag.py:538} INFO - Filling up the DagBag from /home/airflow/.local/lib/python3.7/site-packages/airflow/example_dags/example_branch_day_of_week_operator.py
[2023-05-25T04:49:17.903+0000] {processor.py:753} INFO - DAG(s) dict_keys(['example_weekday_branch_operator']) retrieved from /home/airflow/.local/lib/python3.7/site-packages/airflow/example_dags/example_branch_day_of_week_operator.py
[2023-05-25T04:49:17.978+0000] {logging_mixin.py:137} INFO - [2023-05-25T04:49:17.978+0000] {dag.py:2690} INFO - Sync 1 DAGs
[2023-05-25T04:49:18.049+0000] {logging_mixin.py:137} INFO - [2023-05-25T04:49:18.049+0000] {dag.py:3441} INFO - Setting next_dagrun for example_weekday_branch_operator to 2023-05-24T00:00:00+00:00, run_after=2023-05-25T00:00:00+00:00
[2023-05-25T04:49:18.091+0000] {processor.py:175} INFO - Processing /home/airflow/.local/lib/python3.7/site-packages/airflow/example_dags/example_branch_day_of_week_operator.py took 0.276 seconds
[2023-05-25T04:49:48.474+0000] {processor.py:153} INFO - Started process (PID=944) to work on /home/airflow/.local/lib/python3.7/site-packages/airflow/example_dags/example_branch_day_of_week_operator.py
[2023-05-25T04:49:48.478+0000] {processor.py:743} INFO - Processing file /home/airflow/.local/lib/python3.7/site-packages/airflow/example_dags/example_branch_day_of_week_operator.py for tasks to queue
[2023-05-25T04:49:48.488+0000] {logging_mixin.py:137} INFO - [2023-05-25T04:49:48.487+0000] {dagbag.py:538} INFO - Filling up the DagBag from /home/airflow/.local/lib/python3.7/site-packages/airflow/example_dags/example_branch_day_of_week_operator.py
[2023-05-25T04:49:48.525+0000] {processor.py:753} INFO - DAG(s) dict_keys(['example_weekday_branch_operator']) retrieved from /home/airflow/.local/lib/python3.7/site-packages/airflow/example_dags/example_branch_day_of_week_operator.py
[2023-05-25T04:49:48.580+0000] {logging_mixin.py:137} INFO - [2023-05-25T04:49:48.580+0000] {dag.py:2690} INFO - Sync 1 DAGs
[2023-05-25T04:49:48.635+0000] {logging_mixin.py:137} INFO - [2023-05-25T04:49:48.635+0000] {dag.py:3441} INFO - Setting next_dagrun for example_weekday_branch_operator to 2023-05-24T00:00:00+00:00, run_after=2023-05-25T00:00:00+00:00
[2023-05-25T04:49:48.686+0000] {processor.py:175} INFO - Processing /home/airflow/.local/lib/python3.7/site-packages/airflow/example_dags/example_branch_day_of_week_operator.py took 0.228 seconds
[2023-05-25T04:50:19.546+0000] {processor.py:153} INFO - Started process (PID=1005) to work on /home/airflow/.local/lib/python3.7/site-packages/airflow/example_dags/example_branch_day_of_week_operator.py
[2023-05-25T04:50:19.564+0000] {processor.py:743} INFO - Processing file /home/airflow/.local/lib/python3.7/site-packages/airflow/example_dags/example_branch_day_of_week_operator.py for tasks to queue
[2023-05-25T04:50:19.572+0000] {logging_mixin.py:137} INFO - [2023-05-25T04:50:19.571+0000] {dagbag.py:538} INFO - Filling up the DagBag from /home/airflow/.local/lib/python3.7/site-packages/airflow/example_dags/example_branch_day_of_week_operator.py
[2023-05-25T04:50:19.640+0000] {processor.py:753} INFO - DAG(s) dict_keys(['example_weekday_branch_operator']) retrieved from /home/airflow/.local/lib/python3.7/site-packages/airflow/example_dags/example_branch_day_of_week_operator.py
[2023-05-25T04:50:19.752+0000] {logging_mixin.py:137} INFO - [2023-05-25T04:50:19.752+0000] {dag.py:2690} INFO - Sync 1 DAGs
[2023-05-25T04:50:19.887+0000] {logging_mixin.py:137} INFO - [2023-05-25T04:50:19.887+0000] {dag.py:3441} INFO - Setting next_dagrun for example_weekday_branch_operator to 2023-05-24T00:00:00+00:00, run_after=2023-05-25T00:00:00+00:00
[2023-05-25T04:50:20.021+0000] {processor.py:175} INFO - Processing /home/airflow/.local/lib/python3.7/site-packages/airflow/example_dags/example_branch_day_of_week_operator.py took 0.479 seconds
[2023-05-25T04:50:51.666+0000] {processor.py:153} INFO - Started process (PID=1063) to work on /home/airflow/.local/lib/python3.7/site-packages/airflow/example_dags/example_branch_day_of_week_operator.py
[2023-05-25T04:50:51.675+0000] {processor.py:743} INFO - Processing file /home/airflow/.local/lib/python3.7/site-packages/airflow/example_dags/example_branch_day_of_week_operator.py for tasks to queue
[2023-05-25T04:50:51.678+0000] {logging_mixin.py:137} INFO - [2023-05-25T04:50:51.678+0000] {dagbag.py:538} INFO - Filling up the DagBag from /home/airflow/.local/lib/python3.7/site-packages/airflow/example_dags/example_branch_day_of_week_operator.py
[2023-05-25T04:50:51.740+0000] {processor.py:753} INFO - DAG(s) dict_keys(['example_weekday_branch_operator']) retrieved from /home/airflow/.local/lib/python3.7/site-packages/airflow/example_dags/example_branch_day_of_week_operator.py
[2023-05-25T04:50:51.856+0000] {logging_mixin.py:137} INFO - [2023-05-25T04:50:51.856+0000] {dag.py:2690} INFO - Sync 1 DAGs
[2023-05-25T04:50:52.184+0000] {logging_mixin.py:137} INFO - [2023-05-25T04:50:52.184+0000] {dag.py:3441} INFO - Setting next_dagrun for example_weekday_branch_operator to 2023-05-24T00:00:00+00:00, run_after=2023-05-25T00:00:00+00:00
[2023-05-25T04:50:52.531+0000] {processor.py:175} INFO - Processing /home/airflow/.local/lib/python3.7/site-packages/airflow/example_dags/example_branch_day_of_week_operator.py took 0.875 seconds
[2023-05-25T04:51:23.380+0000] {processor.py:153} INFO - Started process (PID=1116) to work on /home/airflow/.local/lib/python3.7/site-packages/airflow/example_dags/example_branch_day_of_week_operator.py
[2023-05-25T04:51:23.387+0000] {processor.py:743} INFO - Processing file /home/airflow/.local/lib/python3.7/site-packages/airflow/example_dags/example_branch_day_of_week_operator.py for tasks to queue
[2023-05-25T04:51:23.389+0000] {logging_mixin.py:137} INFO - [2023-05-25T04:51:23.389+0000] {dagbag.py:538} INFO - Filling up the DagBag from /home/airflow/.local/lib/python3.7/site-packages/airflow/example_dags/example_branch_day_of_week_operator.py
[2023-05-25T04:51:23.438+0000] {processor.py:753} INFO - DAG(s) dict_keys(['example_weekday_branch_operator']) retrieved from /home/airflow/.local/lib/python3.7/site-packages/airflow/example_dags/example_branch_day_of_week_operator.py
[2023-05-25T04:51:23.535+0000] {logging_mixin.py:137} INFO - [2023-05-25T04:51:23.534+0000] {dag.py:2690} INFO - Sync 1 DAGs
[2023-05-25T04:51:23.627+0000] {logging_mixin.py:137} INFO - [2023-05-25T04:51:23.627+0000] {dag.py:3441} INFO - Setting next_dagrun for example_weekday_branch_operator to 2023-05-24T00:00:00+00:00, run_after=2023-05-25T00:00:00+00:00
[2023-05-25T04:51:23.681+0000] {processor.py:175} INFO - Processing /home/airflow/.local/lib/python3.7/site-packages/airflow/example_dags/example_branch_day_of_week_operator.py took 0.313 seconds
[2023-05-25T04:51:59.322+0000] {processor.py:153} INFO - Started process (PID=1175) to work on /home/airflow/.local/lib/python3.7/site-packages/airflow/example_dags/example_branch_day_of_week_operator.py
[2023-05-25T04:51:59.329+0000] {processor.py:743} INFO - Processing file /home/airflow/.local/lib/python3.7/site-packages/airflow/example_dags/example_branch_day_of_week_operator.py for tasks to queue
[2023-05-25T04:51:59.338+0000] {logging_mixin.py:137} INFO - [2023-05-25T04:51:59.337+0000] {dagbag.py:538} INFO - Filling up the DagBag from /home/airflow/.local/lib/python3.7/site-packages/airflow/example_dags/example_branch_day_of_week_operator.py
[2023-05-25T04:51:59.497+0000] {processor.py:753} INFO - DAG(s) dict_keys(['example_weekday_branch_operator']) retrieved from /home/airflow/.local/lib/python3.7/site-packages/airflow/example_dags/example_branch_day_of_week_operator.py
[2023-05-25T04:51:59.684+0000] {logging_mixin.py:137} INFO - [2023-05-25T04:51:59.684+0000] {dag.py:2690} INFO - Sync 1 DAGs
[2023-05-25T04:51:59.825+0000] {logging_mixin.py:137} INFO - [2023-05-25T04:51:59.825+0000] {dag.py:3441} INFO - Setting next_dagrun for example_weekday_branch_operator to 2023-05-24T00:00:00+00:00, run_after=2023-05-25T00:00:00+00:00
[2023-05-25T04:51:59.907+0000] {processor.py:175} INFO - Processing /home/airflow/.local/lib/python3.7/site-packages/airflow/example_dags/example_branch_day_of_week_operator.py took 0.638 seconds
[2023-05-25T04:52:31.313+0000] {processor.py:153} INFO - Started process (PID=1234) to work on /home/airflow/.local/lib/python3.7/site-packages/airflow/example_dags/example_branch_day_of_week_operator.py
[2023-05-25T04:52:31.316+0000] {processor.py:743} INFO - Processing file /home/airflow/.local/lib/python3.7/site-packages/airflow/example_dags/example_branch_day_of_week_operator.py for tasks to queue
[2023-05-25T04:52:31.318+0000] {logging_mixin.py:137} INFO - [2023-05-25T04:52:31.318+0000] {dagbag.py:538} INFO - Filling up the DagBag from /home/airflow/.local/lib/python3.7/site-packages/airflow/example_dags/example_branch_day_of_week_operator.py
[2023-05-25T04:52:31.373+0000] {processor.py:753} INFO - DAG(s) dict_keys(['example_weekday_branch_operator']) retrieved from /home/airflow/.local/lib/python3.7/site-packages/airflow/example_dags/example_branch_day_of_week_operator.py
[2023-05-25T04:52:31.529+0000] {logging_mixin.py:137} INFO - [2023-05-25T04:52:31.529+0000] {dag.py:2690} INFO - Sync 1 DAGs
[2023-05-25T04:52:31.812+0000] {logging_mixin.py:137} INFO - [2023-05-25T04:52:31.812+0000] {dag.py:3441} INFO - Setting next_dagrun for example_weekday_branch_operator to 2023-05-24T00:00:00+00:00, run_after=2023-05-25T00:00:00+00:00
[2023-05-25T04:52:32.003+0000] {processor.py:175} INFO - Processing /home/airflow/.local/lib/python3.7/site-packages/airflow/example_dags/example_branch_day_of_week_operator.py took 0.702 seconds
[2023-05-25T04:53:02.627+0000] {processor.py:153} INFO - Started process (PID=1295) to work on /home/airflow/.local/lib/python3.7/site-packages/airflow/example_dags/example_branch_day_of_week_operator.py
[2023-05-25T04:53:02.630+0000] {processor.py:743} INFO - Processing file /home/airflow/.local/lib/python3.7/site-packages/airflow/example_dags/example_branch_day_of_week_operator.py for tasks to queue
[2023-05-25T04:53:02.635+0000] {logging_mixin.py:137} INFO - [2023-05-25T04:53:02.634+0000] {dagbag.py:538} INFO - Filling up the DagBag from /home/airflow/.local/lib/python3.7/site-packages/airflow/example_dags/example_branch_day_of_week_operator.py
[2023-05-25T04:53:02.682+0000] {processor.py:753} INFO - DAG(s) dict_keys(['example_weekday_branch_operator']) retrieved from /home/airflow/.local/lib/python3.7/site-packages/airflow/example_dags/example_branch_day_of_week_operator.py
[2023-05-25T04:53:02.744+0000] {logging_mixin.py:137} INFO - [2023-05-25T04:53:02.744+0000] {dag.py:2690} INFO - Sync 1 DAGs
[2023-05-25T04:53:02.784+0000] {logging_mixin.py:137} INFO - [2023-05-25T04:53:02.784+0000] {dag.py:3441} INFO - Setting next_dagrun for example_weekday_branch_operator to 2023-05-24T00:00:00+00:00, run_after=2023-05-25T00:00:00+00:00
[2023-05-25T04:53:02.834+0000] {processor.py:175} INFO - Processing /home/airflow/.local/lib/python3.7/site-packages/airflow/example_dags/example_branch_day_of_week_operator.py took 0.216 seconds
[2023-05-25T04:53:33.440+0000] {processor.py:153} INFO - Started process (PID=1356) to work on /home/airflow/.local/lib/python3.7/site-packages/airflow/example_dags/example_branch_day_of_week_operator.py
[2023-05-25T04:53:33.443+0000] {processor.py:743} INFO - Processing file /home/airflow/.local/lib/python3.7/site-packages/airflow/example_dags/example_branch_day_of_week_operator.py for tasks to queue
[2023-05-25T04:53:33.445+0000] {logging_mixin.py:137} INFO - [2023-05-25T04:53:33.445+0000] {dagbag.py:538} INFO - Filling up the DagBag from /home/airflow/.local/lib/python3.7/site-packages/airflow/example_dags/example_branch_day_of_week_operator.py
[2023-05-25T04:53:33.470+0000] {processor.py:753} INFO - DAG(s) dict_keys(['example_weekday_branch_operator']) retrieved from /home/airflow/.local/lib/python3.7/site-packages/airflow/example_dags/example_branch_day_of_week_operator.py
[2023-05-25T04:53:33.509+0000] {logging_mixin.py:137} INFO - [2023-05-25T04:53:33.508+0000] {dag.py:2690} INFO - Sync 1 DAGs
[2023-05-25T04:53:33.555+0000] {logging_mixin.py:137} INFO - [2023-05-25T04:53:33.555+0000] {dag.py:3441} INFO - Setting next_dagrun for example_weekday_branch_operator to 2023-05-24T00:00:00+00:00, run_after=2023-05-25T00:00:00+00:00
[2023-05-25T04:53:33.589+0000] {processor.py:175} INFO - Processing /home/airflow/.local/lib/python3.7/site-packages/airflow/example_dags/example_branch_day_of_week_operator.py took 0.154 seconds
[2023-05-25T04:54:04.437+0000] {processor.py:153} INFO - Started process (PID=1415) to work on /home/airflow/.local/lib/python3.7/site-packages/airflow/example_dags/example_branch_day_of_week_operator.py
[2023-05-25T04:54:04.461+0000] {processor.py:743} INFO - Processing file /home/airflow/.local/lib/python3.7/site-packages/airflow/example_dags/example_branch_day_of_week_operator.py for tasks to queue
[2023-05-25T04:54:04.464+0000] {logging_mixin.py:137} INFO - [2023-05-25T04:54:04.463+0000] {dagbag.py:538} INFO - Filling up the DagBag from /home/airflow/.local/lib/python3.7/site-packages/airflow/example_dags/example_branch_day_of_week_operator.py
[2023-05-25T04:54:04.538+0000] {processor.py:753} INFO - DAG(s) dict_keys(['example_weekday_branch_operator']) retrieved from /home/airflow/.local/lib/python3.7/site-packages/airflow/example_dags/example_branch_day_of_week_operator.py
[2023-05-25T04:54:04.693+0000] {logging_mixin.py:137} INFO - [2023-05-25T04:54:04.693+0000] {dag.py:2690} INFO - Sync 1 DAGs
[2023-05-25T04:54:04.771+0000] {logging_mixin.py:137} INFO - [2023-05-25T04:54:04.771+0000] {dag.py:3441} INFO - Setting next_dagrun for example_weekday_branch_operator to 2023-05-24T00:00:00+00:00, run_after=2023-05-25T00:00:00+00:00
[2023-05-25T04:54:04.845+0000] {processor.py:175} INFO - Processing /home/airflow/.local/lib/python3.7/site-packages/airflow/example_dags/example_branch_day_of_week_operator.py took 0.427 seconds
[2023-05-25T04:54:35.605+0000] {processor.py:153} INFO - Started process (PID=1474) to work on /home/airflow/.local/lib/python3.7/site-packages/airflow/example_dags/example_branch_day_of_week_operator.py
[2023-05-25T04:54:35.630+0000] {processor.py:743} INFO - Processing file /home/airflow/.local/lib/python3.7/site-packages/airflow/example_dags/example_branch_day_of_week_operator.py for tasks to queue
[2023-05-25T04:54:35.659+0000] {logging_mixin.py:137} INFO - [2023-05-25T04:54:35.633+0000] {dagbag.py:538} INFO - Filling up the DagBag from /home/airflow/.local/lib/python3.7/site-packages/airflow/example_dags/example_branch_day_of_week_operator.py
[2023-05-25T04:54:36.010+0000] {processor.py:753} INFO - DAG(s) dict_keys(['example_weekday_branch_operator']) retrieved from /home/airflow/.local/lib/python3.7/site-packages/airflow/example_dags/example_branch_day_of_week_operator.py
[2023-05-25T04:54:36.378+0000] {logging_mixin.py:137} INFO - [2023-05-25T04:54:36.377+0000] {dag.py:2690} INFO - Sync 1 DAGs
[2023-05-25T04:54:36.755+0000] {logging_mixin.py:137} INFO - [2023-05-25T04:54:36.754+0000] {dag.py:3441} INFO - Setting next_dagrun for example_weekday_branch_operator to 2023-05-24T00:00:00+00:00, run_after=2023-05-25T00:00:00+00:00
[2023-05-25T04:54:36.871+0000] {processor.py:175} INFO - Processing /home/airflow/.local/lib/python3.7/site-packages/airflow/example_dags/example_branch_day_of_week_operator.py took 1.302 seconds
[2023-05-25T04:55:07.790+0000] {processor.py:153} INFO - Started process (PID=1525) to work on /home/airflow/.local/lib/python3.7/site-packages/airflow/example_dags/example_branch_day_of_week_operator.py
[2023-05-25T04:55:07.810+0000] {processor.py:743} INFO - Processing file /home/airflow/.local/lib/python3.7/site-packages/airflow/example_dags/example_branch_day_of_week_operator.py for tasks to queue
[2023-05-25T04:55:07.812+0000] {logging_mixin.py:137} INFO - [2023-05-25T04:55:07.812+0000] {dagbag.py:538} INFO - Filling up the DagBag from /home/airflow/.local/lib/python3.7/site-packages/airflow/example_dags/example_branch_day_of_week_operator.py
[2023-05-25T04:55:07.914+0000] {processor.py:753} INFO - DAG(s) dict_keys(['example_weekday_branch_operator']) retrieved from /home/airflow/.local/lib/python3.7/site-packages/airflow/example_dags/example_branch_day_of_week_operator.py
[2023-05-25T04:55:08.258+0000] {logging_mixin.py:137} INFO - [2023-05-25T04:55:08.257+0000] {dag.py:2690} INFO - Sync 1 DAGs
[2023-05-25T04:55:08.428+0000] {logging_mixin.py:137} INFO - [2023-05-25T04:55:08.428+0000] {dag.py:3441} INFO - Setting next_dagrun for example_weekday_branch_operator to 2023-05-24T00:00:00+00:00, run_after=2023-05-25T00:00:00+00:00
[2023-05-25T04:55:08.533+0000] {processor.py:175} INFO - Processing /home/airflow/.local/lib/python3.7/site-packages/airflow/example_dags/example_branch_day_of_week_operator.py took 0.775 seconds
[2023-05-25T04:55:38.736+0000] {processor.py:153} INFO - Started process (PID=1586) to work on /home/airflow/.local/lib/python3.7/site-packages/airflow/example_dags/example_branch_day_of_week_operator.py
[2023-05-25T04:55:38.741+0000] {processor.py:743} INFO - Processing file /home/airflow/.local/lib/python3.7/site-packages/airflow/example_dags/example_branch_day_of_week_operator.py for tasks to queue
[2023-05-25T04:55:38.743+0000] {logging_mixin.py:137} INFO - [2023-05-25T04:55:38.743+0000] {dagbag.py:538} INFO - Filling up the DagBag from /home/airflow/.local/lib/python3.7/site-packages/airflow/example_dags/example_branch_day_of_week_operator.py
[2023-05-25T04:55:38.798+0000] {processor.py:753} INFO - DAG(s) dict_keys(['example_weekday_branch_operator']) retrieved from /home/airflow/.local/lib/python3.7/site-packages/airflow/example_dags/example_branch_day_of_week_operator.py
[2023-05-25T04:55:38.883+0000] {logging_mixin.py:137} INFO - [2023-05-25T04:55:38.883+0000] {dag.py:2690} INFO - Sync 1 DAGs
[2023-05-25T04:55:38.961+0000] {logging_mixin.py:137} INFO - [2023-05-25T04:55:38.961+0000] {dag.py:3441} INFO - Setting next_dagrun for example_weekday_branch_operator to 2023-05-24T00:00:00+00:00, run_after=2023-05-25T00:00:00+00:00
[2023-05-25T04:55:39.015+0000] {processor.py:175} INFO - Processing /home/airflow/.local/lib/python3.7/site-packages/airflow/example_dags/example_branch_day_of_week_operator.py took 0.317 seconds
[2023-05-25T04:56:09.503+0000] {processor.py:153} INFO - Started process (PID=1651) to work on /home/airflow/.local/lib/python3.7/site-packages/airflow/example_dags/example_branch_day_of_week_operator.py
[2023-05-25T04:56:09.516+0000] {processor.py:743} INFO - Processing file /home/airflow/.local/lib/python3.7/site-packages/airflow/example_dags/example_branch_day_of_week_operator.py for tasks to queue
[2023-05-25T04:56:09.523+0000] {logging_mixin.py:137} INFO - [2023-05-25T04:56:09.523+0000] {dagbag.py:538} INFO - Filling up the DagBag from /home/airflow/.local/lib/python3.7/site-packages/airflow/example_dags/example_branch_day_of_week_operator.py
[2023-05-25T04:56:09.578+0000] {processor.py:753} INFO - DAG(s) dict_keys(['example_weekday_branch_operator']) retrieved from /home/airflow/.local/lib/python3.7/site-packages/airflow/example_dags/example_branch_day_of_week_operator.py
[2023-05-25T04:56:09.655+0000] {logging_mixin.py:137} INFO - [2023-05-25T04:56:09.655+0000] {dag.py:2690} INFO - Sync 1 DAGs
[2023-05-25T04:56:09.738+0000] {logging_mixin.py:137} INFO - [2023-05-25T04:56:09.738+0000] {dag.py:3441} INFO - Setting next_dagrun for example_weekday_branch_operator to 2023-05-24T00:00:00+00:00, run_after=2023-05-25T00:00:00+00:00
[2023-05-25T04:56:09.796+0000] {processor.py:175} INFO - Processing /home/airflow/.local/lib/python3.7/site-packages/airflow/example_dags/example_branch_day_of_week_operator.py took 0.301 seconds
[2023-05-25T04:56:40.247+0000] {processor.py:153} INFO - Started process (PID=1714) to work on /home/airflow/.local/lib/python3.7/site-packages/airflow/example_dags/example_branch_day_of_week_operator.py
[2023-05-25T04:56:40.257+0000] {processor.py:743} INFO - Processing file /home/airflow/.local/lib/python3.7/site-packages/airflow/example_dags/example_branch_day_of_week_operator.py for tasks to queue
[2023-05-25T04:56:40.262+0000] {logging_mixin.py:137} INFO - [2023-05-25T04:56:40.261+0000] {dagbag.py:538} INFO - Filling up the DagBag from /home/airflow/.local/lib/python3.7/site-packages/airflow/example_dags/example_branch_day_of_week_operator.py
[2023-05-25T04:56:40.314+0000] {processor.py:753} INFO - DAG(s) dict_keys(['example_weekday_branch_operator']) retrieved from /home/airflow/.local/lib/python3.7/site-packages/airflow/example_dags/example_branch_day_of_week_operator.py
[2023-05-25T04:56:40.390+0000] {logging_mixin.py:137} INFO - [2023-05-25T04:56:40.389+0000] {dag.py:2690} INFO - Sync 1 DAGs
[2023-05-25T04:56:40.499+0000] {logging_mixin.py:137} INFO - [2023-05-25T04:56:40.499+0000] {dag.py:3441} INFO - Setting next_dagrun for example_weekday_branch_operator to 2023-05-24T00:00:00+00:00, run_after=2023-05-25T00:00:00+00:00
[2023-05-25T04:56:40.610+0000] {processor.py:175} INFO - Processing /home/airflow/.local/lib/python3.7/site-packages/airflow/example_dags/example_branch_day_of_week_operator.py took 0.372 seconds
[2023-05-25T04:57:11.121+0000] {processor.py:153} INFO - Started process (PID=1775) to work on /home/airflow/.local/lib/python3.7/site-packages/airflow/example_dags/example_branch_day_of_week_operator.py
[2023-05-25T04:57:11.125+0000] {processor.py:743} INFO - Processing file /home/airflow/.local/lib/python3.7/site-packages/airflow/example_dags/example_branch_day_of_week_operator.py for tasks to queue
[2023-05-25T04:57:11.133+0000] {logging_mixin.py:137} INFO - [2023-05-25T04:57:11.132+0000] {dagbag.py:538} INFO - Filling up the DagBag from /home/airflow/.local/lib/python3.7/site-packages/airflow/example_dags/example_branch_day_of_week_operator.py
[2023-05-25T04:57:11.224+0000] {processor.py:753} INFO - DAG(s) dict_keys(['example_weekday_branch_operator']) retrieved from /home/airflow/.local/lib/python3.7/site-packages/airflow/example_dags/example_branch_day_of_week_operator.py
[2023-05-25T04:57:11.507+0000] {logging_mixin.py:137} INFO - [2023-05-25T04:57:11.506+0000] {dag.py:2690} INFO - Sync 1 DAGs
[2023-05-25T04:57:11.752+0000] {logging_mixin.py:137} INFO - [2023-05-25T04:57:11.721+0000] {dag.py:3441} INFO - Setting next_dagrun for example_weekday_branch_operator to 2023-05-24T00:00:00+00:00, run_after=2023-05-25T00:00:00+00:00
[2023-05-25T04:57:11.864+0000] {processor.py:175} INFO - Processing /home/airflow/.local/lib/python3.7/site-packages/airflow/example_dags/example_branch_day_of_week_operator.py took 0.751 seconds
[2023-05-25T04:57:43.841+0000] {processor.py:153} INFO - Started process (PID=1835) to work on /home/airflow/.local/lib/python3.7/site-packages/airflow/example_dags/example_branch_day_of_week_operator.py
[2023-05-25T04:57:43.854+0000] {processor.py:743} INFO - Processing file /home/airflow/.local/lib/python3.7/site-packages/airflow/example_dags/example_branch_day_of_week_operator.py for tasks to queue
[2023-05-25T04:57:43.861+0000] {logging_mixin.py:137} INFO - [2023-05-25T04:57:43.861+0000] {dagbag.py:538} INFO - Filling up the DagBag from /home/airflow/.local/lib/python3.7/site-packages/airflow/example_dags/example_branch_day_of_week_operator.py
[2023-05-25T04:57:44.017+0000] {processor.py:753} INFO - DAG(s) dict_keys(['example_weekday_branch_operator']) retrieved from /home/airflow/.local/lib/python3.7/site-packages/airflow/example_dags/example_branch_day_of_week_operator.py
[2023-05-25T04:57:44.227+0000] {logging_mixin.py:137} INFO - [2023-05-25T04:57:44.227+0000] {dag.py:2690} INFO - Sync 1 DAGs
[2023-05-25T04:57:44.428+0000] {logging_mixin.py:137} INFO - [2023-05-25T04:57:44.428+0000] {dag.py:3441} INFO - Setting next_dagrun for example_weekday_branch_operator to 2023-05-24T00:00:00+00:00, run_after=2023-05-25T00:00:00+00:00
[2023-05-25T04:57:44.620+0000] {processor.py:175} INFO - Processing /home/airflow/.local/lib/python3.7/site-packages/airflow/example_dags/example_branch_day_of_week_operator.py took 0.799 seconds
[2023-05-25T04:58:15.352+0000] {processor.py:153} INFO - Started process (PID=1893) to work on /home/airflow/.local/lib/python3.7/site-packages/airflow/example_dags/example_branch_day_of_week_operator.py
[2023-05-25T04:58:15.368+0000] {processor.py:743} INFO - Processing file /home/airflow/.local/lib/python3.7/site-packages/airflow/example_dags/example_branch_day_of_week_operator.py for tasks to queue
[2023-05-25T04:58:15.374+0000] {logging_mixin.py:137} INFO - [2023-05-25T04:58:15.372+0000] {dagbag.py:538} INFO - Filling up the DagBag from /home/airflow/.local/lib/python3.7/site-packages/airflow/example_dags/example_branch_day_of_week_operator.py
[2023-05-25T04:58:15.518+0000] {processor.py:753} INFO - DAG(s) dict_keys(['example_weekday_branch_operator']) retrieved from /home/airflow/.local/lib/python3.7/site-packages/airflow/example_dags/example_branch_day_of_week_operator.py
[2023-05-25T04:58:15.587+0000] {logging_mixin.py:137} INFO - [2023-05-25T04:58:15.587+0000] {dag.py:2690} INFO - Sync 1 DAGs
[2023-05-25T04:58:15.635+0000] {logging_mixin.py:137} INFO - [2023-05-25T04:58:15.635+0000] {dag.py:3441} INFO - Setting next_dagrun for example_weekday_branch_operator to 2023-05-24T00:00:00+00:00, run_after=2023-05-25T00:00:00+00:00
[2023-05-25T04:58:15.686+0000] {processor.py:175} INFO - Processing /home/airflow/.local/lib/python3.7/site-packages/airflow/example_dags/example_branch_day_of_week_operator.py took 0.364 seconds
[2023-05-25T04:58:45.941+0000] {processor.py:153} INFO - Started process (PID=1954) to work on /home/airflow/.local/lib/python3.7/site-packages/airflow/example_dags/example_branch_day_of_week_operator.py
[2023-05-25T04:58:45.944+0000] {processor.py:743} INFO - Processing file /home/airflow/.local/lib/python3.7/site-packages/airflow/example_dags/example_branch_day_of_week_operator.py for tasks to queue
[2023-05-25T04:58:45.947+0000] {logging_mixin.py:137} INFO - [2023-05-25T04:58:45.946+0000] {dagbag.py:538} INFO - Filling up the DagBag from /home/airflow/.local/lib/python3.7/site-packages/airflow/example_dags/example_branch_day_of_week_operator.py
[2023-05-25T04:58:45.983+0000] {processor.py:753} INFO - DAG(s) dict_keys(['example_weekday_branch_operator']) retrieved from /home/airflow/.local/lib/python3.7/site-packages/airflow/example_dags/example_branch_day_of_week_operator.py
[2023-05-25T04:58:46.136+0000] {logging_mixin.py:137} INFO - [2023-05-25T04:58:46.136+0000] {dag.py:2690} INFO - Sync 1 DAGs
[2023-05-25T04:58:46.224+0000] {logging_mixin.py:137} INFO - [2023-05-25T04:58:46.224+0000] {dag.py:3441} INFO - Setting next_dagrun for example_weekday_branch_operator to 2023-05-24T00:00:00+00:00, run_after=2023-05-25T00:00:00+00:00
[2023-05-25T04:58:46.297+0000] {processor.py:175} INFO - Processing /home/airflow/.local/lib/python3.7/site-packages/airflow/example_dags/example_branch_day_of_week_operator.py took 0.366 seconds
[2023-05-25T04:59:16.451+0000] {processor.py:153} INFO - Started process (PID=2015) to work on /home/airflow/.local/lib/python3.7/site-packages/airflow/example_dags/example_branch_day_of_week_operator.py
[2023-05-25T04:59:16.454+0000] {processor.py:743} INFO - Processing file /home/airflow/.local/lib/python3.7/site-packages/airflow/example_dags/example_branch_day_of_week_operator.py for tasks to queue
[2023-05-25T04:59:16.458+0000] {logging_mixin.py:137} INFO - [2023-05-25T04:59:16.457+0000] {dagbag.py:538} INFO - Filling up the DagBag from /home/airflow/.local/lib/python3.7/site-packages/airflow/example_dags/example_branch_day_of_week_operator.py
[2023-05-25T04:59:16.487+0000] {processor.py:753} INFO - DAG(s) dict_keys(['example_weekday_branch_operator']) retrieved from /home/airflow/.local/lib/python3.7/site-packages/airflow/example_dags/example_branch_day_of_week_operator.py
[2023-05-25T04:59:16.539+0000] {logging_mixin.py:137} INFO - [2023-05-25T04:59:16.539+0000] {dag.py:2690} INFO - Sync 1 DAGs
[2023-05-25T04:59:16.604+0000] {logging_mixin.py:137} INFO - [2023-05-25T04:59:16.603+0000] {dag.py:3441} INFO - Setting next_dagrun for example_weekday_branch_operator to 2023-05-24T00:00:00+00:00, run_after=2023-05-25T00:00:00+00:00
[2023-05-25T04:59:16.645+0000] {processor.py:175} INFO - Processing /home/airflow/.local/lib/python3.7/site-packages/airflow/example_dags/example_branch_day_of_week_operator.py took 0.202 seconds
[2023-05-25T04:59:46.946+0000] {processor.py:153} INFO - Started process (PID=2074) to work on /home/airflow/.local/lib/python3.7/site-packages/airflow/example_dags/example_branch_day_of_week_operator.py
[2023-05-25T04:59:46.959+0000] {processor.py:743} INFO - Processing file /home/airflow/.local/lib/python3.7/site-packages/airflow/example_dags/example_branch_day_of_week_operator.py for tasks to queue
[2023-05-25T04:59:46.966+0000] {logging_mixin.py:137} INFO - [2023-05-25T04:59:46.966+0000] {dagbag.py:538} INFO - Filling up the DagBag from /home/airflow/.local/lib/python3.7/site-packages/airflow/example_dags/example_branch_day_of_week_operator.py
[2023-05-25T04:59:47.157+0000] {processor.py:753} INFO - DAG(s) dict_keys(['example_weekday_branch_operator']) retrieved from /home/airflow/.local/lib/python3.7/site-packages/airflow/example_dags/example_branch_day_of_week_operator.py
[2023-05-25T04:59:47.270+0000] {logging_mixin.py:137} INFO - [2023-05-25T04:59:47.269+0000] {dag.py:2690} INFO - Sync 1 DAGs
[2023-05-25T04:59:47.363+0000] {logging_mixin.py:137} INFO - [2023-05-25T04:59:47.362+0000] {dag.py:3441} INFO - Setting next_dagrun for example_weekday_branch_operator to 2023-05-24T00:00:00+00:00, run_after=2023-05-25T00:00:00+00:00
[2023-05-25T04:59:47.466+0000] {processor.py:175} INFO - Processing /home/airflow/.local/lib/python3.7/site-packages/airflow/example_dags/example_branch_day_of_week_operator.py took 0.543 seconds
[2023-05-25T05:00:18.193+0000] {processor.py:153} INFO - Started process (PID=2134) to work on /home/airflow/.local/lib/python3.7/site-packages/airflow/example_dags/example_branch_day_of_week_operator.py
[2023-05-25T05:00:18.200+0000] {processor.py:743} INFO - Processing file /home/airflow/.local/lib/python3.7/site-packages/airflow/example_dags/example_branch_day_of_week_operator.py for tasks to queue
[2023-05-25T05:00:18.208+0000] {logging_mixin.py:137} INFO - [2023-05-25T05:00:18.206+0000] {dagbag.py:538} INFO - Filling up the DagBag from /home/airflow/.local/lib/python3.7/site-packages/airflow/example_dags/example_branch_day_of_week_operator.py
[2023-05-25T05:00:18.373+0000] {processor.py:753} INFO - DAG(s) dict_keys(['example_weekday_branch_operator']) retrieved from /home/airflow/.local/lib/python3.7/site-packages/airflow/example_dags/example_branch_day_of_week_operator.py
[2023-05-25T05:00:18.502+0000] {logging_mixin.py:137} INFO - [2023-05-25T05:00:18.502+0000] {dag.py:2690} INFO - Sync 1 DAGs
[2023-05-25T05:00:18.716+0000] {logging_mixin.py:137} INFO - [2023-05-25T05:00:18.716+0000] {dag.py:3441} INFO - Setting next_dagrun for example_weekday_branch_operator to 2023-05-24T00:00:00+00:00, run_after=2023-05-25T00:00:00+00:00
[2023-05-25T05:00:18.806+0000] {processor.py:175} INFO - Processing /home/airflow/.local/lib/python3.7/site-packages/airflow/example_dags/example_branch_day_of_week_operator.py took 0.642 seconds
[2023-05-25T05:00:48.904+0000] {processor.py:153} INFO - Started process (PID=2201) to work on /home/airflow/.local/lib/python3.7/site-packages/airflow/example_dags/example_branch_day_of_week_operator.py
[2023-05-25T05:00:48.907+0000] {processor.py:743} INFO - Processing file /home/airflow/.local/lib/python3.7/site-packages/airflow/example_dags/example_branch_day_of_week_operator.py for tasks to queue
[2023-05-25T05:00:48.909+0000] {logging_mixin.py:137} INFO - [2023-05-25T05:00:48.909+0000] {dagbag.py:538} INFO - Filling up the DagBag from /home/airflow/.local/lib/python3.7/site-packages/airflow/example_dags/example_branch_day_of_week_operator.py
[2023-05-25T05:00:48.938+0000] {processor.py:753} INFO - DAG(s) dict_keys(['example_weekday_branch_operator']) retrieved from /home/airflow/.local/lib/python3.7/site-packages/airflow/example_dags/example_branch_day_of_week_operator.py
[2023-05-25T05:00:49.010+0000] {logging_mixin.py:137} INFO - [2023-05-25T05:00:49.010+0000] {dag.py:2690} INFO - Sync 1 DAGs
[2023-05-25T05:00:49.069+0000] {logging_mixin.py:137} INFO - [2023-05-25T05:00:49.069+0000] {dag.py:3441} INFO - Setting next_dagrun for example_weekday_branch_operator to 2023-05-24T00:00:00+00:00, run_after=2023-05-25T00:00:00+00:00
[2023-05-25T05:00:49.108+0000] {processor.py:175} INFO - Processing /home/airflow/.local/lib/python3.7/site-packages/airflow/example_dags/example_branch_day_of_week_operator.py took 0.212 seconds
[2023-05-25T05:01:19.170+0000] {processor.py:153} INFO - Started process (PID=2261) to work on /home/airflow/.local/lib/python3.7/site-packages/airflow/example_dags/example_branch_day_of_week_operator.py
[2023-05-25T05:01:19.174+0000] {processor.py:743} INFO - Processing file /home/airflow/.local/lib/python3.7/site-packages/airflow/example_dags/example_branch_day_of_week_operator.py for tasks to queue
[2023-05-25T05:01:19.176+0000] {logging_mixin.py:137} INFO - [2023-05-25T05:01:19.176+0000] {dagbag.py:538} INFO - Filling up the DagBag from /home/airflow/.local/lib/python3.7/site-packages/airflow/example_dags/example_branch_day_of_week_operator.py
[2023-05-25T05:01:19.202+0000] {processor.py:753} INFO - DAG(s) dict_keys(['example_weekday_branch_operator']) retrieved from /home/airflow/.local/lib/python3.7/site-packages/airflow/example_dags/example_branch_day_of_week_operator.py
[2023-05-25T05:01:19.238+0000] {logging_mixin.py:137} INFO - [2023-05-25T05:01:19.237+0000] {dag.py:2690} INFO - Sync 1 DAGs
[2023-05-25T05:01:19.277+0000] {logging_mixin.py:137} INFO - [2023-05-25T05:01:19.277+0000] {dag.py:3441} INFO - Setting next_dagrun for example_weekday_branch_operator to 2023-05-24T00:00:00+00:00, run_after=2023-05-25T00:00:00+00:00
[2023-05-25T05:01:19.314+0000] {processor.py:175} INFO - Processing /home/airflow/.local/lib/python3.7/site-packages/airflow/example_dags/example_branch_day_of_week_operator.py took 0.151 seconds
[2023-05-25T05:01:49.593+0000] {processor.py:153} INFO - Started process (PID=2321) to work on /home/airflow/.local/lib/python3.7/site-packages/airflow/example_dags/example_branch_day_of_week_operator.py
[2023-05-25T05:01:49.597+0000] {processor.py:743} INFO - Processing file /home/airflow/.local/lib/python3.7/site-packages/airflow/example_dags/example_branch_day_of_week_operator.py for tasks to queue
[2023-05-25T05:01:49.599+0000] {logging_mixin.py:137} INFO - [2023-05-25T05:01:49.599+0000] {dagbag.py:538} INFO - Filling up the DagBag from /home/airflow/.local/lib/python3.7/site-packages/airflow/example_dags/example_branch_day_of_week_operator.py
[2023-05-25T05:01:49.621+0000] {processor.py:753} INFO - DAG(s) dict_keys(['example_weekday_branch_operator']) retrieved from /home/airflow/.local/lib/python3.7/site-packages/airflow/example_dags/example_branch_day_of_week_operator.py
[2023-05-25T05:01:49.659+0000] {logging_mixin.py:137} INFO - [2023-05-25T05:01:49.659+0000] {dag.py:2690} INFO - Sync 1 DAGs
[2023-05-25T05:01:49.695+0000] {logging_mixin.py:137} INFO - [2023-05-25T05:01:49.695+0000] {dag.py:3441} INFO - Setting next_dagrun for example_weekday_branch_operator to 2023-05-24T00:00:00+00:00, run_after=2023-05-25T00:00:00+00:00
[2023-05-25T05:01:49.734+0000] {processor.py:175} INFO - Processing /home/airflow/.local/lib/python3.7/site-packages/airflow/example_dags/example_branch_day_of_week_operator.py took 0.146 seconds
[2023-05-25T05:02:20.101+0000] {processor.py:153} INFO - Started process (PID=2380) to work on /home/airflow/.local/lib/python3.7/site-packages/airflow/example_dags/example_branch_day_of_week_operator.py
[2023-05-25T05:02:20.103+0000] {processor.py:743} INFO - Processing file /home/airflow/.local/lib/python3.7/site-packages/airflow/example_dags/example_branch_day_of_week_operator.py for tasks to queue
[2023-05-25T05:02:20.106+0000] {logging_mixin.py:137} INFO - [2023-05-25T05:02:20.106+0000] {dagbag.py:538} INFO - Filling up the DagBag from /home/airflow/.local/lib/python3.7/site-packages/airflow/example_dags/example_branch_day_of_week_operator.py
[2023-05-25T05:02:20.142+0000] {processor.py:753} INFO - DAG(s) dict_keys(['example_weekday_branch_operator']) retrieved from /home/airflow/.local/lib/python3.7/site-packages/airflow/example_dags/example_branch_day_of_week_operator.py
[2023-05-25T05:02:20.192+0000] {logging_mixin.py:137} INFO - [2023-05-25T05:02:20.192+0000] {dag.py:2690} INFO - Sync 1 DAGs
[2023-05-25T05:02:20.242+0000] {logging_mixin.py:137} INFO - [2023-05-25T05:02:20.242+0000] {dag.py:3441} INFO - Setting next_dagrun for example_weekday_branch_operator to 2023-05-24T00:00:00+00:00, run_after=2023-05-25T00:00:00+00:00
[2023-05-25T05:02:20.308+0000] {processor.py:175} INFO - Processing /home/airflow/.local/lib/python3.7/site-packages/airflow/example_dags/example_branch_day_of_week_operator.py took 0.212 seconds
[2023-05-25T05:02:50.627+0000] {processor.py:153} INFO - Started process (PID=2439) to work on /home/airflow/.local/lib/python3.7/site-packages/airflow/example_dags/example_branch_day_of_week_operator.py
[2023-05-25T05:02:50.636+0000] {processor.py:743} INFO - Processing file /home/airflow/.local/lib/python3.7/site-packages/airflow/example_dags/example_branch_day_of_week_operator.py for tasks to queue
[2023-05-25T05:02:50.641+0000] {logging_mixin.py:137} INFO - [2023-05-25T05:02:50.640+0000] {dagbag.py:538} INFO - Filling up the DagBag from /home/airflow/.local/lib/python3.7/site-packages/airflow/example_dags/example_branch_day_of_week_operator.py
[2023-05-25T05:02:50.748+0000] {processor.py:753} INFO - DAG(s) dict_keys(['example_weekday_branch_operator']) retrieved from /home/airflow/.local/lib/python3.7/site-packages/airflow/example_dags/example_branch_day_of_week_operator.py
[2023-05-25T05:02:50.905+0000] {logging_mixin.py:137} INFO - [2023-05-25T05:02:50.905+0000] {dag.py:2690} INFO - Sync 1 DAGs
[2023-05-25T05:02:51.017+0000] {logging_mixin.py:137} INFO - [2023-05-25T05:02:51.017+0000] {dag.py:3441} INFO - Setting next_dagrun for example_weekday_branch_operator to 2023-05-24T00:00:00+00:00, run_after=2023-05-25T00:00:00+00:00
[2023-05-25T05:02:51.099+0000] {processor.py:175} INFO - Processing /home/airflow/.local/lib/python3.7/site-packages/airflow/example_dags/example_branch_day_of_week_operator.py took 0.504 seconds
[2023-05-25T05:03:21.922+0000] {processor.py:153} INFO - Started process (PID=2500) to work on /home/airflow/.local/lib/python3.7/site-packages/airflow/example_dags/example_branch_day_of_week_operator.py
[2023-05-25T05:03:21.934+0000] {processor.py:743} INFO - Processing file /home/airflow/.local/lib/python3.7/site-packages/airflow/example_dags/example_branch_day_of_week_operator.py for tasks to queue
[2023-05-25T05:03:21.942+0000] {logging_mixin.py:137} INFO - [2023-05-25T05:03:21.942+0000] {dagbag.py:538} INFO - Filling up the DagBag from /home/airflow/.local/lib/python3.7/site-packages/airflow/example_dags/example_branch_day_of_week_operator.py
[2023-05-25T05:03:22.001+0000] {processor.py:753} INFO - DAG(s) dict_keys(['example_weekday_branch_operator']) retrieved from /home/airflow/.local/lib/python3.7/site-packages/airflow/example_dags/example_branch_day_of_week_operator.py
[2023-05-25T05:03:22.114+0000] {logging_mixin.py:137} INFO - [2023-05-25T05:03:22.114+0000] {dag.py:2690} INFO - Sync 1 DAGs
[2023-05-25T05:03:22.230+0000] {logging_mixin.py:137} INFO - [2023-05-25T05:03:22.230+0000] {dag.py:3441} INFO - Setting next_dagrun for example_weekday_branch_operator to 2023-05-24T00:00:00+00:00, run_after=2023-05-25T00:00:00+00:00
[2023-05-25T05:03:22.291+0000] {processor.py:175} INFO - Processing /home/airflow/.local/lib/python3.7/site-packages/airflow/example_dags/example_branch_day_of_week_operator.py took 0.404 seconds
