[2023-05-25T04:35:50.310+0000] {processor.py:153} INFO - Started process (PID=93) to work on /home/airflow/.local/lib/python3.7/site-packages/airflow/example_dags/example_latest_only_with_trigger.py
[2023-05-25T04:35:50.333+0000] {processor.py:743} INFO - Processing file /home/airflow/.local/lib/python3.7/site-packages/airflow/example_dags/example_latest_only_with_trigger.py for tasks to queue
[2023-05-25T04:35:50.352+0000] {logging_mixin.py:137} INFO - [2023-05-25T04:35:50.347+0000] {dagbag.py:538} INFO - Filling up the DagBag from /home/airflow/.local/lib/python3.7/site-packages/airflow/example_dags/example_latest_only_with_trigger.py
[2023-05-25T04:35:50.633+0000] {processor.py:753} INFO - DAG(s) dict_keys(['latest_only_with_trigger']) retrieved from /home/airflow/.local/lib/python3.7/site-packages/airflow/example_dags/example_latest_only_with_trigger.py
[2023-05-25T04:35:51.044+0000] {logging_mixin.py:137} INFO - [2023-05-25T04:35:51.044+0000] {dag.py:2690} INFO - Sync 1 DAGs
[2023-05-25T04:35:51.355+0000] {logging_mixin.py:137} INFO - [2023-05-25T04:35:51.355+0000] {dag.py:3441} INFO - Setting next_dagrun for latest_only_with_trigger to 2023-05-25T00:35:51.354798+00:00, run_after=2023-05-25T04:35:51.354798+00:00
[2023-05-25T04:35:51.617+0000] {processor.py:175} INFO - Processing /home/airflow/.local/lib/python3.7/site-packages/airflow/example_dags/example_latest_only_with_trigger.py took 1.369 seconds
[2023-05-25T04:36:24.254+0000] {processor.py:153} INFO - Started process (PID=152) to work on /home/airflow/.local/lib/python3.7/site-packages/airflow/example_dags/example_latest_only_with_trigger.py
[2023-05-25T04:36:24.348+0000] {processor.py:743} INFO - Processing file /home/airflow/.local/lib/python3.7/site-packages/airflow/example_dags/example_latest_only_with_trigger.py for tasks to queue
[2023-05-25T04:36:24.406+0000] {logging_mixin.py:137} INFO - [2023-05-25T04:36:24.406+0000] {dagbag.py:538} INFO - Filling up the DagBag from /home/airflow/.local/lib/python3.7/site-packages/airflow/example_dags/example_latest_only_with_trigger.py
[2023-05-25T04:36:24.836+0000] {processor.py:753} INFO - DAG(s) dict_keys(['latest_only_with_trigger']) retrieved from /home/airflow/.local/lib/python3.7/site-packages/airflow/example_dags/example_latest_only_with_trigger.py
[2023-05-25T04:36:25.529+0000] {logging_mixin.py:137} INFO - [2023-05-25T04:36:25.528+0000] {dag.py:2690} INFO - Sync 1 DAGs
[2023-05-25T04:36:26.124+0000] {logging_mixin.py:137} INFO - [2023-05-25T04:36:26.123+0000] {dag.py:3441} INFO - Setting next_dagrun for latest_only_with_trigger to 2023-05-25T00:36:26.123407+00:00, run_after=2023-05-25T04:36:26.123407+00:00
[2023-05-25T04:36:26.349+0000] {processor.py:175} INFO - Processing /home/airflow/.local/lib/python3.7/site-packages/airflow/example_dags/example_latest_only_with_trigger.py took 2.443 seconds
[2023-05-25T04:37:38.394+0000] {processor.py:153} INFO - Started process (PID=217) to work on /home/airflow/.local/lib/python3.7/site-packages/airflow/example_dags/example_latest_only_with_trigger.py
[2023-05-25T04:37:38.460+0000] {processor.py:743} INFO - Processing file /home/airflow/.local/lib/python3.7/site-packages/airflow/example_dags/example_latest_only_with_trigger.py for tasks to queue
[2023-05-25T04:37:38.479+0000] {logging_mixin.py:137} INFO - [2023-05-25T04:37:38.478+0000] {dagbag.py:538} INFO - Filling up the DagBag from /home/airflow/.local/lib/python3.7/site-packages/airflow/example_dags/example_latest_only_with_trigger.py
[2023-05-25T04:37:38.945+0000] {processor.py:753} INFO - DAG(s) dict_keys(['latest_only_with_trigger']) retrieved from /home/airflow/.local/lib/python3.7/site-packages/airflow/example_dags/example_latest_only_with_trigger.py
[2023-05-25T04:37:40.219+0000] {logging_mixin.py:137} INFO - [2023-05-25T04:37:40.219+0000] {dag.py:2690} INFO - Sync 1 DAGs
[2023-05-25T04:37:41.306+0000] {logging_mixin.py:137} INFO - [2023-05-25T04:37:41.269+0000] {dag.py:3441} INFO - Setting next_dagrun for latest_only_with_trigger to 2023-05-25T00:37:41.268179+00:00, run_after=2023-05-25T04:37:41.268179+00:00
[2023-05-25T04:37:42.059+0000] {processor.py:175} INFO - Processing /home/airflow/.local/lib/python3.7/site-packages/airflow/example_dags/example_latest_only_with_trigger.py took 3.758 seconds
[2023-05-25T04:38:45.969+0000] {processor.py:153} INFO - Started process (PID=290) to work on /home/airflow/.local/lib/python3.7/site-packages/airflow/example_dags/example_latest_only_with_trigger.py
[2023-05-25T04:38:45.973+0000] {processor.py:743} INFO - Processing file /home/airflow/.local/lib/python3.7/site-packages/airflow/example_dags/example_latest_only_with_trigger.py for tasks to queue
[2023-05-25T04:38:45.983+0000] {logging_mixin.py:137} INFO - [2023-05-25T04:38:45.982+0000] {dagbag.py:538} INFO - Filling up the DagBag from /home/airflow/.local/lib/python3.7/site-packages/airflow/example_dags/example_latest_only_with_trigger.py
[2023-05-25T04:38:46.301+0000] {processor.py:753} INFO - DAG(s) dict_keys(['latest_only_with_trigger']) retrieved from /home/airflow/.local/lib/python3.7/site-packages/airflow/example_dags/example_latest_only_with_trigger.py
[2023-05-25T04:38:46.905+0000] {logging_mixin.py:137} INFO - [2023-05-25T04:38:46.904+0000] {dag.py:2690} INFO - Sync 1 DAGs
[2023-05-25T04:38:47.852+0000] {logging_mixin.py:137} INFO - [2023-05-25T04:38:47.850+0000] {dag.py:3441} INFO - Setting next_dagrun for latest_only_with_trigger to 2023-05-25T00:38:47.844224+00:00, run_after=2023-05-25T04:38:47.844224+00:00
[2023-05-25T04:38:48.184+0000] {processor.py:175} INFO - Processing /home/airflow/.local/lib/python3.7/site-packages/airflow/example_dags/example_latest_only_with_trigger.py took 2.254 seconds
[2023-05-25T04:39:19.941+0000] {processor.py:153} INFO - Started process (PID=349) to work on /home/airflow/.local/lib/python3.7/site-packages/airflow/example_dags/example_latest_only_with_trigger.py
[2023-05-25T04:39:19.969+0000] {processor.py:743} INFO - Processing file /home/airflow/.local/lib/python3.7/site-packages/airflow/example_dags/example_latest_only_with_trigger.py for tasks to queue
[2023-05-25T04:39:19.981+0000] {logging_mixin.py:137} INFO - [2023-05-25T04:39:19.979+0000] {dagbag.py:538} INFO - Filling up the DagBag from /home/airflow/.local/lib/python3.7/site-packages/airflow/example_dags/example_latest_only_with_trigger.py
[2023-05-25T04:39:20.126+0000] {processor.py:753} INFO - DAG(s) dict_keys(['latest_only_with_trigger']) retrieved from /home/airflow/.local/lib/python3.7/site-packages/airflow/example_dags/example_latest_only_with_trigger.py
[2023-05-25T04:39:20.373+0000] {logging_mixin.py:137} INFO - [2023-05-25T04:39:20.373+0000] {dag.py:2690} INFO - Sync 1 DAGs
[2023-05-25T04:39:20.513+0000] {logging_mixin.py:137} INFO - [2023-05-25T04:39:20.512+0000] {dag.py:3441} INFO - Setting next_dagrun for latest_only_with_trigger to 2023-05-25T00:39:20.512563+00:00, run_after=2023-05-25T04:39:20.512563+00:00
[2023-05-25T04:39:20.586+0000] {processor.py:175} INFO - Processing /home/airflow/.local/lib/python3.7/site-packages/airflow/example_dags/example_latest_only_with_trigger.py took 0.666 seconds
[2023-05-25T04:42:11.829+0000] {processor.py:153} INFO - Started process (PID=75) to work on /home/airflow/.local/lib/python3.7/site-packages/airflow/example_dags/example_latest_only_with_trigger.py
[2023-05-25T04:42:11.835+0000] {processor.py:743} INFO - Processing file /home/airflow/.local/lib/python3.7/site-packages/airflow/example_dags/example_latest_only_with_trigger.py for tasks to queue
[2023-05-25T04:42:11.847+0000] {logging_mixin.py:137} INFO - [2023-05-25T04:42:11.845+0000] {dagbag.py:538} INFO - Filling up the DagBag from /home/airflow/.local/lib/python3.7/site-packages/airflow/example_dags/example_latest_only_with_trigger.py
[2023-05-25T04:42:12.145+0000] {processor.py:753} INFO - DAG(s) dict_keys(['latest_only_with_trigger']) retrieved from /home/airflow/.local/lib/python3.7/site-packages/airflow/example_dags/example_latest_only_with_trigger.py
[2023-05-25T04:42:12.412+0000] {logging_mixin.py:137} INFO - [2023-05-25T04:42:12.411+0000] {dag.py:2690} INFO - Sync 1 DAGs
[2023-05-25T04:42:12.700+0000] {logging_mixin.py:137} INFO - [2023-05-25T04:42:12.699+0000] {dag.py:3441} INFO - Setting next_dagrun for latest_only_with_trigger to 2023-05-25T00:42:12.699536+00:00, run_after=2023-05-25T04:42:12.699536+00:00
[2023-05-25T04:42:12.948+0000] {processor.py:175} INFO - Processing /home/airflow/.local/lib/python3.7/site-packages/airflow/example_dags/example_latest_only_with_trigger.py took 1.148 seconds
[2023-05-25T04:42:43.639+0000] {processor.py:153} INFO - Started process (PID=128) to work on /home/airflow/.local/lib/python3.7/site-packages/airflow/example_dags/example_latest_only_with_trigger.py
[2023-05-25T04:42:43.644+0000] {processor.py:743} INFO - Processing file /home/airflow/.local/lib/python3.7/site-packages/airflow/example_dags/example_latest_only_with_trigger.py for tasks to queue
[2023-05-25T04:42:43.651+0000] {logging_mixin.py:137} INFO - [2023-05-25T04:42:43.649+0000] {dagbag.py:538} INFO - Filling up the DagBag from /home/airflow/.local/lib/python3.7/site-packages/airflow/example_dags/example_latest_only_with_trigger.py
[2023-05-25T04:42:43.685+0000] {processor.py:753} INFO - DAG(s) dict_keys(['latest_only_with_trigger']) retrieved from /home/airflow/.local/lib/python3.7/site-packages/airflow/example_dags/example_latest_only_with_trigger.py
[2023-05-25T04:42:43.737+0000] {logging_mixin.py:137} INFO - [2023-05-25T04:42:43.737+0000] {dag.py:2690} INFO - Sync 1 DAGs
[2023-05-25T04:42:43.784+0000] {logging_mixin.py:137} INFO - [2023-05-25T04:42:43.784+0000] {dag.py:3441} INFO - Setting next_dagrun for latest_only_with_trigger to 2023-05-25T00:42:43.783940+00:00, run_after=2023-05-25T04:42:43.783940+00:00
[2023-05-25T04:42:43.816+0000] {processor.py:175} INFO - Processing /home/airflow/.local/lib/python3.7/site-packages/airflow/example_dags/example_latest_only_with_trigger.py took 0.182 seconds
[2023-05-25T04:43:14.758+0000] {processor.py:153} INFO - Started process (PID=188) to work on /home/airflow/.local/lib/python3.7/site-packages/airflow/example_dags/example_latest_only_with_trigger.py
[2023-05-25T04:43:14.761+0000] {processor.py:743} INFO - Processing file /home/airflow/.local/lib/python3.7/site-packages/airflow/example_dags/example_latest_only_with_trigger.py for tasks to queue
[2023-05-25T04:43:14.765+0000] {logging_mixin.py:137} INFO - [2023-05-25T04:43:14.764+0000] {dagbag.py:538} INFO - Filling up the DagBag from /home/airflow/.local/lib/python3.7/site-packages/airflow/example_dags/example_latest_only_with_trigger.py
[2023-05-25T04:43:14.791+0000] {processor.py:753} INFO - DAG(s) dict_keys(['latest_only_with_trigger']) retrieved from /home/airflow/.local/lib/python3.7/site-packages/airflow/example_dags/example_latest_only_with_trigger.py
[2023-05-25T04:43:14.848+0000] {logging_mixin.py:137} INFO - [2023-05-25T04:43:14.847+0000] {dag.py:2690} INFO - Sync 1 DAGs
[2023-05-25T04:43:14.891+0000] {logging_mixin.py:137} INFO - [2023-05-25T04:43:14.891+0000] {dag.py:3441} INFO - Setting next_dagrun for latest_only_with_trigger to 2023-05-25T00:43:14.891218+00:00, run_after=2023-05-25T04:43:14.891218+00:00
[2023-05-25T04:43:14.927+0000] {processor.py:175} INFO - Processing /home/airflow/.local/lib/python3.7/site-packages/airflow/example_dags/example_latest_only_with_trigger.py took 0.177 seconds
[2023-05-25T04:43:45.793+0000] {processor.py:153} INFO - Started process (PID=247) to work on /home/airflow/.local/lib/python3.7/site-packages/airflow/example_dags/example_latest_only_with_trigger.py
[2023-05-25T04:43:45.805+0000] {processor.py:743} INFO - Processing file /home/airflow/.local/lib/python3.7/site-packages/airflow/example_dags/example_latest_only_with_trigger.py for tasks to queue
[2023-05-25T04:43:45.810+0000] {logging_mixin.py:137} INFO - [2023-05-25T04:43:45.809+0000] {dagbag.py:538} INFO - Filling up the DagBag from /home/airflow/.local/lib/python3.7/site-packages/airflow/example_dags/example_latest_only_with_trigger.py
[2023-05-25T04:43:45.951+0000] {processor.py:753} INFO - DAG(s) dict_keys(['latest_only_with_trigger']) retrieved from /home/airflow/.local/lib/python3.7/site-packages/airflow/example_dags/example_latest_only_with_trigger.py
[2023-05-25T04:43:46.049+0000] {logging_mixin.py:137} INFO - [2023-05-25T04:43:46.049+0000] {dag.py:2690} INFO - Sync 1 DAGs
[2023-05-25T04:43:46.126+0000] {logging_mixin.py:137} INFO - [2023-05-25T04:43:46.126+0000] {dag.py:3441} INFO - Setting next_dagrun for latest_only_with_trigger to 2023-05-25T00:43:46.126222+00:00, run_after=2023-05-25T04:43:46.126222+00:00
[2023-05-25T04:43:46.224+0000] {processor.py:175} INFO - Processing /home/airflow/.local/lib/python3.7/site-packages/airflow/example_dags/example_latest_only_with_trigger.py took 0.457 seconds
[2023-05-25T04:44:16.990+0000] {processor.py:153} INFO - Started process (PID=307) to work on /home/airflow/.local/lib/python3.7/site-packages/airflow/example_dags/example_latest_only_with_trigger.py
[2023-05-25T04:44:16.996+0000] {processor.py:743} INFO - Processing file /home/airflow/.local/lib/python3.7/site-packages/airflow/example_dags/example_latest_only_with_trigger.py for tasks to queue
[2023-05-25T04:44:17.002+0000] {logging_mixin.py:137} INFO - [2023-05-25T04:44:17.001+0000] {dagbag.py:538} INFO - Filling up the DagBag from /home/airflow/.local/lib/python3.7/site-packages/airflow/example_dags/example_latest_only_with_trigger.py
[2023-05-25T04:44:17.036+0000] {processor.py:753} INFO - DAG(s) dict_keys(['latest_only_with_trigger']) retrieved from /home/airflow/.local/lib/python3.7/site-packages/airflow/example_dags/example_latest_only_with_trigger.py
[2023-05-25T04:44:17.087+0000] {logging_mixin.py:137} INFO - [2023-05-25T04:44:17.087+0000] {dag.py:2690} INFO - Sync 1 DAGs
[2023-05-25T04:44:17.135+0000] {logging_mixin.py:137} INFO - [2023-05-25T04:44:17.134+0000] {dag.py:3441} INFO - Setting next_dagrun for latest_only_with_trigger to 2023-05-25T00:44:17.133582+00:00, run_after=2023-05-25T04:44:17.133582+00:00
[2023-05-25T04:44:17.178+0000] {processor.py:175} INFO - Processing /home/airflow/.local/lib/python3.7/site-packages/airflow/example_dags/example_latest_only_with_trigger.py took 0.201 seconds
[2023-05-25T04:44:47.269+0000] {processor.py:153} INFO - Started process (PID=378) to work on /home/airflow/.local/lib/python3.7/site-packages/airflow/example_dags/example_latest_only_with_trigger.py
[2023-05-25T04:44:47.271+0000] {processor.py:743} INFO - Processing file /home/airflow/.local/lib/python3.7/site-packages/airflow/example_dags/example_latest_only_with_trigger.py for tasks to queue
[2023-05-25T04:44:47.277+0000] {logging_mixin.py:137} INFO - [2023-05-25T04:44:47.277+0000] {dagbag.py:538} INFO - Filling up the DagBag from /home/airflow/.local/lib/python3.7/site-packages/airflow/example_dags/example_latest_only_with_trigger.py
[2023-05-25T04:44:47.337+0000] {processor.py:753} INFO - DAG(s) dict_keys(['latest_only_with_trigger']) retrieved from /home/airflow/.local/lib/python3.7/site-packages/airflow/example_dags/example_latest_only_with_trigger.py
[2023-05-25T04:44:47.416+0000] {logging_mixin.py:137} INFO - [2023-05-25T04:44:47.416+0000] {dag.py:2690} INFO - Sync 1 DAGs
[2023-05-25T04:44:47.488+0000] {logging_mixin.py:137} INFO - [2023-05-25T04:44:47.485+0000] {dag.py:3441} INFO - Setting next_dagrun for latest_only_with_trigger to 2023-05-25T00:44:47.485246+00:00, run_after=2023-05-25T04:44:47.485246+00:00
[2023-05-25T04:44:47.569+0000] {processor.py:175} INFO - Processing /home/airflow/.local/lib/python3.7/site-packages/airflow/example_dags/example_latest_only_with_trigger.py took 0.314 seconds
[2023-05-25T04:45:18.711+0000] {processor.py:153} INFO - Started process (PID=439) to work on /home/airflow/.local/lib/python3.7/site-packages/airflow/example_dags/example_latest_only_with_trigger.py
[2023-05-25T04:45:18.723+0000] {processor.py:743} INFO - Processing file /home/airflow/.local/lib/python3.7/site-packages/airflow/example_dags/example_latest_only_with_trigger.py for tasks to queue
[2023-05-25T04:45:18.728+0000] {logging_mixin.py:137} INFO - [2023-05-25T04:45:18.728+0000] {dagbag.py:538} INFO - Filling up the DagBag from /home/airflow/.local/lib/python3.7/site-packages/airflow/example_dags/example_latest_only_with_trigger.py
[2023-05-25T04:45:18.784+0000] {processor.py:753} INFO - DAG(s) dict_keys(['latest_only_with_trigger']) retrieved from /home/airflow/.local/lib/python3.7/site-packages/airflow/example_dags/example_latest_only_with_trigger.py
[2023-05-25T04:45:18.907+0000] {logging_mixin.py:137} INFO - [2023-05-25T04:45:18.906+0000] {dag.py:2690} INFO - Sync 1 DAGs
[2023-05-25T04:45:18.952+0000] {logging_mixin.py:137} INFO - [2023-05-25T04:45:18.952+0000] {dag.py:3441} INFO - Setting next_dagrun for latest_only_with_trigger to 2023-05-25T00:45:18.951765+00:00, run_after=2023-05-25T04:45:18.951765+00:00
[2023-05-25T04:45:18.985+0000] {processor.py:175} INFO - Processing /home/airflow/.local/lib/python3.7/site-packages/airflow/example_dags/example_latest_only_with_trigger.py took 0.286 seconds
[2023-05-25T04:45:49.861+0000] {processor.py:153} INFO - Started process (PID=489) to work on /home/airflow/.local/lib/python3.7/site-packages/airflow/example_dags/example_latest_only_with_trigger.py
[2023-05-25T04:45:49.865+0000] {processor.py:743} INFO - Processing file /home/airflow/.local/lib/python3.7/site-packages/airflow/example_dags/example_latest_only_with_trigger.py for tasks to queue
[2023-05-25T04:45:49.867+0000] {logging_mixin.py:137} INFO - [2023-05-25T04:45:49.867+0000] {dagbag.py:538} INFO - Filling up the DagBag from /home/airflow/.local/lib/python3.7/site-packages/airflow/example_dags/example_latest_only_with_trigger.py
[2023-05-25T04:45:49.891+0000] {processor.py:753} INFO - DAG(s) dict_keys(['latest_only_with_trigger']) retrieved from /home/airflow/.local/lib/python3.7/site-packages/airflow/example_dags/example_latest_only_with_trigger.py
[2023-05-25T04:45:49.931+0000] {logging_mixin.py:137} INFO - [2023-05-25T04:45:49.931+0000] {dag.py:2690} INFO - Sync 1 DAGs
[2023-05-25T04:45:49.970+0000] {logging_mixin.py:137} INFO - [2023-05-25T04:45:49.970+0000] {dag.py:3441} INFO - Setting next_dagrun for latest_only_with_trigger to 2023-05-25T00:45:49.969791+00:00, run_after=2023-05-25T04:45:49.969791+00:00
[2023-05-25T04:45:50.003+0000] {processor.py:175} INFO - Processing /home/airflow/.local/lib/python3.7/site-packages/airflow/example_dags/example_latest_only_with_trigger.py took 0.150 seconds
[2023-05-25T04:46:20.773+0000] {processor.py:153} INFO - Started process (PID=561) to work on /home/airflow/.local/lib/python3.7/site-packages/airflow/example_dags/example_latest_only_with_trigger.py
[2023-05-25T04:46:20.777+0000] {processor.py:743} INFO - Processing file /home/airflow/.local/lib/python3.7/site-packages/airflow/example_dags/example_latest_only_with_trigger.py for tasks to queue
[2023-05-25T04:46:20.782+0000] {logging_mixin.py:137} INFO - [2023-05-25T04:46:20.782+0000] {dagbag.py:538} INFO - Filling up the DagBag from /home/airflow/.local/lib/python3.7/site-packages/airflow/example_dags/example_latest_only_with_trigger.py
[2023-05-25T04:46:20.827+0000] {processor.py:753} INFO - DAG(s) dict_keys(['latest_only_with_trigger']) retrieved from /home/airflow/.local/lib/python3.7/site-packages/airflow/example_dags/example_latest_only_with_trigger.py
[2023-05-25T04:46:20.998+0000] {logging_mixin.py:137} INFO - [2023-05-25T04:46:20.998+0000] {dag.py:2690} INFO - Sync 1 DAGs
[2023-05-25T04:46:21.040+0000] {logging_mixin.py:137} INFO - [2023-05-25T04:46:21.039+0000] {dag.py:3441} INFO - Setting next_dagrun for latest_only_with_trigger to 2023-05-25T00:46:21.038173+00:00, run_after=2023-05-25T04:46:21.038173+00:00
[2023-05-25T04:46:21.076+0000] {processor.py:175} INFO - Processing /home/airflow/.local/lib/python3.7/site-packages/airflow/example_dags/example_latest_only_with_trigger.py took 0.312 seconds
[2023-05-25T04:46:51.176+0000] {processor.py:153} INFO - Started process (PID=621) to work on /home/airflow/.local/lib/python3.7/site-packages/airflow/example_dags/example_latest_only_with_trigger.py
[2023-05-25T04:46:51.182+0000] {processor.py:743} INFO - Processing file /home/airflow/.local/lib/python3.7/site-packages/airflow/example_dags/example_latest_only_with_trigger.py for tasks to queue
[2023-05-25T04:46:51.184+0000] {logging_mixin.py:137} INFO - [2023-05-25T04:46:51.183+0000] {dagbag.py:538} INFO - Filling up the DagBag from /home/airflow/.local/lib/python3.7/site-packages/airflow/example_dags/example_latest_only_with_trigger.py
[2023-05-25T04:46:51.242+0000] {processor.py:753} INFO - DAG(s) dict_keys(['latest_only_with_trigger']) retrieved from /home/airflow/.local/lib/python3.7/site-packages/airflow/example_dags/example_latest_only_with_trigger.py
[2023-05-25T04:46:51.325+0000] {logging_mixin.py:137} INFO - [2023-05-25T04:46:51.325+0000] {dag.py:2690} INFO - Sync 1 DAGs
[2023-05-25T04:46:51.413+0000] {logging_mixin.py:137} INFO - [2023-05-25T04:46:51.413+0000] {dag.py:3441} INFO - Setting next_dagrun for latest_only_with_trigger to 2023-05-25T00:46:51.412940+00:00, run_after=2023-05-25T04:46:51.412940+00:00
[2023-05-25T04:46:51.441+0000] {processor.py:175} INFO - Processing /home/airflow/.local/lib/python3.7/site-packages/airflow/example_dags/example_latest_only_with_trigger.py took 0.281 seconds
[2023-05-25T04:47:41.788+0000] {processor.py:153} INFO - Started process (PID=680) to work on /home/airflow/.local/lib/python3.7/site-packages/airflow/example_dags/example_latest_only_with_trigger.py
[2023-05-25T04:47:41.791+0000] {processor.py:743} INFO - Processing file /home/airflow/.local/lib/python3.7/site-packages/airflow/example_dags/example_latest_only_with_trigger.py for tasks to queue
[2023-05-25T04:47:41.794+0000] {logging_mixin.py:137} INFO - [2023-05-25T04:47:41.794+0000] {dagbag.py:538} INFO - Filling up the DagBag from /home/airflow/.local/lib/python3.7/site-packages/airflow/example_dags/example_latest_only_with_trigger.py
[2023-05-25T04:47:41.821+0000] {processor.py:753} INFO - DAG(s) dict_keys(['latest_only_with_trigger']) retrieved from /home/airflow/.local/lib/python3.7/site-packages/airflow/example_dags/example_latest_only_with_trigger.py
[2023-05-25T04:47:41.865+0000] {logging_mixin.py:137} INFO - [2023-05-25T04:47:41.865+0000] {dag.py:2690} INFO - Sync 1 DAGs
[2023-05-25T04:47:41.919+0000] {logging_mixin.py:137} INFO - [2023-05-25T04:47:41.919+0000] {dag.py:3441} INFO - Setting next_dagrun for latest_only_with_trigger to 2023-05-25T00:47:41.919109+00:00, run_after=2023-05-25T04:47:41.919109+00:00
[2023-05-25T04:47:41.959+0000] {processor.py:175} INFO - Processing /home/airflow/.local/lib/python3.7/site-packages/airflow/example_dags/example_latest_only_with_trigger.py took 0.182 seconds
[2023-05-25T04:48:12.202+0000] {processor.py:153} INFO - Started process (PID=741) to work on /home/airflow/.local/lib/python3.7/site-packages/airflow/example_dags/example_latest_only_with_trigger.py
[2023-05-25T04:48:12.204+0000] {processor.py:743} INFO - Processing file /home/airflow/.local/lib/python3.7/site-packages/airflow/example_dags/example_latest_only_with_trigger.py for tasks to queue
[2023-05-25T04:48:12.206+0000] {logging_mixin.py:137} INFO - [2023-05-25T04:48:12.206+0000] {dagbag.py:538} INFO - Filling up the DagBag from /home/airflow/.local/lib/python3.7/site-packages/airflow/example_dags/example_latest_only_with_trigger.py
[2023-05-25T04:48:12.239+0000] {processor.py:753} INFO - DAG(s) dict_keys(['latest_only_with_trigger']) retrieved from /home/airflow/.local/lib/python3.7/site-packages/airflow/example_dags/example_latest_only_with_trigger.py
[2023-05-25T04:48:12.313+0000] {logging_mixin.py:137} INFO - [2023-05-25T04:48:12.313+0000] {dag.py:2690} INFO - Sync 1 DAGs
[2023-05-25T04:48:12.391+0000] {logging_mixin.py:137} INFO - [2023-05-25T04:48:12.391+0000] {dag.py:3441} INFO - Setting next_dagrun for latest_only_with_trigger to 2023-05-25T00:48:12.391119+00:00, run_after=2023-05-25T04:48:12.391119+00:00
[2023-05-25T04:48:12.457+0000] {processor.py:175} INFO - Processing /home/airflow/.local/lib/python3.7/site-packages/airflow/example_dags/example_latest_only_with_trigger.py took 0.259 seconds
[2023-05-25T04:48:44.428+0000] {processor.py:153} INFO - Started process (PID=805) to work on /home/airflow/.local/lib/python3.7/site-packages/airflow/example_dags/example_latest_only_with_trigger.py
[2023-05-25T04:48:44.434+0000] {processor.py:743} INFO - Processing file /home/airflow/.local/lib/python3.7/site-packages/airflow/example_dags/example_latest_only_with_trigger.py for tasks to queue
[2023-05-25T04:48:44.445+0000] {logging_mixin.py:137} INFO - [2023-05-25T04:48:44.445+0000] {dagbag.py:538} INFO - Filling up the DagBag from /home/airflow/.local/lib/python3.7/site-packages/airflow/example_dags/example_latest_only_with_trigger.py
[2023-05-25T04:48:44.502+0000] {processor.py:753} INFO - DAG(s) dict_keys(['latest_only_with_trigger']) retrieved from /home/airflow/.local/lib/python3.7/site-packages/airflow/example_dags/example_latest_only_with_trigger.py
[2023-05-25T04:48:44.639+0000] {logging_mixin.py:137} INFO - [2023-05-25T04:48:44.638+0000] {dag.py:2690} INFO - Sync 1 DAGs
[2023-05-25T04:48:44.799+0000] {logging_mixin.py:137} INFO - [2023-05-25T04:48:44.798+0000] {dag.py:3441} INFO - Setting next_dagrun for latest_only_with_trigger to 2023-05-25T00:48:44.798532+00:00, run_after=2023-05-25T04:48:44.798532+00:00
[2023-05-25T04:48:44.896+0000] {processor.py:175} INFO - Processing /home/airflow/.local/lib/python3.7/site-packages/airflow/example_dags/example_latest_only_with_trigger.py took 0.476 seconds
[2023-05-25T04:49:15.122+0000] {processor.py:153} INFO - Started process (PID=865) to work on /home/airflow/.local/lib/python3.7/site-packages/airflow/example_dags/example_latest_only_with_trigger.py
[2023-05-25T04:49:15.135+0000] {processor.py:743} INFO - Processing file /home/airflow/.local/lib/python3.7/site-packages/airflow/example_dags/example_latest_only_with_trigger.py for tasks to queue
[2023-05-25T04:49:15.144+0000] {logging_mixin.py:137} INFO - [2023-05-25T04:49:15.143+0000] {dagbag.py:538} INFO - Filling up the DagBag from /home/airflow/.local/lib/python3.7/site-packages/airflow/example_dags/example_latest_only_with_trigger.py
[2023-05-25T04:49:15.177+0000] {processor.py:753} INFO - DAG(s) dict_keys(['latest_only_with_trigger']) retrieved from /home/airflow/.local/lib/python3.7/site-packages/airflow/example_dags/example_latest_only_with_trigger.py
[2023-05-25T04:49:15.297+0000] {logging_mixin.py:137} INFO - [2023-05-25T04:49:15.296+0000] {dag.py:2690} INFO - Sync 1 DAGs
[2023-05-25T04:49:15.358+0000] {logging_mixin.py:137} INFO - [2023-05-25T04:49:15.357+0000] {dag.py:3441} INFO - Setting next_dagrun for latest_only_with_trigger to 2023-05-25T00:49:15.357571+00:00, run_after=2023-05-25T04:49:15.357571+00:00
[2023-05-25T04:49:15.390+0000] {processor.py:175} INFO - Processing /home/airflow/.local/lib/python3.7/site-packages/airflow/example_dags/example_latest_only_with_trigger.py took 0.278 seconds
[2023-05-25T04:49:45.904+0000] {processor.py:153} INFO - Started process (PID=935) to work on /home/airflow/.local/lib/python3.7/site-packages/airflow/example_dags/example_latest_only_with_trigger.py
[2023-05-25T04:49:45.907+0000] {processor.py:743} INFO - Processing file /home/airflow/.local/lib/python3.7/site-packages/airflow/example_dags/example_latest_only_with_trigger.py for tasks to queue
[2023-05-25T04:49:45.910+0000] {logging_mixin.py:137} INFO - [2023-05-25T04:49:45.909+0000] {dagbag.py:538} INFO - Filling up the DagBag from /home/airflow/.local/lib/python3.7/site-packages/airflow/example_dags/example_latest_only_with_trigger.py
[2023-05-25T04:49:45.938+0000] {processor.py:753} INFO - DAG(s) dict_keys(['latest_only_with_trigger']) retrieved from /home/airflow/.local/lib/python3.7/site-packages/airflow/example_dags/example_latest_only_with_trigger.py
[2023-05-25T04:49:45.981+0000] {logging_mixin.py:137} INFO - [2023-05-25T04:49:45.980+0000] {dag.py:2690} INFO - Sync 1 DAGs
[2023-05-25T04:49:46.025+0000] {logging_mixin.py:137} INFO - [2023-05-25T04:49:46.025+0000] {dag.py:3441} INFO - Setting next_dagrun for latest_only_with_trigger to 2023-05-25T00:49:46.024031+00:00, run_after=2023-05-25T04:49:46.024031+00:00
[2023-05-25T04:49:46.145+0000] {processor.py:175} INFO - Processing /home/airflow/.local/lib/python3.7/site-packages/airflow/example_dags/example_latest_only_with_trigger.py took 0.248 seconds
[2023-05-25T04:50:17.383+0000] {processor.py:153} INFO - Started process (PID=996) to work on /home/airflow/.local/lib/python3.7/site-packages/airflow/example_dags/example_latest_only_with_trigger.py
[2023-05-25T04:50:17.396+0000] {processor.py:743} INFO - Processing file /home/airflow/.local/lib/python3.7/site-packages/airflow/example_dags/example_latest_only_with_trigger.py for tasks to queue
[2023-05-25T04:50:17.401+0000] {logging_mixin.py:137} INFO - [2023-05-25T04:50:17.401+0000] {dagbag.py:538} INFO - Filling up the DagBag from /home/airflow/.local/lib/python3.7/site-packages/airflow/example_dags/example_latest_only_with_trigger.py
[2023-05-25T04:50:17.446+0000] {processor.py:753} INFO - DAG(s) dict_keys(['latest_only_with_trigger']) retrieved from /home/airflow/.local/lib/python3.7/site-packages/airflow/example_dags/example_latest_only_with_trigger.py
[2023-05-25T04:50:17.504+0000] {logging_mixin.py:137} INFO - [2023-05-25T04:50:17.503+0000] {dag.py:2690} INFO - Sync 1 DAGs
[2023-05-25T04:50:17.564+0000] {logging_mixin.py:137} INFO - [2023-05-25T04:50:17.564+0000] {dag.py:3441} INFO - Setting next_dagrun for latest_only_with_trigger to 2023-05-25T00:50:17.563910+00:00, run_after=2023-05-25T04:50:17.563910+00:00
[2023-05-25T04:50:17.598+0000] {processor.py:175} INFO - Processing /home/airflow/.local/lib/python3.7/site-packages/airflow/example_dags/example_latest_only_with_trigger.py took 0.240 seconds
[2023-05-25T04:50:48.704+0000] {processor.py:153} INFO - Started process (PID=1048) to work on /home/airflow/.local/lib/python3.7/site-packages/airflow/example_dags/example_latest_only_with_trigger.py
[2023-05-25T04:50:48.716+0000] {processor.py:743} INFO - Processing file /home/airflow/.local/lib/python3.7/site-packages/airflow/example_dags/example_latest_only_with_trigger.py for tasks to queue
[2023-05-25T04:50:48.718+0000] {logging_mixin.py:137} INFO - [2023-05-25T04:50:48.717+0000] {dagbag.py:538} INFO - Filling up the DagBag from /home/airflow/.local/lib/python3.7/site-packages/airflow/example_dags/example_latest_only_with_trigger.py
[2023-05-25T04:50:48.789+0000] {processor.py:753} INFO - DAG(s) dict_keys(['latest_only_with_trigger']) retrieved from /home/airflow/.local/lib/python3.7/site-packages/airflow/example_dags/example_latest_only_with_trigger.py
[2023-05-25T04:50:48.888+0000] {logging_mixin.py:137} INFO - [2023-05-25T04:50:48.888+0000] {dag.py:2690} INFO - Sync 1 DAGs
[2023-05-25T04:50:49.188+0000] {logging_mixin.py:137} INFO - [2023-05-25T04:50:49.188+0000] {dag.py:3441} INFO - Setting next_dagrun for latest_only_with_trigger to 2023-05-25T00:50:49.188097+00:00, run_after=2023-05-25T04:50:49.188097+00:00
[2023-05-25T04:50:49.498+0000] {processor.py:175} INFO - Processing /home/airflow/.local/lib/python3.7/site-packages/airflow/example_dags/example_latest_only_with_trigger.py took 0.799 seconds
[2023-05-25T04:51:20.694+0000] {processor.py:153} INFO - Started process (PID=1108) to work on /home/airflow/.local/lib/python3.7/site-packages/airflow/example_dags/example_latest_only_with_trigger.py
[2023-05-25T04:51:20.709+0000] {processor.py:743} INFO - Processing file /home/airflow/.local/lib/python3.7/site-packages/airflow/example_dags/example_latest_only_with_trigger.py for tasks to queue
[2023-05-25T04:51:20.715+0000] {logging_mixin.py:137} INFO - [2023-05-25T04:51:20.714+0000] {dagbag.py:538} INFO - Filling up the DagBag from /home/airflow/.local/lib/python3.7/site-packages/airflow/example_dags/example_latest_only_with_trigger.py
[2023-05-25T04:51:20.773+0000] {processor.py:753} INFO - DAG(s) dict_keys(['latest_only_with_trigger']) retrieved from /home/airflow/.local/lib/python3.7/site-packages/airflow/example_dags/example_latest_only_with_trigger.py
[2023-05-25T04:51:20.846+0000] {logging_mixin.py:137} INFO - [2023-05-25T04:51:20.846+0000] {dag.py:2690} INFO - Sync 1 DAGs
[2023-05-25T04:51:20.925+0000] {logging_mixin.py:137} INFO - [2023-05-25T04:51:20.925+0000] {dag.py:3441} INFO - Setting next_dagrun for latest_only_with_trigger to 2023-05-25T00:51:20.924767+00:00, run_after=2023-05-25T04:51:20.924767+00:00
[2023-05-25T04:51:20.997+0000] {processor.py:175} INFO - Processing /home/airflow/.local/lib/python3.7/site-packages/airflow/example_dags/example_latest_only_with_trigger.py took 0.308 seconds
[2023-05-25T04:51:55.221+0000] {processor.py:153} INFO - Started process (PID=1166) to work on /home/airflow/.local/lib/python3.7/site-packages/airflow/example_dags/example_latest_only_with_trigger.py
[2023-05-25T04:51:55.229+0000] {processor.py:743} INFO - Processing file /home/airflow/.local/lib/python3.7/site-packages/airflow/example_dags/example_latest_only_with_trigger.py for tasks to queue
[2023-05-25T04:51:55.234+0000] {logging_mixin.py:137} INFO - [2023-05-25T04:51:55.234+0000] {dagbag.py:538} INFO - Filling up the DagBag from /home/airflow/.local/lib/python3.7/site-packages/airflow/example_dags/example_latest_only_with_trigger.py
[2023-05-25T04:51:55.352+0000] {processor.py:753} INFO - DAG(s) dict_keys(['latest_only_with_trigger']) retrieved from /home/airflow/.local/lib/python3.7/site-packages/airflow/example_dags/example_latest_only_with_trigger.py
[2023-05-25T04:51:55.662+0000] {logging_mixin.py:137} INFO - [2023-05-25T04:51:55.657+0000] {dag.py:2690} INFO - Sync 1 DAGs
[2023-05-25T04:51:55.884+0000] {logging_mixin.py:137} INFO - [2023-05-25T04:51:55.884+0000] {dag.py:3441} INFO - Setting next_dagrun for latest_only_with_trigger to 2023-05-25T00:51:55.883601+00:00, run_after=2023-05-25T04:51:55.883601+00:00
[2023-05-25T04:51:56.256+0000] {processor.py:175} INFO - Processing /home/airflow/.local/lib/python3.7/site-packages/airflow/example_dags/example_latest_only_with_trigger.py took 1.063 seconds
[2023-05-25T04:52:26.641+0000] {processor.py:153} INFO - Started process (PID=1217) to work on /home/airflow/.local/lib/python3.7/site-packages/airflow/example_dags/example_latest_only_with_trigger.py
[2023-05-25T04:52:26.655+0000] {processor.py:743} INFO - Processing file /home/airflow/.local/lib/python3.7/site-packages/airflow/example_dags/example_latest_only_with_trigger.py for tasks to queue
[2023-05-25T04:52:26.657+0000] {logging_mixin.py:137} INFO - [2023-05-25T04:52:26.657+0000] {dagbag.py:538} INFO - Filling up the DagBag from /home/airflow/.local/lib/python3.7/site-packages/airflow/example_dags/example_latest_only_with_trigger.py
[2023-05-25T04:52:26.716+0000] {processor.py:753} INFO - DAG(s) dict_keys(['latest_only_with_trigger']) retrieved from /home/airflow/.local/lib/python3.7/site-packages/airflow/example_dags/example_latest_only_with_trigger.py
[2023-05-25T04:52:26.774+0000] {logging_mixin.py:137} INFO - [2023-05-25T04:52:26.773+0000] {dag.py:2690} INFO - Sync 1 DAGs
[2023-05-25T04:52:26.835+0000] {logging_mixin.py:137} INFO - [2023-05-25T04:52:26.835+0000] {dag.py:3441} INFO - Setting next_dagrun for latest_only_with_trigger to 2023-05-25T00:52:26.834834+00:00, run_after=2023-05-25T04:52:26.834834+00:00
[2023-05-25T04:52:26.872+0000] {processor.py:175} INFO - Processing /home/airflow/.local/lib/python3.7/site-packages/airflow/example_dags/example_latest_only_with_trigger.py took 0.235 seconds
[2023-05-25T04:52:57.545+0000] {processor.py:153} INFO - Started process (PID=1277) to work on /home/airflow/.local/lib/python3.7/site-packages/airflow/example_dags/example_latest_only_with_trigger.py
[2023-05-25T04:52:57.557+0000] {processor.py:743} INFO - Processing file /home/airflow/.local/lib/python3.7/site-packages/airflow/example_dags/example_latest_only_with_trigger.py for tasks to queue
[2023-05-25T04:52:57.562+0000] {logging_mixin.py:137} INFO - [2023-05-25T04:52:57.562+0000] {dagbag.py:538} INFO - Filling up the DagBag from /home/airflow/.local/lib/python3.7/site-packages/airflow/example_dags/example_latest_only_with_trigger.py
[2023-05-25T04:52:57.592+0000] {processor.py:753} INFO - DAG(s) dict_keys(['latest_only_with_trigger']) retrieved from /home/airflow/.local/lib/python3.7/site-packages/airflow/example_dags/example_latest_only_with_trigger.py
[2023-05-25T04:52:57.635+0000] {logging_mixin.py:137} INFO - [2023-05-25T04:52:57.635+0000] {dag.py:2690} INFO - Sync 1 DAGs
[2023-05-25T04:52:57.677+0000] {logging_mixin.py:137} INFO - [2023-05-25T04:52:57.676+0000] {dag.py:3441} INFO - Setting next_dagrun for latest_only_with_trigger to 2023-05-25T00:52:57.676469+00:00, run_after=2023-05-25T04:52:57.676469+00:00
[2023-05-25T04:52:57.706+0000] {processor.py:175} INFO - Processing /home/airflow/.local/lib/python3.7/site-packages/airflow/example_dags/example_latest_only_with_trigger.py took 0.166 seconds
[2023-05-25T04:53:28.518+0000] {processor.py:153} INFO - Started process (PID=1338) to work on /home/airflow/.local/lib/python3.7/site-packages/airflow/example_dags/example_latest_only_with_trigger.py
[2023-05-25T04:53:28.524+0000] {processor.py:743} INFO - Processing file /home/airflow/.local/lib/python3.7/site-packages/airflow/example_dags/example_latest_only_with_trigger.py for tasks to queue
[2023-05-25T04:53:28.527+0000] {logging_mixin.py:137} INFO - [2023-05-25T04:53:28.526+0000] {dagbag.py:538} INFO - Filling up the DagBag from /home/airflow/.local/lib/python3.7/site-packages/airflow/example_dags/example_latest_only_with_trigger.py
[2023-05-25T04:53:28.548+0000] {processor.py:753} INFO - DAG(s) dict_keys(['latest_only_with_trigger']) retrieved from /home/airflow/.local/lib/python3.7/site-packages/airflow/example_dags/example_latest_only_with_trigger.py
[2023-05-25T04:53:28.582+0000] {logging_mixin.py:137} INFO - [2023-05-25T04:53:28.582+0000] {dag.py:2690} INFO - Sync 1 DAGs
[2023-05-25T04:53:28.625+0000] {logging_mixin.py:137} INFO - [2023-05-25T04:53:28.625+0000] {dag.py:3441} INFO - Setting next_dagrun for latest_only_with_trigger to 2023-05-25T00:53:28.625132+00:00, run_after=2023-05-25T04:53:28.625132+00:00
[2023-05-25T04:53:28.684+0000] {processor.py:175} INFO - Processing /home/airflow/.local/lib/python3.7/site-packages/airflow/example_dags/example_latest_only_with_trigger.py took 0.170 seconds
[2023-05-25T04:53:58.972+0000] {processor.py:153} INFO - Started process (PID=1397) to work on /home/airflow/.local/lib/python3.7/site-packages/airflow/example_dags/example_latest_only_with_trigger.py
[2023-05-25T04:53:58.981+0000] {processor.py:743} INFO - Processing file /home/airflow/.local/lib/python3.7/site-packages/airflow/example_dags/example_latest_only_with_trigger.py for tasks to queue
[2023-05-25T04:53:58.989+0000] {logging_mixin.py:137} INFO - [2023-05-25T04:53:58.987+0000] {dagbag.py:538} INFO - Filling up the DagBag from /home/airflow/.local/lib/python3.7/site-packages/airflow/example_dags/example_latest_only_with_trigger.py
[2023-05-25T04:53:59.032+0000] {processor.py:753} INFO - DAG(s) dict_keys(['latest_only_with_trigger']) retrieved from /home/airflow/.local/lib/python3.7/site-packages/airflow/example_dags/example_latest_only_with_trigger.py
[2023-05-25T04:53:59.102+0000] {logging_mixin.py:137} INFO - [2023-05-25T04:53:59.102+0000] {dag.py:2690} INFO - Sync 1 DAGs
[2023-05-25T04:53:59.175+0000] {logging_mixin.py:137} INFO - [2023-05-25T04:53:59.175+0000] {dag.py:3441} INFO - Setting next_dagrun for latest_only_with_trigger to 2023-05-25T00:53:59.174759+00:00, run_after=2023-05-25T04:53:59.174759+00:00
[2023-05-25T04:53:59.213+0000] {processor.py:175} INFO - Processing /home/airflow/.local/lib/python3.7/site-packages/airflow/example_dags/example_latest_only_with_trigger.py took 0.246 seconds
[2023-05-25T04:54:29.725+0000] {processor.py:153} INFO - Started process (PID=1457) to work on /home/airflow/.local/lib/python3.7/site-packages/airflow/example_dags/example_latest_only_with_trigger.py
[2023-05-25T04:54:29.748+0000] {processor.py:743} INFO - Processing file /home/airflow/.local/lib/python3.7/site-packages/airflow/example_dags/example_latest_only_with_trigger.py for tasks to queue
[2023-05-25T04:54:29.754+0000] {logging_mixin.py:137} INFO - [2023-05-25T04:54:29.754+0000] {dagbag.py:538} INFO - Filling up the DagBag from /home/airflow/.local/lib/python3.7/site-packages/airflow/example_dags/example_latest_only_with_trigger.py
[2023-05-25T04:54:30.104+0000] {processor.py:753} INFO - DAG(s) dict_keys(['latest_only_with_trigger']) retrieved from /home/airflow/.local/lib/python3.7/site-packages/airflow/example_dags/example_latest_only_with_trigger.py
[2023-05-25T04:54:30.668+0000] {logging_mixin.py:137} INFO - [2023-05-25T04:54:30.666+0000] {dag.py:2690} INFO - Sync 1 DAGs
[2023-05-25T04:54:31.025+0000] {logging_mixin.py:137} INFO - [2023-05-25T04:54:31.023+0000] {dag.py:3441} INFO - Setting next_dagrun for latest_only_with_trigger to 2023-05-25T00:54:31.023018+00:00, run_after=2023-05-25T04:54:31.023018+00:00
[2023-05-25T04:54:31.164+0000] {processor.py:175} INFO - Processing /home/airflow/.local/lib/python3.7/site-packages/airflow/example_dags/example_latest_only_with_trigger.py took 1.473 seconds
[2023-05-25T04:55:01.880+0000] {processor.py:153} INFO - Started process (PID=1517) to work on /home/airflow/.local/lib/python3.7/site-packages/airflow/example_dags/example_latest_only_with_trigger.py
[2023-05-25T04:55:01.884+0000] {processor.py:743} INFO - Processing file /home/airflow/.local/lib/python3.7/site-packages/airflow/example_dags/example_latest_only_with_trigger.py for tasks to queue
[2023-05-25T04:55:01.887+0000] {logging_mixin.py:137} INFO - [2023-05-25T04:55:01.886+0000] {dagbag.py:538} INFO - Filling up the DagBag from /home/airflow/.local/lib/python3.7/site-packages/airflow/example_dags/example_latest_only_with_trigger.py
[2023-05-25T04:55:01.920+0000] {processor.py:753} INFO - DAG(s) dict_keys(['latest_only_with_trigger']) retrieved from /home/airflow/.local/lib/python3.7/site-packages/airflow/example_dags/example_latest_only_with_trigger.py
[2023-05-25T04:55:01.965+0000] {logging_mixin.py:137} INFO - [2023-05-25T04:55:01.965+0000] {dag.py:2690} INFO - Sync 1 DAGs
[2023-05-25T04:55:02.017+0000] {logging_mixin.py:137} INFO - [2023-05-25T04:55:02.016+0000] {dag.py:3441} INFO - Setting next_dagrun for latest_only_with_trigger to 2023-05-25T00:55:02.016421+00:00, run_after=2023-05-25T04:55:02.016421+00:00
[2023-05-25T04:55:02.055+0000] {processor.py:175} INFO - Processing /home/airflow/.local/lib/python3.7/site-packages/airflow/example_dags/example_latest_only_with_trigger.py took 0.182 seconds
[2023-05-25T04:55:32.445+0000] {processor.py:153} INFO - Started process (PID=1578) to work on /home/airflow/.local/lib/python3.7/site-packages/airflow/example_dags/example_latest_only_with_trigger.py
[2023-05-25T04:55:32.451+0000] {processor.py:743} INFO - Processing file /home/airflow/.local/lib/python3.7/site-packages/airflow/example_dags/example_latest_only_with_trigger.py for tasks to queue
[2023-05-25T04:55:32.458+0000] {logging_mixin.py:137} INFO - [2023-05-25T04:55:32.458+0000] {dagbag.py:538} INFO - Filling up the DagBag from /home/airflow/.local/lib/python3.7/site-packages/airflow/example_dags/example_latest_only_with_trigger.py
[2023-05-25T04:55:32.516+0000] {processor.py:753} INFO - DAG(s) dict_keys(['latest_only_with_trigger']) retrieved from /home/airflow/.local/lib/python3.7/site-packages/airflow/example_dags/example_latest_only_with_trigger.py
[2023-05-25T04:55:32.605+0000] {logging_mixin.py:137} INFO - [2023-05-25T04:55:32.605+0000] {dag.py:2690} INFO - Sync 1 DAGs
[2023-05-25T04:55:32.762+0000] {logging_mixin.py:137} INFO - [2023-05-25T04:55:32.762+0000] {dag.py:3441} INFO - Setting next_dagrun for latest_only_with_trigger to 2023-05-25T00:55:32.761725+00:00, run_after=2023-05-25T04:55:32.761725+00:00
[2023-05-25T04:55:32.848+0000] {processor.py:175} INFO - Processing /home/airflow/.local/lib/python3.7/site-packages/airflow/example_dags/example_latest_only_with_trigger.py took 0.427 seconds
[2023-05-25T04:56:03.514+0000] {processor.py:153} INFO - Started process (PID=1638) to work on /home/airflow/.local/lib/python3.7/site-packages/airflow/example_dags/example_latest_only_with_trigger.py
[2023-05-25T04:56:03.518+0000] {processor.py:743} INFO - Processing file /home/airflow/.local/lib/python3.7/site-packages/airflow/example_dags/example_latest_only_with_trigger.py for tasks to queue
[2023-05-25T04:56:03.525+0000] {logging_mixin.py:137} INFO - [2023-05-25T04:56:03.525+0000] {dagbag.py:538} INFO - Filling up the DagBag from /home/airflow/.local/lib/python3.7/site-packages/airflow/example_dags/example_latest_only_with_trigger.py
[2023-05-25T04:56:03.552+0000] {processor.py:753} INFO - DAG(s) dict_keys(['latest_only_with_trigger']) retrieved from /home/airflow/.local/lib/python3.7/site-packages/airflow/example_dags/example_latest_only_with_trigger.py
[2023-05-25T04:56:03.591+0000] {logging_mixin.py:137} INFO - [2023-05-25T04:56:03.591+0000] {dag.py:2690} INFO - Sync 1 DAGs
[2023-05-25T04:56:03.628+0000] {logging_mixin.py:137} INFO - [2023-05-25T04:56:03.628+0000] {dag.py:3441} INFO - Setting next_dagrun for latest_only_with_trigger to 2023-05-25T00:56:03.627622+00:00, run_after=2023-05-25T04:56:03.627622+00:00
[2023-05-25T04:56:03.666+0000] {processor.py:175} INFO - Processing /home/airflow/.local/lib/python3.7/site-packages/airflow/example_dags/example_latest_only_with_trigger.py took 0.159 seconds
[2023-05-25T04:56:33.801+0000] {processor.py:153} INFO - Started process (PID=1697) to work on /home/airflow/.local/lib/python3.7/site-packages/airflow/example_dags/example_latest_only_with_trigger.py
[2023-05-25T04:56:33.814+0000] {processor.py:743} INFO - Processing file /home/airflow/.local/lib/python3.7/site-packages/airflow/example_dags/example_latest_only_with_trigger.py for tasks to queue
[2023-05-25T04:56:33.824+0000] {logging_mixin.py:137} INFO - [2023-05-25T04:56:33.823+0000] {dagbag.py:538} INFO - Filling up the DagBag from /home/airflow/.local/lib/python3.7/site-packages/airflow/example_dags/example_latest_only_with_trigger.py
[2023-05-25T04:56:33.848+0000] {processor.py:753} INFO - DAG(s) dict_keys(['latest_only_with_trigger']) retrieved from /home/airflow/.local/lib/python3.7/site-packages/airflow/example_dags/example_latest_only_with_trigger.py
[2023-05-25T04:56:33.887+0000] {logging_mixin.py:137} INFO - [2023-05-25T04:56:33.886+0000] {dag.py:2690} INFO - Sync 1 DAGs
[2023-05-25T04:56:33.927+0000] {logging_mixin.py:137} INFO - [2023-05-25T04:56:33.926+0000] {dag.py:3441} INFO - Setting next_dagrun for latest_only_with_trigger to 2023-05-25T00:56:33.926036+00:00, run_after=2023-05-25T04:56:33.926036+00:00
[2023-05-25T04:56:33.970+0000] {processor.py:175} INFO - Processing /home/airflow/.local/lib/python3.7/site-packages/airflow/example_dags/example_latest_only_with_trigger.py took 0.174 seconds
[2023-05-25T04:57:09.338+0000] {processor.py:153} INFO - Started process (PID=1766) to work on /home/airflow/.local/lib/python3.7/site-packages/airflow/example_dags/example_latest_only_with_trigger.py
[2023-05-25T04:57:09.345+0000] {processor.py:743} INFO - Processing file /home/airflow/.local/lib/python3.7/site-packages/airflow/example_dags/example_latest_only_with_trigger.py for tasks to queue
[2023-05-25T04:57:09.348+0000] {logging_mixin.py:137} INFO - [2023-05-25T04:57:09.348+0000] {dagbag.py:538} INFO - Filling up the DagBag from /home/airflow/.local/lib/python3.7/site-packages/airflow/example_dags/example_latest_only_with_trigger.py
[2023-05-25T04:57:09.372+0000] {processor.py:753} INFO - DAG(s) dict_keys(['latest_only_with_trigger']) retrieved from /home/airflow/.local/lib/python3.7/site-packages/airflow/example_dags/example_latest_only_with_trigger.py
[2023-05-25T04:57:09.474+0000] {logging_mixin.py:137} INFO - [2023-05-25T04:57:09.473+0000] {dag.py:2690} INFO - Sync 1 DAGs
[2023-05-25T04:57:09.666+0000] {logging_mixin.py:137} INFO - [2023-05-25T04:57:09.666+0000] {dag.py:3441} INFO - Setting next_dagrun for latest_only_with_trigger to 2023-05-25T00:57:09.666179+00:00, run_after=2023-05-25T04:57:09.666179+00:00
[2023-05-25T04:57:09.764+0000] {processor.py:175} INFO - Processing /home/airflow/.local/lib/python3.7/site-packages/airflow/example_dags/example_latest_only_with_trigger.py took 0.439 seconds
[2023-05-25T04:57:40.462+0000] {processor.py:153} INFO - Started process (PID=1827) to work on /home/airflow/.local/lib/python3.7/site-packages/airflow/example_dags/example_latest_only_with_trigger.py
[2023-05-25T04:57:40.468+0000] {processor.py:743} INFO - Processing file /home/airflow/.local/lib/python3.7/site-packages/airflow/example_dags/example_latest_only_with_trigger.py for tasks to queue
[2023-05-25T04:57:40.472+0000] {logging_mixin.py:137} INFO - [2023-05-25T04:57:40.472+0000] {dagbag.py:538} INFO - Filling up the DagBag from /home/airflow/.local/lib/python3.7/site-packages/airflow/example_dags/example_latest_only_with_trigger.py
[2023-05-25T04:57:40.618+0000] {processor.py:753} INFO - DAG(s) dict_keys(['latest_only_with_trigger']) retrieved from /home/airflow/.local/lib/python3.7/site-packages/airflow/example_dags/example_latest_only_with_trigger.py
[2023-05-25T04:57:40.809+0000] {logging_mixin.py:137} INFO - [2023-05-25T04:57:40.808+0000] {dag.py:2690} INFO - Sync 1 DAGs
[2023-05-25T04:57:40.981+0000] {logging_mixin.py:137} INFO - [2023-05-25T04:57:40.981+0000] {dag.py:3441} INFO - Setting next_dagrun for latest_only_with_trigger to 2023-05-25T00:57:40.979639+00:00, run_after=2023-05-25T04:57:40.979639+00:00
[2023-05-25T04:57:41.169+0000] {processor.py:175} INFO - Processing /home/airflow/.local/lib/python3.7/site-packages/airflow/example_dags/example_latest_only_with_trigger.py took 0.729 seconds
[2023-05-25T04:58:11.435+0000] {processor.py:153} INFO - Started process (PID=1877) to work on /home/airflow/.local/lib/python3.7/site-packages/airflow/example_dags/example_latest_only_with_trigger.py
[2023-05-25T04:58:11.445+0000] {processor.py:743} INFO - Processing file /home/airflow/.local/lib/python3.7/site-packages/airflow/example_dags/example_latest_only_with_trigger.py for tasks to queue
[2023-05-25T04:58:11.447+0000] {logging_mixin.py:137} INFO - [2023-05-25T04:58:11.447+0000] {dagbag.py:538} INFO - Filling up the DagBag from /home/airflow/.local/lib/python3.7/site-packages/airflow/example_dags/example_latest_only_with_trigger.py
[2023-05-25T04:58:11.471+0000] {processor.py:753} INFO - DAG(s) dict_keys(['latest_only_with_trigger']) retrieved from /home/airflow/.local/lib/python3.7/site-packages/airflow/example_dags/example_latest_only_with_trigger.py
[2023-05-25T04:58:11.523+0000] {logging_mixin.py:137} INFO - [2023-05-25T04:58:11.523+0000] {dag.py:2690} INFO - Sync 1 DAGs
[2023-05-25T04:58:11.578+0000] {logging_mixin.py:137} INFO - [2023-05-25T04:58:11.577+0000] {dag.py:3441} INFO - Setting next_dagrun for latest_only_with_trigger to 2023-05-25T00:58:11.576920+00:00, run_after=2023-05-25T04:58:11.576920+00:00
[2023-05-25T04:58:11.617+0000] {processor.py:175} INFO - Processing /home/airflow/.local/lib/python3.7/site-packages/airflow/example_dags/example_latest_only_with_trigger.py took 0.193 seconds
[2023-05-25T04:58:41.727+0000] {processor.py:153} INFO - Started process (PID=1936) to work on /home/airflow/.local/lib/python3.7/site-packages/airflow/example_dags/example_latest_only_with_trigger.py
[2023-05-25T04:58:41.732+0000] {processor.py:743} INFO - Processing file /home/airflow/.local/lib/python3.7/site-packages/airflow/example_dags/example_latest_only_with_trigger.py for tasks to queue
[2023-05-25T04:58:41.735+0000] {logging_mixin.py:137} INFO - [2023-05-25T04:58:41.734+0000] {dagbag.py:538} INFO - Filling up the DagBag from /home/airflow/.local/lib/python3.7/site-packages/airflow/example_dags/example_latest_only_with_trigger.py
[2023-05-25T04:58:41.809+0000] {processor.py:753} INFO - DAG(s) dict_keys(['latest_only_with_trigger']) retrieved from /home/airflow/.local/lib/python3.7/site-packages/airflow/example_dags/example_latest_only_with_trigger.py
[2023-05-25T04:58:41.892+0000] {logging_mixin.py:137} INFO - [2023-05-25T04:58:41.891+0000] {dag.py:2690} INFO - Sync 1 DAGs
[2023-05-25T04:58:41.958+0000] {logging_mixin.py:137} INFO - [2023-05-25T04:58:41.958+0000] {dag.py:3441} INFO - Setting next_dagrun for latest_only_with_trigger to 2023-05-25T00:58:41.957920+00:00, run_after=2023-05-25T04:58:41.957920+00:00
[2023-05-25T04:58:42.021+0000] {processor.py:175} INFO - Processing /home/airflow/.local/lib/python3.7/site-packages/airflow/example_dags/example_latest_only_with_trigger.py took 0.302 seconds
[2023-05-25T04:59:12.388+0000] {processor.py:153} INFO - Started process (PID=2007) to work on /home/airflow/.local/lib/python3.7/site-packages/airflow/example_dags/example_latest_only_with_trigger.py
[2023-05-25T04:59:12.392+0000] {processor.py:743} INFO - Processing file /home/airflow/.local/lib/python3.7/site-packages/airflow/example_dags/example_latest_only_with_trigger.py for tasks to queue
[2023-05-25T04:59:12.396+0000] {logging_mixin.py:137} INFO - [2023-05-25T04:59:12.396+0000] {dagbag.py:538} INFO - Filling up the DagBag from /home/airflow/.local/lib/python3.7/site-packages/airflow/example_dags/example_latest_only_with_trigger.py
[2023-05-25T04:59:12.419+0000] {processor.py:753} INFO - DAG(s) dict_keys(['latest_only_with_trigger']) retrieved from /home/airflow/.local/lib/python3.7/site-packages/airflow/example_dags/example_latest_only_with_trigger.py
[2023-05-25T04:59:12.468+0000] {logging_mixin.py:137} INFO - [2023-05-25T04:59:12.467+0000] {dag.py:2690} INFO - Sync 1 DAGs
[2023-05-25T04:59:12.514+0000] {logging_mixin.py:137} INFO - [2023-05-25T04:59:12.513+0000] {dag.py:3441} INFO - Setting next_dagrun for latest_only_with_trigger to 2023-05-25T00:59:12.513032+00:00, run_after=2023-05-25T04:59:12.513032+00:00
[2023-05-25T04:59:12.545+0000] {processor.py:175} INFO - Processing /home/airflow/.local/lib/python3.7/site-packages/airflow/example_dags/example_latest_only_with_trigger.py took 0.177 seconds
[2023-05-25T04:59:43.398+0000] {processor.py:153} INFO - Started process (PID=2066) to work on /home/airflow/.local/lib/python3.7/site-packages/airflow/example_dags/example_latest_only_with_trigger.py
[2023-05-25T04:59:43.401+0000] {processor.py:743} INFO - Processing file /home/airflow/.local/lib/python3.7/site-packages/airflow/example_dags/example_latest_only_with_trigger.py for tasks to queue
[2023-05-25T04:59:43.405+0000] {logging_mixin.py:137} INFO - [2023-05-25T04:59:43.404+0000] {dagbag.py:538} INFO - Filling up the DagBag from /home/airflow/.local/lib/python3.7/site-packages/airflow/example_dags/example_latest_only_with_trigger.py
[2023-05-25T04:59:43.435+0000] {processor.py:753} INFO - DAG(s) dict_keys(['latest_only_with_trigger']) retrieved from /home/airflow/.local/lib/python3.7/site-packages/airflow/example_dags/example_latest_only_with_trigger.py
[2023-05-25T04:59:43.490+0000] {logging_mixin.py:137} INFO - [2023-05-25T04:59:43.489+0000] {dag.py:2690} INFO - Sync 1 DAGs
[2023-05-25T04:59:43.538+0000] {logging_mixin.py:137} INFO - [2023-05-25T04:59:43.538+0000] {dag.py:3441} INFO - Setting next_dagrun for latest_only_with_trigger to 2023-05-25T00:59:43.537598+00:00, run_after=2023-05-25T04:59:43.537598+00:00
[2023-05-25T04:59:43.585+0000] {processor.py:175} INFO - Processing /home/airflow/.local/lib/python3.7/site-packages/airflow/example_dags/example_latest_only_with_trigger.py took 0.195 seconds
[2023-05-25T05:00:13.688+0000] {processor.py:153} INFO - Started process (PID=2126) to work on /home/airflow/.local/lib/python3.7/site-packages/airflow/example_dags/example_latest_only_with_trigger.py
[2023-05-25T05:00:13.691+0000] {processor.py:743} INFO - Processing file /home/airflow/.local/lib/python3.7/site-packages/airflow/example_dags/example_latest_only_with_trigger.py for tasks to queue
[2023-05-25T05:00:13.695+0000] {logging_mixin.py:137} INFO - [2023-05-25T05:00:13.694+0000] {dagbag.py:538} INFO - Filling up the DagBag from /home/airflow/.local/lib/python3.7/site-packages/airflow/example_dags/example_latest_only_with_trigger.py
[2023-05-25T05:00:13.725+0000] {processor.py:753} INFO - DAG(s) dict_keys(['latest_only_with_trigger']) retrieved from /home/airflow/.local/lib/python3.7/site-packages/airflow/example_dags/example_latest_only_with_trigger.py
[2023-05-25T05:00:13.781+0000] {logging_mixin.py:137} INFO - [2023-05-25T05:00:13.781+0000] {dag.py:2690} INFO - Sync 1 DAGs
[2023-05-25T05:00:13.844+0000] {logging_mixin.py:137} INFO - [2023-05-25T05:00:13.844+0000] {dag.py:3441} INFO - Setting next_dagrun for latest_only_with_trigger to 2023-05-25T01:00:13.843889+00:00, run_after=2023-05-25T05:00:13.843889+00:00
[2023-05-25T05:00:13.887+0000] {processor.py:175} INFO - Processing /home/airflow/.local/lib/python3.7/site-packages/airflow/example_dags/example_latest_only_with_trigger.py took 0.209 seconds
[2023-05-25T05:00:44.116+0000] {processor.py:153} INFO - Started process (PID=2185) to work on /home/airflow/.local/lib/python3.7/site-packages/airflow/example_dags/example_latest_only_with_trigger.py
[2023-05-25T05:00:44.126+0000] {processor.py:743} INFO - Processing file /home/airflow/.local/lib/python3.7/site-packages/airflow/example_dags/example_latest_only_with_trigger.py for tasks to queue
[2023-05-25T05:00:44.129+0000] {logging_mixin.py:137} INFO - [2023-05-25T05:00:44.129+0000] {dagbag.py:538} INFO - Filling up the DagBag from /home/airflow/.local/lib/python3.7/site-packages/airflow/example_dags/example_latest_only_with_trigger.py
[2023-05-25T05:00:44.167+0000] {processor.py:753} INFO - DAG(s) dict_keys(['latest_only_with_trigger']) retrieved from /home/airflow/.local/lib/python3.7/site-packages/airflow/example_dags/example_latest_only_with_trigger.py
[2023-05-25T05:00:44.267+0000] {logging_mixin.py:137} INFO - [2023-05-25T05:00:44.266+0000] {dag.py:2690} INFO - Sync 1 DAGs
[2023-05-25T05:00:44.347+0000] {logging_mixin.py:137} INFO - [2023-05-25T05:00:44.347+0000] {dag.py:3441} INFO - Setting next_dagrun for latest_only_with_trigger to 2023-05-25T01:00:44.347073+00:00, run_after=2023-05-25T05:00:44.347073+00:00
[2023-05-25T05:00:44.418+0000] {processor.py:175} INFO - Processing /home/airflow/.local/lib/python3.7/site-packages/airflow/example_dags/example_latest_only_with_trigger.py took 0.326 seconds
[2023-05-25T05:01:15.222+0000] {processor.py:153} INFO - Started process (PID=2245) to work on /home/airflow/.local/lib/python3.7/site-packages/airflow/example_dags/example_latest_only_with_trigger.py
[2023-05-25T05:01:15.240+0000] {processor.py:743} INFO - Processing file /home/airflow/.local/lib/python3.7/site-packages/airflow/example_dags/example_latest_only_with_trigger.py for tasks to queue
[2023-05-25T05:01:15.248+0000] {logging_mixin.py:137} INFO - [2023-05-25T05:01:15.248+0000] {dagbag.py:538} INFO - Filling up the DagBag from /home/airflow/.local/lib/python3.7/site-packages/airflow/example_dags/example_latest_only_with_trigger.py
[2023-05-25T05:01:15.428+0000] {processor.py:753} INFO - DAG(s) dict_keys(['latest_only_with_trigger']) retrieved from /home/airflow/.local/lib/python3.7/site-packages/airflow/example_dags/example_latest_only_with_trigger.py
[2023-05-25T05:01:15.601+0000] {logging_mixin.py:137} INFO - [2023-05-25T05:01:15.600+0000] {dag.py:2690} INFO - Sync 1 DAGs
[2023-05-25T05:01:15.796+0000] {logging_mixin.py:137} INFO - [2023-05-25T05:01:15.796+0000] {dag.py:3441} INFO - Setting next_dagrun for latest_only_with_trigger to 2023-05-25T01:01:15.795590+00:00, run_after=2023-05-25T05:01:15.795590+00:00
[2023-05-25T05:01:15.961+0000] {processor.py:175} INFO - Processing /home/airflow/.local/lib/python3.7/site-packages/airflow/example_dags/example_latest_only_with_trigger.py took 0.884 seconds
[2023-05-25T05:01:46.223+0000] {processor.py:153} INFO - Started process (PID=2312) to work on /home/airflow/.local/lib/python3.7/site-packages/airflow/example_dags/example_latest_only_with_trigger.py
[2023-05-25T05:01:46.229+0000] {processor.py:743} INFO - Processing file /home/airflow/.local/lib/python3.7/site-packages/airflow/example_dags/example_latest_only_with_trigger.py for tasks to queue
[2023-05-25T05:01:46.232+0000] {logging_mixin.py:137} INFO - [2023-05-25T05:01:46.231+0000] {dagbag.py:538} INFO - Filling up the DagBag from /home/airflow/.local/lib/python3.7/site-packages/airflow/example_dags/example_latest_only_with_trigger.py
[2023-05-25T05:01:46.255+0000] {processor.py:753} INFO - DAG(s) dict_keys(['latest_only_with_trigger']) retrieved from /home/airflow/.local/lib/python3.7/site-packages/airflow/example_dags/example_latest_only_with_trigger.py
[2023-05-25T05:01:46.301+0000] {logging_mixin.py:137} INFO - [2023-05-25T05:01:46.301+0000] {dag.py:2690} INFO - Sync 1 DAGs
[2023-05-25T05:01:46.343+0000] {logging_mixin.py:137} INFO - [2023-05-25T05:01:46.342+0000] {dag.py:3441} INFO - Setting next_dagrun for latest_only_with_trigger to 2023-05-25T01:01:46.342539+00:00, run_after=2023-05-25T05:01:46.342539+00:00
[2023-05-25T05:01:46.375+0000] {processor.py:175} INFO - Processing /home/airflow/.local/lib/python3.7/site-packages/airflow/example_dags/example_latest_only_with_trigger.py took 0.180 seconds
[2023-05-25T05:02:16.673+0000] {processor.py:153} INFO - Started process (PID=2364) to work on /home/airflow/.local/lib/python3.7/site-packages/airflow/example_dags/example_latest_only_with_trigger.py
[2023-05-25T05:02:16.681+0000] {processor.py:743} INFO - Processing file /home/airflow/.local/lib/python3.7/site-packages/airflow/example_dags/example_latest_only_with_trigger.py for tasks to queue
[2023-05-25T05:02:16.688+0000] {logging_mixin.py:137} INFO - [2023-05-25T05:02:16.687+0000] {dagbag.py:538} INFO - Filling up the DagBag from /home/airflow/.local/lib/python3.7/site-packages/airflow/example_dags/example_latest_only_with_trigger.py
[2023-05-25T05:02:16.736+0000] {processor.py:753} INFO - DAG(s) dict_keys(['latest_only_with_trigger']) retrieved from /home/airflow/.local/lib/python3.7/site-packages/airflow/example_dags/example_latest_only_with_trigger.py
[2023-05-25T05:02:16.846+0000] {logging_mixin.py:137} INFO - [2023-05-25T05:02:16.846+0000] {dag.py:2690} INFO - Sync 1 DAGs
[2023-05-25T05:02:16.919+0000] {logging_mixin.py:137} INFO - [2023-05-25T05:02:16.918+0000] {dag.py:3441} INFO - Setting next_dagrun for latest_only_with_trigger to 2023-05-25T01:02:16.918517+00:00, run_after=2023-05-25T05:02:16.918517+00:00
[2023-05-25T05:02:16.985+0000] {processor.py:175} INFO - Processing /home/airflow/.local/lib/python3.7/site-packages/airflow/example_dags/example_latest_only_with_trigger.py took 0.324 seconds
[2023-05-25T05:02:47.338+0000] {processor.py:153} INFO - Started process (PID=2423) to work on /home/airflow/.local/lib/python3.7/site-packages/airflow/example_dags/example_latest_only_with_trigger.py
[2023-05-25T05:02:47.345+0000] {processor.py:743} INFO - Processing file /home/airflow/.local/lib/python3.7/site-packages/airflow/example_dags/example_latest_only_with_trigger.py for tasks to queue
[2023-05-25T05:02:47.349+0000] {logging_mixin.py:137} INFO - [2023-05-25T05:02:47.348+0000] {dagbag.py:538} INFO - Filling up the DagBag from /home/airflow/.local/lib/python3.7/site-packages/airflow/example_dags/example_latest_only_with_trigger.py
[2023-05-25T05:02:47.387+0000] {processor.py:753} INFO - DAG(s) dict_keys(['latest_only_with_trigger']) retrieved from /home/airflow/.local/lib/python3.7/site-packages/airflow/example_dags/example_latest_only_with_trigger.py
[2023-05-25T05:02:47.535+0000] {logging_mixin.py:137} INFO - [2023-05-25T05:02:47.535+0000] {dag.py:2690} INFO - Sync 1 DAGs
[2023-05-25T05:02:47.794+0000] {logging_mixin.py:137} INFO - [2023-05-25T05:02:47.794+0000] {dag.py:3441} INFO - Setting next_dagrun for latest_only_with_trigger to 2023-05-25T01:02:47.793765+00:00, run_after=2023-05-25T05:02:47.793765+00:00
[2023-05-25T05:02:47.861+0000] {processor.py:175} INFO - Processing /home/airflow/.local/lib/python3.7/site-packages/airflow/example_dags/example_latest_only_with_trigger.py took 0.532 seconds
[2023-05-25T05:03:18.931+0000] {processor.py:153} INFO - Started process (PID=2483) to work on /home/airflow/.local/lib/python3.7/site-packages/airflow/example_dags/example_latest_only_with_trigger.py
[2023-05-25T05:03:18.960+0000] {processor.py:743} INFO - Processing file /home/airflow/.local/lib/python3.7/site-packages/airflow/example_dags/example_latest_only_with_trigger.py for tasks to queue
[2023-05-25T05:03:18.990+0000] {logging_mixin.py:137} INFO - [2023-05-25T05:03:18.964+0000] {dagbag.py:538} INFO - Filling up the DagBag from /home/airflow/.local/lib/python3.7/site-packages/airflow/example_dags/example_latest_only_with_trigger.py
[2023-05-25T05:03:19.178+0000] {processor.py:753} INFO - DAG(s) dict_keys(['latest_only_with_trigger']) retrieved from /home/airflow/.local/lib/python3.7/site-packages/airflow/example_dags/example_latest_only_with_trigger.py
[2023-05-25T05:03:19.355+0000] {logging_mixin.py:137} INFO - [2023-05-25T05:03:19.355+0000] {dag.py:2690} INFO - Sync 1 DAGs
[2023-05-25T05:03:19.567+0000] {logging_mixin.py:137} INFO - [2023-05-25T05:03:19.567+0000] {dag.py:3441} INFO - Setting next_dagrun for latest_only_with_trigger to 2023-05-25T01:03:19.566520+00:00, run_after=2023-05-25T05:03:19.566520+00:00
[2023-05-25T05:03:19.690+0000] {processor.py:175} INFO - Processing /home/airflow/.local/lib/python3.7/site-packages/airflow/example_dags/example_latest_only_with_trigger.py took 0.778 seconds
