[2023-05-25T04:35:34.318+0000] {processor.py:153} INFO - Started process (PID=74) to work on /home/airflow/.local/lib/python3.7/site-packages/airflow/example_dags/example_sensor_decorator.py
[2023-05-25T04:35:34.328+0000] {processor.py:743} INFO - Processing file /home/airflow/.local/lib/python3.7/site-packages/airflow/example_dags/example_sensor_decorator.py for tasks to queue
[2023-05-25T04:35:34.333+0000] {logging_mixin.py:137} INFO - [2023-05-25T04:35:34.333+0000] {dagbag.py:538} INFO - Filling up the DagBag from /home/airflow/.local/lib/python3.7/site-packages/airflow/example_dags/example_sensor_decorator.py
[2023-05-25T04:35:36.742+0000] {processor.py:753} INFO - DAG(s) dict_keys(['example_sensor_decorator']) retrieved from /home/airflow/.local/lib/python3.7/site-packages/airflow/example_dags/example_sensor_decorator.py
[2023-05-25T04:35:37.744+0000] {logging_mixin.py:137} INFO - [2023-05-25T04:35:37.744+0000] {dag.py:2690} INFO - Sync 1 DAGs
[2023-05-25T04:35:38.582+0000] {logging_mixin.py:137} INFO - [2023-05-25T04:35:38.581+0000] {dag.py:3441} INFO - Setting next_dagrun for example_sensor_decorator to None, run_after=None
[2023-05-25T04:35:39.296+0000] {processor.py:175} INFO - Processing /home/airflow/.local/lib/python3.7/site-packages/airflow/example_dags/example_sensor_decorator.py took 5.024 seconds
[2023-05-25T04:36:13.757+0000] {processor.py:153} INFO - Started process (PID=133) to work on /home/airflow/.local/lib/python3.7/site-packages/airflow/example_dags/example_sensor_decorator.py
[2023-05-25T04:36:13.764+0000] {processor.py:743} INFO - Processing file /home/airflow/.local/lib/python3.7/site-packages/airflow/example_dags/example_sensor_decorator.py for tasks to queue
[2023-05-25T04:36:13.771+0000] {logging_mixin.py:137} INFO - [2023-05-25T04:36:13.771+0000] {dagbag.py:538} INFO - Filling up the DagBag from /home/airflow/.local/lib/python3.7/site-packages/airflow/example_dags/example_sensor_decorator.py
[2023-05-25T04:36:13.861+0000] {processor.py:753} INFO - DAG(s) dict_keys(['example_sensor_decorator']) retrieved from /home/airflow/.local/lib/python3.7/site-packages/airflow/example_dags/example_sensor_decorator.py
[2023-05-25T04:36:13.954+0000] {logging_mixin.py:137} INFO - [2023-05-25T04:36:13.953+0000] {dag.py:2690} INFO - Sync 1 DAGs
[2023-05-25T04:36:14.127+0000] {logging_mixin.py:137} INFO - [2023-05-25T04:36:14.126+0000] {dag.py:3441} INFO - Setting next_dagrun for example_sensor_decorator to None, run_after=None
[2023-05-25T04:36:14.396+0000] {processor.py:175} INFO - Processing /home/airflow/.local/lib/python3.7/site-packages/airflow/example_dags/example_sensor_decorator.py took 0.673 seconds
[2023-05-25T04:36:54.935+0000] {processor.py:153} INFO - Started process (PID=191) to work on /home/airflow/.local/lib/python3.7/site-packages/airflow/example_dags/example_sensor_decorator.py
[2023-05-25T04:36:54.970+0000] {processor.py:743} INFO - Processing file /home/airflow/.local/lib/python3.7/site-packages/airflow/example_dags/example_sensor_decorator.py for tasks to queue
[2023-05-25T04:36:55.021+0000] {logging_mixin.py:137} INFO - [2023-05-25T04:36:55.005+0000] {dagbag.py:538} INFO - Filling up the DagBag from /home/airflow/.local/lib/python3.7/site-packages/airflow/example_dags/example_sensor_decorator.py
[2023-05-25T04:36:55.608+0000] {processor.py:753} INFO - DAG(s) dict_keys(['example_sensor_decorator']) retrieved from /home/airflow/.local/lib/python3.7/site-packages/airflow/example_dags/example_sensor_decorator.py
[2023-05-25T04:36:56.206+0000] {logging_mixin.py:137} INFO - [2023-05-25T04:36:56.206+0000] {dag.py:2690} INFO - Sync 1 DAGs
[2023-05-25T04:36:56.603+0000] {logging_mixin.py:137} INFO - [2023-05-25T04:36:56.602+0000] {dag.py:3441} INFO - Setting next_dagrun for example_sensor_decorator to None, run_after=None
[2023-05-25T04:36:56.795+0000] {processor.py:175} INFO - Processing /home/airflow/.local/lib/python3.7/site-packages/airflow/example_dags/example_sensor_decorator.py took 1.986 seconds
[2023-05-25T04:38:13.762+0000] {processor.py:153} INFO - Started process (PID=248) to work on /home/airflow/.local/lib/python3.7/site-packages/airflow/example_dags/example_sensor_decorator.py
[2023-05-25T04:38:13.781+0000] {processor.py:743} INFO - Processing file /home/airflow/.local/lib/python3.7/site-packages/airflow/example_dags/example_sensor_decorator.py for tasks to queue
[2023-05-25T04:38:13.785+0000] {logging_mixin.py:137} INFO - [2023-05-25T04:38:13.785+0000] {dagbag.py:538} INFO - Filling up the DagBag from /home/airflow/.local/lib/python3.7/site-packages/airflow/example_dags/example_sensor_decorator.py
[2023-05-25T04:38:15.319+0000] {processor.py:753} INFO - DAG(s) dict_keys(['example_sensor_decorator']) retrieved from /home/airflow/.local/lib/python3.7/site-packages/airflow/example_dags/example_sensor_decorator.py
[2023-05-25T04:38:16.026+0000] {logging_mixin.py:137} INFO - [2023-05-25T04:38:16.026+0000] {dag.py:2690} INFO - Sync 1 DAGs
[2023-05-25T04:38:16.869+0000] {logging_mixin.py:137} INFO - [2023-05-25T04:38:16.868+0000] {dag.py:3441} INFO - Setting next_dagrun for example_sensor_decorator to None, run_after=None
[2023-05-25T04:38:17.282+0000] {processor.py:175} INFO - Processing /home/airflow/.local/lib/python3.7/site-packages/airflow/example_dags/example_sensor_decorator.py took 4.108 seconds
[2023-05-25T04:38:54.183+0000] {processor.py:153} INFO - Started process (PID=308) to work on /home/airflow/.local/lib/python3.7/site-packages/airflow/example_dags/example_sensor_decorator.py
[2023-05-25T04:38:54.187+0000] {processor.py:743} INFO - Processing file /home/airflow/.local/lib/python3.7/site-packages/airflow/example_dags/example_sensor_decorator.py for tasks to queue
[2023-05-25T04:38:54.192+0000] {logging_mixin.py:137} INFO - [2023-05-25T04:38:54.192+0000] {dagbag.py:538} INFO - Filling up the DagBag from /home/airflow/.local/lib/python3.7/site-packages/airflow/example_dags/example_sensor_decorator.py
[2023-05-25T04:38:54.420+0000] {processor.py:753} INFO - DAG(s) dict_keys(['example_sensor_decorator']) retrieved from /home/airflow/.local/lib/python3.7/site-packages/airflow/example_dags/example_sensor_decorator.py
[2023-05-25T04:38:54.560+0000] {logging_mixin.py:137} INFO - [2023-05-25T04:38:54.560+0000] {dag.py:2690} INFO - Sync 1 DAGs
[2023-05-25T04:38:54.801+0000] {logging_mixin.py:137} INFO - [2023-05-25T04:38:54.801+0000] {dag.py:3441} INFO - Setting next_dagrun for example_sensor_decorator to None, run_after=None
[2023-05-25T04:38:54.892+0000] {processor.py:175} INFO - Processing /home/airflow/.local/lib/python3.7/site-packages/airflow/example_dags/example_sensor_decorator.py took 0.734 seconds
[2023-05-25T04:39:29.056+0000] {processor.py:153} INFO - Started process (PID=359) to work on /home/airflow/.local/lib/python3.7/site-packages/airflow/example_dags/example_sensor_decorator.py
[2023-05-25T04:39:29.085+0000] {processor.py:743} INFO - Processing file /home/airflow/.local/lib/python3.7/site-packages/airflow/example_dags/example_sensor_decorator.py for tasks to queue
[2023-05-25T04:39:29.107+0000] {logging_mixin.py:137} INFO - [2023-05-25T04:39:29.105+0000] {dagbag.py:538} INFO - Filling up the DagBag from /home/airflow/.local/lib/python3.7/site-packages/airflow/example_dags/example_sensor_decorator.py
[2023-05-25T04:39:29.658+0000] {processor.py:753} INFO - DAG(s) dict_keys(['example_sensor_decorator']) retrieved from /home/airflow/.local/lib/python3.7/site-packages/airflow/example_dags/example_sensor_decorator.py
[2023-05-25T04:39:30.142+0000] {logging_mixin.py:137} INFO - [2023-05-25T04:39:30.141+0000] {dag.py:2690} INFO - Sync 1 DAGs
[2023-05-25T04:39:30.708+0000] {logging_mixin.py:137} INFO - [2023-05-25T04:39:30.700+0000] {dag.py:3441} INFO - Setting next_dagrun for example_sensor_decorator to None, run_after=None
[2023-05-25T04:39:31.180+0000] {processor.py:175} INFO - Processing /home/airflow/.local/lib/python3.7/site-packages/airflow/example_dags/example_sensor_decorator.py took 2.183 seconds
[2023-05-25T04:42:07.076+0000] {processor.py:153} INFO - Started process (PID=59) to work on /home/airflow/.local/lib/python3.7/site-packages/airflow/example_dags/example_sensor_decorator.py
[2023-05-25T04:42:07.089+0000] {processor.py:743} INFO - Processing file /home/airflow/.local/lib/python3.7/site-packages/airflow/example_dags/example_sensor_decorator.py for tasks to queue
[2023-05-25T04:42:07.096+0000] {logging_mixin.py:137} INFO - [2023-05-25T04:42:07.095+0000] {dagbag.py:538} INFO - Filling up the DagBag from /home/airflow/.local/lib/python3.7/site-packages/airflow/example_dags/example_sensor_decorator.py
[2023-05-25T04:42:07.229+0000] {processor.py:753} INFO - DAG(s) dict_keys(['example_sensor_decorator']) retrieved from /home/airflow/.local/lib/python3.7/site-packages/airflow/example_dags/example_sensor_decorator.py
[2023-05-25T04:42:07.317+0000] {logging_mixin.py:137} INFO - [2023-05-25T04:42:07.317+0000] {dag.py:2690} INFO - Sync 1 DAGs
[2023-05-25T04:42:07.406+0000] {logging_mixin.py:137} INFO - [2023-05-25T04:42:07.405+0000] {dag.py:3441} INFO - Setting next_dagrun for example_sensor_decorator to None, run_after=None
[2023-05-25T04:42:07.486+0000] {processor.py:175} INFO - Processing /home/airflow/.local/lib/python3.7/site-packages/airflow/example_dags/example_sensor_decorator.py took 0.429 seconds
[2023-05-25T04:42:38.748+0000] {processor.py:153} INFO - Started process (PID=118) to work on /home/airflow/.local/lib/python3.7/site-packages/airflow/example_dags/example_sensor_decorator.py
[2023-05-25T04:42:38.753+0000] {processor.py:743} INFO - Processing file /home/airflow/.local/lib/python3.7/site-packages/airflow/example_dags/example_sensor_decorator.py for tasks to queue
[2023-05-25T04:42:38.757+0000] {logging_mixin.py:137} INFO - [2023-05-25T04:42:38.756+0000] {dagbag.py:538} INFO - Filling up the DagBag from /home/airflow/.local/lib/python3.7/site-packages/airflow/example_dags/example_sensor_decorator.py
[2023-05-25T04:42:38.838+0000] {processor.py:753} INFO - DAG(s) dict_keys(['example_sensor_decorator']) retrieved from /home/airflow/.local/lib/python3.7/site-packages/airflow/example_dags/example_sensor_decorator.py
[2023-05-25T04:42:38.942+0000] {logging_mixin.py:137} INFO - [2023-05-25T04:42:38.942+0000] {dag.py:2690} INFO - Sync 1 DAGs
[2023-05-25T04:42:39.159+0000] {logging_mixin.py:137} INFO - [2023-05-25T04:42:39.159+0000] {dag.py:3441} INFO - Setting next_dagrun for example_sensor_decorator to None, run_after=None
[2023-05-25T04:42:39.337+0000] {processor.py:175} INFO - Processing /home/airflow/.local/lib/python3.7/site-packages/airflow/example_dags/example_sensor_decorator.py took 0.596 seconds
[2023-05-25T04:43:10.719+0000] {processor.py:153} INFO - Started process (PID=177) to work on /home/airflow/.local/lib/python3.7/site-packages/airflow/example_dags/example_sensor_decorator.py
[2023-05-25T04:43:10.723+0000] {processor.py:743} INFO - Processing file /home/airflow/.local/lib/python3.7/site-packages/airflow/example_dags/example_sensor_decorator.py for tasks to queue
[2023-05-25T04:43:10.728+0000] {logging_mixin.py:137} INFO - [2023-05-25T04:43:10.728+0000] {dagbag.py:538} INFO - Filling up the DagBag from /home/airflow/.local/lib/python3.7/site-packages/airflow/example_dags/example_sensor_decorator.py
[2023-05-25T04:43:10.773+0000] {processor.py:753} INFO - DAG(s) dict_keys(['example_sensor_decorator']) retrieved from /home/airflow/.local/lib/python3.7/site-packages/airflow/example_dags/example_sensor_decorator.py
[2023-05-25T04:43:10.873+0000] {logging_mixin.py:137} INFO - [2023-05-25T04:43:10.873+0000] {dag.py:2690} INFO - Sync 1 DAGs
[2023-05-25T04:43:10.955+0000] {logging_mixin.py:137} INFO - [2023-05-25T04:43:10.955+0000] {dag.py:3441} INFO - Setting next_dagrun for example_sensor_decorator to None, run_after=None
[2023-05-25T04:43:11.032+0000] {processor.py:175} INFO - Processing /home/airflow/.local/lib/python3.7/site-packages/airflow/example_dags/example_sensor_decorator.py took 0.318 seconds
[2023-05-25T04:43:41.994+0000] {processor.py:153} INFO - Started process (PID=236) to work on /home/airflow/.local/lib/python3.7/site-packages/airflow/example_dags/example_sensor_decorator.py
[2023-05-25T04:43:41.996+0000] {processor.py:743} INFO - Processing file /home/airflow/.local/lib/python3.7/site-packages/airflow/example_dags/example_sensor_decorator.py for tasks to queue
[2023-05-25T04:43:41.999+0000] {logging_mixin.py:137} INFO - [2023-05-25T04:43:41.999+0000] {dagbag.py:538} INFO - Filling up the DagBag from /home/airflow/.local/lib/python3.7/site-packages/airflow/example_dags/example_sensor_decorator.py
[2023-05-25T04:43:42.111+0000] {processor.py:753} INFO - DAG(s) dict_keys(['example_sensor_decorator']) retrieved from /home/airflow/.local/lib/python3.7/site-packages/airflow/example_dags/example_sensor_decorator.py
[2023-05-25T04:43:42.237+0000] {logging_mixin.py:137} INFO - [2023-05-25T04:43:42.237+0000] {dag.py:2690} INFO - Sync 1 DAGs
[2023-05-25T04:43:42.357+0000] {logging_mixin.py:137} INFO - [2023-05-25T04:43:42.356+0000] {dag.py:3441} INFO - Setting next_dagrun for example_sensor_decorator to None, run_after=None
[2023-05-25T04:43:42.423+0000] {processor.py:175} INFO - Processing /home/airflow/.local/lib/python3.7/site-packages/airflow/example_dags/example_sensor_decorator.py took 0.443 seconds
[2023-05-25T04:44:12.838+0000] {processor.py:153} INFO - Started process (PID=297) to work on /home/airflow/.local/lib/python3.7/site-packages/airflow/example_dags/example_sensor_decorator.py
[2023-05-25T04:44:12.846+0000] {processor.py:743} INFO - Processing file /home/airflow/.local/lib/python3.7/site-packages/airflow/example_dags/example_sensor_decorator.py for tasks to queue
[2023-05-25T04:44:12.848+0000] {logging_mixin.py:137} INFO - [2023-05-25T04:44:12.848+0000] {dagbag.py:538} INFO - Filling up the DagBag from /home/airflow/.local/lib/python3.7/site-packages/airflow/example_dags/example_sensor_decorator.py
[2023-05-25T04:44:12.946+0000] {processor.py:753} INFO - DAG(s) dict_keys(['example_sensor_decorator']) retrieved from /home/airflow/.local/lib/python3.7/site-packages/airflow/example_dags/example_sensor_decorator.py
[2023-05-25T04:44:12.976+0000] {logging_mixin.py:137} INFO - [2023-05-25T04:44:12.976+0000] {dag.py:2690} INFO - Sync 1 DAGs
[2023-05-25T04:44:13.012+0000] {logging_mixin.py:137} INFO - [2023-05-25T04:44:13.012+0000] {dag.py:3441} INFO - Setting next_dagrun for example_sensor_decorator to None, run_after=None
[2023-05-25T04:44:13.039+0000] {processor.py:175} INFO - Processing /home/airflow/.local/lib/python3.7/site-packages/airflow/example_dags/example_sensor_decorator.py took 0.214 seconds
[2023-05-25T04:44:43.658+0000] {processor.py:153} INFO - Started process (PID=358) to work on /home/airflow/.local/lib/python3.7/site-packages/airflow/example_dags/example_sensor_decorator.py
[2023-05-25T04:44:43.662+0000] {processor.py:743} INFO - Processing file /home/airflow/.local/lib/python3.7/site-packages/airflow/example_dags/example_sensor_decorator.py for tasks to queue
[2023-05-25T04:44:43.665+0000] {logging_mixin.py:137} INFO - [2023-05-25T04:44:43.665+0000] {dagbag.py:538} INFO - Filling up the DagBag from /home/airflow/.local/lib/python3.7/site-packages/airflow/example_dags/example_sensor_decorator.py
[2023-05-25T04:44:43.706+0000] {processor.py:753} INFO - DAG(s) dict_keys(['example_sensor_decorator']) retrieved from /home/airflow/.local/lib/python3.7/site-packages/airflow/example_dags/example_sensor_decorator.py
[2023-05-25T04:44:43.783+0000] {logging_mixin.py:137} INFO - [2023-05-25T04:44:43.783+0000] {dag.py:2690} INFO - Sync 1 DAGs
[2023-05-25T04:44:43.880+0000] {logging_mixin.py:137} INFO - [2023-05-25T04:44:43.880+0000] {dag.py:3441} INFO - Setting next_dagrun for example_sensor_decorator to None, run_after=None
[2023-05-25T04:44:43.910+0000] {processor.py:175} INFO - Processing /home/airflow/.local/lib/python3.7/site-packages/airflow/example_dags/example_sensor_decorator.py took 0.260 seconds
[2023-05-25T04:45:15.727+0000] {processor.py:153} INFO - Started process (PID=428) to work on /home/airflow/.local/lib/python3.7/site-packages/airflow/example_dags/example_sensor_decorator.py
[2023-05-25T04:45:15.749+0000] {processor.py:743} INFO - Processing file /home/airflow/.local/lib/python3.7/site-packages/airflow/example_dags/example_sensor_decorator.py for tasks to queue
[2023-05-25T04:45:15.877+0000] {logging_mixin.py:137} INFO - [2023-05-25T04:45:15.859+0000] {dagbag.py:538} INFO - Filling up the DagBag from /home/airflow/.local/lib/python3.7/site-packages/airflow/example_dags/example_sensor_decorator.py
[2023-05-25T04:45:16.011+0000] {processor.py:753} INFO - DAG(s) dict_keys(['example_sensor_decorator']) retrieved from /home/airflow/.local/lib/python3.7/site-packages/airflow/example_dags/example_sensor_decorator.py
[2023-05-25T04:45:16.261+0000] {logging_mixin.py:137} INFO - [2023-05-25T04:45:16.258+0000] {dag.py:2690} INFO - Sync 1 DAGs
[2023-05-25T04:45:16.430+0000] {logging_mixin.py:137} INFO - [2023-05-25T04:45:16.430+0000] {dag.py:3441} INFO - Setting next_dagrun for example_sensor_decorator to None, run_after=None
[2023-05-25T04:45:16.553+0000] {processor.py:175} INFO - Processing /home/airflow/.local/lib/python3.7/site-packages/airflow/example_dags/example_sensor_decorator.py took 0.899 seconds
[2023-05-25T04:45:47.001+0000] {processor.py:153} INFO - Started process (PID=479) to work on /home/airflow/.local/lib/python3.7/site-packages/airflow/example_dags/example_sensor_decorator.py
[2023-05-25T04:45:47.004+0000] {processor.py:743} INFO - Processing file /home/airflow/.local/lib/python3.7/site-packages/airflow/example_dags/example_sensor_decorator.py for tasks to queue
[2023-05-25T04:45:47.008+0000] {logging_mixin.py:137} INFO - [2023-05-25T04:45:47.008+0000] {dagbag.py:538} INFO - Filling up the DagBag from /home/airflow/.local/lib/python3.7/site-packages/airflow/example_dags/example_sensor_decorator.py
[2023-05-25T04:45:47.090+0000] {processor.py:753} INFO - DAG(s) dict_keys(['example_sensor_decorator']) retrieved from /home/airflow/.local/lib/python3.7/site-packages/airflow/example_dags/example_sensor_decorator.py
[2023-05-25T04:45:47.134+0000] {logging_mixin.py:137} INFO - [2023-05-25T04:45:47.134+0000] {dag.py:2690} INFO - Sync 1 DAGs
[2023-05-25T04:45:47.184+0000] {logging_mixin.py:137} INFO - [2023-05-25T04:45:47.184+0000] {dag.py:3441} INFO - Setting next_dagrun for example_sensor_decorator to None, run_after=None
[2023-05-25T04:45:47.228+0000] {processor.py:175} INFO - Processing /home/airflow/.local/lib/python3.7/site-packages/airflow/example_dags/example_sensor_decorator.py took 0.248 seconds
[2023-05-25T04:46:18.504+0000] {processor.py:153} INFO - Started process (PID=551) to work on /home/airflow/.local/lib/python3.7/site-packages/airflow/example_dags/example_sensor_decorator.py
[2023-05-25T04:46:18.507+0000] {processor.py:743} INFO - Processing file /home/airflow/.local/lib/python3.7/site-packages/airflow/example_dags/example_sensor_decorator.py for tasks to queue
[2023-05-25T04:46:18.510+0000] {logging_mixin.py:137} INFO - [2023-05-25T04:46:18.510+0000] {dagbag.py:538} INFO - Filling up the DagBag from /home/airflow/.local/lib/python3.7/site-packages/airflow/example_dags/example_sensor_decorator.py
[2023-05-25T04:46:18.640+0000] {processor.py:753} INFO - DAG(s) dict_keys(['example_sensor_decorator']) retrieved from /home/airflow/.local/lib/python3.7/site-packages/airflow/example_dags/example_sensor_decorator.py
[2023-05-25T04:46:18.803+0000] {logging_mixin.py:137} INFO - [2023-05-25T04:46:18.803+0000] {dag.py:2690} INFO - Sync 1 DAGs
[2023-05-25T04:46:18.861+0000] {logging_mixin.py:137} INFO - [2023-05-25T04:46:18.861+0000] {dag.py:3441} INFO - Setting next_dagrun for example_sensor_decorator to None, run_after=None
[2023-05-25T04:46:18.940+0000] {processor.py:175} INFO - Processing /home/airflow/.local/lib/python3.7/site-packages/airflow/example_dags/example_sensor_decorator.py took 0.455 seconds
[2023-05-25T04:46:49.616+0000] {processor.py:153} INFO - Started process (PID=611) to work on /home/airflow/.local/lib/python3.7/site-packages/airflow/example_dags/example_sensor_decorator.py
[2023-05-25T04:46:49.622+0000] {processor.py:743} INFO - Processing file /home/airflow/.local/lib/python3.7/site-packages/airflow/example_dags/example_sensor_decorator.py for tasks to queue
[2023-05-25T04:46:49.624+0000] {logging_mixin.py:137} INFO - [2023-05-25T04:46:49.624+0000] {dagbag.py:538} INFO - Filling up the DagBag from /home/airflow/.local/lib/python3.7/site-packages/airflow/example_dags/example_sensor_decorator.py
[2023-05-25T04:46:49.701+0000] {processor.py:753} INFO - DAG(s) dict_keys(['example_sensor_decorator']) retrieved from /home/airflow/.local/lib/python3.7/site-packages/airflow/example_dags/example_sensor_decorator.py
[2023-05-25T04:46:49.741+0000] {logging_mixin.py:137} INFO - [2023-05-25T04:46:49.741+0000] {dag.py:2690} INFO - Sync 1 DAGs
[2023-05-25T04:46:49.795+0000] {logging_mixin.py:137} INFO - [2023-05-25T04:46:49.795+0000] {dag.py:3441} INFO - Setting next_dagrun for example_sensor_decorator to None, run_after=None
[2023-05-25T04:46:49.833+0000] {processor.py:175} INFO - Processing /home/airflow/.local/lib/python3.7/site-packages/airflow/example_dags/example_sensor_decorator.py took 0.224 seconds
[2023-05-25T04:47:38.154+0000] {processor.py:153} INFO - Started process (PID=668) to work on /home/airflow/.local/lib/python3.7/site-packages/airflow/example_dags/example_sensor_decorator.py
[2023-05-25T04:47:38.181+0000] {processor.py:743} INFO - Processing file /home/airflow/.local/lib/python3.7/site-packages/airflow/example_dags/example_sensor_decorator.py for tasks to queue
[2023-05-25T04:47:38.194+0000] {logging_mixin.py:137} INFO - [2023-05-25T04:47:38.193+0000] {dagbag.py:538} INFO - Filling up the DagBag from /home/airflow/.local/lib/python3.7/site-packages/airflow/example_dags/example_sensor_decorator.py
[2023-05-25T04:47:38.355+0000] {processor.py:753} INFO - DAG(s) dict_keys(['example_sensor_decorator']) retrieved from /home/airflow/.local/lib/python3.7/site-packages/airflow/example_dags/example_sensor_decorator.py
[2023-05-25T04:47:38.454+0000] {logging_mixin.py:137} INFO - [2023-05-25T04:47:38.454+0000] {dag.py:2690} INFO - Sync 1 DAGs
[2023-05-25T04:47:38.633+0000] {logging_mixin.py:137} INFO - [2023-05-25T04:47:38.633+0000] {dag.py:3441} INFO - Setting next_dagrun for example_sensor_decorator to None, run_after=None
[2023-05-25T04:47:38.822+0000] {processor.py:175} INFO - Processing /home/airflow/.local/lib/python3.7/site-packages/airflow/example_dags/example_sensor_decorator.py took 0.714 seconds
[2023-05-25T04:48:09.707+0000] {processor.py:153} INFO - Started process (PID=727) to work on /home/airflow/.local/lib/python3.7/site-packages/airflow/example_dags/example_sensor_decorator.py
[2023-05-25T04:48:09.712+0000] {processor.py:743} INFO - Processing file /home/airflow/.local/lib/python3.7/site-packages/airflow/example_dags/example_sensor_decorator.py for tasks to queue
[2023-05-25T04:48:09.715+0000] {logging_mixin.py:137} INFO - [2023-05-25T04:48:09.714+0000] {dagbag.py:538} INFO - Filling up the DagBag from /home/airflow/.local/lib/python3.7/site-packages/airflow/example_dags/example_sensor_decorator.py
[2023-05-25T04:48:09.788+0000] {processor.py:753} INFO - DAG(s) dict_keys(['example_sensor_decorator']) retrieved from /home/airflow/.local/lib/python3.7/site-packages/airflow/example_dags/example_sensor_decorator.py
[2023-05-25T04:48:09.854+0000] {logging_mixin.py:137} INFO - [2023-05-25T04:48:09.854+0000] {dag.py:2690} INFO - Sync 1 DAGs
[2023-05-25T04:48:09.904+0000] {logging_mixin.py:137} INFO - [2023-05-25T04:48:09.903+0000] {dag.py:3441} INFO - Setting next_dagrun for example_sensor_decorator to None, run_after=None
[2023-05-25T04:48:09.935+0000] {processor.py:175} INFO - Processing /home/airflow/.local/lib/python3.7/site-packages/airflow/example_dags/example_sensor_decorator.py took 0.234 seconds
[2023-05-25T04:48:40.483+0000] {processor.py:153} INFO - Started process (PID=795) to work on /home/airflow/.local/lib/python3.7/site-packages/airflow/example_dags/example_sensor_decorator.py
[2023-05-25T04:48:40.502+0000] {processor.py:743} INFO - Processing file /home/airflow/.local/lib/python3.7/site-packages/airflow/example_dags/example_sensor_decorator.py for tasks to queue
[2023-05-25T04:48:40.510+0000] {logging_mixin.py:137} INFO - [2023-05-25T04:48:40.508+0000] {dagbag.py:538} INFO - Filling up the DagBag from /home/airflow/.local/lib/python3.7/site-packages/airflow/example_dags/example_sensor_decorator.py
[2023-05-25T04:48:40.652+0000] {processor.py:753} INFO - DAG(s) dict_keys(['example_sensor_decorator']) retrieved from /home/airflow/.local/lib/python3.7/site-packages/airflow/example_dags/example_sensor_decorator.py
[2023-05-25T04:48:40.906+0000] {logging_mixin.py:137} INFO - [2023-05-25T04:48:40.903+0000] {dag.py:2690} INFO - Sync 1 DAGs
[2023-05-25T04:48:41.048+0000] {logging_mixin.py:137} INFO - [2023-05-25T04:48:41.048+0000] {dag.py:3441} INFO - Setting next_dagrun for example_sensor_decorator to None, run_after=None
[2023-05-25T04:48:41.160+0000] {processor.py:175} INFO - Processing /home/airflow/.local/lib/python3.7/site-packages/airflow/example_dags/example_sensor_decorator.py took 0.684 seconds
[2023-05-25T04:49:11.997+0000] {processor.py:153} INFO - Started process (PID=855) to work on /home/airflow/.local/lib/python3.7/site-packages/airflow/example_dags/example_sensor_decorator.py
[2023-05-25T04:49:12.018+0000] {processor.py:743} INFO - Processing file /home/airflow/.local/lib/python3.7/site-packages/airflow/example_dags/example_sensor_decorator.py for tasks to queue
[2023-05-25T04:49:12.020+0000] {logging_mixin.py:137} INFO - [2023-05-25T04:49:12.020+0000] {dagbag.py:538} INFO - Filling up the DagBag from /home/airflow/.local/lib/python3.7/site-packages/airflow/example_dags/example_sensor_decorator.py
[2023-05-25T04:49:12.191+0000] {processor.py:753} INFO - DAG(s) dict_keys(['example_sensor_decorator']) retrieved from /home/airflow/.local/lib/python3.7/site-packages/airflow/example_dags/example_sensor_decorator.py
[2023-05-25T04:49:12.303+0000] {logging_mixin.py:137} INFO - [2023-05-25T04:49:12.303+0000] {dag.py:2690} INFO - Sync 1 DAGs
[2023-05-25T04:49:12.435+0000] {logging_mixin.py:137} INFO - [2023-05-25T04:49:12.434+0000] {dag.py:3441} INFO - Setting next_dagrun for example_sensor_decorator to None, run_after=None
[2023-05-25T04:49:12.533+0000] {processor.py:175} INFO - Processing /home/airflow/.local/lib/python3.7/site-packages/airflow/example_dags/example_sensor_decorator.py took 0.551 seconds
[2023-05-25T04:49:42.742+0000] {processor.py:153} INFO - Started process (PID=915) to work on /home/airflow/.local/lib/python3.7/site-packages/airflow/example_dags/example_sensor_decorator.py
[2023-05-25T04:49:42.747+0000] {processor.py:743} INFO - Processing file /home/airflow/.local/lib/python3.7/site-packages/airflow/example_dags/example_sensor_decorator.py for tasks to queue
[2023-05-25T04:49:42.756+0000] {logging_mixin.py:137} INFO - [2023-05-25T04:49:42.756+0000] {dagbag.py:538} INFO - Filling up the DagBag from /home/airflow/.local/lib/python3.7/site-packages/airflow/example_dags/example_sensor_decorator.py
[2023-05-25T04:49:42.831+0000] {processor.py:753} INFO - DAG(s) dict_keys(['example_sensor_decorator']) retrieved from /home/airflow/.local/lib/python3.7/site-packages/airflow/example_dags/example_sensor_decorator.py
[2023-05-25T04:49:42.899+0000] {logging_mixin.py:137} INFO - [2023-05-25T04:49:42.899+0000] {dag.py:2690} INFO - Sync 1 DAGs
[2023-05-25T04:49:42.953+0000] {logging_mixin.py:137} INFO - [2023-05-25T04:49:42.953+0000] {dag.py:3441} INFO - Setting next_dagrun for example_sensor_decorator to None, run_after=None
[2023-05-25T04:49:43.015+0000] {processor.py:175} INFO - Processing /home/airflow/.local/lib/python3.7/site-packages/airflow/example_dags/example_sensor_decorator.py took 0.282 seconds
[2023-05-25T04:50:13.339+0000] {processor.py:153} INFO - Started process (PID=984) to work on /home/airflow/.local/lib/python3.7/site-packages/airflow/example_dags/example_sensor_decorator.py
[2023-05-25T04:50:13.344+0000] {processor.py:743} INFO - Processing file /home/airflow/.local/lib/python3.7/site-packages/airflow/example_dags/example_sensor_decorator.py for tasks to queue
[2023-05-25T04:50:13.361+0000] {logging_mixin.py:137} INFO - [2023-05-25T04:50:13.359+0000] {dagbag.py:538} INFO - Filling up the DagBag from /home/airflow/.local/lib/python3.7/site-packages/airflow/example_dags/example_sensor_decorator.py
[2023-05-25T04:50:13.766+0000] {processor.py:753} INFO - DAG(s) dict_keys(['example_sensor_decorator']) retrieved from /home/airflow/.local/lib/python3.7/site-packages/airflow/example_dags/example_sensor_decorator.py
[2023-05-25T04:50:13.949+0000] {logging_mixin.py:137} INFO - [2023-05-25T04:50:13.947+0000] {dag.py:2690} INFO - Sync 1 DAGs
[2023-05-25T04:50:14.247+0000] {logging_mixin.py:137} INFO - [2023-05-25T04:50:14.246+0000] {dag.py:3441} INFO - Setting next_dagrun for example_sensor_decorator to None, run_after=None
[2023-05-25T04:50:14.498+0000] {processor.py:175} INFO - Processing /home/airflow/.local/lib/python3.7/site-packages/airflow/example_dags/example_sensor_decorator.py took 1.178 seconds
[2023-05-25T04:50:44.937+0000] {processor.py:153} INFO - Started process (PID=1038) to work on /home/airflow/.local/lib/python3.7/site-packages/airflow/example_dags/example_sensor_decorator.py
[2023-05-25T04:50:44.942+0000] {processor.py:743} INFO - Processing file /home/airflow/.local/lib/python3.7/site-packages/airflow/example_dags/example_sensor_decorator.py for tasks to queue
[2023-05-25T04:50:44.946+0000] {logging_mixin.py:137} INFO - [2023-05-25T04:50:44.946+0000] {dagbag.py:538} INFO - Filling up the DagBag from /home/airflow/.local/lib/python3.7/site-packages/airflow/example_dags/example_sensor_decorator.py
[2023-05-25T04:50:45.096+0000] {processor.py:753} INFO - DAG(s) dict_keys(['example_sensor_decorator']) retrieved from /home/airflow/.local/lib/python3.7/site-packages/airflow/example_dags/example_sensor_decorator.py
[2023-05-25T04:50:45.260+0000] {logging_mixin.py:137} INFO - [2023-05-25T04:50:45.260+0000] {dag.py:2690} INFO - Sync 1 DAGs
[2023-05-25T04:50:45.457+0000] {logging_mixin.py:137} INFO - [2023-05-25T04:50:45.457+0000] {dag.py:3441} INFO - Setting next_dagrun for example_sensor_decorator to None, run_after=None
[2023-05-25T04:50:45.610+0000] {processor.py:175} INFO - Processing /home/airflow/.local/lib/python3.7/site-packages/airflow/example_dags/example_sensor_decorator.py took 0.684 seconds
[2023-05-25T04:51:16.772+0000] {processor.py:153} INFO - Started process (PID=1098) to work on /home/airflow/.local/lib/python3.7/site-packages/airflow/example_dags/example_sensor_decorator.py
[2023-05-25T04:51:16.776+0000] {processor.py:743} INFO - Processing file /home/airflow/.local/lib/python3.7/site-packages/airflow/example_dags/example_sensor_decorator.py for tasks to queue
[2023-05-25T04:51:16.779+0000] {logging_mixin.py:137} INFO - [2023-05-25T04:51:16.778+0000] {dagbag.py:538} INFO - Filling up the DagBag from /home/airflow/.local/lib/python3.7/site-packages/airflow/example_dags/example_sensor_decorator.py
[2023-05-25T04:51:17.021+0000] {processor.py:753} INFO - DAG(s) dict_keys(['example_sensor_decorator']) retrieved from /home/airflow/.local/lib/python3.7/site-packages/airflow/example_dags/example_sensor_decorator.py
[2023-05-25T04:51:17.415+0000] {logging_mixin.py:137} INFO - [2023-05-25T04:51:17.415+0000] {dag.py:2690} INFO - Sync 1 DAGs
[2023-05-25T04:51:17.635+0000] {logging_mixin.py:137} INFO - [2023-05-25T04:51:17.635+0000] {dag.py:3441} INFO - Setting next_dagrun for example_sensor_decorator to None, run_after=None
[2023-05-25T04:51:17.860+0000] {processor.py:175} INFO - Processing /home/airflow/.local/lib/python3.7/site-packages/airflow/example_dags/example_sensor_decorator.py took 1.113 seconds
[2023-05-25T04:51:48.296+0000] {processor.py:153} INFO - Started process (PID=1148) to work on /home/airflow/.local/lib/python3.7/site-packages/airflow/example_dags/example_sensor_decorator.py
[2023-05-25T04:51:48.312+0000] {processor.py:743} INFO - Processing file /home/airflow/.local/lib/python3.7/site-packages/airflow/example_dags/example_sensor_decorator.py for tasks to queue
[2023-05-25T04:51:48.316+0000] {logging_mixin.py:137} INFO - [2023-05-25T04:51:48.315+0000] {dagbag.py:538} INFO - Filling up the DagBag from /home/airflow/.local/lib/python3.7/site-packages/airflow/example_dags/example_sensor_decorator.py
[2023-05-25T04:51:48.570+0000] {processor.py:753} INFO - DAG(s) dict_keys(['example_sensor_decorator']) retrieved from /home/airflow/.local/lib/python3.7/site-packages/airflow/example_dags/example_sensor_decorator.py
[2023-05-25T04:51:48.730+0000] {logging_mixin.py:137} INFO - [2023-05-25T04:51:48.729+0000] {dag.py:2690} INFO - Sync 1 DAGs
[2023-05-25T04:51:48.998+0000] {logging_mixin.py:137} INFO - [2023-05-25T04:51:48.997+0000] {dag.py:3441} INFO - Setting next_dagrun for example_sensor_decorator to None, run_after=None
[2023-05-25T04:51:49.355+0000] {processor.py:175} INFO - Processing /home/airflow/.local/lib/python3.7/site-packages/airflow/example_dags/example_sensor_decorator.py took 1.089 seconds
[2023-05-25T04:52:19.677+0000] {processor.py:153} INFO - Started process (PID=1207) to work on /home/airflow/.local/lib/python3.7/site-packages/airflow/example_dags/example_sensor_decorator.py
[2023-05-25T04:52:19.682+0000] {processor.py:743} INFO - Processing file /home/airflow/.local/lib/python3.7/site-packages/airflow/example_dags/example_sensor_decorator.py for tasks to queue
[2023-05-25T04:52:19.684+0000] {logging_mixin.py:137} INFO - [2023-05-25T04:52:19.684+0000] {dagbag.py:538} INFO - Filling up the DagBag from /home/airflow/.local/lib/python3.7/site-packages/airflow/example_dags/example_sensor_decorator.py
[2023-05-25T04:52:19.734+0000] {processor.py:753} INFO - DAG(s) dict_keys(['example_sensor_decorator']) retrieved from /home/airflow/.local/lib/python3.7/site-packages/airflow/example_dags/example_sensor_decorator.py
[2023-05-25T04:52:19.779+0000] {logging_mixin.py:137} INFO - [2023-05-25T04:52:19.779+0000] {dag.py:2690} INFO - Sync 1 DAGs
[2023-05-25T04:52:19.835+0000] {logging_mixin.py:137} INFO - [2023-05-25T04:52:19.835+0000] {dag.py:3441} INFO - Setting next_dagrun for example_sensor_decorator to None, run_after=None
[2023-05-25T04:52:19.879+0000] {processor.py:175} INFO - Processing /home/airflow/.local/lib/python3.7/site-packages/airflow/example_dags/example_sensor_decorator.py took 0.215 seconds
[2023-05-25T04:52:50.209+0000] {processor.py:153} INFO - Started process (PID=1267) to work on /home/airflow/.local/lib/python3.7/site-packages/airflow/example_dags/example_sensor_decorator.py
[2023-05-25T04:52:50.212+0000] {processor.py:743} INFO - Processing file /home/airflow/.local/lib/python3.7/site-packages/airflow/example_dags/example_sensor_decorator.py for tasks to queue
[2023-05-25T04:52:50.215+0000] {logging_mixin.py:137} INFO - [2023-05-25T04:52:50.214+0000] {dagbag.py:538} INFO - Filling up the DagBag from /home/airflow/.local/lib/python3.7/site-packages/airflow/example_dags/example_sensor_decorator.py
[2023-05-25T04:52:50.261+0000] {processor.py:753} INFO - DAG(s) dict_keys(['example_sensor_decorator']) retrieved from /home/airflow/.local/lib/python3.7/site-packages/airflow/example_dags/example_sensor_decorator.py
[2023-05-25T04:52:50.323+0000] {logging_mixin.py:137} INFO - [2023-05-25T04:52:50.323+0000] {dag.py:2690} INFO - Sync 1 DAGs
[2023-05-25T04:52:50.368+0000] {logging_mixin.py:137} INFO - [2023-05-25T04:52:50.367+0000] {dag.py:3441} INFO - Setting next_dagrun for example_sensor_decorator to None, run_after=None
[2023-05-25T04:52:50.396+0000] {processor.py:175} INFO - Processing /home/airflow/.local/lib/python3.7/site-packages/airflow/example_dags/example_sensor_decorator.py took 0.192 seconds
[2023-05-25T04:53:21.210+0000] {processor.py:153} INFO - Started process (PID=1328) to work on /home/airflow/.local/lib/python3.7/site-packages/airflow/example_dags/example_sensor_decorator.py
[2023-05-25T04:53:21.212+0000] {processor.py:743} INFO - Processing file /home/airflow/.local/lib/python3.7/site-packages/airflow/example_dags/example_sensor_decorator.py for tasks to queue
[2023-05-25T04:53:21.214+0000] {logging_mixin.py:137} INFO - [2023-05-25T04:53:21.214+0000] {dagbag.py:538} INFO - Filling up the DagBag from /home/airflow/.local/lib/python3.7/site-packages/airflow/example_dags/example_sensor_decorator.py
[2023-05-25T04:53:21.245+0000] {processor.py:753} INFO - DAG(s) dict_keys(['example_sensor_decorator']) retrieved from /home/airflow/.local/lib/python3.7/site-packages/airflow/example_dags/example_sensor_decorator.py
[2023-05-25T04:53:21.280+0000] {logging_mixin.py:137} INFO - [2023-05-25T04:53:21.279+0000] {dag.py:2690} INFO - Sync 1 DAGs
[2023-05-25T04:53:21.312+0000] {logging_mixin.py:137} INFO - [2023-05-25T04:53:21.311+0000] {dag.py:3441} INFO - Setting next_dagrun for example_sensor_decorator to None, run_after=None
[2023-05-25T04:53:21.347+0000] {processor.py:175} INFO - Processing /home/airflow/.local/lib/python3.7/site-packages/airflow/example_dags/example_sensor_decorator.py took 0.142 seconds
[2023-05-25T04:53:51.695+0000] {processor.py:153} INFO - Started process (PID=1387) to work on /home/airflow/.local/lib/python3.7/site-packages/airflow/example_dags/example_sensor_decorator.py
[2023-05-25T04:53:51.704+0000] {processor.py:743} INFO - Processing file /home/airflow/.local/lib/python3.7/site-packages/airflow/example_dags/example_sensor_decorator.py for tasks to queue
[2023-05-25T04:53:51.707+0000] {logging_mixin.py:137} INFO - [2023-05-25T04:53:51.706+0000] {dagbag.py:538} INFO - Filling up the DagBag from /home/airflow/.local/lib/python3.7/site-packages/airflow/example_dags/example_sensor_decorator.py
[2023-05-25T04:53:51.745+0000] {processor.py:753} INFO - DAG(s) dict_keys(['example_sensor_decorator']) retrieved from /home/airflow/.local/lib/python3.7/site-packages/airflow/example_dags/example_sensor_decorator.py
[2023-05-25T04:53:51.779+0000] {logging_mixin.py:137} INFO - [2023-05-25T04:53:51.778+0000] {dag.py:2690} INFO - Sync 1 DAGs
[2023-05-25T04:53:51.820+0000] {logging_mixin.py:137} INFO - [2023-05-25T04:53:51.820+0000] {dag.py:3441} INFO - Setting next_dagrun for example_sensor_decorator to None, run_after=None
[2023-05-25T04:53:51.851+0000] {processor.py:175} INFO - Processing /home/airflow/.local/lib/python3.7/site-packages/airflow/example_dags/example_sensor_decorator.py took 0.162 seconds
[2023-05-25T04:54:22.677+0000] {processor.py:153} INFO - Started process (PID=1447) to work on /home/airflow/.local/lib/python3.7/site-packages/airflow/example_dags/example_sensor_decorator.py
[2023-05-25T04:54:22.680+0000] {processor.py:743} INFO - Processing file /home/airflow/.local/lib/python3.7/site-packages/airflow/example_dags/example_sensor_decorator.py for tasks to queue
[2023-05-25T04:54:22.683+0000] {logging_mixin.py:137} INFO - [2023-05-25T04:54:22.682+0000] {dagbag.py:538} INFO - Filling up the DagBag from /home/airflow/.local/lib/python3.7/site-packages/airflow/example_dags/example_sensor_decorator.py
[2023-05-25T04:54:22.716+0000] {processor.py:753} INFO - DAG(s) dict_keys(['example_sensor_decorator']) retrieved from /home/airflow/.local/lib/python3.7/site-packages/airflow/example_dags/example_sensor_decorator.py
[2023-05-25T04:54:22.753+0000] {logging_mixin.py:137} INFO - [2023-05-25T04:54:22.753+0000] {dag.py:2690} INFO - Sync 1 DAGs
[2023-05-25T04:54:22.797+0000] {logging_mixin.py:137} INFO - [2023-05-25T04:54:22.796+0000] {dag.py:3441} INFO - Setting next_dagrun for example_sensor_decorator to None, run_after=None
[2023-05-25T04:54:22.833+0000] {processor.py:175} INFO - Processing /home/airflow/.local/lib/python3.7/site-packages/airflow/example_dags/example_sensor_decorator.py took 0.172 seconds
[2023-05-25T04:54:53.530+0000] {processor.py:153} INFO - Started process (PID=1504) to work on /home/airflow/.local/lib/python3.7/site-packages/airflow/example_dags/example_sensor_decorator.py
[2023-05-25T04:54:53.543+0000] {processor.py:743} INFO - Processing file /home/airflow/.local/lib/python3.7/site-packages/airflow/example_dags/example_sensor_decorator.py for tasks to queue
[2023-05-25T04:54:53.551+0000] {logging_mixin.py:137} INFO - [2023-05-25T04:54:53.548+0000] {dagbag.py:538} INFO - Filling up the DagBag from /home/airflow/.local/lib/python3.7/site-packages/airflow/example_dags/example_sensor_decorator.py
[2023-05-25T04:54:53.697+0000] {processor.py:753} INFO - DAG(s) dict_keys(['example_sensor_decorator']) retrieved from /home/airflow/.local/lib/python3.7/site-packages/airflow/example_dags/example_sensor_decorator.py
[2023-05-25T04:54:53.759+0000] {logging_mixin.py:137} INFO - [2023-05-25T04:54:53.759+0000] {dag.py:2690} INFO - Sync 1 DAGs
[2023-05-25T04:54:53.866+0000] {logging_mixin.py:137} INFO - [2023-05-25T04:54:53.866+0000] {dag.py:3441} INFO - Setting next_dagrun for example_sensor_decorator to None, run_after=None
[2023-05-25T04:54:53.939+0000] {processor.py:175} INFO - Processing /home/airflow/.local/lib/python3.7/site-packages/airflow/example_dags/example_sensor_decorator.py took 0.428 seconds
[2023-05-25T04:55:24.406+0000] {processor.py:153} INFO - Started process (PID=1558) to work on /home/airflow/.local/lib/python3.7/site-packages/airflow/example_dags/example_sensor_decorator.py
[2023-05-25T04:55:24.411+0000] {processor.py:743} INFO - Processing file /home/airflow/.local/lib/python3.7/site-packages/airflow/example_dags/example_sensor_decorator.py for tasks to queue
[2023-05-25T04:55:24.420+0000] {logging_mixin.py:137} INFO - [2023-05-25T04:55:24.420+0000] {dagbag.py:538} INFO - Filling up the DagBag from /home/airflow/.local/lib/python3.7/site-packages/airflow/example_dags/example_sensor_decorator.py
[2023-05-25T04:55:24.869+0000] {processor.py:753} INFO - DAG(s) dict_keys(['example_sensor_decorator']) retrieved from /home/airflow/.local/lib/python3.7/site-packages/airflow/example_dags/example_sensor_decorator.py
[2023-05-25T04:55:25.188+0000] {logging_mixin.py:137} INFO - [2023-05-25T04:55:25.188+0000] {dag.py:2690} INFO - Sync 1 DAGs
[2023-05-25T04:55:25.254+0000] {logging_mixin.py:137} INFO - [2023-05-25T04:55:25.254+0000] {dag.py:3441} INFO - Setting next_dagrun for example_sensor_decorator to None, run_after=None
[2023-05-25T04:55:25.322+0000] {processor.py:175} INFO - Processing /home/airflow/.local/lib/python3.7/site-packages/airflow/example_dags/example_sensor_decorator.py took 0.930 seconds
[2023-05-25T04:55:55.812+0000] {processor.py:153} INFO - Started process (PID=1627) to work on /home/airflow/.local/lib/python3.7/site-packages/airflow/example_dags/example_sensor_decorator.py
[2023-05-25T04:55:55.820+0000] {processor.py:743} INFO - Processing file /home/airflow/.local/lib/python3.7/site-packages/airflow/example_dags/example_sensor_decorator.py for tasks to queue
[2023-05-25T04:55:55.823+0000] {logging_mixin.py:137} INFO - [2023-05-25T04:55:55.823+0000] {dagbag.py:538} INFO - Filling up the DagBag from /home/airflow/.local/lib/python3.7/site-packages/airflow/example_dags/example_sensor_decorator.py
[2023-05-25T04:55:55.863+0000] {processor.py:753} INFO - DAG(s) dict_keys(['example_sensor_decorator']) retrieved from /home/airflow/.local/lib/python3.7/site-packages/airflow/example_dags/example_sensor_decorator.py
[2023-05-25T04:55:55.928+0000] {logging_mixin.py:137} INFO - [2023-05-25T04:55:55.928+0000] {dag.py:2690} INFO - Sync 1 DAGs
[2023-05-25T04:55:55.974+0000] {logging_mixin.py:137} INFO - [2023-05-25T04:55:55.974+0000] {dag.py:3441} INFO - Setting next_dagrun for example_sensor_decorator to None, run_after=None
[2023-05-25T04:55:56.008+0000] {processor.py:175} INFO - Processing /home/airflow/.local/lib/python3.7/site-packages/airflow/example_dags/example_sensor_decorator.py took 0.204 seconds
[2023-05-25T04:56:26.605+0000] {processor.py:153} INFO - Started process (PID=1687) to work on /home/airflow/.local/lib/python3.7/site-packages/airflow/example_dags/example_sensor_decorator.py
[2023-05-25T04:56:26.609+0000] {processor.py:743} INFO - Processing file /home/airflow/.local/lib/python3.7/site-packages/airflow/example_dags/example_sensor_decorator.py for tasks to queue
[2023-05-25T04:56:26.613+0000] {logging_mixin.py:137} INFO - [2023-05-25T04:56:26.613+0000] {dagbag.py:538} INFO - Filling up the DagBag from /home/airflow/.local/lib/python3.7/site-packages/airflow/example_dags/example_sensor_decorator.py
[2023-05-25T04:56:26.683+0000] {processor.py:753} INFO - DAG(s) dict_keys(['example_sensor_decorator']) retrieved from /home/airflow/.local/lib/python3.7/site-packages/airflow/example_dags/example_sensor_decorator.py
[2023-05-25T04:56:26.748+0000] {logging_mixin.py:137} INFO - [2023-05-25T04:56:26.747+0000] {dag.py:2690} INFO - Sync 1 DAGs
[2023-05-25T04:56:26.830+0000] {logging_mixin.py:137} INFO - [2023-05-25T04:56:26.829+0000] {dag.py:3441} INFO - Setting next_dagrun for example_sensor_decorator to None, run_after=None
[2023-05-25T04:56:26.911+0000] {processor.py:175} INFO - Processing /home/airflow/.local/lib/python3.7/site-packages/airflow/example_dags/example_sensor_decorator.py took 0.319 seconds
[2023-05-25T04:56:57.396+0000] {processor.py:153} INFO - Started process (PID=1747) to work on /home/airflow/.local/lib/python3.7/site-packages/airflow/example_dags/example_sensor_decorator.py
[2023-05-25T04:56:57.399+0000] {processor.py:743} INFO - Processing file /home/airflow/.local/lib/python3.7/site-packages/airflow/example_dags/example_sensor_decorator.py for tasks to queue
[2023-05-25T04:56:57.401+0000] {logging_mixin.py:137} INFO - [2023-05-25T04:56:57.401+0000] {dagbag.py:538} INFO - Filling up the DagBag from /home/airflow/.local/lib/python3.7/site-packages/airflow/example_dags/example_sensor_decorator.py
[2023-05-25T04:56:57.432+0000] {processor.py:753} INFO - DAG(s) dict_keys(['example_sensor_decorator']) retrieved from /home/airflow/.local/lib/python3.7/site-packages/airflow/example_dags/example_sensor_decorator.py
[2023-05-25T04:56:57.472+0000] {logging_mixin.py:137} INFO - [2023-05-25T04:56:57.472+0000] {dag.py:2690} INFO - Sync 1 DAGs
[2023-05-25T04:56:57.515+0000] {logging_mixin.py:137} INFO - [2023-05-25T04:56:57.514+0000] {dag.py:3441} INFO - Setting next_dagrun for example_sensor_decorator to None, run_after=None
[2023-05-25T04:56:57.555+0000] {processor.py:175} INFO - Processing /home/airflow/.local/lib/python3.7/site-packages/airflow/example_dags/example_sensor_decorator.py took 0.166 seconds
[2023-05-25T04:57:27.718+0000] {processor.py:153} INFO - Started process (PID=1807) to work on /home/airflow/.local/lib/python3.7/site-packages/airflow/example_dags/example_sensor_decorator.py
[2023-05-25T04:57:27.721+0000] {processor.py:743} INFO - Processing file /home/airflow/.local/lib/python3.7/site-packages/airflow/example_dags/example_sensor_decorator.py for tasks to queue
[2023-05-25T04:57:27.723+0000] {logging_mixin.py:137} INFO - [2023-05-25T04:57:27.723+0000] {dagbag.py:538} INFO - Filling up the DagBag from /home/airflow/.local/lib/python3.7/site-packages/airflow/example_dags/example_sensor_decorator.py
[2023-05-25T04:57:27.800+0000] {processor.py:753} INFO - DAG(s) dict_keys(['example_sensor_decorator']) retrieved from /home/airflow/.local/lib/python3.7/site-packages/airflow/example_dags/example_sensor_decorator.py
[2023-05-25T04:57:27.871+0000] {logging_mixin.py:137} INFO - [2023-05-25T04:57:27.871+0000] {dag.py:2690} INFO - Sync 1 DAGs
[2023-05-25T04:57:27.942+0000] {logging_mixin.py:137} INFO - [2023-05-25T04:57:27.942+0000] {dag.py:3441} INFO - Setting next_dagrun for example_sensor_decorator to None, run_after=None
[2023-05-25T04:57:27.997+0000] {processor.py:175} INFO - Processing /home/airflow/.local/lib/python3.7/site-packages/airflow/example_dags/example_sensor_decorator.py took 0.288 seconds
[2023-05-25T04:57:58.476+0000] {processor.py:153} INFO - Started process (PID=1858) to work on /home/airflow/.local/lib/python3.7/site-packages/airflow/example_dags/example_sensor_decorator.py
[2023-05-25T04:57:58.480+0000] {processor.py:743} INFO - Processing file /home/airflow/.local/lib/python3.7/site-packages/airflow/example_dags/example_sensor_decorator.py for tasks to queue
[2023-05-25T04:57:58.483+0000] {logging_mixin.py:137} INFO - [2023-05-25T04:57:58.483+0000] {dagbag.py:538} INFO - Filling up the DagBag from /home/airflow/.local/lib/python3.7/site-packages/airflow/example_dags/example_sensor_decorator.py
[2023-05-25T04:57:58.548+0000] {processor.py:753} INFO - DAG(s) dict_keys(['example_sensor_decorator']) retrieved from /home/airflow/.local/lib/python3.7/site-packages/airflow/example_dags/example_sensor_decorator.py
[2023-05-25T04:57:58.606+0000] {logging_mixin.py:137} INFO - [2023-05-25T04:57:58.606+0000] {dag.py:2690} INFO - Sync 1 DAGs
[2023-05-25T04:57:58.673+0000] {logging_mixin.py:137} INFO - [2023-05-25T04:57:58.672+0000] {dag.py:3441} INFO - Setting next_dagrun for example_sensor_decorator to None, run_after=None
[2023-05-25T04:57:58.723+0000] {processor.py:175} INFO - Processing /home/airflow/.local/lib/python3.7/site-packages/airflow/example_dags/example_sensor_decorator.py took 0.264 seconds
[2023-05-25T04:58:29.208+0000] {processor.py:153} INFO - Started process (PID=1922) to work on /home/airflow/.local/lib/python3.7/site-packages/airflow/example_dags/example_sensor_decorator.py
[2023-05-25T04:58:29.214+0000] {processor.py:743} INFO - Processing file /home/airflow/.local/lib/python3.7/site-packages/airflow/example_dags/example_sensor_decorator.py for tasks to queue
[2023-05-25T04:58:29.219+0000] {logging_mixin.py:137} INFO - [2023-05-25T04:58:29.218+0000] {dagbag.py:538} INFO - Filling up the DagBag from /home/airflow/.local/lib/python3.7/site-packages/airflow/example_dags/example_sensor_decorator.py
[2023-05-25T04:58:29.300+0000] {processor.py:753} INFO - DAG(s) dict_keys(['example_sensor_decorator']) retrieved from /home/airflow/.local/lib/python3.7/site-packages/airflow/example_dags/example_sensor_decorator.py
[2023-05-25T04:58:29.371+0000] {logging_mixin.py:137} INFO - [2023-05-25T04:58:29.370+0000] {dag.py:2690} INFO - Sync 1 DAGs
[2023-05-25T04:58:29.435+0000] {logging_mixin.py:137} INFO - [2023-05-25T04:58:29.430+0000] {dag.py:3441} INFO - Setting next_dagrun for example_sensor_decorator to None, run_after=None
[2023-05-25T04:58:29.487+0000] {processor.py:175} INFO - Processing /home/airflow/.local/lib/python3.7/site-packages/airflow/example_dags/example_sensor_decorator.py took 0.286 seconds
[2023-05-25T04:58:59.643+0000] {processor.py:153} INFO - Started process (PID=1986) to work on /home/airflow/.local/lib/python3.7/site-packages/airflow/example_dags/example_sensor_decorator.py
[2023-05-25T04:58:59.646+0000] {processor.py:743} INFO - Processing file /home/airflow/.local/lib/python3.7/site-packages/airflow/example_dags/example_sensor_decorator.py for tasks to queue
[2023-05-25T04:58:59.650+0000] {logging_mixin.py:137} INFO - [2023-05-25T04:58:59.650+0000] {dagbag.py:538} INFO - Filling up the DagBag from /home/airflow/.local/lib/python3.7/site-packages/airflow/example_dags/example_sensor_decorator.py
[2023-05-25T04:58:59.708+0000] {processor.py:753} INFO - DAG(s) dict_keys(['example_sensor_decorator']) retrieved from /home/airflow/.local/lib/python3.7/site-packages/airflow/example_dags/example_sensor_decorator.py
[2023-05-25T04:58:59.742+0000] {logging_mixin.py:137} INFO - [2023-05-25T04:58:59.742+0000] {dag.py:2690} INFO - Sync 1 DAGs
[2023-05-25T04:58:59.782+0000] {logging_mixin.py:137} INFO - [2023-05-25T04:58:59.782+0000] {dag.py:3441} INFO - Setting next_dagrun for example_sensor_decorator to None, run_after=None
[2023-05-25T04:58:59.816+0000] {processor.py:175} INFO - Processing /home/airflow/.local/lib/python3.7/site-packages/airflow/example_dags/example_sensor_decorator.py took 0.177 seconds
[2023-05-25T04:59:30.100+0000] {processor.py:153} INFO - Started process (PID=2043) to work on /home/airflow/.local/lib/python3.7/site-packages/airflow/example_dags/example_sensor_decorator.py
[2023-05-25T04:59:30.103+0000] {processor.py:743} INFO - Processing file /home/airflow/.local/lib/python3.7/site-packages/airflow/example_dags/example_sensor_decorator.py for tasks to queue
[2023-05-25T04:59:30.105+0000] {logging_mixin.py:137} INFO - [2023-05-25T04:59:30.105+0000] {dagbag.py:538} INFO - Filling up the DagBag from /home/airflow/.local/lib/python3.7/site-packages/airflow/example_dags/example_sensor_decorator.py
[2023-05-25T04:59:30.134+0000] {processor.py:753} INFO - DAG(s) dict_keys(['example_sensor_decorator']) retrieved from /home/airflow/.local/lib/python3.7/site-packages/airflow/example_dags/example_sensor_decorator.py
[2023-05-25T04:59:30.171+0000] {logging_mixin.py:137} INFO - [2023-05-25T04:59:30.170+0000] {dag.py:2690} INFO - Sync 1 DAGs
[2023-05-25T04:59:30.205+0000] {logging_mixin.py:137} INFO - [2023-05-25T04:59:30.205+0000] {dag.py:3441} INFO - Setting next_dagrun for example_sensor_decorator to None, run_after=None
[2023-05-25T04:59:30.241+0000] {processor.py:175} INFO - Processing /home/airflow/.local/lib/python3.7/site-packages/airflow/example_dags/example_sensor_decorator.py took 0.145 seconds
[2023-05-25T05:00:00.595+0000] {processor.py:153} INFO - Started process (PID=2103) to work on /home/airflow/.local/lib/python3.7/site-packages/airflow/example_dags/example_sensor_decorator.py
[2023-05-25T05:00:00.597+0000] {processor.py:743} INFO - Processing file /home/airflow/.local/lib/python3.7/site-packages/airflow/example_dags/example_sensor_decorator.py for tasks to queue
[2023-05-25T05:00:00.600+0000] {logging_mixin.py:137} INFO - [2023-05-25T05:00:00.600+0000] {dagbag.py:538} INFO - Filling up the DagBag from /home/airflow/.local/lib/python3.7/site-packages/airflow/example_dags/example_sensor_decorator.py
[2023-05-25T05:00:00.646+0000] {processor.py:753} INFO - DAG(s) dict_keys(['example_sensor_decorator']) retrieved from /home/airflow/.local/lib/python3.7/site-packages/airflow/example_dags/example_sensor_decorator.py
[2023-05-25T05:00:00.687+0000] {logging_mixin.py:137} INFO - [2023-05-25T05:00:00.687+0000] {dag.py:2690} INFO - Sync 1 DAGs
[2023-05-25T05:00:00.733+0000] {logging_mixin.py:137} INFO - [2023-05-25T05:00:00.733+0000] {dag.py:3441} INFO - Setting next_dagrun for example_sensor_decorator to None, run_after=None
[2023-05-25T05:00:00.765+0000] {processor.py:175} INFO - Processing /home/airflow/.local/lib/python3.7/site-packages/airflow/example_dags/example_sensor_decorator.py took 0.175 seconds
[2023-05-25T05:00:31.601+0000] {processor.py:153} INFO - Started process (PID=2162) to work on /home/airflow/.local/lib/python3.7/site-packages/airflow/example_dags/example_sensor_decorator.py
[2023-05-25T05:00:31.604+0000] {processor.py:743} INFO - Processing file /home/airflow/.local/lib/python3.7/site-packages/airflow/example_dags/example_sensor_decorator.py for tasks to queue
[2023-05-25T05:00:31.607+0000] {logging_mixin.py:137} INFO - [2023-05-25T05:00:31.606+0000] {dagbag.py:538} INFO - Filling up the DagBag from /home/airflow/.local/lib/python3.7/site-packages/airflow/example_dags/example_sensor_decorator.py
[2023-05-25T05:00:31.645+0000] {processor.py:753} INFO - DAG(s) dict_keys(['example_sensor_decorator']) retrieved from /home/airflow/.local/lib/python3.7/site-packages/airflow/example_dags/example_sensor_decorator.py
[2023-05-25T05:00:31.690+0000] {logging_mixin.py:137} INFO - [2023-05-25T05:00:31.690+0000] {dag.py:2690} INFO - Sync 1 DAGs
[2023-05-25T05:00:31.743+0000] {logging_mixin.py:137} INFO - [2023-05-25T05:00:31.743+0000] {dag.py:3441} INFO - Setting next_dagrun for example_sensor_decorator to None, run_after=None
[2023-05-25T05:00:31.792+0000] {processor.py:175} INFO - Processing /home/airflow/.local/lib/python3.7/site-packages/airflow/example_dags/example_sensor_decorator.py took 0.198 seconds
[2023-05-25T05:01:02.545+0000] {processor.py:153} INFO - Started process (PID=2231) to work on /home/airflow/.local/lib/python3.7/site-packages/airflow/example_dags/example_sensor_decorator.py
[2023-05-25T05:01:02.548+0000] {processor.py:743} INFO - Processing file /home/airflow/.local/lib/python3.7/site-packages/airflow/example_dags/example_sensor_decorator.py for tasks to queue
[2023-05-25T05:01:02.559+0000] {logging_mixin.py:137} INFO - [2023-05-25T05:01:02.559+0000] {dagbag.py:538} INFO - Filling up the DagBag from /home/airflow/.local/lib/python3.7/site-packages/airflow/example_dags/example_sensor_decorator.py
[2023-05-25T05:01:02.626+0000] {processor.py:753} INFO - DAG(s) dict_keys(['example_sensor_decorator']) retrieved from /home/airflow/.local/lib/python3.7/site-packages/airflow/example_dags/example_sensor_decorator.py
[2023-05-25T05:01:02.676+0000] {logging_mixin.py:137} INFO - [2023-05-25T05:01:02.676+0000] {dag.py:2690} INFO - Sync 1 DAGs
[2023-05-25T05:01:02.722+0000] {logging_mixin.py:137} INFO - [2023-05-25T05:01:02.722+0000] {dag.py:3441} INFO - Setting next_dagrun for example_sensor_decorator to None, run_after=None
[2023-05-25T05:01:02.771+0000] {processor.py:175} INFO - Processing /home/airflow/.local/lib/python3.7/site-packages/airflow/example_dags/example_sensor_decorator.py took 0.241 seconds
[2023-05-25T05:01:33.302+0000] {processor.py:153} INFO - Started process (PID=2290) to work on /home/airflow/.local/lib/python3.7/site-packages/airflow/example_dags/example_sensor_decorator.py
[2023-05-25T05:01:33.306+0000] {processor.py:743} INFO - Processing file /home/airflow/.local/lib/python3.7/site-packages/airflow/example_dags/example_sensor_decorator.py for tasks to queue
[2023-05-25T05:01:33.309+0000] {logging_mixin.py:137} INFO - [2023-05-25T05:01:33.309+0000] {dagbag.py:538} INFO - Filling up the DagBag from /home/airflow/.local/lib/python3.7/site-packages/airflow/example_dags/example_sensor_decorator.py
[2023-05-25T05:01:33.366+0000] {processor.py:753} INFO - DAG(s) dict_keys(['example_sensor_decorator']) retrieved from /home/airflow/.local/lib/python3.7/site-packages/airflow/example_dags/example_sensor_decorator.py
[2023-05-25T05:01:33.444+0000] {logging_mixin.py:137} INFO - [2023-05-25T05:01:33.444+0000] {dag.py:2690} INFO - Sync 1 DAGs
[2023-05-25T05:01:33.773+0000] {logging_mixin.py:137} INFO - [2023-05-25T05:01:33.772+0000] {dag.py:3441} INFO - Setting next_dagrun for example_sensor_decorator to None, run_after=None
[2023-05-25T05:01:33.922+0000] {processor.py:175} INFO - Processing /home/airflow/.local/lib/python3.7/site-packages/airflow/example_dags/example_sensor_decorator.py took 0.627 seconds
[2023-05-25T05:02:04.562+0000] {processor.py:153} INFO - Started process (PID=2350) to work on /home/airflow/.local/lib/python3.7/site-packages/airflow/example_dags/example_sensor_decorator.py
[2023-05-25T05:02:04.584+0000] {processor.py:743} INFO - Processing file /home/airflow/.local/lib/python3.7/site-packages/airflow/example_dags/example_sensor_decorator.py for tasks to queue
[2023-05-25T05:02:04.587+0000] {logging_mixin.py:137} INFO - [2023-05-25T05:02:04.587+0000] {dagbag.py:538} INFO - Filling up the DagBag from /home/airflow/.local/lib/python3.7/site-packages/airflow/example_dags/example_sensor_decorator.py
[2023-05-25T05:02:04.711+0000] {processor.py:753} INFO - DAG(s) dict_keys(['example_sensor_decorator']) retrieved from /home/airflow/.local/lib/python3.7/site-packages/airflow/example_dags/example_sensor_decorator.py
[2023-05-25T05:02:04.794+0000] {logging_mixin.py:137} INFO - [2023-05-25T05:02:04.794+0000] {dag.py:2690} INFO - Sync 1 DAGs
[2023-05-25T05:02:04.877+0000] {logging_mixin.py:137} INFO - [2023-05-25T05:02:04.877+0000] {dag.py:3441} INFO - Setting next_dagrun for example_sensor_decorator to None, run_after=None
[2023-05-25T05:02:05.006+0000] {processor.py:175} INFO - Processing /home/airflow/.local/lib/python3.7/site-packages/airflow/example_dags/example_sensor_decorator.py took 0.460 seconds
[2023-05-25T05:02:35.802+0000] {processor.py:153} INFO - Started process (PID=2409) to work on /home/airflow/.local/lib/python3.7/site-packages/airflow/example_dags/example_sensor_decorator.py
[2023-05-25T05:02:35.807+0000] {processor.py:743} INFO - Processing file /home/airflow/.local/lib/python3.7/site-packages/airflow/example_dags/example_sensor_decorator.py for tasks to queue
[2023-05-25T05:02:35.817+0000] {logging_mixin.py:137} INFO - [2023-05-25T05:02:35.814+0000] {dagbag.py:538} INFO - Filling up the DagBag from /home/airflow/.local/lib/python3.7/site-packages/airflow/example_dags/example_sensor_decorator.py
[2023-05-25T05:02:36.016+0000] {processor.py:753} INFO - DAG(s) dict_keys(['example_sensor_decorator']) retrieved from /home/airflow/.local/lib/python3.7/site-packages/airflow/example_dags/example_sensor_decorator.py
[2023-05-25T05:02:36.179+0000] {logging_mixin.py:137} INFO - [2023-05-25T05:02:36.178+0000] {dag.py:2690} INFO - Sync 1 DAGs
[2023-05-25T05:02:36.378+0000] {logging_mixin.py:137} INFO - [2023-05-25T05:02:36.377+0000] {dag.py:3441} INFO - Setting next_dagrun for example_sensor_decorator to None, run_after=None
[2023-05-25T05:02:37.276+0000] {processor.py:175} INFO - Processing /home/airflow/.local/lib/python3.7/site-packages/airflow/example_dags/example_sensor_decorator.py took 1.526 seconds
[2023-05-25T05:03:07.969+0000] {processor.py:153} INFO - Started process (PID=2469) to work on /home/airflow/.local/lib/python3.7/site-packages/airflow/example_dags/example_sensor_decorator.py
[2023-05-25T05:03:07.972+0000] {processor.py:743} INFO - Processing file /home/airflow/.local/lib/python3.7/site-packages/airflow/example_dags/example_sensor_decorator.py for tasks to queue
[2023-05-25T05:03:07.975+0000] {logging_mixin.py:137} INFO - [2023-05-25T05:03:07.975+0000] {dagbag.py:538} INFO - Filling up the DagBag from /home/airflow/.local/lib/python3.7/site-packages/airflow/example_dags/example_sensor_decorator.py
[2023-05-25T05:03:08.016+0000] {processor.py:753} INFO - DAG(s) dict_keys(['example_sensor_decorator']) retrieved from /home/airflow/.local/lib/python3.7/site-packages/airflow/example_dags/example_sensor_decorator.py
[2023-05-25T05:03:08.060+0000] {logging_mixin.py:137} INFO - [2023-05-25T05:03:08.060+0000] {dag.py:2690} INFO - Sync 1 DAGs
[2023-05-25T05:03:08.100+0000] {logging_mixin.py:137} INFO - [2023-05-25T05:03:08.100+0000] {dag.py:3441} INFO - Setting next_dagrun for example_sensor_decorator to None, run_after=None
[2023-05-25T05:03:08.132+0000] {processor.py:175} INFO - Processing /home/airflow/.local/lib/python3.7/site-packages/airflow/example_dags/example_sensor_decorator.py took 0.169 seconds
