[2023-05-25T04:36:09.867+0000] {processor.py:153} INFO - Started process (PID=122) to work on /home/airflow/.local/lib/python3.7/site-packages/airflow/example_dags/example_branch_python_dop_operator_3.py
[2023-05-25T04:36:09.875+0000] {processor.py:743} INFO - Processing file /home/airflow/.local/lib/python3.7/site-packages/airflow/example_dags/example_branch_python_dop_operator_3.py for tasks to queue
[2023-05-25T04:36:09.880+0000] {logging_mixin.py:137} INFO - [2023-05-25T04:36:09.880+0000] {dagbag.py:538} INFO - Filling up the DagBag from /home/airflow/.local/lib/python3.7/site-packages/airflow/example_dags/example_branch_python_dop_operator_3.py
[2023-05-25T04:36:10.010+0000] {processor.py:753} INFO - DAG(s) dict_keys(['example_branch_dop_operator_v3']) retrieved from /home/airflow/.local/lib/python3.7/site-packages/airflow/example_dags/example_branch_python_dop_operator_3.py
[2023-05-25T04:36:10.214+0000] {logging_mixin.py:137} INFO - [2023-05-25T04:36:10.214+0000] {dag.py:2690} INFO - Sync 1 DAGs
[2023-05-25T04:36:10.493+0000] {logging_mixin.py:137} INFO - [2023-05-25T04:36:10.493+0000] {dag.py:3441} INFO - Setting next_dagrun for example_branch_dop_operator_v3 to 2023-05-25T04:35:00+00:00, run_after=2023-05-25T04:36:00+00:00
[2023-05-25T04:36:10.606+0000] {processor.py:175} INFO - Processing /home/airflow/.local/lib/python3.7/site-packages/airflow/example_dags/example_branch_python_dop_operator_3.py took 0.749 seconds
[2023-05-25T04:36:46.802+0000] {processor.py:153} INFO - Started process (PID=181) to work on /home/airflow/.local/lib/python3.7/site-packages/airflow/example_dags/example_branch_python_dop_operator_3.py
[2023-05-25T04:36:46.807+0000] {processor.py:743} INFO - Processing file /home/airflow/.local/lib/python3.7/site-packages/airflow/example_dags/example_branch_python_dop_operator_3.py for tasks to queue
[2023-05-25T04:36:46.816+0000] {logging_mixin.py:137} INFO - [2023-05-25T04:36:46.816+0000] {dagbag.py:538} INFO - Filling up the DagBag from /home/airflow/.local/lib/python3.7/site-packages/airflow/example_dags/example_branch_python_dop_operator_3.py
[2023-05-25T04:36:47.108+0000] {processor.py:753} INFO - DAG(s) dict_keys(['example_branch_dop_operator_v3']) retrieved from /home/airflow/.local/lib/python3.7/site-packages/airflow/example_dags/example_branch_python_dop_operator_3.py
[2023-05-25T04:36:47.639+0000] {logging_mixin.py:137} INFO - [2023-05-25T04:36:47.639+0000] {dag.py:2690} INFO - Sync 1 DAGs
[2023-05-25T04:36:47.997+0000] {logging_mixin.py:137} INFO - [2023-05-25T04:36:47.996+0000] {dag.py:3441} INFO - Setting next_dagrun for example_branch_dop_operator_v3 to 2023-05-25T04:35:00+00:00, run_after=2023-05-25T04:36:00+00:00
[2023-05-25T04:36:48.297+0000] {processor.py:175} INFO - Processing /home/airflow/.local/lib/python3.7/site-packages/airflow/example_dags/example_branch_python_dop_operator_3.py took 1.515 seconds
[2023-05-25T04:38:40.005+0000] {processor.py:153} INFO - Started process (PID=281) to work on /home/airflow/.local/lib/python3.7/site-packages/airflow/example_dags/example_branch_python_dop_operator_3.py
[2023-05-25T04:38:40.022+0000] {processor.py:743} INFO - Processing file /home/airflow/.local/lib/python3.7/site-packages/airflow/example_dags/example_branch_python_dop_operator_3.py for tasks to queue
[2023-05-25T04:38:40.035+0000] {logging_mixin.py:137} INFO - [2023-05-25T04:38:40.035+0000] {dagbag.py:538} INFO - Filling up the DagBag from /home/airflow/.local/lib/python3.7/site-packages/airflow/example_dags/example_branch_python_dop_operator_3.py
[2023-05-25T04:38:40.314+0000] {processor.py:753} INFO - DAG(s) dict_keys(['example_branch_dop_operator_v3']) retrieved from /home/airflow/.local/lib/python3.7/site-packages/airflow/example_dags/example_branch_python_dop_operator_3.py
[2023-05-25T04:38:40.503+0000] {logging_mixin.py:137} INFO - [2023-05-25T04:38:40.503+0000] {dag.py:2690} INFO - Sync 1 DAGs
[2023-05-25T04:38:40.743+0000] {logging_mixin.py:137} INFO - [2023-05-25T04:38:40.741+0000] {dag.py:3441} INFO - Setting next_dagrun for example_branch_dop_operator_v3 to 2023-05-25T04:37:00+00:00, run_after=2023-05-25T04:38:00+00:00
[2023-05-25T04:38:40.872+0000] {processor.py:175} INFO - Processing /home/airflow/.local/lib/python3.7/site-packages/airflow/example_dags/example_branch_python_dop_operator_3.py took 0.903 seconds
[2023-05-25T04:39:14.937+0000] {processor.py:153} INFO - Started process (PID=342) to work on /home/airflow/.local/lib/python3.7/site-packages/airflow/example_dags/example_branch_python_dop_operator_3.py
[2023-05-25T04:39:14.969+0000] {processor.py:743} INFO - Processing file /home/airflow/.local/lib/python3.7/site-packages/airflow/example_dags/example_branch_python_dop_operator_3.py for tasks to queue
[2023-05-25T04:39:14.978+0000] {logging_mixin.py:137} INFO - [2023-05-25T04:39:14.977+0000] {dagbag.py:538} INFO - Filling up the DagBag from /home/airflow/.local/lib/python3.7/site-packages/airflow/example_dags/example_branch_python_dop_operator_3.py
[2023-05-25T04:39:16.558+0000] {processor.py:753} INFO - DAG(s) dict_keys(['example_branch_dop_operator_v3']) retrieved from /home/airflow/.local/lib/python3.7/site-packages/airflow/example_dags/example_branch_python_dop_operator_3.py
[2023-05-25T04:39:16.784+0000] {logging_mixin.py:137} INFO - [2023-05-25T04:39:16.772+0000] {dag.py:2690} INFO - Sync 1 DAGs
[2023-05-25T04:39:17.010+0000] {logging_mixin.py:137} INFO - [2023-05-25T04:39:17.010+0000] {dag.py:3441} INFO - Setting next_dagrun for example_branch_dop_operator_v3 to 2023-05-25T04:38:00+00:00, run_after=2023-05-25T04:39:00+00:00
[2023-05-25T04:39:17.251+0000] {processor.py:175} INFO - Processing /home/airflow/.local/lib/python3.7/site-packages/airflow/example_dags/example_branch_python_dop_operator_3.py took 2.516 seconds
[2023-05-25T04:42:23.223+0000] {processor.py:153} INFO - Started process (PID=98) to work on /home/airflow/.local/lib/python3.7/site-packages/airflow/example_dags/example_branch_python_dop_operator_3.py
[2023-05-25T04:42:23.227+0000] {processor.py:743} INFO - Processing file /home/airflow/.local/lib/python3.7/site-packages/airflow/example_dags/example_branch_python_dop_operator_3.py for tasks to queue
[2023-05-25T04:42:23.231+0000] {logging_mixin.py:137} INFO - [2023-05-25T04:42:23.230+0000] {dagbag.py:538} INFO - Filling up the DagBag from /home/airflow/.local/lib/python3.7/site-packages/airflow/example_dags/example_branch_python_dop_operator_3.py
[2023-05-25T04:42:23.294+0000] {processor.py:753} INFO - DAG(s) dict_keys(['example_branch_dop_operator_v3']) retrieved from /home/airflow/.local/lib/python3.7/site-packages/airflow/example_dags/example_branch_python_dop_operator_3.py
[2023-05-25T04:42:23.364+0000] {logging_mixin.py:137} INFO - [2023-05-25T04:42:23.364+0000] {dag.py:2690} INFO - Sync 1 DAGs
[2023-05-25T04:42:23.422+0000] {logging_mixin.py:137} INFO - [2023-05-25T04:42:23.421+0000] {dag.py:3441} INFO - Setting next_dagrun for example_branch_dop_operator_v3 to 2023-05-25T04:41:00+00:00, run_after=2023-05-25T04:42:00+00:00
[2023-05-25T04:42:23.471+0000] {processor.py:175} INFO - Processing /home/airflow/.local/lib/python3.7/site-packages/airflow/example_dags/example_branch_python_dop_operator_3.py took 0.256 seconds
[2023-05-25T04:42:55.736+0000] {processor.py:153} INFO - Started process (PID=157) to work on /home/airflow/.local/lib/python3.7/site-packages/airflow/example_dags/example_branch_python_dop_operator_3.py
[2023-05-25T04:42:55.741+0000] {processor.py:743} INFO - Processing file /home/airflow/.local/lib/python3.7/site-packages/airflow/example_dags/example_branch_python_dop_operator_3.py for tasks to queue
[2023-05-25T04:42:55.745+0000] {logging_mixin.py:137} INFO - [2023-05-25T04:42:55.745+0000] {dagbag.py:538} INFO - Filling up the DagBag from /home/airflow/.local/lib/python3.7/site-packages/airflow/example_dags/example_branch_python_dop_operator_3.py
[2023-05-25T04:42:55.796+0000] {processor.py:753} INFO - DAG(s) dict_keys(['example_branch_dop_operator_v3']) retrieved from /home/airflow/.local/lib/python3.7/site-packages/airflow/example_dags/example_branch_python_dop_operator_3.py
[2023-05-25T04:42:55.906+0000] {logging_mixin.py:137} INFO - [2023-05-25T04:42:55.905+0000] {dag.py:2690} INFO - Sync 1 DAGs
[2023-05-25T04:42:56.045+0000] {logging_mixin.py:137} INFO - [2023-05-25T04:42:56.044+0000] {dag.py:3441} INFO - Setting next_dagrun for example_branch_dop_operator_v3 to 2023-05-25T04:41:00+00:00, run_after=2023-05-25T04:42:00+00:00
[2023-05-25T04:42:56.163+0000] {processor.py:175} INFO - Processing /home/airflow/.local/lib/python3.7/site-packages/airflow/example_dags/example_branch_python_dop_operator_3.py took 0.442 seconds
[2023-05-25T04:43:26.684+0000] {processor.py:153} INFO - Started process (PID=216) to work on /home/airflow/.local/lib/python3.7/site-packages/airflow/example_dags/example_branch_python_dop_operator_3.py
[2023-05-25T04:43:26.695+0000] {processor.py:743} INFO - Processing file /home/airflow/.local/lib/python3.7/site-packages/airflow/example_dags/example_branch_python_dop_operator_3.py for tasks to queue
[2023-05-25T04:43:26.698+0000] {logging_mixin.py:137} INFO - [2023-05-25T04:43:26.698+0000] {dagbag.py:538} INFO - Filling up the DagBag from /home/airflow/.local/lib/python3.7/site-packages/airflow/example_dags/example_branch_python_dop_operator_3.py
[2023-05-25T04:43:26.789+0000] {processor.py:753} INFO - DAG(s) dict_keys(['example_branch_dop_operator_v3']) retrieved from /home/airflow/.local/lib/python3.7/site-packages/airflow/example_dags/example_branch_python_dop_operator_3.py
[2023-05-25T04:43:26.882+0000] {logging_mixin.py:137} INFO - [2023-05-25T04:43:26.881+0000] {dag.py:2690} INFO - Sync 1 DAGs
[2023-05-25T04:43:27.061+0000] {logging_mixin.py:137} INFO - [2023-05-25T04:43:27.061+0000] {dag.py:3441} INFO - Setting next_dagrun for example_branch_dop_operator_v3 to 2023-05-25T04:42:00+00:00, run_after=2023-05-25T04:43:00+00:00
[2023-05-25T04:43:27.132+0000] {processor.py:175} INFO - Processing /home/airflow/.local/lib/python3.7/site-packages/airflow/example_dags/example_branch_python_dop_operator_3.py took 0.460 seconds
[2023-05-25T04:43:57.608+0000] {processor.py:153} INFO - Started process (PID=276) to work on /home/airflow/.local/lib/python3.7/site-packages/airflow/example_dags/example_branch_python_dop_operator_3.py
[2023-05-25T04:43:57.613+0000] {processor.py:743} INFO - Processing file /home/airflow/.local/lib/python3.7/site-packages/airflow/example_dags/example_branch_python_dop_operator_3.py for tasks to queue
[2023-05-25T04:43:57.616+0000] {logging_mixin.py:137} INFO - [2023-05-25T04:43:57.616+0000] {dagbag.py:538} INFO - Filling up the DagBag from /home/airflow/.local/lib/python3.7/site-packages/airflow/example_dags/example_branch_python_dop_operator_3.py
[2023-05-25T04:43:57.653+0000] {processor.py:753} INFO - DAG(s) dict_keys(['example_branch_dop_operator_v3']) retrieved from /home/airflow/.local/lib/python3.7/site-packages/airflow/example_dags/example_branch_python_dop_operator_3.py
[2023-05-25T04:43:57.703+0000] {logging_mixin.py:137} INFO - [2023-05-25T04:43:57.703+0000] {dag.py:2690} INFO - Sync 1 DAGs
[2023-05-25T04:43:57.818+0000] {logging_mixin.py:137} INFO - [2023-05-25T04:43:57.818+0000] {dag.py:3441} INFO - Setting next_dagrun for example_branch_dop_operator_v3 to 2023-05-25T04:42:00+00:00, run_after=2023-05-25T04:43:00+00:00
[2023-05-25T04:43:57.854+0000] {processor.py:175} INFO - Processing /home/airflow/.local/lib/python3.7/site-packages/airflow/example_dags/example_branch_python_dop_operator_3.py took 0.250 seconds
[2023-05-25T04:44:28.764+0000] {processor.py:153} INFO - Started process (PID=338) to work on /home/airflow/.local/lib/python3.7/site-packages/airflow/example_dags/example_branch_python_dop_operator_3.py
[2023-05-25T04:44:28.775+0000] {processor.py:743} INFO - Processing file /home/airflow/.local/lib/python3.7/site-packages/airflow/example_dags/example_branch_python_dop_operator_3.py for tasks to queue
[2023-05-25T04:44:28.777+0000] {logging_mixin.py:137} INFO - [2023-05-25T04:44:28.777+0000] {dagbag.py:538} INFO - Filling up the DagBag from /home/airflow/.local/lib/python3.7/site-packages/airflow/example_dags/example_branch_python_dop_operator_3.py
[2023-05-25T04:44:28.922+0000] {processor.py:753} INFO - DAG(s) dict_keys(['example_branch_dop_operator_v3']) retrieved from /home/airflow/.local/lib/python3.7/site-packages/airflow/example_dags/example_branch_python_dop_operator_3.py
[2023-05-25T04:44:29.056+0000] {logging_mixin.py:137} INFO - [2023-05-25T04:44:29.056+0000] {dag.py:2690} INFO - Sync 1 DAGs
[2023-05-25T04:44:29.201+0000] {logging_mixin.py:137} INFO - [2023-05-25T04:44:29.201+0000] {dag.py:3441} INFO - Setting next_dagrun for example_branch_dop_operator_v3 to 2023-05-25T04:43:00+00:00, run_after=2023-05-25T04:44:00+00:00
[2023-05-25T04:44:29.306+0000] {processor.py:175} INFO - Processing /home/airflow/.local/lib/python3.7/site-packages/airflow/example_dags/example_branch_python_dop_operator_3.py took 0.569 seconds
[2023-05-25T04:44:59.954+0000] {processor.py:153} INFO - Started process (PID=405) to work on /home/airflow/.local/lib/python3.7/site-packages/airflow/example_dags/example_branch_python_dop_operator_3.py
[2023-05-25T04:44:59.957+0000] {processor.py:743} INFO - Processing file /home/airflow/.local/lib/python3.7/site-packages/airflow/example_dags/example_branch_python_dop_operator_3.py for tasks to queue
[2023-05-25T04:44:59.960+0000] {logging_mixin.py:137} INFO - [2023-05-25T04:44:59.959+0000] {dagbag.py:538} INFO - Filling up the DagBag from /home/airflow/.local/lib/python3.7/site-packages/airflow/example_dags/example_branch_python_dop_operator_3.py
[2023-05-25T04:45:00.016+0000] {processor.py:753} INFO - DAG(s) dict_keys(['example_branch_dop_operator_v3']) retrieved from /home/airflow/.local/lib/python3.7/site-packages/airflow/example_dags/example_branch_python_dop_operator_3.py
[2023-05-25T04:45:00.097+0000] {logging_mixin.py:137} INFO - [2023-05-25T04:45:00.096+0000] {dag.py:2690} INFO - Sync 1 DAGs
[2023-05-25T04:45:00.206+0000] {logging_mixin.py:137} INFO - [2023-05-25T04:45:00.206+0000] {dag.py:3441} INFO - Setting next_dagrun for example_branch_dop_operator_v3 to 2023-05-25T04:44:00+00:00, run_after=2023-05-25T04:45:00+00:00
[2023-05-25T04:45:00.273+0000] {processor.py:175} INFO - Processing /home/airflow/.local/lib/python3.7/site-packages/airflow/example_dags/example_branch_python_dop_operator_3.py took 0.329 seconds
[2023-05-25T04:45:37.051+0000] {processor.py:153} INFO - Started process (PID=468) to work on /home/airflow/.local/lib/python3.7/site-packages/airflow/example_dags/example_branch_python_dop_operator_3.py
[2023-05-25T04:45:37.058+0000] {processor.py:743} INFO - Processing file /home/airflow/.local/lib/python3.7/site-packages/airflow/example_dags/example_branch_python_dop_operator_3.py for tasks to queue
[2023-05-25T04:45:37.063+0000] {logging_mixin.py:137} INFO - [2023-05-25T04:45:37.063+0000] {dagbag.py:538} INFO - Filling up the DagBag from /home/airflow/.local/lib/python3.7/site-packages/airflow/example_dags/example_branch_python_dop_operator_3.py
[2023-05-25T04:45:37.146+0000] {processor.py:753} INFO - DAG(s) dict_keys(['example_branch_dop_operator_v3']) retrieved from /home/airflow/.local/lib/python3.7/site-packages/airflow/example_dags/example_branch_python_dop_operator_3.py
[2023-05-25T04:45:37.246+0000] {logging_mixin.py:137} INFO - [2023-05-25T04:45:37.246+0000] {dag.py:2690} INFO - Sync 1 DAGs
[2023-05-25T04:45:37.368+0000] {logging_mixin.py:137} INFO - [2023-05-25T04:45:37.367+0000] {dag.py:3441} INFO - Setting next_dagrun for example_branch_dop_operator_v3 to 2023-05-25T04:44:00+00:00, run_after=2023-05-25T04:45:00+00:00
[2023-05-25T04:45:37.461+0000] {processor.py:175} INFO - Processing /home/airflow/.local/lib/python3.7/site-packages/airflow/example_dags/example_branch_python_dop_operator_3.py took 0.426 seconds
[2023-05-25T04:46:07.627+0000] {processor.py:153} INFO - Started process (PID=530) to work on /home/airflow/.local/lib/python3.7/site-packages/airflow/example_dags/example_branch_python_dop_operator_3.py
[2023-05-25T04:46:07.631+0000] {processor.py:743} INFO - Processing file /home/airflow/.local/lib/python3.7/site-packages/airflow/example_dags/example_branch_python_dop_operator_3.py for tasks to queue
[2023-05-25T04:46:07.636+0000] {logging_mixin.py:137} INFO - [2023-05-25T04:46:07.635+0000] {dagbag.py:538} INFO - Filling up the DagBag from /home/airflow/.local/lib/python3.7/site-packages/airflow/example_dags/example_branch_python_dop_operator_3.py
[2023-05-25T04:46:07.688+0000] {processor.py:753} INFO - DAG(s) dict_keys(['example_branch_dop_operator_v3']) retrieved from /home/airflow/.local/lib/python3.7/site-packages/airflow/example_dags/example_branch_python_dop_operator_3.py
[2023-05-25T04:46:07.753+0000] {logging_mixin.py:137} INFO - [2023-05-25T04:46:07.752+0000] {dag.py:2690} INFO - Sync 1 DAGs
[2023-05-25T04:46:07.810+0000] {logging_mixin.py:137} INFO - [2023-05-25T04:46:07.810+0000] {dag.py:3441} INFO - Setting next_dagrun for example_branch_dop_operator_v3 to 2023-05-25T04:45:00+00:00, run_after=2023-05-25T04:46:00+00:00
[2023-05-25T04:46:07.845+0000] {processor.py:175} INFO - Processing /home/airflow/.local/lib/python3.7/site-packages/airflow/example_dags/example_branch_python_dop_operator_3.py took 0.229 seconds
[2023-05-25T04:46:38.710+0000] {processor.py:153} INFO - Started process (PID=592) to work on /home/airflow/.local/lib/python3.7/site-packages/airflow/example_dags/example_branch_python_dop_operator_3.py
[2023-05-25T04:46:38.714+0000] {processor.py:743} INFO - Processing file /home/airflow/.local/lib/python3.7/site-packages/airflow/example_dags/example_branch_python_dop_operator_3.py for tasks to queue
[2023-05-25T04:46:38.725+0000] {logging_mixin.py:137} INFO - [2023-05-25T04:46:38.724+0000] {dagbag.py:538} INFO - Filling up the DagBag from /home/airflow/.local/lib/python3.7/site-packages/airflow/example_dags/example_branch_python_dop_operator_3.py
[2023-05-25T04:46:38.831+0000] {processor.py:753} INFO - DAG(s) dict_keys(['example_branch_dop_operator_v3']) retrieved from /home/airflow/.local/lib/python3.7/site-packages/airflow/example_dags/example_branch_python_dop_operator_3.py
[2023-05-25T04:46:38.928+0000] {logging_mixin.py:137} INFO - [2023-05-25T04:46:38.927+0000] {dag.py:2690} INFO - Sync 1 DAGs
[2023-05-25T04:46:39.006+0000] {logging_mixin.py:137} INFO - [2023-05-25T04:46:39.005+0000] {dag.py:3441} INFO - Setting next_dagrun for example_branch_dop_operator_v3 to 2023-05-25T04:45:00+00:00, run_after=2023-05-25T04:46:00+00:00
[2023-05-25T04:46:39.053+0000] {processor.py:175} INFO - Processing /home/airflow/.local/lib/python3.7/site-packages/airflow/example_dags/example_branch_python_dop_operator_3.py took 0.365 seconds
[2023-05-25T04:47:46.502+0000] {processor.py:153} INFO - Started process (PID=697) to work on /home/airflow/.local/lib/python3.7/site-packages/airflow/example_dags/example_branch_python_dop_operator_3.py
[2023-05-25T04:47:46.506+0000] {processor.py:743} INFO - Processing file /home/airflow/.local/lib/python3.7/site-packages/airflow/example_dags/example_branch_python_dop_operator_3.py for tasks to queue
[2023-05-25T04:47:46.514+0000] {logging_mixin.py:137} INFO - [2023-05-25T04:47:46.513+0000] {dagbag.py:538} INFO - Filling up the DagBag from /home/airflow/.local/lib/python3.7/site-packages/airflow/example_dags/example_branch_python_dop_operator_3.py
[2023-05-25T04:47:46.746+0000] {processor.py:753} INFO - DAG(s) dict_keys(['example_branch_dop_operator_v3']) retrieved from /home/airflow/.local/lib/python3.7/site-packages/airflow/example_dags/example_branch_python_dop_operator_3.py
[2023-05-25T04:47:46.853+0000] {logging_mixin.py:137} INFO - [2023-05-25T04:47:46.853+0000] {dag.py:2690} INFO - Sync 1 DAGs
[2023-05-25T04:47:46.942+0000] {logging_mixin.py:137} INFO - [2023-05-25T04:47:46.942+0000] {dag.py:3441} INFO - Setting next_dagrun for example_branch_dop_operator_v3 to 2023-05-25T04:46:00+00:00, run_after=2023-05-25T04:47:00+00:00
[2023-05-25T04:47:47.026+0000] {processor.py:175} INFO - Processing /home/airflow/.local/lib/python3.7/site-packages/airflow/example_dags/example_branch_python_dop_operator_3.py took 0.543 seconds
[2023-05-25T04:48:18.322+0000] {processor.py:153} INFO - Started process (PID=759) to work on /home/airflow/.local/lib/python3.7/site-packages/airflow/example_dags/example_branch_python_dop_operator_3.py
[2023-05-25T04:48:18.325+0000] {processor.py:743} INFO - Processing file /home/airflow/.local/lib/python3.7/site-packages/airflow/example_dags/example_branch_python_dop_operator_3.py for tasks to queue
[2023-05-25T04:48:18.327+0000] {logging_mixin.py:137} INFO - [2023-05-25T04:48:18.327+0000] {dagbag.py:538} INFO - Filling up the DagBag from /home/airflow/.local/lib/python3.7/site-packages/airflow/example_dags/example_branch_python_dop_operator_3.py
[2023-05-25T04:48:18.368+0000] {processor.py:753} INFO - DAG(s) dict_keys(['example_branch_dop_operator_v3']) retrieved from /home/airflow/.local/lib/python3.7/site-packages/airflow/example_dags/example_branch_python_dop_operator_3.py
[2023-05-25T04:48:18.402+0000] {logging_mixin.py:137} INFO - [2023-05-25T04:48:18.402+0000] {dag.py:2690} INFO - Sync 1 DAGs
[2023-05-25T04:48:18.448+0000] {logging_mixin.py:137} INFO - [2023-05-25T04:48:18.448+0000] {dag.py:3441} INFO - Setting next_dagrun for example_branch_dop_operator_v3 to 2023-05-25T04:47:00+00:00, run_after=2023-05-25T04:48:00+00:00
[2023-05-25T04:48:18.474+0000] {processor.py:175} INFO - Processing /home/airflow/.local/lib/python3.7/site-packages/airflow/example_dags/example_branch_python_dop_operator_3.py took 0.157 seconds
[2023-05-25T04:48:48.835+0000] {processor.py:153} INFO - Started process (PID=822) to work on /home/airflow/.local/lib/python3.7/site-packages/airflow/example_dags/example_branch_python_dop_operator_3.py
[2023-05-25T04:48:48.840+0000] {processor.py:743} INFO - Processing file /home/airflow/.local/lib/python3.7/site-packages/airflow/example_dags/example_branch_python_dop_operator_3.py for tasks to queue
[2023-05-25T04:48:48.842+0000] {logging_mixin.py:137} INFO - [2023-05-25T04:48:48.842+0000] {dagbag.py:538} INFO - Filling up the DagBag from /home/airflow/.local/lib/python3.7/site-packages/airflow/example_dags/example_branch_python_dop_operator_3.py
[2023-05-25T04:48:48.949+0000] {processor.py:753} INFO - DAG(s) dict_keys(['example_branch_dop_operator_v3']) retrieved from /home/airflow/.local/lib/python3.7/site-packages/airflow/example_dags/example_branch_python_dop_operator_3.py
[2023-05-25T04:48:49.031+0000] {logging_mixin.py:137} INFO - [2023-05-25T04:48:49.031+0000] {dag.py:2690} INFO - Sync 1 DAGs
[2023-05-25T04:48:49.114+0000] {logging_mixin.py:137} INFO - [2023-05-25T04:48:49.114+0000] {dag.py:3441} INFO - Setting next_dagrun for example_branch_dop_operator_v3 to 2023-05-25T04:47:00+00:00, run_after=2023-05-25T04:48:00+00:00
[2023-05-25T04:48:49.223+0000] {processor.py:175} INFO - Processing /home/airflow/.local/lib/python3.7/site-packages/airflow/example_dags/example_branch_python_dop_operator_3.py took 0.405 seconds
[2023-05-25T04:49:19.406+0000] {processor.py:153} INFO - Started process (PID=890) to work on /home/airflow/.local/lib/python3.7/site-packages/airflow/example_dags/example_branch_python_dop_operator_3.py
[2023-05-25T04:49:19.408+0000] {processor.py:743} INFO - Processing file /home/airflow/.local/lib/python3.7/site-packages/airflow/example_dags/example_branch_python_dop_operator_3.py for tasks to queue
[2023-05-25T04:49:19.410+0000] {logging_mixin.py:137} INFO - [2023-05-25T04:49:19.410+0000] {dagbag.py:538} INFO - Filling up the DagBag from /home/airflow/.local/lib/python3.7/site-packages/airflow/example_dags/example_branch_python_dop_operator_3.py
[2023-05-25T04:49:19.493+0000] {processor.py:753} INFO - DAG(s) dict_keys(['example_branch_dop_operator_v3']) retrieved from /home/airflow/.local/lib/python3.7/site-packages/airflow/example_dags/example_branch_python_dop_operator_3.py
[2023-05-25T04:49:19.580+0000] {logging_mixin.py:137} INFO - [2023-05-25T04:49:19.580+0000] {dag.py:2690} INFO - Sync 1 DAGs
[2023-05-25T04:49:19.664+0000] {logging_mixin.py:137} INFO - [2023-05-25T04:49:19.664+0000] {dag.py:3441} INFO - Setting next_dagrun for example_branch_dop_operator_v3 to 2023-05-25T04:48:00+00:00, run_after=2023-05-25T04:49:00+00:00
[2023-05-25T04:49:19.721+0000] {processor.py:175} INFO - Processing /home/airflow/.local/lib/python3.7/site-packages/airflow/example_dags/example_branch_python_dop_operator_3.py took 0.322 seconds
[2023-05-25T04:49:50.136+0000] {processor.py:153} INFO - Started process (PID=953) to work on /home/airflow/.local/lib/python3.7/site-packages/airflow/example_dags/example_branch_python_dop_operator_3.py
[2023-05-25T04:49:50.150+0000] {processor.py:743} INFO - Processing file /home/airflow/.local/lib/python3.7/site-packages/airflow/example_dags/example_branch_python_dop_operator_3.py for tasks to queue
[2023-05-25T04:49:50.155+0000] {logging_mixin.py:137} INFO - [2023-05-25T04:49:50.151+0000] {dagbag.py:538} INFO - Filling up the DagBag from /home/airflow/.local/lib/python3.7/site-packages/airflow/example_dags/example_branch_python_dop_operator_3.py
[2023-05-25T04:49:50.240+0000] {processor.py:753} INFO - DAG(s) dict_keys(['example_branch_dop_operator_v3']) retrieved from /home/airflow/.local/lib/python3.7/site-packages/airflow/example_dags/example_branch_python_dop_operator_3.py
[2023-05-25T04:49:50.309+0000] {logging_mixin.py:137} INFO - [2023-05-25T04:49:50.308+0000] {dag.py:2690} INFO - Sync 1 DAGs
[2023-05-25T04:49:50.364+0000] {logging_mixin.py:137} INFO - [2023-05-25T04:49:50.364+0000] {dag.py:3441} INFO - Setting next_dagrun for example_branch_dop_operator_v3 to 2023-05-25T04:48:00+00:00, run_after=2023-05-25T04:49:00+00:00
[2023-05-25T04:49:50.419+0000] {processor.py:175} INFO - Processing /home/airflow/.local/lib/python3.7/site-packages/airflow/example_dags/example_branch_python_dop_operator_3.py took 0.298 seconds
[2023-05-25T04:50:25.792+0000] {processor.py:153} INFO - Started process (PID=1014) to work on /home/airflow/.local/lib/python3.7/site-packages/airflow/example_dags/example_branch_python_dop_operator_3.py
[2023-05-25T04:50:25.806+0000] {processor.py:743} INFO - Processing file /home/airflow/.local/lib/python3.7/site-packages/airflow/example_dags/example_branch_python_dop_operator_3.py for tasks to queue
[2023-05-25T04:50:25.833+0000] {logging_mixin.py:137} INFO - [2023-05-25T04:50:25.832+0000] {dagbag.py:538} INFO - Filling up the DagBag from /home/airflow/.local/lib/python3.7/site-packages/airflow/example_dags/example_branch_python_dop_operator_3.py
[2023-05-25T04:50:25.993+0000] {processor.py:753} INFO - DAG(s) dict_keys(['example_branch_dop_operator_v3']) retrieved from /home/airflow/.local/lib/python3.7/site-packages/airflow/example_dags/example_branch_python_dop_operator_3.py
[2023-05-25T04:50:26.332+0000] {logging_mixin.py:137} INFO - [2023-05-25T04:50:26.332+0000] {dag.py:2690} INFO - Sync 1 DAGs
[2023-05-25T04:50:26.845+0000] {logging_mixin.py:137} INFO - [2023-05-25T04:50:26.845+0000] {dag.py:3441} INFO - Setting next_dagrun for example_branch_dop_operator_v3 to 2023-05-25T04:49:00+00:00, run_after=2023-05-25T04:50:00+00:00
[2023-05-25T04:50:26.968+0000] {processor.py:175} INFO - Processing /home/airflow/.local/lib/python3.7/site-packages/airflow/example_dags/example_branch_python_dop_operator_3.py took 1.224 seconds
[2023-05-25T04:50:57.636+0000] {processor.py:153} INFO - Started process (PID=1074) to work on /home/airflow/.local/lib/python3.7/site-packages/airflow/example_dags/example_branch_python_dop_operator_3.py
[2023-05-25T04:50:57.647+0000] {processor.py:743} INFO - Processing file /home/airflow/.local/lib/python3.7/site-packages/airflow/example_dags/example_branch_python_dop_operator_3.py for tasks to queue
[2023-05-25T04:50:57.659+0000] {logging_mixin.py:137} INFO - [2023-05-25T04:50:57.656+0000] {dagbag.py:538} INFO - Filling up the DagBag from /home/airflow/.local/lib/python3.7/site-packages/airflow/example_dags/example_branch_python_dop_operator_3.py
[2023-05-25T04:50:57.991+0000] {processor.py:753} INFO - DAG(s) dict_keys(['example_branch_dop_operator_v3']) retrieved from /home/airflow/.local/lib/python3.7/site-packages/airflow/example_dags/example_branch_python_dop_operator_3.py
[2023-05-25T04:50:58.172+0000] {logging_mixin.py:137} INFO - [2023-05-25T04:50:58.172+0000] {dag.py:2690} INFO - Sync 1 DAGs
[2023-05-25T04:50:58.463+0000] {logging_mixin.py:137} INFO - [2023-05-25T04:50:58.462+0000] {dag.py:3441} INFO - Setting next_dagrun for example_branch_dop_operator_v3 to 2023-05-25T04:49:00+00:00, run_after=2023-05-25T04:50:00+00:00
[2023-05-25T04:50:58.596+0000] {processor.py:175} INFO - Processing /home/airflow/.local/lib/python3.7/site-packages/airflow/example_dags/example_branch_python_dop_operator_3.py took 0.994 seconds
[2023-05-25T04:51:29.947+0000] {processor.py:153} INFO - Started process (PID=1132) to work on /home/airflow/.local/lib/python3.7/site-packages/airflow/example_dags/example_branch_python_dop_operator_3.py
[2023-05-25T04:51:29.979+0000] {processor.py:743} INFO - Processing file /home/airflow/.local/lib/python3.7/site-packages/airflow/example_dags/example_branch_python_dop_operator_3.py for tasks to queue
[2023-05-25T04:51:29.982+0000] {logging_mixin.py:137} INFO - [2023-05-25T04:51:29.982+0000] {dagbag.py:538} INFO - Filling up the DagBag from /home/airflow/.local/lib/python3.7/site-packages/airflow/example_dags/example_branch_python_dop_operator_3.py
[2023-05-25T04:51:30.217+0000] {processor.py:753} INFO - DAG(s) dict_keys(['example_branch_dop_operator_v3']) retrieved from /home/airflow/.local/lib/python3.7/site-packages/airflow/example_dags/example_branch_python_dop_operator_3.py
[2023-05-25T04:51:30.501+0000] {logging_mixin.py:137} INFO - [2023-05-25T04:51:30.501+0000] {dag.py:2690} INFO - Sync 1 DAGs
[2023-05-25T04:51:30.904+0000] {logging_mixin.py:137} INFO - [2023-05-25T04:51:30.904+0000] {dag.py:3441} INFO - Setting next_dagrun for example_branch_dop_operator_v3 to 2023-05-25T04:50:00+00:00, run_after=2023-05-25T04:51:00+00:00
[2023-05-25T04:51:31.162+0000] {processor.py:175} INFO - Processing /home/airflow/.local/lib/python3.7/site-packages/airflow/example_dags/example_branch_python_dop_operator_3.py took 1.218 seconds
[2023-05-25T04:52:02.916+0000] {processor.py:153} INFO - Started process (PID=1184) to work on /home/airflow/.local/lib/python3.7/site-packages/airflow/example_dags/example_branch_python_dop_operator_3.py
[2023-05-25T04:52:02.925+0000] {processor.py:743} INFO - Processing file /home/airflow/.local/lib/python3.7/site-packages/airflow/example_dags/example_branch_python_dop_operator_3.py for tasks to queue
[2023-05-25T04:52:02.931+0000] {logging_mixin.py:137} INFO - [2023-05-25T04:52:02.931+0000] {dagbag.py:538} INFO - Filling up the DagBag from /home/airflow/.local/lib/python3.7/site-packages/airflow/example_dags/example_branch_python_dop_operator_3.py
[2023-05-25T04:52:03.087+0000] {processor.py:753} INFO - DAG(s) dict_keys(['example_branch_dop_operator_v3']) retrieved from /home/airflow/.local/lib/python3.7/site-packages/airflow/example_dags/example_branch_python_dop_operator_3.py
[2023-05-25T04:52:03.197+0000] {logging_mixin.py:137} INFO - [2023-05-25T04:52:03.197+0000] {dag.py:2690} INFO - Sync 1 DAGs
[2023-05-25T04:52:03.354+0000] {logging_mixin.py:137} INFO - [2023-05-25T04:52:03.354+0000] {dag.py:3441} INFO - Setting next_dagrun for example_branch_dop_operator_v3 to 2023-05-25T04:51:00+00:00, run_after=2023-05-25T04:52:00+00:00
[2023-05-25T04:52:03.456+0000] {processor.py:175} INFO - Processing /home/airflow/.local/lib/python3.7/site-packages/airflow/example_dags/example_branch_python_dop_operator_3.py took 0.552 seconds
[2023-05-25T04:52:35.894+0000] {processor.py:153} INFO - Started process (PID=1245) to work on /home/airflow/.local/lib/python3.7/site-packages/airflow/example_dags/example_branch_python_dop_operator_3.py
[2023-05-25T04:52:35.899+0000] {processor.py:743} INFO - Processing file /home/airflow/.local/lib/python3.7/site-packages/airflow/example_dags/example_branch_python_dop_operator_3.py for tasks to queue
[2023-05-25T04:52:35.901+0000] {logging_mixin.py:137} INFO - [2023-05-25T04:52:35.900+0000] {dagbag.py:538} INFO - Filling up the DagBag from /home/airflow/.local/lib/python3.7/site-packages/airflow/example_dags/example_branch_python_dop_operator_3.py
[2023-05-25T04:52:36.095+0000] {processor.py:753} INFO - DAG(s) dict_keys(['example_branch_dop_operator_v3']) retrieved from /home/airflow/.local/lib/python3.7/site-packages/airflow/example_dags/example_branch_python_dop_operator_3.py
[2023-05-25T04:52:36.178+0000] {logging_mixin.py:137} INFO - [2023-05-25T04:52:36.178+0000] {dag.py:2690} INFO - Sync 1 DAGs
[2023-05-25T04:52:36.260+0000] {logging_mixin.py:137} INFO - [2023-05-25T04:52:36.259+0000] {dag.py:3441} INFO - Setting next_dagrun for example_branch_dop_operator_v3 to 2023-05-25T04:51:00+00:00, run_after=2023-05-25T04:52:00+00:00
[2023-05-25T04:52:36.424+0000] {processor.py:175} INFO - Processing /home/airflow/.local/lib/python3.7/site-packages/airflow/example_dags/example_branch_python_dop_operator_3.py took 0.560 seconds
[2023-05-25T04:53:06.672+0000] {processor.py:153} INFO - Started process (PID=1306) to work on /home/airflow/.local/lib/python3.7/site-packages/airflow/example_dags/example_branch_python_dop_operator_3.py
[2023-05-25T04:53:06.677+0000] {processor.py:743} INFO - Processing file /home/airflow/.local/lib/python3.7/site-packages/airflow/example_dags/example_branch_python_dop_operator_3.py for tasks to queue
[2023-05-25T04:53:06.682+0000] {logging_mixin.py:137} INFO - [2023-05-25T04:53:06.681+0000] {dagbag.py:538} INFO - Filling up the DagBag from /home/airflow/.local/lib/python3.7/site-packages/airflow/example_dags/example_branch_python_dop_operator_3.py
[2023-05-25T04:53:06.738+0000] {processor.py:753} INFO - DAG(s) dict_keys(['example_branch_dop_operator_v3']) retrieved from /home/airflow/.local/lib/python3.7/site-packages/airflow/example_dags/example_branch_python_dop_operator_3.py
[2023-05-25T04:53:06.811+0000] {logging_mixin.py:137} INFO - [2023-05-25T04:53:06.811+0000] {dag.py:2690} INFO - Sync 1 DAGs
[2023-05-25T04:53:06.853+0000] {logging_mixin.py:137} INFO - [2023-05-25T04:53:06.853+0000] {dag.py:3441} INFO - Setting next_dagrun for example_branch_dop_operator_v3 to 2023-05-25T04:52:00+00:00, run_after=2023-05-25T04:53:00+00:00
[2023-05-25T04:53:06.883+0000] {processor.py:175} INFO - Processing /home/airflow/.local/lib/python3.7/site-packages/airflow/example_dags/example_branch_python_dop_operator_3.py took 0.220 seconds
[2023-05-25T04:53:37.225+0000] {processor.py:153} INFO - Started process (PID=1366) to work on /home/airflow/.local/lib/python3.7/site-packages/airflow/example_dags/example_branch_python_dop_operator_3.py
[2023-05-25T04:53:37.237+0000] {processor.py:743} INFO - Processing file /home/airflow/.local/lib/python3.7/site-packages/airflow/example_dags/example_branch_python_dop_operator_3.py for tasks to queue
[2023-05-25T04:53:37.242+0000] {logging_mixin.py:137} INFO - [2023-05-25T04:53:37.241+0000] {dagbag.py:538} INFO - Filling up the DagBag from /home/airflow/.local/lib/python3.7/site-packages/airflow/example_dags/example_branch_python_dop_operator_3.py
[2023-05-25T04:53:37.331+0000] {processor.py:753} INFO - DAG(s) dict_keys(['example_branch_dop_operator_v3']) retrieved from /home/airflow/.local/lib/python3.7/site-packages/airflow/example_dags/example_branch_python_dop_operator_3.py
[2023-05-25T04:53:37.406+0000] {logging_mixin.py:137} INFO - [2023-05-25T04:53:37.405+0000] {dag.py:2690} INFO - Sync 1 DAGs
[2023-05-25T04:53:37.477+0000] {logging_mixin.py:137} INFO - [2023-05-25T04:53:37.477+0000] {dag.py:3441} INFO - Setting next_dagrun for example_branch_dop_operator_v3 to 2023-05-25T04:52:00+00:00, run_after=2023-05-25T04:53:00+00:00
[2023-05-25T04:53:37.528+0000] {processor.py:175} INFO - Processing /home/airflow/.local/lib/python3.7/site-packages/airflow/example_dags/example_branch_python_dop_operator_3.py took 0.318 seconds
[2023-05-25T04:54:07.728+0000] {processor.py:153} INFO - Started process (PID=1425) to work on /home/airflow/.local/lib/python3.7/site-packages/airflow/example_dags/example_branch_python_dop_operator_3.py
[2023-05-25T04:54:07.733+0000] {processor.py:743} INFO - Processing file /home/airflow/.local/lib/python3.7/site-packages/airflow/example_dags/example_branch_python_dop_operator_3.py for tasks to queue
[2023-05-25T04:54:07.735+0000] {logging_mixin.py:137} INFO - [2023-05-25T04:54:07.735+0000] {dagbag.py:538} INFO - Filling up the DagBag from /home/airflow/.local/lib/python3.7/site-packages/airflow/example_dags/example_branch_python_dop_operator_3.py
[2023-05-25T04:54:07.781+0000] {processor.py:753} INFO - DAG(s) dict_keys(['example_branch_dop_operator_v3']) retrieved from /home/airflow/.local/lib/python3.7/site-packages/airflow/example_dags/example_branch_python_dop_operator_3.py
[2023-05-25T04:54:07.827+0000] {logging_mixin.py:137} INFO - [2023-05-25T04:54:07.827+0000] {dag.py:2690} INFO - Sync 1 DAGs
[2023-05-25T04:54:07.877+0000] {logging_mixin.py:137} INFO - [2023-05-25T04:54:07.877+0000] {dag.py:3441} INFO - Setting next_dagrun for example_branch_dop_operator_v3 to 2023-05-25T04:53:00+00:00, run_after=2023-05-25T04:54:00+00:00
[2023-05-25T04:54:07.915+0000] {processor.py:175} INFO - Processing /home/airflow/.local/lib/python3.7/site-packages/airflow/example_dags/example_branch_python_dop_operator_3.py took 0.194 seconds
[2023-05-25T04:54:42.597+0000] {processor.py:153} INFO - Started process (PID=1485) to work on /home/airflow/.local/lib/python3.7/site-packages/airflow/example_dags/example_branch_python_dop_operator_3.py
[2023-05-25T04:54:42.608+0000] {processor.py:743} INFO - Processing file /home/airflow/.local/lib/python3.7/site-packages/airflow/example_dags/example_branch_python_dop_operator_3.py for tasks to queue
[2023-05-25T04:54:42.611+0000] {logging_mixin.py:137} INFO - [2023-05-25T04:54:42.610+0000] {dagbag.py:538} INFO - Filling up the DagBag from /home/airflow/.local/lib/python3.7/site-packages/airflow/example_dags/example_branch_python_dop_operator_3.py
[2023-05-25T04:54:42.782+0000] {processor.py:753} INFO - DAG(s) dict_keys(['example_branch_dop_operator_v3']) retrieved from /home/airflow/.local/lib/python3.7/site-packages/airflow/example_dags/example_branch_python_dop_operator_3.py
[2023-05-25T04:54:42.991+0000] {logging_mixin.py:137} INFO - [2023-05-25T04:54:42.991+0000] {dag.py:2690} INFO - Sync 1 DAGs
[2023-05-25T04:54:43.293+0000] {logging_mixin.py:137} INFO - [2023-05-25T04:54:43.292+0000] {dag.py:3441} INFO - Setting next_dagrun for example_branch_dop_operator_v3 to 2023-05-25T04:53:00+00:00, run_after=2023-05-25T04:54:00+00:00
[2023-05-25T04:54:43.627+0000] {processor.py:175} INFO - Processing /home/airflow/.local/lib/python3.7/site-packages/airflow/example_dags/example_branch_python_dop_operator_3.py took 1.080 seconds
[2023-05-25T04:55:14.723+0000] {processor.py:153} INFO - Started process (PID=1547) to work on /home/airflow/.local/lib/python3.7/site-packages/airflow/example_dags/example_branch_python_dop_operator_3.py
[2023-05-25T04:55:14.734+0000] {processor.py:743} INFO - Processing file /home/airflow/.local/lib/python3.7/site-packages/airflow/example_dags/example_branch_python_dop_operator_3.py for tasks to queue
[2023-05-25T04:55:14.760+0000] {logging_mixin.py:137} INFO - [2023-05-25T04:55:14.760+0000] {dagbag.py:538} INFO - Filling up the DagBag from /home/airflow/.local/lib/python3.7/site-packages/airflow/example_dags/example_branch_python_dop_operator_3.py
[2023-05-25T04:55:14.901+0000] {processor.py:753} INFO - DAG(s) dict_keys(['example_branch_dop_operator_v3']) retrieved from /home/airflow/.local/lib/python3.7/site-packages/airflow/example_dags/example_branch_python_dop_operator_3.py
[2023-05-25T04:55:14.945+0000] {logging_mixin.py:137} INFO - [2023-05-25T04:55:14.945+0000] {dag.py:2690} INFO - Sync 1 DAGs
[2023-05-25T04:55:14.993+0000] {logging_mixin.py:137} INFO - [2023-05-25T04:55:14.993+0000] {dag.py:3441} INFO - Setting next_dagrun for example_branch_dop_operator_v3 to 2023-05-25T04:54:00+00:00, run_after=2023-05-25T04:55:00+00:00
[2023-05-25T04:55:15.029+0000] {processor.py:175} INFO - Processing /home/airflow/.local/lib/python3.7/site-packages/airflow/example_dags/example_branch_python_dop_operator_3.py took 0.336 seconds
[2023-05-25T04:55:45.654+0000] {processor.py:153} INFO - Started process (PID=1607) to work on /home/airflow/.local/lib/python3.7/site-packages/airflow/example_dags/example_branch_python_dop_operator_3.py
[2023-05-25T04:55:45.658+0000] {processor.py:743} INFO - Processing file /home/airflow/.local/lib/python3.7/site-packages/airflow/example_dags/example_branch_python_dop_operator_3.py for tasks to queue
[2023-05-25T04:55:45.663+0000] {logging_mixin.py:137} INFO - [2023-05-25T04:55:45.662+0000] {dagbag.py:538} INFO - Filling up the DagBag from /home/airflow/.local/lib/python3.7/site-packages/airflow/example_dags/example_branch_python_dop_operator_3.py
[2023-05-25T04:55:45.711+0000] {processor.py:753} INFO - DAG(s) dict_keys(['example_branch_dop_operator_v3']) retrieved from /home/airflow/.local/lib/python3.7/site-packages/airflow/example_dags/example_branch_python_dop_operator_3.py
[2023-05-25T04:55:45.763+0000] {logging_mixin.py:137} INFO - [2023-05-25T04:55:45.763+0000] {dag.py:2690} INFO - Sync 1 DAGs
[2023-05-25T04:55:45.823+0000] {logging_mixin.py:137} INFO - [2023-05-25T04:55:45.823+0000] {dag.py:3441} INFO - Setting next_dagrun for example_branch_dop_operator_v3 to 2023-05-25T04:54:00+00:00, run_after=2023-05-25T04:55:00+00:00
[2023-05-25T04:55:45.859+0000] {processor.py:175} INFO - Processing /home/airflow/.local/lib/python3.7/site-packages/airflow/example_dags/example_branch_python_dop_operator_3.py took 0.213 seconds
[2023-05-25T04:56:15.980+0000] {processor.py:153} INFO - Started process (PID=1666) to work on /home/airflow/.local/lib/python3.7/site-packages/airflow/example_dags/example_branch_python_dop_operator_3.py
[2023-05-25T04:56:15.985+0000] {processor.py:743} INFO - Processing file /home/airflow/.local/lib/python3.7/site-packages/airflow/example_dags/example_branch_python_dop_operator_3.py for tasks to queue
[2023-05-25T04:56:15.987+0000] {logging_mixin.py:137} INFO - [2023-05-25T04:56:15.987+0000] {dagbag.py:538} INFO - Filling up the DagBag from /home/airflow/.local/lib/python3.7/site-packages/airflow/example_dags/example_branch_python_dop_operator_3.py
[2023-05-25T04:56:16.031+0000] {processor.py:753} INFO - DAG(s) dict_keys(['example_branch_dop_operator_v3']) retrieved from /home/airflow/.local/lib/python3.7/site-packages/airflow/example_dags/example_branch_python_dop_operator_3.py
[2023-05-25T04:56:16.073+0000] {logging_mixin.py:137} INFO - [2023-05-25T04:56:16.073+0000] {dag.py:2690} INFO - Sync 1 DAGs
[2023-05-25T04:56:16.117+0000] {logging_mixin.py:137} INFO - [2023-05-25T04:56:16.116+0000] {dag.py:3441} INFO - Setting next_dagrun for example_branch_dop_operator_v3 to 2023-05-25T04:55:00+00:00, run_after=2023-05-25T04:56:00+00:00
[2023-05-25T04:56:16.160+0000] {processor.py:175} INFO - Processing /home/airflow/.local/lib/python3.7/site-packages/airflow/example_dags/example_branch_python_dop_operator_3.py took 0.185 seconds
[2023-05-25T04:56:46.368+0000] {processor.py:153} INFO - Started process (PID=1726) to work on /home/airflow/.local/lib/python3.7/site-packages/airflow/example_dags/example_branch_python_dop_operator_3.py
[2023-05-25T04:56:46.371+0000] {processor.py:743} INFO - Processing file /home/airflow/.local/lib/python3.7/site-packages/airflow/example_dags/example_branch_python_dop_operator_3.py for tasks to queue
[2023-05-25T04:56:46.374+0000] {logging_mixin.py:137} INFO - [2023-05-25T04:56:46.374+0000] {dagbag.py:538} INFO - Filling up the DagBag from /home/airflow/.local/lib/python3.7/site-packages/airflow/example_dags/example_branch_python_dop_operator_3.py
[2023-05-25T04:56:46.450+0000] {processor.py:753} INFO - DAG(s) dict_keys(['example_branch_dop_operator_v3']) retrieved from /home/airflow/.local/lib/python3.7/site-packages/airflow/example_dags/example_branch_python_dop_operator_3.py
[2023-05-25T04:56:46.493+0000] {logging_mixin.py:137} INFO - [2023-05-25T04:56:46.492+0000] {dag.py:2690} INFO - Sync 1 DAGs
[2023-05-25T04:56:46.561+0000] {logging_mixin.py:137} INFO - [2023-05-25T04:56:46.561+0000] {dag.py:3441} INFO - Setting next_dagrun for example_branch_dop_operator_v3 to 2023-05-25T04:55:00+00:00, run_after=2023-05-25T04:56:00+00:00
[2023-05-25T04:56:46.605+0000] {processor.py:175} INFO - Processing /home/airflow/.local/lib/python3.7/site-packages/airflow/example_dags/example_branch_python_dop_operator_3.py took 0.249 seconds
[2023-05-25T04:57:17.446+0000] {processor.py:153} INFO - Started process (PID=1786) to work on /home/airflow/.local/lib/python3.7/site-packages/airflow/example_dags/example_branch_python_dop_operator_3.py
[2023-05-25T04:57:17.457+0000] {processor.py:743} INFO - Processing file /home/airflow/.local/lib/python3.7/site-packages/airflow/example_dags/example_branch_python_dop_operator_3.py for tasks to queue
[2023-05-25T04:57:17.460+0000] {logging_mixin.py:137} INFO - [2023-05-25T04:57:17.460+0000] {dagbag.py:538} INFO - Filling up the DagBag from /home/airflow/.local/lib/python3.7/site-packages/airflow/example_dags/example_branch_python_dop_operator_3.py
[2023-05-25T04:57:17.512+0000] {processor.py:753} INFO - DAG(s) dict_keys(['example_branch_dop_operator_v3']) retrieved from /home/airflow/.local/lib/python3.7/site-packages/airflow/example_dags/example_branch_python_dop_operator_3.py
[2023-05-25T04:57:17.581+0000] {logging_mixin.py:137} INFO - [2023-05-25T04:57:17.581+0000] {dag.py:2690} INFO - Sync 1 DAGs
[2023-05-25T04:57:17.679+0000] {logging_mixin.py:137} INFO - [2023-05-25T04:57:17.679+0000] {dag.py:3441} INFO - Setting next_dagrun for example_branch_dop_operator_v3 to 2023-05-25T04:56:00+00:00, run_after=2023-05-25T04:57:00+00:00
[2023-05-25T04:57:17.759+0000] {processor.py:175} INFO - Processing /home/airflow/.local/lib/python3.7/site-packages/airflow/example_dags/example_branch_python_dop_operator_3.py took 0.325 seconds
[2023-05-25T04:57:48.327+0000] {processor.py:153} INFO - Started process (PID=1847) to work on /home/airflow/.local/lib/python3.7/site-packages/airflow/example_dags/example_branch_python_dop_operator_3.py
[2023-05-25T04:57:48.332+0000] {processor.py:743} INFO - Processing file /home/airflow/.local/lib/python3.7/site-packages/airflow/example_dags/example_branch_python_dop_operator_3.py for tasks to queue
[2023-05-25T04:57:48.338+0000] {logging_mixin.py:137} INFO - [2023-05-25T04:57:48.337+0000] {dagbag.py:538} INFO - Filling up the DagBag from /home/airflow/.local/lib/python3.7/site-packages/airflow/example_dags/example_branch_python_dop_operator_3.py
[2023-05-25T04:57:48.423+0000] {processor.py:753} INFO - DAG(s) dict_keys(['example_branch_dop_operator_v3']) retrieved from /home/airflow/.local/lib/python3.7/site-packages/airflow/example_dags/example_branch_python_dop_operator_3.py
[2023-05-25T04:57:48.524+0000] {logging_mixin.py:137} INFO - [2023-05-25T04:57:48.523+0000] {dag.py:2690} INFO - Sync 1 DAGs
[2023-05-25T04:57:48.653+0000] {logging_mixin.py:137} INFO - [2023-05-25T04:57:48.651+0000] {dag.py:3441} INFO - Setting next_dagrun for example_branch_dop_operator_v3 to 2023-05-25T04:56:00+00:00, run_after=2023-05-25T04:57:00+00:00
[2023-05-25T04:57:48.782+0000] {processor.py:175} INFO - Processing /home/airflow/.local/lib/python3.7/site-packages/airflow/example_dags/example_branch_python_dop_operator_3.py took 0.461 seconds
[2023-05-25T04:58:18.989+0000] {processor.py:153} INFO - Started process (PID=1905) to work on /home/airflow/.local/lib/python3.7/site-packages/airflow/example_dags/example_branch_python_dop_operator_3.py
[2023-05-25T04:58:18.993+0000] {processor.py:743} INFO - Processing file /home/airflow/.local/lib/python3.7/site-packages/airflow/example_dags/example_branch_python_dop_operator_3.py for tasks to queue
[2023-05-25T04:58:18.997+0000] {logging_mixin.py:137} INFO - [2023-05-25T04:58:18.997+0000] {dagbag.py:538} INFO - Filling up the DagBag from /home/airflow/.local/lib/python3.7/site-packages/airflow/example_dags/example_branch_python_dop_operator_3.py
[2023-05-25T04:58:19.051+0000] {processor.py:753} INFO - DAG(s) dict_keys(['example_branch_dop_operator_v3']) retrieved from /home/airflow/.local/lib/python3.7/site-packages/airflow/example_dags/example_branch_python_dop_operator_3.py
[2023-05-25T04:58:19.115+0000] {logging_mixin.py:137} INFO - [2023-05-25T04:58:19.114+0000] {dag.py:2690} INFO - Sync 1 DAGs
[2023-05-25T04:58:19.183+0000] {logging_mixin.py:137} INFO - [2023-05-25T04:58:19.183+0000] {dag.py:3441} INFO - Setting next_dagrun for example_branch_dop_operator_v3 to 2023-05-25T04:57:00+00:00, run_after=2023-05-25T04:58:00+00:00
[2023-05-25T04:58:19.242+0000] {processor.py:175} INFO - Processing /home/airflow/.local/lib/python3.7/site-packages/airflow/example_dags/example_branch_python_dop_operator_3.py took 0.260 seconds
[2023-05-25T04:58:49.668+0000] {processor.py:153} INFO - Started process (PID=1965) to work on /home/airflow/.local/lib/python3.7/site-packages/airflow/example_dags/example_branch_python_dop_operator_3.py
[2023-05-25T04:58:49.671+0000] {processor.py:743} INFO - Processing file /home/airflow/.local/lib/python3.7/site-packages/airflow/example_dags/example_branch_python_dop_operator_3.py for tasks to queue
[2023-05-25T04:58:49.674+0000] {logging_mixin.py:137} INFO - [2023-05-25T04:58:49.674+0000] {dagbag.py:538} INFO - Filling up the DagBag from /home/airflow/.local/lib/python3.7/site-packages/airflow/example_dags/example_branch_python_dop_operator_3.py
[2023-05-25T04:58:49.715+0000] {processor.py:753} INFO - DAG(s) dict_keys(['example_branch_dop_operator_v3']) retrieved from /home/airflow/.local/lib/python3.7/site-packages/airflow/example_dags/example_branch_python_dop_operator_3.py
[2023-05-25T04:58:49.760+0000] {logging_mixin.py:137} INFO - [2023-05-25T04:58:49.760+0000] {dag.py:2690} INFO - Sync 1 DAGs
[2023-05-25T04:58:49.819+0000] {logging_mixin.py:137} INFO - [2023-05-25T04:58:49.818+0000] {dag.py:3441} INFO - Setting next_dagrun for example_branch_dop_operator_v3 to 2023-05-25T04:57:00+00:00, run_after=2023-05-25T04:58:00+00:00
[2023-05-25T04:58:49.888+0000] {processor.py:175} INFO - Processing /home/airflow/.local/lib/python3.7/site-packages/airflow/example_dags/example_branch_python_dop_operator_3.py took 0.228 seconds
[2023-05-25T04:59:22.180+0000] {processor.py:153} INFO - Started process (PID=2026) to work on /home/airflow/.local/lib/python3.7/site-packages/airflow/example_dags/example_branch_python_dop_operator_3.py
[2023-05-25T04:59:22.183+0000] {processor.py:743} INFO - Processing file /home/airflow/.local/lib/python3.7/site-packages/airflow/example_dags/example_branch_python_dop_operator_3.py for tasks to queue
[2023-05-25T04:59:22.188+0000] {logging_mixin.py:137} INFO - [2023-05-25T04:59:22.186+0000] {dagbag.py:538} INFO - Filling up the DagBag from /home/airflow/.local/lib/python3.7/site-packages/airflow/example_dags/example_branch_python_dop_operator_3.py
[2023-05-25T04:59:22.280+0000] {processor.py:753} INFO - DAG(s) dict_keys(['example_branch_dop_operator_v3']) retrieved from /home/airflow/.local/lib/python3.7/site-packages/airflow/example_dags/example_branch_python_dop_operator_3.py
[2023-05-25T04:59:22.335+0000] {logging_mixin.py:137} INFO - [2023-05-25T04:59:22.335+0000] {dag.py:2690} INFO - Sync 1 DAGs
[2023-05-25T04:59:22.410+0000] {logging_mixin.py:137} INFO - [2023-05-25T04:59:22.410+0000] {dag.py:3441} INFO - Setting next_dagrun for example_branch_dop_operator_v3 to 2023-05-25T04:58:00+00:00, run_after=2023-05-25T04:59:00+00:00
[2023-05-25T04:59:22.458+0000] {processor.py:175} INFO - Processing /home/airflow/.local/lib/python3.7/site-packages/airflow/example_dags/example_branch_python_dop_operator_3.py took 0.286 seconds
[2023-05-25T04:59:52.514+0000] {processor.py:153} INFO - Started process (PID=2094) to work on /home/airflow/.local/lib/python3.7/site-packages/airflow/example_dags/example_branch_python_dop_operator_3.py
[2023-05-25T04:59:52.517+0000] {processor.py:743} INFO - Processing file /home/airflow/.local/lib/python3.7/site-packages/airflow/example_dags/example_branch_python_dop_operator_3.py for tasks to queue
[2023-05-25T04:59:52.520+0000] {logging_mixin.py:137} INFO - [2023-05-25T04:59:52.520+0000] {dagbag.py:538} INFO - Filling up the DagBag from /home/airflow/.local/lib/python3.7/site-packages/airflow/example_dags/example_branch_python_dop_operator_3.py
[2023-05-25T04:59:52.634+0000] {processor.py:753} INFO - DAG(s) dict_keys(['example_branch_dop_operator_v3']) retrieved from /home/airflow/.local/lib/python3.7/site-packages/airflow/example_dags/example_branch_python_dop_operator_3.py
[2023-05-25T04:59:52.820+0000] {logging_mixin.py:137} INFO - [2023-05-25T04:59:52.819+0000] {dag.py:2690} INFO - Sync 1 DAGs
[2023-05-25T04:59:52.920+0000] {logging_mixin.py:137} INFO - [2023-05-25T04:59:52.920+0000] {dag.py:3441} INFO - Setting next_dagrun for example_branch_dop_operator_v3 to 2023-05-25T04:58:00+00:00, run_after=2023-05-25T04:59:00+00:00
[2023-05-25T04:59:52.960+0000] {processor.py:175} INFO - Processing /home/airflow/.local/lib/python3.7/site-packages/airflow/example_dags/example_branch_python_dop_operator_3.py took 0.456 seconds
[2023-05-25T05:00:23.123+0000] {processor.py:153} INFO - Started process (PID=2154) to work on /home/airflow/.local/lib/python3.7/site-packages/airflow/example_dags/example_branch_python_dop_operator_3.py
[2023-05-25T05:00:23.125+0000] {processor.py:743} INFO - Processing file /home/airflow/.local/lib/python3.7/site-packages/airflow/example_dags/example_branch_python_dop_operator_3.py for tasks to queue
[2023-05-25T05:00:23.129+0000] {logging_mixin.py:137} INFO - [2023-05-25T05:00:23.128+0000] {dagbag.py:538} INFO - Filling up the DagBag from /home/airflow/.local/lib/python3.7/site-packages/airflow/example_dags/example_branch_python_dop_operator_3.py
[2023-05-25T05:00:23.189+0000] {processor.py:753} INFO - DAG(s) dict_keys(['example_branch_dop_operator_v3']) retrieved from /home/airflow/.local/lib/python3.7/site-packages/airflow/example_dags/example_branch_python_dop_operator_3.py
[2023-05-25T05:00:23.238+0000] {logging_mixin.py:137} INFO - [2023-05-25T05:00:23.238+0000] {dag.py:2690} INFO - Sync 1 DAGs
[2023-05-25T05:00:23.305+0000] {logging_mixin.py:137} INFO - [2023-05-25T05:00:23.305+0000] {dag.py:3441} INFO - Setting next_dagrun for example_branch_dop_operator_v3 to 2023-05-25T04:59:00+00:00, run_after=2023-05-25T05:00:00+00:00
[2023-05-25T05:00:23.352+0000] {processor.py:175} INFO - Processing /home/airflow/.local/lib/python3.7/site-packages/airflow/example_dags/example_branch_python_dop_operator_3.py took 0.237 seconds
[2023-05-25T05:00:53.521+0000] {processor.py:153} INFO - Started process (PID=2214) to work on /home/airflow/.local/lib/python3.7/site-packages/airflow/example_dags/example_branch_python_dop_operator_3.py
[2023-05-25T05:00:53.523+0000] {processor.py:743} INFO - Processing file /home/airflow/.local/lib/python3.7/site-packages/airflow/example_dags/example_branch_python_dop_operator_3.py for tasks to queue
[2023-05-25T05:00:53.527+0000] {logging_mixin.py:137} INFO - [2023-05-25T05:00:53.526+0000] {dagbag.py:538} INFO - Filling up the DagBag from /home/airflow/.local/lib/python3.7/site-packages/airflow/example_dags/example_branch_python_dop_operator_3.py
[2023-05-25T05:00:53.562+0000] {processor.py:753} INFO - DAG(s) dict_keys(['example_branch_dop_operator_v3']) retrieved from /home/airflow/.local/lib/python3.7/site-packages/airflow/example_dags/example_branch_python_dop_operator_3.py
[2023-05-25T05:00:53.611+0000] {logging_mixin.py:137} INFO - [2023-05-25T05:00:53.611+0000] {dag.py:2690} INFO - Sync 1 DAGs
[2023-05-25T05:00:53.755+0000] {logging_mixin.py:137} INFO - [2023-05-25T05:00:53.753+0000] {dag.py:3441} INFO - Setting next_dagrun for example_branch_dop_operator_v3 to 2023-05-25T04:59:00+00:00, run_after=2023-05-25T05:00:00+00:00
[2023-05-25T05:00:53.866+0000] {processor.py:175} INFO - Processing /home/airflow/.local/lib/python3.7/site-packages/airflow/example_dags/example_branch_python_dop_operator_3.py took 0.352 seconds
[2023-05-25T05:01:25.401+0000] {processor.py:153} INFO - Started process (PID=2272) to work on /home/airflow/.local/lib/python3.7/site-packages/airflow/example_dags/example_branch_python_dop_operator_3.py
[2023-05-25T05:01:25.416+0000] {processor.py:743} INFO - Processing file /home/airflow/.local/lib/python3.7/site-packages/airflow/example_dags/example_branch_python_dop_operator_3.py for tasks to queue
[2023-05-25T05:01:25.419+0000] {logging_mixin.py:137} INFO - [2023-05-25T05:01:25.418+0000] {dagbag.py:538} INFO - Filling up the DagBag from /home/airflow/.local/lib/python3.7/site-packages/airflow/example_dags/example_branch_python_dop_operator_3.py
[2023-05-25T05:01:25.527+0000] {processor.py:753} INFO - DAG(s) dict_keys(['example_branch_dop_operator_v3']) retrieved from /home/airflow/.local/lib/python3.7/site-packages/airflow/example_dags/example_branch_python_dop_operator_3.py
[2023-05-25T05:01:25.655+0000] {logging_mixin.py:137} INFO - [2023-05-25T05:01:25.655+0000] {dag.py:2690} INFO - Sync 1 DAGs
[2023-05-25T05:01:25.835+0000] {logging_mixin.py:137} INFO - [2023-05-25T05:01:25.835+0000] {dag.py:3441} INFO - Setting next_dagrun for example_branch_dop_operator_v3 to 2023-05-25T05:00:00+00:00, run_after=2023-05-25T05:01:00+00:00
[2023-05-25T05:01:25.924+0000] {processor.py:175} INFO - Processing /home/airflow/.local/lib/python3.7/site-packages/airflow/example_dags/example_branch_python_dop_operator_3.py took 0.536 seconds
[2023-05-25T05:01:56.602+0000] {processor.py:153} INFO - Started process (PID=2331) to work on /home/airflow/.local/lib/python3.7/site-packages/airflow/example_dags/example_branch_python_dop_operator_3.py
[2023-05-25T05:01:56.611+0000] {processor.py:743} INFO - Processing file /home/airflow/.local/lib/python3.7/site-packages/airflow/example_dags/example_branch_python_dop_operator_3.py for tasks to queue
[2023-05-25T05:01:56.618+0000] {logging_mixin.py:137} INFO - [2023-05-25T05:01:56.616+0000] {dagbag.py:538} INFO - Filling up the DagBag from /home/airflow/.local/lib/python3.7/site-packages/airflow/example_dags/example_branch_python_dop_operator_3.py
[2023-05-25T05:01:56.742+0000] {processor.py:753} INFO - DAG(s) dict_keys(['example_branch_dop_operator_v3']) retrieved from /home/airflow/.local/lib/python3.7/site-packages/airflow/example_dags/example_branch_python_dop_operator_3.py
[2023-05-25T05:01:56.909+0000] {logging_mixin.py:137} INFO - [2023-05-25T05:01:56.909+0000] {dag.py:2690} INFO - Sync 1 DAGs
[2023-05-25T05:01:57.509+0000] {logging_mixin.py:137} INFO - [2023-05-25T05:01:57.508+0000] {dag.py:3441} INFO - Setting next_dagrun for example_branch_dop_operator_v3 to 2023-05-25T05:00:00+00:00, run_after=2023-05-25T05:01:00+00:00
[2023-05-25T05:01:57.730+0000] {processor.py:175} INFO - Processing /home/airflow/.local/lib/python3.7/site-packages/airflow/example_dags/example_branch_python_dop_operator_3.py took 1.150 seconds
[2023-05-25T05:02:27.902+0000] {processor.py:153} INFO - Started process (PID=2390) to work on /home/airflow/.local/lib/python3.7/site-packages/airflow/example_dags/example_branch_python_dop_operator_3.py
[2023-05-25T05:02:27.905+0000] {processor.py:743} INFO - Processing file /home/airflow/.local/lib/python3.7/site-packages/airflow/example_dags/example_branch_python_dop_operator_3.py for tasks to queue
[2023-05-25T05:02:27.907+0000] {logging_mixin.py:137} INFO - [2023-05-25T05:02:27.907+0000] {dagbag.py:538} INFO - Filling up the DagBag from /home/airflow/.local/lib/python3.7/site-packages/airflow/example_dags/example_branch_python_dop_operator_3.py
[2023-05-25T05:02:27.953+0000] {processor.py:753} INFO - DAG(s) dict_keys(['example_branch_dop_operator_v3']) retrieved from /home/airflow/.local/lib/python3.7/site-packages/airflow/example_dags/example_branch_python_dop_operator_3.py
[2023-05-25T05:02:28.041+0000] {logging_mixin.py:137} INFO - [2023-05-25T05:02:28.040+0000] {dag.py:2690} INFO - Sync 1 DAGs
[2023-05-25T05:02:28.116+0000] {logging_mixin.py:137} INFO - [2023-05-25T05:02:28.115+0000] {dag.py:3441} INFO - Setting next_dagrun for example_branch_dop_operator_v3 to 2023-05-25T05:01:00+00:00, run_after=2023-05-25T05:02:00+00:00
[2023-05-25T05:02:28.213+0000] {processor.py:175} INFO - Processing /home/airflow/.local/lib/python3.7/site-packages/airflow/example_dags/example_branch_python_dop_operator_3.py took 0.316 seconds
[2023-05-25T05:02:59.998+0000] {processor.py:153} INFO - Started process (PID=2449) to work on /home/airflow/.local/lib/python3.7/site-packages/airflow/example_dags/example_branch_python_dop_operator_3.py
[2023-05-25T05:03:00.001+0000] {processor.py:743} INFO - Processing file /home/airflow/.local/lib/python3.7/site-packages/airflow/example_dags/example_branch_python_dop_operator_3.py for tasks to queue
[2023-05-25T05:03:00.004+0000] {logging_mixin.py:137} INFO - [2023-05-25T05:03:00.004+0000] {dagbag.py:538} INFO - Filling up the DagBag from /home/airflow/.local/lib/python3.7/site-packages/airflow/example_dags/example_branch_python_dop_operator_3.py
[2023-05-25T05:03:00.049+0000] {processor.py:753} INFO - DAG(s) dict_keys(['example_branch_dop_operator_v3']) retrieved from /home/airflow/.local/lib/python3.7/site-packages/airflow/example_dags/example_branch_python_dop_operator_3.py
[2023-05-25T05:03:00.095+0000] {logging_mixin.py:137} INFO - [2023-05-25T05:03:00.094+0000] {dag.py:2690} INFO - Sync 1 DAGs
[2023-05-25T05:03:00.136+0000] {logging_mixin.py:137} INFO - [2023-05-25T05:03:00.136+0000] {dag.py:3441} INFO - Setting next_dagrun for example_branch_dop_operator_v3 to 2023-05-25T05:02:00+00:00, run_after=2023-05-25T05:03:00+00:00
[2023-05-25T05:03:00.185+0000] {processor.py:175} INFO - Processing /home/airflow/.local/lib/python3.7/site-packages/airflow/example_dags/example_branch_python_dop_operator_3.py took 0.202 seconds
