[2023-05-25T04:36:07.356+0000] {processor.py:153} INFO - Started process (PID=118) to work on /home/airflow/.local/lib/python3.7/site-packages/airflow/example_dags/example_task_group_decorator.py
[2023-05-25T04:36:07.368+0000] {processor.py:743} INFO - Processing file /home/airflow/.local/lib/python3.7/site-packages/airflow/example_dags/example_task_group_decorator.py for tasks to queue
[2023-05-25T04:36:07.380+0000] {logging_mixin.py:137} INFO - [2023-05-25T04:36:07.379+0000] {dagbag.py:538} INFO - Filling up the DagBag from /home/airflow/.local/lib/python3.7/site-packages/airflow/example_dags/example_task_group_decorator.py
[2023-05-25T04:36:07.969+0000] {processor.py:753} INFO - DAG(s) dict_keys(['example_task_group_decorator']) retrieved from /home/airflow/.local/lib/python3.7/site-packages/airflow/example_dags/example_task_group_decorator.py
[2023-05-25T04:36:08.186+0000] {logging_mixin.py:137} INFO - [2023-05-25T04:36:08.185+0000] {dag.py:2690} INFO - Sync 1 DAGs
[2023-05-25T04:36:08.404+0000] {logging_mixin.py:137} INFO - [2023-05-25T04:36:08.404+0000] {dag.py:3441} INFO - Setting next_dagrun for example_task_group_decorator to 2023-05-24T04:36:08.403372+00:00, run_after=2023-05-25T04:36:08.403372+00:00
[2023-05-25T04:36:08.523+0000] {processor.py:175} INFO - Processing /home/airflow/.local/lib/python3.7/site-packages/airflow/example_dags/example_task_group_decorator.py took 1.191 seconds
[2023-05-25T04:36:39.377+0000] {processor.py:153} INFO - Started process (PID=175) to work on /home/airflow/.local/lib/python3.7/site-packages/airflow/example_dags/example_task_group_decorator.py
[2023-05-25T04:36:39.393+0000] {processor.py:743} INFO - Processing file /home/airflow/.local/lib/python3.7/site-packages/airflow/example_dags/example_task_group_decorator.py for tasks to queue
[2023-05-25T04:36:39.404+0000] {logging_mixin.py:137} INFO - [2023-05-25T04:36:39.404+0000] {dagbag.py:538} INFO - Filling up the DagBag from /home/airflow/.local/lib/python3.7/site-packages/airflow/example_dags/example_task_group_decorator.py
[2023-05-25T04:36:40.006+0000] {processor.py:753} INFO - DAG(s) dict_keys(['example_task_group_decorator']) retrieved from /home/airflow/.local/lib/python3.7/site-packages/airflow/example_dags/example_task_group_decorator.py
[2023-05-25T04:36:40.710+0000] {logging_mixin.py:137} INFO - [2023-05-25T04:36:40.710+0000] {dag.py:2690} INFO - Sync 1 DAGs
[2023-05-25T04:36:41.478+0000] {logging_mixin.py:137} INFO - [2023-05-25T04:36:41.478+0000] {dag.py:3441} INFO - Setting next_dagrun for example_task_group_decorator to 2023-05-24T04:36:41.478219+00:00, run_after=2023-05-25T04:36:41.478219+00:00
[2023-05-25T04:36:42.251+0000] {processor.py:175} INFO - Processing /home/airflow/.local/lib/python3.7/site-packages/airflow/example_dags/example_task_group_decorator.py took 2.908 seconds
[2023-05-25T04:38:37.753+0000] {processor.py:153} INFO - Started process (PID=277) to work on /home/airflow/.local/lib/python3.7/site-packages/airflow/example_dags/example_task_group_decorator.py
[2023-05-25T04:38:37.766+0000] {processor.py:743} INFO - Processing file /home/airflow/.local/lib/python3.7/site-packages/airflow/example_dags/example_task_group_decorator.py for tasks to queue
[2023-05-25T04:38:37.771+0000] {logging_mixin.py:137} INFO - [2023-05-25T04:38:37.771+0000] {dagbag.py:538} INFO - Filling up the DagBag from /home/airflow/.local/lib/python3.7/site-packages/airflow/example_dags/example_task_group_decorator.py
[2023-05-25T04:38:38.081+0000] {processor.py:753} INFO - DAG(s) dict_keys(['example_task_group_decorator']) retrieved from /home/airflow/.local/lib/python3.7/site-packages/airflow/example_dags/example_task_group_decorator.py
[2023-05-25T04:38:38.385+0000] {logging_mixin.py:137} INFO - [2023-05-25T04:38:38.385+0000] {dag.py:2690} INFO - Sync 1 DAGs
[2023-05-25T04:38:38.722+0000] {logging_mixin.py:137} INFO - [2023-05-25T04:38:38.722+0000] {dag.py:3441} INFO - Setting next_dagrun for example_task_group_decorator to 2023-05-24T04:38:38.722317+00:00, run_after=2023-05-25T04:38:38.722317+00:00
[2023-05-25T04:38:38.990+0000] {processor.py:175} INFO - Processing /home/airflow/.local/lib/python3.7/site-packages/airflow/example_dags/example_task_group_decorator.py took 1.370 seconds
[2023-05-25T04:39:09.522+0000] {processor.py:153} INFO - Started process (PID=334) to work on /home/airflow/.local/lib/python3.7/site-packages/airflow/example_dags/example_task_group_decorator.py
[2023-05-25T04:39:09.563+0000] {processor.py:743} INFO - Processing file /home/airflow/.local/lib/python3.7/site-packages/airflow/example_dags/example_task_group_decorator.py for tasks to queue
[2023-05-25T04:39:09.630+0000] {logging_mixin.py:137} INFO - [2023-05-25T04:39:09.591+0000] {dagbag.py:538} INFO - Filling up the DagBag from /home/airflow/.local/lib/python3.7/site-packages/airflow/example_dags/example_task_group_decorator.py
[2023-05-25T04:39:09.871+0000] {processor.py:753} INFO - DAG(s) dict_keys(['example_task_group_decorator']) retrieved from /home/airflow/.local/lib/python3.7/site-packages/airflow/example_dags/example_task_group_decorator.py
[2023-05-25T04:39:10.398+0000] {logging_mixin.py:137} INFO - [2023-05-25T04:39:10.397+0000] {dag.py:2690} INFO - Sync 1 DAGs
[2023-05-25T04:39:10.676+0000] {logging_mixin.py:137} INFO - [2023-05-25T04:39:10.665+0000] {dag.py:3441} INFO - Setting next_dagrun for example_task_group_decorator to 2023-05-24T04:39:10.665077+00:00, run_after=2023-05-25T04:39:10.665077+00:00
[2023-05-25T04:39:11.276+0000] {processor.py:175} INFO - Processing /home/airflow/.local/lib/python3.7/site-packages/airflow/example_dags/example_task_group_decorator.py took 1.808 seconds
[2023-05-25T04:42:21.767+0000] {processor.py:153} INFO - Started process (PID=94) to work on /home/airflow/.local/lib/python3.7/site-packages/airflow/example_dags/example_task_group_decorator.py
[2023-05-25T04:42:21.771+0000] {processor.py:743} INFO - Processing file /home/airflow/.local/lib/python3.7/site-packages/airflow/example_dags/example_task_group_decorator.py for tasks to queue
[2023-05-25T04:42:21.779+0000] {logging_mixin.py:137} INFO - [2023-05-25T04:42:21.779+0000] {dagbag.py:538} INFO - Filling up the DagBag from /home/airflow/.local/lib/python3.7/site-packages/airflow/example_dags/example_task_group_decorator.py
[2023-05-25T04:42:22.130+0000] {processor.py:753} INFO - DAG(s) dict_keys(['example_task_group_decorator']) retrieved from /home/airflow/.local/lib/python3.7/site-packages/airflow/example_dags/example_task_group_decorator.py
[2023-05-25T04:42:22.341+0000] {logging_mixin.py:137} INFO - [2023-05-25T04:42:22.340+0000] {dag.py:2690} INFO - Sync 1 DAGs
[2023-05-25T04:42:22.487+0000] {logging_mixin.py:137} INFO - [2023-05-25T04:42:22.487+0000] {dag.py:3441} INFO - Setting next_dagrun for example_task_group_decorator to 2023-05-24T04:42:22.483915+00:00, run_after=2023-05-25T04:42:22.483915+00:00
[2023-05-25T04:42:22.658+0000] {processor.py:175} INFO - Processing /home/airflow/.local/lib/python3.7/site-packages/airflow/example_dags/example_task_group_decorator.py took 0.907 seconds
[2023-05-25T04:42:54.755+0000] {processor.py:153} INFO - Started process (PID=153) to work on /home/airflow/.local/lib/python3.7/site-packages/airflow/example_dags/example_task_group_decorator.py
[2023-05-25T04:42:54.767+0000] {processor.py:743} INFO - Processing file /home/airflow/.local/lib/python3.7/site-packages/airflow/example_dags/example_task_group_decorator.py for tasks to queue
[2023-05-25T04:42:54.771+0000] {logging_mixin.py:137} INFO - [2023-05-25T04:42:54.771+0000] {dagbag.py:538} INFO - Filling up the DagBag from /home/airflow/.local/lib/python3.7/site-packages/airflow/example_dags/example_task_group_decorator.py
[2023-05-25T04:42:54.913+0000] {processor.py:753} INFO - DAG(s) dict_keys(['example_task_group_decorator']) retrieved from /home/airflow/.local/lib/python3.7/site-packages/airflow/example_dags/example_task_group_decorator.py
[2023-05-25T04:42:55.048+0000] {logging_mixin.py:137} INFO - [2023-05-25T04:42:55.048+0000] {dag.py:2690} INFO - Sync 1 DAGs
[2023-05-25T04:42:55.210+0000] {logging_mixin.py:137} INFO - [2023-05-25T04:42:55.208+0000] {dag.py:3441} INFO - Setting next_dagrun for example_task_group_decorator to 2023-05-24T04:42:55.207201+00:00, run_after=2023-05-25T04:42:55.207201+00:00
[2023-05-25T04:42:55.286+0000] {processor.py:175} INFO - Processing /home/airflow/.local/lib/python3.7/site-packages/airflow/example_dags/example_task_group_decorator.py took 0.545 seconds
[2023-05-25T04:43:25.683+0000] {processor.py:153} INFO - Started process (PID=212) to work on /home/airflow/.local/lib/python3.7/site-packages/airflow/example_dags/example_task_group_decorator.py
[2023-05-25T04:43:25.691+0000] {processor.py:743} INFO - Processing file /home/airflow/.local/lib/python3.7/site-packages/airflow/example_dags/example_task_group_decorator.py for tasks to queue
[2023-05-25T04:43:25.697+0000] {logging_mixin.py:137} INFO - [2023-05-25T04:43:25.697+0000] {dagbag.py:538} INFO - Filling up the DagBag from /home/airflow/.local/lib/python3.7/site-packages/airflow/example_dags/example_task_group_decorator.py
[2023-05-25T04:43:25.854+0000] {processor.py:753} INFO - DAG(s) dict_keys(['example_task_group_decorator']) retrieved from /home/airflow/.local/lib/python3.7/site-packages/airflow/example_dags/example_task_group_decorator.py
[2023-05-25T04:43:25.982+0000] {logging_mixin.py:137} INFO - [2023-05-25T04:43:25.981+0000] {dag.py:2690} INFO - Sync 1 DAGs
[2023-05-25T04:43:26.146+0000] {logging_mixin.py:137} INFO - [2023-05-25T04:43:26.136+0000] {dag.py:3441} INFO - Setting next_dagrun for example_task_group_decorator to 2023-05-24T04:43:26.135079+00:00, run_after=2023-05-25T04:43:26.135079+00:00
[2023-05-25T04:43:26.228+0000] {processor.py:175} INFO - Processing /home/airflow/.local/lib/python3.7/site-packages/airflow/example_dags/example_task_group_decorator.py took 0.563 seconds
[2023-05-25T04:43:57.135+0000] {processor.py:153} INFO - Started process (PID=272) to work on /home/airflow/.local/lib/python3.7/site-packages/airflow/example_dags/example_task_group_decorator.py
[2023-05-25T04:43:57.143+0000] {processor.py:743} INFO - Processing file /home/airflow/.local/lib/python3.7/site-packages/airflow/example_dags/example_task_group_decorator.py for tasks to queue
[2023-05-25T04:43:57.146+0000] {logging_mixin.py:137} INFO - [2023-05-25T04:43:57.145+0000] {dagbag.py:538} INFO - Filling up the DagBag from /home/airflow/.local/lib/python3.7/site-packages/airflow/example_dags/example_task_group_decorator.py
[2023-05-25T04:43:57.218+0000] {processor.py:753} INFO - DAG(s) dict_keys(['example_task_group_decorator']) retrieved from /home/airflow/.local/lib/python3.7/site-packages/airflow/example_dags/example_task_group_decorator.py
[2023-05-25T04:43:57.245+0000] {logging_mixin.py:137} INFO - [2023-05-25T04:43:57.245+0000] {dag.py:2690} INFO - Sync 1 DAGs
[2023-05-25T04:43:57.292+0000] {logging_mixin.py:137} INFO - [2023-05-25T04:43:57.291+0000] {dag.py:3441} INFO - Setting next_dagrun for example_task_group_decorator to 2023-05-24T04:43:57.291515+00:00, run_after=2023-05-25T04:43:57.291515+00:00
[2023-05-25T04:43:57.322+0000] {processor.py:175} INFO - Processing /home/airflow/.local/lib/python3.7/site-packages/airflow/example_dags/example_task_group_decorator.py took 0.206 seconds
[2023-05-25T04:44:27.749+0000] {processor.py:153} INFO - Started process (PID=334) to work on /home/airflow/.local/lib/python3.7/site-packages/airflow/example_dags/example_task_group_decorator.py
[2023-05-25T04:44:27.761+0000] {processor.py:743} INFO - Processing file /home/airflow/.local/lib/python3.7/site-packages/airflow/example_dags/example_task_group_decorator.py for tasks to queue
[2023-05-25T04:44:27.763+0000] {logging_mixin.py:137} INFO - [2023-05-25T04:44:27.763+0000] {dagbag.py:538} INFO - Filling up the DagBag from /home/airflow/.local/lib/python3.7/site-packages/airflow/example_dags/example_task_group_decorator.py
[2023-05-25T04:44:27.922+0000] {processor.py:753} INFO - DAG(s) dict_keys(['example_task_group_decorator']) retrieved from /home/airflow/.local/lib/python3.7/site-packages/airflow/example_dags/example_task_group_decorator.py
[2023-05-25T04:44:28.033+0000] {logging_mixin.py:137} INFO - [2023-05-25T04:44:28.033+0000] {dag.py:2690} INFO - Sync 1 DAGs
[2023-05-25T04:44:28.147+0000] {logging_mixin.py:137} INFO - [2023-05-25T04:44:28.147+0000] {dag.py:3441} INFO - Setting next_dagrun for example_task_group_decorator to 2023-05-24T04:44:28.146840+00:00, run_after=2023-05-25T04:44:28.146840+00:00
[2023-05-25T04:44:28.251+0000] {processor.py:175} INFO - Processing /home/airflow/.local/lib/python3.7/site-packages/airflow/example_dags/example_task_group_decorator.py took 0.512 seconds
[2023-05-25T04:44:59.304+0000] {processor.py:153} INFO - Started process (PID=394) to work on /home/airflow/.local/lib/python3.7/site-packages/airflow/example_dags/example_task_group_decorator.py
[2023-05-25T04:44:59.309+0000] {processor.py:743} INFO - Processing file /home/airflow/.local/lib/python3.7/site-packages/airflow/example_dags/example_task_group_decorator.py for tasks to queue
[2023-05-25T04:44:59.314+0000] {logging_mixin.py:137} INFO - [2023-05-25T04:44:59.313+0000] {dagbag.py:538} INFO - Filling up the DagBag from /home/airflow/.local/lib/python3.7/site-packages/airflow/example_dags/example_task_group_decorator.py
[2023-05-25T04:44:59.361+0000] {processor.py:753} INFO - DAG(s) dict_keys(['example_task_group_decorator']) retrieved from /home/airflow/.local/lib/python3.7/site-packages/airflow/example_dags/example_task_group_decorator.py
[2023-05-25T04:44:59.407+0000] {logging_mixin.py:137} INFO - [2023-05-25T04:44:59.406+0000] {dag.py:2690} INFO - Sync 1 DAGs
[2023-05-25T04:44:59.454+0000] {logging_mixin.py:137} INFO - [2023-05-25T04:44:59.454+0000] {dag.py:3441} INFO - Setting next_dagrun for example_task_group_decorator to 2023-05-24T04:44:59.454097+00:00, run_after=2023-05-25T04:44:59.454097+00:00
[2023-05-25T04:44:59.484+0000] {processor.py:175} INFO - Processing /home/airflow/.local/lib/python3.7/site-packages/airflow/example_dags/example_task_group_decorator.py took 0.196 seconds
[2023-05-25T04:45:33.259+0000] {processor.py:153} INFO - Started process (PID=464) to work on /home/airflow/.local/lib/python3.7/site-packages/airflow/example_dags/example_task_group_decorator.py
[2023-05-25T04:45:33.267+0000] {processor.py:743} INFO - Processing file /home/airflow/.local/lib/python3.7/site-packages/airflow/example_dags/example_task_group_decorator.py for tasks to queue
[2023-05-25T04:45:33.273+0000] {logging_mixin.py:137} INFO - [2023-05-25T04:45:33.273+0000] {dagbag.py:538} INFO - Filling up the DagBag from /home/airflow/.local/lib/python3.7/site-packages/airflow/example_dags/example_task_group_decorator.py
[2023-05-25T04:45:34.064+0000] {processor.py:753} INFO - DAG(s) dict_keys(['example_task_group_decorator']) retrieved from /home/airflow/.local/lib/python3.7/site-packages/airflow/example_dags/example_task_group_decorator.py
[2023-05-25T04:45:34.870+0000] {logging_mixin.py:137} INFO - [2023-05-25T04:45:34.862+0000] {dag.py:2690} INFO - Sync 1 DAGs
[2023-05-25T04:45:35.276+0000] {logging_mixin.py:137} INFO - [2023-05-25T04:45:35.276+0000] {dag.py:3441} INFO - Setting next_dagrun for example_task_group_decorator to 2023-05-24T04:45:35.267790+00:00, run_after=2023-05-25T04:45:35.267790+00:00
[2023-05-25T04:45:35.935+0000] {processor.py:175} INFO - Processing /home/airflow/.local/lib/python3.7/site-packages/airflow/example_dags/example_task_group_decorator.py took 2.693 seconds
[2023-05-25T04:46:06.209+0000] {processor.py:153} INFO - Started process (PID=527) to work on /home/airflow/.local/lib/python3.7/site-packages/airflow/example_dags/example_task_group_decorator.py
[2023-05-25T04:46:06.212+0000] {processor.py:743} INFO - Processing file /home/airflow/.local/lib/python3.7/site-packages/airflow/example_dags/example_task_group_decorator.py for tasks to queue
[2023-05-25T04:46:06.215+0000] {logging_mixin.py:137} INFO - [2023-05-25T04:46:06.215+0000] {dagbag.py:538} INFO - Filling up the DagBag from /home/airflow/.local/lib/python3.7/site-packages/airflow/example_dags/example_task_group_decorator.py
[2023-05-25T04:46:06.268+0000] {processor.py:753} INFO - DAG(s) dict_keys(['example_task_group_decorator']) retrieved from /home/airflow/.local/lib/python3.7/site-packages/airflow/example_dags/example_task_group_decorator.py
[2023-05-25T04:46:06.319+0000] {logging_mixin.py:137} INFO - [2023-05-25T04:46:06.319+0000] {dag.py:2690} INFO - Sync 1 DAGs
[2023-05-25T04:46:06.359+0000] {logging_mixin.py:137} INFO - [2023-05-25T04:46:06.359+0000] {dag.py:3441} INFO - Setting next_dagrun for example_task_group_decorator to 2023-05-24T04:46:06.359384+00:00, run_after=2023-05-25T04:46:06.359384+00:00
[2023-05-25T04:46:06.390+0000] {processor.py:175} INFO - Processing /home/airflow/.local/lib/python3.7/site-packages/airflow/example_dags/example_task_group_decorator.py took 0.199 seconds
[2023-05-25T04:46:36.639+0000] {processor.py:153} INFO - Started process (PID=588) to work on /home/airflow/.local/lib/python3.7/site-packages/airflow/example_dags/example_task_group_decorator.py
[2023-05-25T04:46:36.651+0000] {processor.py:743} INFO - Processing file /home/airflow/.local/lib/python3.7/site-packages/airflow/example_dags/example_task_group_decorator.py for tasks to queue
[2023-05-25T04:46:36.653+0000] {logging_mixin.py:137} INFO - [2023-05-25T04:46:36.652+0000] {dagbag.py:538} INFO - Filling up the DagBag from /home/airflow/.local/lib/python3.7/site-packages/airflow/example_dags/example_task_group_decorator.py
[2023-05-25T04:46:36.802+0000] {processor.py:753} INFO - DAG(s) dict_keys(['example_task_group_decorator']) retrieved from /home/airflow/.local/lib/python3.7/site-packages/airflow/example_dags/example_task_group_decorator.py
[2023-05-25T04:46:36.920+0000] {logging_mixin.py:137} INFO - [2023-05-25T04:46:36.919+0000] {dag.py:2690} INFO - Sync 1 DAGs
[2023-05-25T04:46:37.003+0000] {logging_mixin.py:137} INFO - [2023-05-25T04:46:37.003+0000] {dag.py:3441} INFO - Setting next_dagrun for example_task_group_decorator to 2023-05-24T04:46:37.003369+00:00, run_after=2023-05-25T04:46:37.003369+00:00
[2023-05-25T04:46:37.074+0000] {processor.py:175} INFO - Processing /home/airflow/.local/lib/python3.7/site-packages/airflow/example_dags/example_task_group_decorator.py took 0.440 seconds
[2023-05-25T04:47:45.008+0000] {processor.py:153} INFO - Started process (PID=693) to work on /home/airflow/.local/lib/python3.7/site-packages/airflow/example_dags/example_task_group_decorator.py
[2023-05-25T04:47:45.015+0000] {processor.py:743} INFO - Processing file /home/airflow/.local/lib/python3.7/site-packages/airflow/example_dags/example_task_group_decorator.py for tasks to queue
[2023-05-25T04:47:45.018+0000] {logging_mixin.py:137} INFO - [2023-05-25T04:47:45.017+0000] {dagbag.py:538} INFO - Filling up the DagBag from /home/airflow/.local/lib/python3.7/site-packages/airflow/example_dags/example_task_group_decorator.py
[2023-05-25T04:47:45.103+0000] {processor.py:753} INFO - DAG(s) dict_keys(['example_task_group_decorator']) retrieved from /home/airflow/.local/lib/python3.7/site-packages/airflow/example_dags/example_task_group_decorator.py
[2023-05-25T04:47:45.169+0000] {logging_mixin.py:137} INFO - [2023-05-25T04:47:45.169+0000] {dag.py:2690} INFO - Sync 1 DAGs
[2023-05-25T04:47:45.244+0000] {logging_mixin.py:137} INFO - [2023-05-25T04:47:45.244+0000] {dag.py:3441} INFO - Setting next_dagrun for example_task_group_decorator to 2023-05-24T04:47:45.243960+00:00, run_after=2023-05-25T04:47:45.243960+00:00
[2023-05-25T04:47:45.335+0000] {processor.py:175} INFO - Processing /home/airflow/.local/lib/python3.7/site-packages/airflow/example_dags/example_task_group_decorator.py took 0.334 seconds
[2023-05-25T04:48:16.229+0000] {processor.py:153} INFO - Started process (PID=753) to work on /home/airflow/.local/lib/python3.7/site-packages/airflow/example_dags/example_task_group_decorator.py
[2023-05-25T04:48:16.231+0000] {processor.py:743} INFO - Processing file /home/airflow/.local/lib/python3.7/site-packages/airflow/example_dags/example_task_group_decorator.py for tasks to queue
[2023-05-25T04:48:16.234+0000] {logging_mixin.py:137} INFO - [2023-05-25T04:48:16.234+0000] {dagbag.py:538} INFO - Filling up the DagBag from /home/airflow/.local/lib/python3.7/site-packages/airflow/example_dags/example_task_group_decorator.py
[2023-05-25T04:48:16.315+0000] {processor.py:753} INFO - DAG(s) dict_keys(['example_task_group_decorator']) retrieved from /home/airflow/.local/lib/python3.7/site-packages/airflow/example_dags/example_task_group_decorator.py
[2023-05-25T04:48:16.421+0000] {logging_mixin.py:137} INFO - [2023-05-25T04:48:16.421+0000] {dag.py:2690} INFO - Sync 1 DAGs
[2023-05-25T04:48:16.549+0000] {logging_mixin.py:137} INFO - [2023-05-25T04:48:16.549+0000] {dag.py:3441} INFO - Setting next_dagrun for example_task_group_decorator to 2023-05-24T04:48:16.543088+00:00, run_after=2023-05-25T04:48:16.543088+00:00
[2023-05-25T04:48:16.664+0000] {processor.py:175} INFO - Processing /home/airflow/.local/lib/python3.7/site-packages/airflow/example_dags/example_task_group_decorator.py took 0.439 seconds
[2023-05-25T04:48:47.836+0000] {processor.py:153} INFO - Started process (PID=817) to work on /home/airflow/.local/lib/python3.7/site-packages/airflow/example_dags/example_task_group_decorator.py
[2023-05-25T04:48:47.848+0000] {processor.py:743} INFO - Processing file /home/airflow/.local/lib/python3.7/site-packages/airflow/example_dags/example_task_group_decorator.py for tasks to queue
[2023-05-25T04:48:47.850+0000] {logging_mixin.py:137} INFO - [2023-05-25T04:48:47.850+0000] {dagbag.py:538} INFO - Filling up the DagBag from /home/airflow/.local/lib/python3.7/site-packages/airflow/example_dags/example_task_group_decorator.py
[2023-05-25T04:48:47.987+0000] {processor.py:753} INFO - DAG(s) dict_keys(['example_task_group_decorator']) retrieved from /home/airflow/.local/lib/python3.7/site-packages/airflow/example_dags/example_task_group_decorator.py
[2023-05-25T04:48:48.058+0000] {logging_mixin.py:137} INFO - [2023-05-25T04:48:48.058+0000] {dag.py:2690} INFO - Sync 1 DAGs
[2023-05-25T04:48:48.111+0000] {logging_mixin.py:137} INFO - [2023-05-25T04:48:48.111+0000] {dag.py:3441} INFO - Setting next_dagrun for example_task_group_decorator to 2023-05-24T04:48:48.111047+00:00, run_after=2023-05-25T04:48:48.111047+00:00
[2023-05-25T04:48:48.137+0000] {processor.py:175} INFO - Processing /home/airflow/.local/lib/python3.7/site-packages/airflow/example_dags/example_task_group_decorator.py took 0.312 seconds
[2023-05-25T04:49:18.488+0000] {processor.py:153} INFO - Started process (PID=885) to work on /home/airflow/.local/lib/python3.7/site-packages/airflow/example_dags/example_task_group_decorator.py
[2023-05-25T04:49:18.491+0000] {processor.py:743} INFO - Processing file /home/airflow/.local/lib/python3.7/site-packages/airflow/example_dags/example_task_group_decorator.py for tasks to queue
[2023-05-25T04:49:18.494+0000] {logging_mixin.py:137} INFO - [2023-05-25T04:49:18.494+0000] {dagbag.py:538} INFO - Filling up the DagBag from /home/airflow/.local/lib/python3.7/site-packages/airflow/example_dags/example_task_group_decorator.py
[2023-05-25T04:49:18.562+0000] {processor.py:753} INFO - DAG(s) dict_keys(['example_task_group_decorator']) retrieved from /home/airflow/.local/lib/python3.7/site-packages/airflow/example_dags/example_task_group_decorator.py
[2023-05-25T04:49:18.610+0000] {logging_mixin.py:137} INFO - [2023-05-25T04:49:18.606+0000] {dag.py:2690} INFO - Sync 1 DAGs
[2023-05-25T04:49:18.825+0000] {logging_mixin.py:137} INFO - [2023-05-25T04:49:18.825+0000] {dag.py:3441} INFO - Setting next_dagrun for example_task_group_decorator to 2023-05-24T04:49:18.824553+00:00, run_after=2023-05-25T04:49:18.824553+00:00
[2023-05-25T04:49:18.903+0000] {processor.py:175} INFO - Processing /home/airflow/.local/lib/python3.7/site-packages/airflow/example_dags/example_task_group_decorator.py took 0.423 seconds
[2023-05-25T04:49:49.124+0000] {processor.py:153} INFO - Started process (PID=948) to work on /home/airflow/.local/lib/python3.7/site-packages/airflow/example_dags/example_task_group_decorator.py
[2023-05-25T04:49:49.130+0000] {processor.py:743} INFO - Processing file /home/airflow/.local/lib/python3.7/site-packages/airflow/example_dags/example_task_group_decorator.py for tasks to queue
[2023-05-25T04:49:49.132+0000] {logging_mixin.py:137} INFO - [2023-05-25T04:49:49.132+0000] {dagbag.py:538} INFO - Filling up the DagBag from /home/airflow/.local/lib/python3.7/site-packages/airflow/example_dags/example_task_group_decorator.py
[2023-05-25T04:49:49.198+0000] {processor.py:753} INFO - DAG(s) dict_keys(['example_task_group_decorator']) retrieved from /home/airflow/.local/lib/python3.7/site-packages/airflow/example_dags/example_task_group_decorator.py
[2023-05-25T04:49:49.271+0000] {logging_mixin.py:137} INFO - [2023-05-25T04:49:49.271+0000] {dag.py:2690} INFO - Sync 1 DAGs
[2023-05-25T04:49:49.345+0000] {logging_mixin.py:137} INFO - [2023-05-25T04:49:49.344+0000] {dag.py:3441} INFO - Setting next_dagrun for example_task_group_decorator to 2023-05-24T04:49:49.344528+00:00, run_after=2023-05-25T04:49:49.344528+00:00
[2023-05-25T04:49:49.432+0000] {processor.py:175} INFO - Processing /home/airflow/.local/lib/python3.7/site-packages/airflow/example_dags/example_task_group_decorator.py took 0.315 seconds
[2023-05-25T04:50:20.985+0000] {processor.py:153} INFO - Started process (PID=1009) to work on /home/airflow/.local/lib/python3.7/site-packages/airflow/example_dags/example_task_group_decorator.py
[2023-05-25T04:50:20.993+0000] {processor.py:743} INFO - Processing file /home/airflow/.local/lib/python3.7/site-packages/airflow/example_dags/example_task_group_decorator.py for tasks to queue
[2023-05-25T04:50:20.997+0000] {logging_mixin.py:137} INFO - [2023-05-25T04:50:20.997+0000] {dagbag.py:538} INFO - Filling up the DagBag from /home/airflow/.local/lib/python3.7/site-packages/airflow/example_dags/example_task_group_decorator.py
[2023-05-25T04:50:21.300+0000] {processor.py:753} INFO - DAG(s) dict_keys(['example_task_group_decorator']) retrieved from /home/airflow/.local/lib/python3.7/site-packages/airflow/example_dags/example_task_group_decorator.py
[2023-05-25T04:50:21.700+0000] {logging_mixin.py:137} INFO - [2023-05-25T04:50:21.695+0000] {dag.py:2690} INFO - Sync 1 DAGs
[2023-05-25T04:50:21.996+0000] {logging_mixin.py:137} INFO - [2023-05-25T04:50:21.996+0000] {dag.py:3441} INFO - Setting next_dagrun for example_task_group_decorator to 2023-05-24T04:50:21.996211+00:00, run_after=2023-05-25T04:50:21.996211+00:00
[2023-05-25T04:50:22.162+0000] {processor.py:175} INFO - Processing /home/airflow/.local/lib/python3.7/site-packages/airflow/example_dags/example_task_group_decorator.py took 1.205 seconds
[2023-05-25T04:50:54.165+0000] {processor.py:153} INFO - Started process (PID=1069) to work on /home/airflow/.local/lib/python3.7/site-packages/airflow/example_dags/example_task_group_decorator.py
[2023-05-25T04:50:54.170+0000] {processor.py:743} INFO - Processing file /home/airflow/.local/lib/python3.7/site-packages/airflow/example_dags/example_task_group_decorator.py for tasks to queue
[2023-05-25T04:50:54.181+0000] {logging_mixin.py:137} INFO - [2023-05-25T04:50:54.180+0000] {dagbag.py:538} INFO - Filling up the DagBag from /home/airflow/.local/lib/python3.7/site-packages/airflow/example_dags/example_task_group_decorator.py
[2023-05-25T04:50:55.023+0000] {processor.py:753} INFO - DAG(s) dict_keys(['example_task_group_decorator']) retrieved from /home/airflow/.local/lib/python3.7/site-packages/airflow/example_dags/example_task_group_decorator.py
[2023-05-25T04:50:55.326+0000] {logging_mixin.py:137} INFO - [2023-05-25T04:50:55.326+0000] {dag.py:2690} INFO - Sync 1 DAGs
[2023-05-25T04:50:55.648+0000] {logging_mixin.py:137} INFO - [2023-05-25T04:50:55.647+0000] {dag.py:3441} INFO - Setting next_dagrun for example_task_group_decorator to 2023-05-24T04:50:55.647510+00:00, run_after=2023-05-25T04:50:55.647510+00:00
[2023-05-25T04:50:55.817+0000] {processor.py:175} INFO - Processing /home/airflow/.local/lib/python3.7/site-packages/airflow/example_dags/example_task_group_decorator.py took 1.699 seconds
[2023-05-25T04:51:26.258+0000] {processor.py:153} INFO - Started process (PID=1120) to work on /home/airflow/.local/lib/python3.7/site-packages/airflow/example_dags/example_task_group_decorator.py
[2023-05-25T04:51:26.272+0000] {processor.py:743} INFO - Processing file /home/airflow/.local/lib/python3.7/site-packages/airflow/example_dags/example_task_group_decorator.py for tasks to queue
[2023-05-25T04:51:26.287+0000] {logging_mixin.py:137} INFO - [2023-05-25T04:51:26.286+0000] {dagbag.py:538} INFO - Filling up the DagBag from /home/airflow/.local/lib/python3.7/site-packages/airflow/example_dags/example_task_group_decorator.py
[2023-05-25T04:51:26.375+0000] {processor.py:753} INFO - DAG(s) dict_keys(['example_task_group_decorator']) retrieved from /home/airflow/.local/lib/python3.7/site-packages/airflow/example_dags/example_task_group_decorator.py
[2023-05-25T04:51:26.458+0000] {logging_mixin.py:137} INFO - [2023-05-25T04:51:26.458+0000] {dag.py:2690} INFO - Sync 1 DAGs
[2023-05-25T04:51:26.500+0000] {logging_mixin.py:137} INFO - [2023-05-25T04:51:26.500+0000] {dag.py:3441} INFO - Setting next_dagrun for example_task_group_decorator to 2023-05-24T04:51:26.500147+00:00, run_after=2023-05-25T04:51:26.500147+00:00
[2023-05-25T04:51:26.585+0000] {processor.py:175} INFO - Processing /home/airflow/.local/lib/python3.7/site-packages/airflow/example_dags/example_task_group_decorator.py took 0.345 seconds
[2023-05-25T04:52:00.895+0000] {processor.py:153} INFO - Started process (PID=1179) to work on /home/airflow/.local/lib/python3.7/site-packages/airflow/example_dags/example_task_group_decorator.py
[2023-05-25T04:52:00.918+0000] {processor.py:743} INFO - Processing file /home/airflow/.local/lib/python3.7/site-packages/airflow/example_dags/example_task_group_decorator.py for tasks to queue
[2023-05-25T04:52:00.921+0000] {logging_mixin.py:137} INFO - [2023-05-25T04:52:00.920+0000] {dagbag.py:538} INFO - Filling up the DagBag from /home/airflow/.local/lib/python3.7/site-packages/airflow/example_dags/example_task_group_decorator.py
[2023-05-25T04:52:01.252+0000] {processor.py:753} INFO - DAG(s) dict_keys(['example_task_group_decorator']) retrieved from /home/airflow/.local/lib/python3.7/site-packages/airflow/example_dags/example_task_group_decorator.py
[2023-05-25T04:52:01.401+0000] {logging_mixin.py:137} INFO - [2023-05-25T04:52:01.401+0000] {dag.py:2690} INFO - Sync 1 DAGs
[2023-05-25T04:52:01.532+0000] {logging_mixin.py:137} INFO - [2023-05-25T04:52:01.532+0000] {dag.py:3441} INFO - Setting next_dagrun for example_task_group_decorator to 2023-05-24T04:52:01.531987+00:00, run_after=2023-05-25T04:52:01.531987+00:00
[2023-05-25T04:52:01.629+0000] {processor.py:175} INFO - Processing /home/airflow/.local/lib/python3.7/site-packages/airflow/example_dags/example_task_group_decorator.py took 0.755 seconds
[2023-05-25T04:52:33.743+0000] {processor.py:153} INFO - Started process (PID=1239) to work on /home/airflow/.local/lib/python3.7/site-packages/airflow/example_dags/example_task_group_decorator.py
[2023-05-25T04:52:33.750+0000] {processor.py:743} INFO - Processing file /home/airflow/.local/lib/python3.7/site-packages/airflow/example_dags/example_task_group_decorator.py for tasks to queue
[2023-05-25T04:52:33.755+0000] {logging_mixin.py:137} INFO - [2023-05-25T04:52:33.754+0000] {dagbag.py:538} INFO - Filling up the DagBag from /home/airflow/.local/lib/python3.7/site-packages/airflow/example_dags/example_task_group_decorator.py
[2023-05-25T04:52:33.903+0000] {processor.py:753} INFO - DAG(s) dict_keys(['example_task_group_decorator']) retrieved from /home/airflow/.local/lib/python3.7/site-packages/airflow/example_dags/example_task_group_decorator.py
[2023-05-25T04:52:34.119+0000] {logging_mixin.py:137} INFO - [2023-05-25T04:52:34.119+0000] {dag.py:2690} INFO - Sync 1 DAGs
[2023-05-25T04:52:34.370+0000] {logging_mixin.py:137} INFO - [2023-05-25T04:52:34.370+0000] {dag.py:3441} INFO - Setting next_dagrun for example_task_group_decorator to 2023-05-24T04:52:34.370086+00:00, run_after=2023-05-25T04:52:34.370086+00:00
[2023-05-25T04:52:34.492+0000] {processor.py:175} INFO - Processing /home/airflow/.local/lib/python3.7/site-packages/airflow/example_dags/example_task_group_decorator.py took 0.778 seconds
[2023-05-25T04:53:05.126+0000] {processor.py:153} INFO - Started process (PID=1301) to work on /home/airflow/.local/lib/python3.7/site-packages/airflow/example_dags/example_task_group_decorator.py
[2023-05-25T04:53:05.136+0000] {processor.py:743} INFO - Processing file /home/airflow/.local/lib/python3.7/site-packages/airflow/example_dags/example_task_group_decorator.py for tasks to queue
[2023-05-25T04:53:05.144+0000] {logging_mixin.py:137} INFO - [2023-05-25T04:53:05.143+0000] {dagbag.py:538} INFO - Filling up the DagBag from /home/airflow/.local/lib/python3.7/site-packages/airflow/example_dags/example_task_group_decorator.py
[2023-05-25T04:53:05.296+0000] {processor.py:753} INFO - DAG(s) dict_keys(['example_task_group_decorator']) retrieved from /home/airflow/.local/lib/python3.7/site-packages/airflow/example_dags/example_task_group_decorator.py
[2023-05-25T04:53:05.446+0000] {logging_mixin.py:137} INFO - [2023-05-25T04:53:05.446+0000] {dag.py:2690} INFO - Sync 1 DAGs
[2023-05-25T04:53:05.607+0000] {logging_mixin.py:137} INFO - [2023-05-25T04:53:05.607+0000] {dag.py:3441} INFO - Setting next_dagrun for example_task_group_decorator to 2023-05-24T04:53:05.605430+00:00, run_after=2023-05-25T04:53:05.605430+00:00
[2023-05-25T04:53:05.684+0000] {processor.py:175} INFO - Processing /home/airflow/.local/lib/python3.7/site-packages/airflow/example_dags/example_task_group_decorator.py took 0.592 seconds
[2023-05-25T04:53:36.200+0000] {processor.py:153} INFO - Started process (PID=1361) to work on /home/airflow/.local/lib/python3.7/site-packages/airflow/example_dags/example_task_group_decorator.py
[2023-05-25T04:53:36.203+0000] {processor.py:743} INFO - Processing file /home/airflow/.local/lib/python3.7/site-packages/airflow/example_dags/example_task_group_decorator.py for tasks to queue
[2023-05-25T04:53:36.205+0000] {logging_mixin.py:137} INFO - [2023-05-25T04:53:36.205+0000] {dagbag.py:538} INFO - Filling up the DagBag from /home/airflow/.local/lib/python3.7/site-packages/airflow/example_dags/example_task_group_decorator.py
[2023-05-25T04:53:36.249+0000] {processor.py:753} INFO - DAG(s) dict_keys(['example_task_group_decorator']) retrieved from /home/airflow/.local/lib/python3.7/site-packages/airflow/example_dags/example_task_group_decorator.py
[2023-05-25T04:53:36.295+0000] {logging_mixin.py:137} INFO - [2023-05-25T04:53:36.295+0000] {dag.py:2690} INFO - Sync 1 DAGs
[2023-05-25T04:53:36.331+0000] {logging_mixin.py:137} INFO - [2023-05-25T04:53:36.331+0000] {dag.py:3441} INFO - Setting next_dagrun for example_task_group_decorator to 2023-05-24T04:53:36.330860+00:00, run_after=2023-05-25T04:53:36.330860+00:00
[2023-05-25T04:53:36.366+0000] {processor.py:175} INFO - Processing /home/airflow/.local/lib/python3.7/site-packages/airflow/example_dags/example_task_group_decorator.py took 0.174 seconds
[2023-05-25T04:54:06.826+0000] {processor.py:153} INFO - Started process (PID=1420) to work on /home/airflow/.local/lib/python3.7/site-packages/airflow/example_dags/example_task_group_decorator.py
[2023-05-25T04:54:06.833+0000] {processor.py:743} INFO - Processing file /home/airflow/.local/lib/python3.7/site-packages/airflow/example_dags/example_task_group_decorator.py for tasks to queue
[2023-05-25T04:54:06.839+0000] {logging_mixin.py:137} INFO - [2023-05-25T04:54:06.839+0000] {dagbag.py:538} INFO - Filling up the DagBag from /home/airflow/.local/lib/python3.7/site-packages/airflow/example_dags/example_task_group_decorator.py
[2023-05-25T04:54:06.941+0000] {processor.py:753} INFO - DAG(s) dict_keys(['example_task_group_decorator']) retrieved from /home/airflow/.local/lib/python3.7/site-packages/airflow/example_dags/example_task_group_decorator.py
[2023-05-25T04:54:07.034+0000] {logging_mixin.py:137} INFO - [2023-05-25T04:54:07.034+0000] {dag.py:2690} INFO - Sync 1 DAGs
[2023-05-25T04:54:07.100+0000] {logging_mixin.py:137} INFO - [2023-05-25T04:54:07.100+0000] {dag.py:3441} INFO - Setting next_dagrun for example_task_group_decorator to 2023-05-24T04:54:07.099946+00:00, run_after=2023-05-25T04:54:07.099946+00:00
[2023-05-25T04:54:07.158+0000] {processor.py:175} INFO - Processing /home/airflow/.local/lib/python3.7/site-packages/airflow/example_dags/example_task_group_decorator.py took 0.336 seconds
[2023-05-25T04:54:39.357+0000] {processor.py:153} INFO - Started process (PID=1479) to work on /home/airflow/.local/lib/python3.7/site-packages/airflow/example_dags/example_task_group_decorator.py
[2023-05-25T04:54:39.371+0000] {processor.py:743} INFO - Processing file /home/airflow/.local/lib/python3.7/site-packages/airflow/example_dags/example_task_group_decorator.py for tasks to queue
[2023-05-25T04:54:39.389+0000] {logging_mixin.py:137} INFO - [2023-05-25T04:54:39.386+0000] {dagbag.py:538} INFO - Filling up the DagBag from /home/airflow/.local/lib/python3.7/site-packages/airflow/example_dags/example_task_group_decorator.py
[2023-05-25T04:54:39.708+0000] {processor.py:753} INFO - DAG(s) dict_keys(['example_task_group_decorator']) retrieved from /home/airflow/.local/lib/python3.7/site-packages/airflow/example_dags/example_task_group_decorator.py
[2023-05-25T04:54:40.230+0000] {logging_mixin.py:137} INFO - [2023-05-25T04:54:40.229+0000] {dag.py:2690} INFO - Sync 1 DAGs
[2023-05-25T04:54:40.540+0000] {logging_mixin.py:137} INFO - [2023-05-25T04:54:40.540+0000] {dag.py:3441} INFO - Setting next_dagrun for example_task_group_decorator to 2023-05-24T04:54:40.539886+00:00, run_after=2023-05-25T04:54:40.539886+00:00
[2023-05-25T04:54:40.749+0000] {processor.py:175} INFO - Processing /home/airflow/.local/lib/python3.7/site-packages/airflow/example_dags/example_task_group_decorator.py took 1.437 seconds
[2023-05-25T04:55:11.084+0000] {processor.py:153} INFO - Started process (PID=1540) to work on /home/airflow/.local/lib/python3.7/site-packages/airflow/example_dags/example_task_group_decorator.py
[2023-05-25T04:55:11.091+0000] {processor.py:743} INFO - Processing file /home/airflow/.local/lib/python3.7/site-packages/airflow/example_dags/example_task_group_decorator.py for tasks to queue
[2023-05-25T04:55:11.094+0000] {logging_mixin.py:137} INFO - [2023-05-25T04:55:11.094+0000] {dagbag.py:538} INFO - Filling up the DagBag from /home/airflow/.local/lib/python3.7/site-packages/airflow/example_dags/example_task_group_decorator.py
[2023-05-25T04:55:11.189+0000] {processor.py:753} INFO - DAG(s) dict_keys(['example_task_group_decorator']) retrieved from /home/airflow/.local/lib/python3.7/site-packages/airflow/example_dags/example_task_group_decorator.py
[2023-05-25T04:55:11.261+0000] {logging_mixin.py:137} INFO - [2023-05-25T04:55:11.261+0000] {dag.py:2690} INFO - Sync 1 DAGs
[2023-05-25T04:55:11.634+0000] {logging_mixin.py:137} INFO - [2023-05-25T04:55:11.634+0000] {dag.py:3441} INFO - Setting next_dagrun for example_task_group_decorator to 2023-05-24T04:55:11.634014+00:00, run_after=2023-05-25T04:55:11.634014+00:00
[2023-05-25T04:55:11.801+0000] {processor.py:175} INFO - Processing /home/airflow/.local/lib/python3.7/site-packages/airflow/example_dags/example_task_group_decorator.py took 0.722 seconds
[2023-05-25T04:55:42.217+0000] {processor.py:153} INFO - Started process (PID=1601) to work on /home/airflow/.local/lib/python3.7/site-packages/airflow/example_dags/example_task_group_decorator.py
[2023-05-25T04:55:42.227+0000] {processor.py:743} INFO - Processing file /home/airflow/.local/lib/python3.7/site-packages/airflow/example_dags/example_task_group_decorator.py for tasks to queue
[2023-05-25T04:55:42.238+0000] {logging_mixin.py:137} INFO - [2023-05-25T04:55:42.238+0000] {dagbag.py:538} INFO - Filling up the DagBag from /home/airflow/.local/lib/python3.7/site-packages/airflow/example_dags/example_task_group_decorator.py
[2023-05-25T04:55:42.301+0000] {processor.py:753} INFO - DAG(s) dict_keys(['example_task_group_decorator']) retrieved from /home/airflow/.local/lib/python3.7/site-packages/airflow/example_dags/example_task_group_decorator.py
[2023-05-25T04:55:42.347+0000] {logging_mixin.py:137} INFO - [2023-05-25T04:55:42.347+0000] {dag.py:2690} INFO - Sync 1 DAGs
[2023-05-25T04:55:42.394+0000] {logging_mixin.py:137} INFO - [2023-05-25T04:55:42.394+0000] {dag.py:3441} INFO - Setting next_dagrun for example_task_group_decorator to 2023-05-24T04:55:42.393707+00:00, run_after=2023-05-25T04:55:42.393707+00:00
[2023-05-25T04:55:42.445+0000] {processor.py:175} INFO - Processing /home/airflow/.local/lib/python3.7/site-packages/airflow/example_dags/example_task_group_decorator.py took 0.240 seconds
[2023-05-25T04:56:12.934+0000] {processor.py:153} INFO - Started process (PID=1660) to work on /home/airflow/.local/lib/python3.7/site-packages/airflow/example_dags/example_task_group_decorator.py
[2023-05-25T04:56:12.948+0000] {processor.py:743} INFO - Processing file /home/airflow/.local/lib/python3.7/site-packages/airflow/example_dags/example_task_group_decorator.py for tasks to queue
[2023-05-25T04:56:12.950+0000] {logging_mixin.py:137} INFO - [2023-05-25T04:56:12.950+0000] {dagbag.py:538} INFO - Filling up the DagBag from /home/airflow/.local/lib/python3.7/site-packages/airflow/example_dags/example_task_group_decorator.py
[2023-05-25T04:56:13.183+0000] {processor.py:753} INFO - DAG(s) dict_keys(['example_task_group_decorator']) retrieved from /home/airflow/.local/lib/python3.7/site-packages/airflow/example_dags/example_task_group_decorator.py
[2023-05-25T04:56:13.411+0000] {logging_mixin.py:137} INFO - [2023-05-25T04:56:13.410+0000] {dag.py:2690} INFO - Sync 1 DAGs
[2023-05-25T04:56:13.516+0000] {logging_mixin.py:137} INFO - [2023-05-25T04:56:13.516+0000] {dag.py:3441} INFO - Setting next_dagrun for example_task_group_decorator to 2023-05-24T04:56:13.515468+00:00, run_after=2023-05-25T04:56:13.515468+00:00
[2023-05-25T04:56:13.598+0000] {processor.py:175} INFO - Processing /home/airflow/.local/lib/python3.7/site-packages/airflow/example_dags/example_task_group_decorator.py took 0.680 seconds
[2023-05-25T04:56:44.094+0000] {processor.py:153} INFO - Started process (PID=1720) to work on /home/airflow/.local/lib/python3.7/site-packages/airflow/example_dags/example_task_group_decorator.py
[2023-05-25T04:56:44.100+0000] {processor.py:743} INFO - Processing file /home/airflow/.local/lib/python3.7/site-packages/airflow/example_dags/example_task_group_decorator.py for tasks to queue
[2023-05-25T04:56:44.107+0000] {logging_mixin.py:137} INFO - [2023-05-25T04:56:44.106+0000] {dagbag.py:538} INFO - Filling up the DagBag from /home/airflow/.local/lib/python3.7/site-packages/airflow/example_dags/example_task_group_decorator.py
[2023-05-25T04:56:44.176+0000] {processor.py:753} INFO - DAG(s) dict_keys(['example_task_group_decorator']) retrieved from /home/airflow/.local/lib/python3.7/site-packages/airflow/example_dags/example_task_group_decorator.py
[2023-05-25T04:56:44.251+0000] {logging_mixin.py:137} INFO - [2023-05-25T04:56:44.250+0000] {dag.py:2690} INFO - Sync 1 DAGs
[2023-05-25T04:56:44.412+0000] {logging_mixin.py:137} INFO - [2023-05-25T04:56:44.412+0000] {dag.py:3441} INFO - Setting next_dagrun for example_task_group_decorator to 2023-05-24T04:56:44.411787+00:00, run_after=2023-05-25T04:56:44.411787+00:00
[2023-05-25T04:56:44.487+0000] {processor.py:175} INFO - Processing /home/airflow/.local/lib/python3.7/site-packages/airflow/example_dags/example_task_group_decorator.py took 0.414 seconds
[2023-05-25T04:57:14.663+0000] {processor.py:153} INFO - Started process (PID=1780) to work on /home/airflow/.local/lib/python3.7/site-packages/airflow/example_dags/example_task_group_decorator.py
[2023-05-25T04:57:14.684+0000] {processor.py:743} INFO - Processing file /home/airflow/.local/lib/python3.7/site-packages/airflow/example_dags/example_task_group_decorator.py for tasks to queue
[2023-05-25T04:57:14.686+0000] {logging_mixin.py:137} INFO - [2023-05-25T04:57:14.686+0000] {dagbag.py:538} INFO - Filling up the DagBag from /home/airflow/.local/lib/python3.7/site-packages/airflow/example_dags/example_task_group_decorator.py
[2023-05-25T04:57:14.854+0000] {processor.py:753} INFO - DAG(s) dict_keys(['example_task_group_decorator']) retrieved from /home/airflow/.local/lib/python3.7/site-packages/airflow/example_dags/example_task_group_decorator.py
[2023-05-25T04:57:14.944+0000] {logging_mixin.py:137} INFO - [2023-05-25T04:57:14.943+0000] {dag.py:2690} INFO - Sync 1 DAGs
[2023-05-25T04:57:15.039+0000] {logging_mixin.py:137} INFO - [2023-05-25T04:57:15.038+0000] {dag.py:3441} INFO - Setting next_dagrun for example_task_group_decorator to 2023-05-24T04:57:15.038619+00:00, run_after=2023-05-25T04:57:15.038619+00:00
[2023-05-25T04:57:15.122+0000] {processor.py:175} INFO - Processing /home/airflow/.local/lib/python3.7/site-packages/airflow/example_dags/example_task_group_decorator.py took 0.476 seconds
[2023-05-25T04:57:46.005+0000] {processor.py:153} INFO - Started process (PID=1841) to work on /home/airflow/.local/lib/python3.7/site-packages/airflow/example_dags/example_task_group_decorator.py
[2023-05-25T04:57:46.011+0000] {processor.py:743} INFO - Processing file /home/airflow/.local/lib/python3.7/site-packages/airflow/example_dags/example_task_group_decorator.py for tasks to queue
[2023-05-25T04:57:46.018+0000] {logging_mixin.py:137} INFO - [2023-05-25T04:57:46.018+0000] {dagbag.py:538} INFO - Filling up the DagBag from /home/airflow/.local/lib/python3.7/site-packages/airflow/example_dags/example_task_group_decorator.py
[2023-05-25T04:57:46.159+0000] {processor.py:753} INFO - DAG(s) dict_keys(['example_task_group_decorator']) retrieved from /home/airflow/.local/lib/python3.7/site-packages/airflow/example_dags/example_task_group_decorator.py
[2023-05-25T04:57:46.306+0000] {logging_mixin.py:137} INFO - [2023-05-25T04:57:46.306+0000] {dag.py:2690} INFO - Sync 1 DAGs
[2023-05-25T04:57:46.427+0000] {logging_mixin.py:137} INFO - [2023-05-25T04:57:46.427+0000] {dag.py:3441} INFO - Setting next_dagrun for example_task_group_decorator to 2023-05-24T04:57:46.425973+00:00, run_after=2023-05-25T04:57:46.425973+00:00
[2023-05-25T04:57:46.496+0000] {processor.py:175} INFO - Processing /home/airflow/.local/lib/python3.7/site-packages/airflow/example_dags/example_task_group_decorator.py took 0.502 seconds
[2023-05-25T04:58:16.924+0000] {processor.py:153} INFO - Started process (PID=1899) to work on /home/airflow/.local/lib/python3.7/site-packages/airflow/example_dags/example_task_group_decorator.py
[2023-05-25T04:58:16.941+0000] {processor.py:743} INFO - Processing file /home/airflow/.local/lib/python3.7/site-packages/airflow/example_dags/example_task_group_decorator.py for tasks to queue
[2023-05-25T04:58:16.948+0000] {logging_mixin.py:137} INFO - [2023-05-25T04:58:16.945+0000] {dagbag.py:538} INFO - Filling up the DagBag from /home/airflow/.local/lib/python3.7/site-packages/airflow/example_dags/example_task_group_decorator.py
[2023-05-25T04:58:17.064+0000] {processor.py:753} INFO - DAG(s) dict_keys(['example_task_group_decorator']) retrieved from /home/airflow/.local/lib/python3.7/site-packages/airflow/example_dags/example_task_group_decorator.py
[2023-05-25T04:58:17.143+0000] {logging_mixin.py:137} INFO - [2023-05-25T04:58:17.143+0000] {dag.py:2690} INFO - Sync 1 DAGs
[2023-05-25T04:58:17.228+0000] {logging_mixin.py:137} INFO - [2023-05-25T04:58:17.227+0000] {dag.py:3441} INFO - Setting next_dagrun for example_task_group_decorator to 2023-05-24T04:58:17.227510+00:00, run_after=2023-05-25T04:58:17.227510+00:00
[2023-05-25T04:58:17.279+0000] {processor.py:175} INFO - Processing /home/airflow/.local/lib/python3.7/site-packages/airflow/example_dags/example_task_group_decorator.py took 0.365 seconds
[2023-05-25T04:58:47.975+0000] {processor.py:153} INFO - Started process (PID=1959) to work on /home/airflow/.local/lib/python3.7/site-packages/airflow/example_dags/example_task_group_decorator.py
[2023-05-25T04:58:47.981+0000] {processor.py:743} INFO - Processing file /home/airflow/.local/lib/python3.7/site-packages/airflow/example_dags/example_task_group_decorator.py for tasks to queue
[2023-05-25T04:58:47.986+0000] {logging_mixin.py:137} INFO - [2023-05-25T04:58:47.984+0000] {dagbag.py:538} INFO - Filling up the DagBag from /home/airflow/.local/lib/python3.7/site-packages/airflow/example_dags/example_task_group_decorator.py
[2023-05-25T04:58:48.052+0000] {processor.py:753} INFO - DAG(s) dict_keys(['example_task_group_decorator']) retrieved from /home/airflow/.local/lib/python3.7/site-packages/airflow/example_dags/example_task_group_decorator.py
[2023-05-25T04:58:48.104+0000] {logging_mixin.py:137} INFO - [2023-05-25T04:58:48.104+0000] {dag.py:2690} INFO - Sync 1 DAGs
[2023-05-25T04:58:48.149+0000] {logging_mixin.py:137} INFO - [2023-05-25T04:58:48.149+0000] {dag.py:3441} INFO - Setting next_dagrun for example_task_group_decorator to 2023-05-24T04:58:48.149279+00:00, run_after=2023-05-25T04:58:48.149279+00:00
[2023-05-25T04:58:48.185+0000] {processor.py:175} INFO - Processing /home/airflow/.local/lib/python3.7/site-packages/airflow/example_dags/example_task_group_decorator.py took 0.219 seconds
[2023-05-25T04:59:20.570+0000] {processor.py:153} INFO - Started process (PID=2021) to work on /home/airflow/.local/lib/python3.7/site-packages/airflow/example_dags/example_task_group_decorator.py
[2023-05-25T04:59:20.577+0000] {processor.py:743} INFO - Processing file /home/airflow/.local/lib/python3.7/site-packages/airflow/example_dags/example_task_group_decorator.py for tasks to queue
[2023-05-25T04:59:20.582+0000] {logging_mixin.py:137} INFO - [2023-05-25T04:59:20.581+0000] {dagbag.py:538} INFO - Filling up the DagBag from /home/airflow/.local/lib/python3.7/site-packages/airflow/example_dags/example_task_group_decorator.py
[2023-05-25T04:59:20.751+0000] {processor.py:753} INFO - DAG(s) dict_keys(['example_task_group_decorator']) retrieved from /home/airflow/.local/lib/python3.7/site-packages/airflow/example_dags/example_task_group_decorator.py
[2023-05-25T04:59:20.893+0000] {logging_mixin.py:137} INFO - [2023-05-25T04:59:20.892+0000] {dag.py:2690} INFO - Sync 1 DAGs
[2023-05-25T04:59:21.043+0000] {logging_mixin.py:137} INFO - [2023-05-25T04:59:21.043+0000] {dag.py:3441} INFO - Setting next_dagrun for example_task_group_decorator to 2023-05-24T04:59:21.042751+00:00, run_after=2023-05-25T04:59:21.042751+00:00
[2023-05-25T04:59:21.136+0000] {processor.py:175} INFO - Processing /home/airflow/.local/lib/python3.7/site-packages/airflow/example_dags/example_task_group_decorator.py took 0.585 seconds
[2023-05-25T04:59:51.758+0000] {processor.py:153} INFO - Started process (PID=2089) to work on /home/airflow/.local/lib/python3.7/site-packages/airflow/example_dags/example_task_group_decorator.py
[2023-05-25T04:59:51.762+0000] {processor.py:743} INFO - Processing file /home/airflow/.local/lib/python3.7/site-packages/airflow/example_dags/example_task_group_decorator.py for tasks to queue
[2023-05-25T04:59:51.765+0000] {logging_mixin.py:137} INFO - [2023-05-25T04:59:51.764+0000] {dagbag.py:538} INFO - Filling up the DagBag from /home/airflow/.local/lib/python3.7/site-packages/airflow/example_dags/example_task_group_decorator.py
[2023-05-25T04:59:51.856+0000] {processor.py:753} INFO - DAG(s) dict_keys(['example_task_group_decorator']) retrieved from /home/airflow/.local/lib/python3.7/site-packages/airflow/example_dags/example_task_group_decorator.py
[2023-05-25T04:59:51.899+0000] {logging_mixin.py:137} INFO - [2023-05-25T04:59:51.899+0000] {dag.py:2690} INFO - Sync 1 DAGs
[2023-05-25T04:59:51.947+0000] {logging_mixin.py:137} INFO - [2023-05-25T04:59:51.947+0000] {dag.py:3441} INFO - Setting next_dagrun for example_task_group_decorator to 2023-05-24T04:59:51.946657+00:00, run_after=2023-05-25T04:59:51.946657+00:00
[2023-05-25T04:59:51.993+0000] {processor.py:175} INFO - Processing /home/airflow/.local/lib/python3.7/site-packages/airflow/example_dags/example_task_group_decorator.py took 0.250 seconds
[2023-05-25T05:00:22.451+0000] {processor.py:153} INFO - Started process (PID=2149) to work on /home/airflow/.local/lib/python3.7/site-packages/airflow/example_dags/example_task_group_decorator.py
[2023-05-25T05:00:22.454+0000] {processor.py:743} INFO - Processing file /home/airflow/.local/lib/python3.7/site-packages/airflow/example_dags/example_task_group_decorator.py for tasks to queue
[2023-05-25T05:00:22.457+0000] {logging_mixin.py:137} INFO - [2023-05-25T05:00:22.456+0000] {dagbag.py:538} INFO - Filling up the DagBag from /home/airflow/.local/lib/python3.7/site-packages/airflow/example_dags/example_task_group_decorator.py
[2023-05-25T05:00:22.509+0000] {processor.py:753} INFO - DAG(s) dict_keys(['example_task_group_decorator']) retrieved from /home/airflow/.local/lib/python3.7/site-packages/airflow/example_dags/example_task_group_decorator.py
[2023-05-25T05:00:22.552+0000] {logging_mixin.py:137} INFO - [2023-05-25T05:00:22.552+0000] {dag.py:2690} INFO - Sync 1 DAGs
[2023-05-25T05:00:22.602+0000] {logging_mixin.py:137} INFO - [2023-05-25T05:00:22.602+0000] {dag.py:3441} INFO - Setting next_dagrun for example_task_group_decorator to 2023-05-24T05:00:22.602082+00:00, run_after=2023-05-25T05:00:22.602082+00:00
[2023-05-25T05:00:22.658+0000] {processor.py:175} INFO - Processing /home/airflow/.local/lib/python3.7/site-packages/airflow/example_dags/example_task_group_decorator.py took 0.214 seconds
[2023-05-25T05:00:52.983+0000] {processor.py:153} INFO - Started process (PID=2209) to work on /home/airflow/.local/lib/python3.7/site-packages/airflow/example_dags/example_task_group_decorator.py
[2023-05-25T05:00:52.987+0000] {processor.py:743} INFO - Processing file /home/airflow/.local/lib/python3.7/site-packages/airflow/example_dags/example_task_group_decorator.py for tasks to queue
[2023-05-25T05:00:52.990+0000] {logging_mixin.py:137} INFO - [2023-05-25T05:00:52.990+0000] {dagbag.py:538} INFO - Filling up the DagBag from /home/airflow/.local/lib/python3.7/site-packages/airflow/example_dags/example_task_group_decorator.py
[2023-05-25T05:00:53.042+0000] {processor.py:753} INFO - DAG(s) dict_keys(['example_task_group_decorator']) retrieved from /home/airflow/.local/lib/python3.7/site-packages/airflow/example_dags/example_task_group_decorator.py
[2023-05-25T05:00:53.081+0000] {logging_mixin.py:137} INFO - [2023-05-25T05:00:53.081+0000] {dag.py:2690} INFO - Sync 1 DAGs
[2023-05-25T05:00:53.120+0000] {logging_mixin.py:137} INFO - [2023-05-25T05:00:53.120+0000] {dag.py:3441} INFO - Setting next_dagrun for example_task_group_decorator to 2023-05-24T05:00:53.119840+00:00, run_after=2023-05-25T05:00:53.119840+00:00
[2023-05-25T05:00:53.153+0000] {processor.py:175} INFO - Processing /home/airflow/.local/lib/python3.7/site-packages/airflow/example_dags/example_task_group_decorator.py took 0.179 seconds
[2023-05-25T05:01:24.277+0000] {processor.py:153} INFO - Started process (PID=2268) to work on /home/airflow/.local/lib/python3.7/site-packages/airflow/example_dags/example_task_group_decorator.py
[2023-05-25T05:01:24.306+0000] {processor.py:743} INFO - Processing file /home/airflow/.local/lib/python3.7/site-packages/airflow/example_dags/example_task_group_decorator.py for tasks to queue
[2023-05-25T05:01:24.311+0000] {logging_mixin.py:137} INFO - [2023-05-25T05:01:24.310+0000] {dagbag.py:538} INFO - Filling up the DagBag from /home/airflow/.local/lib/python3.7/site-packages/airflow/example_dags/example_task_group_decorator.py
[2023-05-25T05:01:24.529+0000] {processor.py:753} INFO - DAG(s) dict_keys(['example_task_group_decorator']) retrieved from /home/airflow/.local/lib/python3.7/site-packages/airflow/example_dags/example_task_group_decorator.py
[2023-05-25T05:01:24.685+0000] {logging_mixin.py:137} INFO - [2023-05-25T05:01:24.685+0000] {dag.py:2690} INFO - Sync 1 DAGs
[2023-05-25T05:01:24.836+0000] {logging_mixin.py:137} INFO - [2023-05-25T05:01:24.835+0000] {dag.py:3441} INFO - Setting next_dagrun for example_task_group_decorator to 2023-05-24T05:01:24.835479+00:00, run_after=2023-05-25T05:01:24.835479+00:00
[2023-05-25T05:01:24.902+0000] {processor.py:175} INFO - Processing /home/airflow/.local/lib/python3.7/site-packages/airflow/example_dags/example_task_group_decorator.py took 0.659 seconds
[2023-05-25T05:01:55.571+0000] {processor.py:153} INFO - Started process (PID=2327) to work on /home/airflow/.local/lib/python3.7/site-packages/airflow/example_dags/example_task_group_decorator.py
[2023-05-25T05:01:55.575+0000] {processor.py:743} INFO - Processing file /home/airflow/.local/lib/python3.7/site-packages/airflow/example_dags/example_task_group_decorator.py for tasks to queue
[2023-05-25T05:01:55.578+0000] {logging_mixin.py:137} INFO - [2023-05-25T05:01:55.578+0000] {dagbag.py:538} INFO - Filling up the DagBag from /home/airflow/.local/lib/python3.7/site-packages/airflow/example_dags/example_task_group_decorator.py
[2023-05-25T05:01:55.663+0000] {processor.py:753} INFO - DAG(s) dict_keys(['example_task_group_decorator']) retrieved from /home/airflow/.local/lib/python3.7/site-packages/airflow/example_dags/example_task_group_decorator.py
[2023-05-25T05:01:55.740+0000] {logging_mixin.py:137} INFO - [2023-05-25T05:01:55.740+0000] {dag.py:2690} INFO - Sync 1 DAGs
[2023-05-25T05:01:55.841+0000] {logging_mixin.py:137} INFO - [2023-05-25T05:01:55.841+0000] {dag.py:3441} INFO - Setting next_dagrun for example_task_group_decorator to 2023-05-24T05:01:55.840748+00:00, run_after=2023-05-25T05:01:55.840748+00:00
[2023-05-25T05:01:55.907+0000] {processor.py:175} INFO - Processing /home/airflow/.local/lib/python3.7/site-packages/airflow/example_dags/example_task_group_decorator.py took 0.344 seconds
[2023-05-25T05:02:26.135+0000] {processor.py:153} INFO - Started process (PID=2386) to work on /home/airflow/.local/lib/python3.7/site-packages/airflow/example_dags/example_task_group_decorator.py
[2023-05-25T05:02:26.139+0000] {processor.py:743} INFO - Processing file /home/airflow/.local/lib/python3.7/site-packages/airflow/example_dags/example_task_group_decorator.py for tasks to queue
[2023-05-25T05:02:26.143+0000] {logging_mixin.py:137} INFO - [2023-05-25T05:02:26.143+0000] {dagbag.py:538} INFO - Filling up the DagBag from /home/airflow/.local/lib/python3.7/site-packages/airflow/example_dags/example_task_group_decorator.py
[2023-05-25T05:02:26.226+0000] {processor.py:753} INFO - DAG(s) dict_keys(['example_task_group_decorator']) retrieved from /home/airflow/.local/lib/python3.7/site-packages/airflow/example_dags/example_task_group_decorator.py
[2023-05-25T05:02:26.400+0000] {logging_mixin.py:137} INFO - [2023-05-25T05:02:26.400+0000] {dag.py:2690} INFO - Sync 1 DAGs
[2023-05-25T05:02:26.474+0000] {logging_mixin.py:137} INFO - [2023-05-25T05:02:26.473+0000] {dag.py:3441} INFO - Setting next_dagrun for example_task_group_decorator to 2023-05-24T05:02:26.473347+00:00, run_after=2023-05-25T05:02:26.473347+00:00
[2023-05-25T05:02:26.527+0000] {processor.py:175} INFO - Processing /home/airflow/.local/lib/python3.7/site-packages/airflow/example_dags/example_task_group_decorator.py took 0.409 seconds
[2023-05-25T05:02:57.259+0000] {processor.py:153} INFO - Started process (PID=2445) to work on /home/airflow/.local/lib/python3.7/site-packages/airflow/example_dags/example_task_group_decorator.py
[2023-05-25T05:02:57.263+0000] {processor.py:743} INFO - Processing file /home/airflow/.local/lib/python3.7/site-packages/airflow/example_dags/example_task_group_decorator.py for tasks to queue
[2023-05-25T05:02:57.269+0000] {logging_mixin.py:137} INFO - [2023-05-25T05:02:57.269+0000] {dagbag.py:538} INFO - Filling up the DagBag from /home/airflow/.local/lib/python3.7/site-packages/airflow/example_dags/example_task_group_decorator.py
[2023-05-25T05:02:57.418+0000] {processor.py:753} INFO - DAG(s) dict_keys(['example_task_group_decorator']) retrieved from /home/airflow/.local/lib/python3.7/site-packages/airflow/example_dags/example_task_group_decorator.py
[2023-05-25T05:02:57.513+0000] {logging_mixin.py:137} INFO - [2023-05-25T05:02:57.513+0000] {dag.py:2690} INFO - Sync 1 DAGs
[2023-05-25T05:02:57.589+0000] {logging_mixin.py:137} INFO - [2023-05-25T05:02:57.588+0000] {dag.py:3441} INFO - Setting next_dagrun for example_task_group_decorator to 2023-05-24T05:02:57.588597+00:00, run_after=2023-05-25T05:02:57.588597+00:00
[2023-05-25T05:02:57.654+0000] {processor.py:175} INFO - Processing /home/airflow/.local/lib/python3.7/site-packages/airflow/example_dags/example_task_group_decorator.py took 0.425 seconds
