[2023-05-25T04:35:09.859+0000] {processor.py:153} INFO - Started process (PID=59) to work on /home/airflow/.local/lib/python3.7/site-packages/airflow/example_dags/example_branch_operator.py
[2023-05-25T04:35:10.170+0000] {processor.py:743} INFO - Processing file /home/airflow/.local/lib/python3.7/site-packages/airflow/example_dags/example_branch_operator.py for tasks to queue
[2023-05-25T04:35:10.193+0000] {logging_mixin.py:137} INFO - [2023-05-25T04:35:10.193+0000] {dagbag.py:538} INFO - Filling up the DagBag from /home/airflow/.local/lib/python3.7/site-packages/airflow/example_dags/example_branch_operator.py
[2023-05-25T04:35:12.101+0000] {processor.py:753} INFO - DAG(s) dict_keys(['example_branch_operator']) retrieved from /home/airflow/.local/lib/python3.7/site-packages/airflow/example_dags/example_branch_operator.py
[2023-05-25T04:35:13.863+0000] {logging_mixin.py:137} INFO - [2023-05-25T04:35:13.863+0000] {dag.py:2690} INFO - Sync 1 DAGs
[2023-05-25T04:35:14.852+0000] {logging_mixin.py:137} INFO - [2023-05-25T04:35:14.820+0000] {dag.py:3441} INFO - Setting next_dagrun for example_branch_operator to 2023-05-24T00:00:00+00:00, run_after=2023-05-25T00:00:00+00:00
[2023-05-25T04:35:15.262+0000] {processor.py:175} INFO - Processing /home/airflow/.local/lib/python3.7/site-packages/airflow/example_dags/example_branch_operator.py took 5.425 seconds
[2023-05-25T04:36:11.284+0000] {processor.py:153} INFO - Started process (PID=127) to work on /home/airflow/.local/lib/python3.7/site-packages/airflow/example_dags/example_branch_operator.py
[2023-05-25T04:36:11.290+0000] {processor.py:743} INFO - Processing file /home/airflow/.local/lib/python3.7/site-packages/airflow/example_dags/example_branch_operator.py for tasks to queue
[2023-05-25T04:36:11.300+0000] {logging_mixin.py:137} INFO - [2023-05-25T04:36:11.299+0000] {dagbag.py:538} INFO - Filling up the DagBag from /home/airflow/.local/lib/python3.7/site-packages/airflow/example_dags/example_branch_operator.py
[2023-05-25T04:36:11.470+0000] {processor.py:753} INFO - DAG(s) dict_keys(['example_branch_operator']) retrieved from /home/airflow/.local/lib/python3.7/site-packages/airflow/example_dags/example_branch_operator.py
[2023-05-25T04:36:11.736+0000] {logging_mixin.py:137} INFO - [2023-05-25T04:36:11.736+0000] {dag.py:2690} INFO - Sync 1 DAGs
[2023-05-25T04:36:11.990+0000] {logging_mixin.py:137} INFO - [2023-05-25T04:36:11.989+0000] {dag.py:3441} INFO - Setting next_dagrun for example_branch_operator to 2023-05-24T00:00:00+00:00, run_after=2023-05-25T00:00:00+00:00
[2023-05-25T04:36:12.066+0000] {processor.py:175} INFO - Processing /home/airflow/.local/lib/python3.7/site-packages/airflow/example_dags/example_branch_operator.py took 0.794 seconds
[2023-05-25T04:36:48.734+0000] {processor.py:153} INFO - Started process (PID=185) to work on /home/airflow/.local/lib/python3.7/site-packages/airflow/example_dags/example_branch_operator.py
[2023-05-25T04:36:48.751+0000] {processor.py:743} INFO - Processing file /home/airflow/.local/lib/python3.7/site-packages/airflow/example_dags/example_branch_operator.py for tasks to queue
[2023-05-25T04:36:48.766+0000] {logging_mixin.py:137} INFO - [2023-05-25T04:36:48.765+0000] {dagbag.py:538} INFO - Filling up the DagBag from /home/airflow/.local/lib/python3.7/site-packages/airflow/example_dags/example_branch_operator.py
[2023-05-25T04:36:48.941+0000] {processor.py:753} INFO - DAG(s) dict_keys(['example_branch_operator']) retrieved from /home/airflow/.local/lib/python3.7/site-packages/airflow/example_dags/example_branch_operator.py
[2023-05-25T04:36:49.216+0000] {logging_mixin.py:137} INFO - [2023-05-25T04:36:49.216+0000] {dag.py:2690} INFO - Sync 1 DAGs
[2023-05-25T04:36:49.516+0000] {logging_mixin.py:137} INFO - [2023-05-25T04:36:49.516+0000] {dag.py:3441} INFO - Setting next_dagrun for example_branch_operator to 2023-05-24T00:00:00+00:00, run_after=2023-05-25T00:00:00+00:00
[2023-05-25T04:36:49.710+0000] {processor.py:175} INFO - Processing /home/airflow/.local/lib/python3.7/site-packages/airflow/example_dags/example_branch_operator.py took 1.050 seconds
[2023-05-25T04:37:59.894+0000] {processor.py:153} INFO - Started process (PID=235) to work on /home/airflow/.local/lib/python3.7/site-packages/airflow/example_dags/example_branch_operator.py
[2023-05-25T04:37:59.929+0000] {processor.py:743} INFO - Processing file /home/airflow/.local/lib/python3.7/site-packages/airflow/example_dags/example_branch_operator.py for tasks to queue
[2023-05-25T04:37:59.982+0000] {logging_mixin.py:137} INFO - [2023-05-25T04:37:59.981+0000] {dagbag.py:538} INFO - Filling up the DagBag from /home/airflow/.local/lib/python3.7/site-packages/airflow/example_dags/example_branch_operator.py
[2023-05-25T04:38:00.158+0000] {processor.py:753} INFO - DAG(s) dict_keys(['example_branch_operator']) retrieved from /home/airflow/.local/lib/python3.7/site-packages/airflow/example_dags/example_branch_operator.py
[2023-05-25T04:38:00.561+0000] {logging_mixin.py:137} INFO - [2023-05-25T04:38:00.561+0000] {dag.py:2690} INFO - Sync 1 DAGs
[2023-05-25T04:38:01.424+0000] {logging_mixin.py:137} INFO - [2023-05-25T04:38:01.423+0000] {dag.py:3441} INFO - Setting next_dagrun for example_branch_operator to 2023-05-24T00:00:00+00:00, run_after=2023-05-25T00:00:00+00:00
[2023-05-25T04:38:02.225+0000] {processor.py:175} INFO - Processing /home/airflow/.local/lib/python3.7/site-packages/airflow/example_dags/example_branch_operator.py took 2.463 seconds
[2023-05-25T04:38:41.159+0000] {processor.py:153} INFO - Started process (PID=285) to work on /home/airflow/.local/lib/python3.7/site-packages/airflow/example_dags/example_branch_operator.py
[2023-05-25T04:38:41.167+0000] {processor.py:743} INFO - Processing file /home/airflow/.local/lib/python3.7/site-packages/airflow/example_dags/example_branch_operator.py for tasks to queue
[2023-05-25T04:38:41.174+0000] {logging_mixin.py:137} INFO - [2023-05-25T04:38:41.174+0000] {dagbag.py:538} INFO - Filling up the DagBag from /home/airflow/.local/lib/python3.7/site-packages/airflow/example_dags/example_branch_operator.py
[2023-05-25T04:38:41.249+0000] {processor.py:753} INFO - DAG(s) dict_keys(['example_branch_operator']) retrieved from /home/airflow/.local/lib/python3.7/site-packages/airflow/example_dags/example_branch_operator.py
[2023-05-25T04:38:41.392+0000] {logging_mixin.py:137} INFO - [2023-05-25T04:38:41.391+0000] {dag.py:2690} INFO - Sync 1 DAGs
[2023-05-25T04:38:41.909+0000] {logging_mixin.py:137} INFO - [2023-05-25T04:38:41.908+0000] {dag.py:3441} INFO - Setting next_dagrun for example_branch_operator to 2023-05-24T00:00:00+00:00, run_after=2023-05-25T00:00:00+00:00
[2023-05-25T04:38:42.322+0000] {processor.py:175} INFO - Processing /home/airflow/.local/lib/python3.7/site-packages/airflow/example_dags/example_branch_operator.py took 1.176 seconds
[2023-05-25T04:39:13.325+0000] {processor.py:153} INFO - Started process (PID=340) to work on /home/airflow/.local/lib/python3.7/site-packages/airflow/example_dags/example_branch_operator.py
[2023-05-25T04:39:13.341+0000] {processor.py:743} INFO - Processing file /home/airflow/.local/lib/python3.7/site-packages/airflow/example_dags/example_branch_operator.py for tasks to queue
[2023-05-25T04:39:13.354+0000] {logging_mixin.py:137} INFO - [2023-05-25T04:39:13.351+0000] {dagbag.py:538} INFO - Filling up the DagBag from /home/airflow/.local/lib/python3.7/site-packages/airflow/example_dags/example_branch_operator.py
[2023-05-25T04:39:13.481+0000] {processor.py:753} INFO - DAG(s) dict_keys(['example_branch_operator']) retrieved from /home/airflow/.local/lib/python3.7/site-packages/airflow/example_dags/example_branch_operator.py
[2023-05-25T04:39:13.865+0000] {logging_mixin.py:137} INFO - [2023-05-25T04:39:13.865+0000] {dag.py:2690} INFO - Sync 1 DAGs
[2023-05-25T04:39:14.208+0000] {logging_mixin.py:137} INFO - [2023-05-25T04:39:14.207+0000] {dag.py:3441} INFO - Setting next_dagrun for example_branch_operator to 2023-05-24T00:00:00+00:00, run_after=2023-05-25T00:00:00+00:00
[2023-05-25T04:39:14.475+0000] {processor.py:175} INFO - Processing /home/airflow/.local/lib/python3.7/site-packages/airflow/example_dags/example_branch_operator.py took 1.170 seconds
[2023-05-25T04:42:03.995+0000] {processor.py:153} INFO - Started process (PID=53) to work on /home/airflow/.local/lib/python3.7/site-packages/airflow/example_dags/example_branch_operator.py
[2023-05-25T04:42:03.999+0000] {processor.py:743} INFO - Processing file /home/airflow/.local/lib/python3.7/site-packages/airflow/example_dags/example_branch_operator.py for tasks to queue
[2023-05-25T04:42:04.011+0000] {logging_mixin.py:137} INFO - [2023-05-25T04:42:04.003+0000] {dagbag.py:538} INFO - Filling up the DagBag from /home/airflow/.local/lib/python3.7/site-packages/airflow/example_dags/example_branch_operator.py
[2023-05-25T04:42:04.276+0000] {processor.py:753} INFO - DAG(s) dict_keys(['example_branch_operator']) retrieved from /home/airflow/.local/lib/python3.7/site-packages/airflow/example_dags/example_branch_operator.py
[2023-05-25T04:42:04.556+0000] {logging_mixin.py:137} INFO - [2023-05-25T04:42:04.556+0000] {dag.py:2690} INFO - Sync 1 DAGs
[2023-05-25T04:42:04.756+0000] {logging_mixin.py:137} INFO - [2023-05-25T04:42:04.743+0000] {dag.py:3441} INFO - Setting next_dagrun for example_branch_operator to 2023-05-24T00:00:00+00:00, run_after=2023-05-25T00:00:00+00:00
[2023-05-25T04:42:04.976+0000] {processor.py:175} INFO - Processing /home/airflow/.local/lib/python3.7/site-packages/airflow/example_dags/example_branch_operator.py took 1.016 seconds
[2023-05-25T04:42:36.606+0000] {processor.py:153} INFO - Started process (PID=112) to work on /home/airflow/.local/lib/python3.7/site-packages/airflow/example_dags/example_branch_operator.py
[2023-05-25T04:42:36.644+0000] {processor.py:743} INFO - Processing file /home/airflow/.local/lib/python3.7/site-packages/airflow/example_dags/example_branch_operator.py for tasks to queue
[2023-05-25T04:42:36.672+0000] {logging_mixin.py:137} INFO - [2023-05-25T04:42:36.671+0000] {dagbag.py:538} INFO - Filling up the DagBag from /home/airflow/.local/lib/python3.7/site-packages/airflow/example_dags/example_branch_operator.py
[2023-05-25T04:42:36.921+0000] {processor.py:753} INFO - DAG(s) dict_keys(['example_branch_operator']) retrieved from /home/airflow/.local/lib/python3.7/site-packages/airflow/example_dags/example_branch_operator.py
[2023-05-25T04:42:36.977+0000] {logging_mixin.py:137} INFO - [2023-05-25T04:42:36.977+0000] {dag.py:2690} INFO - Sync 1 DAGs
[2023-05-25T04:42:37.089+0000] {logging_mixin.py:137} INFO - [2023-05-25T04:42:37.088+0000] {dag.py:3441} INFO - Setting next_dagrun for example_branch_operator to 2023-05-24T00:00:00+00:00, run_after=2023-05-25T00:00:00+00:00
[2023-05-25T04:42:37.169+0000] {processor.py:175} INFO - Processing /home/airflow/.local/lib/python3.7/site-packages/airflow/example_dags/example_branch_operator.py took 0.643 seconds
[2023-05-25T04:43:07.533+0000] {processor.py:153} INFO - Started process (PID=162) to work on /home/airflow/.local/lib/python3.7/site-packages/airflow/example_dags/example_branch_operator.py
[2023-05-25T04:43:07.535+0000] {processor.py:743} INFO - Processing file /home/airflow/.local/lib/python3.7/site-packages/airflow/example_dags/example_branch_operator.py for tasks to queue
[2023-05-25T04:43:07.539+0000] {logging_mixin.py:137} INFO - [2023-05-25T04:43:07.539+0000] {dagbag.py:538} INFO - Filling up the DagBag from /home/airflow/.local/lib/python3.7/site-packages/airflow/example_dags/example_branch_operator.py
[2023-05-25T04:43:07.601+0000] {processor.py:753} INFO - DAG(s) dict_keys(['example_branch_operator']) retrieved from /home/airflow/.local/lib/python3.7/site-packages/airflow/example_dags/example_branch_operator.py
[2023-05-25T04:43:07.684+0000] {logging_mixin.py:137} INFO - [2023-05-25T04:43:07.684+0000] {dag.py:2690} INFO - Sync 1 DAGs
[2023-05-25T04:43:07.880+0000] {logging_mixin.py:137} INFO - [2023-05-25T04:43:07.880+0000] {dag.py:3441} INFO - Setting next_dagrun for example_branch_operator to 2023-05-24T00:00:00+00:00, run_after=2023-05-25T00:00:00+00:00
[2023-05-25T04:43:07.986+0000] {processor.py:175} INFO - Processing /home/airflow/.local/lib/python3.7/site-packages/airflow/example_dags/example_branch_operator.py took 0.464 seconds
[2023-05-25T04:43:38.783+0000] {processor.py:153} INFO - Started process (PID=221) to work on /home/airflow/.local/lib/python3.7/site-packages/airflow/example_dags/example_branch_operator.py
[2023-05-25T04:43:38.789+0000] {processor.py:743} INFO - Processing file /home/airflow/.local/lib/python3.7/site-packages/airflow/example_dags/example_branch_operator.py for tasks to queue
[2023-05-25T04:43:38.799+0000] {logging_mixin.py:137} INFO - [2023-05-25T04:43:38.792+0000] {dagbag.py:538} INFO - Filling up the DagBag from /home/airflow/.local/lib/python3.7/site-packages/airflow/example_dags/example_branch_operator.py
[2023-05-25T04:43:38.944+0000] {processor.py:753} INFO - DAG(s) dict_keys(['example_branch_operator']) retrieved from /home/airflow/.local/lib/python3.7/site-packages/airflow/example_dags/example_branch_operator.py
[2023-05-25T04:43:39.181+0000] {logging_mixin.py:137} INFO - [2023-05-25T04:43:39.180+0000] {dag.py:2690} INFO - Sync 1 DAGs
[2023-05-25T04:43:39.393+0000] {logging_mixin.py:137} INFO - [2023-05-25T04:43:39.393+0000] {dag.py:3441} INFO - Setting next_dagrun for example_branch_operator to 2023-05-24T00:00:00+00:00, run_after=2023-05-25T00:00:00+00:00
[2023-05-25T04:43:39.588+0000] {processor.py:175} INFO - Processing /home/airflow/.local/lib/python3.7/site-packages/airflow/example_dags/example_branch_operator.py took 0.835 seconds
[2023-05-25T04:44:09.914+0000] {processor.py:153} INFO - Started process (PID=290) to work on /home/airflow/.local/lib/python3.7/site-packages/airflow/example_dags/example_branch_operator.py
[2023-05-25T04:44:09.919+0000] {processor.py:743} INFO - Processing file /home/airflow/.local/lib/python3.7/site-packages/airflow/example_dags/example_branch_operator.py for tasks to queue
[2023-05-25T04:44:09.922+0000] {logging_mixin.py:137} INFO - [2023-05-25T04:44:09.922+0000] {dagbag.py:538} INFO - Filling up the DagBag from /home/airflow/.local/lib/python3.7/site-packages/airflow/example_dags/example_branch_operator.py
[2023-05-25T04:44:09.992+0000] {processor.py:753} INFO - DAG(s) dict_keys(['example_branch_operator']) retrieved from /home/airflow/.local/lib/python3.7/site-packages/airflow/example_dags/example_branch_operator.py
[2023-05-25T04:44:10.103+0000] {logging_mixin.py:137} INFO - [2023-05-25T04:44:10.103+0000] {dag.py:2690} INFO - Sync 1 DAGs
[2023-05-25T04:44:10.146+0000] {logging_mixin.py:137} INFO - [2023-05-25T04:44:10.146+0000] {dag.py:3441} INFO - Setting next_dagrun for example_branch_operator to 2023-05-24T00:00:00+00:00, run_after=2023-05-25T00:00:00+00:00
[2023-05-25T04:44:10.184+0000] {processor.py:175} INFO - Processing /home/airflow/.local/lib/python3.7/site-packages/airflow/example_dags/example_branch_operator.py took 0.275 seconds
[2023-05-25T04:44:40.674+0000] {processor.py:153} INFO - Started process (PID=352) to work on /home/airflow/.local/lib/python3.7/site-packages/airflow/example_dags/example_branch_operator.py
[2023-05-25T04:44:40.680+0000] {processor.py:743} INFO - Processing file /home/airflow/.local/lib/python3.7/site-packages/airflow/example_dags/example_branch_operator.py for tasks to queue
[2023-05-25T04:44:40.690+0000] {logging_mixin.py:137} INFO - [2023-05-25T04:44:40.690+0000] {dagbag.py:538} INFO - Filling up the DagBag from /home/airflow/.local/lib/python3.7/site-packages/airflow/example_dags/example_branch_operator.py
[2023-05-25T04:44:40.797+0000] {processor.py:753} INFO - DAG(s) dict_keys(['example_branch_operator']) retrieved from /home/airflow/.local/lib/python3.7/site-packages/airflow/example_dags/example_branch_operator.py
[2023-05-25T04:44:40.966+0000] {logging_mixin.py:137} INFO - [2023-05-25T04:44:40.966+0000] {dag.py:2690} INFO - Sync 1 DAGs
[2023-05-25T04:44:41.105+0000] {logging_mixin.py:137} INFO - [2023-05-25T04:44:41.105+0000] {dag.py:3441} INFO - Setting next_dagrun for example_branch_operator to 2023-05-24T00:00:00+00:00, run_after=2023-05-25T00:00:00+00:00
[2023-05-25T04:44:41.201+0000] {processor.py:175} INFO - Processing /home/airflow/.local/lib/python3.7/site-packages/airflow/example_dags/example_branch_operator.py took 0.545 seconds
[2023-05-25T04:45:11.891+0000] {processor.py:153} INFO - Started process (PID=412) to work on /home/airflow/.local/lib/python3.7/site-packages/airflow/example_dags/example_branch_operator.py
[2023-05-25T04:45:11.909+0000] {processor.py:743} INFO - Processing file /home/airflow/.local/lib/python3.7/site-packages/airflow/example_dags/example_branch_operator.py for tasks to queue
[2023-05-25T04:45:11.921+0000] {logging_mixin.py:137} INFO - [2023-05-25T04:45:11.921+0000] {dagbag.py:538} INFO - Filling up the DagBag from /home/airflow/.local/lib/python3.7/site-packages/airflow/example_dags/example_branch_operator.py
[2023-05-25T04:45:12.061+0000] {processor.py:753} INFO - DAG(s) dict_keys(['example_branch_operator']) retrieved from /home/airflow/.local/lib/python3.7/site-packages/airflow/example_dags/example_branch_operator.py
[2023-05-25T04:45:12.249+0000] {logging_mixin.py:137} INFO - [2023-05-25T04:45:12.249+0000] {dag.py:2690} INFO - Sync 1 DAGs
[2023-05-25T04:45:12.323+0000] {logging_mixin.py:137} INFO - [2023-05-25T04:45:12.323+0000] {dag.py:3441} INFO - Setting next_dagrun for example_branch_operator to 2023-05-24T00:00:00+00:00, run_after=2023-05-25T00:00:00+00:00
[2023-05-25T04:45:12.397+0000] {processor.py:175} INFO - Processing /home/airflow/.local/lib/python3.7/site-packages/airflow/example_dags/example_branch_operator.py took 0.540 seconds
[2023-05-25T04:45:42.795+0000] {processor.py:153} INFO - Started process (PID=473) to work on /home/airflow/.local/lib/python3.7/site-packages/airflow/example_dags/example_branch_operator.py
[2023-05-25T04:45:42.798+0000] {processor.py:743} INFO - Processing file /home/airflow/.local/lib/python3.7/site-packages/airflow/example_dags/example_branch_operator.py for tasks to queue
[2023-05-25T04:45:42.802+0000] {logging_mixin.py:137} INFO - [2023-05-25T04:45:42.802+0000] {dagbag.py:538} INFO - Filling up the DagBag from /home/airflow/.local/lib/python3.7/site-packages/airflow/example_dags/example_branch_operator.py
[2023-05-25T04:45:42.847+0000] {processor.py:753} INFO - DAG(s) dict_keys(['example_branch_operator']) retrieved from /home/airflow/.local/lib/python3.7/site-packages/airflow/example_dags/example_branch_operator.py
[2023-05-25T04:45:42.931+0000] {logging_mixin.py:137} INFO - [2023-05-25T04:45:42.931+0000] {dag.py:2690} INFO - Sync 1 DAGs
[2023-05-25T04:45:43.014+0000] {logging_mixin.py:137} INFO - [2023-05-25T04:45:43.014+0000] {dag.py:3441} INFO - Setting next_dagrun for example_branch_operator to 2023-05-24T00:00:00+00:00, run_after=2023-05-25T00:00:00+00:00
[2023-05-25T04:45:43.078+0000] {processor.py:175} INFO - Processing /home/airflow/.local/lib/python3.7/site-packages/airflow/example_dags/example_branch_operator.py took 0.305 seconds
[2023-05-25T04:46:14.007+0000] {processor.py:153} INFO - Started process (PID=534) to work on /home/airflow/.local/lib/python3.7/site-packages/airflow/example_dags/example_branch_operator.py
[2023-05-25T04:46:14.010+0000] {processor.py:743} INFO - Processing file /home/airflow/.local/lib/python3.7/site-packages/airflow/example_dags/example_branch_operator.py for tasks to queue
[2023-05-25T04:46:14.015+0000] {logging_mixin.py:137} INFO - [2023-05-25T04:46:14.015+0000] {dagbag.py:538} INFO - Filling up the DagBag from /home/airflow/.local/lib/python3.7/site-packages/airflow/example_dags/example_branch_operator.py
[2023-05-25T04:46:14.051+0000] {processor.py:753} INFO - DAG(s) dict_keys(['example_branch_operator']) retrieved from /home/airflow/.local/lib/python3.7/site-packages/airflow/example_dags/example_branch_operator.py
[2023-05-25T04:46:14.104+0000] {logging_mixin.py:137} INFO - [2023-05-25T04:46:14.104+0000] {dag.py:2690} INFO - Sync 1 DAGs
[2023-05-25T04:46:14.270+0000] {logging_mixin.py:137} INFO - [2023-05-25T04:46:14.269+0000] {dag.py:3441} INFO - Setting next_dagrun for example_branch_operator to 2023-05-24T00:00:00+00:00, run_after=2023-05-25T00:00:00+00:00
[2023-05-25T04:46:14.338+0000] {processor.py:175} INFO - Processing /home/airflow/.local/lib/python3.7/site-packages/airflow/example_dags/example_branch_operator.py took 0.336 seconds
[2023-05-25T04:46:45.077+0000] {processor.py:153} INFO - Started process (PID=595) to work on /home/airflow/.local/lib/python3.7/site-packages/airflow/example_dags/example_branch_operator.py
[2023-05-25T04:46:45.079+0000] {processor.py:743} INFO - Processing file /home/airflow/.local/lib/python3.7/site-packages/airflow/example_dags/example_branch_operator.py for tasks to queue
[2023-05-25T04:46:45.084+0000] {logging_mixin.py:137} INFO - [2023-05-25T04:46:45.083+0000] {dagbag.py:538} INFO - Filling up the DagBag from /home/airflow/.local/lib/python3.7/site-packages/airflow/example_dags/example_branch_operator.py
[2023-05-25T04:46:45.175+0000] {processor.py:753} INFO - DAG(s) dict_keys(['example_branch_operator']) retrieved from /home/airflow/.local/lib/python3.7/site-packages/airflow/example_dags/example_branch_operator.py
[2023-05-25T04:46:45.309+0000] {logging_mixin.py:137} INFO - [2023-05-25T04:46:45.308+0000] {dag.py:2690} INFO - Sync 1 DAGs
[2023-05-25T04:46:45.585+0000] {logging_mixin.py:137} INFO - [2023-05-25T04:46:45.584+0000] {dag.py:3441} INFO - Setting next_dagrun for example_branch_operator to 2023-05-24T00:00:00+00:00, run_after=2023-05-25T00:00:00+00:00
[2023-05-25T04:46:45.724+0000] {processor.py:175} INFO - Processing /home/airflow/.local/lib/python3.7/site-packages/airflow/example_dags/example_branch_operator.py took 0.652 seconds
[2023-05-25T04:47:28.852+0000] {processor.py:153} INFO - Started process (PID=655) to work on /home/airflow/.local/lib/python3.7/site-packages/airflow/example_dags/example_branch_operator.py
[2023-05-25T04:47:28.861+0000] {processor.py:743} INFO - Processing file /home/airflow/.local/lib/python3.7/site-packages/airflow/example_dags/example_branch_operator.py for tasks to queue
[2023-05-25T04:47:28.868+0000] {logging_mixin.py:137} INFO - [2023-05-25T04:47:28.868+0000] {dagbag.py:538} INFO - Filling up the DagBag from /home/airflow/.local/lib/python3.7/site-packages/airflow/example_dags/example_branch_operator.py
[2023-05-25T04:47:29.112+0000] {processor.py:753} INFO - DAG(s) dict_keys(['example_branch_operator']) retrieved from /home/airflow/.local/lib/python3.7/site-packages/airflow/example_dags/example_branch_operator.py
[2023-05-25T04:47:29.408+0000] {logging_mixin.py:137} INFO - [2023-05-25T04:47:29.408+0000] {dag.py:2690} INFO - Sync 1 DAGs
[2023-05-25T04:47:29.850+0000] {logging_mixin.py:137} INFO - [2023-05-25T04:47:29.850+0000] {dag.py:3441} INFO - Setting next_dagrun for example_branch_operator to 2023-05-24T00:00:00+00:00, run_after=2023-05-25T00:00:00+00:00
[2023-05-25T04:47:30.189+0000] {processor.py:175} INFO - Processing /home/airflow/.local/lib/python3.7/site-packages/airflow/example_dags/example_branch_operator.py took 1.375 seconds
[2023-05-25T04:48:00.608+0000] {processor.py:153} INFO - Started process (PID=715) to work on /home/airflow/.local/lib/python3.7/site-packages/airflow/example_dags/example_branch_operator.py
[2023-05-25T04:48:00.611+0000] {processor.py:743} INFO - Processing file /home/airflow/.local/lib/python3.7/site-packages/airflow/example_dags/example_branch_operator.py for tasks to queue
[2023-05-25T04:48:00.613+0000] {logging_mixin.py:137} INFO - [2023-05-25T04:48:00.613+0000] {dagbag.py:538} INFO - Filling up the DagBag from /home/airflow/.local/lib/python3.7/site-packages/airflow/example_dags/example_branch_operator.py
[2023-05-25T04:48:00.656+0000] {processor.py:753} INFO - DAG(s) dict_keys(['example_branch_operator']) retrieved from /home/airflow/.local/lib/python3.7/site-packages/airflow/example_dags/example_branch_operator.py
[2023-05-25T04:48:00.701+0000] {logging_mixin.py:137} INFO - [2023-05-25T04:48:00.701+0000] {dag.py:2690} INFO - Sync 1 DAGs
[2023-05-25T04:48:00.876+0000] {logging_mixin.py:137} INFO - [2023-05-25T04:48:00.868+0000] {dag.py:3441} INFO - Setting next_dagrun for example_branch_operator to 2023-05-24T00:00:00+00:00, run_after=2023-05-25T00:00:00+00:00
[2023-05-25T04:48:01.050+0000] {processor.py:175} INFO - Processing /home/airflow/.local/lib/python3.7/site-packages/airflow/example_dags/example_branch_operator.py took 0.447 seconds
[2023-05-25T04:48:31.621+0000] {processor.py:153} INFO - Started process (PID=777) to work on /home/airflow/.local/lib/python3.7/site-packages/airflow/example_dags/example_branch_operator.py
[2023-05-25T04:48:31.624+0000] {processor.py:743} INFO - Processing file /home/airflow/.local/lib/python3.7/site-packages/airflow/example_dags/example_branch_operator.py for tasks to queue
[2023-05-25T04:48:31.628+0000] {logging_mixin.py:137} INFO - [2023-05-25T04:48:31.627+0000] {dagbag.py:538} INFO - Filling up the DagBag from /home/airflow/.local/lib/python3.7/site-packages/airflow/example_dags/example_branch_operator.py
[2023-05-25T04:48:31.663+0000] {processor.py:753} INFO - DAG(s) dict_keys(['example_branch_operator']) retrieved from /home/airflow/.local/lib/python3.7/site-packages/airflow/example_dags/example_branch_operator.py
[2023-05-25T04:48:31.720+0000] {logging_mixin.py:137} INFO - [2023-05-25T04:48:31.720+0000] {dag.py:2690} INFO - Sync 1 DAGs
[2023-05-25T04:48:31.766+0000] {logging_mixin.py:137} INFO - [2023-05-25T04:48:31.766+0000] {dag.py:3441} INFO - Setting next_dagrun for example_branch_operator to 2023-05-24T00:00:00+00:00, run_after=2023-05-25T00:00:00+00:00
[2023-05-25T04:48:31.816+0000] {processor.py:175} INFO - Processing /home/airflow/.local/lib/python3.7/site-packages/airflow/example_dags/example_branch_operator.py took 0.204 seconds
[2023-05-25T04:49:01.871+0000] {processor.py:153} INFO - Started process (PID=839) to work on /home/airflow/.local/lib/python3.7/site-packages/airflow/example_dags/example_branch_operator.py
[2023-05-25T04:49:01.878+0000] {processor.py:743} INFO - Processing file /home/airflow/.local/lib/python3.7/site-packages/airflow/example_dags/example_branch_operator.py for tasks to queue
[2023-05-25T04:49:01.881+0000] {logging_mixin.py:137} INFO - [2023-05-25T04:49:01.881+0000] {dagbag.py:538} INFO - Filling up the DagBag from /home/airflow/.local/lib/python3.7/site-packages/airflow/example_dags/example_branch_operator.py
[2023-05-25T04:49:01.912+0000] {processor.py:753} INFO - DAG(s) dict_keys(['example_branch_operator']) retrieved from /home/airflow/.local/lib/python3.7/site-packages/airflow/example_dags/example_branch_operator.py
[2023-05-25T04:49:01.972+0000] {logging_mixin.py:137} INFO - [2023-05-25T04:49:01.972+0000] {dag.py:2690} INFO - Sync 1 DAGs
[2023-05-25T04:49:02.009+0000] {logging_mixin.py:137} INFO - [2023-05-25T04:49:02.009+0000] {dag.py:3441} INFO - Setting next_dagrun for example_branch_operator to 2023-05-24T00:00:00+00:00, run_after=2023-05-25T00:00:00+00:00
[2023-05-25T04:49:02.038+0000] {processor.py:175} INFO - Processing /home/airflow/.local/lib/python3.7/site-packages/airflow/example_dags/example_branch_operator.py took 0.176 seconds
[2023-05-25T04:49:32.806+0000] {processor.py:153} INFO - Started process (PID=908) to work on /home/airflow/.local/lib/python3.7/site-packages/airflow/example_dags/example_branch_operator.py
[2023-05-25T04:49:32.809+0000] {processor.py:743} INFO - Processing file /home/airflow/.local/lib/python3.7/site-packages/airflow/example_dags/example_branch_operator.py for tasks to queue
[2023-05-25T04:49:32.812+0000] {logging_mixin.py:137} INFO - [2023-05-25T04:49:32.812+0000] {dagbag.py:538} INFO - Filling up the DagBag from /home/airflow/.local/lib/python3.7/site-packages/airflow/example_dags/example_branch_operator.py
[2023-05-25T04:49:32.841+0000] {processor.py:753} INFO - DAG(s) dict_keys(['example_branch_operator']) retrieved from /home/airflow/.local/lib/python3.7/site-packages/airflow/example_dags/example_branch_operator.py
[2023-05-25T04:49:32.899+0000] {logging_mixin.py:137} INFO - [2023-05-25T04:49:32.899+0000] {dag.py:2690} INFO - Sync 1 DAGs
[2023-05-25T04:49:32.961+0000] {logging_mixin.py:137} INFO - [2023-05-25T04:49:32.961+0000] {dag.py:3441} INFO - Setting next_dagrun for example_branch_operator to 2023-05-24T00:00:00+00:00, run_after=2023-05-25T00:00:00+00:00
[2023-05-25T04:49:32.997+0000] {processor.py:175} INFO - Processing /home/airflow/.local/lib/python3.7/site-packages/airflow/example_dags/example_branch_operator.py took 0.200 seconds
[2023-05-25T04:50:03.189+0000] {processor.py:153} INFO - Started process (PID=971) to work on /home/airflow/.local/lib/python3.7/site-packages/airflow/example_dags/example_branch_operator.py
[2023-05-25T04:50:03.193+0000] {processor.py:743} INFO - Processing file /home/airflow/.local/lib/python3.7/site-packages/airflow/example_dags/example_branch_operator.py for tasks to queue
[2023-05-25T04:50:03.199+0000] {logging_mixin.py:137} INFO - [2023-05-25T04:50:03.198+0000] {dagbag.py:538} INFO - Filling up the DagBag from /home/airflow/.local/lib/python3.7/site-packages/airflow/example_dags/example_branch_operator.py
[2023-05-25T04:50:03.262+0000] {processor.py:753} INFO - DAG(s) dict_keys(['example_branch_operator']) retrieved from /home/airflow/.local/lib/python3.7/site-packages/airflow/example_dags/example_branch_operator.py
[2023-05-25T04:50:03.310+0000] {logging_mixin.py:137} INFO - [2023-05-25T04:50:03.309+0000] {dag.py:2690} INFO - Sync 1 DAGs
[2023-05-25T04:50:03.350+0000] {logging_mixin.py:137} INFO - [2023-05-25T04:50:03.350+0000] {dag.py:3441} INFO - Setting next_dagrun for example_branch_operator to 2023-05-24T00:00:00+00:00, run_after=2023-05-25T00:00:00+00:00
[2023-05-25T04:50:03.379+0000] {processor.py:175} INFO - Processing /home/airflow/.local/lib/python3.7/site-packages/airflow/example_dags/example_branch_operator.py took 0.207 seconds
[2023-05-25T04:50:34.100+0000] {processor.py:153} INFO - Started process (PID=1024) to work on /home/airflow/.local/lib/python3.7/site-packages/airflow/example_dags/example_branch_operator.py
[2023-05-25T04:50:34.107+0000] {processor.py:743} INFO - Processing file /home/airflow/.local/lib/python3.7/site-packages/airflow/example_dags/example_branch_operator.py for tasks to queue
[2023-05-25T04:50:34.120+0000] {logging_mixin.py:137} INFO - [2023-05-25T04:50:34.119+0000] {dagbag.py:538} INFO - Filling up the DagBag from /home/airflow/.local/lib/python3.7/site-packages/airflow/example_dags/example_branch_operator.py
[2023-05-25T04:50:34.430+0000] {processor.py:753} INFO - DAG(s) dict_keys(['example_branch_operator']) retrieved from /home/airflow/.local/lib/python3.7/site-packages/airflow/example_dags/example_branch_operator.py
[2023-05-25T04:50:34.572+0000] {logging_mixin.py:137} INFO - [2023-05-25T04:50:34.572+0000] {dag.py:2690} INFO - Sync 1 DAGs
[2023-05-25T04:50:34.709+0000] {logging_mixin.py:137} INFO - [2023-05-25T04:50:34.709+0000] {dag.py:3441} INFO - Setting next_dagrun for example_branch_operator to 2023-05-24T00:00:00+00:00, run_after=2023-05-25T00:00:00+00:00
[2023-05-25T04:50:34.815+0000] {processor.py:175} INFO - Processing /home/airflow/.local/lib/python3.7/site-packages/airflow/example_dags/example_branch_operator.py took 0.762 seconds
[2023-05-25T04:51:05.728+0000] {processor.py:153} INFO - Started process (PID=1082) to work on /home/airflow/.local/lib/python3.7/site-packages/airflow/example_dags/example_branch_operator.py
[2023-05-25T04:51:05.732+0000] {processor.py:743} INFO - Processing file /home/airflow/.local/lib/python3.7/site-packages/airflow/example_dags/example_branch_operator.py for tasks to queue
[2023-05-25T04:51:05.735+0000] {logging_mixin.py:137} INFO - [2023-05-25T04:51:05.735+0000] {dagbag.py:538} INFO - Filling up the DagBag from /home/airflow/.local/lib/python3.7/site-packages/airflow/example_dags/example_branch_operator.py
[2023-05-25T04:51:05.781+0000] {processor.py:753} INFO - DAG(s) dict_keys(['example_branch_operator']) retrieved from /home/airflow/.local/lib/python3.7/site-packages/airflow/example_dags/example_branch_operator.py
[2023-05-25T04:51:05.832+0000] {logging_mixin.py:137} INFO - [2023-05-25T04:51:05.832+0000] {dag.py:2690} INFO - Sync 1 DAGs
[2023-05-25T04:51:05.887+0000] {logging_mixin.py:137} INFO - [2023-05-25T04:51:05.886+0000] {dag.py:3441} INFO - Setting next_dagrun for example_branch_operator to 2023-05-24T00:00:00+00:00, run_after=2023-05-25T00:00:00+00:00
[2023-05-25T04:51:05.925+0000] {processor.py:175} INFO - Processing /home/airflow/.local/lib/python3.7/site-packages/airflow/example_dags/example_branch_operator.py took 0.209 seconds
[2023-05-25T04:51:36.451+0000] {processor.py:153} INFO - Started process (PID=1141) to work on /home/airflow/.local/lib/python3.7/site-packages/airflow/example_dags/example_branch_operator.py
[2023-05-25T04:51:36.461+0000] {processor.py:743} INFO - Processing file /home/airflow/.local/lib/python3.7/site-packages/airflow/example_dags/example_branch_operator.py for tasks to queue
[2023-05-25T04:51:36.470+0000] {logging_mixin.py:137} INFO - [2023-05-25T04:51:36.468+0000] {dagbag.py:538} INFO - Filling up the DagBag from /home/airflow/.local/lib/python3.7/site-packages/airflow/example_dags/example_branch_operator.py
[2023-05-25T04:51:36.560+0000] {processor.py:753} INFO - DAG(s) dict_keys(['example_branch_operator']) retrieved from /home/airflow/.local/lib/python3.7/site-packages/airflow/example_dags/example_branch_operator.py
[2023-05-25T04:51:36.706+0000] {logging_mixin.py:137} INFO - [2023-05-25T04:51:36.705+0000] {dag.py:2690} INFO - Sync 1 DAGs
[2023-05-25T04:51:36.798+0000] {logging_mixin.py:137} INFO - [2023-05-25T04:51:36.798+0000] {dag.py:3441} INFO - Setting next_dagrun for example_branch_operator to 2023-05-24T00:00:00+00:00, run_after=2023-05-25T00:00:00+00:00
[2023-05-25T04:51:36.943+0000] {processor.py:175} INFO - Processing /home/airflow/.local/lib/python3.7/site-packages/airflow/example_dags/example_branch_operator.py took 0.510 seconds
[2023-05-25T04:52:14.001+0000] {processor.py:153} INFO - Started process (PID=1198) to work on /home/airflow/.local/lib/python3.7/site-packages/airflow/example_dags/example_branch_operator.py
[2023-05-25T04:52:14.014+0000] {processor.py:743} INFO - Processing file /home/airflow/.local/lib/python3.7/site-packages/airflow/example_dags/example_branch_operator.py for tasks to queue
[2023-05-25T04:52:14.025+0000] {logging_mixin.py:137} INFO - [2023-05-25T04:52:14.023+0000] {dagbag.py:538} INFO - Filling up the DagBag from /home/airflow/.local/lib/python3.7/site-packages/airflow/example_dags/example_branch_operator.py
[2023-05-25T04:52:14.107+0000] {processor.py:753} INFO - DAG(s) dict_keys(['example_branch_operator']) retrieved from /home/airflow/.local/lib/python3.7/site-packages/airflow/example_dags/example_branch_operator.py
[2023-05-25T04:52:14.278+0000] {logging_mixin.py:137} INFO - [2023-05-25T04:52:14.277+0000] {dag.py:2690} INFO - Sync 1 DAGs
[2023-05-25T04:52:14.420+0000] {logging_mixin.py:137} INFO - [2023-05-25T04:52:14.420+0000] {dag.py:3441} INFO - Setting next_dagrun for example_branch_operator to 2023-05-24T00:00:00+00:00, run_after=2023-05-25T00:00:00+00:00
[2023-05-25T04:52:14.490+0000] {processor.py:175} INFO - Processing /home/airflow/.local/lib/python3.7/site-packages/airflow/example_dags/example_branch_operator.py took 0.512 seconds
[2023-05-25T04:52:44.808+0000] {processor.py:153} INFO - Started process (PID=1249) to work on /home/airflow/.local/lib/python3.7/site-packages/airflow/example_dags/example_branch_operator.py
[2023-05-25T04:52:44.819+0000] {processor.py:743} INFO - Processing file /home/airflow/.local/lib/python3.7/site-packages/airflow/example_dags/example_branch_operator.py for tasks to queue
[2023-05-25T04:52:44.834+0000] {logging_mixin.py:137} INFO - [2023-05-25T04:52:44.834+0000] {dagbag.py:538} INFO - Filling up the DagBag from /home/airflow/.local/lib/python3.7/site-packages/airflow/example_dags/example_branch_operator.py
[2023-05-25T04:52:44.951+0000] {processor.py:753} INFO - DAG(s) dict_keys(['example_branch_operator']) retrieved from /home/airflow/.local/lib/python3.7/site-packages/airflow/example_dags/example_branch_operator.py
[2023-05-25T04:52:45.086+0000] {logging_mixin.py:137} INFO - [2023-05-25T04:52:45.086+0000] {dag.py:2690} INFO - Sync 1 DAGs
[2023-05-25T04:52:45.163+0000] {logging_mixin.py:137} INFO - [2023-05-25T04:52:45.163+0000] {dag.py:3441} INFO - Setting next_dagrun for example_branch_operator to 2023-05-24T00:00:00+00:00, run_after=2023-05-25T00:00:00+00:00
[2023-05-25T04:52:45.247+0000] {processor.py:175} INFO - Processing /home/airflow/.local/lib/python3.7/site-packages/airflow/example_dags/example_branch_operator.py took 0.463 seconds
[2023-05-25T04:53:15.886+0000] {processor.py:153} INFO - Started process (PID=1309) to work on /home/airflow/.local/lib/python3.7/site-packages/airflow/example_dags/example_branch_operator.py
[2023-05-25T04:53:15.892+0000] {processor.py:743} INFO - Processing file /home/airflow/.local/lib/python3.7/site-packages/airflow/example_dags/example_branch_operator.py for tasks to queue
[2023-05-25T04:53:15.895+0000] {logging_mixin.py:137} INFO - [2023-05-25T04:53:15.895+0000] {dagbag.py:538} INFO - Filling up the DagBag from /home/airflow/.local/lib/python3.7/site-packages/airflow/example_dags/example_branch_operator.py
[2023-05-25T04:53:15.925+0000] {processor.py:753} INFO - DAG(s) dict_keys(['example_branch_operator']) retrieved from /home/airflow/.local/lib/python3.7/site-packages/airflow/example_dags/example_branch_operator.py
[2023-05-25T04:53:15.966+0000] {logging_mixin.py:137} INFO - [2023-05-25T04:53:15.966+0000] {dag.py:2690} INFO - Sync 1 DAGs
[2023-05-25T04:53:16.003+0000] {logging_mixin.py:137} INFO - [2023-05-25T04:53:16.003+0000] {dag.py:3441} INFO - Setting next_dagrun for example_branch_operator to 2023-05-24T00:00:00+00:00, run_after=2023-05-25T00:00:00+00:00
[2023-05-25T04:53:16.042+0000] {processor.py:175} INFO - Processing /home/airflow/.local/lib/python3.7/site-packages/airflow/example_dags/example_branch_operator.py took 0.162 seconds
[2023-05-25T04:53:46.250+0000] {processor.py:153} INFO - Started process (PID=1377) to work on /home/airflow/.local/lib/python3.7/site-packages/airflow/example_dags/example_branch_operator.py
[2023-05-25T04:53:46.266+0000] {processor.py:743} INFO - Processing file /home/airflow/.local/lib/python3.7/site-packages/airflow/example_dags/example_branch_operator.py for tasks to queue
[2023-05-25T04:53:46.270+0000] {logging_mixin.py:137} INFO - [2023-05-25T04:53:46.270+0000] {dagbag.py:538} INFO - Filling up the DagBag from /home/airflow/.local/lib/python3.7/site-packages/airflow/example_dags/example_branch_operator.py
[2023-05-25T04:53:46.428+0000] {processor.py:753} INFO - DAG(s) dict_keys(['example_branch_operator']) retrieved from /home/airflow/.local/lib/python3.7/site-packages/airflow/example_dags/example_branch_operator.py
[2023-05-25T04:53:46.705+0000] {logging_mixin.py:137} INFO - [2023-05-25T04:53:46.705+0000] {dag.py:2690} INFO - Sync 1 DAGs
[2023-05-25T04:53:46.923+0000] {logging_mixin.py:137} INFO - [2023-05-25T04:53:46.923+0000] {dag.py:3441} INFO - Setting next_dagrun for example_branch_operator to 2023-05-24T00:00:00+00:00, run_after=2023-05-25T00:00:00+00:00
[2023-05-25T04:53:47.050+0000] {processor.py:175} INFO - Processing /home/airflow/.local/lib/python3.7/site-packages/airflow/example_dags/example_branch_operator.py took 0.853 seconds
[2023-05-25T04:54:18.077+0000] {processor.py:153} INFO - Started process (PID=1438) to work on /home/airflow/.local/lib/python3.7/site-packages/airflow/example_dags/example_branch_operator.py
[2023-05-25T04:54:18.082+0000] {processor.py:743} INFO - Processing file /home/airflow/.local/lib/python3.7/site-packages/airflow/example_dags/example_branch_operator.py for tasks to queue
[2023-05-25T04:54:18.089+0000] {logging_mixin.py:137} INFO - [2023-05-25T04:54:18.087+0000] {dagbag.py:538} INFO - Filling up the DagBag from /home/airflow/.local/lib/python3.7/site-packages/airflow/example_dags/example_branch_operator.py
[2023-05-25T04:54:18.197+0000] {processor.py:753} INFO - DAG(s) dict_keys(['example_branch_operator']) retrieved from /home/airflow/.local/lib/python3.7/site-packages/airflow/example_dags/example_branch_operator.py
[2023-05-25T04:54:18.375+0000] {logging_mixin.py:137} INFO - [2023-05-25T04:54:18.374+0000] {dag.py:2690} INFO - Sync 1 DAGs
[2023-05-25T04:54:18.510+0000] {logging_mixin.py:137} INFO - [2023-05-25T04:54:18.510+0000] {dag.py:3441} INFO - Setting next_dagrun for example_branch_operator to 2023-05-24T00:00:00+00:00, run_after=2023-05-25T00:00:00+00:00
[2023-05-25T04:54:18.588+0000] {processor.py:175} INFO - Processing /home/airflow/.local/lib/python3.7/site-packages/airflow/example_dags/example_branch_operator.py took 0.532 seconds
[2023-05-25T04:54:48.831+0000] {processor.py:153} INFO - Started process (PID=1488) to work on /home/airflow/.local/lib/python3.7/site-packages/airflow/example_dags/example_branch_operator.py
[2023-05-25T04:54:48.846+0000] {processor.py:743} INFO - Processing file /home/airflow/.local/lib/python3.7/site-packages/airflow/example_dags/example_branch_operator.py for tasks to queue
[2023-05-25T04:54:48.874+0000] {logging_mixin.py:137} INFO - [2023-05-25T04:54:48.859+0000] {dagbag.py:538} INFO - Filling up the DagBag from /home/airflow/.local/lib/python3.7/site-packages/airflow/example_dags/example_branch_operator.py
[2023-05-25T04:54:49.447+0000] {processor.py:753} INFO - DAG(s) dict_keys(['example_branch_operator']) retrieved from /home/airflow/.local/lib/python3.7/site-packages/airflow/example_dags/example_branch_operator.py
[2023-05-25T04:54:49.728+0000] {logging_mixin.py:137} INFO - [2023-05-25T04:54:49.728+0000] {dag.py:2690} INFO - Sync 1 DAGs
[2023-05-25T04:54:49.833+0000] {logging_mixin.py:137} INFO - [2023-05-25T04:54:49.832+0000] {dag.py:3441} INFO - Setting next_dagrun for example_branch_operator to 2023-05-24T00:00:00+00:00, run_after=2023-05-25T00:00:00+00:00
[2023-05-25T04:54:50.002+0000] {processor.py:175} INFO - Processing /home/airflow/.local/lib/python3.7/site-packages/airflow/example_dags/example_branch_operator.py took 1.196 seconds
[2023-05-25T04:55:20.175+0000] {processor.py:153} INFO - Started process (PID=1549) to work on /home/airflow/.local/lib/python3.7/site-packages/airflow/example_dags/example_branch_operator.py
[2023-05-25T04:55:20.184+0000] {processor.py:743} INFO - Processing file /home/airflow/.local/lib/python3.7/site-packages/airflow/example_dags/example_branch_operator.py for tasks to queue
[2023-05-25T04:55:20.187+0000] {logging_mixin.py:137} INFO - [2023-05-25T04:55:20.187+0000] {dagbag.py:538} INFO - Filling up the DagBag from /home/airflow/.local/lib/python3.7/site-packages/airflow/example_dags/example_branch_operator.py
[2023-05-25T04:55:20.225+0000] {processor.py:753} INFO - DAG(s) dict_keys(['example_branch_operator']) retrieved from /home/airflow/.local/lib/python3.7/site-packages/airflow/example_dags/example_branch_operator.py
[2023-05-25T04:55:20.289+0000] {logging_mixin.py:137} INFO - [2023-05-25T04:55:20.289+0000] {dag.py:2690} INFO - Sync 1 DAGs
[2023-05-25T04:55:20.353+0000] {logging_mixin.py:137} INFO - [2023-05-25T04:55:20.352+0000] {dag.py:3441} INFO - Setting next_dagrun for example_branch_operator to 2023-05-24T00:00:00+00:00, run_after=2023-05-25T00:00:00+00:00
[2023-05-25T04:55:20.390+0000] {processor.py:175} INFO - Processing /home/airflow/.local/lib/python3.7/site-packages/airflow/example_dags/example_branch_operator.py took 0.226 seconds
[2023-05-25T04:55:50.829+0000] {processor.py:153} INFO - Started process (PID=1609) to work on /home/airflow/.local/lib/python3.7/site-packages/airflow/example_dags/example_branch_operator.py
[2023-05-25T04:55:50.834+0000] {processor.py:743} INFO - Processing file /home/airflow/.local/lib/python3.7/site-packages/airflow/example_dags/example_branch_operator.py for tasks to queue
[2023-05-25T04:55:50.844+0000] {logging_mixin.py:137} INFO - [2023-05-25T04:55:50.837+0000] {dagbag.py:538} INFO - Filling up the DagBag from /home/airflow/.local/lib/python3.7/site-packages/airflow/example_dags/example_branch_operator.py
[2023-05-25T04:55:50.903+0000] {processor.py:753} INFO - DAG(s) dict_keys(['example_branch_operator']) retrieved from /home/airflow/.local/lib/python3.7/site-packages/airflow/example_dags/example_branch_operator.py
[2023-05-25T04:55:51.004+0000] {logging_mixin.py:137} INFO - [2023-05-25T04:55:51.003+0000] {dag.py:2690} INFO - Sync 1 DAGs
[2023-05-25T04:55:51.054+0000] {logging_mixin.py:137} INFO - [2023-05-25T04:55:51.054+0000] {dag.py:3441} INFO - Setting next_dagrun for example_branch_operator to 2023-05-24T00:00:00+00:00, run_after=2023-05-25T00:00:00+00:00
[2023-05-25T04:55:51.109+0000] {processor.py:175} INFO - Processing /home/airflow/.local/lib/python3.7/site-packages/airflow/example_dags/example_branch_operator.py took 0.285 seconds
[2023-05-25T04:56:22.032+0000] {processor.py:153} INFO - Started process (PID=1668) to work on /home/airflow/.local/lib/python3.7/site-packages/airflow/example_dags/example_branch_operator.py
[2023-05-25T04:56:22.036+0000] {processor.py:743} INFO - Processing file /home/airflow/.local/lib/python3.7/site-packages/airflow/example_dags/example_branch_operator.py for tasks to queue
[2023-05-25T04:56:22.039+0000] {logging_mixin.py:137} INFO - [2023-05-25T04:56:22.038+0000] {dagbag.py:538} INFO - Filling up the DagBag from /home/airflow/.local/lib/python3.7/site-packages/airflow/example_dags/example_branch_operator.py
[2023-05-25T04:56:22.071+0000] {processor.py:753} INFO - DAG(s) dict_keys(['example_branch_operator']) retrieved from /home/airflow/.local/lib/python3.7/site-packages/airflow/example_dags/example_branch_operator.py
[2023-05-25T04:56:22.119+0000] {logging_mixin.py:137} INFO - [2023-05-25T04:56:22.118+0000] {dag.py:2690} INFO - Sync 1 DAGs
[2023-05-25T04:56:22.162+0000] {logging_mixin.py:137} INFO - [2023-05-25T04:56:22.162+0000] {dag.py:3441} INFO - Setting next_dagrun for example_branch_operator to 2023-05-24T00:00:00+00:00, run_after=2023-05-25T00:00:00+00:00
[2023-05-25T04:56:22.191+0000] {processor.py:175} INFO - Processing /home/airflow/.local/lib/python3.7/site-packages/airflow/example_dags/example_branch_operator.py took 0.169 seconds
[2023-05-25T04:56:52.746+0000] {processor.py:153} INFO - Started process (PID=1735) to work on /home/airflow/.local/lib/python3.7/site-packages/airflow/example_dags/example_branch_operator.py
[2023-05-25T04:56:52.752+0000] {processor.py:743} INFO - Processing file /home/airflow/.local/lib/python3.7/site-packages/airflow/example_dags/example_branch_operator.py for tasks to queue
[2023-05-25T04:56:52.757+0000] {logging_mixin.py:137} INFO - [2023-05-25T04:56:52.756+0000] {dagbag.py:538} INFO - Filling up the DagBag from /home/airflow/.local/lib/python3.7/site-packages/airflow/example_dags/example_branch_operator.py
[2023-05-25T04:56:52.866+0000] {processor.py:753} INFO - DAG(s) dict_keys(['example_branch_operator']) retrieved from /home/airflow/.local/lib/python3.7/site-packages/airflow/example_dags/example_branch_operator.py
[2023-05-25T04:56:52.919+0000] {logging_mixin.py:137} INFO - [2023-05-25T04:56:52.919+0000] {dag.py:2690} INFO - Sync 1 DAGs
[2023-05-25T04:56:52.995+0000] {logging_mixin.py:137} INFO - [2023-05-25T04:56:52.995+0000] {dag.py:3441} INFO - Setting next_dagrun for example_branch_operator to 2023-05-24T00:00:00+00:00, run_after=2023-05-25T00:00:00+00:00
[2023-05-25T04:56:53.083+0000] {processor.py:175} INFO - Processing /home/airflow/.local/lib/python3.7/site-packages/airflow/example_dags/example_branch_operator.py took 0.348 seconds
[2023-05-25T04:57:23.914+0000] {processor.py:153} INFO - Started process (PID=1788) to work on /home/airflow/.local/lib/python3.7/site-packages/airflow/example_dags/example_branch_operator.py
[2023-05-25T04:57:23.917+0000] {processor.py:743} INFO - Processing file /home/airflow/.local/lib/python3.7/site-packages/airflow/example_dags/example_branch_operator.py for tasks to queue
[2023-05-25T04:57:23.922+0000] {logging_mixin.py:137} INFO - [2023-05-25T04:57:23.921+0000] {dagbag.py:538} INFO - Filling up the DagBag from /home/airflow/.local/lib/python3.7/site-packages/airflow/example_dags/example_branch_operator.py
[2023-05-25T04:57:23.958+0000] {processor.py:753} INFO - DAG(s) dict_keys(['example_branch_operator']) retrieved from /home/airflow/.local/lib/python3.7/site-packages/airflow/example_dags/example_branch_operator.py
[2023-05-25T04:57:24.008+0000] {logging_mixin.py:137} INFO - [2023-05-25T04:57:24.008+0000] {dag.py:2690} INFO - Sync 1 DAGs
[2023-05-25T04:57:24.061+0000] {logging_mixin.py:137} INFO - [2023-05-25T04:57:24.061+0000] {dag.py:3441} INFO - Setting next_dagrun for example_branch_operator to 2023-05-24T00:00:00+00:00, run_after=2023-05-25T00:00:00+00:00
[2023-05-25T04:57:24.113+0000] {processor.py:175} INFO - Processing /home/airflow/.local/lib/python3.7/site-packages/airflow/example_dags/example_branch_operator.py took 0.207 seconds
[2023-05-25T04:57:54.925+0000] {processor.py:153} INFO - Started process (PID=1849) to work on /home/airflow/.local/lib/python3.7/site-packages/airflow/example_dags/example_branch_operator.py
[2023-05-25T04:57:54.931+0000] {processor.py:743} INFO - Processing file /home/airflow/.local/lib/python3.7/site-packages/airflow/example_dags/example_branch_operator.py for tasks to queue
[2023-05-25T04:57:54.941+0000] {logging_mixin.py:137} INFO - [2023-05-25T04:57:54.939+0000] {dagbag.py:538} INFO - Filling up the DagBag from /home/airflow/.local/lib/python3.7/site-packages/airflow/example_dags/example_branch_operator.py
[2023-05-25T04:57:54.984+0000] {processor.py:753} INFO - DAG(s) dict_keys(['example_branch_operator']) retrieved from /home/airflow/.local/lib/python3.7/site-packages/airflow/example_dags/example_branch_operator.py
[2023-05-25T04:57:55.076+0000] {logging_mixin.py:137} INFO - [2023-05-25T04:57:55.075+0000] {dag.py:2690} INFO - Sync 1 DAGs
[2023-05-25T04:57:55.151+0000] {logging_mixin.py:137} INFO - [2023-05-25T04:57:55.151+0000] {dag.py:3441} INFO - Setting next_dagrun for example_branch_operator to 2023-05-24T00:00:00+00:00, run_after=2023-05-25T00:00:00+00:00
[2023-05-25T04:57:55.207+0000] {processor.py:175} INFO - Processing /home/airflow/.local/lib/python3.7/site-packages/airflow/example_dags/example_branch_operator.py took 0.316 seconds
[2023-05-25T04:58:25.395+0000] {processor.py:153} INFO - Started process (PID=1907) to work on /home/airflow/.local/lib/python3.7/site-packages/airflow/example_dags/example_branch_operator.py
[2023-05-25T04:58:25.406+0000] {processor.py:743} INFO - Processing file /home/airflow/.local/lib/python3.7/site-packages/airflow/example_dags/example_branch_operator.py for tasks to queue
[2023-05-25T04:58:25.409+0000] {logging_mixin.py:137} INFO - [2023-05-25T04:58:25.409+0000] {dagbag.py:538} INFO - Filling up the DagBag from /home/airflow/.local/lib/python3.7/site-packages/airflow/example_dags/example_branch_operator.py
[2023-05-25T04:58:25.457+0000] {processor.py:753} INFO - DAG(s) dict_keys(['example_branch_operator']) retrieved from /home/airflow/.local/lib/python3.7/site-packages/airflow/example_dags/example_branch_operator.py
[2023-05-25T04:58:25.579+0000] {logging_mixin.py:137} INFO - [2023-05-25T04:58:25.579+0000] {dag.py:2690} INFO - Sync 1 DAGs
[2023-05-25T04:58:25.678+0000] {logging_mixin.py:137} INFO - [2023-05-25T04:58:25.678+0000] {dag.py:3441} INFO - Setting next_dagrun for example_branch_operator to 2023-05-24T00:00:00+00:00, run_after=2023-05-25T00:00:00+00:00
[2023-05-25T04:58:25.743+0000] {processor.py:175} INFO - Processing /home/airflow/.local/lib/python3.7/site-packages/airflow/example_dags/example_branch_operator.py took 0.357 seconds
[2023-05-25T04:58:56.074+0000] {processor.py:153} INFO - Started process (PID=1975) to work on /home/airflow/.local/lib/python3.7/site-packages/airflow/example_dags/example_branch_operator.py
[2023-05-25T04:58:56.079+0000] {processor.py:743} INFO - Processing file /home/airflow/.local/lib/python3.7/site-packages/airflow/example_dags/example_branch_operator.py for tasks to queue
[2023-05-25T04:58:56.105+0000] {logging_mixin.py:137} INFO - [2023-05-25T04:58:56.095+0000] {dagbag.py:538} INFO - Filling up the DagBag from /home/airflow/.local/lib/python3.7/site-packages/airflow/example_dags/example_branch_operator.py
[2023-05-25T04:58:56.201+0000] {processor.py:753} INFO - DAG(s) dict_keys(['example_branch_operator']) retrieved from /home/airflow/.local/lib/python3.7/site-packages/airflow/example_dags/example_branch_operator.py
[2023-05-25T04:58:56.339+0000] {logging_mixin.py:137} INFO - [2023-05-25T04:58:56.339+0000] {dag.py:2690} INFO - Sync 1 DAGs
[2023-05-25T04:58:56.635+0000] {logging_mixin.py:137} INFO - [2023-05-25T04:58:56.559+0000] {dag.py:3441} INFO - Setting next_dagrun for example_branch_operator to 2023-05-24T00:00:00+00:00, run_after=2023-05-25T00:00:00+00:00
[2023-05-25T04:58:56.698+0000] {processor.py:175} INFO - Processing /home/airflow/.local/lib/python3.7/site-packages/airflow/example_dags/example_branch_operator.py took 0.678 seconds
[2023-05-25T04:59:27.358+0000] {processor.py:153} INFO - Started process (PID=2037) to work on /home/airflow/.local/lib/python3.7/site-packages/airflow/example_dags/example_branch_operator.py
[2023-05-25T04:59:27.363+0000] {processor.py:743} INFO - Processing file /home/airflow/.local/lib/python3.7/site-packages/airflow/example_dags/example_branch_operator.py for tasks to queue
[2023-05-25T04:59:27.369+0000] {logging_mixin.py:137} INFO - [2023-05-25T04:59:27.368+0000] {dagbag.py:538} INFO - Filling up the DagBag from /home/airflow/.local/lib/python3.7/site-packages/airflow/example_dags/example_branch_operator.py
[2023-05-25T04:59:27.408+0000] {processor.py:753} INFO - DAG(s) dict_keys(['example_branch_operator']) retrieved from /home/airflow/.local/lib/python3.7/site-packages/airflow/example_dags/example_branch_operator.py
[2023-05-25T04:59:27.468+0000] {logging_mixin.py:137} INFO - [2023-05-25T04:59:27.467+0000] {dag.py:2690} INFO - Sync 1 DAGs
[2023-05-25T04:59:27.515+0000] {logging_mixin.py:137} INFO - [2023-05-25T04:59:27.515+0000] {dag.py:3441} INFO - Setting next_dagrun for example_branch_operator to 2023-05-24T00:00:00+00:00, run_after=2023-05-25T00:00:00+00:00
[2023-05-25T04:59:27.555+0000] {processor.py:175} INFO - Processing /home/airflow/.local/lib/python3.7/site-packages/airflow/example_dags/example_branch_operator.py took 0.208 seconds
[2023-05-25T04:59:57.905+0000] {processor.py:153} INFO - Started process (PID=2097) to work on /home/airflow/.local/lib/python3.7/site-packages/airflow/example_dags/example_branch_operator.py
[2023-05-25T04:59:57.909+0000] {processor.py:743} INFO - Processing file /home/airflow/.local/lib/python3.7/site-packages/airflow/example_dags/example_branch_operator.py for tasks to queue
[2023-05-25T04:59:57.915+0000] {logging_mixin.py:137} INFO - [2023-05-25T04:59:57.912+0000] {dagbag.py:538} INFO - Filling up the DagBag from /home/airflow/.local/lib/python3.7/site-packages/airflow/example_dags/example_branch_operator.py
[2023-05-25T04:59:57.961+0000] {processor.py:753} INFO - DAG(s) dict_keys(['example_branch_operator']) retrieved from /home/airflow/.local/lib/python3.7/site-packages/airflow/example_dags/example_branch_operator.py
[2023-05-25T04:59:58.013+0000] {logging_mixin.py:137} INFO - [2023-05-25T04:59:58.012+0000] {dag.py:2690} INFO - Sync 1 DAGs
[2023-05-25T04:59:58.063+0000] {logging_mixin.py:137} INFO - [2023-05-25T04:59:58.062+0000] {dag.py:3441} INFO - Setting next_dagrun for example_branch_operator to 2023-05-24T00:00:00+00:00, run_after=2023-05-25T00:00:00+00:00
[2023-05-25T04:59:58.108+0000] {processor.py:175} INFO - Processing /home/airflow/.local/lib/python3.7/site-packages/airflow/example_dags/example_branch_operator.py took 0.228 seconds
[2023-05-25T05:00:28.332+0000] {processor.py:153} INFO - Started process (PID=2156) to work on /home/airflow/.local/lib/python3.7/site-packages/airflow/example_dags/example_branch_operator.py
[2023-05-25T05:00:28.336+0000] {processor.py:743} INFO - Processing file /home/airflow/.local/lib/python3.7/site-packages/airflow/example_dags/example_branch_operator.py for tasks to queue
[2023-05-25T05:00:28.339+0000] {logging_mixin.py:137} INFO - [2023-05-25T05:00:28.339+0000] {dagbag.py:538} INFO - Filling up the DagBag from /home/airflow/.local/lib/python3.7/site-packages/airflow/example_dags/example_branch_operator.py
[2023-05-25T05:00:28.378+0000] {processor.py:753} INFO - DAG(s) dict_keys(['example_branch_operator']) retrieved from /home/airflow/.local/lib/python3.7/site-packages/airflow/example_dags/example_branch_operator.py
[2023-05-25T05:00:28.488+0000] {logging_mixin.py:137} INFO - [2023-05-25T05:00:28.488+0000] {dag.py:2690} INFO - Sync 1 DAGs
[2023-05-25T05:00:28.561+0000] {logging_mixin.py:137} INFO - [2023-05-25T05:00:28.560+0000] {dag.py:3441} INFO - Setting next_dagrun for example_branch_operator to 2023-05-24T00:00:00+00:00, run_after=2023-05-25T00:00:00+00:00
[2023-05-25T05:00:28.601+0000] {processor.py:175} INFO - Processing /home/airflow/.local/lib/python3.7/site-packages/airflow/example_dags/example_branch_operator.py took 0.280 seconds
[2023-05-25T05:00:59.036+0000] {processor.py:153} INFO - Started process (PID=2216) to work on /home/airflow/.local/lib/python3.7/site-packages/airflow/example_dags/example_branch_operator.py
[2023-05-25T05:00:59.038+0000] {processor.py:743} INFO - Processing file /home/airflow/.local/lib/python3.7/site-packages/airflow/example_dags/example_branch_operator.py for tasks to queue
[2023-05-25T05:00:59.044+0000] {logging_mixin.py:137} INFO - [2023-05-25T05:00:59.043+0000] {dagbag.py:538} INFO - Filling up the DagBag from /home/airflow/.local/lib/python3.7/site-packages/airflow/example_dags/example_branch_operator.py
[2023-05-25T05:00:59.120+0000] {processor.py:753} INFO - DAG(s) dict_keys(['example_branch_operator']) retrieved from /home/airflow/.local/lib/python3.7/site-packages/airflow/example_dags/example_branch_operator.py
[2023-05-25T05:00:59.204+0000] {logging_mixin.py:137} INFO - [2023-05-25T05:00:59.203+0000] {dag.py:2690} INFO - Sync 1 DAGs
[2023-05-25T05:00:59.292+0000] {logging_mixin.py:137} INFO - [2023-05-25T05:00:59.292+0000] {dag.py:3441} INFO - Setting next_dagrun for example_branch_operator to 2023-05-24T00:00:00+00:00, run_after=2023-05-25T00:00:00+00:00
[2023-05-25T05:00:59.357+0000] {processor.py:175} INFO - Processing /home/airflow/.local/lib/python3.7/site-packages/airflow/example_dags/example_branch_operator.py took 0.348 seconds
[2023-05-25T05:01:30.083+0000] {processor.py:153} INFO - Started process (PID=2275) to work on /home/airflow/.local/lib/python3.7/site-packages/airflow/example_dags/example_branch_operator.py
[2023-05-25T05:01:30.094+0000] {processor.py:743} INFO - Processing file /home/airflow/.local/lib/python3.7/site-packages/airflow/example_dags/example_branch_operator.py for tasks to queue
[2023-05-25T05:01:30.098+0000] {logging_mixin.py:137} INFO - [2023-05-25T05:01:30.098+0000] {dagbag.py:538} INFO - Filling up the DagBag from /home/airflow/.local/lib/python3.7/site-packages/airflow/example_dags/example_branch_operator.py
[2023-05-25T05:01:30.134+0000] {processor.py:753} INFO - DAG(s) dict_keys(['example_branch_operator']) retrieved from /home/airflow/.local/lib/python3.7/site-packages/airflow/example_dags/example_branch_operator.py
[2023-05-25T05:01:30.247+0000] {logging_mixin.py:137} INFO - [2023-05-25T05:01:30.247+0000] {dag.py:2690} INFO - Sync 1 DAGs
[2023-05-25T05:01:30.367+0000] {logging_mixin.py:137} INFO - [2023-05-25T05:01:30.364+0000] {dag.py:3441} INFO - Setting next_dagrun for example_branch_operator to 2023-05-24T00:00:00+00:00, run_after=2023-05-25T00:00:00+00:00
[2023-05-25T05:01:30.458+0000] {processor.py:175} INFO - Processing /home/airflow/.local/lib/python3.7/site-packages/airflow/example_dags/example_branch_operator.py took 0.411 seconds
[2023-05-25T05:02:01.001+0000] {processor.py:153} INFO - Started process (PID=2343) to work on /home/airflow/.local/lib/python3.7/site-packages/airflow/example_dags/example_branch_operator.py
[2023-05-25T05:02:01.007+0000] {processor.py:743} INFO - Processing file /home/airflow/.local/lib/python3.7/site-packages/airflow/example_dags/example_branch_operator.py for tasks to queue
[2023-05-25T05:02:01.016+0000] {logging_mixin.py:137} INFO - [2023-05-25T05:02:01.015+0000] {dagbag.py:538} INFO - Filling up the DagBag from /home/airflow/.local/lib/python3.7/site-packages/airflow/example_dags/example_branch_operator.py
[2023-05-25T05:02:01.305+0000] {processor.py:753} INFO - DAG(s) dict_keys(['example_branch_operator']) retrieved from /home/airflow/.local/lib/python3.7/site-packages/airflow/example_dags/example_branch_operator.py
[2023-05-25T05:02:01.562+0000] {logging_mixin.py:137} INFO - [2023-05-25T05:02:01.561+0000] {dag.py:2690} INFO - Sync 1 DAGs
[2023-05-25T05:02:01.748+0000] {logging_mixin.py:137} INFO - [2023-05-25T05:02:01.747+0000] {dag.py:3441} INFO - Setting next_dagrun for example_branch_operator to 2023-05-24T00:00:00+00:00, run_after=2023-05-25T00:00:00+00:00
[2023-05-25T05:02:02.161+0000] {processor.py:175} INFO - Processing /home/airflow/.local/lib/python3.7/site-packages/airflow/example_dags/example_branch_operator.py took 1.193 seconds
[2023-05-25T05:02:32.353+0000] {processor.py:153} INFO - Started process (PID=2402) to work on /home/airflow/.local/lib/python3.7/site-packages/airflow/example_dags/example_branch_operator.py
[2023-05-25T05:02:32.360+0000] {processor.py:743} INFO - Processing file /home/airflow/.local/lib/python3.7/site-packages/airflow/example_dags/example_branch_operator.py for tasks to queue
[2023-05-25T05:02:32.366+0000] {logging_mixin.py:137} INFO - [2023-05-25T05:02:32.365+0000] {dagbag.py:538} INFO - Filling up the DagBag from /home/airflow/.local/lib/python3.7/site-packages/airflow/example_dags/example_branch_operator.py
[2023-05-25T05:02:32.445+0000] {processor.py:753} INFO - DAG(s) dict_keys(['example_branch_operator']) retrieved from /home/airflow/.local/lib/python3.7/site-packages/airflow/example_dags/example_branch_operator.py
[2023-05-25T05:02:32.540+0000] {logging_mixin.py:137} INFO - [2023-05-25T05:02:32.540+0000] {dag.py:2690} INFO - Sync 1 DAGs
[2023-05-25T05:02:32.610+0000] {logging_mixin.py:137} INFO - [2023-05-25T05:02:32.610+0000] {dag.py:3441} INFO - Setting next_dagrun for example_branch_operator to 2023-05-24T00:00:00+00:00, run_after=2023-05-25T00:00:00+00:00
[2023-05-25T05:02:32.677+0000] {processor.py:175} INFO - Processing /home/airflow/.local/lib/python3.7/site-packages/airflow/example_dags/example_branch_operator.py took 0.331 seconds
[2023-05-25T05:03:03.301+0000] {processor.py:153} INFO - Started process (PID=2452) to work on /home/airflow/.local/lib/python3.7/site-packages/airflow/example_dags/example_branch_operator.py
[2023-05-25T05:03:03.303+0000] {processor.py:743} INFO - Processing file /home/airflow/.local/lib/python3.7/site-packages/airflow/example_dags/example_branch_operator.py for tasks to queue
[2023-05-25T05:03:03.306+0000] {logging_mixin.py:137} INFO - [2023-05-25T05:03:03.305+0000] {dagbag.py:538} INFO - Filling up the DagBag from /home/airflow/.local/lib/python3.7/site-packages/airflow/example_dags/example_branch_operator.py
[2023-05-25T05:03:03.337+0000] {processor.py:753} INFO - DAG(s) dict_keys(['example_branch_operator']) retrieved from /home/airflow/.local/lib/python3.7/site-packages/airflow/example_dags/example_branch_operator.py
[2023-05-25T05:03:03.384+0000] {logging_mixin.py:137} INFO - [2023-05-25T05:03:03.384+0000] {dag.py:2690} INFO - Sync 1 DAGs
[2023-05-25T05:03:03.426+0000] {logging_mixin.py:137} INFO - [2023-05-25T05:03:03.426+0000] {dag.py:3441} INFO - Setting next_dagrun for example_branch_operator to 2023-05-24T00:00:00+00:00, run_after=2023-05-25T00:00:00+00:00
[2023-05-25T05:03:03.474+0000] {processor.py:175} INFO - Processing /home/airflow/.local/lib/python3.7/site-packages/airflow/example_dags/example_branch_operator.py took 0.183 seconds
