[2023-05-25T04:35:55.116+0000] {processor.py:153} INFO - Started process (PID=97) to work on /home/airflow/.local/lib/python3.7/site-packages/airflow/example_dags/example_task_group.py
[2023-05-25T04:35:55.165+0000] {processor.py:743} INFO - Processing file /home/airflow/.local/lib/python3.7/site-packages/airflow/example_dags/example_task_group.py for tasks to queue
[2023-05-25T04:35:55.181+0000] {logging_mixin.py:137} INFO - [2023-05-25T04:35:55.181+0000] {dagbag.py:538} INFO - Filling up the DagBag from /home/airflow/.local/lib/python3.7/site-packages/airflow/example_dags/example_task_group.py
[2023-05-25T04:35:55.435+0000] {processor.py:753} INFO - DAG(s) dict_keys(['example_task_group']) retrieved from /home/airflow/.local/lib/python3.7/site-packages/airflow/example_dags/example_task_group.py
[2023-05-25T04:35:55.831+0000] {logging_mixin.py:137} INFO - [2023-05-25T04:35:55.831+0000] {dag.py:2690} INFO - Sync 1 DAGs
[2023-05-25T04:35:56.544+0000] {logging_mixin.py:137} INFO - [2023-05-25T04:35:56.544+0000] {dag.py:3441} INFO - Setting next_dagrun for example_task_group to 2023-05-24T04:35:56.525812+00:00, run_after=2023-05-25T04:35:56.525812+00:00
[2023-05-25T04:35:56.945+0000] {processor.py:175} INFO - Processing /home/airflow/.local/lib/python3.7/site-packages/airflow/example_dags/example_task_group.py took 1.999 seconds
[2023-05-25T04:36:31.333+0000] {processor.py:153} INFO - Started process (PID=156) to work on /home/airflow/.local/lib/python3.7/site-packages/airflow/example_dags/example_task_group.py
[2023-05-25T04:36:31.383+0000] {processor.py:743} INFO - Processing file /home/airflow/.local/lib/python3.7/site-packages/airflow/example_dags/example_task_group.py for tasks to queue
[2023-05-25T04:36:31.390+0000] {logging_mixin.py:137} INFO - [2023-05-25T04:36:31.390+0000] {dagbag.py:538} INFO - Filling up the DagBag from /home/airflow/.local/lib/python3.7/site-packages/airflow/example_dags/example_task_group.py
[2023-05-25T04:36:31.485+0000] {processor.py:753} INFO - DAG(s) dict_keys(['example_task_group']) retrieved from /home/airflow/.local/lib/python3.7/site-packages/airflow/example_dags/example_task_group.py
[2023-05-25T04:36:31.739+0000] {logging_mixin.py:137} INFO - [2023-05-25T04:36:31.739+0000] {dag.py:2690} INFO - Sync 1 DAGs
[2023-05-25T04:36:32.446+0000] {logging_mixin.py:137} INFO - [2023-05-25T04:36:32.446+0000] {dag.py:3441} INFO - Setting next_dagrun for example_task_group to 2023-05-24T04:36:32.445652+00:00, run_after=2023-05-25T04:36:32.445652+00:00
[2023-05-25T04:36:33.108+0000] {processor.py:175} INFO - Processing /home/airflow/.local/lib/python3.7/site-packages/airflow/example_dags/example_task_group.py took 1.843 seconds
[2023-05-25T04:37:49.466+0000] {processor.py:153} INFO - Started process (PID=230) to work on /home/airflow/.local/lib/python3.7/site-packages/airflow/example_dags/example_task_group.py
[2023-05-25T04:37:49.497+0000] {processor.py:743} INFO - Processing file /home/airflow/.local/lib/python3.7/site-packages/airflow/example_dags/example_task_group.py for tasks to queue
[2023-05-25T04:37:49.513+0000] {logging_mixin.py:137} INFO - [2023-05-25T04:37:49.513+0000] {dagbag.py:538} INFO - Filling up the DagBag from /home/airflow/.local/lib/python3.7/site-packages/airflow/example_dags/example_task_group.py
[2023-05-25T04:37:51.524+0000] {processor.py:753} INFO - DAG(s) dict_keys(['example_task_group']) retrieved from /home/airflow/.local/lib/python3.7/site-packages/airflow/example_dags/example_task_group.py
[2023-05-25T04:37:54.266+0000] {logging_mixin.py:137} INFO - [2023-05-25T04:37:54.233+0000] {dag.py:2690} INFO - Sync 1 DAGs
[2023-05-25T04:37:57.368+0000] {logging_mixin.py:137} INFO - [2023-05-25T04:37:57.368+0000] {dag.py:3441} INFO - Setting next_dagrun for example_task_group to 2023-05-24T04:37:57.368157+00:00, run_after=2023-05-25T04:37:57.368157+00:00
[2023-05-25T04:37:58.401+0000] {processor.py:175} INFO - Processing /home/airflow/.local/lib/python3.7/site-packages/airflow/example_dags/example_task_group.py took 8.945 seconds
[2023-05-25T04:38:51.342+0000] {processor.py:153} INFO - Started process (PID=303) to work on /home/airflow/.local/lib/python3.7/site-packages/airflow/example_dags/example_task_group.py
[2023-05-25T04:38:51.369+0000] {processor.py:743} INFO - Processing file /home/airflow/.local/lib/python3.7/site-packages/airflow/example_dags/example_task_group.py for tasks to queue
[2023-05-25T04:38:51.391+0000] {logging_mixin.py:137} INFO - [2023-05-25T04:38:51.390+0000] {dagbag.py:538} INFO - Filling up the DagBag from /home/airflow/.local/lib/python3.7/site-packages/airflow/example_dags/example_task_group.py
[2023-05-25T04:38:51.661+0000] {processor.py:753} INFO - DAG(s) dict_keys(['example_task_group']) retrieved from /home/airflow/.local/lib/python3.7/site-packages/airflow/example_dags/example_task_group.py
[2023-05-25T04:38:51.913+0000] {logging_mixin.py:137} INFO - [2023-05-25T04:38:51.913+0000] {dag.py:2690} INFO - Sync 1 DAGs
[2023-05-25T04:38:52.146+0000] {logging_mixin.py:137} INFO - [2023-05-25T04:38:52.145+0000] {dag.py:3441} INFO - Setting next_dagrun for example_task_group to 2023-05-24T04:38:52.144262+00:00, run_after=2023-05-25T04:38:52.144262+00:00
[2023-05-25T04:38:52.269+0000] {processor.py:175} INFO - Processing /home/airflow/.local/lib/python3.7/site-packages/airflow/example_dags/example_task_group.py took 0.952 seconds
[2023-05-25T04:39:23.306+0000] {processor.py:153} INFO - Started process (PID=354) to work on /home/airflow/.local/lib/python3.7/site-packages/airflow/example_dags/example_task_group.py
[2023-05-25T04:39:23.331+0000] {processor.py:743} INFO - Processing file /home/airflow/.local/lib/python3.7/site-packages/airflow/example_dags/example_task_group.py for tasks to queue
[2023-05-25T04:39:23.349+0000] {logging_mixin.py:137} INFO - [2023-05-25T04:39:23.349+0000] {dagbag.py:538} INFO - Filling up the DagBag from /home/airflow/.local/lib/python3.7/site-packages/airflow/example_dags/example_task_group.py
[2023-05-25T04:39:23.673+0000] {processor.py:753} INFO - DAG(s) dict_keys(['example_task_group']) retrieved from /home/airflow/.local/lib/python3.7/site-packages/airflow/example_dags/example_task_group.py
[2023-05-25T04:39:24.003+0000] {logging_mixin.py:137} INFO - [2023-05-25T04:39:24.000+0000] {dag.py:2690} INFO - Sync 1 DAGs
[2023-05-25T04:39:24.435+0000] {logging_mixin.py:137} INFO - [2023-05-25T04:39:24.435+0000] {dag.py:3441} INFO - Setting next_dagrun for example_task_group to 2023-05-24T04:39:24.434783+00:00, run_after=2023-05-25T04:39:24.434783+00:00
[2023-05-25T04:39:24.843+0000] {processor.py:175} INFO - Processing /home/airflow/.local/lib/python3.7/site-packages/airflow/example_dags/example_task_group.py took 1.625 seconds
[2023-05-25T04:42:15.870+0000] {processor.py:153} INFO - Started process (PID=81) to work on /home/airflow/.local/lib/python3.7/site-packages/airflow/example_dags/example_task_group.py
[2023-05-25T04:42:15.876+0000] {processor.py:743} INFO - Processing file /home/airflow/.local/lib/python3.7/site-packages/airflow/example_dags/example_task_group.py for tasks to queue
[2023-05-25T04:42:15.879+0000] {logging_mixin.py:137} INFO - [2023-05-25T04:42:15.879+0000] {dagbag.py:538} INFO - Filling up the DagBag from /home/airflow/.local/lib/python3.7/site-packages/airflow/example_dags/example_task_group.py
[2023-05-25T04:42:16.088+0000] {processor.py:753} INFO - DAG(s) dict_keys(['example_task_group']) retrieved from /home/airflow/.local/lib/python3.7/site-packages/airflow/example_dags/example_task_group.py
[2023-05-25T04:42:16.249+0000] {logging_mixin.py:137} INFO - [2023-05-25T04:42:16.248+0000] {dag.py:2690} INFO - Sync 1 DAGs
[2023-05-25T04:42:16.532+0000] {logging_mixin.py:137} INFO - [2023-05-25T04:42:16.532+0000] {dag.py:3441} INFO - Setting next_dagrun for example_task_group to 2023-05-24T04:42:16.532063+00:00, run_after=2023-05-25T04:42:16.532063+00:00
[2023-05-25T04:42:16.876+0000] {processor.py:175} INFO - Processing /home/airflow/.local/lib/python3.7/site-packages/airflow/example_dags/example_task_group.py took 1.019 seconds
[2023-05-25T04:42:47.676+0000] {processor.py:153} INFO - Started process (PID=132) to work on /home/airflow/.local/lib/python3.7/site-packages/airflow/example_dags/example_task_group.py
[2023-05-25T04:42:47.686+0000] {processor.py:743} INFO - Processing file /home/airflow/.local/lib/python3.7/site-packages/airflow/example_dags/example_task_group.py for tasks to queue
[2023-05-25T04:42:47.696+0000] {logging_mixin.py:137} INFO - [2023-05-25T04:42:47.696+0000] {dagbag.py:538} INFO - Filling up the DagBag from /home/airflow/.local/lib/python3.7/site-packages/airflow/example_dags/example_task_group.py
[2023-05-25T04:42:47.759+0000] {processor.py:753} INFO - DAG(s) dict_keys(['example_task_group']) retrieved from /home/airflow/.local/lib/python3.7/site-packages/airflow/example_dags/example_task_group.py
[2023-05-25T04:42:47.822+0000] {logging_mixin.py:137} INFO - [2023-05-25T04:42:47.822+0000] {dag.py:2690} INFO - Sync 1 DAGs
[2023-05-25T04:42:47.867+0000] {logging_mixin.py:137} INFO - [2023-05-25T04:42:47.867+0000] {dag.py:3441} INFO - Setting next_dagrun for example_task_group to 2023-05-24T04:42:47.866615+00:00, run_after=2023-05-25T04:42:47.866615+00:00
[2023-05-25T04:42:47.914+0000] {processor.py:175} INFO - Processing /home/airflow/.local/lib/python3.7/site-packages/airflow/example_dags/example_task_group.py took 0.252 seconds
[2023-05-25T04:43:18.819+0000] {processor.py:153} INFO - Started process (PID=192) to work on /home/airflow/.local/lib/python3.7/site-packages/airflow/example_dags/example_task_group.py
[2023-05-25T04:43:18.831+0000] {processor.py:743} INFO - Processing file /home/airflow/.local/lib/python3.7/site-packages/airflow/example_dags/example_task_group.py for tasks to queue
[2023-05-25T04:43:18.842+0000] {logging_mixin.py:137} INFO - [2023-05-25T04:43:18.839+0000] {dagbag.py:538} INFO - Filling up the DagBag from /home/airflow/.local/lib/python3.7/site-packages/airflow/example_dags/example_task_group.py
[2023-05-25T04:43:19.039+0000] {processor.py:753} INFO - DAG(s) dict_keys(['example_task_group']) retrieved from /home/airflow/.local/lib/python3.7/site-packages/airflow/example_dags/example_task_group.py
[2023-05-25T04:43:19.273+0000] {logging_mixin.py:137} INFO - [2023-05-25T04:43:19.272+0000] {dag.py:2690} INFO - Sync 1 DAGs
[2023-05-25T04:43:19.427+0000] {logging_mixin.py:137} INFO - [2023-05-25T04:43:19.426+0000] {dag.py:3441} INFO - Setting next_dagrun for example_task_group to 2023-05-24T04:43:19.426162+00:00, run_after=2023-05-25T04:43:19.426162+00:00
[2023-05-25T04:43:19.606+0000] {processor.py:175} INFO - Processing /home/airflow/.local/lib/python3.7/site-packages/airflow/example_dags/example_task_group.py took 0.795 seconds
[2023-05-25T04:43:49.776+0000] {processor.py:153} INFO - Started process (PID=251) to work on /home/airflow/.local/lib/python3.7/site-packages/airflow/example_dags/example_task_group.py
[2023-05-25T04:43:49.780+0000] {processor.py:743} INFO - Processing file /home/airflow/.local/lib/python3.7/site-packages/airflow/example_dags/example_task_group.py for tasks to queue
[2023-05-25T04:43:49.788+0000] {logging_mixin.py:137} INFO - [2023-05-25T04:43:49.788+0000] {dagbag.py:538} INFO - Filling up the DagBag from /home/airflow/.local/lib/python3.7/site-packages/airflow/example_dags/example_task_group.py
[2023-05-25T04:43:49.840+0000] {processor.py:753} INFO - DAG(s) dict_keys(['example_task_group']) retrieved from /home/airflow/.local/lib/python3.7/site-packages/airflow/example_dags/example_task_group.py
[2023-05-25T04:43:49.865+0000] {logging_mixin.py:137} INFO - [2023-05-25T04:43:49.865+0000] {dag.py:2690} INFO - Sync 1 DAGs
[2023-05-25T04:43:49.904+0000] {logging_mixin.py:137} INFO - [2023-05-25T04:43:49.904+0000] {dag.py:3441} INFO - Setting next_dagrun for example_task_group to 2023-05-24T04:43:49.904227+00:00, run_after=2023-05-25T04:43:49.904227+00:00
[2023-05-25T04:43:49.942+0000] {processor.py:175} INFO - Processing /home/airflow/.local/lib/python3.7/site-packages/airflow/example_dags/example_task_group.py took 0.184 seconds
[2023-05-25T04:44:20.481+0000] {processor.py:153} INFO - Started process (PID=321) to work on /home/airflow/.local/lib/python3.7/site-packages/airflow/example_dags/example_task_group.py
[2023-05-25T04:44:20.486+0000] {processor.py:743} INFO - Processing file /home/airflow/.local/lib/python3.7/site-packages/airflow/example_dags/example_task_group.py for tasks to queue
[2023-05-25T04:44:20.491+0000] {logging_mixin.py:137} INFO - [2023-05-25T04:44:20.489+0000] {dagbag.py:538} INFO - Filling up the DagBag from /home/airflow/.local/lib/python3.7/site-packages/airflow/example_dags/example_task_group.py
[2023-05-25T04:44:20.514+0000] {processor.py:753} INFO - DAG(s) dict_keys(['example_task_group']) retrieved from /home/airflow/.local/lib/python3.7/site-packages/airflow/example_dags/example_task_group.py
[2023-05-25T04:44:20.567+0000] {logging_mixin.py:137} INFO - [2023-05-25T04:44:20.566+0000] {dag.py:2690} INFO - Sync 1 DAGs
[2023-05-25T04:44:20.633+0000] {logging_mixin.py:137} INFO - [2023-05-25T04:44:20.633+0000] {dag.py:3441} INFO - Setting next_dagrun for example_task_group to 2023-05-24T04:44:20.632491+00:00, run_after=2023-05-25T04:44:20.632491+00:00
[2023-05-25T04:44:20.692+0000] {processor.py:175} INFO - Processing /home/airflow/.local/lib/python3.7/site-packages/airflow/example_dags/example_task_group.py took 0.216 seconds
[2023-05-25T04:44:51.099+0000] {processor.py:153} INFO - Started process (PID=382) to work on /home/airflow/.local/lib/python3.7/site-packages/airflow/example_dags/example_task_group.py
[2023-05-25T04:44:51.103+0000] {processor.py:743} INFO - Processing file /home/airflow/.local/lib/python3.7/site-packages/airflow/example_dags/example_task_group.py for tasks to queue
[2023-05-25T04:44:51.107+0000] {logging_mixin.py:137} INFO - [2023-05-25T04:44:51.106+0000] {dagbag.py:538} INFO - Filling up the DagBag from /home/airflow/.local/lib/python3.7/site-packages/airflow/example_dags/example_task_group.py
[2023-05-25T04:44:51.139+0000] {processor.py:753} INFO - DAG(s) dict_keys(['example_task_group']) retrieved from /home/airflow/.local/lib/python3.7/site-packages/airflow/example_dags/example_task_group.py
[2023-05-25T04:44:51.219+0000] {logging_mixin.py:137} INFO - [2023-05-25T04:44:51.218+0000] {dag.py:2690} INFO - Sync 1 DAGs
[2023-05-25T04:44:51.282+0000] {logging_mixin.py:137} INFO - [2023-05-25T04:44:51.282+0000] {dag.py:3441} INFO - Setting next_dagrun for example_task_group to 2023-05-24T04:44:51.282018+00:00, run_after=2023-05-25T04:44:51.282018+00:00
[2023-05-25T04:44:51.318+0000] {processor.py:175} INFO - Processing /home/airflow/.local/lib/python3.7/site-packages/airflow/example_dags/example_task_group.py took 0.232 seconds
[2023-05-25T04:45:21.636+0000] {processor.py:153} INFO - Started process (PID=443) to work on /home/airflow/.local/lib/python3.7/site-packages/airflow/example_dags/example_task_group.py
[2023-05-25T04:45:21.646+0000] {processor.py:743} INFO - Processing file /home/airflow/.local/lib/python3.7/site-packages/airflow/example_dags/example_task_group.py for tasks to queue
[2023-05-25T04:45:21.656+0000] {logging_mixin.py:137} INFO - [2023-05-25T04:45:21.653+0000] {dagbag.py:538} INFO - Filling up the DagBag from /home/airflow/.local/lib/python3.7/site-packages/airflow/example_dags/example_task_group.py
[2023-05-25T04:45:21.765+0000] {processor.py:753} INFO - DAG(s) dict_keys(['example_task_group']) retrieved from /home/airflow/.local/lib/python3.7/site-packages/airflow/example_dags/example_task_group.py
[2023-05-25T04:45:22.048+0000] {logging_mixin.py:137} INFO - [2023-05-25T04:45:22.041+0000] {dag.py:2690} INFO - Sync 1 DAGs
[2023-05-25T04:45:22.473+0000] {logging_mixin.py:137} INFO - [2023-05-25T04:45:22.464+0000] {dag.py:3441} INFO - Setting next_dagrun for example_task_group to 2023-05-24T04:45:22.463656+00:00, run_after=2023-05-25T04:45:22.463656+00:00
[2023-05-25T04:45:22.634+0000] {processor.py:175} INFO - Processing /home/airflow/.local/lib/python3.7/site-packages/airflow/example_dags/example_task_group.py took 1.027 seconds
[2023-05-25T04:45:53.081+0000] {processor.py:153} INFO - Started process (PID=504) to work on /home/airflow/.local/lib/python3.7/site-packages/airflow/example_dags/example_task_group.py
[2023-05-25T04:45:53.090+0000] {processor.py:743} INFO - Processing file /home/airflow/.local/lib/python3.7/site-packages/airflow/example_dags/example_task_group.py for tasks to queue
[2023-05-25T04:45:53.095+0000] {logging_mixin.py:137} INFO - [2023-05-25T04:45:53.094+0000] {dagbag.py:538} INFO - Filling up the DagBag from /home/airflow/.local/lib/python3.7/site-packages/airflow/example_dags/example_task_group.py
[2023-05-25T04:45:53.124+0000] {processor.py:753} INFO - DAG(s) dict_keys(['example_task_group']) retrieved from /home/airflow/.local/lib/python3.7/site-packages/airflow/example_dags/example_task_group.py
[2023-05-25T04:45:53.168+0000] {logging_mixin.py:137} INFO - [2023-05-25T04:45:53.168+0000] {dag.py:2690} INFO - Sync 1 DAGs
[2023-05-25T04:45:53.204+0000] {logging_mixin.py:137} INFO - [2023-05-25T04:45:53.203+0000] {dag.py:3441} INFO - Setting next_dagrun for example_task_group to 2023-05-24T04:45:53.203484+00:00, run_after=2023-05-25T04:45:53.203484+00:00
[2023-05-25T04:45:53.232+0000] {processor.py:175} INFO - Processing /home/airflow/.local/lib/python3.7/site-packages/airflow/example_dags/example_task_group.py took 0.156 seconds
[2023-05-25T04:46:23.397+0000] {processor.py:153} INFO - Started process (PID=566) to work on /home/airflow/.local/lib/python3.7/site-packages/airflow/example_dags/example_task_group.py
[2023-05-25T04:46:23.401+0000] {processor.py:743} INFO - Processing file /home/airflow/.local/lib/python3.7/site-packages/airflow/example_dags/example_task_group.py for tasks to queue
[2023-05-25T04:46:23.414+0000] {logging_mixin.py:137} INFO - [2023-05-25T04:46:23.413+0000] {dagbag.py:538} INFO - Filling up the DagBag from /home/airflow/.local/lib/python3.7/site-packages/airflow/example_dags/example_task_group.py
[2023-05-25T04:46:23.721+0000] {processor.py:753} INFO - DAG(s) dict_keys(['example_task_group']) retrieved from /home/airflow/.local/lib/python3.7/site-packages/airflow/example_dags/example_task_group.py
[2023-05-25T04:46:24.047+0000] {logging_mixin.py:137} INFO - [2023-05-25T04:46:24.047+0000] {dag.py:2690} INFO - Sync 1 DAGs
[2023-05-25T04:46:24.328+0000] {logging_mixin.py:137} INFO - [2023-05-25T04:46:24.328+0000] {dag.py:3441} INFO - Setting next_dagrun for example_task_group to 2023-05-24T04:46:24.328057+00:00, run_after=2023-05-25T04:46:24.328057+00:00
[2023-05-25T04:46:24.425+0000] {processor.py:175} INFO - Processing /home/airflow/.local/lib/python3.7/site-packages/airflow/example_dags/example_task_group.py took 1.050 seconds
[2023-05-25T04:46:55.098+0000] {processor.py:153} INFO - Started process (PID=626) to work on /home/airflow/.local/lib/python3.7/site-packages/airflow/example_dags/example_task_group.py
[2023-05-25T04:46:55.101+0000] {processor.py:743} INFO - Processing file /home/airflow/.local/lib/python3.7/site-packages/airflow/example_dags/example_task_group.py for tasks to queue
[2023-05-25T04:46:55.105+0000] {logging_mixin.py:137} INFO - [2023-05-25T04:46:55.104+0000] {dagbag.py:538} INFO - Filling up the DagBag from /home/airflow/.local/lib/python3.7/site-packages/airflow/example_dags/example_task_group.py
[2023-05-25T04:46:55.134+0000] {processor.py:753} INFO - DAG(s) dict_keys(['example_task_group']) retrieved from /home/airflow/.local/lib/python3.7/site-packages/airflow/example_dags/example_task_group.py
[2023-05-25T04:46:55.173+0000] {logging_mixin.py:137} INFO - [2023-05-25T04:46:55.173+0000] {dag.py:2690} INFO - Sync 1 DAGs
[2023-05-25T04:46:55.213+0000] {logging_mixin.py:137} INFO - [2023-05-25T04:46:55.213+0000] {dag.py:3441} INFO - Setting next_dagrun for example_task_group to 2023-05-24T04:46:55.212994+00:00, run_after=2023-05-25T04:46:55.212994+00:00
[2023-05-25T04:46:55.241+0000] {processor.py:175} INFO - Processing /home/airflow/.local/lib/python3.7/site-packages/airflow/example_dags/example_task_group.py took 0.157 seconds
[2023-05-25T04:47:42.983+0000] {processor.py:153} INFO - Started process (PID=685) to work on /home/airflow/.local/lib/python3.7/site-packages/airflow/example_dags/example_task_group.py
[2023-05-25T04:47:43.014+0000] {processor.py:743} INFO - Processing file /home/airflow/.local/lib/python3.7/site-packages/airflow/example_dags/example_task_group.py for tasks to queue
[2023-05-25T04:47:43.043+0000] {logging_mixin.py:137} INFO - [2023-05-25T04:47:43.041+0000] {dagbag.py:538} INFO - Filling up the DagBag from /home/airflow/.local/lib/python3.7/site-packages/airflow/example_dags/example_task_group.py
[2023-05-25T04:47:43.457+0000] {processor.py:753} INFO - DAG(s) dict_keys(['example_task_group']) retrieved from /home/airflow/.local/lib/python3.7/site-packages/airflow/example_dags/example_task_group.py
[2023-05-25T04:47:43.616+0000] {logging_mixin.py:137} INFO - [2023-05-25T04:47:43.607+0000] {dag.py:2690} INFO - Sync 1 DAGs
[2023-05-25T04:47:43.708+0000] {logging_mixin.py:137} INFO - [2023-05-25T04:47:43.708+0000] {dag.py:3441} INFO - Setting next_dagrun for example_task_group to 2023-05-24T04:47:43.707861+00:00, run_after=2023-05-25T04:47:43.707861+00:00
[2023-05-25T04:47:43.818+0000] {processor.py:175} INFO - Processing /home/airflow/.local/lib/python3.7/site-packages/airflow/example_dags/example_task_group.py took 0.858 seconds
[2023-05-25T04:48:14.745+0000] {processor.py:153} INFO - Started process (PID=745) to work on /home/airflow/.local/lib/python3.7/site-packages/airflow/example_dags/example_task_group.py
[2023-05-25T04:48:14.752+0000] {processor.py:743} INFO - Processing file /home/airflow/.local/lib/python3.7/site-packages/airflow/example_dags/example_task_group.py for tasks to queue
[2023-05-25T04:48:14.758+0000] {logging_mixin.py:137} INFO - [2023-05-25T04:48:14.757+0000] {dagbag.py:538} INFO - Filling up the DagBag from /home/airflow/.local/lib/python3.7/site-packages/airflow/example_dags/example_task_group.py
[2023-05-25T04:48:14.864+0000] {processor.py:753} INFO - DAG(s) dict_keys(['example_task_group']) retrieved from /home/airflow/.local/lib/python3.7/site-packages/airflow/example_dags/example_task_group.py
[2023-05-25T04:48:14.901+0000] {logging_mixin.py:137} INFO - [2023-05-25T04:48:14.900+0000] {dag.py:2690} INFO - Sync 1 DAGs
[2023-05-25T04:48:14.942+0000] {logging_mixin.py:137} INFO - [2023-05-25T04:48:14.942+0000] {dag.py:3441} INFO - Setting next_dagrun for example_task_group to 2023-05-24T04:48:14.941990+00:00, run_after=2023-05-25T04:48:14.941990+00:00
[2023-05-25T04:48:14.984+0000] {processor.py:175} INFO - Processing /home/airflow/.local/lib/python3.7/site-packages/airflow/example_dags/example_task_group.py took 0.243 seconds
[2023-05-25T04:48:45.945+0000] {processor.py:153} INFO - Started process (PID=809) to work on /home/airflow/.local/lib/python3.7/site-packages/airflow/example_dags/example_task_group.py
[2023-05-25T04:48:45.970+0000] {processor.py:743} INFO - Processing file /home/airflow/.local/lib/python3.7/site-packages/airflow/example_dags/example_task_group.py for tasks to queue
[2023-05-25T04:48:45.980+0000] {logging_mixin.py:137} INFO - [2023-05-25T04:48:45.979+0000] {dagbag.py:538} INFO - Filling up the DagBag from /home/airflow/.local/lib/python3.7/site-packages/airflow/example_dags/example_task_group.py
[2023-05-25T04:48:46.159+0000] {processor.py:753} INFO - DAG(s) dict_keys(['example_task_group']) retrieved from /home/airflow/.local/lib/python3.7/site-packages/airflow/example_dags/example_task_group.py
[2023-05-25T04:48:46.311+0000] {logging_mixin.py:137} INFO - [2023-05-25T04:48:46.311+0000] {dag.py:2690} INFO - Sync 1 DAGs
[2023-05-25T04:48:46.454+0000] {logging_mixin.py:137} INFO - [2023-05-25T04:48:46.453+0000] {dag.py:3441} INFO - Setting next_dagrun for example_task_group to 2023-05-24T04:48:46.453432+00:00, run_after=2023-05-25T04:48:46.453432+00:00
[2023-05-25T04:48:46.580+0000] {processor.py:175} INFO - Processing /home/airflow/.local/lib/python3.7/site-packages/airflow/example_dags/example_task_group.py took 0.686 seconds
[2023-05-25T04:49:16.674+0000] {processor.py:153} INFO - Started process (PID=869) to work on /home/airflow/.local/lib/python3.7/site-packages/airflow/example_dags/example_task_group.py
[2023-05-25T04:49:16.677+0000] {processor.py:743} INFO - Processing file /home/airflow/.local/lib/python3.7/site-packages/airflow/example_dags/example_task_group.py for tasks to queue
[2023-05-25T04:49:16.680+0000] {logging_mixin.py:137} INFO - [2023-05-25T04:49:16.680+0000] {dagbag.py:538} INFO - Filling up the DagBag from /home/airflow/.local/lib/python3.7/site-packages/airflow/example_dags/example_task_group.py
[2023-05-25T04:49:16.707+0000] {processor.py:753} INFO - DAG(s) dict_keys(['example_task_group']) retrieved from /home/airflow/.local/lib/python3.7/site-packages/airflow/example_dags/example_task_group.py
[2023-05-25T04:49:16.749+0000] {logging_mixin.py:137} INFO - [2023-05-25T04:49:16.749+0000] {dag.py:2690} INFO - Sync 1 DAGs
[2023-05-25T04:49:16.829+0000] {logging_mixin.py:137} INFO - [2023-05-25T04:49:16.829+0000] {dag.py:3441} INFO - Setting next_dagrun for example_task_group to 2023-05-24T04:49:16.828633+00:00, run_after=2023-05-25T04:49:16.828633+00:00
[2023-05-25T04:49:16.884+0000] {processor.py:175} INFO - Processing /home/airflow/.local/lib/python3.7/site-packages/airflow/example_dags/example_task_group.py took 0.215 seconds
[2023-05-25T04:49:47.717+0000] {processor.py:153} INFO - Started process (PID=940) to work on /home/airflow/.local/lib/python3.7/site-packages/airflow/example_dags/example_task_group.py
[2023-05-25T04:49:47.732+0000] {processor.py:743} INFO - Processing file /home/airflow/.local/lib/python3.7/site-packages/airflow/example_dags/example_task_group.py for tasks to queue
[2023-05-25T04:49:47.737+0000] {logging_mixin.py:137} INFO - [2023-05-25T04:49:47.737+0000] {dagbag.py:538} INFO - Filling up the DagBag from /home/airflow/.local/lib/python3.7/site-packages/airflow/example_dags/example_task_group.py
[2023-05-25T04:49:47.826+0000] {processor.py:753} INFO - DAG(s) dict_keys(['example_task_group']) retrieved from /home/airflow/.local/lib/python3.7/site-packages/airflow/example_dags/example_task_group.py
[2023-05-25T04:49:47.909+0000] {logging_mixin.py:137} INFO - [2023-05-25T04:49:47.909+0000] {dag.py:2690} INFO - Sync 1 DAGs
[2023-05-25T04:49:47.973+0000] {logging_mixin.py:137} INFO - [2023-05-25T04:49:47.973+0000] {dag.py:3441} INFO - Setting next_dagrun for example_task_group to 2023-05-24T04:49:47.973314+00:00, run_after=2023-05-25T04:49:47.973314+00:00
[2023-05-25T04:49:48.020+0000] {processor.py:175} INFO - Processing /home/airflow/.local/lib/python3.7/site-packages/airflow/example_dags/example_task_group.py took 0.331 seconds
[2023-05-25T04:50:18.634+0000] {processor.py:153} INFO - Started process (PID=1000) to work on /home/airflow/.local/lib/python3.7/site-packages/airflow/example_dags/example_task_group.py
[2023-05-25T04:50:18.644+0000] {processor.py:743} INFO - Processing file /home/airflow/.local/lib/python3.7/site-packages/airflow/example_dags/example_task_group.py for tasks to queue
[2023-05-25T04:50:18.649+0000] {logging_mixin.py:137} INFO - [2023-05-25T04:50:18.648+0000] {dagbag.py:538} INFO - Filling up the DagBag from /home/airflow/.local/lib/python3.7/site-packages/airflow/example_dags/example_task_group.py
[2023-05-25T04:50:18.753+0000] {processor.py:753} INFO - DAG(s) dict_keys(['example_task_group']) retrieved from /home/airflow/.local/lib/python3.7/site-packages/airflow/example_dags/example_task_group.py
[2023-05-25T04:50:18.864+0000] {logging_mixin.py:137} INFO - [2023-05-25T04:50:18.864+0000] {dag.py:2690} INFO - Sync 1 DAGs
[2023-05-25T04:50:18.976+0000] {logging_mixin.py:137} INFO - [2023-05-25T04:50:18.976+0000] {dag.py:3441} INFO - Setting next_dagrun for example_task_group to 2023-05-24T04:50:18.975844+00:00, run_after=2023-05-25T04:50:18.975844+00:00
[2023-05-25T04:50:19.032+0000] {processor.py:175} INFO - Processing /home/airflow/.local/lib/python3.7/site-packages/airflow/example_dags/example_task_group.py took 0.413 seconds
[2023-05-25T04:50:50.319+0000] {processor.py:153} INFO - Started process (PID=1052) to work on /home/airflow/.local/lib/python3.7/site-packages/airflow/example_dags/example_task_group.py
[2023-05-25T04:50:50.323+0000] {processor.py:743} INFO - Processing file /home/airflow/.local/lib/python3.7/site-packages/airflow/example_dags/example_task_group.py for tasks to queue
[2023-05-25T04:50:50.326+0000] {logging_mixin.py:137} INFO - [2023-05-25T04:50:50.325+0000] {dagbag.py:538} INFO - Filling up the DagBag from /home/airflow/.local/lib/python3.7/site-packages/airflow/example_dags/example_task_group.py
[2023-05-25T04:50:50.387+0000] {processor.py:753} INFO - DAG(s) dict_keys(['example_task_group']) retrieved from /home/airflow/.local/lib/python3.7/site-packages/airflow/example_dags/example_task_group.py
[2023-05-25T04:50:50.477+0000] {logging_mixin.py:137} INFO - [2023-05-25T04:50:50.477+0000] {dag.py:2690} INFO - Sync 1 DAGs
[2023-05-25T04:50:50.638+0000] {logging_mixin.py:137} INFO - [2023-05-25T04:50:50.638+0000] {dag.py:3441} INFO - Setting next_dagrun for example_task_group to 2023-05-24T04:50:50.635420+00:00, run_after=2023-05-25T04:50:50.635420+00:00
[2023-05-25T04:50:50.819+0000] {processor.py:175} INFO - Processing /home/airflow/.local/lib/python3.7/site-packages/airflow/example_dags/example_task_group.py took 0.514 seconds
[2023-05-25T04:51:21.627+0000] {processor.py:153} INFO - Started process (PID=1112) to work on /home/airflow/.local/lib/python3.7/site-packages/airflow/example_dags/example_task_group.py
[2023-05-25T04:51:21.639+0000] {processor.py:743} INFO - Processing file /home/airflow/.local/lib/python3.7/site-packages/airflow/example_dags/example_task_group.py for tasks to queue
[2023-05-25T04:51:21.642+0000] {logging_mixin.py:137} INFO - [2023-05-25T04:51:21.642+0000] {dagbag.py:538} INFO - Filling up the DagBag from /home/airflow/.local/lib/python3.7/site-packages/airflow/example_dags/example_task_group.py
[2023-05-25T04:51:21.713+0000] {processor.py:753} INFO - DAG(s) dict_keys(['example_task_group']) retrieved from /home/airflow/.local/lib/python3.7/site-packages/airflow/example_dags/example_task_group.py
[2023-05-25T04:51:21.870+0000] {logging_mixin.py:137} INFO - [2023-05-25T04:51:21.869+0000] {dag.py:2690} INFO - Sync 1 DAGs
[2023-05-25T04:51:21.983+0000] {logging_mixin.py:137} INFO - [2023-05-25T04:51:21.983+0000] {dag.py:3441} INFO - Setting next_dagrun for example_task_group to 2023-05-24T04:51:21.983143+00:00, run_after=2023-05-25T04:51:21.983143+00:00
[2023-05-25T04:51:22.056+0000] {processor.py:175} INFO - Processing /home/airflow/.local/lib/python3.7/site-packages/airflow/example_dags/example_task_group.py took 0.449 seconds
[2023-05-25T04:51:57.539+0000] {processor.py:153} INFO - Started process (PID=1171) to work on /home/airflow/.local/lib/python3.7/site-packages/airflow/example_dags/example_task_group.py
[2023-05-25T04:51:57.545+0000] {processor.py:743} INFO - Processing file /home/airflow/.local/lib/python3.7/site-packages/airflow/example_dags/example_task_group.py for tasks to queue
[2023-05-25T04:51:57.547+0000] {logging_mixin.py:137} INFO - [2023-05-25T04:51:57.547+0000] {dagbag.py:538} INFO - Filling up the DagBag from /home/airflow/.local/lib/python3.7/site-packages/airflow/example_dags/example_task_group.py
[2023-05-25T04:51:57.658+0000] {processor.py:753} INFO - DAG(s) dict_keys(['example_task_group']) retrieved from /home/airflow/.local/lib/python3.7/site-packages/airflow/example_dags/example_task_group.py
[2023-05-25T04:51:57.837+0000] {logging_mixin.py:137} INFO - [2023-05-25T04:51:57.837+0000] {dag.py:2690} INFO - Sync 1 DAGs
[2023-05-25T04:51:58.097+0000] {logging_mixin.py:137} INFO - [2023-05-25T04:51:58.096+0000] {dag.py:3441} INFO - Setting next_dagrun for example_task_group to 2023-05-24T04:51:58.096409+00:00, run_after=2023-05-25T04:51:58.096409+00:00
[2023-05-25T04:51:58.326+0000] {processor.py:175} INFO - Processing /home/airflow/.local/lib/python3.7/site-packages/airflow/example_dags/example_task_group.py took 0.811 seconds
[2023-05-25T04:52:28.835+0000] {processor.py:153} INFO - Started process (PID=1228) to work on /home/airflow/.local/lib/python3.7/site-packages/airflow/example_dags/example_task_group.py
[2023-05-25T04:52:28.845+0000] {processor.py:743} INFO - Processing file /home/airflow/.local/lib/python3.7/site-packages/airflow/example_dags/example_task_group.py for tasks to queue
[2023-05-25T04:52:28.851+0000] {logging_mixin.py:137} INFO - [2023-05-25T04:52:28.851+0000] {dagbag.py:538} INFO - Filling up the DagBag from /home/airflow/.local/lib/python3.7/site-packages/airflow/example_dags/example_task_group.py
[2023-05-25T04:52:29.145+0000] {processor.py:753} INFO - DAG(s) dict_keys(['example_task_group']) retrieved from /home/airflow/.local/lib/python3.7/site-packages/airflow/example_dags/example_task_group.py
[2023-05-25T04:52:29.341+0000] {logging_mixin.py:137} INFO - [2023-05-25T04:52:29.340+0000] {dag.py:2690} INFO - Sync 1 DAGs
[2023-05-25T04:52:29.414+0000] {logging_mixin.py:137} INFO - [2023-05-25T04:52:29.414+0000] {dag.py:3441} INFO - Setting next_dagrun for example_task_group to 2023-05-24T04:52:29.414067+00:00, run_after=2023-05-25T04:52:29.414067+00:00
[2023-05-25T04:52:29.533+0000] {processor.py:175} INFO - Processing /home/airflow/.local/lib/python3.7/site-packages/airflow/example_dags/example_task_group.py took 0.751 seconds
[2023-05-25T04:52:59.925+0000] {processor.py:153} INFO - Started process (PID=1281) to work on /home/airflow/.local/lib/python3.7/site-packages/airflow/example_dags/example_task_group.py
[2023-05-25T04:52:59.929+0000] {processor.py:743} INFO - Processing file /home/airflow/.local/lib/python3.7/site-packages/airflow/example_dags/example_task_group.py for tasks to queue
[2023-05-25T04:52:59.934+0000] {logging_mixin.py:137} INFO - [2023-05-25T04:52:59.933+0000] {dagbag.py:538} INFO - Filling up the DagBag from /home/airflow/.local/lib/python3.7/site-packages/airflow/example_dags/example_task_group.py
[2023-05-25T04:52:59.997+0000] {processor.py:753} INFO - DAG(s) dict_keys(['example_task_group']) retrieved from /home/airflow/.local/lib/python3.7/site-packages/airflow/example_dags/example_task_group.py
[2023-05-25T04:53:00.085+0000] {logging_mixin.py:137} INFO - [2023-05-25T04:53:00.084+0000] {dag.py:2690} INFO - Sync 1 DAGs
[2023-05-25T04:53:00.157+0000] {logging_mixin.py:137} INFO - [2023-05-25T04:53:00.157+0000] {dag.py:3441} INFO - Setting next_dagrun for example_task_group to 2023-05-24T04:53:00.157044+00:00, run_after=2023-05-25T04:53:00.157044+00:00
[2023-05-25T04:53:00.221+0000] {processor.py:175} INFO - Processing /home/airflow/.local/lib/python3.7/site-packages/airflow/example_dags/example_task_group.py took 0.316 seconds
[2023-05-25T04:53:30.903+0000] {processor.py:153} INFO - Started process (PID=1351) to work on /home/airflow/.local/lib/python3.7/site-packages/airflow/example_dags/example_task_group.py
[2023-05-25T04:53:30.910+0000] {processor.py:743} INFO - Processing file /home/airflow/.local/lib/python3.7/site-packages/airflow/example_dags/example_task_group.py for tasks to queue
[2023-05-25T04:53:30.917+0000] {logging_mixin.py:137} INFO - [2023-05-25T04:53:30.916+0000] {dagbag.py:538} INFO - Filling up the DagBag from /home/airflow/.local/lib/python3.7/site-packages/airflow/example_dags/example_task_group.py
[2023-05-25T04:53:31.009+0000] {processor.py:753} INFO - DAG(s) dict_keys(['example_task_group']) retrieved from /home/airflow/.local/lib/python3.7/site-packages/airflow/example_dags/example_task_group.py
[2023-05-25T04:53:31.126+0000] {logging_mixin.py:137} INFO - [2023-05-25T04:53:31.126+0000] {dag.py:2690} INFO - Sync 1 DAGs
[2023-05-25T04:53:31.263+0000] {logging_mixin.py:137} INFO - [2023-05-25T04:53:31.262+0000] {dag.py:3441} INFO - Setting next_dagrun for example_task_group to 2023-05-24T04:53:31.261200+00:00, run_after=2023-05-25T04:53:31.261200+00:00
[2023-05-25T04:53:31.330+0000] {processor.py:175} INFO - Processing /home/airflow/.local/lib/python3.7/site-packages/airflow/example_dags/example_task_group.py took 0.445 seconds
[2023-05-25T04:54:01.774+0000] {processor.py:153} INFO - Started process (PID=1410) to work on /home/airflow/.local/lib/python3.7/site-packages/airflow/example_dags/example_task_group.py
[2023-05-25T04:54:01.778+0000] {processor.py:743} INFO - Processing file /home/airflow/.local/lib/python3.7/site-packages/airflow/example_dags/example_task_group.py for tasks to queue
[2023-05-25T04:54:01.781+0000] {logging_mixin.py:137} INFO - [2023-05-25T04:54:01.781+0000] {dagbag.py:538} INFO - Filling up the DagBag from /home/airflow/.local/lib/python3.7/site-packages/airflow/example_dags/example_task_group.py
[2023-05-25T04:54:01.816+0000] {processor.py:753} INFO - DAG(s) dict_keys(['example_task_group']) retrieved from /home/airflow/.local/lib/python3.7/site-packages/airflow/example_dags/example_task_group.py
[2023-05-25T04:54:01.864+0000] {logging_mixin.py:137} INFO - [2023-05-25T04:54:01.863+0000] {dag.py:2690} INFO - Sync 1 DAGs
[2023-05-25T04:54:01.905+0000] {logging_mixin.py:137} INFO - [2023-05-25T04:54:01.905+0000] {dag.py:3441} INFO - Setting next_dagrun for example_task_group to 2023-05-24T04:54:01.905048+00:00, run_after=2023-05-25T04:54:01.905048+00:00
[2023-05-25T04:54:01.939+0000] {processor.py:175} INFO - Processing /home/airflow/.local/lib/python3.7/site-packages/airflow/example_dags/example_task_group.py took 0.174 seconds
[2023-05-25T04:54:33.039+0000] {processor.py:153} INFO - Started process (PID=1470) to work on /home/airflow/.local/lib/python3.7/site-packages/airflow/example_dags/example_task_group.py
[2023-05-25T04:54:33.047+0000] {processor.py:743} INFO - Processing file /home/airflow/.local/lib/python3.7/site-packages/airflow/example_dags/example_task_group.py for tasks to queue
[2023-05-25T04:54:33.055+0000] {logging_mixin.py:137} INFO - [2023-05-25T04:54:33.051+0000] {dagbag.py:538} INFO - Filling up the DagBag from /home/airflow/.local/lib/python3.7/site-packages/airflow/example_dags/example_task_group.py
[2023-05-25T04:54:33.211+0000] {processor.py:753} INFO - DAG(s) dict_keys(['example_task_group']) retrieved from /home/airflow/.local/lib/python3.7/site-packages/airflow/example_dags/example_task_group.py
[2023-05-25T04:54:33.303+0000] {logging_mixin.py:137} INFO - [2023-05-25T04:54:33.303+0000] {dag.py:2690} INFO - Sync 1 DAGs
[2023-05-25T04:54:33.648+0000] {logging_mixin.py:137} INFO - [2023-05-25T04:54:33.648+0000] {dag.py:3441} INFO - Setting next_dagrun for example_task_group to 2023-05-24T04:54:33.647633+00:00, run_after=2023-05-25T04:54:33.647633+00:00
[2023-05-25T04:54:33.831+0000] {processor.py:175} INFO - Processing /home/airflow/.local/lib/python3.7/site-packages/airflow/example_dags/example_task_group.py took 0.831 seconds
[2023-05-25T04:55:04.667+0000] {processor.py:153} INFO - Started process (PID=1521) to work on /home/airflow/.local/lib/python3.7/site-packages/airflow/example_dags/example_task_group.py
[2023-05-25T04:55:04.671+0000] {processor.py:743} INFO - Processing file /home/airflow/.local/lib/python3.7/site-packages/airflow/example_dags/example_task_group.py for tasks to queue
[2023-05-25T04:55:04.680+0000] {logging_mixin.py:137} INFO - [2023-05-25T04:55:04.677+0000] {dagbag.py:538} INFO - Filling up the DagBag from /home/airflow/.local/lib/python3.7/site-packages/airflow/example_dags/example_task_group.py
[2023-05-25T04:55:04.739+0000] {processor.py:753} INFO - DAG(s) dict_keys(['example_task_group']) retrieved from /home/airflow/.local/lib/python3.7/site-packages/airflow/example_dags/example_task_group.py
[2023-05-25T04:55:04.804+0000] {logging_mixin.py:137} INFO - [2023-05-25T04:55:04.804+0000] {dag.py:2690} INFO - Sync 1 DAGs
[2023-05-25T04:55:04.931+0000] {logging_mixin.py:137} INFO - [2023-05-25T04:55:04.930+0000] {dag.py:3441} INFO - Setting next_dagrun for example_task_group to 2023-05-24T04:55:04.930286+00:00, run_after=2023-05-25T04:55:04.930286+00:00
[2023-05-25T04:55:04.992+0000] {processor.py:175} INFO - Processing /home/airflow/.local/lib/python3.7/site-packages/airflow/example_dags/example_task_group.py took 0.337 seconds
[2023-05-25T04:55:35.076+0000] {processor.py:153} INFO - Started process (PID=1582) to work on /home/airflow/.local/lib/python3.7/site-packages/airflow/example_dags/example_task_group.py
[2023-05-25T04:55:35.079+0000] {processor.py:743} INFO - Processing file /home/airflow/.local/lib/python3.7/site-packages/airflow/example_dags/example_task_group.py for tasks to queue
[2023-05-25T04:55:35.082+0000] {logging_mixin.py:137} INFO - [2023-05-25T04:55:35.082+0000] {dagbag.py:538} INFO - Filling up the DagBag from /home/airflow/.local/lib/python3.7/site-packages/airflow/example_dags/example_task_group.py
[2023-05-25T04:55:35.184+0000] {processor.py:753} INFO - DAG(s) dict_keys(['example_task_group']) retrieved from /home/airflow/.local/lib/python3.7/site-packages/airflow/example_dags/example_task_group.py
[2023-05-25T04:55:35.247+0000] {logging_mixin.py:137} INFO - [2023-05-25T04:55:35.246+0000] {dag.py:2690} INFO - Sync 1 DAGs
[2023-05-25T04:55:35.377+0000] {logging_mixin.py:137} INFO - [2023-05-25T04:55:35.377+0000] {dag.py:3441} INFO - Setting next_dagrun for example_task_group to 2023-05-24T04:55:35.377404+00:00, run_after=2023-05-25T04:55:35.377404+00:00
[2023-05-25T04:55:35.434+0000] {processor.py:175} INFO - Processing /home/airflow/.local/lib/python3.7/site-packages/airflow/example_dags/example_task_group.py took 0.366 seconds
[2023-05-25T04:56:06.222+0000] {processor.py:153} INFO - Started process (PID=1642) to work on /home/airflow/.local/lib/python3.7/site-packages/airflow/example_dags/example_task_group.py
[2023-05-25T04:56:06.227+0000] {processor.py:743} INFO - Processing file /home/airflow/.local/lib/python3.7/site-packages/airflow/example_dags/example_task_group.py for tasks to queue
[2023-05-25T04:56:06.229+0000] {logging_mixin.py:137} INFO - [2023-05-25T04:56:06.229+0000] {dagbag.py:538} INFO - Filling up the DagBag from /home/airflow/.local/lib/python3.7/site-packages/airflow/example_dags/example_task_group.py
[2023-05-25T04:56:06.255+0000] {processor.py:753} INFO - DAG(s) dict_keys(['example_task_group']) retrieved from /home/airflow/.local/lib/python3.7/site-packages/airflow/example_dags/example_task_group.py
[2023-05-25T04:56:06.296+0000] {logging_mixin.py:137} INFO - [2023-05-25T04:56:06.296+0000] {dag.py:2690} INFO - Sync 1 DAGs
[2023-05-25T04:56:06.334+0000] {logging_mixin.py:137} INFO - [2023-05-25T04:56:06.334+0000] {dag.py:3441} INFO - Setting next_dagrun for example_task_group to 2023-05-24T04:56:06.333748+00:00, run_after=2023-05-25T04:56:06.333748+00:00
[2023-05-25T04:56:06.369+0000] {processor.py:175} INFO - Processing /home/airflow/.local/lib/python3.7/site-packages/airflow/example_dags/example_task_group.py took 0.154 seconds
[2023-05-25T04:56:36.509+0000] {processor.py:153} INFO - Started process (PID=1701) to work on /home/airflow/.local/lib/python3.7/site-packages/airflow/example_dags/example_task_group.py
[2023-05-25T04:56:36.514+0000] {processor.py:743} INFO - Processing file /home/airflow/.local/lib/python3.7/site-packages/airflow/example_dags/example_task_group.py for tasks to queue
[2023-05-25T04:56:36.517+0000] {logging_mixin.py:137} INFO - [2023-05-25T04:56:36.517+0000] {dagbag.py:538} INFO - Filling up the DagBag from /home/airflow/.local/lib/python3.7/site-packages/airflow/example_dags/example_task_group.py
[2023-05-25T04:56:36.548+0000] {processor.py:753} INFO - DAG(s) dict_keys(['example_task_group']) retrieved from /home/airflow/.local/lib/python3.7/site-packages/airflow/example_dags/example_task_group.py
[2023-05-25T04:56:36.585+0000] {logging_mixin.py:137} INFO - [2023-05-25T04:56:36.585+0000] {dag.py:2690} INFO - Sync 1 DAGs
[2023-05-25T04:56:36.620+0000] {logging_mixin.py:137} INFO - [2023-05-25T04:56:36.620+0000] {dag.py:3441} INFO - Setting next_dagrun for example_task_group to 2023-05-24T04:56:36.620030+00:00, run_after=2023-05-25T04:56:36.620030+00:00
[2023-05-25T04:56:36.665+0000] {processor.py:175} INFO - Processing /home/airflow/.local/lib/python3.7/site-packages/airflow/example_dags/example_task_group.py took 0.161 seconds
[2023-05-25T04:57:10.327+0000] {processor.py:153} INFO - Started process (PID=1771) to work on /home/airflow/.local/lib/python3.7/site-packages/airflow/example_dags/example_task_group.py
[2023-05-25T04:57:10.337+0000] {processor.py:743} INFO - Processing file /home/airflow/.local/lib/python3.7/site-packages/airflow/example_dags/example_task_group.py for tasks to queue
[2023-05-25T04:57:10.343+0000] {logging_mixin.py:137} INFO - [2023-05-25T04:57:10.343+0000] {dagbag.py:538} INFO - Filling up the DagBag from /home/airflow/.local/lib/python3.7/site-packages/airflow/example_dags/example_task_group.py
[2023-05-25T04:57:10.415+0000] {processor.py:753} INFO - DAG(s) dict_keys(['example_task_group']) retrieved from /home/airflow/.local/lib/python3.7/site-packages/airflow/example_dags/example_task_group.py
[2023-05-25T04:57:10.510+0000] {logging_mixin.py:137} INFO - [2023-05-25T04:57:10.510+0000] {dag.py:2690} INFO - Sync 1 DAGs
[2023-05-25T04:57:10.592+0000] {logging_mixin.py:137} INFO - [2023-05-25T04:57:10.591+0000] {dag.py:3441} INFO - Setting next_dagrun for example_task_group to 2023-05-24T04:57:10.591149+00:00, run_after=2023-05-25T04:57:10.591149+00:00
[2023-05-25T04:57:10.645+0000] {processor.py:175} INFO - Processing /home/airflow/.local/lib/python3.7/site-packages/airflow/example_dags/example_task_group.py took 0.322 seconds
[2023-05-25T04:57:42.130+0000] {processor.py:153} INFO - Started process (PID=1831) to work on /home/airflow/.local/lib/python3.7/site-packages/airflow/example_dags/example_task_group.py
[2023-05-25T04:57:42.138+0000] {processor.py:743} INFO - Processing file /home/airflow/.local/lib/python3.7/site-packages/airflow/example_dags/example_task_group.py for tasks to queue
[2023-05-25T04:57:42.142+0000] {logging_mixin.py:137} INFO - [2023-05-25T04:57:42.142+0000] {dagbag.py:538} INFO - Filling up the DagBag from /home/airflow/.local/lib/python3.7/site-packages/airflow/example_dags/example_task_group.py
[2023-05-25T04:57:42.248+0000] {processor.py:753} INFO - DAG(s) dict_keys(['example_task_group']) retrieved from /home/airflow/.local/lib/python3.7/site-packages/airflow/example_dags/example_task_group.py
[2023-05-25T04:57:42.417+0000] {logging_mixin.py:137} INFO - [2023-05-25T04:57:42.417+0000] {dag.py:2690} INFO - Sync 1 DAGs
[2023-05-25T04:57:42.589+0000] {logging_mixin.py:137} INFO - [2023-05-25T04:57:42.589+0000] {dag.py:3441} INFO - Setting next_dagrun for example_task_group to 2023-05-24T04:57:42.589259+00:00, run_after=2023-05-25T04:57:42.589259+00:00
[2023-05-25T04:57:42.720+0000] {processor.py:175} INFO - Processing /home/airflow/.local/lib/python3.7/site-packages/airflow/example_dags/example_task_group.py took 0.599 seconds
[2023-05-25T04:58:13.449+0000] {processor.py:153} INFO - Started process (PID=1887) to work on /home/airflow/.local/lib/python3.7/site-packages/airflow/example_dags/example_task_group.py
[2023-05-25T04:58:13.456+0000] {processor.py:743} INFO - Processing file /home/airflow/.local/lib/python3.7/site-packages/airflow/example_dags/example_task_group.py for tasks to queue
[2023-05-25T04:58:13.463+0000] {logging_mixin.py:137} INFO - [2023-05-25T04:58:13.461+0000] {dagbag.py:538} INFO - Filling up the DagBag from /home/airflow/.local/lib/python3.7/site-packages/airflow/example_dags/example_task_group.py
[2023-05-25T04:58:13.553+0000] {processor.py:753} INFO - DAG(s) dict_keys(['example_task_group']) retrieved from /home/airflow/.local/lib/python3.7/site-packages/airflow/example_dags/example_task_group.py
[2023-05-25T04:58:13.691+0000] {logging_mixin.py:137} INFO - [2023-05-25T04:58:13.689+0000] {dag.py:2690} INFO - Sync 1 DAGs
[2023-05-25T04:58:13.818+0000] {logging_mixin.py:137} INFO - [2023-05-25T04:58:13.818+0000] {dag.py:3441} INFO - Setting next_dagrun for example_task_group to 2023-05-24T04:58:13.818068+00:00, run_after=2023-05-25T04:58:13.818068+00:00
[2023-05-25T04:58:13.893+0000] {processor.py:175} INFO - Processing /home/airflow/.local/lib/python3.7/site-packages/airflow/example_dags/example_task_group.py took 0.463 seconds
[2023-05-25T04:58:44.444+0000] {processor.py:153} INFO - Started process (PID=1950) to work on /home/airflow/.local/lib/python3.7/site-packages/airflow/example_dags/example_task_group.py
[2023-05-25T04:58:44.449+0000] {processor.py:743} INFO - Processing file /home/airflow/.local/lib/python3.7/site-packages/airflow/example_dags/example_task_group.py for tasks to queue
[2023-05-25T04:58:44.451+0000] {logging_mixin.py:137} INFO - [2023-05-25T04:58:44.451+0000] {dagbag.py:538} INFO - Filling up the DagBag from /home/airflow/.local/lib/python3.7/site-packages/airflow/example_dags/example_task_group.py
[2023-05-25T04:58:44.489+0000] {processor.py:753} INFO - DAG(s) dict_keys(['example_task_group']) retrieved from /home/airflow/.local/lib/python3.7/site-packages/airflow/example_dags/example_task_group.py
[2023-05-25T04:58:44.534+0000] {logging_mixin.py:137} INFO - [2023-05-25T04:58:44.534+0000] {dag.py:2690} INFO - Sync 1 DAGs
[2023-05-25T04:58:44.631+0000] {logging_mixin.py:137} INFO - [2023-05-25T04:58:44.631+0000] {dag.py:3441} INFO - Setting next_dagrun for example_task_group to 2023-05-24T04:58:44.630629+00:00, run_after=2023-05-25T04:58:44.630629+00:00
[2023-05-25T04:58:44.678+0000] {processor.py:175} INFO - Processing /home/airflow/.local/lib/python3.7/site-packages/airflow/example_dags/example_task_group.py took 0.244 seconds
[2023-05-25T04:59:14.897+0000] {processor.py:153} INFO - Started process (PID=2011) to work on /home/airflow/.local/lib/python3.7/site-packages/airflow/example_dags/example_task_group.py
[2023-05-25T04:59:14.902+0000] {processor.py:743} INFO - Processing file /home/airflow/.local/lib/python3.7/site-packages/airflow/example_dags/example_task_group.py for tasks to queue
[2023-05-25T04:59:14.905+0000] {logging_mixin.py:137} INFO - [2023-05-25T04:59:14.905+0000] {dagbag.py:538} INFO - Filling up the DagBag from /home/airflow/.local/lib/python3.7/site-packages/airflow/example_dags/example_task_group.py
[2023-05-25T04:59:14.933+0000] {processor.py:753} INFO - DAG(s) dict_keys(['example_task_group']) retrieved from /home/airflow/.local/lib/python3.7/site-packages/airflow/example_dags/example_task_group.py
[2023-05-25T04:59:14.985+0000] {logging_mixin.py:137} INFO - [2023-05-25T04:59:14.985+0000] {dag.py:2690} INFO - Sync 1 DAGs
[2023-05-25T04:59:15.036+0000] {logging_mixin.py:137} INFO - [2023-05-25T04:59:15.036+0000] {dag.py:3441} INFO - Setting next_dagrun for example_task_group to 2023-05-24T04:59:15.036100+00:00, run_after=2023-05-25T04:59:15.036100+00:00
[2023-05-25T04:59:15.085+0000] {processor.py:175} INFO - Processing /home/airflow/.local/lib/python3.7/site-packages/airflow/example_dags/example_task_group.py took 0.197 seconds
[2023-05-25T04:59:45.315+0000] {processor.py:153} INFO - Started process (PID=2070) to work on /home/airflow/.local/lib/python3.7/site-packages/airflow/example_dags/example_task_group.py
[2023-05-25T04:59:45.317+0000] {processor.py:743} INFO - Processing file /home/airflow/.local/lib/python3.7/site-packages/airflow/example_dags/example_task_group.py for tasks to queue
[2023-05-25T04:59:45.321+0000] {logging_mixin.py:137} INFO - [2023-05-25T04:59:45.320+0000] {dagbag.py:538} INFO - Filling up the DagBag from /home/airflow/.local/lib/python3.7/site-packages/airflow/example_dags/example_task_group.py
[2023-05-25T04:59:45.348+0000] {processor.py:753} INFO - DAG(s) dict_keys(['example_task_group']) retrieved from /home/airflow/.local/lib/python3.7/site-packages/airflow/example_dags/example_task_group.py
[2023-05-25T04:59:45.391+0000] {logging_mixin.py:137} INFO - [2023-05-25T04:59:45.391+0000] {dag.py:2690} INFO - Sync 1 DAGs
[2023-05-25T04:59:45.436+0000] {logging_mixin.py:137} INFO - [2023-05-25T04:59:45.436+0000] {dag.py:3441} INFO - Setting next_dagrun for example_task_group to 2023-05-24T04:59:45.435672+00:00, run_after=2023-05-25T04:59:45.435672+00:00
[2023-05-25T04:59:45.465+0000] {processor.py:175} INFO - Processing /home/airflow/.local/lib/python3.7/site-packages/airflow/example_dags/example_task_group.py took 0.162 seconds
[2023-05-25T05:00:15.672+0000] {processor.py:153} INFO - Started process (PID=2130) to work on /home/airflow/.local/lib/python3.7/site-packages/airflow/example_dags/example_task_group.py
[2023-05-25T05:00:15.686+0000] {processor.py:743} INFO - Processing file /home/airflow/.local/lib/python3.7/site-packages/airflow/example_dags/example_task_group.py for tasks to queue
[2023-05-25T05:00:15.692+0000] {logging_mixin.py:137} INFO - [2023-05-25T05:00:15.691+0000] {dagbag.py:538} INFO - Filling up the DagBag from /home/airflow/.local/lib/python3.7/site-packages/airflow/example_dags/example_task_group.py
[2023-05-25T05:00:15.774+0000] {processor.py:753} INFO - DAG(s) dict_keys(['example_task_group']) retrieved from /home/airflow/.local/lib/python3.7/site-packages/airflow/example_dags/example_task_group.py
[2023-05-25T05:00:15.850+0000] {logging_mixin.py:137} INFO - [2023-05-25T05:00:15.849+0000] {dag.py:2690} INFO - Sync 1 DAGs
[2023-05-25T05:00:15.919+0000] {logging_mixin.py:137} INFO - [2023-05-25T05:00:15.919+0000] {dag.py:3441} INFO - Setting next_dagrun for example_task_group to 2023-05-24T05:00:15.917524+00:00, run_after=2023-05-25T05:00:15.917524+00:00
[2023-05-25T05:00:15.988+0000] {processor.py:175} INFO - Processing /home/airflow/.local/lib/python3.7/site-packages/airflow/example_dags/example_task_group.py took 0.322 seconds
[2023-05-25T05:00:46.220+0000] {processor.py:153} INFO - Started process (PID=2189) to work on /home/airflow/.local/lib/python3.7/site-packages/airflow/example_dags/example_task_group.py
[2023-05-25T05:00:46.244+0000] {processor.py:743} INFO - Processing file /home/airflow/.local/lib/python3.7/site-packages/airflow/example_dags/example_task_group.py for tasks to queue
[2023-05-25T05:00:46.254+0000] {logging_mixin.py:137} INFO - [2023-05-25T05:00:46.254+0000] {dagbag.py:538} INFO - Filling up the DagBag from /home/airflow/.local/lib/python3.7/site-packages/airflow/example_dags/example_task_group.py
[2023-05-25T05:00:46.315+0000] {processor.py:753} INFO - DAG(s) dict_keys(['example_task_group']) retrieved from /home/airflow/.local/lib/python3.7/site-packages/airflow/example_dags/example_task_group.py
[2023-05-25T05:00:46.395+0000] {logging_mixin.py:137} INFO - [2023-05-25T05:00:46.395+0000] {dag.py:2690} INFO - Sync 1 DAGs
[2023-05-25T05:00:46.481+0000] {logging_mixin.py:137} INFO - [2023-05-25T05:00:46.480+0000] {dag.py:3441} INFO - Setting next_dagrun for example_task_group to 2023-05-24T05:00:46.479460+00:00, run_after=2023-05-25T05:00:46.479460+00:00
[2023-05-25T05:00:46.545+0000] {processor.py:175} INFO - Processing /home/airflow/.local/lib/python3.7/site-packages/airflow/example_dags/example_task_group.py took 0.352 seconds
[2023-05-25T05:01:17.270+0000] {processor.py:153} INFO - Started process (PID=2256) to work on /home/airflow/.local/lib/python3.7/site-packages/airflow/example_dags/example_task_group.py
[2023-05-25T05:01:17.280+0000] {processor.py:743} INFO - Processing file /home/airflow/.local/lib/python3.7/site-packages/airflow/example_dags/example_task_group.py for tasks to queue
[2023-05-25T05:01:17.284+0000] {logging_mixin.py:137} INFO - [2023-05-25T05:01:17.283+0000] {dagbag.py:538} INFO - Filling up the DagBag from /home/airflow/.local/lib/python3.7/site-packages/airflow/example_dags/example_task_group.py
[2023-05-25T05:01:17.367+0000] {processor.py:753} INFO - DAG(s) dict_keys(['example_task_group']) retrieved from /home/airflow/.local/lib/python3.7/site-packages/airflow/example_dags/example_task_group.py
[2023-05-25T05:01:17.473+0000] {logging_mixin.py:137} INFO - [2023-05-25T05:01:17.473+0000] {dag.py:2690} INFO - Sync 1 DAGs
[2023-05-25T05:01:17.646+0000] {logging_mixin.py:137} INFO - [2023-05-25T05:01:17.646+0000] {dag.py:3441} INFO - Setting next_dagrun for example_task_group to 2023-05-24T05:01:17.645697+00:00, run_after=2023-05-25T05:01:17.645697+00:00
[2023-05-25T05:01:17.792+0000] {processor.py:175} INFO - Processing /home/airflow/.local/lib/python3.7/site-packages/airflow/example_dags/example_task_group.py took 0.536 seconds
[2023-05-25T05:01:48.058+0000] {processor.py:153} INFO - Started process (PID=2318) to work on /home/airflow/.local/lib/python3.7/site-packages/airflow/example_dags/example_task_group.py
[2023-05-25T05:01:48.069+0000] {processor.py:743} INFO - Processing file /home/airflow/.local/lib/python3.7/site-packages/airflow/example_dags/example_task_group.py for tasks to queue
[2023-05-25T05:01:48.080+0000] {logging_mixin.py:137} INFO - [2023-05-25T05:01:48.080+0000] {dagbag.py:538} INFO - Filling up the DagBag from /home/airflow/.local/lib/python3.7/site-packages/airflow/example_dags/example_task_group.py
[2023-05-25T05:01:48.144+0000] {processor.py:753} INFO - DAG(s) dict_keys(['example_task_group']) retrieved from /home/airflow/.local/lib/python3.7/site-packages/airflow/example_dags/example_task_group.py
[2023-05-25T05:01:48.216+0000] {logging_mixin.py:137} INFO - [2023-05-25T05:01:48.216+0000] {dag.py:2690} INFO - Sync 1 DAGs
[2023-05-25T05:01:48.328+0000] {logging_mixin.py:137} INFO - [2023-05-25T05:01:48.328+0000] {dag.py:3441} INFO - Setting next_dagrun for example_task_group to 2023-05-24T05:01:48.327908+00:00, run_after=2023-05-25T05:01:48.327908+00:00
[2023-05-25T05:01:48.383+0000] {processor.py:175} INFO - Processing /home/airflow/.local/lib/python3.7/site-packages/airflow/example_dags/example_task_group.py took 0.329 seconds
[2023-05-25T05:02:18.540+0000] {processor.py:153} INFO - Started process (PID=2376) to work on /home/airflow/.local/lib/python3.7/site-packages/airflow/example_dags/example_task_group.py
[2023-05-25T05:02:18.545+0000] {processor.py:743} INFO - Processing file /home/airflow/.local/lib/python3.7/site-packages/airflow/example_dags/example_task_group.py for tasks to queue
[2023-05-25T05:02:18.548+0000] {logging_mixin.py:137} INFO - [2023-05-25T05:02:18.548+0000] {dagbag.py:538} INFO - Filling up the DagBag from /home/airflow/.local/lib/python3.7/site-packages/airflow/example_dags/example_task_group.py
[2023-05-25T05:02:18.613+0000] {processor.py:753} INFO - DAG(s) dict_keys(['example_task_group']) retrieved from /home/airflow/.local/lib/python3.7/site-packages/airflow/example_dags/example_task_group.py
[2023-05-25T05:02:18.665+0000] {logging_mixin.py:137} INFO - [2023-05-25T05:02:18.664+0000] {dag.py:2690} INFO - Sync 1 DAGs
[2023-05-25T05:02:18.751+0000] {logging_mixin.py:137} INFO - [2023-05-25T05:02:18.751+0000] {dag.py:3441} INFO - Setting next_dagrun for example_task_group to 2023-05-24T05:02:18.751113+00:00, run_after=2023-05-25T05:02:18.751113+00:00
[2023-05-25T05:02:18.806+0000] {processor.py:175} INFO - Processing /home/airflow/.local/lib/python3.7/site-packages/airflow/example_dags/example_task_group.py took 0.280 seconds
[2023-05-25T05:02:49.779+0000] {processor.py:153} INFO - Started process (PID=2436) to work on /home/airflow/.local/lib/python3.7/site-packages/airflow/example_dags/example_task_group.py
[2023-05-25T05:02:49.788+0000] {processor.py:743} INFO - Processing file /home/airflow/.local/lib/python3.7/site-packages/airflow/example_dags/example_task_group.py for tasks to queue
[2023-05-25T05:02:49.791+0000] {logging_mixin.py:137} INFO - [2023-05-25T05:02:49.791+0000] {dagbag.py:538} INFO - Filling up the DagBag from /home/airflow/.local/lib/python3.7/site-packages/airflow/example_dags/example_task_group.py
[2023-05-25T05:02:49.911+0000] {processor.py:753} INFO - DAG(s) dict_keys(['example_task_group']) retrieved from /home/airflow/.local/lib/python3.7/site-packages/airflow/example_dags/example_task_group.py
[2023-05-25T05:02:50.093+0000] {logging_mixin.py:137} INFO - [2023-05-25T05:02:50.093+0000] {dag.py:2690} INFO - Sync 1 DAGs
[2023-05-25T05:02:50.283+0000] {logging_mixin.py:137} INFO - [2023-05-25T05:02:50.283+0000] {dag.py:3441} INFO - Setting next_dagrun for example_task_group to 2023-05-24T05:02:50.282586+00:00, run_after=2023-05-25T05:02:50.282586+00:00
[2023-05-25T05:02:50.381+0000] {processor.py:175} INFO - Processing /home/airflow/.local/lib/python3.7/site-packages/airflow/example_dags/example_task_group.py took 0.618 seconds
[2023-05-25T05:03:20.860+0000] {processor.py:153} INFO - Started process (PID=2497) to work on /home/airflow/.local/lib/python3.7/site-packages/airflow/example_dags/example_task_group.py
[2023-05-25T05:03:20.863+0000] {processor.py:743} INFO - Processing file /home/airflow/.local/lib/python3.7/site-packages/airflow/example_dags/example_task_group.py for tasks to queue
[2023-05-25T05:03:20.876+0000] {logging_mixin.py:137} INFO - [2023-05-25T05:03:20.875+0000] {dagbag.py:538} INFO - Filling up the DagBag from /home/airflow/.local/lib/python3.7/site-packages/airflow/example_dags/example_task_group.py
[2023-05-25T05:03:20.926+0000] {processor.py:753} INFO - DAG(s) dict_keys(['example_task_group']) retrieved from /home/airflow/.local/lib/python3.7/site-packages/airflow/example_dags/example_task_group.py
[2023-05-25T05:03:21.007+0000] {logging_mixin.py:137} INFO - [2023-05-25T05:03:21.007+0000] {dag.py:2690} INFO - Sync 1 DAGs
[2023-05-25T05:03:21.096+0000] {logging_mixin.py:137} INFO - [2023-05-25T05:03:21.096+0000] {dag.py:3441} INFO - Setting next_dagrun for example_task_group to 2023-05-24T05:03:21.093481+00:00, run_after=2023-05-25T05:03:21.093481+00:00
[2023-05-25T05:03:21.182+0000] {processor.py:175} INFO - Processing /home/airflow/.local/lib/python3.7/site-packages/airflow/example_dags/example_task_group.py took 0.332 seconds
