[2023-05-25T04:35:26.127+0000] {processor.py:153} INFO - Started process (PID=72) to work on /home/airflow/.local/lib/python3.7/site-packages/airflow/example_dags/example_time_delta_sensor_async.py
[2023-05-25T04:35:26.241+0000] {processor.py:743} INFO - Processing file /home/airflow/.local/lib/python3.7/site-packages/airflow/example_dags/example_time_delta_sensor_async.py for tasks to queue
[2023-05-25T04:35:26.304+0000] {logging_mixin.py:137} INFO - [2023-05-25T04:35:26.303+0000] {dagbag.py:538} INFO - Filling up the DagBag from /home/airflow/.local/lib/python3.7/site-packages/airflow/example_dags/example_time_delta_sensor_async.py
[2023-05-25T04:35:29.380+0000] {processor.py:753} INFO - DAG(s) dict_keys(['example_time_delta_sensor_async']) retrieved from /home/airflow/.local/lib/python3.7/site-packages/airflow/example_dags/example_time_delta_sensor_async.py
[2023-05-25T04:35:31.231+0000] {logging_mixin.py:137} INFO - [2023-05-25T04:35:31.230+0000] {dag.py:2690} INFO - Sync 1 DAGs
[2023-05-25T04:35:32.408+0000] {logging_mixin.py:137} INFO - [2023-05-25T04:35:32.408+0000] {dag.py:3441} INFO - Setting next_dagrun for example_time_delta_sensor_async to None, run_after=None
[2023-05-25T04:35:33.634+0000] {processor.py:175} INFO - Processing /home/airflow/.local/lib/python3.7/site-packages/airflow/example_dags/example_time_delta_sensor_async.py took 7.623 seconds
[2023-05-25T04:36:13.032+0000] {processor.py:153} INFO - Started process (PID=131) to work on /home/airflow/.local/lib/python3.7/site-packages/airflow/example_dags/example_time_delta_sensor_async.py
[2023-05-25T04:36:13.039+0000] {processor.py:743} INFO - Processing file /home/airflow/.local/lib/python3.7/site-packages/airflow/example_dags/example_time_delta_sensor_async.py for tasks to queue
[2023-05-25T04:36:13.041+0000] {logging_mixin.py:137} INFO - [2023-05-25T04:36:13.041+0000] {dagbag.py:538} INFO - Filling up the DagBag from /home/airflow/.local/lib/python3.7/site-packages/airflow/example_dags/example_time_delta_sensor_async.py
[2023-05-25T04:36:13.084+0000] {processor.py:753} INFO - DAG(s) dict_keys(['example_time_delta_sensor_async']) retrieved from /home/airflow/.local/lib/python3.7/site-packages/airflow/example_dags/example_time_delta_sensor_async.py
[2023-05-25T04:36:13.224+0000] {logging_mixin.py:137} INFO - [2023-05-25T04:36:13.223+0000] {dag.py:2690} INFO - Sync 1 DAGs
[2023-05-25T04:36:13.338+0000] {logging_mixin.py:137} INFO - [2023-05-25T04:36:13.337+0000] {dag.py:3441} INFO - Setting next_dagrun for example_time_delta_sensor_async to None, run_after=None
[2023-05-25T04:36:13.424+0000] {processor.py:175} INFO - Processing /home/airflow/.local/lib/python3.7/site-packages/airflow/example_dags/example_time_delta_sensor_async.py took 0.415 seconds
[2023-05-25T04:36:51.671+0000] {processor.py:153} INFO - Started process (PID=189) to work on /home/airflow/.local/lib/python3.7/site-packages/airflow/example_dags/example_time_delta_sensor_async.py
[2023-05-25T04:36:51.688+0000] {processor.py:743} INFO - Processing file /home/airflow/.local/lib/python3.7/site-packages/airflow/example_dags/example_time_delta_sensor_async.py for tasks to queue
[2023-05-25T04:36:51.706+0000] {logging_mixin.py:137} INFO - [2023-05-25T04:36:51.705+0000] {dagbag.py:538} INFO - Filling up the DagBag from /home/airflow/.local/lib/python3.7/site-packages/airflow/example_dags/example_time_delta_sensor_async.py
[2023-05-25T04:36:52.100+0000] {processor.py:753} INFO - DAG(s) dict_keys(['example_time_delta_sensor_async']) retrieved from /home/airflow/.local/lib/python3.7/site-packages/airflow/example_dags/example_time_delta_sensor_async.py
[2023-05-25T04:36:52.387+0000] {logging_mixin.py:137} INFO - [2023-05-25T04:36:52.387+0000] {dag.py:2690} INFO - Sync 1 DAGs
[2023-05-25T04:36:53.413+0000] {logging_mixin.py:137} INFO - [2023-05-25T04:36:53.410+0000] {dag.py:3441} INFO - Setting next_dagrun for example_time_delta_sensor_async to None, run_after=None
[2023-05-25T04:36:54.456+0000] {processor.py:175} INFO - Processing /home/airflow/.local/lib/python3.7/site-packages/airflow/example_dags/example_time_delta_sensor_async.py took 2.824 seconds
[2023-05-25T04:38:08.867+0000] {processor.py:153} INFO - Started process (PID=246) to work on /home/airflow/.local/lib/python3.7/site-packages/airflow/example_dags/example_time_delta_sensor_async.py
[2023-05-25T04:38:08.892+0000] {processor.py:743} INFO - Processing file /home/airflow/.local/lib/python3.7/site-packages/airflow/example_dags/example_time_delta_sensor_async.py for tasks to queue
[2023-05-25T04:38:08.924+0000] {logging_mixin.py:137} INFO - [2023-05-25T04:38:08.916+0000] {dagbag.py:538} INFO - Filling up the DagBag from /home/airflow/.local/lib/python3.7/site-packages/airflow/example_dags/example_time_delta_sensor_async.py
[2023-05-25T04:38:09.569+0000] {processor.py:753} INFO - DAG(s) dict_keys(['example_time_delta_sensor_async']) retrieved from /home/airflow/.local/lib/python3.7/site-packages/airflow/example_dags/example_time_delta_sensor_async.py
[2023-05-25T04:38:10.509+0000] {logging_mixin.py:137} INFO - [2023-05-25T04:38:10.496+0000] {dag.py:2690} INFO - Sync 1 DAGs
[2023-05-25T04:38:11.463+0000] {logging_mixin.py:137} INFO - [2023-05-25T04:38:11.463+0000] {dag.py:3441} INFO - Setting next_dagrun for example_time_delta_sensor_async to None, run_after=None
[2023-05-25T04:38:12.340+0000] {processor.py:175} INFO - Processing /home/airflow/.local/lib/python3.7/site-packages/airflow/example_dags/example_time_delta_sensor_async.py took 3.515 seconds
[2023-05-25T04:38:53.474+0000] {processor.py:153} INFO - Started process (PID=306) to work on /home/airflow/.local/lib/python3.7/site-packages/airflow/example_dags/example_time_delta_sensor_async.py
[2023-05-25T04:38:53.481+0000] {processor.py:743} INFO - Processing file /home/airflow/.local/lib/python3.7/site-packages/airflow/example_dags/example_time_delta_sensor_async.py for tasks to queue
[2023-05-25T04:38:53.484+0000] {logging_mixin.py:137} INFO - [2023-05-25T04:38:53.484+0000] {dagbag.py:538} INFO - Filling up the DagBag from /home/airflow/.local/lib/python3.7/site-packages/airflow/example_dags/example_time_delta_sensor_async.py
[2023-05-25T04:38:53.548+0000] {processor.py:753} INFO - DAG(s) dict_keys(['example_time_delta_sensor_async']) retrieved from /home/airflow/.local/lib/python3.7/site-packages/airflow/example_dags/example_time_delta_sensor_async.py
[2023-05-25T04:38:53.666+0000] {logging_mixin.py:137} INFO - [2023-05-25T04:38:53.666+0000] {dag.py:2690} INFO - Sync 1 DAGs
[2023-05-25T04:38:53.813+0000] {logging_mixin.py:137} INFO - [2023-05-25T04:38:53.813+0000] {dag.py:3441} INFO - Setting next_dagrun for example_time_delta_sensor_async to None, run_after=None
[2023-05-25T04:38:53.967+0000] {processor.py:175} INFO - Processing /home/airflow/.local/lib/python3.7/site-packages/airflow/example_dags/example_time_delta_sensor_async.py took 0.512 seconds
[2023-05-25T04:39:26.428+0000] {processor.py:153} INFO - Started process (PID=357) to work on /home/airflow/.local/lib/python3.7/site-packages/airflow/example_dags/example_time_delta_sensor_async.py
[2023-05-25T04:39:26.491+0000] {processor.py:743} INFO - Processing file /home/airflow/.local/lib/python3.7/site-packages/airflow/example_dags/example_time_delta_sensor_async.py for tasks to queue
[2023-05-25T04:39:26.523+0000] {logging_mixin.py:137} INFO - [2023-05-25T04:39:26.523+0000] {dagbag.py:538} INFO - Filling up the DagBag from /home/airflow/.local/lib/python3.7/site-packages/airflow/example_dags/example_time_delta_sensor_async.py
[2023-05-25T04:39:26.915+0000] {processor.py:753} INFO - DAG(s) dict_keys(['example_time_delta_sensor_async']) retrieved from /home/airflow/.local/lib/python3.7/site-packages/airflow/example_dags/example_time_delta_sensor_async.py
[2023-05-25T04:39:27.395+0000] {logging_mixin.py:137} INFO - [2023-05-25T04:39:27.388+0000] {dag.py:2690} INFO - Sync 1 DAGs
[2023-05-25T04:39:28.174+0000] {logging_mixin.py:137} INFO - [2023-05-25T04:39:28.169+0000] {dag.py:3441} INFO - Setting next_dagrun for example_time_delta_sensor_async to None, run_after=None
[2023-05-25T04:39:28.690+0000] {processor.py:175} INFO - Processing /home/airflow/.local/lib/python3.7/site-packages/airflow/example_dags/example_time_delta_sensor_async.py took 2.364 seconds
[2023-05-25T04:42:06.302+0000] {processor.py:153} INFO - Started process (PID=57) to work on /home/airflow/.local/lib/python3.7/site-packages/airflow/example_dags/example_time_delta_sensor_async.py
[2023-05-25T04:42:06.306+0000] {processor.py:743} INFO - Processing file /home/airflow/.local/lib/python3.7/site-packages/airflow/example_dags/example_time_delta_sensor_async.py for tasks to queue
[2023-05-25T04:42:06.312+0000] {logging_mixin.py:137} INFO - [2023-05-25T04:42:06.310+0000] {dagbag.py:538} INFO - Filling up the DagBag from /home/airflow/.local/lib/python3.7/site-packages/airflow/example_dags/example_time_delta_sensor_async.py
[2023-05-25T04:42:06.389+0000] {processor.py:753} INFO - DAG(s) dict_keys(['example_time_delta_sensor_async']) retrieved from /home/airflow/.local/lib/python3.7/site-packages/airflow/example_dags/example_time_delta_sensor_async.py
[2023-05-25T04:42:06.493+0000] {logging_mixin.py:137} INFO - [2023-05-25T04:42:06.493+0000] {dag.py:2690} INFO - Sync 1 DAGs
[2023-05-25T04:42:06.597+0000] {logging_mixin.py:137} INFO - [2023-05-25T04:42:06.597+0000] {dag.py:3441} INFO - Setting next_dagrun for example_time_delta_sensor_async to None, run_after=None
[2023-05-25T04:42:06.669+0000] {processor.py:175} INFO - Processing /home/airflow/.local/lib/python3.7/site-packages/airflow/example_dags/example_time_delta_sensor_async.py took 0.383 seconds
[2023-05-25T04:42:38.443+0000] {processor.py:153} INFO - Started process (PID=116) to work on /home/airflow/.local/lib/python3.7/site-packages/airflow/example_dags/example_time_delta_sensor_async.py
[2023-05-25T04:42:38.449+0000] {processor.py:743} INFO - Processing file /home/airflow/.local/lib/python3.7/site-packages/airflow/example_dags/example_time_delta_sensor_async.py for tasks to queue
[2023-05-25T04:42:38.451+0000] {logging_mixin.py:137} INFO - [2023-05-25T04:42:38.451+0000] {dagbag.py:538} INFO - Filling up the DagBag from /home/airflow/.local/lib/python3.7/site-packages/airflow/example_dags/example_time_delta_sensor_async.py
[2023-05-25T04:42:38.499+0000] {processor.py:753} INFO - DAG(s) dict_keys(['example_time_delta_sensor_async']) retrieved from /home/airflow/.local/lib/python3.7/site-packages/airflow/example_dags/example_time_delta_sensor_async.py
[2023-05-25T04:42:38.548+0000] {logging_mixin.py:137} INFO - [2023-05-25T04:42:38.548+0000] {dag.py:2690} INFO - Sync 1 DAGs
[2023-05-25T04:42:38.598+0000] {logging_mixin.py:137} INFO - [2023-05-25T04:42:38.598+0000] {dag.py:3441} INFO - Setting next_dagrun for example_time_delta_sensor_async to None, run_after=None
[2023-05-25T04:42:38.634+0000] {processor.py:175} INFO - Processing /home/airflow/.local/lib/python3.7/site-packages/airflow/example_dags/example_time_delta_sensor_async.py took 0.201 seconds
[2023-05-25T04:43:09.881+0000] {processor.py:153} INFO - Started process (PID=172) to work on /home/airflow/.local/lib/python3.7/site-packages/airflow/example_dags/example_time_delta_sensor_async.py
[2023-05-25T04:43:09.892+0000] {processor.py:743} INFO - Processing file /home/airflow/.local/lib/python3.7/site-packages/airflow/example_dags/example_time_delta_sensor_async.py for tasks to queue
[2023-05-25T04:43:09.900+0000] {logging_mixin.py:137} INFO - [2023-05-25T04:43:09.897+0000] {dagbag.py:538} INFO - Filling up the DagBag from /home/airflow/.local/lib/python3.7/site-packages/airflow/example_dags/example_time_delta_sensor_async.py
[2023-05-25T04:43:09.982+0000] {processor.py:753} INFO - DAG(s) dict_keys(['example_time_delta_sensor_async']) retrieved from /home/airflow/.local/lib/python3.7/site-packages/airflow/example_dags/example_time_delta_sensor_async.py
[2023-05-25T04:43:10.087+0000] {logging_mixin.py:137} INFO - [2023-05-25T04:43:10.087+0000] {dag.py:2690} INFO - Sync 1 DAGs
[2023-05-25T04:43:10.257+0000] {logging_mixin.py:137} INFO - [2023-05-25T04:43:10.257+0000] {dag.py:3441} INFO - Setting next_dagrun for example_time_delta_sensor_async to None, run_after=None
[2023-05-25T04:43:10.286+0000] {processor.py:175} INFO - Processing /home/airflow/.local/lib/python3.7/site-packages/airflow/example_dags/example_time_delta_sensor_async.py took 0.682 seconds
[2023-05-25T04:43:41.713+0000] {processor.py:153} INFO - Started process (PID=234) to work on /home/airflow/.local/lib/python3.7/site-packages/airflow/example_dags/example_time_delta_sensor_async.py
[2023-05-25T04:43:41.723+0000] {processor.py:743} INFO - Processing file /home/airflow/.local/lib/python3.7/site-packages/airflow/example_dags/example_time_delta_sensor_async.py for tasks to queue
[2023-05-25T04:43:41.725+0000] {logging_mixin.py:137} INFO - [2023-05-25T04:43:41.725+0000] {dagbag.py:538} INFO - Filling up the DagBag from /home/airflow/.local/lib/python3.7/site-packages/airflow/example_dags/example_time_delta_sensor_async.py
[2023-05-25T04:43:41.761+0000] {processor.py:753} INFO - DAG(s) dict_keys(['example_time_delta_sensor_async']) retrieved from /home/airflow/.local/lib/python3.7/site-packages/airflow/example_dags/example_time_delta_sensor_async.py
[2023-05-25T04:43:41.810+0000] {logging_mixin.py:137} INFO - [2023-05-25T04:43:41.809+0000] {dag.py:2690} INFO - Sync 1 DAGs
[2023-05-25T04:43:41.875+0000] {logging_mixin.py:137} INFO - [2023-05-25T04:43:41.875+0000] {dag.py:3441} INFO - Setting next_dagrun for example_time_delta_sensor_async to None, run_after=None
[2023-05-25T04:43:41.912+0000] {processor.py:175} INFO - Processing /home/airflow/.local/lib/python3.7/site-packages/airflow/example_dags/example_time_delta_sensor_async.py took 0.205 seconds
[2023-05-25T04:44:12.525+0000] {processor.py:153} INFO - Started process (PID=295) to work on /home/airflow/.local/lib/python3.7/site-packages/airflow/example_dags/example_time_delta_sensor_async.py
[2023-05-25T04:44:12.528+0000] {processor.py:743} INFO - Processing file /home/airflow/.local/lib/python3.7/site-packages/airflow/example_dags/example_time_delta_sensor_async.py for tasks to queue
[2023-05-25T04:44:12.531+0000] {logging_mixin.py:137} INFO - [2023-05-25T04:44:12.531+0000] {dagbag.py:538} INFO - Filling up the DagBag from /home/airflow/.local/lib/python3.7/site-packages/airflow/example_dags/example_time_delta_sensor_async.py
[2023-05-25T04:44:12.570+0000] {processor.py:753} INFO - DAG(s) dict_keys(['example_time_delta_sensor_async']) retrieved from /home/airflow/.local/lib/python3.7/site-packages/airflow/example_dags/example_time_delta_sensor_async.py
[2023-05-25T04:44:12.636+0000] {logging_mixin.py:137} INFO - [2023-05-25T04:44:12.636+0000] {dag.py:2690} INFO - Sync 1 DAGs
[2023-05-25T04:44:12.704+0000] {logging_mixin.py:137} INFO - [2023-05-25T04:44:12.704+0000] {dag.py:3441} INFO - Setting next_dagrun for example_time_delta_sensor_async to None, run_after=None
[2023-05-25T04:44:12.755+0000] {processor.py:175} INFO - Processing /home/airflow/.local/lib/python3.7/site-packages/airflow/example_dags/example_time_delta_sensor_async.py took 0.248 seconds
[2023-05-25T04:44:43.045+0000] {processor.py:153} INFO - Started process (PID=356) to work on /home/airflow/.local/lib/python3.7/site-packages/airflow/example_dags/example_time_delta_sensor_async.py
[2023-05-25T04:44:43.050+0000] {processor.py:743} INFO - Processing file /home/airflow/.local/lib/python3.7/site-packages/airflow/example_dags/example_time_delta_sensor_async.py for tasks to queue
[2023-05-25T04:44:43.053+0000] {logging_mixin.py:137} INFO - [2023-05-25T04:44:43.052+0000] {dagbag.py:538} INFO - Filling up the DagBag from /home/airflow/.local/lib/python3.7/site-packages/airflow/example_dags/example_time_delta_sensor_async.py
[2023-05-25T04:44:43.145+0000] {processor.py:753} INFO - DAG(s) dict_keys(['example_time_delta_sensor_async']) retrieved from /home/airflow/.local/lib/python3.7/site-packages/airflow/example_dags/example_time_delta_sensor_async.py
[2023-05-25T04:44:43.285+0000] {logging_mixin.py:137} INFO - [2023-05-25T04:44:43.285+0000] {dag.py:2690} INFO - Sync 1 DAGs
[2023-05-25T04:44:43.399+0000] {logging_mixin.py:137} INFO - [2023-05-25T04:44:43.399+0000] {dag.py:3441} INFO - Setting next_dagrun for example_time_delta_sensor_async to None, run_after=None
[2023-05-25T04:44:43.478+0000] {processor.py:175} INFO - Processing /home/airflow/.local/lib/python3.7/site-packages/airflow/example_dags/example_time_delta_sensor_async.py took 0.457 seconds
[2023-05-25T04:45:14.490+0000] {processor.py:153} INFO - Started process (PID=426) to work on /home/airflow/.local/lib/python3.7/site-packages/airflow/example_dags/example_time_delta_sensor_async.py
[2023-05-25T04:45:14.496+0000] {processor.py:743} INFO - Processing file /home/airflow/.local/lib/python3.7/site-packages/airflow/example_dags/example_time_delta_sensor_async.py for tasks to queue
[2023-05-25T04:45:14.504+0000] {logging_mixin.py:137} INFO - [2023-05-25T04:45:14.503+0000] {dagbag.py:538} INFO - Filling up the DagBag from /home/airflow/.local/lib/python3.7/site-packages/airflow/example_dags/example_time_delta_sensor_async.py
[2023-05-25T04:45:14.635+0000] {processor.py:753} INFO - DAG(s) dict_keys(['example_time_delta_sensor_async']) retrieved from /home/airflow/.local/lib/python3.7/site-packages/airflow/example_dags/example_time_delta_sensor_async.py
[2023-05-25T04:45:14.924+0000] {logging_mixin.py:137} INFO - [2023-05-25T04:45:14.923+0000] {dag.py:2690} INFO - Sync 1 DAGs
[2023-05-25T04:45:15.022+0000] {logging_mixin.py:137} INFO - [2023-05-25T04:45:15.022+0000] {dag.py:3441} INFO - Setting next_dagrun for example_time_delta_sensor_async to None, run_after=None
[2023-05-25T04:45:15.119+0000] {processor.py:175} INFO - Processing /home/airflow/.local/lib/python3.7/site-packages/airflow/example_dags/example_time_delta_sensor_async.py took 0.662 seconds
[2023-05-25T04:45:45.575+0000] {processor.py:153} INFO - Started process (PID=477) to work on /home/airflow/.local/lib/python3.7/site-packages/airflow/example_dags/example_time_delta_sensor_async.py
[2023-05-25T04:45:45.582+0000] {processor.py:743} INFO - Processing file /home/airflow/.local/lib/python3.7/site-packages/airflow/example_dags/example_time_delta_sensor_async.py for tasks to queue
[2023-05-25T04:45:45.588+0000] {logging_mixin.py:137} INFO - [2023-05-25T04:45:45.588+0000] {dagbag.py:538} INFO - Filling up the DagBag from /home/airflow/.local/lib/python3.7/site-packages/airflow/example_dags/example_time_delta_sensor_async.py
[2023-05-25T04:45:45.638+0000] {processor.py:753} INFO - DAG(s) dict_keys(['example_time_delta_sensor_async']) retrieved from /home/airflow/.local/lib/python3.7/site-packages/airflow/example_dags/example_time_delta_sensor_async.py
[2023-05-25T04:45:45.689+0000] {logging_mixin.py:137} INFO - [2023-05-25T04:45:45.689+0000] {dag.py:2690} INFO - Sync 1 DAGs
[2023-05-25T04:45:45.740+0000] {logging_mixin.py:137} INFO - [2023-05-25T04:45:45.737+0000] {dag.py:3441} INFO - Setting next_dagrun for example_time_delta_sensor_async to None, run_after=None
[2023-05-25T04:45:45.803+0000] {processor.py:175} INFO - Processing /home/airflow/.local/lib/python3.7/site-packages/airflow/example_dags/example_time_delta_sensor_async.py took 0.240 seconds
[2023-05-25T04:46:16.638+0000] {processor.py:153} INFO - Started process (PID=545) to work on /home/airflow/.local/lib/python3.7/site-packages/airflow/example_dags/example_time_delta_sensor_async.py
[2023-05-25T04:46:16.644+0000] {processor.py:743} INFO - Processing file /home/airflow/.local/lib/python3.7/site-packages/airflow/example_dags/example_time_delta_sensor_async.py for tasks to queue
[2023-05-25T04:46:16.651+0000] {logging_mixin.py:137} INFO - [2023-05-25T04:46:16.650+0000] {dagbag.py:538} INFO - Filling up the DagBag from /home/airflow/.local/lib/python3.7/site-packages/airflow/example_dags/example_time_delta_sensor_async.py
[2023-05-25T04:46:16.692+0000] {processor.py:753} INFO - DAG(s) dict_keys(['example_time_delta_sensor_async']) retrieved from /home/airflow/.local/lib/python3.7/site-packages/airflow/example_dags/example_time_delta_sensor_async.py
[2023-05-25T04:46:16.761+0000] {logging_mixin.py:137} INFO - [2023-05-25T04:46:16.760+0000] {dag.py:2690} INFO - Sync 1 DAGs
[2023-05-25T04:46:16.839+0000] {logging_mixin.py:137} INFO - [2023-05-25T04:46:16.839+0000] {dag.py:3441} INFO - Setting next_dagrun for example_time_delta_sensor_async to None, run_after=None
[2023-05-25T04:46:16.904+0000] {processor.py:175} INFO - Processing /home/airflow/.local/lib/python3.7/site-packages/airflow/example_dags/example_time_delta_sensor_async.py took 0.271 seconds
[2023-05-25T04:46:47.289+0000] {processor.py:153} INFO - Started process (PID=599) to work on /home/airflow/.local/lib/python3.7/site-packages/airflow/example_dags/example_time_delta_sensor_async.py
[2023-05-25T04:46:47.294+0000] {processor.py:743} INFO - Processing file /home/airflow/.local/lib/python3.7/site-packages/airflow/example_dags/example_time_delta_sensor_async.py for tasks to queue
[2023-05-25T04:46:47.297+0000] {logging_mixin.py:137} INFO - [2023-05-25T04:46:47.297+0000] {dagbag.py:538} INFO - Filling up the DagBag from /home/airflow/.local/lib/python3.7/site-packages/airflow/example_dags/example_time_delta_sensor_async.py
[2023-05-25T04:46:47.326+0000] {processor.py:753} INFO - DAG(s) dict_keys(['example_time_delta_sensor_async']) retrieved from /home/airflow/.local/lib/python3.7/site-packages/airflow/example_dags/example_time_delta_sensor_async.py
[2023-05-25T04:46:47.381+0000] {logging_mixin.py:137} INFO - [2023-05-25T04:46:47.381+0000] {dag.py:2690} INFO - Sync 1 DAGs
[2023-05-25T04:46:47.429+0000] {logging_mixin.py:137} INFO - [2023-05-25T04:46:47.429+0000] {dag.py:3441} INFO - Setting next_dagrun for example_time_delta_sensor_async to None, run_after=None
[2023-05-25T04:46:47.468+0000] {processor.py:175} INFO - Processing /home/airflow/.local/lib/python3.7/site-packages/airflow/example_dags/example_time_delta_sensor_async.py took 0.188 seconds
[2023-05-25T04:47:34.501+0000] {processor.py:153} INFO - Started process (PID=659) to work on /home/airflow/.local/lib/python3.7/site-packages/airflow/example_dags/example_time_delta_sensor_async.py
[2023-05-25T04:47:34.555+0000] {processor.py:743} INFO - Processing file /home/airflow/.local/lib/python3.7/site-packages/airflow/example_dags/example_time_delta_sensor_async.py for tasks to queue
[2023-05-25T04:47:34.597+0000] {logging_mixin.py:137} INFO - [2023-05-25T04:47:34.596+0000] {dagbag.py:538} INFO - Filling up the DagBag from /home/airflow/.local/lib/python3.7/site-packages/airflow/example_dags/example_time_delta_sensor_async.py
[2023-05-25T04:47:35.594+0000] {processor.py:753} INFO - DAG(s) dict_keys(['example_time_delta_sensor_async']) retrieved from /home/airflow/.local/lib/python3.7/site-packages/airflow/example_dags/example_time_delta_sensor_async.py
[2023-05-25T04:47:36.681+0000] {logging_mixin.py:137} INFO - [2023-05-25T04:47:36.681+0000] {dag.py:2690} INFO - Sync 1 DAGs
[2023-05-25T04:47:37.464+0000] {logging_mixin.py:137} INFO - [2023-05-25T04:47:37.464+0000] {dag.py:3441} INFO - Setting next_dagrun for example_time_delta_sensor_async to None, run_after=None
[2023-05-25T04:47:37.774+0000] {processor.py:175} INFO - Processing /home/airflow/.local/lib/python3.7/site-packages/airflow/example_dags/example_time_delta_sensor_async.py took 3.302 seconds
[2023-05-25T04:48:08.680+0000] {processor.py:153} INFO - Started process (PID=719) to work on /home/airflow/.local/lib/python3.7/site-packages/airflow/example_dags/example_time_delta_sensor_async.py
[2023-05-25T04:48:08.685+0000] {processor.py:743} INFO - Processing file /home/airflow/.local/lib/python3.7/site-packages/airflow/example_dags/example_time_delta_sensor_async.py for tasks to queue
[2023-05-25T04:48:08.688+0000] {logging_mixin.py:137} INFO - [2023-05-25T04:48:08.687+0000] {dagbag.py:538} INFO - Filling up the DagBag from /home/airflow/.local/lib/python3.7/site-packages/airflow/example_dags/example_time_delta_sensor_async.py
[2023-05-25T04:48:08.719+0000] {processor.py:753} INFO - DAG(s) dict_keys(['example_time_delta_sensor_async']) retrieved from /home/airflow/.local/lib/python3.7/site-packages/airflow/example_dags/example_time_delta_sensor_async.py
[2023-05-25T04:48:08.765+0000] {logging_mixin.py:137} INFO - [2023-05-25T04:48:08.765+0000] {dag.py:2690} INFO - Sync 1 DAGs
[2023-05-25T04:48:08.814+0000] {logging_mixin.py:137} INFO - [2023-05-25T04:48:08.814+0000] {dag.py:3441} INFO - Setting next_dagrun for example_time_delta_sensor_async to None, run_after=None
[2023-05-25T04:48:08.855+0000] {processor.py:175} INFO - Processing /home/airflow/.local/lib/python3.7/site-packages/airflow/example_dags/example_time_delta_sensor_async.py took 0.179 seconds
[2023-05-25T04:48:39.110+0000] {processor.py:153} INFO - Started process (PID=793) to work on /home/airflow/.local/lib/python3.7/site-packages/airflow/example_dags/example_time_delta_sensor_async.py
[2023-05-25T04:48:39.119+0000] {processor.py:743} INFO - Processing file /home/airflow/.local/lib/python3.7/site-packages/airflow/example_dags/example_time_delta_sensor_async.py for tasks to queue
[2023-05-25T04:48:39.123+0000] {logging_mixin.py:137} INFO - [2023-05-25T04:48:39.122+0000] {dagbag.py:538} INFO - Filling up the DagBag from /home/airflow/.local/lib/python3.7/site-packages/airflow/example_dags/example_time_delta_sensor_async.py
[2023-05-25T04:48:39.174+0000] {processor.py:753} INFO - DAG(s) dict_keys(['example_time_delta_sensor_async']) retrieved from /home/airflow/.local/lib/python3.7/site-packages/airflow/example_dags/example_time_delta_sensor_async.py
[2023-05-25T04:48:39.251+0000] {logging_mixin.py:137} INFO - [2023-05-25T04:48:39.251+0000] {dag.py:2690} INFO - Sync 1 DAGs
[2023-05-25T04:48:39.339+0000] {logging_mixin.py:137} INFO - [2023-05-25T04:48:39.339+0000] {dag.py:3441} INFO - Setting next_dagrun for example_time_delta_sensor_async to None, run_after=None
[2023-05-25T04:48:39.402+0000] {processor.py:175} INFO - Processing /home/airflow/.local/lib/python3.7/site-packages/airflow/example_dags/example_time_delta_sensor_async.py took 0.325 seconds
[2023-05-25T04:49:10.474+0000] {processor.py:153} INFO - Started process (PID=853) to work on /home/airflow/.local/lib/python3.7/site-packages/airflow/example_dags/example_time_delta_sensor_async.py
[2023-05-25T04:49:10.477+0000] {processor.py:743} INFO - Processing file /home/airflow/.local/lib/python3.7/site-packages/airflow/example_dags/example_time_delta_sensor_async.py for tasks to queue
[2023-05-25T04:49:10.484+0000] {logging_mixin.py:137} INFO - [2023-05-25T04:49:10.483+0000] {dagbag.py:538} INFO - Filling up the DagBag from /home/airflow/.local/lib/python3.7/site-packages/airflow/example_dags/example_time_delta_sensor_async.py
[2023-05-25T04:49:10.584+0000] {processor.py:753} INFO - DAG(s) dict_keys(['example_time_delta_sensor_async']) retrieved from /home/airflow/.local/lib/python3.7/site-packages/airflow/example_dags/example_time_delta_sensor_async.py
[2023-05-25T04:49:10.666+0000] {logging_mixin.py:137} INFO - [2023-05-25T04:49:10.665+0000] {dag.py:2690} INFO - Sync 1 DAGs
[2023-05-25T04:49:10.796+0000] {logging_mixin.py:137} INFO - [2023-05-25T04:49:10.796+0000] {dag.py:3441} INFO - Setting next_dagrun for example_time_delta_sensor_async to None, run_after=None
[2023-05-25T04:49:10.895+0000] {processor.py:175} INFO - Processing /home/airflow/.local/lib/python3.7/site-packages/airflow/example_dags/example_time_delta_sensor_async.py took 0.437 seconds
[2023-05-25T04:49:41.361+0000] {processor.py:153} INFO - Started process (PID=913) to work on /home/airflow/.local/lib/python3.7/site-packages/airflow/example_dags/example_time_delta_sensor_async.py
[2023-05-25T04:49:41.365+0000] {processor.py:743} INFO - Processing file /home/airflow/.local/lib/python3.7/site-packages/airflow/example_dags/example_time_delta_sensor_async.py for tasks to queue
[2023-05-25T04:49:41.369+0000] {logging_mixin.py:137} INFO - [2023-05-25T04:49:41.368+0000] {dagbag.py:538} INFO - Filling up the DagBag from /home/airflow/.local/lib/python3.7/site-packages/airflow/example_dags/example_time_delta_sensor_async.py
[2023-05-25T04:49:41.402+0000] {processor.py:753} INFO - DAG(s) dict_keys(['example_time_delta_sensor_async']) retrieved from /home/airflow/.local/lib/python3.7/site-packages/airflow/example_dags/example_time_delta_sensor_async.py
[2023-05-25T04:49:41.468+0000] {logging_mixin.py:137} INFO - [2023-05-25T04:49:41.468+0000] {dag.py:2690} INFO - Sync 1 DAGs
[2023-05-25T04:49:41.538+0000] {logging_mixin.py:137} INFO - [2023-05-25T04:49:41.538+0000] {dag.py:3441} INFO - Setting next_dagrun for example_time_delta_sensor_async to None, run_after=None
[2023-05-25T04:49:41.581+0000] {processor.py:175} INFO - Processing /home/airflow/.local/lib/python3.7/site-packages/airflow/example_dags/example_time_delta_sensor_async.py took 0.233 seconds
[2023-05-25T04:50:12.681+0000] {processor.py:153} INFO - Started process (PID=975) to work on /home/airflow/.local/lib/python3.7/site-packages/airflow/example_dags/example_time_delta_sensor_async.py
[2023-05-25T04:50:12.686+0000] {processor.py:743} INFO - Processing file /home/airflow/.local/lib/python3.7/site-packages/airflow/example_dags/example_time_delta_sensor_async.py for tasks to queue
[2023-05-25T04:50:12.688+0000] {logging_mixin.py:137} INFO - [2023-05-25T04:50:12.688+0000] {dagbag.py:538} INFO - Filling up the DagBag from /home/airflow/.local/lib/python3.7/site-packages/airflow/example_dags/example_time_delta_sensor_async.py
[2023-05-25T04:50:12.737+0000] {processor.py:753} INFO - DAG(s) dict_keys(['example_time_delta_sensor_async']) retrieved from /home/airflow/.local/lib/python3.7/site-packages/airflow/example_dags/example_time_delta_sensor_async.py
[2023-05-25T04:50:12.810+0000] {logging_mixin.py:137} INFO - [2023-05-25T04:50:12.810+0000] {dag.py:2690} INFO - Sync 1 DAGs
[2023-05-25T04:50:12.854+0000] {logging_mixin.py:137} INFO - [2023-05-25T04:50:12.854+0000] {dag.py:3441} INFO - Setting next_dagrun for example_time_delta_sensor_async to None, run_after=None
[2023-05-25T04:50:12.887+0000] {processor.py:175} INFO - Processing /home/airflow/.local/lib/python3.7/site-packages/airflow/example_dags/example_time_delta_sensor_async.py took 0.218 seconds
[2023-05-25T04:50:43.963+0000] {processor.py:153} INFO - Started process (PID=1036) to work on /home/airflow/.local/lib/python3.7/site-packages/airflow/example_dags/example_time_delta_sensor_async.py
[2023-05-25T04:50:43.991+0000] {processor.py:743} INFO - Processing file /home/airflow/.local/lib/python3.7/site-packages/airflow/example_dags/example_time_delta_sensor_async.py for tasks to queue
[2023-05-25T04:50:43.997+0000] {logging_mixin.py:137} INFO - [2023-05-25T04:50:43.996+0000] {dagbag.py:538} INFO - Filling up the DagBag from /home/airflow/.local/lib/python3.7/site-packages/airflow/example_dags/example_time_delta_sensor_async.py
[2023-05-25T04:50:44.160+0000] {processor.py:753} INFO - DAG(s) dict_keys(['example_time_delta_sensor_async']) retrieved from /home/airflow/.local/lib/python3.7/site-packages/airflow/example_dags/example_time_delta_sensor_async.py
[2023-05-25T04:50:44.380+0000] {logging_mixin.py:137} INFO - [2023-05-25T04:50:44.380+0000] {dag.py:2690} INFO - Sync 1 DAGs
[2023-05-25T04:50:44.617+0000] {logging_mixin.py:137} INFO - [2023-05-25T04:50:44.616+0000] {dag.py:3441} INFO - Setting next_dagrun for example_time_delta_sensor_async to None, run_after=None
[2023-05-25T04:50:44.717+0000] {processor.py:175} INFO - Processing /home/airflow/.local/lib/python3.7/site-packages/airflow/example_dags/example_time_delta_sensor_async.py took 0.763 seconds
[2023-05-25T04:51:15.581+0000] {processor.py:153} INFO - Started process (PID=1096) to work on /home/airflow/.local/lib/python3.7/site-packages/airflow/example_dags/example_time_delta_sensor_async.py
[2023-05-25T04:51:15.595+0000] {processor.py:743} INFO - Processing file /home/airflow/.local/lib/python3.7/site-packages/airflow/example_dags/example_time_delta_sensor_async.py for tasks to queue
[2023-05-25T04:51:15.635+0000] {logging_mixin.py:137} INFO - [2023-05-25T04:51:15.634+0000] {dagbag.py:538} INFO - Filling up the DagBag from /home/airflow/.local/lib/python3.7/site-packages/airflow/example_dags/example_time_delta_sensor_async.py
[2023-05-25T04:51:15.764+0000] {processor.py:753} INFO - DAG(s) dict_keys(['example_time_delta_sensor_async']) retrieved from /home/airflow/.local/lib/python3.7/site-packages/airflow/example_dags/example_time_delta_sensor_async.py
[2023-05-25T04:51:16.024+0000] {logging_mixin.py:137} INFO - [2023-05-25T04:51:16.024+0000] {dag.py:2690} INFO - Sync 1 DAGs
[2023-05-25T04:51:16.431+0000] {logging_mixin.py:137} INFO - [2023-05-25T04:51:16.431+0000] {dag.py:3441} INFO - Setting next_dagrun for example_time_delta_sensor_async to None, run_after=None
[2023-05-25T04:51:16.554+0000] {processor.py:175} INFO - Processing /home/airflow/.local/lib/python3.7/site-packages/airflow/example_dags/example_time_delta_sensor_async.py took 1.029 seconds
[2023-05-25T04:51:47.206+0000] {processor.py:153} INFO - Started process (PID=1146) to work on /home/airflow/.local/lib/python3.7/site-packages/airflow/example_dags/example_time_delta_sensor_async.py
[2023-05-25T04:51:47.216+0000] {processor.py:743} INFO - Processing file /home/airflow/.local/lib/python3.7/site-packages/airflow/example_dags/example_time_delta_sensor_async.py for tasks to queue
[2023-05-25T04:51:47.227+0000] {logging_mixin.py:137} INFO - [2023-05-25T04:51:47.223+0000] {dagbag.py:538} INFO - Filling up the DagBag from /home/airflow/.local/lib/python3.7/site-packages/airflow/example_dags/example_time_delta_sensor_async.py
[2023-05-25T04:51:47.300+0000] {processor.py:753} INFO - DAG(s) dict_keys(['example_time_delta_sensor_async']) retrieved from /home/airflow/.local/lib/python3.7/site-packages/airflow/example_dags/example_time_delta_sensor_async.py
[2023-05-25T04:51:47.446+0000] {logging_mixin.py:137} INFO - [2023-05-25T04:51:47.446+0000] {dag.py:2690} INFO - Sync 1 DAGs
[2023-05-25T04:51:47.711+0000] {logging_mixin.py:137} INFO - [2023-05-25T04:51:47.710+0000] {dag.py:3441} INFO - Setting next_dagrun for example_time_delta_sensor_async to None, run_after=None
[2023-05-25T04:51:47.992+0000] {processor.py:175} INFO - Processing /home/airflow/.local/lib/python3.7/site-packages/airflow/example_dags/example_time_delta_sensor_async.py took 0.817 seconds
[2023-05-25T04:52:18.770+0000] {processor.py:153} INFO - Started process (PID=1205) to work on /home/airflow/.local/lib/python3.7/site-packages/airflow/example_dags/example_time_delta_sensor_async.py
[2023-05-25T04:52:18.780+0000] {processor.py:743} INFO - Processing file /home/airflow/.local/lib/python3.7/site-packages/airflow/example_dags/example_time_delta_sensor_async.py for tasks to queue
[2023-05-25T04:52:18.782+0000] {logging_mixin.py:137} INFO - [2023-05-25T04:52:18.782+0000] {dagbag.py:538} INFO - Filling up the DagBag from /home/airflow/.local/lib/python3.7/site-packages/airflow/example_dags/example_time_delta_sensor_async.py
[2023-05-25T04:52:18.820+0000] {processor.py:753} INFO - DAG(s) dict_keys(['example_time_delta_sensor_async']) retrieved from /home/airflow/.local/lib/python3.7/site-packages/airflow/example_dags/example_time_delta_sensor_async.py
[2023-05-25T04:52:18.909+0000] {logging_mixin.py:137} INFO - [2023-05-25T04:52:18.908+0000] {dag.py:2690} INFO - Sync 1 DAGs
[2023-05-25T04:52:18.961+0000] {logging_mixin.py:137} INFO - [2023-05-25T04:52:18.960+0000] {dag.py:3441} INFO - Setting next_dagrun for example_time_delta_sensor_async to None, run_after=None
[2023-05-25T04:52:19.001+0000] {processor.py:175} INFO - Processing /home/airflow/.local/lib/python3.7/site-packages/airflow/example_dags/example_time_delta_sensor_async.py took 0.244 seconds
[2023-05-25T04:52:49.210+0000] {processor.py:153} INFO - Started process (PID=1263) to work on /home/airflow/.local/lib/python3.7/site-packages/airflow/example_dags/example_time_delta_sensor_async.py
[2023-05-25T04:52:49.214+0000] {processor.py:743} INFO - Processing file /home/airflow/.local/lib/python3.7/site-packages/airflow/example_dags/example_time_delta_sensor_async.py for tasks to queue
[2023-05-25T04:52:49.217+0000] {logging_mixin.py:137} INFO - [2023-05-25T04:52:49.216+0000] {dagbag.py:538} INFO - Filling up the DagBag from /home/airflow/.local/lib/python3.7/site-packages/airflow/example_dags/example_time_delta_sensor_async.py
[2023-05-25T04:52:49.267+0000] {processor.py:753} INFO - DAG(s) dict_keys(['example_time_delta_sensor_async']) retrieved from /home/airflow/.local/lib/python3.7/site-packages/airflow/example_dags/example_time_delta_sensor_async.py
[2023-05-25T04:52:49.341+0000] {logging_mixin.py:137} INFO - [2023-05-25T04:52:49.341+0000] {dag.py:2690} INFO - Sync 1 DAGs
[2023-05-25T04:52:49.417+0000] {logging_mixin.py:137} INFO - [2023-05-25T04:52:49.417+0000] {dag.py:3441} INFO - Setting next_dagrun for example_time_delta_sensor_async to None, run_after=None
[2023-05-25T04:52:49.460+0000] {processor.py:175} INFO - Processing /home/airflow/.local/lib/python3.7/site-packages/airflow/example_dags/example_time_delta_sensor_async.py took 0.258 seconds
[2023-05-25T04:53:19.928+0000] {processor.py:153} INFO - Started process (PID=1326) to work on /home/airflow/.local/lib/python3.7/site-packages/airflow/example_dags/example_time_delta_sensor_async.py
[2023-05-25T04:53:19.932+0000] {processor.py:743} INFO - Processing file /home/airflow/.local/lib/python3.7/site-packages/airflow/example_dags/example_time_delta_sensor_async.py for tasks to queue
[2023-05-25T04:53:19.938+0000] {logging_mixin.py:137} INFO - [2023-05-25T04:53:19.938+0000] {dagbag.py:538} INFO - Filling up the DagBag from /home/airflow/.local/lib/python3.7/site-packages/airflow/example_dags/example_time_delta_sensor_async.py
[2023-05-25T04:53:19.990+0000] {processor.py:753} INFO - DAG(s) dict_keys(['example_time_delta_sensor_async']) retrieved from /home/airflow/.local/lib/python3.7/site-packages/airflow/example_dags/example_time_delta_sensor_async.py
[2023-05-25T04:53:20.044+0000] {logging_mixin.py:137} INFO - [2023-05-25T04:53:20.044+0000] {dag.py:2690} INFO - Sync 1 DAGs
[2023-05-25T04:53:20.093+0000] {logging_mixin.py:137} INFO - [2023-05-25T04:53:20.093+0000] {dag.py:3441} INFO - Setting next_dagrun for example_time_delta_sensor_async to None, run_after=None
[2023-05-25T04:53:20.132+0000] {processor.py:175} INFO - Processing /home/airflow/.local/lib/python3.7/site-packages/airflow/example_dags/example_time_delta_sensor_async.py took 0.210 seconds
[2023-05-25T04:53:50.294+0000] {processor.py:153} INFO - Started process (PID=1385) to work on /home/airflow/.local/lib/python3.7/site-packages/airflow/example_dags/example_time_delta_sensor_async.py
[2023-05-25T04:53:50.303+0000] {processor.py:743} INFO - Processing file /home/airflow/.local/lib/python3.7/site-packages/airflow/example_dags/example_time_delta_sensor_async.py for tasks to queue
[2023-05-25T04:53:50.308+0000] {logging_mixin.py:137} INFO - [2023-05-25T04:53:50.307+0000] {dagbag.py:538} INFO - Filling up the DagBag from /home/airflow/.local/lib/python3.7/site-packages/airflow/example_dags/example_time_delta_sensor_async.py
[2023-05-25T04:53:50.359+0000] {processor.py:753} INFO - DAG(s) dict_keys(['example_time_delta_sensor_async']) retrieved from /home/airflow/.local/lib/python3.7/site-packages/airflow/example_dags/example_time_delta_sensor_async.py
[2023-05-25T04:53:50.446+0000] {logging_mixin.py:137} INFO - [2023-05-25T04:53:50.446+0000] {dag.py:2690} INFO - Sync 1 DAGs
[2023-05-25T04:53:50.543+0000] {logging_mixin.py:137} INFO - [2023-05-25T04:53:50.543+0000] {dag.py:3441} INFO - Setting next_dagrun for example_time_delta_sensor_async to None, run_after=None
[2023-05-25T04:53:50.620+0000] {processor.py:175} INFO - Processing /home/airflow/.local/lib/python3.7/site-packages/airflow/example_dags/example_time_delta_sensor_async.py took 0.341 seconds
[2023-05-25T04:54:21.147+0000] {processor.py:153} INFO - Started process (PID=1445) to work on /home/airflow/.local/lib/python3.7/site-packages/airflow/example_dags/example_time_delta_sensor_async.py
[2023-05-25T04:54:21.155+0000] {processor.py:743} INFO - Processing file /home/airflow/.local/lib/python3.7/site-packages/airflow/example_dags/example_time_delta_sensor_async.py for tasks to queue
[2023-05-25T04:54:21.159+0000] {logging_mixin.py:137} INFO - [2023-05-25T04:54:21.158+0000] {dagbag.py:538} INFO - Filling up the DagBag from /home/airflow/.local/lib/python3.7/site-packages/airflow/example_dags/example_time_delta_sensor_async.py
[2023-05-25T04:54:21.187+0000] {processor.py:753} INFO - DAG(s) dict_keys(['example_time_delta_sensor_async']) retrieved from /home/airflow/.local/lib/python3.7/site-packages/airflow/example_dags/example_time_delta_sensor_async.py
[2023-05-25T04:54:21.231+0000] {logging_mixin.py:137} INFO - [2023-05-25T04:54:21.231+0000] {dag.py:2690} INFO - Sync 1 DAGs
[2023-05-25T04:54:21.270+0000] {logging_mixin.py:137} INFO - [2023-05-25T04:54:21.270+0000] {dag.py:3441} INFO - Setting next_dagrun for example_time_delta_sensor_async to None, run_after=None
[2023-05-25T04:54:21.310+0000] {processor.py:175} INFO - Processing /home/airflow/.local/lib/python3.7/site-packages/airflow/example_dags/example_time_delta_sensor_async.py took 0.185 seconds
[2023-05-25T04:54:51.434+0000] {processor.py:153} INFO - Started process (PID=1501) to work on /home/airflow/.local/lib/python3.7/site-packages/airflow/example_dags/example_time_delta_sensor_async.py
[2023-05-25T04:54:51.446+0000] {processor.py:743} INFO - Processing file /home/airflow/.local/lib/python3.7/site-packages/airflow/example_dags/example_time_delta_sensor_async.py for tasks to queue
[2023-05-25T04:54:51.455+0000] {logging_mixin.py:137} INFO - [2023-05-25T04:54:51.455+0000] {dagbag.py:538} INFO - Filling up the DagBag from /home/airflow/.local/lib/python3.7/site-packages/airflow/example_dags/example_time_delta_sensor_async.py
[2023-05-25T04:54:51.553+0000] {processor.py:753} INFO - DAG(s) dict_keys(['example_time_delta_sensor_async']) retrieved from /home/airflow/.local/lib/python3.7/site-packages/airflow/example_dags/example_time_delta_sensor_async.py
[2023-05-25T04:54:52.013+0000] {logging_mixin.py:137} INFO - [2023-05-25T04:54:52.013+0000] {dag.py:2690} INFO - Sync 1 DAGs
[2023-05-25T04:54:52.319+0000] {logging_mixin.py:137} INFO - [2023-05-25T04:54:52.319+0000] {dag.py:3441} INFO - Setting next_dagrun for example_time_delta_sensor_async to None, run_after=None
[2023-05-25T04:54:52.546+0000] {processor.py:175} INFO - Processing /home/airflow/.local/lib/python3.7/site-packages/airflow/example_dags/example_time_delta_sensor_async.py took 1.146 seconds
[2023-05-25T04:55:22.715+0000] {processor.py:153} INFO - Started process (PID=1554) to work on /home/airflow/.local/lib/python3.7/site-packages/airflow/example_dags/example_time_delta_sensor_async.py
[2023-05-25T04:55:22.720+0000] {processor.py:743} INFO - Processing file /home/airflow/.local/lib/python3.7/site-packages/airflow/example_dags/example_time_delta_sensor_async.py for tasks to queue
[2023-05-25T04:55:22.723+0000] {logging_mixin.py:137} INFO - [2023-05-25T04:55:22.722+0000] {dagbag.py:538} INFO - Filling up the DagBag from /home/airflow/.local/lib/python3.7/site-packages/airflow/example_dags/example_time_delta_sensor_async.py
[2023-05-25T04:55:22.749+0000] {processor.py:753} INFO - DAG(s) dict_keys(['example_time_delta_sensor_async']) retrieved from /home/airflow/.local/lib/python3.7/site-packages/airflow/example_dags/example_time_delta_sensor_async.py
[2023-05-25T04:55:22.809+0000] {logging_mixin.py:137} INFO - [2023-05-25T04:55:22.807+0000] {dag.py:2690} INFO - Sync 1 DAGs
[2023-05-25T04:55:22.864+0000] {logging_mixin.py:137} INFO - [2023-05-25T04:55:22.863+0000] {dag.py:3441} INFO - Setting next_dagrun for example_time_delta_sensor_async to None, run_after=None
[2023-05-25T04:55:22.905+0000] {processor.py:175} INFO - Processing /home/airflow/.local/lib/python3.7/site-packages/airflow/example_dags/example_time_delta_sensor_async.py took 0.206 seconds
[2023-05-25T04:55:54.000+0000] {processor.py:153} INFO - Started process (PID=1614) to work on /home/airflow/.local/lib/python3.7/site-packages/airflow/example_dags/example_time_delta_sensor_async.py
[2023-05-25T04:55:54.013+0000] {processor.py:743} INFO - Processing file /home/airflow/.local/lib/python3.7/site-packages/airflow/example_dags/example_time_delta_sensor_async.py for tasks to queue
[2023-05-25T04:55:54.024+0000] {logging_mixin.py:137} INFO - [2023-05-25T04:55:54.023+0000] {dagbag.py:538} INFO - Filling up the DagBag from /home/airflow/.local/lib/python3.7/site-packages/airflow/example_dags/example_time_delta_sensor_async.py
[2023-05-25T04:55:54.113+0000] {processor.py:753} INFO - DAG(s) dict_keys(['example_time_delta_sensor_async']) retrieved from /home/airflow/.local/lib/python3.7/site-packages/airflow/example_dags/example_time_delta_sensor_async.py
[2023-05-25T04:55:54.215+0000] {logging_mixin.py:137} INFO - [2023-05-25T04:55:54.215+0000] {dag.py:2690} INFO - Sync 1 DAGs
[2023-05-25T04:55:54.320+0000] {logging_mixin.py:137} INFO - [2023-05-25T04:55:54.320+0000] {dag.py:3441} INFO - Setting next_dagrun for example_time_delta_sensor_async to None, run_after=None
[2023-05-25T04:55:54.378+0000] {processor.py:175} INFO - Processing /home/airflow/.local/lib/python3.7/site-packages/airflow/example_dags/example_time_delta_sensor_async.py took 0.403 seconds
[2023-05-25T04:56:24.628+0000] {processor.py:153} INFO - Started process (PID=1682) to work on /home/airflow/.local/lib/python3.7/site-packages/airflow/example_dags/example_time_delta_sensor_async.py
[2023-05-25T04:56:24.637+0000] {processor.py:743} INFO - Processing file /home/airflow/.local/lib/python3.7/site-packages/airflow/example_dags/example_time_delta_sensor_async.py for tasks to queue
[2023-05-25T04:56:24.641+0000] {logging_mixin.py:137} INFO - [2023-05-25T04:56:24.641+0000] {dagbag.py:538} INFO - Filling up the DagBag from /home/airflow/.local/lib/python3.7/site-packages/airflow/example_dags/example_time_delta_sensor_async.py
[2023-05-25T04:56:24.695+0000] {processor.py:753} INFO - DAG(s) dict_keys(['example_time_delta_sensor_async']) retrieved from /home/airflow/.local/lib/python3.7/site-packages/airflow/example_dags/example_time_delta_sensor_async.py
[2023-05-25T04:56:24.816+0000] {logging_mixin.py:137} INFO - [2023-05-25T04:56:24.816+0000] {dag.py:2690} INFO - Sync 1 DAGs
[2023-05-25T04:56:24.931+0000] {logging_mixin.py:137} INFO - [2023-05-25T04:56:24.931+0000] {dag.py:3441} INFO - Setting next_dagrun for example_time_delta_sensor_async to None, run_after=None
[2023-05-25T04:56:25.015+0000] {processor.py:175} INFO - Processing /home/airflow/.local/lib/python3.7/site-packages/airflow/example_dags/example_time_delta_sensor_async.py took 0.424 seconds
[2023-05-25T04:56:55.718+0000] {processor.py:153} INFO - Started process (PID=1743) to work on /home/airflow/.local/lib/python3.7/site-packages/airflow/example_dags/example_time_delta_sensor_async.py
[2023-05-25T04:56:55.721+0000] {processor.py:743} INFO - Processing file /home/airflow/.local/lib/python3.7/site-packages/airflow/example_dags/example_time_delta_sensor_async.py for tasks to queue
[2023-05-25T04:56:55.724+0000] {logging_mixin.py:137} INFO - [2023-05-25T04:56:55.723+0000] {dagbag.py:538} INFO - Filling up the DagBag from /home/airflow/.local/lib/python3.7/site-packages/airflow/example_dags/example_time_delta_sensor_async.py
[2023-05-25T04:56:55.804+0000] {processor.py:753} INFO - DAG(s) dict_keys(['example_time_delta_sensor_async']) retrieved from /home/airflow/.local/lib/python3.7/site-packages/airflow/example_dags/example_time_delta_sensor_async.py
[2023-05-25T04:56:55.893+0000] {logging_mixin.py:137} INFO - [2023-05-25T04:56:55.893+0000] {dag.py:2690} INFO - Sync 1 DAGs
[2023-05-25T04:56:55.984+0000] {logging_mixin.py:137} INFO - [2023-05-25T04:56:55.984+0000] {dag.py:3441} INFO - Setting next_dagrun for example_time_delta_sensor_async to None, run_after=None
[2023-05-25T04:56:56.036+0000] {processor.py:175} INFO - Processing /home/airflow/.local/lib/python3.7/site-packages/airflow/example_dags/example_time_delta_sensor_async.py took 0.331 seconds
[2023-05-25T04:57:26.619+0000] {processor.py:153} INFO - Started process (PID=1803) to work on /home/airflow/.local/lib/python3.7/site-packages/airflow/example_dags/example_time_delta_sensor_async.py
[2023-05-25T04:57:26.622+0000] {processor.py:743} INFO - Processing file /home/airflow/.local/lib/python3.7/site-packages/airflow/example_dags/example_time_delta_sensor_async.py for tasks to queue
[2023-05-25T04:57:26.627+0000] {logging_mixin.py:137} INFO - [2023-05-25T04:57:26.626+0000] {dagbag.py:538} INFO - Filling up the DagBag from /home/airflow/.local/lib/python3.7/site-packages/airflow/example_dags/example_time_delta_sensor_async.py
[2023-05-25T04:57:26.684+0000] {processor.py:753} INFO - DAG(s) dict_keys(['example_time_delta_sensor_async']) retrieved from /home/airflow/.local/lib/python3.7/site-packages/airflow/example_dags/example_time_delta_sensor_async.py
[2023-05-25T04:57:26.795+0000] {logging_mixin.py:137} INFO - [2023-05-25T04:57:26.795+0000] {dag.py:2690} INFO - Sync 1 DAGs
[2023-05-25T04:57:26.895+0000] {logging_mixin.py:137} INFO - [2023-05-25T04:57:26.895+0000] {dag.py:3441} INFO - Setting next_dagrun for example_time_delta_sensor_async to None, run_after=None
[2023-05-25T04:57:26.962+0000] {processor.py:175} INFO - Processing /home/airflow/.local/lib/python3.7/site-packages/airflow/example_dags/example_time_delta_sensor_async.py took 0.357 seconds
[2023-05-25T04:57:57.075+0000] {processor.py:153} INFO - Started process (PID=1854) to work on /home/airflow/.local/lib/python3.7/site-packages/airflow/example_dags/example_time_delta_sensor_async.py
[2023-05-25T04:57:57.078+0000] {processor.py:743} INFO - Processing file /home/airflow/.local/lib/python3.7/site-packages/airflow/example_dags/example_time_delta_sensor_async.py for tasks to queue
[2023-05-25T04:57:57.081+0000] {logging_mixin.py:137} INFO - [2023-05-25T04:57:57.080+0000] {dagbag.py:538} INFO - Filling up the DagBag from /home/airflow/.local/lib/python3.7/site-packages/airflow/example_dags/example_time_delta_sensor_async.py
[2023-05-25T04:57:57.106+0000] {processor.py:753} INFO - DAG(s) dict_keys(['example_time_delta_sensor_async']) retrieved from /home/airflow/.local/lib/python3.7/site-packages/airflow/example_dags/example_time_delta_sensor_async.py
[2023-05-25T04:57:57.154+0000] {logging_mixin.py:137} INFO - [2023-05-25T04:57:57.154+0000] {dag.py:2690} INFO - Sync 1 DAGs
[2023-05-25T04:57:57.198+0000] {logging_mixin.py:137} INFO - [2023-05-25T04:57:57.198+0000] {dag.py:3441} INFO - Setting next_dagrun for example_time_delta_sensor_async to None, run_after=None
[2023-05-25T04:57:57.228+0000] {processor.py:175} INFO - Processing /home/airflow/.local/lib/python3.7/site-packages/airflow/example_dags/example_time_delta_sensor_async.py took 0.159 seconds
[2023-05-25T04:58:27.470+0000] {processor.py:153} INFO - Started process (PID=1910) to work on /home/airflow/.local/lib/python3.7/site-packages/airflow/example_dags/example_time_delta_sensor_async.py
[2023-05-25T04:58:27.475+0000] {processor.py:743} INFO - Processing file /home/airflow/.local/lib/python3.7/site-packages/airflow/example_dags/example_time_delta_sensor_async.py for tasks to queue
[2023-05-25T04:58:27.478+0000] {logging_mixin.py:137} INFO - [2023-05-25T04:58:27.478+0000] {dagbag.py:538} INFO - Filling up the DagBag from /home/airflow/.local/lib/python3.7/site-packages/airflow/example_dags/example_time_delta_sensor_async.py
[2023-05-25T04:58:27.512+0000] {processor.py:753} INFO - DAG(s) dict_keys(['example_time_delta_sensor_async']) retrieved from /home/airflow/.local/lib/python3.7/site-packages/airflow/example_dags/example_time_delta_sensor_async.py
[2023-05-25T04:58:27.582+0000] {logging_mixin.py:137} INFO - [2023-05-25T04:58:27.582+0000] {dag.py:2690} INFO - Sync 1 DAGs
[2023-05-25T04:58:27.666+0000] {logging_mixin.py:137} INFO - [2023-05-25T04:58:27.666+0000] {dag.py:3441} INFO - Setting next_dagrun for example_time_delta_sensor_async to None, run_after=None
[2023-05-25T04:58:27.716+0000] {processor.py:175} INFO - Processing /home/airflow/.local/lib/python3.7/site-packages/airflow/example_dags/example_time_delta_sensor_async.py took 0.256 seconds
[2023-05-25T04:58:57.795+0000] {processor.py:153} INFO - Started process (PID=1980) to work on /home/airflow/.local/lib/python3.7/site-packages/airflow/example_dags/example_time_delta_sensor_async.py
[2023-05-25T04:58:57.801+0000] {processor.py:743} INFO - Processing file /home/airflow/.local/lib/python3.7/site-packages/airflow/example_dags/example_time_delta_sensor_async.py for tasks to queue
[2023-05-25T04:58:57.803+0000] {logging_mixin.py:137} INFO - [2023-05-25T04:58:57.803+0000] {dagbag.py:538} INFO - Filling up the DagBag from /home/airflow/.local/lib/python3.7/site-packages/airflow/example_dags/example_time_delta_sensor_async.py
[2023-05-25T04:58:57.836+0000] {processor.py:753} INFO - DAG(s) dict_keys(['example_time_delta_sensor_async']) retrieved from /home/airflow/.local/lib/python3.7/site-packages/airflow/example_dags/example_time_delta_sensor_async.py
[2023-05-25T04:58:57.927+0000] {logging_mixin.py:137} INFO - [2023-05-25T04:58:57.927+0000] {dag.py:2690} INFO - Sync 1 DAGs
[2023-05-25T04:58:57.999+0000] {logging_mixin.py:137} INFO - [2023-05-25T04:58:57.998+0000] {dag.py:3441} INFO - Setting next_dagrun for example_time_delta_sensor_async to None, run_after=None
[2023-05-25T04:58:58.039+0000] {processor.py:175} INFO - Processing /home/airflow/.local/lib/python3.7/site-packages/airflow/example_dags/example_time_delta_sensor_async.py took 0.249 seconds
[2023-05-25T04:59:28.623+0000] {processor.py:153} INFO - Started process (PID=2040) to work on /home/airflow/.local/lib/python3.7/site-packages/airflow/example_dags/example_time_delta_sensor_async.py
[2023-05-25T04:59:28.626+0000] {processor.py:743} INFO - Processing file /home/airflow/.local/lib/python3.7/site-packages/airflow/example_dags/example_time_delta_sensor_async.py for tasks to queue
[2023-05-25T04:59:28.629+0000] {logging_mixin.py:137} INFO - [2023-05-25T04:59:28.628+0000] {dagbag.py:538} INFO - Filling up the DagBag from /home/airflow/.local/lib/python3.7/site-packages/airflow/example_dags/example_time_delta_sensor_async.py
[2023-05-25T04:59:28.652+0000] {processor.py:753} INFO - DAG(s) dict_keys(['example_time_delta_sensor_async']) retrieved from /home/airflow/.local/lib/python3.7/site-packages/airflow/example_dags/example_time_delta_sensor_async.py
[2023-05-25T04:59:28.704+0000] {logging_mixin.py:137} INFO - [2023-05-25T04:59:28.704+0000] {dag.py:2690} INFO - Sync 1 DAGs
[2023-05-25T04:59:28.753+0000] {logging_mixin.py:137} INFO - [2023-05-25T04:59:28.753+0000] {dag.py:3441} INFO - Setting next_dagrun for example_time_delta_sensor_async to None, run_after=None
[2023-05-25T04:59:28.810+0000] {processor.py:175} INFO - Processing /home/airflow/.local/lib/python3.7/site-packages/airflow/example_dags/example_time_delta_sensor_async.py took 0.191 seconds
[2023-05-25T04:59:59.073+0000] {processor.py:153} INFO - Started process (PID=2100) to work on /home/airflow/.local/lib/python3.7/site-packages/airflow/example_dags/example_time_delta_sensor_async.py
[2023-05-25T04:59:59.076+0000] {processor.py:743} INFO - Processing file /home/airflow/.local/lib/python3.7/site-packages/airflow/example_dags/example_time_delta_sensor_async.py for tasks to queue
[2023-05-25T04:59:59.079+0000] {logging_mixin.py:137} INFO - [2023-05-25T04:59:59.079+0000] {dagbag.py:538} INFO - Filling up the DagBag from /home/airflow/.local/lib/python3.7/site-packages/airflow/example_dags/example_time_delta_sensor_async.py
[2023-05-25T04:59:59.107+0000] {processor.py:753} INFO - DAG(s) dict_keys(['example_time_delta_sensor_async']) retrieved from /home/airflow/.local/lib/python3.7/site-packages/airflow/example_dags/example_time_delta_sensor_async.py
[2023-05-25T04:59:59.171+0000] {logging_mixin.py:137} INFO - [2023-05-25T04:59:59.171+0000] {dag.py:2690} INFO - Sync 1 DAGs
[2023-05-25T04:59:59.217+0000] {logging_mixin.py:137} INFO - [2023-05-25T04:59:59.217+0000] {dag.py:3441} INFO - Setting next_dagrun for example_time_delta_sensor_async to None, run_after=None
[2023-05-25T04:59:59.251+0000] {processor.py:175} INFO - Processing /home/airflow/.local/lib/python3.7/site-packages/airflow/example_dags/example_time_delta_sensor_async.py took 0.184 seconds
[2023-05-25T05:00:29.669+0000] {processor.py:153} INFO - Started process (PID=2159) to work on /home/airflow/.local/lib/python3.7/site-packages/airflow/example_dags/example_time_delta_sensor_async.py
[2023-05-25T05:00:29.674+0000] {processor.py:743} INFO - Processing file /home/airflow/.local/lib/python3.7/site-packages/airflow/example_dags/example_time_delta_sensor_async.py for tasks to queue
[2023-05-25T05:00:29.677+0000] {logging_mixin.py:137} INFO - [2023-05-25T05:00:29.677+0000] {dagbag.py:538} INFO - Filling up the DagBag from /home/airflow/.local/lib/python3.7/site-packages/airflow/example_dags/example_time_delta_sensor_async.py
[2023-05-25T05:00:29.721+0000] {processor.py:753} INFO - DAG(s) dict_keys(['example_time_delta_sensor_async']) retrieved from /home/airflow/.local/lib/python3.7/site-packages/airflow/example_dags/example_time_delta_sensor_async.py
[2023-05-25T05:00:29.782+0000] {logging_mixin.py:137} INFO - [2023-05-25T05:00:29.781+0000] {dag.py:2690} INFO - Sync 1 DAGs
[2023-05-25T05:00:29.904+0000] {logging_mixin.py:137} INFO - [2023-05-25T05:00:29.904+0000] {dag.py:3441} INFO - Setting next_dagrun for example_time_delta_sensor_async to None, run_after=None
[2023-05-25T05:00:30.004+0000] {processor.py:175} INFO - Processing /home/airflow/.local/lib/python3.7/site-packages/airflow/example_dags/example_time_delta_sensor_async.py took 0.351 seconds
[2023-05-25T05:01:00.447+0000] {processor.py:153} INFO - Started process (PID=2219) to work on /home/airflow/.local/lib/python3.7/site-packages/airflow/example_dags/example_time_delta_sensor_async.py
[2023-05-25T05:01:00.451+0000] {processor.py:743} INFO - Processing file /home/airflow/.local/lib/python3.7/site-packages/airflow/example_dags/example_time_delta_sensor_async.py for tasks to queue
[2023-05-25T05:01:00.454+0000] {logging_mixin.py:137} INFO - [2023-05-25T05:01:00.453+0000] {dagbag.py:538} INFO - Filling up the DagBag from /home/airflow/.local/lib/python3.7/site-packages/airflow/example_dags/example_time_delta_sensor_async.py
[2023-05-25T05:01:00.487+0000] {processor.py:753} INFO - DAG(s) dict_keys(['example_time_delta_sensor_async']) retrieved from /home/airflow/.local/lib/python3.7/site-packages/airflow/example_dags/example_time_delta_sensor_async.py
[2023-05-25T05:01:00.532+0000] {logging_mixin.py:137} INFO - [2023-05-25T05:01:00.532+0000] {dag.py:2690} INFO - Sync 1 DAGs
[2023-05-25T05:01:00.710+0000] {logging_mixin.py:137} INFO - [2023-05-25T05:01:00.710+0000] {dag.py:3441} INFO - Setting next_dagrun for example_time_delta_sensor_async to None, run_after=None
[2023-05-25T05:01:00.775+0000] {processor.py:175} INFO - Processing /home/airflow/.local/lib/python3.7/site-packages/airflow/example_dags/example_time_delta_sensor_async.py took 0.336 seconds
[2023-05-25T05:01:31.563+0000] {processor.py:153} INFO - Started process (PID=2286) to work on /home/airflow/.local/lib/python3.7/site-packages/airflow/example_dags/example_time_delta_sensor_async.py
[2023-05-25T05:01:31.567+0000] {processor.py:743} INFO - Processing file /home/airflow/.local/lib/python3.7/site-packages/airflow/example_dags/example_time_delta_sensor_async.py for tasks to queue
[2023-05-25T05:01:31.569+0000] {logging_mixin.py:137} INFO - [2023-05-25T05:01:31.569+0000] {dagbag.py:538} INFO - Filling up the DagBag from /home/airflow/.local/lib/python3.7/site-packages/airflow/example_dags/example_time_delta_sensor_async.py
[2023-05-25T05:01:31.636+0000] {processor.py:753} INFO - DAG(s) dict_keys(['example_time_delta_sensor_async']) retrieved from /home/airflow/.local/lib/python3.7/site-packages/airflow/example_dags/example_time_delta_sensor_async.py
[2023-05-25T05:01:31.721+0000] {logging_mixin.py:137} INFO - [2023-05-25T05:01:31.721+0000] {dag.py:2690} INFO - Sync 1 DAGs
[2023-05-25T05:01:31.815+0000] {logging_mixin.py:137} INFO - [2023-05-25T05:01:31.815+0000] {dag.py:3441} INFO - Setting next_dagrun for example_time_delta_sensor_async to None, run_after=None
[2023-05-25T05:01:31.880+0000] {processor.py:175} INFO - Processing /home/airflow/.local/lib/python3.7/site-packages/airflow/example_dags/example_time_delta_sensor_async.py took 0.322 seconds
[2023-05-25T05:02:02.789+0000] {processor.py:153} INFO - Started process (PID=2346) to work on /home/airflow/.local/lib/python3.7/site-packages/airflow/example_dags/example_time_delta_sensor_async.py
[2023-05-25T05:02:02.798+0000] {processor.py:743} INFO - Processing file /home/airflow/.local/lib/python3.7/site-packages/airflow/example_dags/example_time_delta_sensor_async.py for tasks to queue
[2023-05-25T05:02:02.801+0000] {logging_mixin.py:137} INFO - [2023-05-25T05:02:02.800+0000] {dagbag.py:538} INFO - Filling up the DagBag from /home/airflow/.local/lib/python3.7/site-packages/airflow/example_dags/example_time_delta_sensor_async.py
[2023-05-25T05:02:02.844+0000] {processor.py:753} INFO - DAG(s) dict_keys(['example_time_delta_sensor_async']) retrieved from /home/airflow/.local/lib/python3.7/site-packages/airflow/example_dags/example_time_delta_sensor_async.py
[2023-05-25T05:02:02.936+0000] {logging_mixin.py:137} INFO - [2023-05-25T05:02:02.935+0000] {dag.py:2690} INFO - Sync 1 DAGs
[2023-05-25T05:02:03.005+0000] {logging_mixin.py:137} INFO - [2023-05-25T05:02:03.005+0000] {dag.py:3441} INFO - Setting next_dagrun for example_time_delta_sensor_async to None, run_after=None
[2023-05-25T05:02:03.052+0000] {processor.py:175} INFO - Processing /home/airflow/.local/lib/python3.7/site-packages/airflow/example_dags/example_time_delta_sensor_async.py took 0.274 seconds
[2023-05-25T05:02:33.413+0000] {processor.py:153} INFO - Started process (PID=2406) to work on /home/airflow/.local/lib/python3.7/site-packages/airflow/example_dags/example_time_delta_sensor_async.py
[2023-05-25T05:02:33.420+0000] {processor.py:743} INFO - Processing file /home/airflow/.local/lib/python3.7/site-packages/airflow/example_dags/example_time_delta_sensor_async.py for tasks to queue
[2023-05-25T05:02:33.425+0000] {logging_mixin.py:137} INFO - [2023-05-25T05:02:33.424+0000] {dagbag.py:538} INFO - Filling up the DagBag from /home/airflow/.local/lib/python3.7/site-packages/airflow/example_dags/example_time_delta_sensor_async.py
[2023-05-25T05:02:33.453+0000] {processor.py:753} INFO - DAG(s) dict_keys(['example_time_delta_sensor_async']) retrieved from /home/airflow/.local/lib/python3.7/site-packages/airflow/example_dags/example_time_delta_sensor_async.py
[2023-05-25T05:02:33.513+0000] {logging_mixin.py:137} INFO - [2023-05-25T05:02:33.513+0000] {dag.py:2690} INFO - Sync 1 DAGs
[2023-05-25T05:02:33.596+0000] {logging_mixin.py:137} INFO - [2023-05-25T05:02:33.596+0000] {dag.py:3441} INFO - Setting next_dagrun for example_time_delta_sensor_async to None, run_after=None
[2023-05-25T05:02:33.673+0000] {processor.py:175} INFO - Processing /home/airflow/.local/lib/python3.7/site-packages/airflow/example_dags/example_time_delta_sensor_async.py took 0.266 seconds
[2023-05-25T05:03:04.605+0000] {processor.py:153} INFO - Started process (PID=2463) to work on /home/airflow/.local/lib/python3.7/site-packages/airflow/example_dags/example_time_delta_sensor_async.py
[2023-05-25T05:03:04.611+0000] {processor.py:743} INFO - Processing file /home/airflow/.local/lib/python3.7/site-packages/airflow/example_dags/example_time_delta_sensor_async.py for tasks to queue
[2023-05-25T05:03:04.618+0000] {logging_mixin.py:137} INFO - [2023-05-25T05:03:04.617+0000] {dagbag.py:538} INFO - Filling up the DagBag from /home/airflow/.local/lib/python3.7/site-packages/airflow/example_dags/example_time_delta_sensor_async.py
[2023-05-25T05:03:04.693+0000] {processor.py:753} INFO - DAG(s) dict_keys(['example_time_delta_sensor_async']) retrieved from /home/airflow/.local/lib/python3.7/site-packages/airflow/example_dags/example_time_delta_sensor_async.py
[2023-05-25T05:03:04.818+0000] {logging_mixin.py:137} INFO - [2023-05-25T05:03:04.818+0000] {dag.py:2690} INFO - Sync 1 DAGs
[2023-05-25T05:03:04.934+0000] {logging_mixin.py:137} INFO - [2023-05-25T05:03:04.933+0000] {dag.py:3441} INFO - Setting next_dagrun for example_time_delta_sensor_async to None, run_after=None
[2023-05-25T05:03:05.069+0000] {processor.py:175} INFO - Processing /home/airflow/.local/lib/python3.7/site-packages/airflow/example_dags/example_time_delta_sensor_async.py took 0.482 seconds
