[2023-05-25T04:35:40.001+0000] {processor.py:153} INFO - Started process (PID=84) to work on /home/airflow/.local/lib/python3.7/site-packages/airflow/example_dags/example_dag_decorator.py
[2023-05-25T04:35:40.019+0000] {processor.py:743} INFO - Processing file /home/airflow/.local/lib/python3.7/site-packages/airflow/example_dags/example_dag_decorator.py for tasks to queue
[2023-05-25T04:35:40.043+0000] {logging_mixin.py:137} INFO - [2023-05-25T04:35:40.043+0000] {dagbag.py:538} INFO - Filling up the DagBag from /home/airflow/.local/lib/python3.7/site-packages/airflow/example_dags/example_dag_decorator.py
[2023-05-25T04:35:40.806+0000] {logging_mixin.py:137} INFO - [2023-05-25T04:35:40.806+0000] {taskmixin.py:205} WARNING - Dependency <Task(_PythonDecoratedOperator): prepare_email>, send_email already registered for DAG: example_dag_decorator
[2023-05-25T04:35:40.893+0000] {logging_mixin.py:137} INFO - [2023-05-25T04:35:40.817+0000] {taskmixin.py:205} WARNING - Dependency <Task(EmailOperator): send_email>, prepare_email already registered for DAG: example_dag_decorator
[2023-05-25T04:35:41.698+0000] {processor.py:753} INFO - DAG(s) dict_keys(['example_dag_decorator']) retrieved from /home/airflow/.local/lib/python3.7/site-packages/airflow/example_dags/example_dag_decorator.py
[2023-05-25T04:35:43.710+0000] {logging_mixin.py:137} INFO - [2023-05-25T04:35:43.710+0000] {dag.py:2690} INFO - Sync 1 DAGs
[2023-05-25T04:35:44.483+0000] {logging_mixin.py:137} INFO - [2023-05-25T04:35:44.483+0000] {dag.py:3441} INFO - Setting next_dagrun for example_dag_decorator to None, run_after=None
[2023-05-25T04:35:44.940+0000] {processor.py:175} INFO - Processing /home/airflow/.local/lib/python3.7/site-packages/airflow/example_dags/example_dag_decorator.py took 5.169 seconds
[2023-05-25T04:36:15.597+0000] {processor.py:153} INFO - Started process (PID=136) to work on /home/airflow/.local/lib/python3.7/site-packages/airflow/example_dags/example_dag_decorator.py
[2023-05-25T04:36:15.607+0000] {processor.py:743} INFO - Processing file /home/airflow/.local/lib/python3.7/site-packages/airflow/example_dags/example_dag_decorator.py for tasks to queue
[2023-05-25T04:36:15.612+0000] {logging_mixin.py:137} INFO - [2023-05-25T04:36:15.612+0000] {dagbag.py:538} INFO - Filling up the DagBag from /home/airflow/.local/lib/python3.7/site-packages/airflow/example_dags/example_dag_decorator.py
[2023-05-25T04:36:15.678+0000] {logging_mixin.py:137} INFO - [2023-05-25T04:36:15.678+0000] {taskmixin.py:205} WARNING - Dependency <Task(_PythonDecoratedOperator): prepare_email>, send_email already registered for DAG: example_dag_decorator
[2023-05-25T04:36:15.681+0000] {logging_mixin.py:137} INFO - [2023-05-25T04:36:15.680+0000] {taskmixin.py:205} WARNING - Dependency <Task(EmailOperator): send_email>, prepare_email already registered for DAG: example_dag_decorator
[2023-05-25T04:36:15.767+0000] {processor.py:753} INFO - DAG(s) dict_keys(['example_dag_decorator']) retrieved from /home/airflow/.local/lib/python3.7/site-packages/airflow/example_dags/example_dag_decorator.py
[2023-05-25T04:36:15.939+0000] {logging_mixin.py:137} INFO - [2023-05-25T04:36:15.939+0000] {dag.py:2690} INFO - Sync 1 DAGs
[2023-05-25T04:36:16.099+0000] {logging_mixin.py:137} INFO - [2023-05-25T04:36:16.098+0000] {dag.py:3441} INFO - Setting next_dagrun for example_dag_decorator to None, run_after=None
[2023-05-25T04:36:16.287+0000] {processor.py:175} INFO - Processing /home/airflow/.local/lib/python3.7/site-packages/airflow/example_dags/example_dag_decorator.py took 0.701 seconds
[2023-05-25T04:36:58.379+0000] {processor.py:153} INFO - Started process (PID=194) to work on /home/airflow/.local/lib/python3.7/site-packages/airflow/example_dags/example_dag_decorator.py
[2023-05-25T04:36:58.412+0000] {processor.py:743} INFO - Processing file /home/airflow/.local/lib/python3.7/site-packages/airflow/example_dags/example_dag_decorator.py for tasks to queue
[2023-05-25T04:36:58.436+0000] {logging_mixin.py:137} INFO - [2023-05-25T04:36:58.436+0000] {dagbag.py:538} INFO - Filling up the DagBag from /home/airflow/.local/lib/python3.7/site-packages/airflow/example_dags/example_dag_decorator.py
[2023-05-25T04:36:58.987+0000] {logging_mixin.py:137} INFO - [2023-05-25T04:36:58.986+0000] {taskmixin.py:205} WARNING - Dependency <Task(_PythonDecoratedOperator): prepare_email>, send_email already registered for DAG: example_dag_decorator
[2023-05-25T04:36:58.989+0000] {logging_mixin.py:137} INFO - [2023-05-25T04:36:58.989+0000] {taskmixin.py:205} WARNING - Dependency <Task(EmailOperator): send_email>, prepare_email already registered for DAG: example_dag_decorator
[2023-05-25T04:36:59.308+0000] {processor.py:753} INFO - DAG(s) dict_keys(['example_dag_decorator']) retrieved from /home/airflow/.local/lib/python3.7/site-packages/airflow/example_dags/example_dag_decorator.py
[2023-05-25T04:36:59.923+0000] {logging_mixin.py:137} INFO - [2023-05-25T04:36:59.913+0000] {dag.py:2690} INFO - Sync 1 DAGs
[2023-05-25T04:37:00.741+0000] {logging_mixin.py:137} INFO - [2023-05-25T04:37:00.738+0000] {dag.py:3441} INFO - Setting next_dagrun for example_dag_decorator to None, run_after=None
[2023-05-25T04:37:01.795+0000] {processor.py:175} INFO - Processing /home/airflow/.local/lib/python3.7/site-packages/airflow/example_dags/example_dag_decorator.py took 3.656 seconds
[2023-05-25T04:38:19.083+0000] {processor.py:153} INFO - Started process (PID=253) to work on /home/airflow/.local/lib/python3.7/site-packages/airflow/example_dags/example_dag_decorator.py
[2023-05-25T04:38:19.099+0000] {processor.py:743} INFO - Processing file /home/airflow/.local/lib/python3.7/site-packages/airflow/example_dags/example_dag_decorator.py for tasks to queue
[2023-05-25T04:38:19.103+0000] {logging_mixin.py:137} INFO - [2023-05-25T04:38:19.103+0000] {dagbag.py:538} INFO - Filling up the DagBag from /home/airflow/.local/lib/python3.7/site-packages/airflow/example_dags/example_dag_decorator.py
[2023-05-25T04:38:19.377+0000] {logging_mixin.py:137} INFO - [2023-05-25T04:38:19.372+0000] {taskmixin.py:205} WARNING - Dependency <Task(_PythonDecoratedOperator): prepare_email>, send_email already registered for DAG: example_dag_decorator
[2023-05-25T04:38:19.383+0000] {logging_mixin.py:137} INFO - [2023-05-25T04:38:19.382+0000] {taskmixin.py:205} WARNING - Dependency <Task(EmailOperator): send_email>, prepare_email already registered for DAG: example_dag_decorator
[2023-05-25T04:38:19.623+0000] {processor.py:753} INFO - DAG(s) dict_keys(['example_dag_decorator']) retrieved from /home/airflow/.local/lib/python3.7/site-packages/airflow/example_dags/example_dag_decorator.py
[2023-05-25T04:38:20.454+0000] {logging_mixin.py:137} INFO - [2023-05-25T04:38:20.424+0000] {dag.py:2690} INFO - Sync 1 DAGs
[2023-05-25T04:38:20.650+0000] {logging_mixin.py:137} INFO - [2023-05-25T04:38:20.650+0000] {dag.py:3441} INFO - Setting next_dagrun for example_dag_decorator to None, run_after=None
[2023-05-25T04:38:21.234+0000] {processor.py:175} INFO - Processing /home/airflow/.local/lib/python3.7/site-packages/airflow/example_dags/example_dag_decorator.py took 2.216 seconds
[2023-05-25T04:38:55.344+0000] {processor.py:153} INFO - Started process (PID=311) to work on /home/airflow/.local/lib/python3.7/site-packages/airflow/example_dags/example_dag_decorator.py
[2023-05-25T04:38:55.350+0000] {processor.py:743} INFO - Processing file /home/airflow/.local/lib/python3.7/site-packages/airflow/example_dags/example_dag_decorator.py for tasks to queue
[2023-05-25T04:38:55.358+0000] {logging_mixin.py:137} INFO - [2023-05-25T04:38:55.357+0000] {dagbag.py:538} INFO - Filling up the DagBag from /home/airflow/.local/lib/python3.7/site-packages/airflow/example_dags/example_dag_decorator.py
[2023-05-25T04:38:55.484+0000] {logging_mixin.py:137} INFO - [2023-05-25T04:38:55.484+0000] {taskmixin.py:205} WARNING - Dependency <Task(_PythonDecoratedOperator): prepare_email>, send_email already registered for DAG: example_dag_decorator
[2023-05-25T04:38:55.496+0000] {logging_mixin.py:137} INFO - [2023-05-25T04:38:55.493+0000] {taskmixin.py:205} WARNING - Dependency <Task(EmailOperator): send_email>, prepare_email already registered for DAG: example_dag_decorator
[2023-05-25T04:38:55.560+0000] {processor.py:753} INFO - DAG(s) dict_keys(['example_dag_decorator']) retrieved from /home/airflow/.local/lib/python3.7/site-packages/airflow/example_dags/example_dag_decorator.py
[2023-05-25T04:38:55.998+0000] {logging_mixin.py:137} INFO - [2023-05-25T04:38:55.998+0000] {dag.py:2690} INFO - Sync 1 DAGs
[2023-05-25T04:38:56.127+0000] {logging_mixin.py:137} INFO - [2023-05-25T04:38:56.126+0000] {dag.py:3441} INFO - Setting next_dagrun for example_dag_decorator to None, run_after=None
[2023-05-25T04:38:56.267+0000] {processor.py:175} INFO - Processing /home/airflow/.local/lib/python3.7/site-packages/airflow/example_dags/example_dag_decorator.py took 0.946 seconds
[2023-05-25T04:39:33.385+0000] {processor.py:153} INFO - Started process (PID=369) to work on /home/airflow/.local/lib/python3.7/site-packages/airflow/example_dags/example_dag_decorator.py
[2023-05-25T04:39:33.390+0000] {processor.py:743} INFO - Processing file /home/airflow/.local/lib/python3.7/site-packages/airflow/example_dags/example_dag_decorator.py for tasks to queue
[2023-05-25T04:39:33.401+0000] {logging_mixin.py:137} INFO - [2023-05-25T04:39:33.401+0000] {dagbag.py:538} INFO - Filling up the DagBag from /home/airflow/.local/lib/python3.7/site-packages/airflow/example_dags/example_dag_decorator.py
[2023-05-25T04:39:33.739+0000] {logging_mixin.py:137} INFO - [2023-05-25T04:39:33.739+0000] {taskmixin.py:205} WARNING - Dependency <Task(_PythonDecoratedOperator): prepare_email>, send_email already registered for DAG: example_dag_decorator
[2023-05-25T04:39:33.755+0000] {logging_mixin.py:137} INFO - [2023-05-25T04:39:33.744+0000] {taskmixin.py:205} WARNING - Dependency <Task(EmailOperator): send_email>, prepare_email already registered for DAG: example_dag_decorator
[2023-05-25T04:39:33.848+0000] {processor.py:753} INFO - DAG(s) dict_keys(['example_dag_decorator']) retrieved from /home/airflow/.local/lib/python3.7/site-packages/airflow/example_dags/example_dag_decorator.py
[2023-05-25T04:39:34.704+0000] {logging_mixin.py:137} INFO - [2023-05-25T04:39:34.690+0000] {dag.py:2690} INFO - Sync 1 DAGs
[2023-05-25T04:39:35.342+0000] {logging_mixin.py:137} INFO - [2023-05-25T04:39:35.339+0000] {dag.py:3441} INFO - Setting next_dagrun for example_dag_decorator to None, run_after=None
[2023-05-25T04:39:35.954+0000] {processor.py:175} INFO - Processing /home/airflow/.local/lib/python3.7/site-packages/airflow/example_dags/example_dag_decorator.py took 2.583 seconds
[2023-05-25T04:42:08.009+0000] {processor.py:153} INFO - Started process (PID=62) to work on /home/airflow/.local/lib/python3.7/site-packages/airflow/example_dags/example_dag_decorator.py
[2023-05-25T04:42:08.021+0000] {processor.py:743} INFO - Processing file /home/airflow/.local/lib/python3.7/site-packages/airflow/example_dags/example_dag_decorator.py for tasks to queue
[2023-05-25T04:42:08.025+0000] {logging_mixin.py:137} INFO - [2023-05-25T04:42:08.024+0000] {dagbag.py:538} INFO - Filling up the DagBag from /home/airflow/.local/lib/python3.7/site-packages/airflow/example_dags/example_dag_decorator.py
[2023-05-25T04:42:08.219+0000] {logging_mixin.py:137} INFO - [2023-05-25T04:42:08.217+0000] {taskmixin.py:205} WARNING - Dependency <Task(_PythonDecoratedOperator): prepare_email>, send_email already registered for DAG: example_dag_decorator
[2023-05-25T04:42:08.222+0000] {logging_mixin.py:137} INFO - [2023-05-25T04:42:08.221+0000] {taskmixin.py:205} WARNING - Dependency <Task(EmailOperator): send_email>, prepare_email already registered for DAG: example_dag_decorator
[2023-05-25T04:42:08.312+0000] {processor.py:753} INFO - DAG(s) dict_keys(['example_dag_decorator']) retrieved from /home/airflow/.local/lib/python3.7/site-packages/airflow/example_dags/example_dag_decorator.py
[2023-05-25T04:42:08.670+0000] {logging_mixin.py:137} INFO - [2023-05-25T04:42:08.669+0000] {dag.py:2690} INFO - Sync 1 DAGs
[2023-05-25T04:42:08.842+0000] {logging_mixin.py:137} INFO - [2023-05-25T04:42:08.842+0000] {dag.py:3441} INFO - Setting next_dagrun for example_dag_decorator to None, run_after=None
[2023-05-25T04:42:09.121+0000] {processor.py:175} INFO - Processing /home/airflow/.local/lib/python3.7/site-packages/airflow/example_dags/example_dag_decorator.py took 1.137 seconds
[2023-05-25T04:42:39.657+0000] {processor.py:153} INFO - Started process (PID=121) to work on /home/airflow/.local/lib/python3.7/site-packages/airflow/example_dags/example_dag_decorator.py
[2023-05-25T04:42:39.662+0000] {processor.py:743} INFO - Processing file /home/airflow/.local/lib/python3.7/site-packages/airflow/example_dags/example_dag_decorator.py for tasks to queue
[2023-05-25T04:42:39.667+0000] {logging_mixin.py:137} INFO - [2023-05-25T04:42:39.666+0000] {dagbag.py:538} INFO - Filling up the DagBag from /home/airflow/.local/lib/python3.7/site-packages/airflow/example_dags/example_dag_decorator.py
[2023-05-25T04:42:39.731+0000] {logging_mixin.py:137} INFO - [2023-05-25T04:42:39.729+0000] {taskmixin.py:205} WARNING - Dependency <Task(_PythonDecoratedOperator): prepare_email>, send_email already registered for DAG: example_dag_decorator
[2023-05-25T04:42:39.733+0000] {logging_mixin.py:137} INFO - [2023-05-25T04:42:39.732+0000] {taskmixin.py:205} WARNING - Dependency <Task(EmailOperator): send_email>, prepare_email already registered for DAG: example_dag_decorator
[2023-05-25T04:42:39.763+0000] {processor.py:753} INFO - DAG(s) dict_keys(['example_dag_decorator']) retrieved from /home/airflow/.local/lib/python3.7/site-packages/airflow/example_dags/example_dag_decorator.py
[2023-05-25T04:42:39.900+0000] {logging_mixin.py:137} INFO - [2023-05-25T04:42:39.900+0000] {dag.py:2690} INFO - Sync 1 DAGs
[2023-05-25T04:42:39.941+0000] {logging_mixin.py:137} INFO - [2023-05-25T04:42:39.941+0000] {dag.py:3441} INFO - Setting next_dagrun for example_dag_decorator to None, run_after=None
[2023-05-25T04:42:39.984+0000] {processor.py:175} INFO - Processing /home/airflow/.local/lib/python3.7/site-packages/airflow/example_dags/example_dag_decorator.py took 0.339 seconds
[2023-05-25T04:43:11.516+0000] {processor.py:153} INFO - Started process (PID=180) to work on /home/airflow/.local/lib/python3.7/site-packages/airflow/example_dags/example_dag_decorator.py
[2023-05-25T04:43:11.524+0000] {processor.py:743} INFO - Processing file /home/airflow/.local/lib/python3.7/site-packages/airflow/example_dags/example_dag_decorator.py for tasks to queue
[2023-05-25T04:43:11.526+0000] {logging_mixin.py:137} INFO - [2023-05-25T04:43:11.526+0000] {dagbag.py:538} INFO - Filling up the DagBag from /home/airflow/.local/lib/python3.7/site-packages/airflow/example_dags/example_dag_decorator.py
[2023-05-25T04:43:11.661+0000] {logging_mixin.py:137} INFO - [2023-05-25T04:43:11.660+0000] {taskmixin.py:205} WARNING - Dependency <Task(_PythonDecoratedOperator): prepare_email>, send_email already registered for DAG: example_dag_decorator
[2023-05-25T04:43:11.663+0000] {logging_mixin.py:137} INFO - [2023-05-25T04:43:11.662+0000] {taskmixin.py:205} WARNING - Dependency <Task(EmailOperator): send_email>, prepare_email already registered for DAG: example_dag_decorator
[2023-05-25T04:43:11.684+0000] {processor.py:753} INFO - DAG(s) dict_keys(['example_dag_decorator']) retrieved from /home/airflow/.local/lib/python3.7/site-packages/airflow/example_dags/example_dag_decorator.py
[2023-05-25T04:43:11.901+0000] {logging_mixin.py:137} INFO - [2023-05-25T04:43:11.900+0000] {dag.py:2690} INFO - Sync 1 DAGs
[2023-05-25T04:43:11.972+0000] {logging_mixin.py:137} INFO - [2023-05-25T04:43:11.972+0000] {dag.py:3441} INFO - Setting next_dagrun for example_dag_decorator to None, run_after=None
[2023-05-25T04:43:12.031+0000] {processor.py:175} INFO - Processing /home/airflow/.local/lib/python3.7/site-packages/airflow/example_dags/example_dag_decorator.py took 0.545 seconds
[2023-05-25T04:43:43.328+0000] {processor.py:153} INFO - Started process (PID=241) to work on /home/airflow/.local/lib/python3.7/site-packages/airflow/example_dags/example_dag_decorator.py
[2023-05-25T04:43:43.335+0000] {processor.py:743} INFO - Processing file /home/airflow/.local/lib/python3.7/site-packages/airflow/example_dags/example_dag_decorator.py for tasks to queue
[2023-05-25T04:43:43.344+0000] {logging_mixin.py:137} INFO - [2023-05-25T04:43:43.342+0000] {dagbag.py:538} INFO - Filling up the DagBag from /home/airflow/.local/lib/python3.7/site-packages/airflow/example_dags/example_dag_decorator.py
[2023-05-25T04:43:43.399+0000] {logging_mixin.py:137} INFO - [2023-05-25T04:43:43.398+0000] {taskmixin.py:205} WARNING - Dependency <Task(_PythonDecoratedOperator): prepare_email>, send_email already registered for DAG: example_dag_decorator
[2023-05-25T04:43:43.406+0000] {logging_mixin.py:137} INFO - [2023-05-25T04:43:43.406+0000] {taskmixin.py:205} WARNING - Dependency <Task(EmailOperator): send_email>, prepare_email already registered for DAG: example_dag_decorator
[2023-05-25T04:43:43.489+0000] {processor.py:753} INFO - DAG(s) dict_keys(['example_dag_decorator']) retrieved from /home/airflow/.local/lib/python3.7/site-packages/airflow/example_dags/example_dag_decorator.py
[2023-05-25T04:43:43.583+0000] {logging_mixin.py:137} INFO - [2023-05-25T04:43:43.583+0000] {dag.py:2690} INFO - Sync 1 DAGs
[2023-05-25T04:43:43.727+0000] {logging_mixin.py:137} INFO - [2023-05-25T04:43:43.726+0000] {dag.py:3441} INFO - Setting next_dagrun for example_dag_decorator to None, run_after=None
[2023-05-25T04:43:43.826+0000] {processor.py:175} INFO - Processing /home/airflow/.local/lib/python3.7/site-packages/airflow/example_dags/example_dag_decorator.py took 0.509 seconds
[2023-05-25T04:44:14.747+0000] {processor.py:153} INFO - Started process (PID=300) to work on /home/airflow/.local/lib/python3.7/site-packages/airflow/example_dags/example_dag_decorator.py
[2023-05-25T04:44:14.752+0000] {processor.py:743} INFO - Processing file /home/airflow/.local/lib/python3.7/site-packages/airflow/example_dags/example_dag_decorator.py for tasks to queue
[2023-05-25T04:44:14.756+0000] {logging_mixin.py:137} INFO - [2023-05-25T04:44:14.755+0000] {dagbag.py:538} INFO - Filling up the DagBag from /home/airflow/.local/lib/python3.7/site-packages/airflow/example_dags/example_dag_decorator.py
[2023-05-25T04:44:14.836+0000] {logging_mixin.py:137} INFO - [2023-05-25T04:44:14.836+0000] {taskmixin.py:205} WARNING - Dependency <Task(_PythonDecoratedOperator): prepare_email>, send_email already registered for DAG: example_dag_decorator
[2023-05-25T04:44:14.861+0000] {logging_mixin.py:137} INFO - [2023-05-25T04:44:14.861+0000] {taskmixin.py:205} WARNING - Dependency <Task(EmailOperator): send_email>, prepare_email already registered for DAG: example_dag_decorator
[2023-05-25T04:44:14.910+0000] {processor.py:753} INFO - DAG(s) dict_keys(['example_dag_decorator']) retrieved from /home/airflow/.local/lib/python3.7/site-packages/airflow/example_dags/example_dag_decorator.py
[2023-05-25T04:44:15.229+0000] {logging_mixin.py:137} INFO - [2023-05-25T04:44:15.229+0000] {dag.py:2690} INFO - Sync 1 DAGs
[2023-05-25T04:44:15.298+0000] {logging_mixin.py:137} INFO - [2023-05-25T04:44:15.298+0000] {dag.py:3441} INFO - Setting next_dagrun for example_dag_decorator to None, run_after=None
[2023-05-25T04:44:15.359+0000] {processor.py:175} INFO - Processing /home/airflow/.local/lib/python3.7/site-packages/airflow/example_dags/example_dag_decorator.py took 0.630 seconds
[2023-05-25T04:44:46.000+0000] {processor.py:153} INFO - Started process (PID=370) to work on /home/airflow/.local/lib/python3.7/site-packages/airflow/example_dags/example_dag_decorator.py
[2023-05-25T04:44:46.006+0000] {processor.py:743} INFO - Processing file /home/airflow/.local/lib/python3.7/site-packages/airflow/example_dags/example_dag_decorator.py for tasks to queue
[2023-05-25T04:44:46.010+0000] {logging_mixin.py:137} INFO - [2023-05-25T04:44:46.009+0000] {dagbag.py:538} INFO - Filling up the DagBag from /home/airflow/.local/lib/python3.7/site-packages/airflow/example_dags/example_dag_decorator.py
[2023-05-25T04:44:46.084+0000] {logging_mixin.py:137} INFO - [2023-05-25T04:44:46.083+0000] {taskmixin.py:205} WARNING - Dependency <Task(_PythonDecoratedOperator): prepare_email>, send_email already registered for DAG: example_dag_decorator
[2023-05-25T04:44:46.090+0000] {logging_mixin.py:137} INFO - [2023-05-25T04:44:46.089+0000] {taskmixin.py:205} WARNING - Dependency <Task(EmailOperator): send_email>, prepare_email already registered for DAG: example_dag_decorator
[2023-05-25T04:44:46.143+0000] {processor.py:753} INFO - DAG(s) dict_keys(['example_dag_decorator']) retrieved from /home/airflow/.local/lib/python3.7/site-packages/airflow/example_dags/example_dag_decorator.py
[2023-05-25T04:44:46.286+0000] {logging_mixin.py:137} INFO - [2023-05-25T04:44:46.285+0000] {dag.py:2690} INFO - Sync 1 DAGs
[2023-05-25T04:44:46.355+0000] {logging_mixin.py:137} INFO - [2023-05-25T04:44:46.355+0000] {dag.py:3441} INFO - Setting next_dagrun for example_dag_decorator to None, run_after=None
[2023-05-25T04:44:46.414+0000] {processor.py:175} INFO - Processing /home/airflow/.local/lib/python3.7/site-packages/airflow/example_dags/example_dag_decorator.py took 0.429 seconds
[2023-05-25T04:45:17.282+0000] {processor.py:153} INFO - Started process (PID=431) to work on /home/airflow/.local/lib/python3.7/site-packages/airflow/example_dags/example_dag_decorator.py
[2023-05-25T04:45:17.291+0000] {processor.py:743} INFO - Processing file /home/airflow/.local/lib/python3.7/site-packages/airflow/example_dags/example_dag_decorator.py for tasks to queue
[2023-05-25T04:45:17.317+0000] {logging_mixin.py:137} INFO - [2023-05-25T04:45:17.314+0000] {dagbag.py:538} INFO - Filling up the DagBag from /home/airflow/.local/lib/python3.7/site-packages/airflow/example_dags/example_dag_decorator.py
[2023-05-25T04:45:17.427+0000] {logging_mixin.py:137} INFO - [2023-05-25T04:45:17.423+0000] {taskmixin.py:205} WARNING - Dependency <Task(_PythonDecoratedOperator): prepare_email>, send_email already registered for DAG: example_dag_decorator
[2023-05-25T04:45:17.429+0000] {logging_mixin.py:137} INFO - [2023-05-25T04:45:17.428+0000] {taskmixin.py:205} WARNING - Dependency <Task(EmailOperator): send_email>, prepare_email already registered for DAG: example_dag_decorator
[2023-05-25T04:45:17.493+0000] {processor.py:753} INFO - DAG(s) dict_keys(['example_dag_decorator']) retrieved from /home/airflow/.local/lib/python3.7/site-packages/airflow/example_dags/example_dag_decorator.py
[2023-05-25T04:45:17.722+0000] {logging_mixin.py:137} INFO - [2023-05-25T04:45:17.722+0000] {dag.py:2690} INFO - Sync 1 DAGs
[2023-05-25T04:45:17.804+0000] {logging_mixin.py:137} INFO - [2023-05-25T04:45:17.803+0000] {dag.py:3441} INFO - Setting next_dagrun for example_dag_decorator to None, run_after=None
[2023-05-25T04:45:17.848+0000] {processor.py:175} INFO - Processing /home/airflow/.local/lib/python3.7/site-packages/airflow/example_dags/example_dag_decorator.py took 0.587 seconds
[2023-05-25T04:45:48.594+0000] {processor.py:153} INFO - Started process (PID=482) to work on /home/airflow/.local/lib/python3.7/site-packages/airflow/example_dags/example_dag_decorator.py
[2023-05-25T04:45:48.604+0000] {processor.py:743} INFO - Processing file /home/airflow/.local/lib/python3.7/site-packages/airflow/example_dags/example_dag_decorator.py for tasks to queue
[2023-05-25T04:45:48.608+0000] {logging_mixin.py:137} INFO - [2023-05-25T04:45:48.607+0000] {dagbag.py:538} INFO - Filling up the DagBag from /home/airflow/.local/lib/python3.7/site-packages/airflow/example_dags/example_dag_decorator.py
[2023-05-25T04:45:48.646+0000] {logging_mixin.py:137} INFO - [2023-05-25T04:45:48.645+0000] {taskmixin.py:205} WARNING - Dependency <Task(_PythonDecoratedOperator): prepare_email>, send_email already registered for DAG: example_dag_decorator
[2023-05-25T04:45:48.650+0000] {logging_mixin.py:137} INFO - [2023-05-25T04:45:48.649+0000] {taskmixin.py:205} WARNING - Dependency <Task(EmailOperator): send_email>, prepare_email already registered for DAG: example_dag_decorator
[2023-05-25T04:45:48.694+0000] {processor.py:753} INFO - DAG(s) dict_keys(['example_dag_decorator']) retrieved from /home/airflow/.local/lib/python3.7/site-packages/airflow/example_dags/example_dag_decorator.py
[2023-05-25T04:45:48.932+0000] {logging_mixin.py:137} INFO - [2023-05-25T04:45:48.931+0000] {dag.py:2690} INFO - Sync 1 DAGs
[2023-05-25T04:45:49.069+0000] {logging_mixin.py:137} INFO - [2023-05-25T04:45:49.068+0000] {dag.py:3441} INFO - Setting next_dagrun for example_dag_decorator to None, run_after=None
[2023-05-25T04:45:49.107+0000] {processor.py:175} INFO - Processing /home/airflow/.local/lib/python3.7/site-packages/airflow/example_dags/example_dag_decorator.py took 0.554 seconds
[2023-05-25T04:46:19.247+0000] {processor.py:153} INFO - Started process (PID=554) to work on /home/airflow/.local/lib/python3.7/site-packages/airflow/example_dags/example_dag_decorator.py
[2023-05-25T04:46:19.251+0000] {processor.py:743} INFO - Processing file /home/airflow/.local/lib/python3.7/site-packages/airflow/example_dags/example_dag_decorator.py for tasks to queue
[2023-05-25T04:46:19.255+0000] {logging_mixin.py:137} INFO - [2023-05-25T04:46:19.255+0000] {dagbag.py:538} INFO - Filling up the DagBag from /home/airflow/.local/lib/python3.7/site-packages/airflow/example_dags/example_dag_decorator.py
[2023-05-25T04:46:19.308+0000] {logging_mixin.py:137} INFO - [2023-05-25T04:46:19.308+0000] {taskmixin.py:205} WARNING - Dependency <Task(_PythonDecoratedOperator): prepare_email>, send_email already registered for DAG: example_dag_decorator
[2023-05-25T04:46:19.310+0000] {logging_mixin.py:137} INFO - [2023-05-25T04:46:19.310+0000] {taskmixin.py:205} WARNING - Dependency <Task(EmailOperator): send_email>, prepare_email already registered for DAG: example_dag_decorator
[2023-05-25T04:46:19.356+0000] {processor.py:753} INFO - DAG(s) dict_keys(['example_dag_decorator']) retrieved from /home/airflow/.local/lib/python3.7/site-packages/airflow/example_dags/example_dag_decorator.py
[2023-05-25T04:46:19.554+0000] {logging_mixin.py:137} INFO - [2023-05-25T04:46:19.553+0000] {dag.py:2690} INFO - Sync 1 DAGs
[2023-05-25T04:46:19.616+0000] {logging_mixin.py:137} INFO - [2023-05-25T04:46:19.616+0000] {dag.py:3441} INFO - Setting next_dagrun for example_dag_decorator to None, run_after=None
[2023-05-25T04:46:19.650+0000] {processor.py:175} INFO - Processing /home/airflow/.local/lib/python3.7/site-packages/airflow/example_dags/example_dag_decorator.py took 0.409 seconds
[2023-05-25T04:46:49.942+0000] {processor.py:153} INFO - Started process (PID=614) to work on /home/airflow/.local/lib/python3.7/site-packages/airflow/example_dags/example_dag_decorator.py
[2023-05-25T04:46:49.949+0000] {processor.py:743} INFO - Processing file /home/airflow/.local/lib/python3.7/site-packages/airflow/example_dags/example_dag_decorator.py for tasks to queue
[2023-05-25T04:46:49.960+0000] {logging_mixin.py:137} INFO - [2023-05-25T04:46:49.959+0000] {dagbag.py:538} INFO - Filling up the DagBag from /home/airflow/.local/lib/python3.7/site-packages/airflow/example_dags/example_dag_decorator.py
[2023-05-25T04:46:50.007+0000] {logging_mixin.py:137} INFO - [2023-05-25T04:46:50.007+0000] {taskmixin.py:205} WARNING - Dependency <Task(_PythonDecoratedOperator): prepare_email>, send_email already registered for DAG: example_dag_decorator
[2023-05-25T04:46:50.009+0000] {logging_mixin.py:137} INFO - [2023-05-25T04:46:50.009+0000] {taskmixin.py:205} WARNING - Dependency <Task(EmailOperator): send_email>, prepare_email already registered for DAG: example_dag_decorator
[2023-05-25T04:46:50.049+0000] {processor.py:753} INFO - DAG(s) dict_keys(['example_dag_decorator']) retrieved from /home/airflow/.local/lib/python3.7/site-packages/airflow/example_dags/example_dag_decorator.py
[2023-05-25T04:46:50.208+0000] {logging_mixin.py:137} INFO - [2023-05-25T04:46:50.208+0000] {dag.py:2690} INFO - Sync 1 DAGs
[2023-05-25T04:46:50.278+0000] {logging_mixin.py:137} INFO - [2023-05-25T04:46:50.278+0000] {dag.py:3441} INFO - Setting next_dagrun for example_dag_decorator to None, run_after=None
[2023-05-25T04:46:50.331+0000] {processor.py:175} INFO - Processing /home/airflow/.local/lib/python3.7/site-packages/airflow/example_dags/example_dag_decorator.py took 0.394 seconds
[2023-05-25T04:47:39.500+0000] {processor.py:153} INFO - Started process (PID=673) to work on /home/airflow/.local/lib/python3.7/site-packages/airflow/example_dags/example_dag_decorator.py
[2023-05-25T04:47:39.510+0000] {processor.py:743} INFO - Processing file /home/airflow/.local/lib/python3.7/site-packages/airflow/example_dags/example_dag_decorator.py for tasks to queue
[2023-05-25T04:47:39.516+0000] {logging_mixin.py:137} INFO - [2023-05-25T04:47:39.516+0000] {dagbag.py:538} INFO - Filling up the DagBag from /home/airflow/.local/lib/python3.7/site-packages/airflow/example_dags/example_dag_decorator.py
[2023-05-25T04:47:39.583+0000] {logging_mixin.py:137} INFO - [2023-05-25T04:47:39.583+0000] {taskmixin.py:205} WARNING - Dependency <Task(_PythonDecoratedOperator): prepare_email>, send_email already registered for DAG: example_dag_decorator
[2023-05-25T04:47:39.593+0000] {logging_mixin.py:137} INFO - [2023-05-25T04:47:39.592+0000] {taskmixin.py:205} WARNING - Dependency <Task(EmailOperator): send_email>, prepare_email already registered for DAG: example_dag_decorator
[2023-05-25T04:47:39.694+0000] {processor.py:753} INFO - DAG(s) dict_keys(['example_dag_decorator']) retrieved from /home/airflow/.local/lib/python3.7/site-packages/airflow/example_dags/example_dag_decorator.py
[2023-05-25T04:47:40.099+0000] {logging_mixin.py:137} INFO - [2023-05-25T04:47:40.098+0000] {dag.py:2690} INFO - Sync 1 DAGs
[2023-05-25T04:47:40.177+0000] {logging_mixin.py:137} INFO - [2023-05-25T04:47:40.177+0000] {dag.py:3441} INFO - Setting next_dagrun for example_dag_decorator to None, run_after=None
[2023-05-25T04:47:40.248+0000] {processor.py:175} INFO - Processing /home/airflow/.local/lib/python3.7/site-packages/airflow/example_dags/example_dag_decorator.py took 0.777 seconds
[2023-05-25T04:48:10.937+0000] {processor.py:153} INFO - Started process (PID=733) to work on /home/airflow/.local/lib/python3.7/site-packages/airflow/example_dags/example_dag_decorator.py
[2023-05-25T04:48:10.943+0000] {processor.py:743} INFO - Processing file /home/airflow/.local/lib/python3.7/site-packages/airflow/example_dags/example_dag_decorator.py for tasks to queue
[2023-05-25T04:48:10.946+0000] {logging_mixin.py:137} INFO - [2023-05-25T04:48:10.946+0000] {dagbag.py:538} INFO - Filling up the DagBag from /home/airflow/.local/lib/python3.7/site-packages/airflow/example_dags/example_dag_decorator.py
[2023-05-25T04:48:10.994+0000] {logging_mixin.py:137} INFO - [2023-05-25T04:48:10.994+0000] {taskmixin.py:205} WARNING - Dependency <Task(_PythonDecoratedOperator): prepare_email>, send_email already registered for DAG: example_dag_decorator
[2023-05-25T04:48:11.002+0000] {logging_mixin.py:137} INFO - [2023-05-25T04:48:11.001+0000] {taskmixin.py:205} WARNING - Dependency <Task(EmailOperator): send_email>, prepare_email already registered for DAG: example_dag_decorator
[2023-05-25T04:48:11.041+0000] {processor.py:753} INFO - DAG(s) dict_keys(['example_dag_decorator']) retrieved from /home/airflow/.local/lib/python3.7/site-packages/airflow/example_dags/example_dag_decorator.py
[2023-05-25T04:48:11.252+0000] {logging_mixin.py:137} INFO - [2023-05-25T04:48:11.251+0000] {dag.py:2690} INFO - Sync 1 DAGs
[2023-05-25T04:48:11.313+0000] {logging_mixin.py:137} INFO - [2023-05-25T04:48:11.312+0000] {dag.py:3441} INFO - Setting next_dagrun for example_dag_decorator to None, run_after=None
[2023-05-25T04:48:11.380+0000] {processor.py:175} INFO - Processing /home/airflow/.local/lib/python3.7/site-packages/airflow/example_dags/example_dag_decorator.py took 0.454 seconds
[2023-05-25T04:48:41.737+0000] {processor.py:153} INFO - Started process (PID=798) to work on /home/airflow/.local/lib/python3.7/site-packages/airflow/example_dags/example_dag_decorator.py
[2023-05-25T04:48:41.745+0000] {processor.py:743} INFO - Processing file /home/airflow/.local/lib/python3.7/site-packages/airflow/example_dags/example_dag_decorator.py for tasks to queue
[2023-05-25T04:48:41.748+0000] {logging_mixin.py:137} INFO - [2023-05-25T04:48:41.747+0000] {dagbag.py:538} INFO - Filling up the DagBag from /home/airflow/.local/lib/python3.7/site-packages/airflow/example_dags/example_dag_decorator.py
[2023-05-25T04:48:41.818+0000] {logging_mixin.py:137} INFO - [2023-05-25T04:48:41.818+0000] {taskmixin.py:205} WARNING - Dependency <Task(_PythonDecoratedOperator): prepare_email>, send_email already registered for DAG: example_dag_decorator
[2023-05-25T04:48:41.821+0000] {logging_mixin.py:137} INFO - [2023-05-25T04:48:41.820+0000] {taskmixin.py:205} WARNING - Dependency <Task(EmailOperator): send_email>, prepare_email already registered for DAG: example_dag_decorator
[2023-05-25T04:48:41.866+0000] {processor.py:753} INFO - DAG(s) dict_keys(['example_dag_decorator']) retrieved from /home/airflow/.local/lib/python3.7/site-packages/airflow/example_dags/example_dag_decorator.py
[2023-05-25T04:48:42.379+0000] {logging_mixin.py:137} INFO - [2023-05-25T04:48:42.379+0000] {dag.py:2690} INFO - Sync 1 DAGs
[2023-05-25T04:48:42.767+0000] {logging_mixin.py:137} INFO - [2023-05-25T04:48:42.767+0000] {dag.py:3441} INFO - Setting next_dagrun for example_dag_decorator to None, run_after=None
[2023-05-25T04:48:42.897+0000] {processor.py:175} INFO - Processing /home/airflow/.local/lib/python3.7/site-packages/airflow/example_dags/example_dag_decorator.py took 1.175 seconds
[2023-05-25T04:49:13.142+0000] {processor.py:153} INFO - Started process (PID=858) to work on /home/airflow/.local/lib/python3.7/site-packages/airflow/example_dags/example_dag_decorator.py
[2023-05-25T04:49:13.161+0000] {processor.py:743} INFO - Processing file /home/airflow/.local/lib/python3.7/site-packages/airflow/example_dags/example_dag_decorator.py for tasks to queue
[2023-05-25T04:49:13.171+0000] {logging_mixin.py:137} INFO - [2023-05-25T04:49:13.170+0000] {dagbag.py:538} INFO - Filling up the DagBag from /home/airflow/.local/lib/python3.7/site-packages/airflow/example_dags/example_dag_decorator.py
[2023-05-25T04:49:13.336+0000] {logging_mixin.py:137} INFO - [2023-05-25T04:49:13.331+0000] {taskmixin.py:205} WARNING - Dependency <Task(_PythonDecoratedOperator): prepare_email>, send_email already registered for DAG: example_dag_decorator
[2023-05-25T04:49:13.338+0000] {logging_mixin.py:137} INFO - [2023-05-25T04:49:13.338+0000] {taskmixin.py:205} WARNING - Dependency <Task(EmailOperator): send_email>, prepare_email already registered for DAG: example_dag_decorator
[2023-05-25T04:49:13.400+0000] {processor.py:753} INFO - DAG(s) dict_keys(['example_dag_decorator']) retrieved from /home/airflow/.local/lib/python3.7/site-packages/airflow/example_dags/example_dag_decorator.py
[2023-05-25T04:49:13.757+0000] {logging_mixin.py:137} INFO - [2023-05-25T04:49:13.757+0000] {dag.py:2690} INFO - Sync 1 DAGs
[2023-05-25T04:49:13.866+0000] {logging_mixin.py:137} INFO - [2023-05-25T04:49:13.866+0000] {dag.py:3441} INFO - Setting next_dagrun for example_dag_decorator to None, run_after=None
[2023-05-25T04:49:13.929+0000] {processor.py:175} INFO - Processing /home/airflow/.local/lib/python3.7/site-packages/airflow/example_dags/example_dag_decorator.py took 0.821 seconds
[2023-05-25T04:49:44.156+0000] {processor.py:153} INFO - Started process (PID=918) to work on /home/airflow/.local/lib/python3.7/site-packages/airflow/example_dags/example_dag_decorator.py
[2023-05-25T04:49:44.159+0000] {processor.py:743} INFO - Processing file /home/airflow/.local/lib/python3.7/site-packages/airflow/example_dags/example_dag_decorator.py for tasks to queue
[2023-05-25T04:49:44.166+0000] {logging_mixin.py:137} INFO - [2023-05-25T04:49:44.165+0000] {dagbag.py:538} INFO - Filling up the DagBag from /home/airflow/.local/lib/python3.7/site-packages/airflow/example_dags/example_dag_decorator.py
[2023-05-25T04:49:44.267+0000] {logging_mixin.py:137} INFO - [2023-05-25T04:49:44.267+0000] {taskmixin.py:205} WARNING - Dependency <Task(_PythonDecoratedOperator): prepare_email>, send_email already registered for DAG: example_dag_decorator
[2023-05-25T04:49:44.271+0000] {logging_mixin.py:137} INFO - [2023-05-25T04:49:44.270+0000] {taskmixin.py:205} WARNING - Dependency <Task(EmailOperator): send_email>, prepare_email already registered for DAG: example_dag_decorator
[2023-05-25T04:49:44.343+0000] {processor.py:753} INFO - DAG(s) dict_keys(['example_dag_decorator']) retrieved from /home/airflow/.local/lib/python3.7/site-packages/airflow/example_dags/example_dag_decorator.py
[2023-05-25T04:49:44.556+0000] {logging_mixin.py:137} INFO - [2023-05-25T04:49:44.555+0000] {dag.py:2690} INFO - Sync 1 DAGs
[2023-05-25T04:49:44.648+0000] {logging_mixin.py:137} INFO - [2023-05-25T04:49:44.648+0000] {dag.py:3441} INFO - Setting next_dagrun for example_dag_decorator to None, run_after=None
[2023-05-25T04:49:44.783+0000] {processor.py:175} INFO - Processing /home/airflow/.local/lib/python3.7/site-packages/airflow/example_dags/example_dag_decorator.py took 0.658 seconds
[2023-05-25T04:50:15.261+0000] {processor.py:153} INFO - Started process (PID=989) to work on /home/airflow/.local/lib/python3.7/site-packages/airflow/example_dags/example_dag_decorator.py
[2023-05-25T04:50:15.269+0000] {processor.py:743} INFO - Processing file /home/airflow/.local/lib/python3.7/site-packages/airflow/example_dags/example_dag_decorator.py for tasks to queue
[2023-05-25T04:50:15.275+0000] {logging_mixin.py:137} INFO - [2023-05-25T04:50:15.274+0000] {dagbag.py:538} INFO - Filling up the DagBag from /home/airflow/.local/lib/python3.7/site-packages/airflow/example_dags/example_dag_decorator.py
[2023-05-25T04:50:15.355+0000] {logging_mixin.py:137} INFO - [2023-05-25T04:50:15.354+0000] {taskmixin.py:205} WARNING - Dependency <Task(_PythonDecoratedOperator): prepare_email>, send_email already registered for DAG: example_dag_decorator
[2023-05-25T04:50:15.358+0000] {logging_mixin.py:137} INFO - [2023-05-25T04:50:15.357+0000] {taskmixin.py:205} WARNING - Dependency <Task(EmailOperator): send_email>, prepare_email already registered for DAG: example_dag_decorator
[2023-05-25T04:50:15.402+0000] {processor.py:753} INFO - DAG(s) dict_keys(['example_dag_decorator']) retrieved from /home/airflow/.local/lib/python3.7/site-packages/airflow/example_dags/example_dag_decorator.py
[2023-05-25T04:50:15.767+0000] {logging_mixin.py:137} INFO - [2023-05-25T04:50:15.767+0000] {dag.py:2690} INFO - Sync 1 DAGs
[2023-05-25T04:50:15.884+0000] {logging_mixin.py:137} INFO - [2023-05-25T04:50:15.884+0000] {dag.py:3441} INFO - Setting next_dagrun for example_dag_decorator to None, run_after=None
[2023-05-25T04:50:16.025+0000] {processor.py:175} INFO - Processing /home/airflow/.local/lib/python3.7/site-packages/airflow/example_dags/example_dag_decorator.py took 0.792 seconds
[2023-05-25T04:50:46.674+0000] {processor.py:153} INFO - Started process (PID=1042) to work on /home/airflow/.local/lib/python3.7/site-packages/airflow/example_dags/example_dag_decorator.py
[2023-05-25T04:50:46.694+0000] {processor.py:743} INFO - Processing file /home/airflow/.local/lib/python3.7/site-packages/airflow/example_dags/example_dag_decorator.py for tasks to queue
[2023-05-25T04:50:46.703+0000] {logging_mixin.py:137} INFO - [2023-05-25T04:50:46.701+0000] {dagbag.py:538} INFO - Filling up the DagBag from /home/airflow/.local/lib/python3.7/site-packages/airflow/example_dags/example_dag_decorator.py
[2023-05-25T04:50:46.854+0000] {logging_mixin.py:137} INFO - [2023-05-25T04:50:46.854+0000] {taskmixin.py:205} WARNING - Dependency <Task(_PythonDecoratedOperator): prepare_email>, send_email already registered for DAG: example_dag_decorator
[2023-05-25T04:50:46.857+0000] {logging_mixin.py:137} INFO - [2023-05-25T04:50:46.856+0000] {taskmixin.py:205} WARNING - Dependency <Task(EmailOperator): send_email>, prepare_email already registered for DAG: example_dag_decorator
[2023-05-25T04:50:46.921+0000] {processor.py:753} INFO - DAG(s) dict_keys(['example_dag_decorator']) retrieved from /home/airflow/.local/lib/python3.7/site-packages/airflow/example_dags/example_dag_decorator.py
[2023-05-25T04:50:47.127+0000] {logging_mixin.py:137} INFO - [2023-05-25T04:50:47.126+0000] {dag.py:2690} INFO - Sync 1 DAGs
[2023-05-25T04:50:47.237+0000] {logging_mixin.py:137} INFO - [2023-05-25T04:50:47.237+0000] {dag.py:3441} INFO - Setting next_dagrun for example_dag_decorator to None, run_after=None
[2023-05-25T04:50:47.324+0000] {processor.py:175} INFO - Processing /home/airflow/.local/lib/python3.7/site-packages/airflow/example_dags/example_dag_decorator.py took 0.675 seconds
[2023-05-25T04:51:18.572+0000] {processor.py:153} INFO - Started process (PID=1101) to work on /home/airflow/.local/lib/python3.7/site-packages/airflow/example_dags/example_dag_decorator.py
[2023-05-25T04:51:18.585+0000] {processor.py:743} INFO - Processing file /home/airflow/.local/lib/python3.7/site-packages/airflow/example_dags/example_dag_decorator.py for tasks to queue
[2023-05-25T04:51:18.592+0000] {logging_mixin.py:137} INFO - [2023-05-25T04:51:18.588+0000] {dagbag.py:538} INFO - Filling up the DagBag from /home/airflow/.local/lib/python3.7/site-packages/airflow/example_dags/example_dag_decorator.py
[2023-05-25T04:51:18.694+0000] {logging_mixin.py:137} INFO - [2023-05-25T04:51:18.694+0000] {taskmixin.py:205} WARNING - Dependency <Task(_PythonDecoratedOperator): prepare_email>, send_email already registered for DAG: example_dag_decorator
[2023-05-25T04:51:18.697+0000] {logging_mixin.py:137} INFO - [2023-05-25T04:51:18.696+0000] {taskmixin.py:205} WARNING - Dependency <Task(EmailOperator): send_email>, prepare_email already registered for DAG: example_dag_decorator
[2023-05-25T04:51:18.741+0000] {processor.py:753} INFO - DAG(s) dict_keys(['example_dag_decorator']) retrieved from /home/airflow/.local/lib/python3.7/site-packages/airflow/example_dags/example_dag_decorator.py
[2023-05-25T04:51:19.032+0000] {logging_mixin.py:137} INFO - [2023-05-25T04:51:19.032+0000] {dag.py:2690} INFO - Sync 1 DAGs
[2023-05-25T04:51:19.155+0000] {logging_mixin.py:137} INFO - [2023-05-25T04:51:19.155+0000] {dag.py:3441} INFO - Setting next_dagrun for example_dag_decorator to None, run_after=None
[2023-05-25T04:51:19.251+0000] {processor.py:175} INFO - Processing /home/airflow/.local/lib/python3.7/site-packages/airflow/example_dags/example_dag_decorator.py took 0.704 seconds
[2023-05-25T04:51:50.638+0000] {processor.py:153} INFO - Started process (PID=1157) to work on /home/airflow/.local/lib/python3.7/site-packages/airflow/example_dags/example_dag_decorator.py
[2023-05-25T04:51:50.656+0000] {processor.py:743} INFO - Processing file /home/airflow/.local/lib/python3.7/site-packages/airflow/example_dags/example_dag_decorator.py for tasks to queue
[2023-05-25T04:51:50.684+0000] {logging_mixin.py:137} INFO - [2023-05-25T04:51:50.679+0000] {dagbag.py:538} INFO - Filling up the DagBag from /home/airflow/.local/lib/python3.7/site-packages/airflow/example_dags/example_dag_decorator.py
[2023-05-25T04:51:50.950+0000] {logging_mixin.py:137} INFO - [2023-05-25T04:51:50.947+0000] {taskmixin.py:205} WARNING - Dependency <Task(_PythonDecoratedOperator): prepare_email>, send_email already registered for DAG: example_dag_decorator
[2023-05-25T04:51:50.955+0000] {logging_mixin.py:137} INFO - [2023-05-25T04:51:50.953+0000] {taskmixin.py:205} WARNING - Dependency <Task(EmailOperator): send_email>, prepare_email already registered for DAG: example_dag_decorator
[2023-05-25T04:51:51.217+0000] {processor.py:753} INFO - DAG(s) dict_keys(['example_dag_decorator']) retrieved from /home/airflow/.local/lib/python3.7/site-packages/airflow/example_dags/example_dag_decorator.py
[2023-05-25T04:51:51.774+0000] {logging_mixin.py:137} INFO - [2023-05-25T04:51:51.774+0000] {dag.py:2690} INFO - Sync 1 DAGs
[2023-05-25T04:51:51.807+0000] {logging_mixin.py:137} INFO - [2023-05-25T04:51:51.807+0000] {dag.py:3441} INFO - Setting next_dagrun for example_dag_decorator to None, run_after=None
[2023-05-25T04:51:51.925+0000] {processor.py:175} INFO - Processing /home/airflow/.local/lib/python3.7/site-packages/airflow/example_dags/example_dag_decorator.py took 1.306 seconds
[2023-05-25T04:52:22.199+0000] {processor.py:153} INFO - Started process (PID=1210) to work on /home/airflow/.local/lib/python3.7/site-packages/airflow/example_dags/example_dag_decorator.py
[2023-05-25T04:52:22.203+0000] {processor.py:743} INFO - Processing file /home/airflow/.local/lib/python3.7/site-packages/airflow/example_dags/example_dag_decorator.py for tasks to queue
[2023-05-25T04:52:22.205+0000] {logging_mixin.py:137} INFO - [2023-05-25T04:52:22.204+0000] {dagbag.py:538} INFO - Filling up the DagBag from /home/airflow/.local/lib/python3.7/site-packages/airflow/example_dags/example_dag_decorator.py
[2023-05-25T04:52:22.239+0000] {logging_mixin.py:137} INFO - [2023-05-25T04:52:22.239+0000] {taskmixin.py:205} WARNING - Dependency <Task(_PythonDecoratedOperator): prepare_email>, send_email already registered for DAG: example_dag_decorator
[2023-05-25T04:52:22.242+0000] {logging_mixin.py:137} INFO - [2023-05-25T04:52:22.242+0000] {taskmixin.py:205} WARNING - Dependency <Task(EmailOperator): send_email>, prepare_email already registered for DAG: example_dag_decorator
[2023-05-25T04:52:22.278+0000] {processor.py:753} INFO - DAG(s) dict_keys(['example_dag_decorator']) retrieved from /home/airflow/.local/lib/python3.7/site-packages/airflow/example_dags/example_dag_decorator.py
[2023-05-25T04:52:22.437+0000] {logging_mixin.py:137} INFO - [2023-05-25T04:52:22.436+0000] {dag.py:2690} INFO - Sync 1 DAGs
[2023-05-25T04:52:22.474+0000] {logging_mixin.py:137} INFO - [2023-05-25T04:52:22.474+0000] {dag.py:3441} INFO - Setting next_dagrun for example_dag_decorator to None, run_after=None
[2023-05-25T04:52:22.509+0000] {processor.py:175} INFO - Processing /home/airflow/.local/lib/python3.7/site-packages/airflow/example_dags/example_dag_decorator.py took 0.315 seconds
[2023-05-25T04:52:52.617+0000] {processor.py:153} INFO - Started process (PID=1270) to work on /home/airflow/.local/lib/python3.7/site-packages/airflow/example_dags/example_dag_decorator.py
[2023-05-25T04:52:52.624+0000] {processor.py:743} INFO - Processing file /home/airflow/.local/lib/python3.7/site-packages/airflow/example_dags/example_dag_decorator.py for tasks to queue
[2023-05-25T04:52:52.631+0000] {logging_mixin.py:137} INFO - [2023-05-25T04:52:52.629+0000] {dagbag.py:538} INFO - Filling up the DagBag from /home/airflow/.local/lib/python3.7/site-packages/airflow/example_dags/example_dag_decorator.py
[2023-05-25T04:52:52.681+0000] {logging_mixin.py:137} INFO - [2023-05-25T04:52:52.680+0000] {taskmixin.py:205} WARNING - Dependency <Task(_PythonDecoratedOperator): prepare_email>, send_email already registered for DAG: example_dag_decorator
[2023-05-25T04:52:52.682+0000] {logging_mixin.py:137} INFO - [2023-05-25T04:52:52.682+0000] {taskmixin.py:205} WARNING - Dependency <Task(EmailOperator): send_email>, prepare_email already registered for DAG: example_dag_decorator
[2023-05-25T04:52:52.700+0000] {processor.py:753} INFO - DAG(s) dict_keys(['example_dag_decorator']) retrieved from /home/airflow/.local/lib/python3.7/site-packages/airflow/example_dags/example_dag_decorator.py
[2023-05-25T04:52:52.793+0000] {logging_mixin.py:137} INFO - [2023-05-25T04:52:52.793+0000] {dag.py:2690} INFO - Sync 1 DAGs
[2023-05-25T04:52:52.826+0000] {logging_mixin.py:137} INFO - [2023-05-25T04:52:52.826+0000] {dag.py:3441} INFO - Setting next_dagrun for example_dag_decorator to None, run_after=None
[2023-05-25T04:52:52.872+0000] {processor.py:175} INFO - Processing /home/airflow/.local/lib/python3.7/site-packages/airflow/example_dags/example_dag_decorator.py took 0.268 seconds
[2023-05-25T04:53:23.447+0000] {processor.py:153} INFO - Started process (PID=1331) to work on /home/airflow/.local/lib/python3.7/site-packages/airflow/example_dags/example_dag_decorator.py
[2023-05-25T04:53:23.453+0000] {processor.py:743} INFO - Processing file /home/airflow/.local/lib/python3.7/site-packages/airflow/example_dags/example_dag_decorator.py for tasks to queue
[2023-05-25T04:53:23.461+0000] {logging_mixin.py:137} INFO - [2023-05-25T04:53:23.461+0000] {dagbag.py:538} INFO - Filling up the DagBag from /home/airflow/.local/lib/python3.7/site-packages/airflow/example_dags/example_dag_decorator.py
[2023-05-25T04:53:23.566+0000] {logging_mixin.py:137} INFO - [2023-05-25T04:53:23.565+0000] {taskmixin.py:205} WARNING - Dependency <Task(_PythonDecoratedOperator): prepare_email>, send_email already registered for DAG: example_dag_decorator
[2023-05-25T04:53:23.570+0000] {logging_mixin.py:137} INFO - [2023-05-25T04:53:23.569+0000] {taskmixin.py:205} WARNING - Dependency <Task(EmailOperator): send_email>, prepare_email already registered for DAG: example_dag_decorator
[2023-05-25T04:53:23.621+0000] {processor.py:753} INFO - DAG(s) dict_keys(['example_dag_decorator']) retrieved from /home/airflow/.local/lib/python3.7/site-packages/airflow/example_dags/example_dag_decorator.py
[2023-05-25T04:53:23.836+0000] {logging_mixin.py:137} INFO - [2023-05-25T04:53:23.836+0000] {dag.py:2690} INFO - Sync 1 DAGs
[2023-05-25T04:53:23.899+0000] {logging_mixin.py:137} INFO - [2023-05-25T04:53:23.898+0000] {dag.py:3441} INFO - Setting next_dagrun for example_dag_decorator to None, run_after=None
[2023-05-25T04:53:23.974+0000] {processor.py:175} INFO - Processing /home/airflow/.local/lib/python3.7/site-packages/airflow/example_dags/example_dag_decorator.py took 0.537 seconds
[2023-05-25T04:53:54.041+0000] {processor.py:153} INFO - Started process (PID=1390) to work on /home/airflow/.local/lib/python3.7/site-packages/airflow/example_dags/example_dag_decorator.py
[2023-05-25T04:53:54.045+0000] {processor.py:743} INFO - Processing file /home/airflow/.local/lib/python3.7/site-packages/airflow/example_dags/example_dag_decorator.py for tasks to queue
[2023-05-25T04:53:54.055+0000] {logging_mixin.py:137} INFO - [2023-05-25T04:53:54.055+0000] {dagbag.py:538} INFO - Filling up the DagBag from /home/airflow/.local/lib/python3.7/site-packages/airflow/example_dags/example_dag_decorator.py
[2023-05-25T04:53:54.089+0000] {logging_mixin.py:137} INFO - [2023-05-25T04:53:54.089+0000] {taskmixin.py:205} WARNING - Dependency <Task(_PythonDecoratedOperator): prepare_email>, send_email already registered for DAG: example_dag_decorator
[2023-05-25T04:53:54.092+0000] {logging_mixin.py:137} INFO - [2023-05-25T04:53:54.092+0000] {taskmixin.py:205} WARNING - Dependency <Task(EmailOperator): send_email>, prepare_email already registered for DAG: example_dag_decorator
[2023-05-25T04:53:54.117+0000] {processor.py:753} INFO - DAG(s) dict_keys(['example_dag_decorator']) retrieved from /home/airflow/.local/lib/python3.7/site-packages/airflow/example_dags/example_dag_decorator.py
[2023-05-25T04:53:54.221+0000] {logging_mixin.py:137} INFO - [2023-05-25T04:53:54.221+0000] {dag.py:2690} INFO - Sync 1 DAGs
[2023-05-25T04:53:54.268+0000] {logging_mixin.py:137} INFO - [2023-05-25T04:53:54.268+0000] {dag.py:3441} INFO - Setting next_dagrun for example_dag_decorator to None, run_after=None
[2023-05-25T04:53:54.367+0000] {processor.py:175} INFO - Processing /home/airflow/.local/lib/python3.7/site-packages/airflow/example_dags/example_dag_decorator.py took 0.331 seconds
[2023-05-25T04:54:25.700+0000] {processor.py:153} INFO - Started process (PID=1450) to work on /home/airflow/.local/lib/python3.7/site-packages/airflow/example_dags/example_dag_decorator.py
[2023-05-25T04:54:25.715+0000] {processor.py:743} INFO - Processing file /home/airflow/.local/lib/python3.7/site-packages/airflow/example_dags/example_dag_decorator.py for tasks to queue
[2023-05-25T04:54:25.726+0000] {logging_mixin.py:137} INFO - [2023-05-25T04:54:25.725+0000] {dagbag.py:538} INFO - Filling up the DagBag from /home/airflow/.local/lib/python3.7/site-packages/airflow/example_dags/example_dag_decorator.py
[2023-05-25T04:54:25.826+0000] {logging_mixin.py:137} INFO - [2023-05-25T04:54:25.824+0000] {taskmixin.py:205} WARNING - Dependency <Task(_PythonDecoratedOperator): prepare_email>, send_email already registered for DAG: example_dag_decorator
[2023-05-25T04:54:25.827+0000] {logging_mixin.py:137} INFO - [2023-05-25T04:54:25.827+0000] {taskmixin.py:205} WARNING - Dependency <Task(EmailOperator): send_email>, prepare_email already registered for DAG: example_dag_decorator
[2023-05-25T04:54:25.882+0000] {processor.py:753} INFO - DAG(s) dict_keys(['example_dag_decorator']) retrieved from /home/airflow/.local/lib/python3.7/site-packages/airflow/example_dags/example_dag_decorator.py
[2023-05-25T04:54:26.533+0000] {logging_mixin.py:137} INFO - [2023-05-25T04:54:26.528+0000] {dag.py:2690} INFO - Sync 1 DAGs
[2023-05-25T04:54:26.698+0000] {logging_mixin.py:137} INFO - [2023-05-25T04:54:26.698+0000] {dag.py:3441} INFO - Setting next_dagrun for example_dag_decorator to None, run_after=None
[2023-05-25T04:54:27.210+0000] {processor.py:175} INFO - Processing /home/airflow/.local/lib/python3.7/site-packages/airflow/example_dags/example_dag_decorator.py took 1.528 seconds
[2023-05-25T04:54:57.883+0000] {processor.py:153} INFO - Started process (PID=1511) to work on /home/airflow/.local/lib/python3.7/site-packages/airflow/example_dags/example_dag_decorator.py
[2023-05-25T04:54:57.887+0000] {processor.py:743} INFO - Processing file /home/airflow/.local/lib/python3.7/site-packages/airflow/example_dags/example_dag_decorator.py for tasks to queue
[2023-05-25T04:54:57.889+0000] {logging_mixin.py:137} INFO - [2023-05-25T04:54:57.889+0000] {dagbag.py:538} INFO - Filling up the DagBag from /home/airflow/.local/lib/python3.7/site-packages/airflow/example_dags/example_dag_decorator.py
[2023-05-25T04:54:57.963+0000] {logging_mixin.py:137} INFO - [2023-05-25T04:54:57.962+0000] {taskmixin.py:205} WARNING - Dependency <Task(_PythonDecoratedOperator): prepare_email>, send_email already registered for DAG: example_dag_decorator
[2023-05-25T04:54:57.964+0000] {logging_mixin.py:137} INFO - [2023-05-25T04:54:57.964+0000] {taskmixin.py:205} WARNING - Dependency <Task(EmailOperator): send_email>, prepare_email already registered for DAG: example_dag_decorator
[2023-05-25T04:54:58.014+0000] {processor.py:753} INFO - DAG(s) dict_keys(['example_dag_decorator']) retrieved from /home/airflow/.local/lib/python3.7/site-packages/airflow/example_dags/example_dag_decorator.py
[2023-05-25T04:54:58.526+0000] {logging_mixin.py:137} INFO - [2023-05-25T04:54:58.525+0000] {dag.py:2690} INFO - Sync 1 DAGs
[2023-05-25T04:54:58.918+0000] {logging_mixin.py:137} INFO - [2023-05-25T04:54:58.918+0000] {dag.py:3441} INFO - Setting next_dagrun for example_dag_decorator to None, run_after=None
[2023-05-25T04:54:59.067+0000] {processor.py:175} INFO - Processing /home/airflow/.local/lib/python3.7/site-packages/airflow/example_dags/example_dag_decorator.py took 1.194 seconds
[2023-05-25T04:55:29.374+0000] {processor.py:153} INFO - Started process (PID=1573) to work on /home/airflow/.local/lib/python3.7/site-packages/airflow/example_dags/example_dag_decorator.py
[2023-05-25T04:55:29.382+0000] {processor.py:743} INFO - Processing file /home/airflow/.local/lib/python3.7/site-packages/airflow/example_dags/example_dag_decorator.py for tasks to queue
[2023-05-25T04:55:29.384+0000] {logging_mixin.py:137} INFO - [2023-05-25T04:55:29.384+0000] {dagbag.py:538} INFO - Filling up the DagBag from /home/airflow/.local/lib/python3.7/site-packages/airflow/example_dags/example_dag_decorator.py
[2023-05-25T04:55:29.447+0000] {logging_mixin.py:137} INFO - [2023-05-25T04:55:29.447+0000] {taskmixin.py:205} WARNING - Dependency <Task(_PythonDecoratedOperator): prepare_email>, send_email already registered for DAG: example_dag_decorator
[2023-05-25T04:55:29.455+0000] {logging_mixin.py:137} INFO - [2023-05-25T04:55:29.454+0000] {taskmixin.py:205} WARNING - Dependency <Task(EmailOperator): send_email>, prepare_email already registered for DAG: example_dag_decorator
[2023-05-25T04:55:29.498+0000] {processor.py:753} INFO - DAG(s) dict_keys(['example_dag_decorator']) retrieved from /home/airflow/.local/lib/python3.7/site-packages/airflow/example_dags/example_dag_decorator.py
[2023-05-25T04:55:29.622+0000] {logging_mixin.py:137} INFO - [2023-05-25T04:55:29.622+0000] {dag.py:2690} INFO - Sync 1 DAGs
[2023-05-25T04:55:29.657+0000] {logging_mixin.py:137} INFO - [2023-05-25T04:55:29.657+0000] {dag.py:3441} INFO - Setting next_dagrun for example_dag_decorator to None, run_after=None
[2023-05-25T04:55:29.689+0000] {processor.py:175} INFO - Processing /home/airflow/.local/lib/python3.7/site-packages/airflow/example_dags/example_dag_decorator.py took 0.320 seconds
[2023-05-25T04:55:59.825+0000] {processor.py:153} INFO - Started process (PID=1633) to work on /home/airflow/.local/lib/python3.7/site-packages/airflow/example_dags/example_dag_decorator.py
[2023-05-25T04:55:59.829+0000] {processor.py:743} INFO - Processing file /home/airflow/.local/lib/python3.7/site-packages/airflow/example_dags/example_dag_decorator.py for tasks to queue
[2023-05-25T04:55:59.831+0000] {logging_mixin.py:137} INFO - [2023-05-25T04:55:59.831+0000] {dagbag.py:538} INFO - Filling up the DagBag from /home/airflow/.local/lib/python3.7/site-packages/airflow/example_dags/example_dag_decorator.py
[2023-05-25T04:55:59.916+0000] {logging_mixin.py:137} INFO - [2023-05-25T04:55:59.916+0000] {taskmixin.py:205} WARNING - Dependency <Task(_PythonDecoratedOperator): prepare_email>, send_email already registered for DAG: example_dag_decorator
[2023-05-25T04:55:59.923+0000] {logging_mixin.py:137} INFO - [2023-05-25T04:55:59.922+0000] {taskmixin.py:205} WARNING - Dependency <Task(EmailOperator): send_email>, prepare_email already registered for DAG: example_dag_decorator
[2023-05-25T04:55:59.944+0000] {processor.py:753} INFO - DAG(s) dict_keys(['example_dag_decorator']) retrieved from /home/airflow/.local/lib/python3.7/site-packages/airflow/example_dags/example_dag_decorator.py
[2023-05-25T04:56:00.078+0000] {logging_mixin.py:137} INFO - [2023-05-25T04:56:00.078+0000] {dag.py:2690} INFO - Sync 1 DAGs
[2023-05-25T04:56:00.126+0000] {logging_mixin.py:137} INFO - [2023-05-25T04:56:00.126+0000] {dag.py:3441} INFO - Setting next_dagrun for example_dag_decorator to None, run_after=None
[2023-05-25T04:56:00.161+0000] {processor.py:175} INFO - Processing /home/airflow/.local/lib/python3.7/site-packages/airflow/example_dags/example_dag_decorator.py took 0.351 seconds
[2023-05-25T04:56:30.305+0000] {processor.py:153} INFO - Started process (PID=1691) to work on /home/airflow/.local/lib/python3.7/site-packages/airflow/example_dags/example_dag_decorator.py
[2023-05-25T04:56:30.314+0000] {processor.py:743} INFO - Processing file /home/airflow/.local/lib/python3.7/site-packages/airflow/example_dags/example_dag_decorator.py for tasks to queue
[2023-05-25T04:56:30.317+0000] {logging_mixin.py:137} INFO - [2023-05-25T04:56:30.317+0000] {dagbag.py:538} INFO - Filling up the DagBag from /home/airflow/.local/lib/python3.7/site-packages/airflow/example_dags/example_dag_decorator.py
[2023-05-25T04:56:30.348+0000] {logging_mixin.py:137} INFO - [2023-05-25T04:56:30.348+0000] {taskmixin.py:205} WARNING - Dependency <Task(_PythonDecoratedOperator): prepare_email>, send_email already registered for DAG: example_dag_decorator
[2023-05-25T04:56:30.350+0000] {logging_mixin.py:137} INFO - [2023-05-25T04:56:30.350+0000] {taskmixin.py:205} WARNING - Dependency <Task(EmailOperator): send_email>, prepare_email already registered for DAG: example_dag_decorator
[2023-05-25T04:56:30.376+0000] {processor.py:753} INFO - DAG(s) dict_keys(['example_dag_decorator']) retrieved from /home/airflow/.local/lib/python3.7/site-packages/airflow/example_dags/example_dag_decorator.py
[2023-05-25T04:56:30.491+0000] {logging_mixin.py:137} INFO - [2023-05-25T04:56:30.491+0000] {dag.py:2690} INFO - Sync 1 DAGs
[2023-05-25T04:56:30.542+0000] {logging_mixin.py:137} INFO - [2023-05-25T04:56:30.542+0000] {dag.py:3441} INFO - Setting next_dagrun for example_dag_decorator to None, run_after=None
[2023-05-25T04:56:30.568+0000] {processor.py:175} INFO - Processing /home/airflow/.local/lib/python3.7/site-packages/airflow/example_dags/example_dag_decorator.py took 0.281 seconds
[2023-05-25T04:57:01.032+0000] {processor.py:153} INFO - Started process (PID=1751) to work on /home/airflow/.local/lib/python3.7/site-packages/airflow/example_dags/example_dag_decorator.py
[2023-05-25T04:57:01.038+0000] {processor.py:743} INFO - Processing file /home/airflow/.local/lib/python3.7/site-packages/airflow/example_dags/example_dag_decorator.py for tasks to queue
[2023-05-25T04:57:01.046+0000] {logging_mixin.py:137} INFO - [2023-05-25T04:57:01.046+0000] {dagbag.py:538} INFO - Filling up the DagBag from /home/airflow/.local/lib/python3.7/site-packages/airflow/example_dags/example_dag_decorator.py
[2023-05-25T04:57:01.120+0000] {logging_mixin.py:137} INFO - [2023-05-25T04:57:01.120+0000] {taskmixin.py:205} WARNING - Dependency <Task(_PythonDecoratedOperator): prepare_email>, send_email already registered for DAG: example_dag_decorator
[2023-05-25T04:57:01.135+0000] {logging_mixin.py:137} INFO - [2023-05-25T04:57:01.135+0000] {taskmixin.py:205} WARNING - Dependency <Task(EmailOperator): send_email>, prepare_email already registered for DAG: example_dag_decorator
[2023-05-25T04:57:01.166+0000] {processor.py:753} INFO - DAG(s) dict_keys(['example_dag_decorator']) retrieved from /home/airflow/.local/lib/python3.7/site-packages/airflow/example_dags/example_dag_decorator.py
[2023-05-25T04:57:01.271+0000] {logging_mixin.py:137} INFO - [2023-05-25T04:57:01.270+0000] {dag.py:2690} INFO - Sync 1 DAGs
[2023-05-25T04:57:01.306+0000] {logging_mixin.py:137} INFO - [2023-05-25T04:57:01.306+0000] {dag.py:3441} INFO - Setting next_dagrun for example_dag_decorator to None, run_after=None
[2023-05-25T04:57:01.360+0000] {processor.py:175} INFO - Processing /home/airflow/.local/lib/python3.7/site-packages/airflow/example_dags/example_dag_decorator.py took 0.345 seconds
[2023-05-25T04:57:31.672+0000] {processor.py:153} INFO - Started process (PID=1812) to work on /home/airflow/.local/lib/python3.7/site-packages/airflow/example_dags/example_dag_decorator.py
[2023-05-25T04:57:31.677+0000] {processor.py:743} INFO - Processing file /home/airflow/.local/lib/python3.7/site-packages/airflow/example_dags/example_dag_decorator.py for tasks to queue
[2023-05-25T04:57:31.693+0000] {logging_mixin.py:137} INFO - [2023-05-25T04:57:31.683+0000] {dagbag.py:538} INFO - Filling up the DagBag from /home/airflow/.local/lib/python3.7/site-packages/airflow/example_dags/example_dag_decorator.py
[2023-05-25T04:57:31.756+0000] {logging_mixin.py:137} INFO - [2023-05-25T04:57:31.755+0000] {taskmixin.py:205} WARNING - Dependency <Task(_PythonDecoratedOperator): prepare_email>, send_email already registered for DAG: example_dag_decorator
[2023-05-25T04:57:31.758+0000] {logging_mixin.py:137} INFO - [2023-05-25T04:57:31.757+0000] {taskmixin.py:205} WARNING - Dependency <Task(EmailOperator): send_email>, prepare_email already registered for DAG: example_dag_decorator
[2023-05-25T04:57:31.797+0000] {processor.py:753} INFO - DAG(s) dict_keys(['example_dag_decorator']) retrieved from /home/airflow/.local/lib/python3.7/site-packages/airflow/example_dags/example_dag_decorator.py
[2023-05-25T04:57:31.920+0000] {logging_mixin.py:137} INFO - [2023-05-25T04:57:31.920+0000] {dag.py:2690} INFO - Sync 1 DAGs
[2023-05-25T04:57:32.010+0000] {logging_mixin.py:137} INFO - [2023-05-25T04:57:32.010+0000] {dag.py:3441} INFO - Setting next_dagrun for example_dag_decorator to None, run_after=None
[2023-05-25T04:57:32.069+0000] {processor.py:175} INFO - Processing /home/airflow/.local/lib/python3.7/site-packages/airflow/example_dags/example_dag_decorator.py took 0.409 seconds
[2023-05-25T04:58:02.291+0000] {processor.py:153} INFO - Started process (PID=1871) to work on /home/airflow/.local/lib/python3.7/site-packages/airflow/example_dags/example_dag_decorator.py
[2023-05-25T04:58:02.311+0000] {processor.py:743} INFO - Processing file /home/airflow/.local/lib/python3.7/site-packages/airflow/example_dags/example_dag_decorator.py for tasks to queue
[2023-05-25T04:58:02.315+0000] {logging_mixin.py:137} INFO - [2023-05-25T04:58:02.314+0000] {dagbag.py:538} INFO - Filling up the DagBag from /home/airflow/.local/lib/python3.7/site-packages/airflow/example_dags/example_dag_decorator.py
[2023-05-25T04:58:02.380+0000] {logging_mixin.py:137} INFO - [2023-05-25T04:58:02.380+0000] {taskmixin.py:205} WARNING - Dependency <Task(_PythonDecoratedOperator): prepare_email>, send_email already registered for DAG: example_dag_decorator
[2023-05-25T04:58:02.382+0000] {logging_mixin.py:137} INFO - [2023-05-25T04:58:02.382+0000] {taskmixin.py:205} WARNING - Dependency <Task(EmailOperator): send_email>, prepare_email already registered for DAG: example_dag_decorator
[2023-05-25T04:58:02.429+0000] {processor.py:753} INFO - DAG(s) dict_keys(['example_dag_decorator']) retrieved from /home/airflow/.local/lib/python3.7/site-packages/airflow/example_dags/example_dag_decorator.py
[2023-05-25T04:58:02.556+0000] {logging_mixin.py:137} INFO - [2023-05-25T04:58:02.555+0000] {dag.py:2690} INFO - Sync 1 DAGs
[2023-05-25T04:58:02.601+0000] {logging_mixin.py:137} INFO - [2023-05-25T04:58:02.601+0000] {dag.py:3441} INFO - Setting next_dagrun for example_dag_decorator to None, run_after=None
[2023-05-25T04:58:02.675+0000] {processor.py:175} INFO - Processing /home/airflow/.local/lib/python3.7/site-packages/airflow/example_dags/example_dag_decorator.py took 0.392 seconds
[2023-05-25T04:58:33.057+0000] {processor.py:153} INFO - Started process (PID=1930) to work on /home/airflow/.local/lib/python3.7/site-packages/airflow/example_dags/example_dag_decorator.py
[2023-05-25T04:58:33.065+0000] {processor.py:743} INFO - Processing file /home/airflow/.local/lib/python3.7/site-packages/airflow/example_dags/example_dag_decorator.py for tasks to queue
[2023-05-25T04:58:33.069+0000] {logging_mixin.py:137} INFO - [2023-05-25T04:58:33.068+0000] {dagbag.py:538} INFO - Filling up the DagBag from /home/airflow/.local/lib/python3.7/site-packages/airflow/example_dags/example_dag_decorator.py
[2023-05-25T04:58:33.108+0000] {logging_mixin.py:137} INFO - [2023-05-25T04:58:33.108+0000] {taskmixin.py:205} WARNING - Dependency <Task(_PythonDecoratedOperator): prepare_email>, send_email already registered for DAG: example_dag_decorator
[2023-05-25T04:58:33.111+0000] {logging_mixin.py:137} INFO - [2023-05-25T04:58:33.110+0000] {taskmixin.py:205} WARNING - Dependency <Task(EmailOperator): send_email>, prepare_email already registered for DAG: example_dag_decorator
[2023-05-25T04:58:33.131+0000] {processor.py:753} INFO - DAG(s) dict_keys(['example_dag_decorator']) retrieved from /home/airflow/.local/lib/python3.7/site-packages/airflow/example_dags/example_dag_decorator.py
[2023-05-25T04:58:33.250+0000] {logging_mixin.py:137} INFO - [2023-05-25T04:58:33.250+0000] {dag.py:2690} INFO - Sync 1 DAGs
[2023-05-25T04:58:33.299+0000] {logging_mixin.py:137} INFO - [2023-05-25T04:58:33.298+0000] {dag.py:3441} INFO - Setting next_dagrun for example_dag_decorator to None, run_after=None
[2023-05-25T04:58:33.333+0000] {processor.py:175} INFO - Processing /home/airflow/.local/lib/python3.7/site-packages/airflow/example_dags/example_dag_decorator.py took 0.281 seconds
[2023-05-25T04:59:03.601+0000] {processor.py:153} INFO - Started process (PID=1991) to work on /home/airflow/.local/lib/python3.7/site-packages/airflow/example_dags/example_dag_decorator.py
[2023-05-25T04:59:03.608+0000] {processor.py:743} INFO - Processing file /home/airflow/.local/lib/python3.7/site-packages/airflow/example_dags/example_dag_decorator.py for tasks to queue
[2023-05-25T04:59:03.612+0000] {logging_mixin.py:137} INFO - [2023-05-25T04:59:03.611+0000] {dagbag.py:538} INFO - Filling up the DagBag from /home/airflow/.local/lib/python3.7/site-packages/airflow/example_dags/example_dag_decorator.py
[2023-05-25T04:59:03.723+0000] {logging_mixin.py:137} INFO - [2023-05-25T04:59:03.723+0000] {taskmixin.py:205} WARNING - Dependency <Task(_PythonDecoratedOperator): prepare_email>, send_email already registered for DAG: example_dag_decorator
[2023-05-25T04:59:03.728+0000] {logging_mixin.py:137} INFO - [2023-05-25T04:59:03.726+0000] {taskmixin.py:205} WARNING - Dependency <Task(EmailOperator): send_email>, prepare_email already registered for DAG: example_dag_decorator
[2023-05-25T04:59:03.782+0000] {processor.py:753} INFO - DAG(s) dict_keys(['example_dag_decorator']) retrieved from /home/airflow/.local/lib/python3.7/site-packages/airflow/example_dags/example_dag_decorator.py
[2023-05-25T04:59:04.055+0000] {logging_mixin.py:137} INFO - [2023-05-25T04:59:04.055+0000] {dag.py:2690} INFO - Sync 1 DAGs
[2023-05-25T04:59:04.178+0000] {logging_mixin.py:137} INFO - [2023-05-25T04:59:04.178+0000] {dag.py:3441} INFO - Setting next_dagrun for example_dag_decorator to None, run_after=None
[2023-05-25T04:59:04.268+0000] {processor.py:175} INFO - Processing /home/airflow/.local/lib/python3.7/site-packages/airflow/example_dags/example_dag_decorator.py took 0.682 seconds
[2023-05-25T04:59:34.807+0000] {processor.py:153} INFO - Started process (PID=2051) to work on /home/airflow/.local/lib/python3.7/site-packages/airflow/example_dags/example_dag_decorator.py
[2023-05-25T04:59:34.814+0000] {processor.py:743} INFO - Processing file /home/airflow/.local/lib/python3.7/site-packages/airflow/example_dags/example_dag_decorator.py for tasks to queue
[2023-05-25T04:59:34.823+0000] {logging_mixin.py:137} INFO - [2023-05-25T04:59:34.823+0000] {dagbag.py:538} INFO - Filling up the DagBag from /home/airflow/.local/lib/python3.7/site-packages/airflow/example_dags/example_dag_decorator.py
[2023-05-25T04:59:34.934+0000] {logging_mixin.py:137} INFO - [2023-05-25T04:59:34.934+0000] {taskmixin.py:205} WARNING - Dependency <Task(_PythonDecoratedOperator): prepare_email>, send_email already registered for DAG: example_dag_decorator
[2023-05-25T04:59:34.937+0000] {logging_mixin.py:137} INFO - [2023-05-25T04:59:34.936+0000] {taskmixin.py:205} WARNING - Dependency <Task(EmailOperator): send_email>, prepare_email already registered for DAG: example_dag_decorator
[2023-05-25T04:59:35.009+0000] {processor.py:753} INFO - DAG(s) dict_keys(['example_dag_decorator']) retrieved from /home/airflow/.local/lib/python3.7/site-packages/airflow/example_dags/example_dag_decorator.py
[2023-05-25T04:59:35.394+0000] {logging_mixin.py:137} INFO - [2023-05-25T04:59:35.393+0000] {dag.py:2690} INFO - Sync 1 DAGs
[2023-05-25T04:59:35.577+0000] {logging_mixin.py:137} INFO - [2023-05-25T04:59:35.577+0000] {dag.py:3441} INFO - Setting next_dagrun for example_dag_decorator to None, run_after=None
[2023-05-25T04:59:35.797+0000] {processor.py:175} INFO - Processing /home/airflow/.local/lib/python3.7/site-packages/airflow/example_dags/example_dag_decorator.py took 0.999 seconds
[2023-05-25T05:00:06.037+0000] {processor.py:153} INFO - Started process (PID=2121) to work on /home/airflow/.local/lib/python3.7/site-packages/airflow/example_dags/example_dag_decorator.py
[2023-05-25T05:00:06.042+0000] {processor.py:743} INFO - Processing file /home/airflow/.local/lib/python3.7/site-packages/airflow/example_dags/example_dag_decorator.py for tasks to queue
[2023-05-25T05:00:06.046+0000] {logging_mixin.py:137} INFO - [2023-05-25T05:00:06.045+0000] {dagbag.py:538} INFO - Filling up the DagBag from /home/airflow/.local/lib/python3.7/site-packages/airflow/example_dags/example_dag_decorator.py
[2023-05-25T05:00:06.085+0000] {logging_mixin.py:137} INFO - [2023-05-25T05:00:06.085+0000] {taskmixin.py:205} WARNING - Dependency <Task(_PythonDecoratedOperator): prepare_email>, send_email already registered for DAG: example_dag_decorator
[2023-05-25T05:00:06.087+0000] {logging_mixin.py:137} INFO - [2023-05-25T05:00:06.087+0000] {taskmixin.py:205} WARNING - Dependency <Task(EmailOperator): send_email>, prepare_email already registered for DAG: example_dag_decorator
[2023-05-25T05:00:06.121+0000] {processor.py:753} INFO - DAG(s) dict_keys(['example_dag_decorator']) retrieved from /home/airflow/.local/lib/python3.7/site-packages/airflow/example_dags/example_dag_decorator.py
[2023-05-25T05:00:06.244+0000] {logging_mixin.py:137} INFO - [2023-05-25T05:00:06.244+0000] {dag.py:2690} INFO - Sync 1 DAGs
[2023-05-25T05:00:06.289+0000] {logging_mixin.py:137} INFO - [2023-05-25T05:00:06.289+0000] {dag.py:3441} INFO - Setting next_dagrun for example_dag_decorator to None, run_after=None
[2023-05-25T05:00:06.323+0000] {processor.py:175} INFO - Processing /home/airflow/.local/lib/python3.7/site-packages/airflow/example_dags/example_dag_decorator.py took 0.296 seconds
[2023-05-25T05:00:36.450+0000] {processor.py:153} INFO - Started process (PID=2181) to work on /home/airflow/.local/lib/python3.7/site-packages/airflow/example_dags/example_dag_decorator.py
[2023-05-25T05:00:36.459+0000] {processor.py:743} INFO - Processing file /home/airflow/.local/lib/python3.7/site-packages/airflow/example_dags/example_dag_decorator.py for tasks to queue
[2023-05-25T05:00:36.465+0000] {logging_mixin.py:137} INFO - [2023-05-25T05:00:36.464+0000] {dagbag.py:538} INFO - Filling up the DagBag from /home/airflow/.local/lib/python3.7/site-packages/airflow/example_dags/example_dag_decorator.py
[2023-05-25T05:00:36.510+0000] {logging_mixin.py:137} INFO - [2023-05-25T05:00:36.510+0000] {taskmixin.py:205} WARNING - Dependency <Task(_PythonDecoratedOperator): prepare_email>, send_email already registered for DAG: example_dag_decorator
[2023-05-25T05:00:36.512+0000] {logging_mixin.py:137} INFO - [2023-05-25T05:00:36.512+0000] {taskmixin.py:205} WARNING - Dependency <Task(EmailOperator): send_email>, prepare_email already registered for DAG: example_dag_decorator
[2023-05-25T05:00:36.533+0000] {processor.py:753} INFO - DAG(s) dict_keys(['example_dag_decorator']) retrieved from /home/airflow/.local/lib/python3.7/site-packages/airflow/example_dags/example_dag_decorator.py
[2023-05-25T05:00:36.635+0000] {logging_mixin.py:137} INFO - [2023-05-25T05:00:36.634+0000] {dag.py:2690} INFO - Sync 1 DAGs
[2023-05-25T05:00:36.668+0000] {logging_mixin.py:137} INFO - [2023-05-25T05:00:36.668+0000] {dag.py:3441} INFO - Setting next_dagrun for example_dag_decorator to None, run_after=None
[2023-05-25T05:00:36.708+0000] {processor.py:175} INFO - Processing /home/airflow/.local/lib/python3.7/site-packages/airflow/example_dags/example_dag_decorator.py took 0.263 seconds
[2023-05-25T05:01:07.172+0000] {processor.py:153} INFO - Started process (PID=2239) to work on /home/airflow/.local/lib/python3.7/site-packages/airflow/example_dags/example_dag_decorator.py
[2023-05-25T05:01:07.176+0000] {processor.py:743} INFO - Processing file /home/airflow/.local/lib/python3.7/site-packages/airflow/example_dags/example_dag_decorator.py for tasks to queue
[2023-05-25T05:01:07.179+0000] {logging_mixin.py:137} INFO - [2023-05-25T05:01:07.179+0000] {dagbag.py:538} INFO - Filling up the DagBag from /home/airflow/.local/lib/python3.7/site-packages/airflow/example_dags/example_dag_decorator.py
[2023-05-25T05:01:07.225+0000] {logging_mixin.py:137} INFO - [2023-05-25T05:01:07.224+0000] {taskmixin.py:205} WARNING - Dependency <Task(_PythonDecoratedOperator): prepare_email>, send_email already registered for DAG: example_dag_decorator
[2023-05-25T05:01:07.226+0000] {logging_mixin.py:137} INFO - [2023-05-25T05:01:07.226+0000] {taskmixin.py:205} WARNING - Dependency <Task(EmailOperator): send_email>, prepare_email already registered for DAG: example_dag_decorator
[2023-05-25T05:01:07.253+0000] {processor.py:753} INFO - DAG(s) dict_keys(['example_dag_decorator']) retrieved from /home/airflow/.local/lib/python3.7/site-packages/airflow/example_dags/example_dag_decorator.py
[2023-05-25T05:01:07.386+0000] {logging_mixin.py:137} INFO - [2023-05-25T05:01:07.386+0000] {dag.py:2690} INFO - Sync 1 DAGs
[2023-05-25T05:01:07.476+0000] {logging_mixin.py:137} INFO - [2023-05-25T05:01:07.475+0000] {dag.py:3441} INFO - Setting next_dagrun for example_dag_decorator to None, run_after=None
[2023-05-25T05:01:07.562+0000] {processor.py:175} INFO - Processing /home/airflow/.local/lib/python3.7/site-packages/airflow/example_dags/example_dag_decorator.py took 0.397 seconds
[2023-05-25T05:01:37.744+0000] {processor.py:153} INFO - Started process (PID=2297) to work on /home/airflow/.local/lib/python3.7/site-packages/airflow/example_dags/example_dag_decorator.py
[2023-05-25T05:01:37.758+0000] {processor.py:743} INFO - Processing file /home/airflow/.local/lib/python3.7/site-packages/airflow/example_dags/example_dag_decorator.py for tasks to queue
[2023-05-25T05:01:37.765+0000] {logging_mixin.py:137} INFO - [2023-05-25T05:01:37.761+0000] {dagbag.py:538} INFO - Filling up the DagBag from /home/airflow/.local/lib/python3.7/site-packages/airflow/example_dags/example_dag_decorator.py
[2023-05-25T05:01:37.840+0000] {logging_mixin.py:137} INFO - [2023-05-25T05:01:37.840+0000] {taskmixin.py:205} WARNING - Dependency <Task(_PythonDecoratedOperator): prepare_email>, send_email already registered for DAG: example_dag_decorator
[2023-05-25T05:01:37.842+0000] {logging_mixin.py:137} INFO - [2023-05-25T05:01:37.842+0000] {taskmixin.py:205} WARNING - Dependency <Task(EmailOperator): send_email>, prepare_email already registered for DAG: example_dag_decorator
[2023-05-25T05:01:37.911+0000] {processor.py:753} INFO - DAG(s) dict_keys(['example_dag_decorator']) retrieved from /home/airflow/.local/lib/python3.7/site-packages/airflow/example_dags/example_dag_decorator.py
[2023-05-25T05:01:38.179+0000] {logging_mixin.py:137} INFO - [2023-05-25T05:01:38.179+0000] {dag.py:2690} INFO - Sync 1 DAGs
[2023-05-25T05:01:38.312+0000] {logging_mixin.py:137} INFO - [2023-05-25T05:01:38.312+0000] {dag.py:3441} INFO - Setting next_dagrun for example_dag_decorator to None, run_after=None
[2023-05-25T05:01:38.385+0000] {processor.py:175} INFO - Processing /home/airflow/.local/lib/python3.7/site-packages/airflow/example_dags/example_dag_decorator.py took 0.681 seconds
[2023-05-25T05:02:13.545+0000] {processor.py:153} INFO - Started process (PID=2355) to work on /home/airflow/.local/lib/python3.7/site-packages/airflow/example_dags/example_dag_decorator.py
[2023-05-25T05:02:13.552+0000] {processor.py:743} INFO - Processing file /home/airflow/.local/lib/python3.7/site-packages/airflow/example_dags/example_dag_decorator.py for tasks to queue
[2023-05-25T05:02:13.556+0000] {logging_mixin.py:137} INFO - [2023-05-25T05:02:13.556+0000] {dagbag.py:538} INFO - Filling up the DagBag from /home/airflow/.local/lib/python3.7/site-packages/airflow/example_dags/example_dag_decorator.py
[2023-05-25T05:02:13.632+0000] {logging_mixin.py:137} INFO - [2023-05-25T05:02:13.631+0000] {taskmixin.py:205} WARNING - Dependency <Task(_PythonDecoratedOperator): prepare_email>, send_email already registered for DAG: example_dag_decorator
[2023-05-25T05:02:13.648+0000] {logging_mixin.py:137} INFO - [2023-05-25T05:02:13.648+0000] {taskmixin.py:205} WARNING - Dependency <Task(EmailOperator): send_email>, prepare_email already registered for DAG: example_dag_decorator
[2023-05-25T05:02:13.710+0000] {processor.py:753} INFO - DAG(s) dict_keys(['example_dag_decorator']) retrieved from /home/airflow/.local/lib/python3.7/site-packages/airflow/example_dags/example_dag_decorator.py
[2023-05-25T05:02:13.971+0000] {logging_mixin.py:137} INFO - [2023-05-25T05:02:13.971+0000] {dag.py:2690} INFO - Sync 1 DAGs
[2023-05-25T05:02:14.085+0000] {logging_mixin.py:137} INFO - [2023-05-25T05:02:14.085+0000] {dag.py:3441} INFO - Setting next_dagrun for example_dag_decorator to None, run_after=None
[2023-05-25T05:02:14.157+0000] {processor.py:175} INFO - Processing /home/airflow/.local/lib/python3.7/site-packages/airflow/example_dags/example_dag_decorator.py took 0.629 seconds
[2023-05-25T05:02:44.390+0000] {processor.py:153} INFO - Started process (PID=2414) to work on /home/airflow/.local/lib/python3.7/site-packages/airflow/example_dags/example_dag_decorator.py
[2023-05-25T05:02:44.405+0000] {processor.py:743} INFO - Processing file /home/airflow/.local/lib/python3.7/site-packages/airflow/example_dags/example_dag_decorator.py for tasks to queue
[2023-05-25T05:02:44.424+0000] {logging_mixin.py:137} INFO - [2023-05-25T05:02:44.409+0000] {dagbag.py:538} INFO - Filling up the DagBag from /home/airflow/.local/lib/python3.7/site-packages/airflow/example_dags/example_dag_decorator.py
[2023-05-25T05:02:44.548+0000] {logging_mixin.py:137} INFO - [2023-05-25T05:02:44.548+0000] {taskmixin.py:205} WARNING - Dependency <Task(_PythonDecoratedOperator): prepare_email>, send_email already registered for DAG: example_dag_decorator
[2023-05-25T05:02:44.555+0000] {logging_mixin.py:137} INFO - [2023-05-25T05:02:44.554+0000] {taskmixin.py:205} WARNING - Dependency <Task(EmailOperator): send_email>, prepare_email already registered for DAG: example_dag_decorator
[2023-05-25T05:02:44.606+0000] {processor.py:753} INFO - DAG(s) dict_keys(['example_dag_decorator']) retrieved from /home/airflow/.local/lib/python3.7/site-packages/airflow/example_dags/example_dag_decorator.py
[2023-05-25T05:02:44.840+0000] {logging_mixin.py:137} INFO - [2023-05-25T05:02:44.840+0000] {dag.py:2690} INFO - Sync 1 DAGs
[2023-05-25T05:02:44.934+0000] {logging_mixin.py:137} INFO - [2023-05-25T05:02:44.933+0000] {dag.py:3441} INFO - Setting next_dagrun for example_dag_decorator to None, run_after=None
[2023-05-25T05:02:45.014+0000] {processor.py:175} INFO - Processing /home/airflow/.local/lib/python3.7/site-packages/airflow/example_dags/example_dag_decorator.py took 0.672 seconds
[2023-05-25T05:03:15.510+0000] {processor.py:153} INFO - Started process (PID=2474) to work on /home/airflow/.local/lib/python3.7/site-packages/airflow/example_dags/example_dag_decorator.py
[2023-05-25T05:03:15.513+0000] {processor.py:743} INFO - Processing file /home/airflow/.local/lib/python3.7/site-packages/airflow/example_dags/example_dag_decorator.py for tasks to queue
[2023-05-25T05:03:15.516+0000] {logging_mixin.py:137} INFO - [2023-05-25T05:03:15.515+0000] {dagbag.py:538} INFO - Filling up the DagBag from /home/airflow/.local/lib/python3.7/site-packages/airflow/example_dags/example_dag_decorator.py
[2023-05-25T05:03:15.554+0000] {logging_mixin.py:137} INFO - [2023-05-25T05:03:15.553+0000] {taskmixin.py:205} WARNING - Dependency <Task(_PythonDecoratedOperator): prepare_email>, send_email already registered for DAG: example_dag_decorator
[2023-05-25T05:03:15.556+0000] {logging_mixin.py:137} INFO - [2023-05-25T05:03:15.555+0000] {taskmixin.py:205} WARNING - Dependency <Task(EmailOperator): send_email>, prepare_email already registered for DAG: example_dag_decorator
[2023-05-25T05:03:15.593+0000] {processor.py:753} INFO - DAG(s) dict_keys(['example_dag_decorator']) retrieved from /home/airflow/.local/lib/python3.7/site-packages/airflow/example_dags/example_dag_decorator.py
[2023-05-25T05:03:15.709+0000] {logging_mixin.py:137} INFO - [2023-05-25T05:03:15.709+0000] {dag.py:2690} INFO - Sync 1 DAGs
[2023-05-25T05:03:15.762+0000] {logging_mixin.py:137} INFO - [2023-05-25T05:03:15.762+0000] {dag.py:3441} INFO - Setting next_dagrun for example_dag_decorator to None, run_after=None
[2023-05-25T05:03:15.817+0000] {processor.py:175} INFO - Processing /home/airflow/.local/lib/python3.7/site-packages/airflow/example_dags/example_dag_decorator.py took 0.315 seconds
