[2023-05-25T04:35:39.736+0000] {processor.py:153} INFO - Started process (PID=83) to work on /home/airflow/.local/lib/python3.7/site-packages/airflow/example_dags/example_trigger_target_dag.py
[2023-05-25T04:35:39.788+0000] {processor.py:743} INFO - Processing file /home/airflow/.local/lib/python3.7/site-packages/airflow/example_dags/example_trigger_target_dag.py for tasks to queue
[2023-05-25T04:35:39.825+0000] {logging_mixin.py:137} INFO - [2023-05-25T04:35:39.825+0000] {dagbag.py:538} INFO - Filling up the DagBag from /home/airflow/.local/lib/python3.7/site-packages/airflow/example_dags/example_trigger_target_dag.py
[2023-05-25T04:35:40.327+0000] {processor.py:753} INFO - DAG(s) dict_keys(['example_trigger_target_dag']) retrieved from /home/airflow/.local/lib/python3.7/site-packages/airflow/example_dags/example_trigger_target_dag.py
[2023-05-25T04:35:41.296+0000] {logging_mixin.py:137} INFO - [2023-05-25T04:35:41.289+0000] {dag.py:2690} INFO - Sync 1 DAGs
[2023-05-25T04:35:42.550+0000] {logging_mixin.py:137} INFO - [2023-05-25T04:35:42.550+0000] {dag.py:3441} INFO - Setting next_dagrun for example_trigger_target_dag to None, run_after=None
[2023-05-25T04:35:43.038+0000] {processor.py:175} INFO - Processing /home/airflow/.local/lib/python3.7/site-packages/airflow/example_dags/example_trigger_target_dag.py took 3.415 seconds
[2023-05-25T04:36:14.564+0000] {processor.py:153} INFO - Started process (PID=135) to work on /home/airflow/.local/lib/python3.7/site-packages/airflow/example_dags/example_trigger_target_dag.py
[2023-05-25T04:36:14.569+0000] {processor.py:743} INFO - Processing file /home/airflow/.local/lib/python3.7/site-packages/airflow/example_dags/example_trigger_target_dag.py for tasks to queue
[2023-05-25T04:36:14.580+0000] {logging_mixin.py:137} INFO - [2023-05-25T04:36:14.580+0000] {dagbag.py:538} INFO - Filling up the DagBag from /home/airflow/.local/lib/python3.7/site-packages/airflow/example_dags/example_trigger_target_dag.py
[2023-05-25T04:36:14.729+0000] {processor.py:753} INFO - DAG(s) dict_keys(['example_trigger_target_dag']) retrieved from /home/airflow/.local/lib/python3.7/site-packages/airflow/example_dags/example_trigger_target_dag.py
[2023-05-25T04:36:14.806+0000] {logging_mixin.py:137} INFO - [2023-05-25T04:36:14.805+0000] {dag.py:2690} INFO - Sync 1 DAGs
[2023-05-25T04:36:14.870+0000] {logging_mixin.py:137} INFO - [2023-05-25T04:36:14.869+0000] {dag.py:3441} INFO - Setting next_dagrun for example_trigger_target_dag to None, run_after=None
[2023-05-25T04:36:14.919+0000] {processor.py:175} INFO - Processing /home/airflow/.local/lib/python3.7/site-packages/airflow/example_dags/example_trigger_target_dag.py took 0.369 seconds
[2023-05-25T04:36:57.091+0000] {processor.py:153} INFO - Started process (PID=193) to work on /home/airflow/.local/lib/python3.7/site-packages/airflow/example_dags/example_trigger_target_dag.py
[2023-05-25T04:36:57.110+0000] {processor.py:743} INFO - Processing file /home/airflow/.local/lib/python3.7/site-packages/airflow/example_dags/example_trigger_target_dag.py for tasks to queue
[2023-05-25T04:36:57.126+0000] {logging_mixin.py:137} INFO - [2023-05-25T04:36:57.124+0000] {dagbag.py:538} INFO - Filling up the DagBag from /home/airflow/.local/lib/python3.7/site-packages/airflow/example_dags/example_trigger_target_dag.py
[2023-05-25T04:36:57.390+0000] {processor.py:753} INFO - DAG(s) dict_keys(['example_trigger_target_dag']) retrieved from /home/airflow/.local/lib/python3.7/site-packages/airflow/example_dags/example_trigger_target_dag.py
[2023-05-25T04:36:57.703+0000] {logging_mixin.py:137} INFO - [2023-05-25T04:36:57.703+0000] {dag.py:2690} INFO - Sync 1 DAGs
[2023-05-25T04:36:59.939+0000] {logging_mixin.py:137} INFO - [2023-05-25T04:36:59.922+0000] {dag.py:3441} INFO - Setting next_dagrun for example_trigger_target_dag to None, run_after=None
[2023-05-25T04:37:00.554+0000] {processor.py:175} INFO - Processing /home/airflow/.local/lib/python3.7/site-packages/airflow/example_dags/example_trigger_target_dag.py took 3.525 seconds
[2023-05-25T04:38:17.635+0000] {processor.py:153} INFO - Started process (PID=252) to work on /home/airflow/.local/lib/python3.7/site-packages/airflow/example_dags/example_trigger_target_dag.py
[2023-05-25T04:38:17.681+0000] {processor.py:743} INFO - Processing file /home/airflow/.local/lib/python3.7/site-packages/airflow/example_dags/example_trigger_target_dag.py for tasks to queue
[2023-05-25T04:38:17.714+0000] {logging_mixin.py:137} INFO - [2023-05-25T04:38:17.706+0000] {dagbag.py:538} INFO - Filling up the DagBag from /home/airflow/.local/lib/python3.7/site-packages/airflow/example_dags/example_trigger_target_dag.py
[2023-05-25T04:38:18.506+0000] {processor.py:753} INFO - DAG(s) dict_keys(['example_trigger_target_dag']) retrieved from /home/airflow/.local/lib/python3.7/site-packages/airflow/example_dags/example_trigger_target_dag.py
[2023-05-25T04:38:18.881+0000] {logging_mixin.py:137} INFO - [2023-05-25T04:38:18.881+0000] {dag.py:2690} INFO - Sync 1 DAGs
[2023-05-25T04:38:19.335+0000] {logging_mixin.py:137} INFO - [2023-05-25T04:38:19.335+0000] {dag.py:3441} INFO - Setting next_dagrun for example_trigger_target_dag to None, run_after=None
[2023-05-25T04:38:19.599+0000] {processor.py:175} INFO - Processing /home/airflow/.local/lib/python3.7/site-packages/airflow/example_dags/example_trigger_target_dag.py took 1.999 seconds
[2023-05-25T04:38:54.986+0000] {processor.py:153} INFO - Started process (PID=310) to work on /home/airflow/.local/lib/python3.7/site-packages/airflow/example_dags/example_trigger_target_dag.py
[2023-05-25T04:38:54.989+0000] {processor.py:743} INFO - Processing file /home/airflow/.local/lib/python3.7/site-packages/airflow/example_dags/example_trigger_target_dag.py for tasks to queue
[2023-05-25T04:38:54.992+0000] {logging_mixin.py:137} INFO - [2023-05-25T04:38:54.991+0000] {dagbag.py:538} INFO - Filling up the DagBag from /home/airflow/.local/lib/python3.7/site-packages/airflow/example_dags/example_trigger_target_dag.py
[2023-05-25T04:38:55.031+0000] {processor.py:753} INFO - DAG(s) dict_keys(['example_trigger_target_dag']) retrieved from /home/airflow/.local/lib/python3.7/site-packages/airflow/example_dags/example_trigger_target_dag.py
[2023-05-25T04:38:55.074+0000] {logging_mixin.py:137} INFO - [2023-05-25T04:38:55.074+0000] {dag.py:2690} INFO - Sync 1 DAGs
[2023-05-25T04:38:55.121+0000] {logging_mixin.py:137} INFO - [2023-05-25T04:38:55.121+0000] {dag.py:3441} INFO - Setting next_dagrun for example_trigger_target_dag to None, run_after=None
[2023-05-25T04:38:55.160+0000] {processor.py:175} INFO - Processing /home/airflow/.local/lib/python3.7/site-packages/airflow/example_dags/example_trigger_target_dag.py took 0.181 seconds
[2023-05-25T04:39:31.531+0000] {processor.py:153} INFO - Started process (PID=367) to work on /home/airflow/.local/lib/python3.7/site-packages/airflow/example_dags/example_trigger_target_dag.py
[2023-05-25T04:39:31.563+0000] {processor.py:743} INFO - Processing file /home/airflow/.local/lib/python3.7/site-packages/airflow/example_dags/example_trigger_target_dag.py for tasks to queue
[2023-05-25T04:39:31.573+0000] {logging_mixin.py:137} INFO - [2023-05-25T04:39:31.572+0000] {dagbag.py:538} INFO - Filling up the DagBag from /home/airflow/.local/lib/python3.7/site-packages/airflow/example_dags/example_trigger_target_dag.py
[2023-05-25T04:39:32.263+0000] {processor.py:753} INFO - DAG(s) dict_keys(['example_trigger_target_dag']) retrieved from /home/airflow/.local/lib/python3.7/site-packages/airflow/example_dags/example_trigger_target_dag.py
[2023-05-25T04:39:32.898+0000] {logging_mixin.py:137} INFO - [2023-05-25T04:39:32.898+0000] {dag.py:2690} INFO - Sync 1 DAGs
[2023-05-25T04:39:33.725+0000] {logging_mixin.py:137} INFO - [2023-05-25T04:39:33.724+0000] {dag.py:3441} INFO - Setting next_dagrun for example_trigger_target_dag to None, run_after=None
[2023-05-25T04:39:34.024+0000] {processor.py:175} INFO - Processing /home/airflow/.local/lib/python3.7/site-packages/airflow/example_dags/example_trigger_target_dag.py took 2.621 seconds
[2023-05-25T04:42:07.608+0000] {processor.py:153} INFO - Started process (PID=61) to work on /home/airflow/.local/lib/python3.7/site-packages/airflow/example_dags/example_trigger_target_dag.py
[2023-05-25T04:42:07.618+0000] {processor.py:743} INFO - Processing file /home/airflow/.local/lib/python3.7/site-packages/airflow/example_dags/example_trigger_target_dag.py for tasks to queue
[2023-05-25T04:42:07.628+0000] {logging_mixin.py:137} INFO - [2023-05-25T04:42:07.627+0000] {dagbag.py:538} INFO - Filling up the DagBag from /home/airflow/.local/lib/python3.7/site-packages/airflow/example_dags/example_trigger_target_dag.py
[2023-05-25T04:42:07.825+0000] {processor.py:753} INFO - DAG(s) dict_keys(['example_trigger_target_dag']) retrieved from /home/airflow/.local/lib/python3.7/site-packages/airflow/example_dags/example_trigger_target_dag.py
[2023-05-25T04:42:08.033+0000] {logging_mixin.py:137} INFO - [2023-05-25T04:42:08.032+0000] {dag.py:2690} INFO - Sync 1 DAGs
[2023-05-25T04:42:08.234+0000] {logging_mixin.py:137} INFO - [2023-05-25T04:42:08.233+0000] {dag.py:3441} INFO - Setting next_dagrun for example_trigger_target_dag to None, run_after=None
[2023-05-25T04:42:08.321+0000] {processor.py:175} INFO - Processing /home/airflow/.local/lib/python3.7/site-packages/airflow/example_dags/example_trigger_target_dag.py took 0.738 seconds
[2023-05-25T04:42:39.425+0000] {processor.py:153} INFO - Started process (PID=120) to work on /home/airflow/.local/lib/python3.7/site-packages/airflow/example_dags/example_trigger_target_dag.py
[2023-05-25T04:42:39.430+0000] {processor.py:743} INFO - Processing file /home/airflow/.local/lib/python3.7/site-packages/airflow/example_dags/example_trigger_target_dag.py for tasks to queue
[2023-05-25T04:42:39.435+0000] {logging_mixin.py:137} INFO - [2023-05-25T04:42:39.435+0000] {dagbag.py:538} INFO - Filling up the DagBag from /home/airflow/.local/lib/python3.7/site-packages/airflow/example_dags/example_trigger_target_dag.py
[2023-05-25T04:42:39.521+0000] {processor.py:753} INFO - DAG(s) dict_keys(['example_trigger_target_dag']) retrieved from /home/airflow/.local/lib/python3.7/site-packages/airflow/example_dags/example_trigger_target_dag.py
[2023-05-25T04:42:39.567+0000] {logging_mixin.py:137} INFO - [2023-05-25T04:42:39.567+0000] {dag.py:2690} INFO - Sync 1 DAGs
[2023-05-25T04:42:39.618+0000] {logging_mixin.py:137} INFO - [2023-05-25T04:42:39.618+0000] {dag.py:3441} INFO - Setting next_dagrun for example_trigger_target_dag to None, run_after=None
[2023-05-25T04:42:39.689+0000] {processor.py:175} INFO - Processing /home/airflow/.local/lib/python3.7/site-packages/airflow/example_dags/example_trigger_target_dag.py took 0.272 seconds
[2023-05-25T04:43:11.170+0000] {processor.py:153} INFO - Started process (PID=179) to work on /home/airflow/.local/lib/python3.7/site-packages/airflow/example_dags/example_trigger_target_dag.py
[2023-05-25T04:43:11.172+0000] {processor.py:743} INFO - Processing file /home/airflow/.local/lib/python3.7/site-packages/airflow/example_dags/example_trigger_target_dag.py for tasks to queue
[2023-05-25T04:43:11.175+0000] {logging_mixin.py:137} INFO - [2023-05-25T04:43:11.175+0000] {dagbag.py:538} INFO - Filling up the DagBag from /home/airflow/.local/lib/python3.7/site-packages/airflow/example_dags/example_trigger_target_dag.py
[2023-05-25T04:43:11.221+0000] {processor.py:753} INFO - DAG(s) dict_keys(['example_trigger_target_dag']) retrieved from /home/airflow/.local/lib/python3.7/site-packages/airflow/example_dags/example_trigger_target_dag.py
[2023-05-25T04:43:11.275+0000] {logging_mixin.py:137} INFO - [2023-05-25T04:43:11.275+0000] {dag.py:2690} INFO - Sync 1 DAGs
[2023-05-25T04:43:11.326+0000] {logging_mixin.py:137} INFO - [2023-05-25T04:43:11.325+0000] {dag.py:3441} INFO - Setting next_dagrun for example_trigger_target_dag to None, run_after=None
[2023-05-25T04:43:11.375+0000] {processor.py:175} INFO - Processing /home/airflow/.local/lib/python3.7/site-packages/airflow/example_dags/example_trigger_target_dag.py took 0.212 seconds
[2023-05-25T04:43:42.596+0000] {processor.py:153} INFO - Started process (PID=239) to work on /home/airflow/.local/lib/python3.7/site-packages/airflow/example_dags/example_trigger_target_dag.py
[2023-05-25T04:43:42.613+0000] {processor.py:743} INFO - Processing file /home/airflow/.local/lib/python3.7/site-packages/airflow/example_dags/example_trigger_target_dag.py for tasks to queue
[2023-05-25T04:43:42.619+0000] {logging_mixin.py:137} INFO - [2023-05-25T04:43:42.619+0000] {dagbag.py:538} INFO - Filling up the DagBag from /home/airflow/.local/lib/python3.7/site-packages/airflow/example_dags/example_trigger_target_dag.py
[2023-05-25T04:43:42.823+0000] {processor.py:753} INFO - DAG(s) dict_keys(['example_trigger_target_dag']) retrieved from /home/airflow/.local/lib/python3.7/site-packages/airflow/example_dags/example_trigger_target_dag.py
[2023-05-25T04:43:42.923+0000] {logging_mixin.py:137} INFO - [2023-05-25T04:43:42.923+0000] {dag.py:2690} INFO - Sync 1 DAGs
[2023-05-25T04:43:43.055+0000] {logging_mixin.py:137} INFO - [2023-05-25T04:43:43.055+0000] {dag.py:3441} INFO - Setting next_dagrun for example_trigger_target_dag to None, run_after=None
[2023-05-25T04:43:43.130+0000] {processor.py:175} INFO - Processing /home/airflow/.local/lib/python3.7/site-packages/airflow/example_dags/example_trigger_target_dag.py took 0.557 seconds
[2023-05-25T04:44:14.081+0000] {processor.py:153} INFO - Started process (PID=299) to work on /home/airflow/.local/lib/python3.7/site-packages/airflow/example_dags/example_trigger_target_dag.py
[2023-05-25T04:44:14.097+0000] {processor.py:743} INFO - Processing file /home/airflow/.local/lib/python3.7/site-packages/airflow/example_dags/example_trigger_target_dag.py for tasks to queue
[2023-05-25T04:44:14.101+0000] {logging_mixin.py:137} INFO - [2023-05-25T04:44:14.101+0000] {dagbag.py:538} INFO - Filling up the DagBag from /home/airflow/.local/lib/python3.7/site-packages/airflow/example_dags/example_trigger_target_dag.py
[2023-05-25T04:44:14.249+0000] {processor.py:753} INFO - DAG(s) dict_keys(['example_trigger_target_dag']) retrieved from /home/airflow/.local/lib/python3.7/site-packages/airflow/example_dags/example_trigger_target_dag.py
[2023-05-25T04:44:14.402+0000] {logging_mixin.py:137} INFO - [2023-05-25T04:44:14.402+0000] {dag.py:2690} INFO - Sync 1 DAGs
[2023-05-25T04:44:14.613+0000] {logging_mixin.py:137} INFO - [2023-05-25T04:44:14.613+0000] {dag.py:3441} INFO - Setting next_dagrun for example_trigger_target_dag to None, run_after=None
[2023-05-25T04:44:14.673+0000] {processor.py:175} INFO - Processing /home/airflow/.local/lib/python3.7/site-packages/airflow/example_dags/example_trigger_target_dag.py took 0.620 seconds
[2023-05-25T04:44:44.954+0000] {processor.py:153} INFO - Started process (PID=360) to work on /home/airflow/.local/lib/python3.7/site-packages/airflow/example_dags/example_trigger_target_dag.py
[2023-05-25T04:44:44.957+0000] {processor.py:743} INFO - Processing file /home/airflow/.local/lib/python3.7/site-packages/airflow/example_dags/example_trigger_target_dag.py for tasks to queue
[2023-05-25T04:44:44.960+0000] {logging_mixin.py:137} INFO - [2023-05-25T04:44:44.959+0000] {dagbag.py:538} INFO - Filling up the DagBag from /home/airflow/.local/lib/python3.7/site-packages/airflow/example_dags/example_trigger_target_dag.py
[2023-05-25T04:44:45.004+0000] {processor.py:753} INFO - DAG(s) dict_keys(['example_trigger_target_dag']) retrieved from /home/airflow/.local/lib/python3.7/site-packages/airflow/example_dags/example_trigger_target_dag.py
[2023-05-25T04:44:45.065+0000] {logging_mixin.py:137} INFO - [2023-05-25T04:44:45.065+0000] {dag.py:2690} INFO - Sync 1 DAGs
[2023-05-25T04:44:45.110+0000] {logging_mixin.py:137} INFO - [2023-05-25T04:44:45.110+0000] {dag.py:3441} INFO - Setting next_dagrun for example_trigger_target_dag to None, run_after=None
[2023-05-25T04:44:45.146+0000] {processor.py:175} INFO - Processing /home/airflow/.local/lib/python3.7/site-packages/airflow/example_dags/example_trigger_target_dag.py took 0.201 seconds
[2023-05-25T04:45:16.693+0000] {processor.py:153} INFO - Started process (PID=430) to work on /home/airflow/.local/lib/python3.7/site-packages/airflow/example_dags/example_trigger_target_dag.py
[2023-05-25T04:45:16.703+0000] {processor.py:743} INFO - Processing file /home/airflow/.local/lib/python3.7/site-packages/airflow/example_dags/example_trigger_target_dag.py for tasks to queue
[2023-05-25T04:45:16.711+0000] {logging_mixin.py:137} INFO - [2023-05-25T04:45:16.710+0000] {dagbag.py:538} INFO - Filling up the DagBag from /home/airflow/.local/lib/python3.7/site-packages/airflow/example_dags/example_trigger_target_dag.py
[2023-05-25T04:45:16.768+0000] {processor.py:753} INFO - DAG(s) dict_keys(['example_trigger_target_dag']) retrieved from /home/airflow/.local/lib/python3.7/site-packages/airflow/example_dags/example_trigger_target_dag.py
[2023-05-25T04:45:16.937+0000] {logging_mixin.py:137} INFO - [2023-05-25T04:45:16.937+0000] {dag.py:2690} INFO - Sync 1 DAGs
[2023-05-25T04:45:17.013+0000] {logging_mixin.py:137} INFO - [2023-05-25T04:45:17.013+0000] {dag.py:3441} INFO - Setting next_dagrun for example_trigger_target_dag to None, run_after=None
[2023-05-25T04:45:17.129+0000] {processor.py:175} INFO - Processing /home/airflow/.local/lib/python3.7/site-packages/airflow/example_dags/example_trigger_target_dag.py took 0.465 seconds
[2023-05-25T04:45:47.289+0000] {processor.py:153} INFO - Started process (PID=481) to work on /home/airflow/.local/lib/python3.7/site-packages/airflow/example_dags/example_trigger_target_dag.py
[2023-05-25T04:45:47.293+0000] {processor.py:743} INFO - Processing file /home/airflow/.local/lib/python3.7/site-packages/airflow/example_dags/example_trigger_target_dag.py for tasks to queue
[2023-05-25T04:45:47.297+0000] {logging_mixin.py:137} INFO - [2023-05-25T04:45:47.296+0000] {dagbag.py:538} INFO - Filling up the DagBag from /home/airflow/.local/lib/python3.7/site-packages/airflow/example_dags/example_trigger_target_dag.py
[2023-05-25T04:45:47.351+0000] {processor.py:753} INFO - DAG(s) dict_keys(['example_trigger_target_dag']) retrieved from /home/airflow/.local/lib/python3.7/site-packages/airflow/example_dags/example_trigger_target_dag.py
[2023-05-25T04:45:47.410+0000] {logging_mixin.py:137} INFO - [2023-05-25T04:45:47.410+0000] {dag.py:2690} INFO - Sync 1 DAGs
[2023-05-25T04:45:47.470+0000] {logging_mixin.py:137} INFO - [2023-05-25T04:45:47.470+0000] {dag.py:3441} INFO - Setting next_dagrun for example_trigger_target_dag to None, run_after=None
[2023-05-25T04:45:47.507+0000] {processor.py:175} INFO - Processing /home/airflow/.local/lib/python3.7/site-packages/airflow/example_dags/example_trigger_target_dag.py took 0.228 seconds
[2023-05-25T04:46:19.052+0000] {processor.py:153} INFO - Started process (PID=553) to work on /home/airflow/.local/lib/python3.7/site-packages/airflow/example_dags/example_trigger_target_dag.py
[2023-05-25T04:46:19.056+0000] {processor.py:743} INFO - Processing file /home/airflow/.local/lib/python3.7/site-packages/airflow/example_dags/example_trigger_target_dag.py for tasks to queue
[2023-05-25T04:46:19.064+0000] {logging_mixin.py:137} INFO - [2023-05-25T04:46:19.063+0000] {dagbag.py:538} INFO - Filling up the DagBag from /home/airflow/.local/lib/python3.7/site-packages/airflow/example_dags/example_trigger_target_dag.py
[2023-05-25T04:46:19.135+0000] {processor.py:753} INFO - DAG(s) dict_keys(['example_trigger_target_dag']) retrieved from /home/airflow/.local/lib/python3.7/site-packages/airflow/example_dags/example_trigger_target_dag.py
[2023-05-25T04:46:19.222+0000] {logging_mixin.py:137} INFO - [2023-05-25T04:46:19.222+0000] {dag.py:2690} INFO - Sync 1 DAGs
[2023-05-25T04:46:19.296+0000] {logging_mixin.py:137} INFO - [2023-05-25T04:46:19.295+0000] {dag.py:3441} INFO - Setting next_dagrun for example_trigger_target_dag to None, run_after=None
[2023-05-25T04:46:19.389+0000] {processor.py:175} INFO - Processing /home/airflow/.local/lib/python3.7/site-packages/airflow/example_dags/example_trigger_target_dag.py took 0.354 seconds
[2023-05-25T04:46:49.900+0000] {processor.py:153} INFO - Started process (PID=613) to work on /home/airflow/.local/lib/python3.7/site-packages/airflow/example_dags/example_trigger_target_dag.py
[2023-05-25T04:46:49.903+0000] {processor.py:743} INFO - Processing file /home/airflow/.local/lib/python3.7/site-packages/airflow/example_dags/example_trigger_target_dag.py for tasks to queue
[2023-05-25T04:46:49.914+0000] {logging_mixin.py:137} INFO - [2023-05-25T04:46:49.913+0000] {dagbag.py:538} INFO - Filling up the DagBag from /home/airflow/.local/lib/python3.7/site-packages/airflow/example_dags/example_trigger_target_dag.py
[2023-05-25T04:46:49.970+0000] {processor.py:753} INFO - DAG(s) dict_keys(['example_trigger_target_dag']) retrieved from /home/airflow/.local/lib/python3.7/site-packages/airflow/example_dags/example_trigger_target_dag.py
[2023-05-25T04:46:50.021+0000] {logging_mixin.py:137} INFO - [2023-05-25T04:46:50.020+0000] {dag.py:2690} INFO - Sync 1 DAGs
[2023-05-25T04:46:50.076+0000] {logging_mixin.py:137} INFO - [2023-05-25T04:46:50.076+0000] {dag.py:3441} INFO - Setting next_dagrun for example_trigger_target_dag to None, run_after=None
[2023-05-25T04:46:50.113+0000] {processor.py:175} INFO - Processing /home/airflow/.local/lib/python3.7/site-packages/airflow/example_dags/example_trigger_target_dag.py took 0.219 seconds
[2023-05-25T04:47:39.051+0000] {processor.py:153} INFO - Started process (PID=671) to work on /home/airflow/.local/lib/python3.7/site-packages/airflow/example_dags/example_trigger_target_dag.py
[2023-05-25T04:47:39.063+0000] {processor.py:743} INFO - Processing file /home/airflow/.local/lib/python3.7/site-packages/airflow/example_dags/example_trigger_target_dag.py for tasks to queue
[2023-05-25T04:47:39.078+0000] {logging_mixin.py:137} INFO - [2023-05-25T04:47:39.074+0000] {dagbag.py:538} INFO - Filling up the DagBag from /home/airflow/.local/lib/python3.7/site-packages/airflow/example_dags/example_trigger_target_dag.py
[2023-05-25T04:47:39.356+0000] {processor.py:753} INFO - DAG(s) dict_keys(['example_trigger_target_dag']) retrieved from /home/airflow/.local/lib/python3.7/site-packages/airflow/example_dags/example_trigger_target_dag.py
[2023-05-25T04:47:39.617+0000] {logging_mixin.py:137} INFO - [2023-05-25T04:47:39.616+0000] {dag.py:2690} INFO - Sync 1 DAGs
[2023-05-25T04:47:39.819+0000] {logging_mixin.py:137} INFO - [2023-05-25T04:47:39.819+0000] {dag.py:3441} INFO - Setting next_dagrun for example_trigger_target_dag to None, run_after=None
[2023-05-25T04:47:39.989+0000] {processor.py:175} INFO - Processing /home/airflow/.local/lib/python3.7/site-packages/airflow/example_dags/example_trigger_target_dag.py took 0.958 seconds
[2023-05-25T04:48:10.915+0000] {processor.py:153} INFO - Started process (PID=732) to work on /home/airflow/.local/lib/python3.7/site-packages/airflow/example_dags/example_trigger_target_dag.py
[2023-05-25T04:48:10.928+0000] {processor.py:743} INFO - Processing file /home/airflow/.local/lib/python3.7/site-packages/airflow/example_dags/example_trigger_target_dag.py for tasks to queue
[2023-05-25T04:48:10.931+0000] {logging_mixin.py:137} INFO - [2023-05-25T04:48:10.930+0000] {dagbag.py:538} INFO - Filling up the DagBag from /home/airflow/.local/lib/python3.7/site-packages/airflow/example_dags/example_trigger_target_dag.py
[2023-05-25T04:48:11.001+0000] {processor.py:753} INFO - DAG(s) dict_keys(['example_trigger_target_dag']) retrieved from /home/airflow/.local/lib/python3.7/site-packages/airflow/example_dags/example_trigger_target_dag.py
[2023-05-25T04:48:11.057+0000] {logging_mixin.py:137} INFO - [2023-05-25T04:48:11.057+0000] {dag.py:2690} INFO - Sync 1 DAGs
[2023-05-25T04:48:11.104+0000] {logging_mixin.py:137} INFO - [2023-05-25T04:48:11.104+0000] {dag.py:3441} INFO - Setting next_dagrun for example_trigger_target_dag to None, run_after=None
[2023-05-25T04:48:11.171+0000] {processor.py:175} INFO - Processing /home/airflow/.local/lib/python3.7/site-packages/airflow/example_dags/example_trigger_target_dag.py took 0.260 seconds
[2023-05-25T04:48:41.299+0000] {processor.py:153} INFO - Started process (PID=797) to work on /home/airflow/.local/lib/python3.7/site-packages/airflow/example_dags/example_trigger_target_dag.py
[2023-05-25T04:48:41.313+0000] {processor.py:743} INFO - Processing file /home/airflow/.local/lib/python3.7/site-packages/airflow/example_dags/example_trigger_target_dag.py for tasks to queue
[2023-05-25T04:48:41.323+0000] {logging_mixin.py:137} INFO - [2023-05-25T04:48:41.323+0000] {dagbag.py:538} INFO - Filling up the DagBag from /home/airflow/.local/lib/python3.7/site-packages/airflow/example_dags/example_trigger_target_dag.py
[2023-05-25T04:48:41.447+0000] {processor.py:753} INFO - DAG(s) dict_keys(['example_trigger_target_dag']) retrieved from /home/airflow/.local/lib/python3.7/site-packages/airflow/example_dags/example_trigger_target_dag.py
[2023-05-25T04:48:41.526+0000] {logging_mixin.py:137} INFO - [2023-05-25T04:48:41.526+0000] {dag.py:2690} INFO - Sync 1 DAGs
[2023-05-25T04:48:41.594+0000] {logging_mixin.py:137} INFO - [2023-05-25T04:48:41.594+0000] {dag.py:3441} INFO - Setting next_dagrun for example_trigger_target_dag to None, run_after=None
[2023-05-25T04:48:41.658+0000] {processor.py:175} INFO - Processing /home/airflow/.local/lib/python3.7/site-packages/airflow/example_dags/example_trigger_target_dag.py took 0.390 seconds
[2023-05-25T04:49:12.648+0000] {processor.py:153} INFO - Started process (PID=857) to work on /home/airflow/.local/lib/python3.7/site-packages/airflow/example_dags/example_trigger_target_dag.py
[2023-05-25T04:49:12.656+0000] {processor.py:743} INFO - Processing file /home/airflow/.local/lib/python3.7/site-packages/airflow/example_dags/example_trigger_target_dag.py for tasks to queue
[2023-05-25T04:49:12.665+0000] {logging_mixin.py:137} INFO - [2023-05-25T04:49:12.664+0000] {dagbag.py:538} INFO - Filling up the DagBag from /home/airflow/.local/lib/python3.7/site-packages/airflow/example_dags/example_trigger_target_dag.py
[2023-05-25T04:49:12.764+0000] {processor.py:753} INFO - DAG(s) dict_keys(['example_trigger_target_dag']) retrieved from /home/airflow/.local/lib/python3.7/site-packages/airflow/example_dags/example_trigger_target_dag.py
[2023-05-25T04:49:12.884+0000] {logging_mixin.py:137} INFO - [2023-05-25T04:49:12.884+0000] {dag.py:2690} INFO - Sync 1 DAGs
[2023-05-25T04:49:12.988+0000] {logging_mixin.py:137} INFO - [2023-05-25T04:49:12.988+0000] {dag.py:3441} INFO - Setting next_dagrun for example_trigger_target_dag to None, run_after=None
[2023-05-25T04:49:13.139+0000] {processor.py:175} INFO - Processing /home/airflow/.local/lib/python3.7/site-packages/airflow/example_dags/example_trigger_target_dag.py took 0.502 seconds
[2023-05-25T04:49:44.128+0000] {processor.py:153} INFO - Started process (PID=917) to work on /home/airflow/.local/lib/python3.7/site-packages/airflow/example_dags/example_trigger_target_dag.py
[2023-05-25T04:49:44.133+0000] {processor.py:743} INFO - Processing file /home/airflow/.local/lib/python3.7/site-packages/airflow/example_dags/example_trigger_target_dag.py for tasks to queue
[2023-05-25T04:49:44.142+0000] {logging_mixin.py:137} INFO - [2023-05-25T04:49:44.141+0000] {dagbag.py:538} INFO - Filling up the DagBag from /home/airflow/.local/lib/python3.7/site-packages/airflow/example_dags/example_trigger_target_dag.py
[2023-05-25T04:49:44.284+0000] {processor.py:753} INFO - DAG(s) dict_keys(['example_trigger_target_dag']) retrieved from /home/airflow/.local/lib/python3.7/site-packages/airflow/example_dags/example_trigger_target_dag.py
[2023-05-25T04:49:44.374+0000] {logging_mixin.py:137} INFO - [2023-05-25T04:49:44.374+0000] {dag.py:2690} INFO - Sync 1 DAGs
[2023-05-25T04:49:44.448+0000] {logging_mixin.py:137} INFO - [2023-05-25T04:49:44.448+0000] {dag.py:3441} INFO - Setting next_dagrun for example_trigger_target_dag to None, run_after=None
[2023-05-25T04:49:44.500+0000] {processor.py:175} INFO - Processing /home/airflow/.local/lib/python3.7/site-packages/airflow/example_dags/example_trigger_target_dag.py took 0.413 seconds
[2023-05-25T04:50:14.770+0000] {processor.py:153} INFO - Started process (PID=986) to work on /home/airflow/.local/lib/python3.7/site-packages/airflow/example_dags/example_trigger_target_dag.py
[2023-05-25T04:50:14.783+0000] {processor.py:743} INFO - Processing file /home/airflow/.local/lib/python3.7/site-packages/airflow/example_dags/example_trigger_target_dag.py for tasks to queue
[2023-05-25T04:50:14.803+0000] {logging_mixin.py:137} INFO - [2023-05-25T04:50:14.802+0000] {dagbag.py:538} INFO - Filling up the DagBag from /home/airflow/.local/lib/python3.7/site-packages/airflow/example_dags/example_trigger_target_dag.py
[2023-05-25T04:50:14.867+0000] {processor.py:753} INFO - DAG(s) dict_keys(['example_trigger_target_dag']) retrieved from /home/airflow/.local/lib/python3.7/site-packages/airflow/example_dags/example_trigger_target_dag.py
[2023-05-25T04:50:14.960+0000] {logging_mixin.py:137} INFO - [2023-05-25T04:50:14.956+0000] {dag.py:2690} INFO - Sync 1 DAGs
[2023-05-25T04:50:15.031+0000] {logging_mixin.py:137} INFO - [2023-05-25T04:50:15.031+0000] {dag.py:3441} INFO - Setting next_dagrun for example_trigger_target_dag to None, run_after=None
[2023-05-25T04:50:15.177+0000] {processor.py:175} INFO - Processing /home/airflow/.local/lib/python3.7/site-packages/airflow/example_dags/example_trigger_target_dag.py took 0.436 seconds
[2023-05-25T04:50:45.865+0000] {processor.py:153} INFO - Started process (PID=1040) to work on /home/airflow/.local/lib/python3.7/site-packages/airflow/example_dags/example_trigger_target_dag.py
[2023-05-25T04:50:45.894+0000] {processor.py:743} INFO - Processing file /home/airflow/.local/lib/python3.7/site-packages/airflow/example_dags/example_trigger_target_dag.py for tasks to queue
[2023-05-25T04:50:45.903+0000] {logging_mixin.py:137} INFO - [2023-05-25T04:50:45.903+0000] {dagbag.py:538} INFO - Filling up the DagBag from /home/airflow/.local/lib/python3.7/site-packages/airflow/example_dags/example_trigger_target_dag.py
[2023-05-25T04:50:46.167+0000] {processor.py:753} INFO - DAG(s) dict_keys(['example_trigger_target_dag']) retrieved from /home/airflow/.local/lib/python3.7/site-packages/airflow/example_dags/example_trigger_target_dag.py
[2023-05-25T04:50:46.256+0000] {logging_mixin.py:137} INFO - [2023-05-25T04:50:46.256+0000] {dag.py:2690} INFO - Sync 1 DAGs
[2023-05-25T04:50:46.422+0000] {logging_mixin.py:137} INFO - [2023-05-25T04:50:46.422+0000] {dag.py:3441} INFO - Setting next_dagrun for example_trigger_target_dag to None, run_after=None
[2023-05-25T04:50:46.537+0000] {processor.py:175} INFO - Processing /home/airflow/.local/lib/python3.7/site-packages/airflow/example_dags/example_trigger_target_dag.py took 0.703 seconds
[2023-05-25T04:51:18.030+0000] {processor.py:153} INFO - Started process (PID=1100) to work on /home/airflow/.local/lib/python3.7/site-packages/airflow/example_dags/example_trigger_target_dag.py
[2023-05-25T04:51:18.039+0000] {processor.py:743} INFO - Processing file /home/airflow/.local/lib/python3.7/site-packages/airflow/example_dags/example_trigger_target_dag.py for tasks to queue
[2023-05-25T04:51:18.050+0000] {logging_mixin.py:137} INFO - [2023-05-25T04:51:18.049+0000] {dagbag.py:538} INFO - Filling up the DagBag from /home/airflow/.local/lib/python3.7/site-packages/airflow/example_dags/example_trigger_target_dag.py
[2023-05-25T04:51:18.228+0000] {processor.py:753} INFO - DAG(s) dict_keys(['example_trigger_target_dag']) retrieved from /home/airflow/.local/lib/python3.7/site-packages/airflow/example_dags/example_trigger_target_dag.py
[2023-05-25T04:51:18.406+0000] {logging_mixin.py:137} INFO - [2023-05-25T04:51:18.405+0000] {dag.py:2690} INFO - Sync 1 DAGs
[2023-05-25T04:51:18.637+0000] {logging_mixin.py:137} INFO - [2023-05-25T04:51:18.637+0000] {dag.py:3441} INFO - Setting next_dagrun for example_trigger_target_dag to None, run_after=None
[2023-05-25T04:51:18.773+0000] {processor.py:175} INFO - Processing /home/airflow/.local/lib/python3.7/site-packages/airflow/example_dags/example_trigger_target_dag.py took 0.773 seconds
[2023-05-25T04:51:49.814+0000] {processor.py:153} INFO - Started process (PID=1156) to work on /home/airflow/.local/lib/python3.7/site-packages/airflow/example_dags/example_trigger_target_dag.py
[2023-05-25T04:51:49.828+0000] {processor.py:743} INFO - Processing file /home/airflow/.local/lib/python3.7/site-packages/airflow/example_dags/example_trigger_target_dag.py for tasks to queue
[2023-05-25T04:51:49.837+0000] {logging_mixin.py:137} INFO - [2023-05-25T04:51:49.837+0000] {dagbag.py:538} INFO - Filling up the DagBag from /home/airflow/.local/lib/python3.7/site-packages/airflow/example_dags/example_trigger_target_dag.py
[2023-05-25T04:51:50.119+0000] {processor.py:753} INFO - DAG(s) dict_keys(['example_trigger_target_dag']) retrieved from /home/airflow/.local/lib/python3.7/site-packages/airflow/example_dags/example_trigger_target_dag.py
[2023-05-25T04:51:50.452+0000] {logging_mixin.py:137} INFO - [2023-05-25T04:51:50.450+0000] {dag.py:2690} INFO - Sync 1 DAGs
[2023-05-25T04:51:50.999+0000] {logging_mixin.py:137} INFO - [2023-05-25T04:51:50.999+0000] {dag.py:3441} INFO - Setting next_dagrun for example_trigger_target_dag to None, run_after=None
[2023-05-25T04:51:51.268+0000] {processor.py:175} INFO - Processing /home/airflow/.local/lib/python3.7/site-packages/airflow/example_dags/example_trigger_target_dag.py took 1.530 seconds
[2023-05-25T04:52:21.941+0000] {processor.py:153} INFO - Started process (PID=1209) to work on /home/airflow/.local/lib/python3.7/site-packages/airflow/example_dags/example_trigger_target_dag.py
[2023-05-25T04:52:21.945+0000] {processor.py:743} INFO - Processing file /home/airflow/.local/lib/python3.7/site-packages/airflow/example_dags/example_trigger_target_dag.py for tasks to queue
[2023-05-25T04:52:21.947+0000] {logging_mixin.py:137} INFO - [2023-05-25T04:52:21.946+0000] {dagbag.py:538} INFO - Filling up the DagBag from /home/airflow/.local/lib/python3.7/site-packages/airflow/example_dags/example_trigger_target_dag.py
[2023-05-25T04:52:21.995+0000] {processor.py:753} INFO - DAG(s) dict_keys(['example_trigger_target_dag']) retrieved from /home/airflow/.local/lib/python3.7/site-packages/airflow/example_dags/example_trigger_target_dag.py
[2023-05-25T04:52:22.054+0000] {logging_mixin.py:137} INFO - [2023-05-25T04:52:22.054+0000] {dag.py:2690} INFO - Sync 1 DAGs
[2023-05-25T04:52:22.104+0000] {logging_mixin.py:137} INFO - [2023-05-25T04:52:22.104+0000] {dag.py:3441} INFO - Setting next_dagrun for example_trigger_target_dag to None, run_after=None
[2023-05-25T04:52:22.141+0000] {processor.py:175} INFO - Processing /home/airflow/.local/lib/python3.7/site-packages/airflow/example_dags/example_trigger_target_dag.py took 0.204 seconds
[2023-05-25T04:52:52.468+0000] {processor.py:153} INFO - Started process (PID=1269) to work on /home/airflow/.local/lib/python3.7/site-packages/airflow/example_dags/example_trigger_target_dag.py
[2023-05-25T04:52:52.472+0000] {processor.py:743} INFO - Processing file /home/airflow/.local/lib/python3.7/site-packages/airflow/example_dags/example_trigger_target_dag.py for tasks to queue
[2023-05-25T04:52:52.475+0000] {logging_mixin.py:137} INFO - [2023-05-25T04:52:52.474+0000] {dagbag.py:538} INFO - Filling up the DagBag from /home/airflow/.local/lib/python3.7/site-packages/airflow/example_dags/example_trigger_target_dag.py
[2023-05-25T04:52:52.507+0000] {processor.py:753} INFO - DAG(s) dict_keys(['example_trigger_target_dag']) retrieved from /home/airflow/.local/lib/python3.7/site-packages/airflow/example_dags/example_trigger_target_dag.py
[2023-05-25T04:52:52.545+0000] {logging_mixin.py:137} INFO - [2023-05-25T04:52:52.545+0000] {dag.py:2690} INFO - Sync 1 DAGs
[2023-05-25T04:52:52.580+0000] {logging_mixin.py:137} INFO - [2023-05-25T04:52:52.580+0000] {dag.py:3441} INFO - Setting next_dagrun for example_trigger_target_dag to None, run_after=None
[2023-05-25T04:52:52.636+0000] {processor.py:175} INFO - Processing /home/airflow/.local/lib/python3.7/site-packages/airflow/example_dags/example_trigger_target_dag.py took 0.176 seconds
[2023-05-25T04:53:23.433+0000] {processor.py:153} INFO - Started process (PID=1330) to work on /home/airflow/.local/lib/python3.7/site-packages/airflow/example_dags/example_trigger_target_dag.py
[2023-05-25T04:53:23.444+0000] {processor.py:743} INFO - Processing file /home/airflow/.local/lib/python3.7/site-packages/airflow/example_dags/example_trigger_target_dag.py for tasks to queue
[2023-05-25T04:53:23.451+0000] {logging_mixin.py:137} INFO - [2023-05-25T04:53:23.451+0000] {dagbag.py:538} INFO - Filling up the DagBag from /home/airflow/.local/lib/python3.7/site-packages/airflow/example_dags/example_trigger_target_dag.py
[2023-05-25T04:53:23.552+0000] {processor.py:753} INFO - DAG(s) dict_keys(['example_trigger_target_dag']) retrieved from /home/airflow/.local/lib/python3.7/site-packages/airflow/example_dags/example_trigger_target_dag.py
[2023-05-25T04:53:23.673+0000] {logging_mixin.py:137} INFO - [2023-05-25T04:53:23.673+0000] {dag.py:2690} INFO - Sync 1 DAGs
[2023-05-25T04:53:23.753+0000] {logging_mixin.py:137} INFO - [2023-05-25T04:53:23.753+0000] {dag.py:3441} INFO - Setting next_dagrun for example_trigger_target_dag to None, run_after=None
[2023-05-25T04:53:23.804+0000] {processor.py:175} INFO - Processing /home/airflow/.local/lib/python3.7/site-packages/airflow/example_dags/example_trigger_target_dag.py took 0.378 seconds
[2023-05-25T04:53:53.914+0000] {processor.py:153} INFO - Started process (PID=1389) to work on /home/airflow/.local/lib/python3.7/site-packages/airflow/example_dags/example_trigger_target_dag.py
[2023-05-25T04:53:53.918+0000] {processor.py:743} INFO - Processing file /home/airflow/.local/lib/python3.7/site-packages/airflow/example_dags/example_trigger_target_dag.py for tasks to queue
[2023-05-25T04:53:53.922+0000] {logging_mixin.py:137} INFO - [2023-05-25T04:53:53.922+0000] {dagbag.py:538} INFO - Filling up the DagBag from /home/airflow/.local/lib/python3.7/site-packages/airflow/example_dags/example_trigger_target_dag.py
[2023-05-25T04:53:53.962+0000] {processor.py:753} INFO - DAG(s) dict_keys(['example_trigger_target_dag']) retrieved from /home/airflow/.local/lib/python3.7/site-packages/airflow/example_dags/example_trigger_target_dag.py
[2023-05-25T04:53:54.047+0000] {logging_mixin.py:137} INFO - [2023-05-25T04:53:54.047+0000] {dag.py:2690} INFO - Sync 1 DAGs
[2023-05-25T04:53:54.099+0000] {logging_mixin.py:137} INFO - [2023-05-25T04:53:54.099+0000] {dag.py:3441} INFO - Setting next_dagrun for example_trigger_target_dag to None, run_after=None
[2023-05-25T04:53:54.133+0000] {processor.py:175} INFO - Processing /home/airflow/.local/lib/python3.7/site-packages/airflow/example_dags/example_trigger_target_dag.py took 0.225 seconds
[2023-05-25T04:54:25.004+0000] {processor.py:153} INFO - Started process (PID=1449) to work on /home/airflow/.local/lib/python3.7/site-packages/airflow/example_dags/example_trigger_target_dag.py
[2023-05-25T04:54:25.054+0000] {processor.py:743} INFO - Processing file /home/airflow/.local/lib/python3.7/site-packages/airflow/example_dags/example_trigger_target_dag.py for tasks to queue
[2023-05-25T04:54:25.067+0000] {logging_mixin.py:137} INFO - [2023-05-25T04:54:25.066+0000] {dagbag.py:538} INFO - Filling up the DagBag from /home/airflow/.local/lib/python3.7/site-packages/airflow/example_dags/example_trigger_target_dag.py
[2023-05-25T04:54:25.428+0000] {processor.py:753} INFO - DAG(s) dict_keys(['example_trigger_target_dag']) retrieved from /home/airflow/.local/lib/python3.7/site-packages/airflow/example_dags/example_trigger_target_dag.py
[2023-05-25T04:54:25.515+0000] {logging_mixin.py:137} INFO - [2023-05-25T04:54:25.514+0000] {dag.py:2690} INFO - Sync 1 DAGs
[2023-05-25T04:54:25.593+0000] {logging_mixin.py:137} INFO - [2023-05-25T04:54:25.593+0000] {dag.py:3441} INFO - Setting next_dagrun for example_trigger_target_dag to None, run_after=None
[2023-05-25T04:54:25.630+0000] {processor.py:175} INFO - Processing /home/airflow/.local/lib/python3.7/site-packages/airflow/example_dags/example_trigger_target_dag.py took 0.735 seconds
[2023-05-25T04:54:55.814+0000] {processor.py:153} INFO - Started process (PID=1509) to work on /home/airflow/.local/lib/python3.7/site-packages/airflow/example_dags/example_trigger_target_dag.py
[2023-05-25T04:54:55.818+0000] {processor.py:743} INFO - Processing file /home/airflow/.local/lib/python3.7/site-packages/airflow/example_dags/example_trigger_target_dag.py for tasks to queue
[2023-05-25T04:54:55.821+0000] {logging_mixin.py:137} INFO - [2023-05-25T04:54:55.820+0000] {dagbag.py:538} INFO - Filling up the DagBag from /home/airflow/.local/lib/python3.7/site-packages/airflow/example_dags/example_trigger_target_dag.py
[2023-05-25T04:54:55.995+0000] {processor.py:753} INFO - DAG(s) dict_keys(['example_trigger_target_dag']) retrieved from /home/airflow/.local/lib/python3.7/site-packages/airflow/example_dags/example_trigger_target_dag.py
[2023-05-25T04:54:56.199+0000] {logging_mixin.py:137} INFO - [2023-05-25T04:54:56.194+0000] {dag.py:2690} INFO - Sync 1 DAGs
[2023-05-25T04:54:56.460+0000] {logging_mixin.py:137} INFO - [2023-05-25T04:54:56.460+0000] {dag.py:3441} INFO - Setting next_dagrun for example_trigger_target_dag to None, run_after=None
[2023-05-25T04:54:56.760+0000] {processor.py:175} INFO - Processing /home/airflow/.local/lib/python3.7/site-packages/airflow/example_dags/example_trigger_target_dag.py took 0.967 seconds
[2023-05-25T04:55:27.522+0000] {processor.py:153} INFO - Started process (PID=1570) to work on /home/airflow/.local/lib/python3.7/site-packages/airflow/example_dags/example_trigger_target_dag.py
[2023-05-25T04:55:27.540+0000] {processor.py:743} INFO - Processing file /home/airflow/.local/lib/python3.7/site-packages/airflow/example_dags/example_trigger_target_dag.py for tasks to queue
[2023-05-25T04:55:27.545+0000] {logging_mixin.py:137} INFO - [2023-05-25T04:55:27.545+0000] {dagbag.py:538} INFO - Filling up the DagBag from /home/airflow/.local/lib/python3.7/site-packages/airflow/example_dags/example_trigger_target_dag.py
[2023-05-25T04:55:27.677+0000] {processor.py:753} INFO - DAG(s) dict_keys(['example_trigger_target_dag']) retrieved from /home/airflow/.local/lib/python3.7/site-packages/airflow/example_dags/example_trigger_target_dag.py
[2023-05-25T04:55:27.842+0000] {logging_mixin.py:137} INFO - [2023-05-25T04:55:27.842+0000] {dag.py:2690} INFO - Sync 1 DAGs
[2023-05-25T04:55:27.937+0000] {logging_mixin.py:137} INFO - [2023-05-25T04:55:27.936+0000] {dag.py:3441} INFO - Setting next_dagrun for example_trigger_target_dag to None, run_after=None
[2023-05-25T04:55:27.993+0000] {processor.py:175} INFO - Processing /home/airflow/.local/lib/python3.7/site-packages/airflow/example_dags/example_trigger_target_dag.py took 0.486 seconds
[2023-05-25T04:55:58.109+0000] {processor.py:153} INFO - Started process (PID=1630) to work on /home/airflow/.local/lib/python3.7/site-packages/airflow/example_dags/example_trigger_target_dag.py
[2023-05-25T04:55:58.114+0000] {processor.py:743} INFO - Processing file /home/airflow/.local/lib/python3.7/site-packages/airflow/example_dags/example_trigger_target_dag.py for tasks to queue
[2023-05-25T04:55:58.120+0000] {logging_mixin.py:137} INFO - [2023-05-25T04:55:58.119+0000] {dagbag.py:538} INFO - Filling up the DagBag from /home/airflow/.local/lib/python3.7/site-packages/airflow/example_dags/example_trigger_target_dag.py
[2023-05-25T04:55:58.212+0000] {processor.py:753} INFO - DAG(s) dict_keys(['example_trigger_target_dag']) retrieved from /home/airflow/.local/lib/python3.7/site-packages/airflow/example_dags/example_trigger_target_dag.py
[2023-05-25T04:55:58.300+0000] {logging_mixin.py:137} INFO - [2023-05-25T04:55:58.299+0000] {dag.py:2690} INFO - Sync 1 DAGs
[2023-05-25T04:55:58.434+0000] {logging_mixin.py:137} INFO - [2023-05-25T04:55:58.434+0000] {dag.py:3441} INFO - Setting next_dagrun for example_trigger_target_dag to None, run_after=None
[2023-05-25T04:55:58.583+0000] {processor.py:175} INFO - Processing /home/airflow/.local/lib/python3.7/site-packages/airflow/example_dags/example_trigger_target_dag.py took 0.489 seconds
[2023-05-25T04:56:28.999+0000] {processor.py:153} INFO - Started process (PID=1689) to work on /home/airflow/.local/lib/python3.7/site-packages/airflow/example_dags/example_trigger_target_dag.py
[2023-05-25T04:56:29.018+0000] {processor.py:743} INFO - Processing file /home/airflow/.local/lib/python3.7/site-packages/airflow/example_dags/example_trigger_target_dag.py for tasks to queue
[2023-05-25T04:56:29.022+0000] {logging_mixin.py:137} INFO - [2023-05-25T04:56:29.022+0000] {dagbag.py:538} INFO - Filling up the DagBag from /home/airflow/.local/lib/python3.7/site-packages/airflow/example_dags/example_trigger_target_dag.py
[2023-05-25T04:56:29.087+0000] {processor.py:753} INFO - DAG(s) dict_keys(['example_trigger_target_dag']) retrieved from /home/airflow/.local/lib/python3.7/site-packages/airflow/example_dags/example_trigger_target_dag.py
[2023-05-25T04:56:29.145+0000] {logging_mixin.py:137} INFO - [2023-05-25T04:56:29.144+0000] {dag.py:2690} INFO - Sync 1 DAGs
[2023-05-25T04:56:29.204+0000] {logging_mixin.py:137} INFO - [2023-05-25T04:56:29.204+0000] {dag.py:3441} INFO - Setting next_dagrun for example_trigger_target_dag to None, run_after=None
[2023-05-25T04:56:29.242+0000] {processor.py:175} INFO - Processing /home/airflow/.local/lib/python3.7/site-packages/airflow/example_dags/example_trigger_target_dag.py took 0.249 seconds
[2023-05-25T04:56:59.630+0000] {processor.py:153} INFO - Started process (PID=1749) to work on /home/airflow/.local/lib/python3.7/site-packages/airflow/example_dags/example_trigger_target_dag.py
[2023-05-25T04:56:59.640+0000] {processor.py:743} INFO - Processing file /home/airflow/.local/lib/python3.7/site-packages/airflow/example_dags/example_trigger_target_dag.py for tasks to queue
[2023-05-25T04:56:59.643+0000] {logging_mixin.py:137} INFO - [2023-05-25T04:56:59.643+0000] {dagbag.py:538} INFO - Filling up the DagBag from /home/airflow/.local/lib/python3.7/site-packages/airflow/example_dags/example_trigger_target_dag.py
[2023-05-25T04:56:59.723+0000] {processor.py:753} INFO - DAG(s) dict_keys(['example_trigger_target_dag']) retrieved from /home/airflow/.local/lib/python3.7/site-packages/airflow/example_dags/example_trigger_target_dag.py
[2023-05-25T04:56:59.831+0000] {logging_mixin.py:137} INFO - [2023-05-25T04:56:59.830+0000] {dag.py:2690} INFO - Sync 1 DAGs
[2023-05-25T04:56:59.917+0000] {logging_mixin.py:137} INFO - [2023-05-25T04:56:59.917+0000] {dag.py:3441} INFO - Setting next_dagrun for example_trigger_target_dag to None, run_after=None
[2023-05-25T04:56:59.987+0000] {processor.py:175} INFO - Processing /home/airflow/.local/lib/python3.7/site-packages/airflow/example_dags/example_trigger_target_dag.py took 0.363 seconds
[2023-05-25T04:57:30.068+0000] {processor.py:153} INFO - Started process (PID=1809) to work on /home/airflow/.local/lib/python3.7/site-packages/airflow/example_dags/example_trigger_target_dag.py
[2023-05-25T04:57:30.071+0000] {processor.py:743} INFO - Processing file /home/airflow/.local/lib/python3.7/site-packages/airflow/example_dags/example_trigger_target_dag.py for tasks to queue
[2023-05-25T04:57:30.073+0000] {logging_mixin.py:137} INFO - [2023-05-25T04:57:30.073+0000] {dagbag.py:538} INFO - Filling up the DagBag from /home/airflow/.local/lib/python3.7/site-packages/airflow/example_dags/example_trigger_target_dag.py
[2023-05-25T04:57:30.115+0000] {processor.py:753} INFO - DAG(s) dict_keys(['example_trigger_target_dag']) retrieved from /home/airflow/.local/lib/python3.7/site-packages/airflow/example_dags/example_trigger_target_dag.py
[2023-05-25T04:57:30.173+0000] {logging_mixin.py:137} INFO - [2023-05-25T04:57:30.173+0000] {dag.py:2690} INFO - Sync 1 DAGs
[2023-05-25T04:57:30.246+0000] {logging_mixin.py:137} INFO - [2023-05-25T04:57:30.245+0000] {dag.py:3441} INFO - Setting next_dagrun for example_trigger_target_dag to None, run_after=None
[2023-05-25T04:57:30.298+0000] {processor.py:175} INFO - Processing /home/airflow/.local/lib/python3.7/site-packages/airflow/example_dags/example_trigger_target_dag.py took 0.239 seconds
[2023-05-25T04:58:00.832+0000] {processor.py:153} INFO - Started process (PID=1868) to work on /home/airflow/.local/lib/python3.7/site-packages/airflow/example_dags/example_trigger_target_dag.py
[2023-05-25T04:58:00.836+0000] {processor.py:743} INFO - Processing file /home/airflow/.local/lib/python3.7/site-packages/airflow/example_dags/example_trigger_target_dag.py for tasks to queue
[2023-05-25T04:58:00.844+0000] {logging_mixin.py:137} INFO - [2023-05-25T04:58:00.844+0000] {dagbag.py:538} INFO - Filling up the DagBag from /home/airflow/.local/lib/python3.7/site-packages/airflow/example_dags/example_trigger_target_dag.py
[2023-05-25T04:58:00.924+0000] {processor.py:753} INFO - DAG(s) dict_keys(['example_trigger_target_dag']) retrieved from /home/airflow/.local/lib/python3.7/site-packages/airflow/example_dags/example_trigger_target_dag.py
[2023-05-25T04:58:01.001+0000] {logging_mixin.py:137} INFO - [2023-05-25T04:58:01.001+0000] {dag.py:2690} INFO - Sync 1 DAGs
[2023-05-25T04:58:01.130+0000] {logging_mixin.py:137} INFO - [2023-05-25T04:58:01.129+0000] {dag.py:3441} INFO - Setting next_dagrun for example_trigger_target_dag to None, run_after=None
[2023-05-25T04:58:01.205+0000] {processor.py:175} INFO - Processing /home/airflow/.local/lib/python3.7/site-packages/airflow/example_dags/example_trigger_target_dag.py took 0.390 seconds
[2023-05-25T04:58:31.728+0000] {processor.py:153} INFO - Started process (PID=1928) to work on /home/airflow/.local/lib/python3.7/site-packages/airflow/example_dags/example_trigger_target_dag.py
[2023-05-25T04:58:31.743+0000] {processor.py:743} INFO - Processing file /home/airflow/.local/lib/python3.7/site-packages/airflow/example_dags/example_trigger_target_dag.py for tasks to queue
[2023-05-25T04:58:31.745+0000] {logging_mixin.py:137} INFO - [2023-05-25T04:58:31.744+0000] {dagbag.py:538} INFO - Filling up the DagBag from /home/airflow/.local/lib/python3.7/site-packages/airflow/example_dags/example_trigger_target_dag.py
[2023-05-25T04:58:31.802+0000] {processor.py:753} INFO - DAG(s) dict_keys(['example_trigger_target_dag']) retrieved from /home/airflow/.local/lib/python3.7/site-packages/airflow/example_dags/example_trigger_target_dag.py
[2023-05-25T04:58:31.851+0000] {logging_mixin.py:137} INFO - [2023-05-25T04:58:31.851+0000] {dag.py:2690} INFO - Sync 1 DAGs
[2023-05-25T04:58:31.917+0000] {logging_mixin.py:137} INFO - [2023-05-25T04:58:31.917+0000] {dag.py:3441} INFO - Setting next_dagrun for example_trigger_target_dag to None, run_after=None
[2023-05-25T04:58:31.995+0000] {processor.py:175} INFO - Processing /home/airflow/.local/lib/python3.7/site-packages/airflow/example_dags/example_trigger_target_dag.py took 0.278 seconds
[2023-05-25T04:59:02.203+0000] {processor.py:153} INFO - Started process (PID=1989) to work on /home/airflow/.local/lib/python3.7/site-packages/airflow/example_dags/example_trigger_target_dag.py
[2023-05-25T04:59:02.215+0000] {processor.py:743} INFO - Processing file /home/airflow/.local/lib/python3.7/site-packages/airflow/example_dags/example_trigger_target_dag.py for tasks to queue
[2023-05-25T04:59:02.218+0000] {logging_mixin.py:137} INFO - [2023-05-25T04:59:02.218+0000] {dagbag.py:538} INFO - Filling up the DagBag from /home/airflow/.local/lib/python3.7/site-packages/airflow/example_dags/example_trigger_target_dag.py
[2023-05-25T04:59:02.281+0000] {processor.py:753} INFO - DAG(s) dict_keys(['example_trigger_target_dag']) retrieved from /home/airflow/.local/lib/python3.7/site-packages/airflow/example_dags/example_trigger_target_dag.py
[2023-05-25T04:59:02.340+0000] {logging_mixin.py:137} INFO - [2023-05-25T04:59:02.340+0000] {dag.py:2690} INFO - Sync 1 DAGs
[2023-05-25T04:59:02.419+0000] {logging_mixin.py:137} INFO - [2023-05-25T04:59:02.419+0000] {dag.py:3441} INFO - Setting next_dagrun for example_trigger_target_dag to None, run_after=None
[2023-05-25T04:59:02.454+0000] {processor.py:175} INFO - Processing /home/airflow/.local/lib/python3.7/site-packages/airflow/example_dags/example_trigger_target_dag.py took 0.260 seconds
[2023-05-25T04:59:32.791+0000] {processor.py:153} INFO - Started process (PID=2048) to work on /home/airflow/.local/lib/python3.7/site-packages/airflow/example_dags/example_trigger_target_dag.py
[2023-05-25T04:59:32.808+0000] {processor.py:743} INFO - Processing file /home/airflow/.local/lib/python3.7/site-packages/airflow/example_dags/example_trigger_target_dag.py for tasks to queue
[2023-05-25T04:59:32.817+0000] {logging_mixin.py:137} INFO - [2023-05-25T04:59:32.815+0000] {dagbag.py:538} INFO - Filling up the DagBag from /home/airflow/.local/lib/python3.7/site-packages/airflow/example_dags/example_trigger_target_dag.py
[2023-05-25T04:59:32.960+0000] {processor.py:753} INFO - DAG(s) dict_keys(['example_trigger_target_dag']) retrieved from /home/airflow/.local/lib/python3.7/site-packages/airflow/example_dags/example_trigger_target_dag.py
[2023-05-25T04:59:33.067+0000] {logging_mixin.py:137} INFO - [2023-05-25T04:59:33.066+0000] {dag.py:2690} INFO - Sync 1 DAGs
[2023-05-25T04:59:33.177+0000] {logging_mixin.py:137} INFO - [2023-05-25T04:59:33.172+0000] {dag.py:3441} INFO - Setting next_dagrun for example_trigger_target_dag to None, run_after=None
[2023-05-25T04:59:33.255+0000] {processor.py:175} INFO - Processing /home/airflow/.local/lib/python3.7/site-packages/airflow/example_dags/example_trigger_target_dag.py took 0.481 seconds
[2023-05-25T05:00:03.485+0000] {processor.py:153} INFO - Started process (PID=2108) to work on /home/airflow/.local/lib/python3.7/site-packages/airflow/example_dags/example_trigger_target_dag.py
[2023-05-25T05:00:03.493+0000] {processor.py:743} INFO - Processing file /home/airflow/.local/lib/python3.7/site-packages/airflow/example_dags/example_trigger_target_dag.py for tasks to queue
[2023-05-25T05:00:03.500+0000] {logging_mixin.py:137} INFO - [2023-05-25T05:00:03.499+0000] {dagbag.py:538} INFO - Filling up the DagBag from /home/airflow/.local/lib/python3.7/site-packages/airflow/example_dags/example_trigger_target_dag.py
[2023-05-25T05:00:03.631+0000] {processor.py:753} INFO - DAG(s) dict_keys(['example_trigger_target_dag']) retrieved from /home/airflow/.local/lib/python3.7/site-packages/airflow/example_dags/example_trigger_target_dag.py
[2023-05-25T05:00:03.791+0000] {logging_mixin.py:137} INFO - [2023-05-25T05:00:03.791+0000] {dag.py:2690} INFO - Sync 1 DAGs
[2023-05-25T05:00:03.926+0000] {logging_mixin.py:137} INFO - [2023-05-25T05:00:03.926+0000] {dag.py:3441} INFO - Setting next_dagrun for example_trigger_target_dag to None, run_after=None
[2023-05-25T05:00:04.017+0000] {processor.py:175} INFO - Processing /home/airflow/.local/lib/python3.7/site-packages/airflow/example_dags/example_trigger_target_dag.py took 0.547 seconds
[2023-05-25T05:00:34.639+0000] {processor.py:153} INFO - Started process (PID=2176) to work on /home/airflow/.local/lib/python3.7/site-packages/airflow/example_dags/example_trigger_target_dag.py
[2023-05-25T05:00:34.648+0000] {processor.py:743} INFO - Processing file /home/airflow/.local/lib/python3.7/site-packages/airflow/example_dags/example_trigger_target_dag.py for tasks to queue
[2023-05-25T05:00:34.656+0000] {logging_mixin.py:137} INFO - [2023-05-25T05:00:34.654+0000] {dagbag.py:538} INFO - Filling up the DagBag from /home/airflow/.local/lib/python3.7/site-packages/airflow/example_dags/example_trigger_target_dag.py
[2023-05-25T05:00:34.801+0000] {processor.py:753} INFO - DAG(s) dict_keys(['example_trigger_target_dag']) retrieved from /home/airflow/.local/lib/python3.7/site-packages/airflow/example_dags/example_trigger_target_dag.py
[2023-05-25T05:00:34.924+0000] {logging_mixin.py:137} INFO - [2023-05-25T05:00:34.923+0000] {dag.py:2690} INFO - Sync 1 DAGs
[2023-05-25T05:00:35.021+0000] {logging_mixin.py:137} INFO - [2023-05-25T05:00:35.020+0000] {dag.py:3441} INFO - Setting next_dagrun for example_trigger_target_dag to None, run_after=None
[2023-05-25T05:00:35.065+0000] {processor.py:175} INFO - Processing /home/airflow/.local/lib/python3.7/site-packages/airflow/example_dags/example_trigger_target_dag.py took 0.462 seconds
[2023-05-25T05:01:05.695+0000] {processor.py:153} INFO - Started process (PID=2237) to work on /home/airflow/.local/lib/python3.7/site-packages/airflow/example_dags/example_trigger_target_dag.py
[2023-05-25T05:01:05.702+0000] {processor.py:743} INFO - Processing file /home/airflow/.local/lib/python3.7/site-packages/airflow/example_dags/example_trigger_target_dag.py for tasks to queue
[2023-05-25T05:01:05.705+0000] {logging_mixin.py:137} INFO - [2023-05-25T05:01:05.704+0000] {dagbag.py:538} INFO - Filling up the DagBag from /home/airflow/.local/lib/python3.7/site-packages/airflow/example_dags/example_trigger_target_dag.py
[2023-05-25T05:01:05.843+0000] {processor.py:753} INFO - DAG(s) dict_keys(['example_trigger_target_dag']) retrieved from /home/airflow/.local/lib/python3.7/site-packages/airflow/example_dags/example_trigger_target_dag.py
[2023-05-25T05:01:05.979+0000] {logging_mixin.py:137} INFO - [2023-05-25T05:01:05.975+0000] {dag.py:2690} INFO - Sync 1 DAGs
[2023-05-25T05:01:06.130+0000] {logging_mixin.py:137} INFO - [2023-05-25T05:01:06.129+0000] {dag.py:3441} INFO - Setting next_dagrun for example_trigger_target_dag to None, run_after=None
[2023-05-25T05:01:06.168+0000] {processor.py:175} INFO - Processing /home/airflow/.local/lib/python3.7/site-packages/airflow/example_dags/example_trigger_target_dag.py took 0.525 seconds
[2023-05-25T05:01:36.474+0000] {processor.py:153} INFO - Started process (PID=2295) to work on /home/airflow/.local/lib/python3.7/site-packages/airflow/example_dags/example_trigger_target_dag.py
[2023-05-25T05:01:36.483+0000] {processor.py:743} INFO - Processing file /home/airflow/.local/lib/python3.7/site-packages/airflow/example_dags/example_trigger_target_dag.py for tasks to queue
[2023-05-25T05:01:36.486+0000] {logging_mixin.py:137} INFO - [2023-05-25T05:01:36.486+0000] {dagbag.py:538} INFO - Filling up the DagBag from /home/airflow/.local/lib/python3.7/site-packages/airflow/example_dags/example_trigger_target_dag.py
[2023-05-25T05:01:36.522+0000] {processor.py:753} INFO - DAG(s) dict_keys(['example_trigger_target_dag']) retrieved from /home/airflow/.local/lib/python3.7/site-packages/airflow/example_dags/example_trigger_target_dag.py
[2023-05-25T05:01:36.566+0000] {logging_mixin.py:137} INFO - [2023-05-25T05:01:36.566+0000] {dag.py:2690} INFO - Sync 1 DAGs
[2023-05-25T05:01:36.610+0000] {logging_mixin.py:137} INFO - [2023-05-25T05:01:36.609+0000] {dag.py:3441} INFO - Setting next_dagrun for example_trigger_target_dag to None, run_after=None
[2023-05-25T05:01:36.658+0000] {processor.py:175} INFO - Processing /home/airflow/.local/lib/python3.7/site-packages/airflow/example_dags/example_trigger_target_dag.py took 0.193 seconds
[2023-05-25T05:02:13.493+0000] {processor.py:153} INFO - Started process (PID=2354) to work on /home/airflow/.local/lib/python3.7/site-packages/airflow/example_dags/example_trigger_target_dag.py
[2023-05-25T05:02:13.501+0000] {processor.py:743} INFO - Processing file /home/airflow/.local/lib/python3.7/site-packages/airflow/example_dags/example_trigger_target_dag.py for tasks to queue
[2023-05-25T05:02:13.503+0000] {logging_mixin.py:137} INFO - [2023-05-25T05:02:13.503+0000] {dagbag.py:538} INFO - Filling up the DagBag from /home/airflow/.local/lib/python3.7/site-packages/airflow/example_dags/example_trigger_target_dag.py
[2023-05-25T05:02:13.590+0000] {processor.py:753} INFO - DAG(s) dict_keys(['example_trigger_target_dag']) retrieved from /home/airflow/.local/lib/python3.7/site-packages/airflow/example_dags/example_trigger_target_dag.py
[2023-05-25T05:02:13.712+0000] {logging_mixin.py:137} INFO - [2023-05-25T05:02:13.712+0000] {dag.py:2690} INFO - Sync 1 DAGs
[2023-05-25T05:02:13.779+0000] {logging_mixin.py:137} INFO - [2023-05-25T05:02:13.778+0000] {dag.py:3441} INFO - Setting next_dagrun for example_trigger_target_dag to None, run_after=None
[2023-05-25T05:02:13.854+0000] {processor.py:175} INFO - Processing /home/airflow/.local/lib/python3.7/site-packages/airflow/example_dags/example_trigger_target_dag.py took 0.375 seconds
[2023-05-25T05:02:44.247+0000] {processor.py:153} INFO - Started process (PID=2413) to work on /home/airflow/.local/lib/python3.7/site-packages/airflow/example_dags/example_trigger_target_dag.py
[2023-05-25T05:02:44.268+0000] {processor.py:743} INFO - Processing file /home/airflow/.local/lib/python3.7/site-packages/airflow/example_dags/example_trigger_target_dag.py for tasks to queue
[2023-05-25T05:02:44.293+0000] {logging_mixin.py:137} INFO - [2023-05-25T05:02:44.292+0000] {dagbag.py:538} INFO - Filling up the DagBag from /home/airflow/.local/lib/python3.7/site-packages/airflow/example_dags/example_trigger_target_dag.py
[2023-05-25T05:02:44.413+0000] {processor.py:753} INFO - DAG(s) dict_keys(['example_trigger_target_dag']) retrieved from /home/airflow/.local/lib/python3.7/site-packages/airflow/example_dags/example_trigger_target_dag.py
[2023-05-25T05:02:44.478+0000] {logging_mixin.py:137} INFO - [2023-05-25T05:02:44.478+0000] {dag.py:2690} INFO - Sync 1 DAGs
[2023-05-25T05:02:44.587+0000] {logging_mixin.py:137} INFO - [2023-05-25T05:02:44.587+0000] {dag.py:3441} INFO - Setting next_dagrun for example_trigger_target_dag to None, run_after=None
[2023-05-25T05:02:44.640+0000] {processor.py:175} INFO - Processing /home/airflow/.local/lib/python3.7/site-packages/airflow/example_dags/example_trigger_target_dag.py took 0.440 seconds
[2023-05-25T05:03:15.503+0000] {processor.py:153} INFO - Started process (PID=2473) to work on /home/airflow/.local/lib/python3.7/site-packages/airflow/example_dags/example_trigger_target_dag.py
[2023-05-25T05:03:15.505+0000] {processor.py:743} INFO - Processing file /home/airflow/.local/lib/python3.7/site-packages/airflow/example_dags/example_trigger_target_dag.py for tasks to queue
[2023-05-25T05:03:15.508+0000] {logging_mixin.py:137} INFO - [2023-05-25T05:03:15.508+0000] {dagbag.py:538} INFO - Filling up the DagBag from /home/airflow/.local/lib/python3.7/site-packages/airflow/example_dags/example_trigger_target_dag.py
[2023-05-25T05:03:15.546+0000] {processor.py:753} INFO - DAG(s) dict_keys(['example_trigger_target_dag']) retrieved from /home/airflow/.local/lib/python3.7/site-packages/airflow/example_dags/example_trigger_target_dag.py
[2023-05-25T05:03:15.586+0000] {logging_mixin.py:137} INFO - [2023-05-25T05:03:15.585+0000] {dag.py:2690} INFO - Sync 1 DAGs
[2023-05-25T05:03:15.638+0000] {logging_mixin.py:137} INFO - [2023-05-25T05:03:15.638+0000] {dag.py:3441} INFO - Setting next_dagrun for example_trigger_target_dag to None, run_after=None
[2023-05-25T05:03:15.670+0000] {processor.py:175} INFO - Processing /home/airflow/.local/lib/python3.7/site-packages/airflow/example_dags/example_trigger_target_dag.py took 0.178 seconds
