[2023-05-25T04:35:45.256+0000] {processor.py:153} INFO - Started process (PID=88) to work on /home/airflow/.local/lib/python3.7/site-packages/airflow/example_dags/tutorial_taskflow_api.py
[2023-05-25T04:35:45.288+0000] {processor.py:743} INFO - Processing file /home/airflow/.local/lib/python3.7/site-packages/airflow/example_dags/tutorial_taskflow_api.py for tasks to queue
[2023-05-25T04:35:45.319+0000] {logging_mixin.py:137} INFO - [2023-05-25T04:35:45.318+0000] {dagbag.py:538} INFO - Filling up the DagBag from /home/airflow/.local/lib/python3.7/site-packages/airflow/example_dags/tutorial_taskflow_api.py
[2023-05-25T04:35:45.678+0000] {processor.py:753} INFO - DAG(s) dict_keys(['tutorial_taskflow_api']) retrieved from /home/airflow/.local/lib/python3.7/site-packages/airflow/example_dags/tutorial_taskflow_api.py
[2023-05-25T04:35:46.119+0000] {logging_mixin.py:137} INFO - [2023-05-25T04:35:46.118+0000] {dag.py:2690} INFO - Sync 1 DAGs
[2023-05-25T04:35:46.672+0000] {logging_mixin.py:137} INFO - [2023-05-25T04:35:46.670+0000] {dag.py:3441} INFO - Setting next_dagrun for tutorial_taskflow_api to None, run_after=None
[2023-05-25T04:35:46.969+0000] {processor.py:175} INFO - Processing /home/airflow/.local/lib/python3.7/site-packages/airflow/example_dags/tutorial_taskflow_api.py took 1.769 seconds
[2023-05-25T04:36:17.457+0000] {processor.py:153} INFO - Started process (PID=138) to work on /home/airflow/.local/lib/python3.7/site-packages/airflow/example_dags/tutorial_taskflow_api.py
[2023-05-25T04:36:17.464+0000] {processor.py:743} INFO - Processing file /home/airflow/.local/lib/python3.7/site-packages/airflow/example_dags/tutorial_taskflow_api.py for tasks to queue
[2023-05-25T04:36:17.470+0000] {logging_mixin.py:137} INFO - [2023-05-25T04:36:17.469+0000] {dagbag.py:538} INFO - Filling up the DagBag from /home/airflow/.local/lib/python3.7/site-packages/airflow/example_dags/tutorial_taskflow_api.py
[2023-05-25T04:36:17.560+0000] {processor.py:753} INFO - DAG(s) dict_keys(['tutorial_taskflow_api']) retrieved from /home/airflow/.local/lib/python3.7/site-packages/airflow/example_dags/tutorial_taskflow_api.py
[2023-05-25T04:36:17.624+0000] {logging_mixin.py:137} INFO - [2023-05-25T04:36:17.624+0000] {dag.py:2690} INFO - Sync 1 DAGs
[2023-05-25T04:36:17.693+0000] {logging_mixin.py:137} INFO - [2023-05-25T04:36:17.692+0000] {dag.py:3441} INFO - Setting next_dagrun for tutorial_taskflow_api to None, run_after=None
[2023-05-25T04:36:17.765+0000] {processor.py:175} INFO - Processing /home/airflow/.local/lib/python3.7/site-packages/airflow/example_dags/tutorial_taskflow_api.py took 0.331 seconds
[2023-05-25T04:37:02.494+0000] {processor.py:153} INFO - Started process (PID=203) to work on /home/airflow/.local/lib/python3.7/site-packages/airflow/example_dags/tutorial_taskflow_api.py
[2023-05-25T04:37:02.530+0000] {processor.py:743} INFO - Processing file /home/airflow/.local/lib/python3.7/site-packages/airflow/example_dags/tutorial_taskflow_api.py for tasks to queue
[2023-05-25T04:37:02.576+0000] {logging_mixin.py:137} INFO - [2023-05-25T04:37:02.576+0000] {dagbag.py:538} INFO - Filling up the DagBag from /home/airflow/.local/lib/python3.7/site-packages/airflow/example_dags/tutorial_taskflow_api.py
[2023-05-25T04:37:05.260+0000] {processor.py:753} INFO - DAG(s) dict_keys(['tutorial_taskflow_api']) retrieved from /home/airflow/.local/lib/python3.7/site-packages/airflow/example_dags/tutorial_taskflow_api.py
[2023-05-25T04:37:07.627+0000] {logging_mixin.py:137} INFO - [2023-05-25T04:37:07.627+0000] {dag.py:2690} INFO - Sync 1 DAGs
[2023-05-25T04:37:08.482+0000] {logging_mixin.py:137} INFO - [2023-05-25T04:37:08.481+0000] {dag.py:3441} INFO - Setting next_dagrun for tutorial_taskflow_api to None, run_after=None
[2023-05-25T04:37:09.153+0000] {processor.py:175} INFO - Processing /home/airflow/.local/lib/python3.7/site-packages/airflow/example_dags/tutorial_taskflow_api.py took 6.746 seconds
[2023-05-25T04:38:21.526+0000] {processor.py:153} INFO - Started process (PID=255) to work on /home/airflow/.local/lib/python3.7/site-packages/airflow/example_dags/tutorial_taskflow_api.py
[2023-05-25T04:38:21.557+0000] {processor.py:743} INFO - Processing file /home/airflow/.local/lib/python3.7/site-packages/airflow/example_dags/tutorial_taskflow_api.py for tasks to queue
[2023-05-25T04:38:21.574+0000] {logging_mixin.py:137} INFO - [2023-05-25T04:38:21.573+0000] {dagbag.py:538} INFO - Filling up the DagBag from /home/airflow/.local/lib/python3.7/site-packages/airflow/example_dags/tutorial_taskflow_api.py
[2023-05-25T04:38:21.716+0000] {processor.py:753} INFO - DAG(s) dict_keys(['tutorial_taskflow_api']) retrieved from /home/airflow/.local/lib/python3.7/site-packages/airflow/example_dags/tutorial_taskflow_api.py
[2023-05-25T04:38:21.834+0000] {logging_mixin.py:137} INFO - [2023-05-25T04:38:21.833+0000] {dag.py:2690} INFO - Sync 1 DAGs
[2023-05-25T04:38:21.992+0000] {logging_mixin.py:137} INFO - [2023-05-25T04:38:21.991+0000] {dag.py:3441} INFO - Setting next_dagrun for tutorial_taskflow_api to None, run_after=None
[2023-05-25T04:38:22.119+0000] {processor.py:175} INFO - Processing /home/airflow/.local/lib/python3.7/site-packages/airflow/example_dags/tutorial_taskflow_api.py took 0.625 seconds
[2023-05-25T04:38:55.958+0000] {processor.py:153} INFO - Started process (PID=313) to work on /home/airflow/.local/lib/python3.7/site-packages/airflow/example_dags/tutorial_taskflow_api.py
[2023-05-25T04:38:55.961+0000] {processor.py:743} INFO - Processing file /home/airflow/.local/lib/python3.7/site-packages/airflow/example_dags/tutorial_taskflow_api.py for tasks to queue
[2023-05-25T04:38:55.967+0000] {logging_mixin.py:137} INFO - [2023-05-25T04:38:55.966+0000] {dagbag.py:538} INFO - Filling up the DagBag from /home/airflow/.local/lib/python3.7/site-packages/airflow/example_dags/tutorial_taskflow_api.py
[2023-05-25T04:38:56.077+0000] {processor.py:753} INFO - DAG(s) dict_keys(['tutorial_taskflow_api']) retrieved from /home/airflow/.local/lib/python3.7/site-packages/airflow/example_dags/tutorial_taskflow_api.py
[2023-05-25T04:38:56.230+0000] {logging_mixin.py:137} INFO - [2023-05-25T04:38:56.229+0000] {dag.py:2690} INFO - Sync 1 DAGs
[2023-05-25T04:38:56.325+0000] {logging_mixin.py:137} INFO - [2023-05-25T04:38:56.325+0000] {dag.py:3441} INFO - Setting next_dagrun for tutorial_taskflow_api to None, run_after=None
[2023-05-25T04:38:56.415+0000] {processor.py:175} INFO - Processing /home/airflow/.local/lib/python3.7/site-packages/airflow/example_dags/tutorial_taskflow_api.py took 0.476 seconds
[2023-05-25T04:39:34.237+0000] {processor.py:153} INFO - Started process (PID=370) to work on /home/airflow/.local/lib/python3.7/site-packages/airflow/example_dags/tutorial_taskflow_api.py
[2023-05-25T04:39:34.253+0000] {processor.py:743} INFO - Processing file /home/airflow/.local/lib/python3.7/site-packages/airflow/example_dags/tutorial_taskflow_api.py for tasks to queue
[2023-05-25T04:39:34.265+0000] {logging_mixin.py:137} INFO - [2023-05-25T04:39:34.259+0000] {dagbag.py:538} INFO - Filling up the DagBag from /home/airflow/.local/lib/python3.7/site-packages/airflow/example_dags/tutorial_taskflow_api.py
[2023-05-25T04:39:34.529+0000] {processor.py:753} INFO - DAG(s) dict_keys(['tutorial_taskflow_api']) retrieved from /home/airflow/.local/lib/python3.7/site-packages/airflow/example_dags/tutorial_taskflow_api.py
[2023-05-25T04:39:35.212+0000] {logging_mixin.py:137} INFO - [2023-05-25T04:39:35.212+0000] {dag.py:2690} INFO - Sync 1 DAGs
[2023-05-25T04:39:35.589+0000] {logging_mixin.py:137} INFO - [2023-05-25T04:39:35.587+0000] {dag.py:3441} INFO - Setting next_dagrun for tutorial_taskflow_api to None, run_after=None
[2023-05-25T04:39:36.197+0000] {processor.py:175} INFO - Processing /home/airflow/.local/lib/python3.7/site-packages/airflow/example_dags/tutorial_taskflow_api.py took 1.992 seconds
[2023-05-25T04:42:09.269+0000] {processor.py:153} INFO - Started process (PID=64) to work on /home/airflow/.local/lib/python3.7/site-packages/airflow/example_dags/tutorial_taskflow_api.py
[2023-05-25T04:42:09.283+0000] {processor.py:743} INFO - Processing file /home/airflow/.local/lib/python3.7/site-packages/airflow/example_dags/tutorial_taskflow_api.py for tasks to queue
[2023-05-25T04:42:09.290+0000] {logging_mixin.py:137} INFO - [2023-05-25T04:42:09.289+0000] {dagbag.py:538} INFO - Filling up the DagBag from /home/airflow/.local/lib/python3.7/site-packages/airflow/example_dags/tutorial_taskflow_api.py
[2023-05-25T04:42:09.508+0000] {processor.py:753} INFO - DAG(s) dict_keys(['tutorial_taskflow_api']) retrieved from /home/airflow/.local/lib/python3.7/site-packages/airflow/example_dags/tutorial_taskflow_api.py
[2023-05-25T04:42:09.652+0000] {logging_mixin.py:137} INFO - [2023-05-25T04:42:09.652+0000] {dag.py:2690} INFO - Sync 1 DAGs
[2023-05-25T04:42:09.864+0000] {logging_mixin.py:137} INFO - [2023-05-25T04:42:09.849+0000] {dag.py:3441} INFO - Setting next_dagrun for tutorial_taskflow_api to None, run_after=None
[2023-05-25T04:42:10.169+0000] {processor.py:175} INFO - Processing /home/airflow/.local/lib/python3.7/site-packages/airflow/example_dags/tutorial_taskflow_api.py took 0.926 seconds
[2023-05-25T04:42:41.057+0000] {processor.py:153} INFO - Started process (PID=123) to work on /home/airflow/.local/lib/python3.7/site-packages/airflow/example_dags/tutorial_taskflow_api.py
[2023-05-25T04:42:41.063+0000] {processor.py:743} INFO - Processing file /home/airflow/.local/lib/python3.7/site-packages/airflow/example_dags/tutorial_taskflow_api.py for tasks to queue
[2023-05-25T04:42:41.069+0000] {logging_mixin.py:137} INFO - [2023-05-25T04:42:41.068+0000] {dagbag.py:538} INFO - Filling up the DagBag from /home/airflow/.local/lib/python3.7/site-packages/airflow/example_dags/tutorial_taskflow_api.py
[2023-05-25T04:42:41.135+0000] {processor.py:753} INFO - DAG(s) dict_keys(['tutorial_taskflow_api']) retrieved from /home/airflow/.local/lib/python3.7/site-packages/airflow/example_dags/tutorial_taskflow_api.py
[2023-05-25T04:42:41.196+0000] {logging_mixin.py:137} INFO - [2023-05-25T04:42:41.196+0000] {dag.py:2690} INFO - Sync 1 DAGs
[2023-05-25T04:42:41.247+0000] {logging_mixin.py:137} INFO - [2023-05-25T04:42:41.247+0000] {dag.py:3441} INFO - Setting next_dagrun for tutorial_taskflow_api to None, run_after=None
[2023-05-25T04:42:41.285+0000] {processor.py:175} INFO - Processing /home/airflow/.local/lib/python3.7/site-packages/airflow/example_dags/tutorial_taskflow_api.py took 0.239 seconds
[2023-05-25T04:43:11.973+0000] {processor.py:153} INFO - Started process (PID=182) to work on /home/airflow/.local/lib/python3.7/site-packages/airflow/example_dags/tutorial_taskflow_api.py
[2023-05-25T04:43:11.978+0000] {processor.py:743} INFO - Processing file /home/airflow/.local/lib/python3.7/site-packages/airflow/example_dags/tutorial_taskflow_api.py for tasks to queue
[2023-05-25T04:43:11.981+0000] {logging_mixin.py:137} INFO - [2023-05-25T04:43:11.981+0000] {dagbag.py:538} INFO - Filling up the DagBag from /home/airflow/.local/lib/python3.7/site-packages/airflow/example_dags/tutorial_taskflow_api.py
[2023-05-25T04:43:12.058+0000] {processor.py:753} INFO - DAG(s) dict_keys(['tutorial_taskflow_api']) retrieved from /home/airflow/.local/lib/python3.7/site-packages/airflow/example_dags/tutorial_taskflow_api.py
[2023-05-25T04:43:12.146+0000] {logging_mixin.py:137} INFO - [2023-05-25T04:43:12.146+0000] {dag.py:2690} INFO - Sync 1 DAGs
[2023-05-25T04:43:12.257+0000] {logging_mixin.py:137} INFO - [2023-05-25T04:43:12.257+0000] {dag.py:3441} INFO - Setting next_dagrun for tutorial_taskflow_api to None, run_after=None
[2023-05-25T04:43:12.324+0000] {processor.py:175} INFO - Processing /home/airflow/.local/lib/python3.7/site-packages/airflow/example_dags/tutorial_taskflow_api.py took 0.362 seconds
[2023-05-25T04:43:43.720+0000] {processor.py:153} INFO - Started process (PID=242) to work on /home/airflow/.local/lib/python3.7/site-packages/airflow/example_dags/tutorial_taskflow_api.py
[2023-05-25T04:43:43.727+0000] {processor.py:743} INFO - Processing file /home/airflow/.local/lib/python3.7/site-packages/airflow/example_dags/tutorial_taskflow_api.py for tasks to queue
[2023-05-25T04:43:43.729+0000] {logging_mixin.py:137} INFO - [2023-05-25T04:43:43.729+0000] {dagbag.py:538} INFO - Filling up the DagBag from /home/airflow/.local/lib/python3.7/site-packages/airflow/example_dags/tutorial_taskflow_api.py
[2023-05-25T04:43:43.863+0000] {processor.py:753} INFO - DAG(s) dict_keys(['tutorial_taskflow_api']) retrieved from /home/airflow/.local/lib/python3.7/site-packages/airflow/example_dags/tutorial_taskflow_api.py
[2023-05-25T04:43:43.914+0000] {logging_mixin.py:137} INFO - [2023-05-25T04:43:43.914+0000] {dag.py:2690} INFO - Sync 1 DAGs
[2023-05-25T04:43:44.078+0000] {logging_mixin.py:137} INFO - [2023-05-25T04:43:44.078+0000] {dag.py:3441} INFO - Setting next_dagrun for tutorial_taskflow_api to None, run_after=None
[2023-05-25T04:43:44.175+0000] {processor.py:175} INFO - Processing /home/airflow/.local/lib/python3.7/site-packages/airflow/example_dags/tutorial_taskflow_api.py took 0.465 seconds
[2023-05-25T04:44:15.398+0000] {processor.py:153} INFO - Started process (PID=302) to work on /home/airflow/.local/lib/python3.7/site-packages/airflow/example_dags/tutorial_taskflow_api.py
[2023-05-25T04:44:15.401+0000] {processor.py:743} INFO - Processing file /home/airflow/.local/lib/python3.7/site-packages/airflow/example_dags/tutorial_taskflow_api.py for tasks to queue
[2023-05-25T04:44:15.404+0000] {logging_mixin.py:137} INFO - [2023-05-25T04:44:15.403+0000] {dagbag.py:538} INFO - Filling up the DagBag from /home/airflow/.local/lib/python3.7/site-packages/airflow/example_dags/tutorial_taskflow_api.py
[2023-05-25T04:44:15.470+0000] {processor.py:753} INFO - DAG(s) dict_keys(['tutorial_taskflow_api']) retrieved from /home/airflow/.local/lib/python3.7/site-packages/airflow/example_dags/tutorial_taskflow_api.py
[2023-05-25T04:44:15.545+0000] {logging_mixin.py:137} INFO - [2023-05-25T04:44:15.545+0000] {dag.py:2690} INFO - Sync 1 DAGs
[2023-05-25T04:44:15.620+0000] {logging_mixin.py:137} INFO - [2023-05-25T04:44:15.620+0000] {dag.py:3441} INFO - Setting next_dagrun for tutorial_taskflow_api to None, run_after=None
[2023-05-25T04:44:15.675+0000] {processor.py:175} INFO - Processing /home/airflow/.local/lib/python3.7/site-packages/airflow/example_dags/tutorial_taskflow_api.py took 0.283 seconds
[2023-05-25T04:44:46.415+0000] {processor.py:153} INFO - Started process (PID=372) to work on /home/airflow/.local/lib/python3.7/site-packages/airflow/example_dags/tutorial_taskflow_api.py
[2023-05-25T04:44:46.433+0000] {processor.py:743} INFO - Processing file /home/airflow/.local/lib/python3.7/site-packages/airflow/example_dags/tutorial_taskflow_api.py for tasks to queue
[2023-05-25T04:44:46.438+0000] {logging_mixin.py:137} INFO - [2023-05-25T04:44:46.437+0000] {dagbag.py:538} INFO - Filling up the DagBag from /home/airflow/.local/lib/python3.7/site-packages/airflow/example_dags/tutorial_taskflow_api.py
[2023-05-25T04:44:46.497+0000] {processor.py:753} INFO - DAG(s) dict_keys(['tutorial_taskflow_api']) retrieved from /home/airflow/.local/lib/python3.7/site-packages/airflow/example_dags/tutorial_taskflow_api.py
[2023-05-25T04:44:46.542+0000] {logging_mixin.py:137} INFO - [2023-05-25T04:44:46.542+0000] {dag.py:2690} INFO - Sync 1 DAGs
[2023-05-25T04:44:46.632+0000] {logging_mixin.py:137} INFO - [2023-05-25T04:44:46.631+0000] {dag.py:3441} INFO - Setting next_dagrun for tutorial_taskflow_api to None, run_after=None
[2023-05-25T04:44:46.704+0000] {processor.py:175} INFO - Processing /home/airflow/.local/lib/python3.7/site-packages/airflow/example_dags/tutorial_taskflow_api.py took 0.299 seconds
[2023-05-25T04:45:17.792+0000] {processor.py:153} INFO - Started process (PID=434) to work on /home/airflow/.local/lib/python3.7/site-packages/airflow/example_dags/tutorial_taskflow_api.py
[2023-05-25T04:45:17.800+0000] {processor.py:743} INFO - Processing file /home/airflow/.local/lib/python3.7/site-packages/airflow/example_dags/tutorial_taskflow_api.py for tasks to queue
[2023-05-25T04:45:17.807+0000] {logging_mixin.py:137} INFO - [2023-05-25T04:45:17.807+0000] {dagbag.py:538} INFO - Filling up the DagBag from /home/airflow/.local/lib/python3.7/site-packages/airflow/example_dags/tutorial_taskflow_api.py
[2023-05-25T04:45:17.904+0000] {processor.py:753} INFO - DAG(s) dict_keys(['tutorial_taskflow_api']) retrieved from /home/airflow/.local/lib/python3.7/site-packages/airflow/example_dags/tutorial_taskflow_api.py
[2023-05-25T04:45:18.043+0000] {logging_mixin.py:137} INFO - [2023-05-25T04:45:18.042+0000] {dag.py:2690} INFO - Sync 1 DAGs
[2023-05-25T04:45:18.104+0000] {logging_mixin.py:137} INFO - [2023-05-25T04:45:18.104+0000] {dag.py:3441} INFO - Setting next_dagrun for tutorial_taskflow_api to None, run_after=None
[2023-05-25T04:45:18.160+0000] {processor.py:175} INFO - Processing /home/airflow/.local/lib/python3.7/site-packages/airflow/example_dags/tutorial_taskflow_api.py took 0.382 seconds
[2023-05-25T04:45:49.156+0000] {processor.py:153} INFO - Started process (PID=484) to work on /home/airflow/.local/lib/python3.7/site-packages/airflow/example_dags/tutorial_taskflow_api.py
[2023-05-25T04:45:49.165+0000] {processor.py:743} INFO - Processing file /home/airflow/.local/lib/python3.7/site-packages/airflow/example_dags/tutorial_taskflow_api.py for tasks to queue
[2023-05-25T04:45:49.167+0000] {logging_mixin.py:137} INFO - [2023-05-25T04:45:49.167+0000] {dagbag.py:538} INFO - Filling up the DagBag from /home/airflow/.local/lib/python3.7/site-packages/airflow/example_dags/tutorial_taskflow_api.py
[2023-05-25T04:45:49.225+0000] {processor.py:753} INFO - DAG(s) dict_keys(['tutorial_taskflow_api']) retrieved from /home/airflow/.local/lib/python3.7/site-packages/airflow/example_dags/tutorial_taskflow_api.py
[2023-05-25T04:45:49.290+0000] {logging_mixin.py:137} INFO - [2023-05-25T04:45:49.290+0000] {dag.py:2690} INFO - Sync 1 DAGs
[2023-05-25T04:45:49.334+0000] {logging_mixin.py:137} INFO - [2023-05-25T04:45:49.334+0000] {dag.py:3441} INFO - Setting next_dagrun for tutorial_taskflow_api to None, run_after=None
[2023-05-25T04:45:49.368+0000] {processor.py:175} INFO - Processing /home/airflow/.local/lib/python3.7/site-packages/airflow/example_dags/tutorial_taskflow_api.py took 0.218 seconds
[2023-05-25T04:46:19.725+0000] {processor.py:153} INFO - Started process (PID=556) to work on /home/airflow/.local/lib/python3.7/site-packages/airflow/example_dags/tutorial_taskflow_api.py
[2023-05-25T04:46:19.731+0000] {processor.py:743} INFO - Processing file /home/airflow/.local/lib/python3.7/site-packages/airflow/example_dags/tutorial_taskflow_api.py for tasks to queue
[2023-05-25T04:46:19.734+0000] {logging_mixin.py:137} INFO - [2023-05-25T04:46:19.734+0000] {dagbag.py:538} INFO - Filling up the DagBag from /home/airflow/.local/lib/python3.7/site-packages/airflow/example_dags/tutorial_taskflow_api.py
[2023-05-25T04:46:19.769+0000] {processor.py:753} INFO - DAG(s) dict_keys(['tutorial_taskflow_api']) retrieved from /home/airflow/.local/lib/python3.7/site-packages/airflow/example_dags/tutorial_taskflow_api.py
[2023-05-25T04:46:19.877+0000] {logging_mixin.py:137} INFO - [2023-05-25T04:46:19.876+0000] {dag.py:2690} INFO - Sync 1 DAGs
[2023-05-25T04:46:19.930+0000] {logging_mixin.py:137} INFO - [2023-05-25T04:46:19.930+0000] {dag.py:3441} INFO - Setting next_dagrun for tutorial_taskflow_api to None, run_after=None
[2023-05-25T04:46:19.981+0000] {processor.py:175} INFO - Processing /home/airflow/.local/lib/python3.7/site-packages/airflow/example_dags/tutorial_taskflow_api.py took 0.264 seconds
[2023-05-25T04:46:50.387+0000] {processor.py:153} INFO - Started process (PID=616) to work on /home/airflow/.local/lib/python3.7/site-packages/airflow/example_dags/tutorial_taskflow_api.py
[2023-05-25T04:46:50.390+0000] {processor.py:743} INFO - Processing file /home/airflow/.local/lib/python3.7/site-packages/airflow/example_dags/tutorial_taskflow_api.py for tasks to queue
[2023-05-25T04:46:50.392+0000] {logging_mixin.py:137} INFO - [2023-05-25T04:46:50.391+0000] {dagbag.py:538} INFO - Filling up the DagBag from /home/airflow/.local/lib/python3.7/site-packages/airflow/example_dags/tutorial_taskflow_api.py
[2023-05-25T04:46:50.462+0000] {processor.py:753} INFO - DAG(s) dict_keys(['tutorial_taskflow_api']) retrieved from /home/airflow/.local/lib/python3.7/site-packages/airflow/example_dags/tutorial_taskflow_api.py
[2023-05-25T04:46:50.532+0000] {logging_mixin.py:137} INFO - [2023-05-25T04:46:50.532+0000] {dag.py:2690} INFO - Sync 1 DAGs
[2023-05-25T04:46:50.576+0000] {logging_mixin.py:137} INFO - [2023-05-25T04:46:50.576+0000] {dag.py:3441} INFO - Setting next_dagrun for tutorial_taskflow_api to None, run_after=None
[2023-05-25T04:46:50.609+0000] {processor.py:175} INFO - Processing /home/airflow/.local/lib/python3.7/site-packages/airflow/example_dags/tutorial_taskflow_api.py took 0.227 seconds
[2023-05-25T04:47:40.344+0000] {processor.py:153} INFO - Started process (PID=675) to work on /home/airflow/.local/lib/python3.7/site-packages/airflow/example_dags/tutorial_taskflow_api.py
[2023-05-25T04:47:40.347+0000] {processor.py:743} INFO - Processing file /home/airflow/.local/lib/python3.7/site-packages/airflow/example_dags/tutorial_taskflow_api.py for tasks to queue
[2023-05-25T04:47:40.352+0000] {logging_mixin.py:137} INFO - [2023-05-25T04:47:40.350+0000] {dagbag.py:538} INFO - Filling up the DagBag from /home/airflow/.local/lib/python3.7/site-packages/airflow/example_dags/tutorial_taskflow_api.py
[2023-05-25T04:47:40.467+0000] {processor.py:753} INFO - DAG(s) dict_keys(['tutorial_taskflow_api']) retrieved from /home/airflow/.local/lib/python3.7/site-packages/airflow/example_dags/tutorial_taskflow_api.py
[2023-05-25T04:47:40.602+0000] {logging_mixin.py:137} INFO - [2023-05-25T04:47:40.602+0000] {dag.py:2690} INFO - Sync 1 DAGs
[2023-05-25T04:47:40.690+0000] {logging_mixin.py:137} INFO - [2023-05-25T04:47:40.682+0000] {dag.py:3441} INFO - Setting next_dagrun for tutorial_taskflow_api to None, run_after=None
[2023-05-25T04:47:40.747+0000] {processor.py:175} INFO - Processing /home/airflow/.local/lib/python3.7/site-packages/airflow/example_dags/tutorial_taskflow_api.py took 0.419 seconds
[2023-05-25T04:48:11.462+0000] {processor.py:153} INFO - Started process (PID=736) to work on /home/airflow/.local/lib/python3.7/site-packages/airflow/example_dags/tutorial_taskflow_api.py
[2023-05-25T04:48:11.466+0000] {processor.py:743} INFO - Processing file /home/airflow/.local/lib/python3.7/site-packages/airflow/example_dags/tutorial_taskflow_api.py for tasks to queue
[2023-05-25T04:48:11.469+0000] {logging_mixin.py:137} INFO - [2023-05-25T04:48:11.469+0000] {dagbag.py:538} INFO - Filling up the DagBag from /home/airflow/.local/lib/python3.7/site-packages/airflow/example_dags/tutorial_taskflow_api.py
[2023-05-25T04:48:11.535+0000] {processor.py:753} INFO - DAG(s) dict_keys(['tutorial_taskflow_api']) retrieved from /home/airflow/.local/lib/python3.7/site-packages/airflow/example_dags/tutorial_taskflow_api.py
[2023-05-25T04:48:11.611+0000] {logging_mixin.py:137} INFO - [2023-05-25T04:48:11.611+0000] {dag.py:2690} INFO - Sync 1 DAGs
[2023-05-25T04:48:11.667+0000] {logging_mixin.py:137} INFO - [2023-05-25T04:48:11.666+0000] {dag.py:3441} INFO - Setting next_dagrun for tutorial_taskflow_api to None, run_after=None
[2023-05-25T04:48:11.713+0000] {processor.py:175} INFO - Processing /home/airflow/.local/lib/python3.7/site-packages/airflow/example_dags/tutorial_taskflow_api.py took 0.263 seconds
[2023-05-25T04:48:42.578+0000] {processor.py:153} INFO - Started process (PID=800) to work on /home/airflow/.local/lib/python3.7/site-packages/airflow/example_dags/tutorial_taskflow_api.py
[2023-05-25T04:48:42.593+0000] {processor.py:743} INFO - Processing file /home/airflow/.local/lib/python3.7/site-packages/airflow/example_dags/tutorial_taskflow_api.py for tasks to queue
[2023-05-25T04:48:42.610+0000] {logging_mixin.py:137} INFO - [2023-05-25T04:48:42.610+0000] {dagbag.py:538} INFO - Filling up the DagBag from /home/airflow/.local/lib/python3.7/site-packages/airflow/example_dags/tutorial_taskflow_api.py
[2023-05-25T04:48:42.799+0000] {processor.py:753} INFO - DAG(s) dict_keys(['tutorial_taskflow_api']) retrieved from /home/airflow/.local/lib/python3.7/site-packages/airflow/example_dags/tutorial_taskflow_api.py
[2023-05-25T04:48:42.934+0000] {logging_mixin.py:137} INFO - [2023-05-25T04:48:42.934+0000] {dag.py:2690} INFO - Sync 1 DAGs
[2023-05-25T04:48:43.060+0000] {logging_mixin.py:137} INFO - [2023-05-25T04:48:43.060+0000] {dag.py:3441} INFO - Setting next_dagrun for tutorial_taskflow_api to None, run_after=None
[2023-05-25T04:48:43.197+0000] {processor.py:175} INFO - Processing /home/airflow/.local/lib/python3.7/site-packages/airflow/example_dags/tutorial_taskflow_api.py took 0.662 seconds
[2023-05-25T04:49:13.910+0000] {processor.py:153} INFO - Started process (PID=860) to work on /home/airflow/.local/lib/python3.7/site-packages/airflow/example_dags/tutorial_taskflow_api.py
[2023-05-25T04:49:13.917+0000] {processor.py:743} INFO - Processing file /home/airflow/.local/lib/python3.7/site-packages/airflow/example_dags/tutorial_taskflow_api.py for tasks to queue
[2023-05-25T04:49:13.925+0000] {logging_mixin.py:137} INFO - [2023-05-25T04:49:13.924+0000] {dagbag.py:538} INFO - Filling up the DagBag from /home/airflow/.local/lib/python3.7/site-packages/airflow/example_dags/tutorial_taskflow_api.py
[2023-05-25T04:49:14.040+0000] {processor.py:753} INFO - DAG(s) dict_keys(['tutorial_taskflow_api']) retrieved from /home/airflow/.local/lib/python3.7/site-packages/airflow/example_dags/tutorial_taskflow_api.py
[2023-05-25T04:49:14.144+0000] {logging_mixin.py:137} INFO - [2023-05-25T04:49:14.144+0000] {dag.py:2690} INFO - Sync 1 DAGs
[2023-05-25T04:49:14.229+0000] {logging_mixin.py:137} INFO - [2023-05-25T04:49:14.228+0000] {dag.py:3441} INFO - Setting next_dagrun for tutorial_taskflow_api to None, run_after=None
[2023-05-25T04:49:14.322+0000] {processor.py:175} INFO - Processing /home/airflow/.local/lib/python3.7/site-packages/airflow/example_dags/tutorial_taskflow_api.py took 0.432 seconds
[2023-05-25T04:49:44.956+0000] {processor.py:153} INFO - Started process (PID=928) to work on /home/airflow/.local/lib/python3.7/site-packages/airflow/example_dags/tutorial_taskflow_api.py
[2023-05-25T04:49:44.962+0000] {processor.py:743} INFO - Processing file /home/airflow/.local/lib/python3.7/site-packages/airflow/example_dags/tutorial_taskflow_api.py for tasks to queue
[2023-05-25T04:49:44.966+0000] {logging_mixin.py:137} INFO - [2023-05-25T04:49:44.965+0000] {dagbag.py:538} INFO - Filling up the DagBag from /home/airflow/.local/lib/python3.7/site-packages/airflow/example_dags/tutorial_taskflow_api.py
[2023-05-25T04:49:45.045+0000] {processor.py:753} INFO - DAG(s) dict_keys(['tutorial_taskflow_api']) retrieved from /home/airflow/.local/lib/python3.7/site-packages/airflow/example_dags/tutorial_taskflow_api.py
[2023-05-25T04:49:45.108+0000] {logging_mixin.py:137} INFO - [2023-05-25T04:49:45.108+0000] {dag.py:2690} INFO - Sync 1 DAGs
[2023-05-25T04:49:45.149+0000] {logging_mixin.py:137} INFO - [2023-05-25T04:49:45.149+0000] {dag.py:3441} INFO - Setting next_dagrun for tutorial_taskflow_api to None, run_after=None
[2023-05-25T04:49:45.195+0000] {processor.py:175} INFO - Processing /home/airflow/.local/lib/python3.7/site-packages/airflow/example_dags/tutorial_taskflow_api.py took 0.247 seconds
[2023-05-25T04:50:15.742+0000] {processor.py:153} INFO - Started process (PID=991) to work on /home/airflow/.local/lib/python3.7/site-packages/airflow/example_dags/tutorial_taskflow_api.py
[2023-05-25T04:50:15.745+0000] {processor.py:743} INFO - Processing file /home/airflow/.local/lib/python3.7/site-packages/airflow/example_dags/tutorial_taskflow_api.py for tasks to queue
[2023-05-25T04:50:15.748+0000] {logging_mixin.py:137} INFO - [2023-05-25T04:50:15.747+0000] {dagbag.py:538} INFO - Filling up the DagBag from /home/airflow/.local/lib/python3.7/site-packages/airflow/example_dags/tutorial_taskflow_api.py
[2023-05-25T04:50:15.883+0000] {processor.py:753} INFO - DAG(s) dict_keys(['tutorial_taskflow_api']) retrieved from /home/airflow/.local/lib/python3.7/site-packages/airflow/example_dags/tutorial_taskflow_api.py
[2023-05-25T04:50:16.035+0000] {logging_mixin.py:137} INFO - [2023-05-25T04:50:16.035+0000] {dag.py:2690} INFO - Sync 1 DAGs
[2023-05-25T04:50:16.218+0000] {logging_mixin.py:137} INFO - [2023-05-25T04:50:16.218+0000] {dag.py:3441} INFO - Setting next_dagrun for tutorial_taskflow_api to None, run_after=None
[2023-05-25T04:50:16.282+0000] {processor.py:175} INFO - Processing /home/airflow/.local/lib/python3.7/site-packages/airflow/example_dags/tutorial_taskflow_api.py took 0.566 seconds
[2023-05-25T04:50:47.182+0000] {processor.py:153} INFO - Started process (PID=1043) to work on /home/airflow/.local/lib/python3.7/site-packages/airflow/example_dags/tutorial_taskflow_api.py
[2023-05-25T04:50:47.195+0000] {processor.py:743} INFO - Processing file /home/airflow/.local/lib/python3.7/site-packages/airflow/example_dags/tutorial_taskflow_api.py for tasks to queue
[2023-05-25T04:50:47.204+0000] {logging_mixin.py:137} INFO - [2023-05-25T04:50:47.203+0000] {dagbag.py:538} INFO - Filling up the DagBag from /home/airflow/.local/lib/python3.7/site-packages/airflow/example_dags/tutorial_taskflow_api.py
[2023-05-25T04:50:47.392+0000] {processor.py:753} INFO - DAG(s) dict_keys(['tutorial_taskflow_api']) retrieved from /home/airflow/.local/lib/python3.7/site-packages/airflow/example_dags/tutorial_taskflow_api.py
[2023-05-25T04:50:47.527+0000] {logging_mixin.py:137} INFO - [2023-05-25T04:50:47.527+0000] {dag.py:2690} INFO - Sync 1 DAGs
[2023-05-25T04:50:47.642+0000] {logging_mixin.py:137} INFO - [2023-05-25T04:50:47.641+0000] {dag.py:3441} INFO - Setting next_dagrun for tutorial_taskflow_api to None, run_after=None
[2023-05-25T04:50:47.724+0000] {processor.py:175} INFO - Processing /home/airflow/.local/lib/python3.7/site-packages/airflow/example_dags/tutorial_taskflow_api.py took 0.553 seconds
[2023-05-25T04:51:19.356+0000] {processor.py:153} INFO - Started process (PID=1103) to work on /home/airflow/.local/lib/python3.7/site-packages/airflow/example_dags/tutorial_taskflow_api.py
[2023-05-25T04:51:19.361+0000] {processor.py:743} INFO - Processing file /home/airflow/.local/lib/python3.7/site-packages/airflow/example_dags/tutorial_taskflow_api.py for tasks to queue
[2023-05-25T04:51:19.373+0000] {logging_mixin.py:137} INFO - [2023-05-25T04:51:19.370+0000] {dagbag.py:538} INFO - Filling up the DagBag from /home/airflow/.local/lib/python3.7/site-packages/airflow/example_dags/tutorial_taskflow_api.py
[2023-05-25T04:51:19.482+0000] {processor.py:753} INFO - DAG(s) dict_keys(['tutorial_taskflow_api']) retrieved from /home/airflow/.local/lib/python3.7/site-packages/airflow/example_dags/tutorial_taskflow_api.py
[2023-05-25T04:51:19.586+0000] {logging_mixin.py:137} INFO - [2023-05-25T04:51:19.586+0000] {dag.py:2690} INFO - Sync 1 DAGs
[2023-05-25T04:51:19.687+0000] {logging_mixin.py:137} INFO - [2023-05-25T04:51:19.687+0000] {dag.py:3441} INFO - Setting next_dagrun for tutorial_taskflow_api to None, run_after=None
[2023-05-25T04:51:19.803+0000] {processor.py:175} INFO - Processing /home/airflow/.local/lib/python3.7/site-packages/airflow/example_dags/tutorial_taskflow_api.py took 0.461 seconds
[2023-05-25T04:51:52.075+0000] {processor.py:153} INFO - Started process (PID=1161) to work on /home/airflow/.local/lib/python3.7/site-packages/airflow/example_dags/tutorial_taskflow_api.py
[2023-05-25T04:51:52.086+0000] {processor.py:743} INFO - Processing file /home/airflow/.local/lib/python3.7/site-packages/airflow/example_dags/tutorial_taskflow_api.py for tasks to queue
[2023-05-25T04:51:52.093+0000] {logging_mixin.py:137} INFO - [2023-05-25T04:51:52.091+0000] {dagbag.py:538} INFO - Filling up the DagBag from /home/airflow/.local/lib/python3.7/site-packages/airflow/example_dags/tutorial_taskflow_api.py
[2023-05-25T04:51:52.303+0000] {processor.py:753} INFO - DAG(s) dict_keys(['tutorial_taskflow_api']) retrieved from /home/airflow/.local/lib/python3.7/site-packages/airflow/example_dags/tutorial_taskflow_api.py
[2023-05-25T04:51:52.551+0000] {logging_mixin.py:137} INFO - [2023-05-25T04:51:52.551+0000] {dag.py:2690} INFO - Sync 1 DAGs
[2023-05-25T04:51:52.718+0000] {logging_mixin.py:137} INFO - [2023-05-25T04:51:52.712+0000] {dag.py:3441} INFO - Setting next_dagrun for tutorial_taskflow_api to None, run_after=None
[2023-05-25T04:51:53.050+0000] {processor.py:175} INFO - Processing /home/airflow/.local/lib/python3.7/site-packages/airflow/example_dags/tutorial_taskflow_api.py took 0.995 seconds
[2023-05-25T04:52:23.583+0000] {processor.py:153} INFO - Started process (PID=1212) to work on /home/airflow/.local/lib/python3.7/site-packages/airflow/example_dags/tutorial_taskflow_api.py
[2023-05-25T04:52:23.588+0000] {processor.py:743} INFO - Processing file /home/airflow/.local/lib/python3.7/site-packages/airflow/example_dags/tutorial_taskflow_api.py for tasks to queue
[2023-05-25T04:52:23.591+0000] {logging_mixin.py:137} INFO - [2023-05-25T04:52:23.591+0000] {dagbag.py:538} INFO - Filling up the DagBag from /home/airflow/.local/lib/python3.7/site-packages/airflow/example_dags/tutorial_taskflow_api.py
[2023-05-25T04:52:23.634+0000] {processor.py:753} INFO - DAG(s) dict_keys(['tutorial_taskflow_api']) retrieved from /home/airflow/.local/lib/python3.7/site-packages/airflow/example_dags/tutorial_taskflow_api.py
[2023-05-25T04:52:23.677+0000] {logging_mixin.py:137} INFO - [2023-05-25T04:52:23.676+0000] {dag.py:2690} INFO - Sync 1 DAGs
[2023-05-25T04:52:23.730+0000] {logging_mixin.py:137} INFO - [2023-05-25T04:52:23.730+0000] {dag.py:3441} INFO - Setting next_dagrun for tutorial_taskflow_api to None, run_after=None
[2023-05-25T04:52:23.771+0000] {processor.py:175} INFO - Processing /home/airflow/.local/lib/python3.7/site-packages/airflow/example_dags/tutorial_taskflow_api.py took 0.203 seconds
[2023-05-25T04:52:53.935+0000] {processor.py:153} INFO - Started process (PID=1272) to work on /home/airflow/.local/lib/python3.7/site-packages/airflow/example_dags/tutorial_taskflow_api.py
[2023-05-25T04:52:53.940+0000] {processor.py:743} INFO - Processing file /home/airflow/.local/lib/python3.7/site-packages/airflow/example_dags/tutorial_taskflow_api.py for tasks to queue
[2023-05-25T04:52:53.942+0000] {logging_mixin.py:137} INFO - [2023-05-25T04:52:53.942+0000] {dagbag.py:538} INFO - Filling up the DagBag from /home/airflow/.local/lib/python3.7/site-packages/airflow/example_dags/tutorial_taskflow_api.py
[2023-05-25T04:52:53.971+0000] {processor.py:753} INFO - DAG(s) dict_keys(['tutorial_taskflow_api']) retrieved from /home/airflow/.local/lib/python3.7/site-packages/airflow/example_dags/tutorial_taskflow_api.py
[2023-05-25T04:52:54.008+0000] {logging_mixin.py:137} INFO - [2023-05-25T04:52:54.007+0000] {dag.py:2690} INFO - Sync 1 DAGs
[2023-05-25T04:52:54.043+0000] {logging_mixin.py:137} INFO - [2023-05-25T04:52:54.043+0000] {dag.py:3441} INFO - Setting next_dagrun for tutorial_taskflow_api to None, run_after=None
[2023-05-25T04:52:54.080+0000] {processor.py:175} INFO - Processing /home/airflow/.local/lib/python3.7/site-packages/airflow/example_dags/tutorial_taskflow_api.py took 0.151 seconds
[2023-05-25T04:53:25.063+0000] {processor.py:153} INFO - Started process (PID=1333) to work on /home/airflow/.local/lib/python3.7/site-packages/airflow/example_dags/tutorial_taskflow_api.py
[2023-05-25T04:53:25.066+0000] {processor.py:743} INFO - Processing file /home/airflow/.local/lib/python3.7/site-packages/airflow/example_dags/tutorial_taskflow_api.py for tasks to queue
[2023-05-25T04:53:25.069+0000] {logging_mixin.py:137} INFO - [2023-05-25T04:53:25.069+0000] {dagbag.py:538} INFO - Filling up the DagBag from /home/airflow/.local/lib/python3.7/site-packages/airflow/example_dags/tutorial_taskflow_api.py
[2023-05-25T04:53:25.104+0000] {processor.py:753} INFO - DAG(s) dict_keys(['tutorial_taskflow_api']) retrieved from /home/airflow/.local/lib/python3.7/site-packages/airflow/example_dags/tutorial_taskflow_api.py
[2023-05-25T04:53:25.142+0000] {logging_mixin.py:137} INFO - [2023-05-25T04:53:25.142+0000] {dag.py:2690} INFO - Sync 1 DAGs
[2023-05-25T04:53:25.178+0000] {logging_mixin.py:137} INFO - [2023-05-25T04:53:25.178+0000] {dag.py:3441} INFO - Setting next_dagrun for tutorial_taskflow_api to None, run_after=None
[2023-05-25T04:53:25.209+0000] {processor.py:175} INFO - Processing /home/airflow/.local/lib/python3.7/site-packages/airflow/example_dags/tutorial_taskflow_api.py took 0.152 seconds
[2023-05-25T04:53:55.453+0000] {processor.py:153} INFO - Started process (PID=1392) to work on /home/airflow/.local/lib/python3.7/site-packages/airflow/example_dags/tutorial_taskflow_api.py
[2023-05-25T04:53:55.457+0000] {processor.py:743} INFO - Processing file /home/airflow/.local/lib/python3.7/site-packages/airflow/example_dags/tutorial_taskflow_api.py for tasks to queue
[2023-05-25T04:53:55.460+0000] {logging_mixin.py:137} INFO - [2023-05-25T04:53:55.460+0000] {dagbag.py:538} INFO - Filling up the DagBag from /home/airflow/.local/lib/python3.7/site-packages/airflow/example_dags/tutorial_taskflow_api.py
[2023-05-25T04:53:55.493+0000] {processor.py:753} INFO - DAG(s) dict_keys(['tutorial_taskflow_api']) retrieved from /home/airflow/.local/lib/python3.7/site-packages/airflow/example_dags/tutorial_taskflow_api.py
[2023-05-25T04:53:55.530+0000] {logging_mixin.py:137} INFO - [2023-05-25T04:53:55.530+0000] {dag.py:2690} INFO - Sync 1 DAGs
[2023-05-25T04:53:55.575+0000] {logging_mixin.py:137} INFO - [2023-05-25T04:53:55.575+0000] {dag.py:3441} INFO - Setting next_dagrun for tutorial_taskflow_api to None, run_after=None
[2023-05-25T04:53:55.609+0000] {processor.py:175} INFO - Processing /home/airflow/.local/lib/python3.7/site-packages/airflow/example_dags/tutorial_taskflow_api.py took 0.161 seconds
[2023-05-25T04:54:26.546+0000] {processor.py:153} INFO - Started process (PID=1452) to work on /home/airflow/.local/lib/python3.7/site-packages/airflow/example_dags/tutorial_taskflow_api.py
[2023-05-25T04:54:26.557+0000] {processor.py:743} INFO - Processing file /home/airflow/.local/lib/python3.7/site-packages/airflow/example_dags/tutorial_taskflow_api.py for tasks to queue
[2023-05-25T04:54:26.563+0000] {logging_mixin.py:137} INFO - [2023-05-25T04:54:26.562+0000] {dagbag.py:538} INFO - Filling up the DagBag from /home/airflow/.local/lib/python3.7/site-packages/airflow/example_dags/tutorial_taskflow_api.py
[2023-05-25T04:54:26.822+0000] {processor.py:753} INFO - DAG(s) dict_keys(['tutorial_taskflow_api']) retrieved from /home/airflow/.local/lib/python3.7/site-packages/airflow/example_dags/tutorial_taskflow_api.py
[2023-05-25T04:54:27.286+0000] {logging_mixin.py:137} INFO - [2023-05-25T04:54:27.286+0000] {dag.py:2690} INFO - Sync 1 DAGs
[2023-05-25T04:54:27.341+0000] {logging_mixin.py:137} INFO - [2023-05-25T04:54:27.341+0000] {dag.py:3441} INFO - Setting next_dagrun for tutorial_taskflow_api to None, run_after=None
[2023-05-25T04:54:27.383+0000] {processor.py:175} INFO - Processing /home/airflow/.local/lib/python3.7/site-packages/airflow/example_dags/tutorial_taskflow_api.py took 0.847 seconds
[2023-05-25T04:54:57.898+0000] {processor.py:153} INFO - Started process (PID=1512) to work on /home/airflow/.local/lib/python3.7/site-packages/airflow/example_dags/tutorial_taskflow_api.py
[2023-05-25T04:54:57.904+0000] {processor.py:743} INFO - Processing file /home/airflow/.local/lib/python3.7/site-packages/airflow/example_dags/tutorial_taskflow_api.py for tasks to queue
[2023-05-25T04:54:57.907+0000] {logging_mixin.py:137} INFO - [2023-05-25T04:54:57.907+0000] {dagbag.py:538} INFO - Filling up the DagBag from /home/airflow/.local/lib/python3.7/site-packages/airflow/example_dags/tutorial_taskflow_api.py
[2023-05-25T04:54:57.999+0000] {processor.py:753} INFO - DAG(s) dict_keys(['tutorial_taskflow_api']) retrieved from /home/airflow/.local/lib/python3.7/site-packages/airflow/example_dags/tutorial_taskflow_api.py
[2023-05-25T04:54:58.106+0000] {logging_mixin.py:137} INFO - [2023-05-25T04:54:58.106+0000] {dag.py:2690} INFO - Sync 1 DAGs
[2023-05-25T04:54:58.183+0000] {logging_mixin.py:137} INFO - [2023-05-25T04:54:58.183+0000] {dag.py:3441} INFO - Setting next_dagrun for tutorial_taskflow_api to None, run_after=None
[2023-05-25T04:54:58.415+0000] {processor.py:175} INFO - Processing /home/airflow/.local/lib/python3.7/site-packages/airflow/example_dags/tutorial_taskflow_api.py took 0.534 seconds
[2023-05-25T04:55:29.065+0000] {processor.py:153} INFO - Started process (PID=1572) to work on /home/airflow/.local/lib/python3.7/site-packages/airflow/example_dags/tutorial_taskflow_api.py
[2023-05-25T04:55:29.076+0000] {processor.py:743} INFO - Processing file /home/airflow/.local/lib/python3.7/site-packages/airflow/example_dags/tutorial_taskflow_api.py for tasks to queue
[2023-05-25T04:55:29.094+0000] {logging_mixin.py:137} INFO - [2023-05-25T04:55:29.093+0000] {dagbag.py:538} INFO - Filling up the DagBag from /home/airflow/.local/lib/python3.7/site-packages/airflow/example_dags/tutorial_taskflow_api.py
[2023-05-25T04:55:29.141+0000] {processor.py:753} INFO - DAG(s) dict_keys(['tutorial_taskflow_api']) retrieved from /home/airflow/.local/lib/python3.7/site-packages/airflow/example_dags/tutorial_taskflow_api.py
[2023-05-25T04:55:29.189+0000] {logging_mixin.py:137} INFO - [2023-05-25T04:55:29.189+0000] {dag.py:2690} INFO - Sync 1 DAGs
[2023-05-25T04:55:29.254+0000] {logging_mixin.py:137} INFO - [2023-05-25T04:55:29.254+0000] {dag.py:3441} INFO - Setting next_dagrun for tutorial_taskflow_api to None, run_after=None
[2023-05-25T04:55:29.295+0000] {processor.py:175} INFO - Processing /home/airflow/.local/lib/python3.7/site-packages/airflow/example_dags/tutorial_taskflow_api.py took 0.238 seconds
[2023-05-25T04:55:59.699+0000] {processor.py:153} INFO - Started process (PID=1632) to work on /home/airflow/.local/lib/python3.7/site-packages/airflow/example_dags/tutorial_taskflow_api.py
[2023-05-25T04:55:59.702+0000] {processor.py:743} INFO - Processing file /home/airflow/.local/lib/python3.7/site-packages/airflow/example_dags/tutorial_taskflow_api.py for tasks to queue
[2023-05-25T04:55:59.705+0000] {logging_mixin.py:137} INFO - [2023-05-25T04:55:59.705+0000] {dagbag.py:538} INFO - Filling up the DagBag from /home/airflow/.local/lib/python3.7/site-packages/airflow/example_dags/tutorial_taskflow_api.py
[2023-05-25T04:55:59.745+0000] {processor.py:753} INFO - DAG(s) dict_keys(['tutorial_taskflow_api']) retrieved from /home/airflow/.local/lib/python3.7/site-packages/airflow/example_dags/tutorial_taskflow_api.py
[2023-05-25T04:55:59.805+0000] {logging_mixin.py:137} INFO - [2023-05-25T04:55:59.804+0000] {dag.py:2690} INFO - Sync 1 DAGs
[2023-05-25T04:55:59.856+0000] {logging_mixin.py:137} INFO - [2023-05-25T04:55:59.856+0000] {dag.py:3441} INFO - Setting next_dagrun for tutorial_taskflow_api to None, run_after=None
[2023-05-25T04:55:59.894+0000] {processor.py:175} INFO - Processing /home/airflow/.local/lib/python3.7/site-packages/airflow/example_dags/tutorial_taskflow_api.py took 0.204 seconds
[2023-05-25T04:56:30.309+0000] {processor.py:153} INFO - Started process (PID=1692) to work on /home/airflow/.local/lib/python3.7/site-packages/airflow/example_dags/tutorial_taskflow_api.py
[2023-05-25T04:56:30.315+0000] {processor.py:743} INFO - Processing file /home/airflow/.local/lib/python3.7/site-packages/airflow/example_dags/tutorial_taskflow_api.py for tasks to queue
[2023-05-25T04:56:30.319+0000] {logging_mixin.py:137} INFO - [2023-05-25T04:56:30.318+0000] {dagbag.py:538} INFO - Filling up the DagBag from /home/airflow/.local/lib/python3.7/site-packages/airflow/example_dags/tutorial_taskflow_api.py
[2023-05-25T04:56:30.355+0000] {processor.py:753} INFO - DAG(s) dict_keys(['tutorial_taskflow_api']) retrieved from /home/airflow/.local/lib/python3.7/site-packages/airflow/example_dags/tutorial_taskflow_api.py
[2023-05-25T04:56:30.395+0000] {logging_mixin.py:137} INFO - [2023-05-25T04:56:30.395+0000] {dag.py:2690} INFO - Sync 1 DAGs
[2023-05-25T04:56:30.448+0000] {logging_mixin.py:137} INFO - [2023-05-25T04:56:30.447+0000] {dag.py:3441} INFO - Setting next_dagrun for tutorial_taskflow_api to None, run_after=None
[2023-05-25T04:56:30.488+0000] {processor.py:175} INFO - Processing /home/airflow/.local/lib/python3.7/site-packages/airflow/example_dags/tutorial_taskflow_api.py took 0.184 seconds
[2023-05-25T04:57:01.043+0000] {processor.py:153} INFO - Started process (PID=1752) to work on /home/airflow/.local/lib/python3.7/site-packages/airflow/example_dags/tutorial_taskflow_api.py
[2023-05-25T04:57:01.059+0000] {processor.py:743} INFO - Processing file /home/airflow/.local/lib/python3.7/site-packages/airflow/example_dags/tutorial_taskflow_api.py for tasks to queue
[2023-05-25T04:57:01.069+0000] {logging_mixin.py:137} INFO - [2023-05-25T04:57:01.068+0000] {dagbag.py:538} INFO - Filling up the DagBag from /home/airflow/.local/lib/python3.7/site-packages/airflow/example_dags/tutorial_taskflow_api.py
[2023-05-25T04:57:01.131+0000] {processor.py:753} INFO - DAG(s) dict_keys(['tutorial_taskflow_api']) retrieved from /home/airflow/.local/lib/python3.7/site-packages/airflow/example_dags/tutorial_taskflow_api.py
[2023-05-25T04:57:01.206+0000] {logging_mixin.py:137} INFO - [2023-05-25T04:57:01.206+0000] {dag.py:2690} INFO - Sync 1 DAGs
[2023-05-25T04:57:01.257+0000] {logging_mixin.py:137} INFO - [2023-05-25T04:57:01.257+0000] {dag.py:3441} INFO - Setting next_dagrun for tutorial_taskflow_api to None, run_after=None
[2023-05-25T04:57:01.293+0000] {processor.py:175} INFO - Processing /home/airflow/.local/lib/python3.7/site-packages/airflow/example_dags/tutorial_taskflow_api.py took 0.254 seconds
[2023-05-25T04:57:31.371+0000] {processor.py:153} INFO - Started process (PID=1811) to work on /home/airflow/.local/lib/python3.7/site-packages/airflow/example_dags/tutorial_taskflow_api.py
[2023-05-25T04:57:31.373+0000] {processor.py:743} INFO - Processing file /home/airflow/.local/lib/python3.7/site-packages/airflow/example_dags/tutorial_taskflow_api.py for tasks to queue
[2023-05-25T04:57:31.376+0000] {logging_mixin.py:137} INFO - [2023-05-25T04:57:31.375+0000] {dagbag.py:538} INFO - Filling up the DagBag from /home/airflow/.local/lib/python3.7/site-packages/airflow/example_dags/tutorial_taskflow_api.py
[2023-05-25T04:57:31.413+0000] {processor.py:753} INFO - DAG(s) dict_keys(['tutorial_taskflow_api']) retrieved from /home/airflow/.local/lib/python3.7/site-packages/airflow/example_dags/tutorial_taskflow_api.py
[2023-05-25T04:57:31.455+0000] {logging_mixin.py:137} INFO - [2023-05-25T04:57:31.455+0000] {dag.py:2690} INFO - Sync 1 DAGs
[2023-05-25T04:57:31.532+0000] {logging_mixin.py:137} INFO - [2023-05-25T04:57:31.532+0000] {dag.py:3441} INFO - Setting next_dagrun for tutorial_taskflow_api to None, run_after=None
[2023-05-25T04:57:31.600+0000] {processor.py:175} INFO - Processing /home/airflow/.local/lib/python3.7/site-packages/airflow/example_dags/tutorial_taskflow_api.py took 0.238 seconds
[2023-05-25T04:58:02.326+0000] {processor.py:153} INFO - Started process (PID=1872) to work on /home/airflow/.local/lib/python3.7/site-packages/airflow/example_dags/tutorial_taskflow_api.py
[2023-05-25T04:58:02.330+0000] {processor.py:743} INFO - Processing file /home/airflow/.local/lib/python3.7/site-packages/airflow/example_dags/tutorial_taskflow_api.py for tasks to queue
[2023-05-25T04:58:02.337+0000] {logging_mixin.py:137} INFO - [2023-05-25T04:58:02.336+0000] {dagbag.py:538} INFO - Filling up the DagBag from /home/airflow/.local/lib/python3.7/site-packages/airflow/example_dags/tutorial_taskflow_api.py
[2023-05-25T04:58:02.416+0000] {processor.py:753} INFO - DAG(s) dict_keys(['tutorial_taskflow_api']) retrieved from /home/airflow/.local/lib/python3.7/site-packages/airflow/example_dags/tutorial_taskflow_api.py
[2023-05-25T04:58:02.512+0000] {logging_mixin.py:137} INFO - [2023-05-25T04:58:02.511+0000] {dag.py:2690} INFO - Sync 1 DAGs
[2023-05-25T04:58:02.591+0000] {logging_mixin.py:137} INFO - [2023-05-25T04:58:02.590+0000] {dag.py:3441} INFO - Setting next_dagrun for tutorial_taskflow_api to None, run_after=None
[2023-05-25T04:58:02.653+0000] {processor.py:175} INFO - Processing /home/airflow/.local/lib/python3.7/site-packages/airflow/example_dags/tutorial_taskflow_api.py took 0.347 seconds
[2023-05-25T04:58:33.085+0000] {processor.py:153} INFO - Started process (PID=1931) to work on /home/airflow/.local/lib/python3.7/site-packages/airflow/example_dags/tutorial_taskflow_api.py
[2023-05-25T04:58:33.088+0000] {processor.py:743} INFO - Processing file /home/airflow/.local/lib/python3.7/site-packages/airflow/example_dags/tutorial_taskflow_api.py for tasks to queue
[2023-05-25T04:58:33.091+0000] {logging_mixin.py:137} INFO - [2023-05-25T04:58:33.090+0000] {dagbag.py:538} INFO - Filling up the DagBag from /home/airflow/.local/lib/python3.7/site-packages/airflow/example_dags/tutorial_taskflow_api.py
[2023-05-25T04:58:33.129+0000] {processor.py:753} INFO - DAG(s) dict_keys(['tutorial_taskflow_api']) retrieved from /home/airflow/.local/lib/python3.7/site-packages/airflow/example_dags/tutorial_taskflow_api.py
[2023-05-25T04:58:33.171+0000] {logging_mixin.py:137} INFO - [2023-05-25T04:58:33.171+0000] {dag.py:2690} INFO - Sync 1 DAGs
[2023-05-25T04:58:33.215+0000] {logging_mixin.py:137} INFO - [2023-05-25T04:58:33.215+0000] {dag.py:3441} INFO - Setting next_dagrun for tutorial_taskflow_api to None, run_after=None
[2023-05-25T04:58:33.247+0000] {processor.py:175} INFO - Processing /home/airflow/.local/lib/python3.7/site-packages/airflow/example_dags/tutorial_taskflow_api.py took 0.171 seconds
[2023-05-25T04:59:03.618+0000] {processor.py:153} INFO - Started process (PID=1992) to work on /home/airflow/.local/lib/python3.7/site-packages/airflow/example_dags/tutorial_taskflow_api.py
[2023-05-25T04:59:03.624+0000] {processor.py:743} INFO - Processing file /home/airflow/.local/lib/python3.7/site-packages/airflow/example_dags/tutorial_taskflow_api.py for tasks to queue
[2023-05-25T04:59:03.630+0000] {logging_mixin.py:137} INFO - [2023-05-25T04:59:03.630+0000] {dagbag.py:538} INFO - Filling up the DagBag from /home/airflow/.local/lib/python3.7/site-packages/airflow/example_dags/tutorial_taskflow_api.py
[2023-05-25T04:59:03.746+0000] {processor.py:753} INFO - DAG(s) dict_keys(['tutorial_taskflow_api']) retrieved from /home/airflow/.local/lib/python3.7/site-packages/airflow/example_dags/tutorial_taskflow_api.py
[2023-05-25T04:59:03.841+0000] {logging_mixin.py:137} INFO - [2023-05-25T04:59:03.841+0000] {dag.py:2690} INFO - Sync 1 DAGs
[2023-05-25T04:59:03.914+0000] {logging_mixin.py:137} INFO - [2023-05-25T04:59:03.914+0000] {dag.py:3441} INFO - Setting next_dagrun for tutorial_taskflow_api to None, run_after=None
[2023-05-25T04:59:03.996+0000] {processor.py:175} INFO - Processing /home/airflow/.local/lib/python3.7/site-packages/airflow/example_dags/tutorial_taskflow_api.py took 0.399 seconds
[2023-05-25T04:59:34.353+0000] {processor.py:153} INFO - Started process (PID=2050) to work on /home/airflow/.local/lib/python3.7/site-packages/airflow/example_dags/tutorial_taskflow_api.py
[2023-05-25T04:59:34.360+0000] {processor.py:743} INFO - Processing file /home/airflow/.local/lib/python3.7/site-packages/airflow/example_dags/tutorial_taskflow_api.py for tasks to queue
[2023-05-25T04:59:34.364+0000] {logging_mixin.py:137} INFO - [2023-05-25T04:59:34.362+0000] {dagbag.py:538} INFO - Filling up the DagBag from /home/airflow/.local/lib/python3.7/site-packages/airflow/example_dags/tutorial_taskflow_api.py
[2023-05-25T04:59:34.447+0000] {processor.py:753} INFO - DAG(s) dict_keys(['tutorial_taskflow_api']) retrieved from /home/airflow/.local/lib/python3.7/site-packages/airflow/example_dags/tutorial_taskflow_api.py
[2023-05-25T04:59:34.595+0000] {logging_mixin.py:137} INFO - [2023-05-25T04:59:34.595+0000] {dag.py:2690} INFO - Sync 1 DAGs
[2023-05-25T04:59:34.672+0000] {logging_mixin.py:137} INFO - [2023-05-25T04:59:34.672+0000] {dag.py:3441} INFO - Setting next_dagrun for tutorial_taskflow_api to None, run_after=None
[2023-05-25T04:59:34.729+0000] {processor.py:175} INFO - Processing /home/airflow/.local/lib/python3.7/site-packages/airflow/example_dags/tutorial_taskflow_api.py took 0.390 seconds
[2023-05-25T05:00:05.164+0000] {processor.py:153} INFO - Started process (PID=2117) to work on /home/airflow/.local/lib/python3.7/site-packages/airflow/example_dags/tutorial_taskflow_api.py
[2023-05-25T05:00:05.172+0000] {processor.py:743} INFO - Processing file /home/airflow/.local/lib/python3.7/site-packages/airflow/example_dags/tutorial_taskflow_api.py for tasks to queue
[2023-05-25T05:00:05.180+0000] {logging_mixin.py:137} INFO - [2023-05-25T05:00:05.179+0000] {dagbag.py:538} INFO - Filling up the DagBag from /home/airflow/.local/lib/python3.7/site-packages/airflow/example_dags/tutorial_taskflow_api.py
[2023-05-25T05:00:05.288+0000] {processor.py:753} INFO - DAG(s) dict_keys(['tutorial_taskflow_api']) retrieved from /home/airflow/.local/lib/python3.7/site-packages/airflow/example_dags/tutorial_taskflow_api.py
[2023-05-25T05:00:05.401+0000] {logging_mixin.py:137} INFO - [2023-05-25T05:00:05.401+0000] {dag.py:2690} INFO - Sync 1 DAGs
[2023-05-25T05:00:05.451+0000] {logging_mixin.py:137} INFO - [2023-05-25T05:00:05.451+0000] {dag.py:3441} INFO - Setting next_dagrun for tutorial_taskflow_api to None, run_after=None
[2023-05-25T05:00:05.499+0000] {processor.py:175} INFO - Processing /home/airflow/.local/lib/python3.7/site-packages/airflow/example_dags/tutorial_taskflow_api.py took 0.350 seconds
[2023-05-25T05:00:36.140+0000] {processor.py:153} INFO - Started process (PID=2179) to work on /home/airflow/.local/lib/python3.7/site-packages/airflow/example_dags/tutorial_taskflow_api.py
[2023-05-25T05:00:36.150+0000] {processor.py:743} INFO - Processing file /home/airflow/.local/lib/python3.7/site-packages/airflow/example_dags/tutorial_taskflow_api.py for tasks to queue
[2023-05-25T05:00:36.153+0000] {logging_mixin.py:137} INFO - [2023-05-25T05:00:36.153+0000] {dagbag.py:538} INFO - Filling up the DagBag from /home/airflow/.local/lib/python3.7/site-packages/airflow/example_dags/tutorial_taskflow_api.py
[2023-05-25T05:00:36.212+0000] {processor.py:753} INFO - DAG(s) dict_keys(['tutorial_taskflow_api']) retrieved from /home/airflow/.local/lib/python3.7/site-packages/airflow/example_dags/tutorial_taskflow_api.py
[2023-05-25T05:00:36.275+0000] {logging_mixin.py:137} INFO - [2023-05-25T05:00:36.275+0000] {dag.py:2690} INFO - Sync 1 DAGs
[2023-05-25T05:00:36.329+0000] {logging_mixin.py:137} INFO - [2023-05-25T05:00:36.329+0000] {dag.py:3441} INFO - Setting next_dagrun for tutorial_taskflow_api to None, run_after=None
[2023-05-25T05:00:36.389+0000] {processor.py:175} INFO - Processing /home/airflow/.local/lib/python3.7/site-packages/airflow/example_dags/tutorial_taskflow_api.py took 0.265 seconds
[2023-05-25T05:01:07.189+0000] {processor.py:153} INFO - Started process (PID=2240) to work on /home/airflow/.local/lib/python3.7/site-packages/airflow/example_dags/tutorial_taskflow_api.py
[2023-05-25T05:01:07.197+0000] {processor.py:743} INFO - Processing file /home/airflow/.local/lib/python3.7/site-packages/airflow/example_dags/tutorial_taskflow_api.py for tasks to queue
[2023-05-25T05:01:07.204+0000] {logging_mixin.py:137} INFO - [2023-05-25T05:01:07.204+0000] {dagbag.py:538} INFO - Filling up the DagBag from /home/airflow/.local/lib/python3.7/site-packages/airflow/example_dags/tutorial_taskflow_api.py
[2023-05-25T05:01:07.247+0000] {processor.py:753} INFO - DAG(s) dict_keys(['tutorial_taskflow_api']) retrieved from /home/airflow/.local/lib/python3.7/site-packages/airflow/example_dags/tutorial_taskflow_api.py
[2023-05-25T05:01:07.321+0000] {logging_mixin.py:137} INFO - [2023-05-25T05:01:07.321+0000] {dag.py:2690} INFO - Sync 1 DAGs
[2023-05-25T05:01:07.374+0000] {logging_mixin.py:137} INFO - [2023-05-25T05:01:07.374+0000] {dag.py:3441} INFO - Setting next_dagrun for tutorial_taskflow_api to None, run_after=None
[2023-05-25T05:01:07.420+0000] {processor.py:175} INFO - Processing /home/airflow/.local/lib/python3.7/site-packages/airflow/example_dags/tutorial_taskflow_api.py took 0.242 seconds
[2023-05-25T05:01:37.774+0000] {processor.py:153} INFO - Started process (PID=2298) to work on /home/airflow/.local/lib/python3.7/site-packages/airflow/example_dags/tutorial_taskflow_api.py
[2023-05-25T05:01:37.778+0000] {processor.py:743} INFO - Processing file /home/airflow/.local/lib/python3.7/site-packages/airflow/example_dags/tutorial_taskflow_api.py for tasks to queue
[2023-05-25T05:01:37.782+0000] {logging_mixin.py:137} INFO - [2023-05-25T05:01:37.782+0000] {dagbag.py:538} INFO - Filling up the DagBag from /home/airflow/.local/lib/python3.7/site-packages/airflow/example_dags/tutorial_taskflow_api.py
[2023-05-25T05:01:37.882+0000] {processor.py:753} INFO - DAG(s) dict_keys(['tutorial_taskflow_api']) retrieved from /home/airflow/.local/lib/python3.7/site-packages/airflow/example_dags/tutorial_taskflow_api.py
[2023-05-25T05:01:37.963+0000] {logging_mixin.py:137} INFO - [2023-05-25T05:01:37.963+0000] {dag.py:2690} INFO - Sync 1 DAGs
[2023-05-25T05:01:38.057+0000] {logging_mixin.py:137} INFO - [2023-05-25T05:01:38.057+0000] {dag.py:3441} INFO - Setting next_dagrun for tutorial_taskflow_api to None, run_after=None
[2023-05-25T05:01:38.109+0000] {processor.py:175} INFO - Processing /home/airflow/.local/lib/python3.7/site-packages/airflow/example_dags/tutorial_taskflow_api.py took 0.352 seconds
[2023-05-25T05:02:14.254+0000] {processor.py:153} INFO - Started process (PID=2357) to work on /home/airflow/.local/lib/python3.7/site-packages/airflow/example_dags/tutorial_taskflow_api.py
[2023-05-25T05:02:14.257+0000] {processor.py:743} INFO - Processing file /home/airflow/.local/lib/python3.7/site-packages/airflow/example_dags/tutorial_taskflow_api.py for tasks to queue
[2023-05-25T05:02:14.269+0000] {logging_mixin.py:137} INFO - [2023-05-25T05:02:14.269+0000] {dagbag.py:538} INFO - Filling up the DagBag from /home/airflow/.local/lib/python3.7/site-packages/airflow/example_dags/tutorial_taskflow_api.py
[2023-05-25T05:02:14.343+0000] {processor.py:753} INFO - DAG(s) dict_keys(['tutorial_taskflow_api']) retrieved from /home/airflow/.local/lib/python3.7/site-packages/airflow/example_dags/tutorial_taskflow_api.py
[2023-05-25T05:02:14.433+0000] {logging_mixin.py:137} INFO - [2023-05-25T05:02:14.433+0000] {dag.py:2690} INFO - Sync 1 DAGs
[2023-05-25T05:02:14.504+0000] {logging_mixin.py:137} INFO - [2023-05-25T05:02:14.504+0000] {dag.py:3441} INFO - Setting next_dagrun for tutorial_taskflow_api to None, run_after=None
[2023-05-25T05:02:14.554+0000] {processor.py:175} INFO - Processing /home/airflow/.local/lib/python3.7/site-packages/airflow/example_dags/tutorial_taskflow_api.py took 0.317 seconds
[2023-05-25T05:02:45.042+0000] {processor.py:153} INFO - Started process (PID=2416) to work on /home/airflow/.local/lib/python3.7/site-packages/airflow/example_dags/tutorial_taskflow_api.py
[2023-05-25T05:02:45.046+0000] {processor.py:743} INFO - Processing file /home/airflow/.local/lib/python3.7/site-packages/airflow/example_dags/tutorial_taskflow_api.py for tasks to queue
[2023-05-25T05:02:45.050+0000] {logging_mixin.py:137} INFO - [2023-05-25T05:02:45.050+0000] {dagbag.py:538} INFO - Filling up the DagBag from /home/airflow/.local/lib/python3.7/site-packages/airflow/example_dags/tutorial_taskflow_api.py
[2023-05-25T05:02:45.112+0000] {processor.py:753} INFO - DAG(s) dict_keys(['tutorial_taskflow_api']) retrieved from /home/airflow/.local/lib/python3.7/site-packages/airflow/example_dags/tutorial_taskflow_api.py
[2023-05-25T05:02:45.198+0000] {logging_mixin.py:137} INFO - [2023-05-25T05:02:45.197+0000] {dag.py:2690} INFO - Sync 1 DAGs
[2023-05-25T05:02:45.273+0000] {logging_mixin.py:137} INFO - [2023-05-25T05:02:45.273+0000] {dag.py:3441} INFO - Setting next_dagrun for tutorial_taskflow_api to None, run_after=None
[2023-05-25T05:02:45.321+0000] {processor.py:175} INFO - Processing /home/airflow/.local/lib/python3.7/site-packages/airflow/example_dags/tutorial_taskflow_api.py took 0.292 seconds
[2023-05-25T05:03:15.875+0000] {processor.py:153} INFO - Started process (PID=2476) to work on /home/airflow/.local/lib/python3.7/site-packages/airflow/example_dags/tutorial_taskflow_api.py
[2023-05-25T05:03:15.878+0000] {processor.py:743} INFO - Processing file /home/airflow/.local/lib/python3.7/site-packages/airflow/example_dags/tutorial_taskflow_api.py for tasks to queue
[2023-05-25T05:03:15.880+0000] {logging_mixin.py:137} INFO - [2023-05-25T05:03:15.880+0000] {dagbag.py:538} INFO - Filling up the DagBag from /home/airflow/.local/lib/python3.7/site-packages/airflow/example_dags/tutorial_taskflow_api.py
[2023-05-25T05:03:15.922+0000] {processor.py:753} INFO - DAG(s) dict_keys(['tutorial_taskflow_api']) retrieved from /home/airflow/.local/lib/python3.7/site-packages/airflow/example_dags/tutorial_taskflow_api.py
[2023-05-25T05:03:16.001+0000] {logging_mixin.py:137} INFO - [2023-05-25T05:03:16.001+0000] {dag.py:2690} INFO - Sync 1 DAGs
[2023-05-25T05:03:16.057+0000] {logging_mixin.py:137} INFO - [2023-05-25T05:03:16.056+0000] {dag.py:3441} INFO - Setting next_dagrun for tutorial_taskflow_api to None, run_after=None
[2023-05-25T05:03:16.101+0000] {processor.py:175} INFO - Processing /home/airflow/.local/lib/python3.7/site-packages/airflow/example_dags/tutorial_taskflow_api.py took 0.235 seconds
