[2023-05-25T04:35:43.483+0000] {processor.py:153} INFO - Started process (PID=85) to work on /home/airflow/.local/lib/python3.7/site-packages/airflow/example_dags/tutorial.py
[2023-05-25T04:35:43.501+0000] {processor.py:743} INFO - Processing file /home/airflow/.local/lib/python3.7/site-packages/airflow/example_dags/tutorial.py for tasks to queue
[2023-05-25T04:35:43.512+0000] {logging_mixin.py:137} INFO - [2023-05-25T04:35:43.507+0000] {dagbag.py:538} INFO - Filling up the DagBag from /home/airflow/.local/lib/python3.7/site-packages/airflow/example_dags/tutorial.py
[2023-05-25T04:35:43.967+0000] {processor.py:753} INFO - DAG(s) dict_keys(['tutorial']) retrieved from /home/airflow/.local/lib/python3.7/site-packages/airflow/example_dags/tutorial.py
[2023-05-25T04:35:44.403+0000] {logging_mixin.py:137} INFO - [2023-05-25T04:35:44.402+0000] {dag.py:2690} INFO - Sync 1 DAGs
[2023-05-25T04:35:45.155+0000] {logging_mixin.py:137} INFO - [2023-05-25T04:35:45.154+0000] {dag.py:3441} INFO - Setting next_dagrun for tutorial to 2023-05-24T04:35:45.142405+00:00, run_after=2023-05-25T04:35:45.142405+00:00
[2023-05-25T04:35:45.570+0000] {processor.py:175} INFO - Processing /home/airflow/.local/lib/python3.7/site-packages/airflow/example_dags/tutorial.py took 2.161 seconds
[2023-05-25T04:36:16.079+0000] {processor.py:153} INFO - Started process (PID=137) to work on /home/airflow/.local/lib/python3.7/site-packages/airflow/example_dags/tutorial.py
[2023-05-25T04:36:16.093+0000] {processor.py:743} INFO - Processing file /home/airflow/.local/lib/python3.7/site-packages/airflow/example_dags/tutorial.py for tasks to queue
[2023-05-25T04:36:16.095+0000] {logging_mixin.py:137} INFO - [2023-05-25T04:36:16.095+0000] {dagbag.py:538} INFO - Filling up the DagBag from /home/airflow/.local/lib/python3.7/site-packages/airflow/example_dags/tutorial.py
[2023-05-25T04:36:16.260+0000] {processor.py:753} INFO - DAG(s) dict_keys(['tutorial']) retrieved from /home/airflow/.local/lib/python3.7/site-packages/airflow/example_dags/tutorial.py
[2023-05-25T04:36:16.404+0000] {logging_mixin.py:137} INFO - [2023-05-25T04:36:16.403+0000] {dag.py:2690} INFO - Sync 1 DAGs
[2023-05-25T04:36:16.510+0000] {logging_mixin.py:137} INFO - [2023-05-25T04:36:16.510+0000] {dag.py:3441} INFO - Setting next_dagrun for tutorial to 2023-05-24T04:36:16.510074+00:00, run_after=2023-05-25T04:36:16.510074+00:00
[2023-05-25T04:36:16.553+0000] {processor.py:175} INFO - Processing /home/airflow/.local/lib/python3.7/site-packages/airflow/example_dags/tutorial.py took 0.533 seconds
[2023-05-25T04:37:01.428+0000] {processor.py:153} INFO - Started process (PID=202) to work on /home/airflow/.local/lib/python3.7/site-packages/airflow/example_dags/tutorial.py
[2023-05-25T04:37:01.437+0000] {processor.py:743} INFO - Processing file /home/airflow/.local/lib/python3.7/site-packages/airflow/example_dags/tutorial.py for tasks to queue
[2023-05-25T04:37:01.469+0000] {logging_mixin.py:137} INFO - [2023-05-25T04:37:01.449+0000] {dagbag.py:538} INFO - Filling up the DagBag from /home/airflow/.local/lib/python3.7/site-packages/airflow/example_dags/tutorial.py
[2023-05-25T04:37:02.208+0000] {processor.py:753} INFO - DAG(s) dict_keys(['tutorial']) retrieved from /home/airflow/.local/lib/python3.7/site-packages/airflow/example_dags/tutorial.py
[2023-05-25T04:37:02.415+0000] {logging_mixin.py:137} INFO - [2023-05-25T04:37:02.414+0000] {dag.py:2690} INFO - Sync 1 DAGs
[2023-05-25T04:37:07.867+0000] {logging_mixin.py:137} INFO - [2023-05-25T04:37:07.866+0000] {dag.py:3441} INFO - Setting next_dagrun for tutorial to 2023-05-24T04:37:07.855489+00:00, run_after=2023-05-25T04:37:07.855489+00:00
[2023-05-25T04:37:08.534+0000] {processor.py:175} INFO - Processing /home/airflow/.local/lib/python3.7/site-packages/airflow/example_dags/tutorial.py took 7.305 seconds
[2023-05-25T04:38:19.847+0000] {processor.py:153} INFO - Started process (PID=254) to work on /home/airflow/.local/lib/python3.7/site-packages/airflow/example_dags/tutorial.py
[2023-05-25T04:38:19.862+0000] {processor.py:743} INFO - Processing file /home/airflow/.local/lib/python3.7/site-packages/airflow/example_dags/tutorial.py for tasks to queue
[2023-05-25T04:38:19.885+0000] {logging_mixin.py:137} INFO - [2023-05-25T04:38:19.884+0000] {dagbag.py:538} INFO - Filling up the DagBag from /home/airflow/.local/lib/python3.7/site-packages/airflow/example_dags/tutorial.py
[2023-05-25T04:38:20.104+0000] {processor.py:753} INFO - DAG(s) dict_keys(['tutorial']) retrieved from /home/airflow/.local/lib/python3.7/site-packages/airflow/example_dags/tutorial.py
[2023-05-25T04:38:20.681+0000] {logging_mixin.py:137} INFO - [2023-05-25T04:38:20.680+0000] {dag.py:2690} INFO - Sync 1 DAGs
[2023-05-25T04:38:21.233+0000] {logging_mixin.py:137} INFO - [2023-05-25T04:38:21.233+0000] {dag.py:3441} INFO - Setting next_dagrun for tutorial to 2023-05-24T04:38:21.233309+00:00, run_after=2023-05-25T04:38:21.233309+00:00
[2023-05-25T04:38:21.634+0000] {processor.py:175} INFO - Processing /home/airflow/.local/lib/python3.7/site-packages/airflow/example_dags/tutorial.py took 1.824 seconds
[2023-05-25T04:38:55.507+0000] {processor.py:153} INFO - Started process (PID=312) to work on /home/airflow/.local/lib/python3.7/site-packages/airflow/example_dags/tutorial.py
[2023-05-25T04:38:55.510+0000] {processor.py:743} INFO - Processing file /home/airflow/.local/lib/python3.7/site-packages/airflow/example_dags/tutorial.py for tasks to queue
[2023-05-25T04:38:55.520+0000] {logging_mixin.py:137} INFO - [2023-05-25T04:38:55.520+0000] {dagbag.py:538} INFO - Filling up the DagBag from /home/airflow/.local/lib/python3.7/site-packages/airflow/example_dags/tutorial.py
[2023-05-25T04:38:55.564+0000] {processor.py:753} INFO - DAG(s) dict_keys(['tutorial']) retrieved from /home/airflow/.local/lib/python3.7/site-packages/airflow/example_dags/tutorial.py
[2023-05-25T04:38:55.683+0000] {logging_mixin.py:137} INFO - [2023-05-25T04:38:55.683+0000] {dag.py:2690} INFO - Sync 1 DAGs
[2023-05-25T04:38:55.816+0000] {logging_mixin.py:137} INFO - [2023-05-25T04:38:55.815+0000] {dag.py:3441} INFO - Setting next_dagrun for tutorial to 2023-05-24T04:38:55.815501+00:00, run_after=2023-05-25T04:38:55.815501+00:00
[2023-05-25T04:38:55.881+0000] {processor.py:175} INFO - Processing /home/airflow/.local/lib/python3.7/site-packages/airflow/example_dags/tutorial.py took 0.381 seconds
[2023-05-25T04:39:31.630+0000] {processor.py:153} INFO - Started process (PID=368) to work on /home/airflow/.local/lib/python3.7/site-packages/airflow/example_dags/tutorial.py
[2023-05-25T04:39:31.633+0000] {processor.py:743} INFO - Processing file /home/airflow/.local/lib/python3.7/site-packages/airflow/example_dags/tutorial.py for tasks to queue
[2023-05-25T04:39:31.639+0000] {logging_mixin.py:137} INFO - [2023-05-25T04:39:31.637+0000] {dagbag.py:538} INFO - Filling up the DagBag from /home/airflow/.local/lib/python3.7/site-packages/airflow/example_dags/tutorial.py
[2023-05-25T04:39:32.126+0000] {processor.py:753} INFO - DAG(s) dict_keys(['tutorial']) retrieved from /home/airflow/.local/lib/python3.7/site-packages/airflow/example_dags/tutorial.py
[2023-05-25T04:39:32.458+0000] {logging_mixin.py:137} INFO - [2023-05-25T04:39:32.446+0000] {dag.py:2690} INFO - Sync 1 DAGs
[2023-05-25T04:39:33.114+0000] {logging_mixin.py:137} INFO - [2023-05-25T04:39:33.114+0000] {dag.py:3441} INFO - Setting next_dagrun for tutorial to 2023-05-24T04:39:33.113686+00:00, run_after=2023-05-25T04:39:33.113686+00:00
[2023-05-25T04:39:33.265+0000] {processor.py:175} INFO - Processing /home/airflow/.local/lib/python3.7/site-packages/airflow/example_dags/tutorial.py took 1.640 seconds
[2023-05-25T04:42:08.448+0000] {processor.py:153} INFO - Started process (PID=63) to work on /home/airflow/.local/lib/python3.7/site-packages/airflow/example_dags/tutorial.py
[2023-05-25T04:42:08.467+0000] {processor.py:743} INFO - Processing file /home/airflow/.local/lib/python3.7/site-packages/airflow/example_dags/tutorial.py for tasks to queue
[2023-05-25T04:42:08.481+0000] {logging_mixin.py:137} INFO - [2023-05-25T04:42:08.477+0000] {dagbag.py:538} INFO - Filling up the DagBag from /home/airflow/.local/lib/python3.7/site-packages/airflow/example_dags/tutorial.py
[2023-05-25T04:42:08.625+0000] {processor.py:753} INFO - DAG(s) dict_keys(['tutorial']) retrieved from /home/airflow/.local/lib/python3.7/site-packages/airflow/example_dags/tutorial.py
[2023-05-25T04:42:08.810+0000] {logging_mixin.py:137} INFO - [2023-05-25T04:42:08.809+0000] {dag.py:2690} INFO - Sync 1 DAGs
[2023-05-25T04:42:09.104+0000] {logging_mixin.py:137} INFO - [2023-05-25T04:42:09.104+0000] {dag.py:3441} INFO - Setting next_dagrun for tutorial to 2023-05-24T04:42:09.103752+00:00, run_after=2023-05-25T04:42:09.103752+00:00
[2023-05-25T04:42:09.254+0000] {processor.py:175} INFO - Processing /home/airflow/.local/lib/python3.7/site-packages/airflow/example_dags/tutorial.py took 0.825 seconds
[2023-05-25T04:42:39.780+0000] {processor.py:153} INFO - Started process (PID=122) to work on /home/airflow/.local/lib/python3.7/site-packages/airflow/example_dags/tutorial.py
[2023-05-25T04:42:39.785+0000] {processor.py:743} INFO - Processing file /home/airflow/.local/lib/python3.7/site-packages/airflow/example_dags/tutorial.py for tasks to queue
[2023-05-25T04:42:39.790+0000] {logging_mixin.py:137} INFO - [2023-05-25T04:42:39.788+0000] {dagbag.py:538} INFO - Filling up the DagBag from /home/airflow/.local/lib/python3.7/site-packages/airflow/example_dags/tutorial.py
[2023-05-25T04:42:39.849+0000] {processor.py:753} INFO - DAG(s) dict_keys(['tutorial']) retrieved from /home/airflow/.local/lib/python3.7/site-packages/airflow/example_dags/tutorial.py
[2023-05-25T04:42:39.944+0000] {logging_mixin.py:137} INFO - [2023-05-25T04:42:39.944+0000] {dag.py:2690} INFO - Sync 1 DAGs
[2023-05-25T04:42:40.033+0000] {logging_mixin.py:137} INFO - [2023-05-25T04:42:40.033+0000] {dag.py:3441} INFO - Setting next_dagrun for tutorial to 2023-05-24T04:42:40.032837+00:00, run_after=2023-05-25T04:42:40.032837+00:00
[2023-05-25T04:42:40.085+0000] {processor.py:175} INFO - Processing /home/airflow/.local/lib/python3.7/site-packages/airflow/example_dags/tutorial.py took 0.311 seconds
[2023-05-25T04:43:11.622+0000] {processor.py:153} INFO - Started process (PID=181) to work on /home/airflow/.local/lib/python3.7/site-packages/airflow/example_dags/tutorial.py
[2023-05-25T04:43:11.629+0000] {processor.py:743} INFO - Processing file /home/airflow/.local/lib/python3.7/site-packages/airflow/example_dags/tutorial.py for tasks to queue
[2023-05-25T04:43:11.632+0000] {logging_mixin.py:137} INFO - [2023-05-25T04:43:11.632+0000] {dagbag.py:538} INFO - Filling up the DagBag from /home/airflow/.local/lib/python3.7/site-packages/airflow/example_dags/tutorial.py
[2023-05-25T04:43:11.697+0000] {processor.py:753} INFO - DAG(s) dict_keys(['tutorial']) retrieved from /home/airflow/.local/lib/python3.7/site-packages/airflow/example_dags/tutorial.py
[2023-05-25T04:43:11.759+0000] {logging_mixin.py:137} INFO - [2023-05-25T04:43:11.759+0000] {dag.py:2690} INFO - Sync 1 DAGs
[2023-05-25T04:43:11.835+0000] {logging_mixin.py:137} INFO - [2023-05-25T04:43:11.835+0000] {dag.py:3441} INFO - Setting next_dagrun for tutorial to 2023-05-24T04:43:11.833198+00:00, run_after=2023-05-25T04:43:11.833198+00:00
[2023-05-25T04:43:11.880+0000] {processor.py:175} INFO - Processing /home/airflow/.local/lib/python3.7/site-packages/airflow/example_dags/tutorial.py took 0.284 seconds
[2023-05-25T04:43:43.206+0000] {processor.py:153} INFO - Started process (PID=240) to work on /home/airflow/.local/lib/python3.7/site-packages/airflow/example_dags/tutorial.py
[2023-05-25T04:43:43.212+0000] {processor.py:743} INFO - Processing file /home/airflow/.local/lib/python3.7/site-packages/airflow/example_dags/tutorial.py for tasks to queue
[2023-05-25T04:43:43.220+0000] {logging_mixin.py:137} INFO - [2023-05-25T04:43:43.219+0000] {dagbag.py:538} INFO - Filling up the DagBag from /home/airflow/.local/lib/python3.7/site-packages/airflow/example_dags/tutorial.py
[2023-05-25T04:43:43.269+0000] {processor.py:753} INFO - DAG(s) dict_keys(['tutorial']) retrieved from /home/airflow/.local/lib/python3.7/site-packages/airflow/example_dags/tutorial.py
[2023-05-25T04:43:43.339+0000] {logging_mixin.py:137} INFO - [2023-05-25T04:43:43.339+0000] {dag.py:2690} INFO - Sync 1 DAGs
[2023-05-25T04:43:43.428+0000] {logging_mixin.py:137} INFO - [2023-05-25T04:43:43.428+0000] {dag.py:3441} INFO - Setting next_dagrun for tutorial to 2023-05-24T04:43:43.427955+00:00, run_after=2023-05-25T04:43:43.427955+00:00
[2023-05-25T04:43:43.608+0000] {processor.py:175} INFO - Processing /home/airflow/.local/lib/python3.7/site-packages/airflow/example_dags/tutorial.py took 0.417 seconds
[2023-05-25T04:44:14.810+0000] {processor.py:153} INFO - Started process (PID=301) to work on /home/airflow/.local/lib/python3.7/site-packages/airflow/example_dags/tutorial.py
[2023-05-25T04:44:14.818+0000] {processor.py:743} INFO - Processing file /home/airflow/.local/lib/python3.7/site-packages/airflow/example_dags/tutorial.py for tasks to queue
[2023-05-25T04:44:14.820+0000] {logging_mixin.py:137} INFO - [2023-05-25T04:44:14.820+0000] {dagbag.py:538} INFO - Filling up the DagBag from /home/airflow/.local/lib/python3.7/site-packages/airflow/example_dags/tutorial.py
[2023-05-25T04:44:14.884+0000] {processor.py:753} INFO - DAG(s) dict_keys(['tutorial']) retrieved from /home/airflow/.local/lib/python3.7/site-packages/airflow/example_dags/tutorial.py
[2023-05-25T04:44:14.989+0000] {logging_mixin.py:137} INFO - [2023-05-25T04:44:14.989+0000] {dag.py:2690} INFO - Sync 1 DAGs
[2023-05-25T04:44:15.121+0000] {logging_mixin.py:137} INFO - [2023-05-25T04:44:15.121+0000] {dag.py:3441} INFO - Setting next_dagrun for tutorial to 2023-05-24T04:44:15.120654+00:00, run_after=2023-05-25T04:44:15.120654+00:00
[2023-05-25T04:44:15.313+0000] {processor.py:175} INFO - Processing /home/airflow/.local/lib/python3.7/site-packages/airflow/example_dags/tutorial.py took 0.507 seconds
[2023-05-25T04:44:46.013+0000] {processor.py:153} INFO - Started process (PID=371) to work on /home/airflow/.local/lib/python3.7/site-packages/airflow/example_dags/tutorial.py
[2023-05-25T04:44:46.018+0000] {processor.py:743} INFO - Processing file /home/airflow/.local/lib/python3.7/site-packages/airflow/example_dags/tutorial.py for tasks to queue
[2023-05-25T04:44:46.023+0000] {logging_mixin.py:137} INFO - [2023-05-25T04:44:46.022+0000] {dagbag.py:538} INFO - Filling up the DagBag from /home/airflow/.local/lib/python3.7/site-packages/airflow/example_dags/tutorial.py
[2023-05-25T04:44:46.122+0000] {processor.py:753} INFO - DAG(s) dict_keys(['tutorial']) retrieved from /home/airflow/.local/lib/python3.7/site-packages/airflow/example_dags/tutorial.py
[2023-05-25T04:44:46.231+0000] {logging_mixin.py:137} INFO - [2023-05-25T04:44:46.230+0000] {dag.py:2690} INFO - Sync 1 DAGs
[2023-05-25T04:44:46.311+0000] {logging_mixin.py:137} INFO - [2023-05-25T04:44:46.311+0000] {dag.py:3441} INFO - Setting next_dagrun for tutorial to 2023-05-24T04:44:46.310673+00:00, run_after=2023-05-25T04:44:46.310673+00:00
[2023-05-25T04:44:46.353+0000] {processor.py:175} INFO - Processing /home/airflow/.local/lib/python3.7/site-packages/airflow/example_dags/tutorial.py took 0.358 seconds
[2023-05-25T04:45:17.332+0000] {processor.py:153} INFO - Started process (PID=432) to work on /home/airflow/.local/lib/python3.7/site-packages/airflow/example_dags/tutorial.py
[2023-05-25T04:45:17.345+0000] {processor.py:743} INFO - Processing file /home/airflow/.local/lib/python3.7/site-packages/airflow/example_dags/tutorial.py for tasks to queue
[2023-05-25T04:45:17.356+0000] {logging_mixin.py:137} INFO - [2023-05-25T04:45:17.354+0000] {dagbag.py:538} INFO - Filling up the DagBag from /home/airflow/.local/lib/python3.7/site-packages/airflow/example_dags/tutorial.py
[2023-05-25T04:45:17.461+0000] {processor.py:753} INFO - DAG(s) dict_keys(['tutorial']) retrieved from /home/airflow/.local/lib/python3.7/site-packages/airflow/example_dags/tutorial.py
[2023-05-25T04:45:17.598+0000] {logging_mixin.py:137} INFO - [2023-05-25T04:45:17.598+0000] {dag.py:2690} INFO - Sync 1 DAGs
[2023-05-25T04:45:17.666+0000] {logging_mixin.py:137} INFO - [2023-05-25T04:45:17.666+0000] {dag.py:3441} INFO - Setting next_dagrun for tutorial to 2023-05-24T04:45:17.666064+00:00, run_after=2023-05-25T04:45:17.666064+00:00
[2023-05-25T04:45:17.726+0000] {processor.py:175} INFO - Processing /home/airflow/.local/lib/python3.7/site-packages/airflow/example_dags/tutorial.py took 0.408 seconds
[2023-05-25T04:45:48.604+0000] {processor.py:153} INFO - Started process (PID=483) to work on /home/airflow/.local/lib/python3.7/site-packages/airflow/example_dags/tutorial.py
[2023-05-25T04:45:48.610+0000] {processor.py:743} INFO - Processing file /home/airflow/.local/lib/python3.7/site-packages/airflow/example_dags/tutorial.py for tasks to queue
[2023-05-25T04:45:48.614+0000] {logging_mixin.py:137} INFO - [2023-05-25T04:45:48.614+0000] {dagbag.py:538} INFO - Filling up the DagBag from /home/airflow/.local/lib/python3.7/site-packages/airflow/example_dags/tutorial.py
[2023-05-25T04:45:48.698+0000] {processor.py:753} INFO - DAG(s) dict_keys(['tutorial']) retrieved from /home/airflow/.local/lib/python3.7/site-packages/airflow/example_dags/tutorial.py
[2023-05-25T04:45:48.824+0000] {logging_mixin.py:137} INFO - [2023-05-25T04:45:48.824+0000] {dag.py:2690} INFO - Sync 1 DAGs
[2023-05-25T04:45:48.907+0000] {logging_mixin.py:137} INFO - [2023-05-25T04:45:48.907+0000] {dag.py:3441} INFO - Setting next_dagrun for tutorial to 2023-05-24T04:45:48.907103+00:00, run_after=2023-05-25T04:45:48.907103+00:00
[2023-05-25T04:45:49.040+0000] {processor.py:175} INFO - Processing /home/airflow/.local/lib/python3.7/site-packages/airflow/example_dags/tutorial.py took 0.465 seconds
[2023-05-25T04:46:19.509+0000] {processor.py:153} INFO - Started process (PID=555) to work on /home/airflow/.local/lib/python3.7/site-packages/airflow/example_dags/tutorial.py
[2023-05-25T04:46:19.519+0000] {processor.py:743} INFO - Processing file /home/airflow/.local/lib/python3.7/site-packages/airflow/example_dags/tutorial.py for tasks to queue
[2023-05-25T04:46:19.522+0000] {logging_mixin.py:137} INFO - [2023-05-25T04:46:19.521+0000] {dagbag.py:538} INFO - Filling up the DagBag from /home/airflow/.local/lib/python3.7/site-packages/airflow/example_dags/tutorial.py
[2023-05-25T04:46:19.571+0000] {processor.py:753} INFO - DAG(s) dict_keys(['tutorial']) retrieved from /home/airflow/.local/lib/python3.7/site-packages/airflow/example_dags/tutorial.py
[2023-05-25T04:46:19.659+0000] {logging_mixin.py:137} INFO - [2023-05-25T04:46:19.659+0000] {dag.py:2690} INFO - Sync 1 DAGs
[2023-05-25T04:46:19.727+0000] {logging_mixin.py:137} INFO - [2023-05-25T04:46:19.727+0000] {dag.py:3441} INFO - Setting next_dagrun for tutorial to 2023-05-24T04:46:19.727213+00:00, run_after=2023-05-25T04:46:19.727213+00:00
[2023-05-25T04:46:19.776+0000] {processor.py:175} INFO - Processing /home/airflow/.local/lib/python3.7/site-packages/airflow/example_dags/tutorial.py took 0.275 seconds
[2023-05-25T04:46:50.176+0000] {processor.py:153} INFO - Started process (PID=615) to work on /home/airflow/.local/lib/python3.7/site-packages/airflow/example_dags/tutorial.py
[2023-05-25T04:46:50.186+0000] {processor.py:743} INFO - Processing file /home/airflow/.local/lib/python3.7/site-packages/airflow/example_dags/tutorial.py for tasks to queue
[2023-05-25T04:46:50.189+0000] {logging_mixin.py:137} INFO - [2023-05-25T04:46:50.189+0000] {dagbag.py:538} INFO - Filling up the DagBag from /home/airflow/.local/lib/python3.7/site-packages/airflow/example_dags/tutorial.py
[2023-05-25T04:46:50.214+0000] {processor.py:753} INFO - DAG(s) dict_keys(['tutorial']) retrieved from /home/airflow/.local/lib/python3.7/site-packages/airflow/example_dags/tutorial.py
[2023-05-25T04:46:50.276+0000] {logging_mixin.py:137} INFO - [2023-05-25T04:46:50.276+0000] {dag.py:2690} INFO - Sync 1 DAGs
[2023-05-25T04:46:50.319+0000] {logging_mixin.py:137} INFO - [2023-05-25T04:46:50.319+0000] {dag.py:3441} INFO - Setting next_dagrun for tutorial to 2023-05-24T04:46:50.319372+00:00, run_after=2023-05-25T04:46:50.319372+00:00
[2023-05-25T04:46:50.351+0000] {processor.py:175} INFO - Processing /home/airflow/.local/lib/python3.7/site-packages/airflow/example_dags/tutorial.py took 0.185 seconds
[2023-05-25T04:47:40.080+0000] {processor.py:153} INFO - Started process (PID=674) to work on /home/airflow/.local/lib/python3.7/site-packages/airflow/example_dags/tutorial.py
[2023-05-25T04:47:40.089+0000] {processor.py:743} INFO - Processing file /home/airflow/.local/lib/python3.7/site-packages/airflow/example_dags/tutorial.py for tasks to queue
[2023-05-25T04:47:40.098+0000] {logging_mixin.py:137} INFO - [2023-05-25T04:47:40.096+0000] {dagbag.py:538} INFO - Filling up the DagBag from /home/airflow/.local/lib/python3.7/site-packages/airflow/example_dags/tutorial.py
[2023-05-25T04:47:40.155+0000] {processor.py:753} INFO - DAG(s) dict_keys(['tutorial']) retrieved from /home/airflow/.local/lib/python3.7/site-packages/airflow/example_dags/tutorial.py
[2023-05-25T04:47:40.239+0000] {logging_mixin.py:137} INFO - [2023-05-25T04:47:40.239+0000] {dag.py:2690} INFO - Sync 1 DAGs
[2023-05-25T04:47:40.355+0000] {logging_mixin.py:137} INFO - [2023-05-25T04:47:40.355+0000] {dag.py:3441} INFO - Setting next_dagrun for tutorial to 2023-05-24T04:47:40.354423+00:00, run_after=2023-05-25T04:47:40.354423+00:00
[2023-05-25T04:47:40.438+0000] {processor.py:175} INFO - Processing /home/airflow/.local/lib/python3.7/site-packages/airflow/example_dags/tutorial.py took 0.364 seconds
[2023-05-25T04:48:11.235+0000] {processor.py:153} INFO - Started process (PID=735) to work on /home/airflow/.local/lib/python3.7/site-packages/airflow/example_dags/tutorial.py
[2023-05-25T04:48:11.239+0000] {processor.py:743} INFO - Processing file /home/airflow/.local/lib/python3.7/site-packages/airflow/example_dags/tutorial.py for tasks to queue
[2023-05-25T04:48:11.244+0000] {logging_mixin.py:137} INFO - [2023-05-25T04:48:11.242+0000] {dagbag.py:538} INFO - Filling up the DagBag from /home/airflow/.local/lib/python3.7/site-packages/airflow/example_dags/tutorial.py
[2023-05-25T04:48:11.290+0000] {processor.py:753} INFO - DAG(s) dict_keys(['tutorial']) retrieved from /home/airflow/.local/lib/python3.7/site-packages/airflow/example_dags/tutorial.py
[2023-05-25T04:48:11.361+0000] {logging_mixin.py:137} INFO - [2023-05-25T04:48:11.361+0000] {dag.py:2690} INFO - Sync 1 DAGs
[2023-05-25T04:48:11.431+0000] {logging_mixin.py:137} INFO - [2023-05-25T04:48:11.430+0000] {dag.py:3441} INFO - Setting next_dagrun for tutorial to 2023-05-24T04:48:11.430568+00:00, run_after=2023-05-25T04:48:11.430568+00:00
[2023-05-25T04:48:11.488+0000] {processor.py:175} INFO - Processing /home/airflow/.local/lib/python3.7/site-packages/airflow/example_dags/tutorial.py took 0.262 seconds
[2023-05-25T04:48:41.760+0000] {processor.py:153} INFO - Started process (PID=799) to work on /home/airflow/.local/lib/python3.7/site-packages/airflow/example_dags/tutorial.py
[2023-05-25T04:48:41.763+0000] {processor.py:743} INFO - Processing file /home/airflow/.local/lib/python3.7/site-packages/airflow/example_dags/tutorial.py for tasks to queue
[2023-05-25T04:48:41.765+0000] {logging_mixin.py:137} INFO - [2023-05-25T04:48:41.765+0000] {dagbag.py:538} INFO - Filling up the DagBag from /home/airflow/.local/lib/python3.7/site-packages/airflow/example_dags/tutorial.py
[2023-05-25T04:48:41.819+0000] {processor.py:753} INFO - DAG(s) dict_keys(['tutorial']) retrieved from /home/airflow/.local/lib/python3.7/site-packages/airflow/example_dags/tutorial.py
[2023-05-25T04:48:41.971+0000] {logging_mixin.py:137} INFO - [2023-05-25T04:48:41.970+0000] {dag.py:2690} INFO - Sync 1 DAGs
[2023-05-25T04:48:42.225+0000] {logging_mixin.py:137} INFO - [2023-05-25T04:48:42.225+0000] {dag.py:3441} INFO - Setting next_dagrun for tutorial to 2023-05-24T04:48:42.224579+00:00, run_after=2023-05-25T04:48:42.224579+00:00
[2023-05-25T04:48:42.318+0000] {processor.py:175} INFO - Processing /home/airflow/.local/lib/python3.7/site-packages/airflow/example_dags/tutorial.py took 0.582 seconds
[2023-05-25T04:49:13.308+0000] {processor.py:153} INFO - Started process (PID=859) to work on /home/airflow/.local/lib/python3.7/site-packages/airflow/example_dags/tutorial.py
[2023-05-25T04:49:13.317+0000] {processor.py:743} INFO - Processing file /home/airflow/.local/lib/python3.7/site-packages/airflow/example_dags/tutorial.py for tasks to queue
[2023-05-25T04:49:13.323+0000] {logging_mixin.py:137} INFO - [2023-05-25T04:49:13.323+0000] {dagbag.py:538} INFO - Filling up the DagBag from /home/airflow/.local/lib/python3.7/site-packages/airflow/example_dags/tutorial.py
[2023-05-25T04:49:13.455+0000] {processor.py:753} INFO - DAG(s) dict_keys(['tutorial']) retrieved from /home/airflow/.local/lib/python3.7/site-packages/airflow/example_dags/tutorial.py
[2023-05-25T04:49:13.577+0000] {logging_mixin.py:137} INFO - [2023-05-25T04:49:13.576+0000] {dag.py:2690} INFO - Sync 1 DAGs
[2023-05-25T04:49:13.714+0000] {logging_mixin.py:137} INFO - [2023-05-25T04:49:13.714+0000] {dag.py:3441} INFO - Setting next_dagrun for tutorial to 2023-05-24T04:49:13.713605+00:00, run_after=2023-05-25T04:49:13.713605+00:00
[2023-05-25T04:49:13.799+0000] {processor.py:175} INFO - Processing /home/airflow/.local/lib/python3.7/site-packages/airflow/example_dags/tutorial.py took 0.521 seconds
[2023-05-25T04:49:44.586+0000] {processor.py:153} INFO - Started process (PID=919) to work on /home/airflow/.local/lib/python3.7/site-packages/airflow/example_dags/tutorial.py
[2023-05-25T04:49:44.589+0000] {processor.py:743} INFO - Processing file /home/airflow/.local/lib/python3.7/site-packages/airflow/example_dags/tutorial.py for tasks to queue
[2023-05-25T04:49:44.594+0000] {logging_mixin.py:137} INFO - [2023-05-25T04:49:44.593+0000] {dagbag.py:538} INFO - Filling up the DagBag from /home/airflow/.local/lib/python3.7/site-packages/airflow/example_dags/tutorial.py
[2023-05-25T04:49:44.653+0000] {processor.py:753} INFO - DAG(s) dict_keys(['tutorial']) retrieved from /home/airflow/.local/lib/python3.7/site-packages/airflow/example_dags/tutorial.py
[2023-05-25T04:49:44.706+0000] {logging_mixin.py:137} INFO - [2023-05-25T04:49:44.705+0000] {dag.py:2690} INFO - Sync 1 DAGs
[2023-05-25T04:49:44.801+0000] {logging_mixin.py:137} INFO - [2023-05-25T04:49:44.801+0000] {dag.py:3441} INFO - Setting next_dagrun for tutorial to 2023-05-24T04:49:44.801365+00:00, run_after=2023-05-25T04:49:44.801365+00:00
[2023-05-25T04:49:44.880+0000] {processor.py:175} INFO - Processing /home/airflow/.local/lib/python3.7/site-packages/airflow/example_dags/tutorial.py took 0.309 seconds
[2023-05-25T04:50:15.283+0000] {processor.py:153} INFO - Started process (PID=990) to work on /home/airflow/.local/lib/python3.7/site-packages/airflow/example_dags/tutorial.py
[2023-05-25T04:50:15.292+0000] {processor.py:743} INFO - Processing file /home/airflow/.local/lib/python3.7/site-packages/airflow/example_dags/tutorial.py for tasks to queue
[2023-05-25T04:50:15.296+0000] {logging_mixin.py:137} INFO - [2023-05-25T04:50:15.295+0000] {dagbag.py:538} INFO - Filling up the DagBag from /home/airflow/.local/lib/python3.7/site-packages/airflow/example_dags/tutorial.py
[2023-05-25T04:50:15.349+0000] {processor.py:753} INFO - DAG(s) dict_keys(['tutorial']) retrieved from /home/airflow/.local/lib/python3.7/site-packages/airflow/example_dags/tutorial.py
[2023-05-25T04:50:15.440+0000] {logging_mixin.py:137} INFO - [2023-05-25T04:50:15.440+0000] {dag.py:2690} INFO - Sync 1 DAGs
[2023-05-25T04:50:15.525+0000] {logging_mixin.py:137} INFO - [2023-05-25T04:50:15.525+0000] {dag.py:3441} INFO - Setting next_dagrun for tutorial to 2023-05-24T04:50:15.524910+00:00, run_after=2023-05-25T04:50:15.524910+00:00
[2023-05-25T04:50:15.646+0000] {processor.py:175} INFO - Processing /home/airflow/.local/lib/python3.7/site-packages/airflow/example_dags/tutorial.py took 0.389 seconds
[2023-05-25T04:50:46.406+0000] {processor.py:153} INFO - Started process (PID=1041) to work on /home/airflow/.local/lib/python3.7/site-packages/airflow/example_dags/tutorial.py
[2023-05-25T04:50:46.409+0000] {processor.py:743} INFO - Processing file /home/airflow/.local/lib/python3.7/site-packages/airflow/example_dags/tutorial.py for tasks to queue
[2023-05-25T04:50:46.414+0000] {logging_mixin.py:137} INFO - [2023-05-25T04:50:46.414+0000] {dagbag.py:538} INFO - Filling up the DagBag from /home/airflow/.local/lib/python3.7/site-packages/airflow/example_dags/tutorial.py
[2023-05-25T04:50:46.509+0000] {processor.py:753} INFO - DAG(s) dict_keys(['tutorial']) retrieved from /home/airflow/.local/lib/python3.7/site-packages/airflow/example_dags/tutorial.py
[2023-05-25T04:50:46.754+0000] {logging_mixin.py:137} INFO - [2023-05-25T04:50:46.754+0000] {dag.py:2690} INFO - Sync 1 DAGs
[2023-05-25T04:50:46.927+0000] {logging_mixin.py:137} INFO - [2023-05-25T04:50:46.927+0000] {dag.py:3441} INFO - Setting next_dagrun for tutorial to 2023-05-24T04:50:46.927218+00:00, run_after=2023-05-25T04:50:46.927218+00:00
[2023-05-25T04:50:47.060+0000] {processor.py:175} INFO - Processing /home/airflow/.local/lib/python3.7/site-packages/airflow/example_dags/tutorial.py took 0.669 seconds
[2023-05-25T04:51:18.895+0000] {processor.py:153} INFO - Started process (PID=1102) to work on /home/airflow/.local/lib/python3.7/site-packages/airflow/example_dags/tutorial.py
[2023-05-25T04:51:18.920+0000] {processor.py:743} INFO - Processing file /home/airflow/.local/lib/python3.7/site-packages/airflow/example_dags/tutorial.py for tasks to queue
[2023-05-25T04:51:18.923+0000] {logging_mixin.py:137} INFO - [2023-05-25T04:51:18.922+0000] {dagbag.py:538} INFO - Filling up the DagBag from /home/airflow/.local/lib/python3.7/site-packages/airflow/example_dags/tutorial.py
[2023-05-25T04:51:18.984+0000] {processor.py:753} INFO - DAG(s) dict_keys(['tutorial']) retrieved from /home/airflow/.local/lib/python3.7/site-packages/airflow/example_dags/tutorial.py
[2023-05-25T04:51:19.134+0000] {logging_mixin.py:137} INFO - [2023-05-25T04:51:19.133+0000] {dag.py:2690} INFO - Sync 1 DAGs
[2023-05-25T04:51:19.272+0000] {logging_mixin.py:137} INFO - [2023-05-25T04:51:19.272+0000] {dag.py:3441} INFO - Setting next_dagrun for tutorial to 2023-05-24T04:51:19.272106+00:00, run_after=2023-05-25T04:51:19.272106+00:00
[2023-05-25T04:51:19.406+0000] {processor.py:175} INFO - Processing /home/airflow/.local/lib/python3.7/site-packages/airflow/example_dags/tutorial.py took 0.522 seconds
[2023-05-25T04:51:51.598+0000] {processor.py:153} INFO - Started process (PID=1158) to work on /home/airflow/.local/lib/python3.7/site-packages/airflow/example_dags/tutorial.py
[2023-05-25T04:51:51.621+0000] {processor.py:743} INFO - Processing file /home/airflow/.local/lib/python3.7/site-packages/airflow/example_dags/tutorial.py for tasks to queue
[2023-05-25T04:51:51.634+0000] {logging_mixin.py:137} INFO - [2023-05-25T04:51:51.633+0000] {dagbag.py:538} INFO - Filling up the DagBag from /home/airflow/.local/lib/python3.7/site-packages/airflow/example_dags/tutorial.py
[2023-05-25T04:51:51.811+0000] {processor.py:753} INFO - DAG(s) dict_keys(['tutorial']) retrieved from /home/airflow/.local/lib/python3.7/site-packages/airflow/example_dags/tutorial.py
[2023-05-25T04:51:51.876+0000] {logging_mixin.py:137} INFO - [2023-05-25T04:51:51.876+0000] {dag.py:2690} INFO - Sync 1 DAGs
[2023-05-25T04:51:52.009+0000] {logging_mixin.py:137} INFO - [2023-05-25T04:51:52.009+0000] {dag.py:3441} INFO - Setting next_dagrun for tutorial to 2023-05-24T04:51:52.009345+00:00, run_after=2023-05-25T04:51:52.009345+00:00
[2023-05-25T04:51:52.171+0000] {processor.py:175} INFO - Processing /home/airflow/.local/lib/python3.7/site-packages/airflow/example_dags/tutorial.py took 0.623 seconds
[2023-05-25T04:52:22.555+0000] {processor.py:153} INFO - Started process (PID=1211) to work on /home/airflow/.local/lib/python3.7/site-packages/airflow/example_dags/tutorial.py
[2023-05-25T04:52:22.557+0000] {processor.py:743} INFO - Processing file /home/airflow/.local/lib/python3.7/site-packages/airflow/example_dags/tutorial.py for tasks to queue
[2023-05-25T04:52:22.560+0000] {logging_mixin.py:137} INFO - [2023-05-25T04:52:22.559+0000] {dagbag.py:538} INFO - Filling up the DagBag from /home/airflow/.local/lib/python3.7/site-packages/airflow/example_dags/tutorial.py
[2023-05-25T04:52:22.593+0000] {processor.py:753} INFO - DAG(s) dict_keys(['tutorial']) retrieved from /home/airflow/.local/lib/python3.7/site-packages/airflow/example_dags/tutorial.py
[2023-05-25T04:52:22.656+0000] {logging_mixin.py:137} INFO - [2023-05-25T04:52:22.655+0000] {dag.py:2690} INFO - Sync 1 DAGs
[2023-05-25T04:52:22.709+0000] {logging_mixin.py:137} INFO - [2023-05-25T04:52:22.709+0000] {dag.py:3441} INFO - Setting next_dagrun for tutorial to 2023-05-24T04:52:22.709154+00:00, run_after=2023-05-25T04:52:22.709154+00:00
[2023-05-25T04:52:22.747+0000] {processor.py:175} INFO - Processing /home/airflow/.local/lib/python3.7/site-packages/airflow/example_dags/tutorial.py took 0.202 seconds
[2023-05-25T04:52:52.926+0000] {processor.py:153} INFO - Started process (PID=1271) to work on /home/airflow/.local/lib/python3.7/site-packages/airflow/example_dags/tutorial.py
[2023-05-25T04:52:52.928+0000] {processor.py:743} INFO - Processing file /home/airflow/.local/lib/python3.7/site-packages/airflow/example_dags/tutorial.py for tasks to queue
[2023-05-25T04:52:52.930+0000] {logging_mixin.py:137} INFO - [2023-05-25T04:52:52.930+0000] {dagbag.py:538} INFO - Filling up the DagBag from /home/airflow/.local/lib/python3.7/site-packages/airflow/example_dags/tutorial.py
[2023-05-25T04:52:52.985+0000] {processor.py:753} INFO - DAG(s) dict_keys(['tutorial']) retrieved from /home/airflow/.local/lib/python3.7/site-packages/airflow/example_dags/tutorial.py
[2023-05-25T04:52:53.054+0000] {logging_mixin.py:137} INFO - [2023-05-25T04:52:53.053+0000] {dag.py:2690} INFO - Sync 1 DAGs
[2023-05-25T04:52:53.109+0000] {logging_mixin.py:137} INFO - [2023-05-25T04:52:53.108+0000] {dag.py:3441} INFO - Setting next_dagrun for tutorial to 2023-05-24T04:52:53.108055+00:00, run_after=2023-05-25T04:52:53.108055+00:00
[2023-05-25T04:52:53.145+0000] {processor.py:175} INFO - Processing /home/airflow/.local/lib/python3.7/site-packages/airflow/example_dags/tutorial.py took 0.226 seconds
[2023-05-25T04:53:23.856+0000] {processor.py:153} INFO - Started process (PID=1332) to work on /home/airflow/.local/lib/python3.7/site-packages/airflow/example_dags/tutorial.py
[2023-05-25T04:53:23.868+0000] {processor.py:743} INFO - Processing file /home/airflow/.local/lib/python3.7/site-packages/airflow/example_dags/tutorial.py for tasks to queue
[2023-05-25T04:53:23.871+0000] {logging_mixin.py:137} INFO - [2023-05-25T04:53:23.871+0000] {dagbag.py:538} INFO - Filling up the DagBag from /home/airflow/.local/lib/python3.7/site-packages/airflow/example_dags/tutorial.py
[2023-05-25T04:53:23.902+0000] {processor.py:753} INFO - DAG(s) dict_keys(['tutorial']) retrieved from /home/airflow/.local/lib/python3.7/site-packages/airflow/example_dags/tutorial.py
[2023-05-25T04:53:23.938+0000] {logging_mixin.py:137} INFO - [2023-05-25T04:53:23.937+0000] {dag.py:2690} INFO - Sync 1 DAGs
[2023-05-25T04:53:23.983+0000] {logging_mixin.py:137} INFO - [2023-05-25T04:53:23.983+0000] {dag.py:3441} INFO - Setting next_dagrun for tutorial to 2023-05-24T04:53:23.982645+00:00, run_after=2023-05-25T04:53:23.982645+00:00
[2023-05-25T04:53:24.013+0000] {processor.py:175} INFO - Processing /home/airflow/.local/lib/python3.7/site-packages/airflow/example_dags/tutorial.py took 0.162 seconds
[2023-05-25T04:53:54.189+0000] {processor.py:153} INFO - Started process (PID=1391) to work on /home/airflow/.local/lib/python3.7/site-packages/airflow/example_dags/tutorial.py
[2023-05-25T04:53:54.192+0000] {processor.py:743} INFO - Processing file /home/airflow/.local/lib/python3.7/site-packages/airflow/example_dags/tutorial.py for tasks to queue
[2023-05-25T04:53:54.197+0000] {logging_mixin.py:137} INFO - [2023-05-25T04:53:54.197+0000] {dagbag.py:538} INFO - Filling up the DagBag from /home/airflow/.local/lib/python3.7/site-packages/airflow/example_dags/tutorial.py
[2023-05-25T04:53:54.226+0000] {processor.py:753} INFO - DAG(s) dict_keys(['tutorial']) retrieved from /home/airflow/.local/lib/python3.7/site-packages/airflow/example_dags/tutorial.py
[2023-05-25T04:53:54.274+0000] {logging_mixin.py:137} INFO - [2023-05-25T04:53:54.274+0000] {dag.py:2690} INFO - Sync 1 DAGs
[2023-05-25T04:53:54.377+0000] {logging_mixin.py:137} INFO - [2023-05-25T04:53:54.377+0000] {dag.py:3441} INFO - Setting next_dagrun for tutorial to 2023-05-24T04:53:54.376699+00:00, run_after=2023-05-25T04:53:54.376699+00:00
[2023-05-25T04:53:54.437+0000] {processor.py:175} INFO - Processing /home/airflow/.local/lib/python3.7/site-packages/airflow/example_dags/tutorial.py took 0.256 seconds
[2023-05-25T04:54:25.755+0000] {processor.py:153} INFO - Started process (PID=1451) to work on /home/airflow/.local/lib/python3.7/site-packages/airflow/example_dags/tutorial.py
[2023-05-25T04:54:25.762+0000] {processor.py:743} INFO - Processing file /home/airflow/.local/lib/python3.7/site-packages/airflow/example_dags/tutorial.py for tasks to queue
[2023-05-25T04:54:25.766+0000] {logging_mixin.py:137} INFO - [2023-05-25T04:54:25.765+0000] {dagbag.py:538} INFO - Filling up the DagBag from /home/airflow/.local/lib/python3.7/site-packages/airflow/example_dags/tutorial.py
[2023-05-25T04:54:25.798+0000] {processor.py:753} INFO - DAG(s) dict_keys(['tutorial']) retrieved from /home/airflow/.local/lib/python3.7/site-packages/airflow/example_dags/tutorial.py
[2023-05-25T04:54:25.910+0000] {logging_mixin.py:137} INFO - [2023-05-25T04:54:25.910+0000] {dag.py:2690} INFO - Sync 1 DAGs
[2023-05-25T04:54:25.979+0000] {logging_mixin.py:137} INFO - [2023-05-25T04:54:25.978+0000] {dag.py:3441} INFO - Setting next_dagrun for tutorial to 2023-05-24T04:54:25.978010+00:00, run_after=2023-05-25T04:54:25.978010+00:00
[2023-05-25T04:54:26.065+0000] {processor.py:175} INFO - Processing /home/airflow/.local/lib/python3.7/site-packages/airflow/example_dags/tutorial.py took 0.318 seconds
[2023-05-25T04:54:56.598+0000] {processor.py:153} INFO - Started process (PID=1510) to work on /home/airflow/.local/lib/python3.7/site-packages/airflow/example_dags/tutorial.py
[2023-05-25T04:54:56.612+0000] {processor.py:743} INFO - Processing file /home/airflow/.local/lib/python3.7/site-packages/airflow/example_dags/tutorial.py for tasks to queue
[2023-05-25T04:54:56.619+0000] {logging_mixin.py:137} INFO - [2023-05-25T04:54:56.618+0000] {dagbag.py:538} INFO - Filling up the DagBag from /home/airflow/.local/lib/python3.7/site-packages/airflow/example_dags/tutorial.py
[2023-05-25T04:54:56.830+0000] {processor.py:753} INFO - DAG(s) dict_keys(['tutorial']) retrieved from /home/airflow/.local/lib/python3.7/site-packages/airflow/example_dags/tutorial.py
[2023-05-25T04:54:56.927+0000] {logging_mixin.py:137} INFO - [2023-05-25T04:54:56.926+0000] {dag.py:2690} INFO - Sync 1 DAGs
[2023-05-25T04:54:57.063+0000] {logging_mixin.py:137} INFO - [2023-05-25T04:54:57.063+0000] {dag.py:3441} INFO - Setting next_dagrun for tutorial to 2023-05-24T04:54:57.060878+00:00, run_after=2023-05-25T04:54:57.060878+00:00
[2023-05-25T04:54:57.173+0000] {processor.py:175} INFO - Processing /home/airflow/.local/lib/python3.7/site-packages/airflow/example_dags/tutorial.py took 0.686 seconds
[2023-05-25T04:55:27.583+0000] {processor.py:153} INFO - Started process (PID=1571) to work on /home/airflow/.local/lib/python3.7/site-packages/airflow/example_dags/tutorial.py
[2023-05-25T04:55:27.590+0000] {processor.py:743} INFO - Processing file /home/airflow/.local/lib/python3.7/site-packages/airflow/example_dags/tutorial.py for tasks to queue
[2023-05-25T04:55:27.597+0000] {logging_mixin.py:137} INFO - [2023-05-25T04:55:27.595+0000] {dagbag.py:538} INFO - Filling up the DagBag from /home/airflow/.local/lib/python3.7/site-packages/airflow/example_dags/tutorial.py
[2023-05-25T04:55:27.674+0000] {processor.py:753} INFO - DAG(s) dict_keys(['tutorial']) retrieved from /home/airflow/.local/lib/python3.7/site-packages/airflow/example_dags/tutorial.py
[2023-05-25T04:55:27.883+0000] {logging_mixin.py:137} INFO - [2023-05-25T04:55:27.882+0000] {dag.py:2690} INFO - Sync 1 DAGs
[2023-05-25T04:55:27.974+0000] {logging_mixin.py:137} INFO - [2023-05-25T04:55:27.974+0000] {dag.py:3441} INFO - Setting next_dagrun for tutorial to 2023-05-24T04:55:27.973634+00:00, run_after=2023-05-25T04:55:27.973634+00:00
[2023-05-25T04:55:28.045+0000] {processor.py:175} INFO - Processing /home/airflow/.local/lib/python3.7/site-packages/airflow/example_dags/tutorial.py took 0.482 seconds
[2023-05-25T04:55:58.164+0000] {processor.py:153} INFO - Started process (PID=1631) to work on /home/airflow/.local/lib/python3.7/site-packages/airflow/example_dags/tutorial.py
[2023-05-25T04:55:58.173+0000] {processor.py:743} INFO - Processing file /home/airflow/.local/lib/python3.7/site-packages/airflow/example_dags/tutorial.py for tasks to queue
[2023-05-25T04:55:58.182+0000] {logging_mixin.py:137} INFO - [2023-05-25T04:55:58.182+0000] {dagbag.py:538} INFO - Filling up the DagBag from /home/airflow/.local/lib/python3.7/site-packages/airflow/example_dags/tutorial.py
[2023-05-25T04:55:58.347+0000] {processor.py:753} INFO - DAG(s) dict_keys(['tutorial']) retrieved from /home/airflow/.local/lib/python3.7/site-packages/airflow/example_dags/tutorial.py
[2023-05-25T04:55:58.436+0000] {logging_mixin.py:137} INFO - [2023-05-25T04:55:58.436+0000] {dag.py:2690} INFO - Sync 1 DAGs
[2023-05-25T04:55:58.540+0000] {logging_mixin.py:137} INFO - [2023-05-25T04:55:58.539+0000] {dag.py:3441} INFO - Setting next_dagrun for tutorial to 2023-05-24T04:55:58.539244+00:00, run_after=2023-05-25T04:55:58.539244+00:00
[2023-05-25T04:55:58.703+0000] {processor.py:175} INFO - Processing /home/airflow/.local/lib/python3.7/site-packages/airflow/example_dags/tutorial.py took 0.571 seconds
[2023-05-25T04:56:29.011+0000] {processor.py:153} INFO - Started process (PID=1690) to work on /home/airflow/.local/lib/python3.7/site-packages/airflow/example_dags/tutorial.py
[2023-05-25T04:56:29.017+0000] {processor.py:743} INFO - Processing file /home/airflow/.local/lib/python3.7/site-packages/airflow/example_dags/tutorial.py for tasks to queue
[2023-05-25T04:56:29.022+0000] {logging_mixin.py:137} INFO - [2023-05-25T04:56:29.022+0000] {dagbag.py:538} INFO - Filling up the DagBag from /home/airflow/.local/lib/python3.7/site-packages/airflow/example_dags/tutorial.py
[2023-05-25T04:56:29.080+0000] {processor.py:753} INFO - DAG(s) dict_keys(['tutorial']) retrieved from /home/airflow/.local/lib/python3.7/site-packages/airflow/example_dags/tutorial.py
[2023-05-25T04:56:29.148+0000] {logging_mixin.py:137} INFO - [2023-05-25T04:56:29.148+0000] {dag.py:2690} INFO - Sync 1 DAGs
[2023-05-25T04:56:29.204+0000] {logging_mixin.py:137} INFO - [2023-05-25T04:56:29.204+0000] {dag.py:3441} INFO - Setting next_dagrun for tutorial to 2023-05-24T04:56:29.203932+00:00, run_after=2023-05-25T04:56:29.203932+00:00
[2023-05-25T04:56:29.241+0000] {processor.py:175} INFO - Processing /home/airflow/.local/lib/python3.7/site-packages/airflow/example_dags/tutorial.py took 0.237 seconds
[2023-05-25T04:56:59.661+0000] {processor.py:153} INFO - Started process (PID=1750) to work on /home/airflow/.local/lib/python3.7/site-packages/airflow/example_dags/tutorial.py
[2023-05-25T04:56:59.665+0000] {processor.py:743} INFO - Processing file /home/airflow/.local/lib/python3.7/site-packages/airflow/example_dags/tutorial.py for tasks to queue
[2023-05-25T04:56:59.671+0000] {logging_mixin.py:137} INFO - [2023-05-25T04:56:59.670+0000] {dagbag.py:538} INFO - Filling up the DagBag from /home/airflow/.local/lib/python3.7/site-packages/airflow/example_dags/tutorial.py
[2023-05-25T04:56:59.734+0000] {processor.py:753} INFO - DAG(s) dict_keys(['tutorial']) retrieved from /home/airflow/.local/lib/python3.7/site-packages/airflow/example_dags/tutorial.py
[2023-05-25T04:56:59.810+0000] {logging_mixin.py:137} INFO - [2023-05-25T04:56:59.809+0000] {dag.py:2690} INFO - Sync 1 DAGs
[2023-05-25T04:56:59.889+0000] {logging_mixin.py:137} INFO - [2023-05-25T04:56:59.889+0000] {dag.py:3441} INFO - Setting next_dagrun for tutorial to 2023-05-24T04:56:59.889009+00:00, run_after=2023-05-25T04:56:59.889009+00:00
[2023-05-25T04:56:59.950+0000] {processor.py:175} INFO - Processing /home/airflow/.local/lib/python3.7/site-packages/airflow/example_dags/tutorial.py took 0.315 seconds
[2023-05-25T04:57:30.079+0000] {processor.py:153} INFO - Started process (PID=1810) to work on /home/airflow/.local/lib/python3.7/site-packages/airflow/example_dags/tutorial.py
[2023-05-25T04:57:30.082+0000] {processor.py:743} INFO - Processing file /home/airflow/.local/lib/python3.7/site-packages/airflow/example_dags/tutorial.py for tasks to queue
[2023-05-25T04:57:30.086+0000] {logging_mixin.py:137} INFO - [2023-05-25T04:57:30.085+0000] {dagbag.py:538} INFO - Filling up the DagBag from /home/airflow/.local/lib/python3.7/site-packages/airflow/example_dags/tutorial.py
[2023-05-25T04:57:30.122+0000] {processor.py:753} INFO - DAG(s) dict_keys(['tutorial']) retrieved from /home/airflow/.local/lib/python3.7/site-packages/airflow/example_dags/tutorial.py
[2023-05-25T04:57:30.201+0000] {logging_mixin.py:137} INFO - [2023-05-25T04:57:30.201+0000] {dag.py:2690} INFO - Sync 1 DAGs
[2023-05-25T04:57:30.264+0000] {logging_mixin.py:137} INFO - [2023-05-25T04:57:30.264+0000] {dag.py:3441} INFO - Setting next_dagrun for tutorial to 2023-05-24T04:57:30.263698+00:00, run_after=2023-05-25T04:57:30.263698+00:00
[2023-05-25T04:57:30.325+0000] {processor.py:175} INFO - Processing /home/airflow/.local/lib/python3.7/site-packages/airflow/example_dags/tutorial.py took 0.254 seconds
[2023-05-25T04:58:00.865+0000] {processor.py:153} INFO - Started process (PID=1869) to work on /home/airflow/.local/lib/python3.7/site-packages/airflow/example_dags/tutorial.py
[2023-05-25T04:58:00.871+0000] {processor.py:743} INFO - Processing file /home/airflow/.local/lib/python3.7/site-packages/airflow/example_dags/tutorial.py for tasks to queue
[2023-05-25T04:58:00.873+0000] {logging_mixin.py:137} INFO - [2023-05-25T04:58:00.873+0000] {dagbag.py:538} INFO - Filling up the DagBag from /home/airflow/.local/lib/python3.7/site-packages/airflow/example_dags/tutorial.py
[2023-05-25T04:58:00.959+0000] {processor.py:753} INFO - DAG(s) dict_keys(['tutorial']) retrieved from /home/airflow/.local/lib/python3.7/site-packages/airflow/example_dags/tutorial.py
[2023-05-25T04:58:01.109+0000] {logging_mixin.py:137} INFO - [2023-05-25T04:58:01.108+0000] {dag.py:2690} INFO - Sync 1 DAGs
[2023-05-25T04:58:01.289+0000] {logging_mixin.py:137} INFO - [2023-05-25T04:58:01.288+0000] {dag.py:3441} INFO - Setting next_dagrun for tutorial to 2023-05-24T04:58:01.286267+00:00, run_after=2023-05-25T04:58:01.286267+00:00
[2023-05-25T04:58:01.341+0000] {processor.py:175} INFO - Processing /home/airflow/.local/lib/python3.7/site-packages/airflow/example_dags/tutorial.py took 0.497 seconds
[2023-05-25T04:58:31.774+0000] {processor.py:153} INFO - Started process (PID=1929) to work on /home/airflow/.local/lib/python3.7/site-packages/airflow/example_dags/tutorial.py
[2023-05-25T04:58:31.785+0000] {processor.py:743} INFO - Processing file /home/airflow/.local/lib/python3.7/site-packages/airflow/example_dags/tutorial.py for tasks to queue
[2023-05-25T04:58:31.793+0000] {logging_mixin.py:137} INFO - [2023-05-25T04:58:31.792+0000] {dagbag.py:538} INFO - Filling up the DagBag from /home/airflow/.local/lib/python3.7/site-packages/airflow/example_dags/tutorial.py
[2023-05-25T04:58:31.838+0000] {processor.py:753} INFO - DAG(s) dict_keys(['tutorial']) retrieved from /home/airflow/.local/lib/python3.7/site-packages/airflow/example_dags/tutorial.py
[2023-05-25T04:58:31.915+0000] {logging_mixin.py:137} INFO - [2023-05-25T04:58:31.915+0000] {dag.py:2690} INFO - Sync 1 DAGs
[2023-05-25T04:58:32.014+0000] {logging_mixin.py:137} INFO - [2023-05-25T04:58:32.014+0000] {dag.py:3441} INFO - Setting next_dagrun for tutorial to 2023-05-24T04:58:32.014322+00:00, run_after=2023-05-25T04:58:32.014322+00:00
[2023-05-25T04:58:32.044+0000] {processor.py:175} INFO - Processing /home/airflow/.local/lib/python3.7/site-packages/airflow/example_dags/tutorial.py took 0.290 seconds
[2023-05-25T04:59:02.216+0000] {processor.py:153} INFO - Started process (PID=1990) to work on /home/airflow/.local/lib/python3.7/site-packages/airflow/example_dags/tutorial.py
[2023-05-25T04:59:02.220+0000] {processor.py:743} INFO - Processing file /home/airflow/.local/lib/python3.7/site-packages/airflow/example_dags/tutorial.py for tasks to queue
[2023-05-25T04:59:02.226+0000] {logging_mixin.py:137} INFO - [2023-05-25T04:59:02.225+0000] {dagbag.py:538} INFO - Filling up the DagBag from /home/airflow/.local/lib/python3.7/site-packages/airflow/example_dags/tutorial.py
[2023-05-25T04:59:02.265+0000] {processor.py:753} INFO - DAG(s) dict_keys(['tutorial']) retrieved from /home/airflow/.local/lib/python3.7/site-packages/airflow/example_dags/tutorial.py
[2023-05-25T04:59:02.330+0000] {logging_mixin.py:137} INFO - [2023-05-25T04:59:02.330+0000] {dag.py:2690} INFO - Sync 1 DAGs
[2023-05-25T04:59:02.407+0000] {logging_mixin.py:137} INFO - [2023-05-25T04:59:02.406+0000] {dag.py:3441} INFO - Setting next_dagrun for tutorial to 2023-05-24T04:59:02.405482+00:00, run_after=2023-05-25T04:59:02.405482+00:00
[2023-05-25T04:59:02.468+0000] {processor.py:175} INFO - Processing /home/airflow/.local/lib/python3.7/site-packages/airflow/example_dags/tutorial.py took 0.267 seconds
[2023-05-25T04:59:32.837+0000] {processor.py:153} INFO - Started process (PID=2049) to work on /home/airflow/.local/lib/python3.7/site-packages/airflow/example_dags/tutorial.py
[2023-05-25T04:59:32.842+0000] {processor.py:743} INFO - Processing file /home/airflow/.local/lib/python3.7/site-packages/airflow/example_dags/tutorial.py for tasks to queue
[2023-05-25T04:59:32.851+0000] {logging_mixin.py:137} INFO - [2023-05-25T04:59:32.849+0000] {dagbag.py:538} INFO - Filling up the DagBag from /home/airflow/.local/lib/python3.7/site-packages/airflow/example_dags/tutorial.py
[2023-05-25T04:59:32.934+0000] {processor.py:753} INFO - DAG(s) dict_keys(['tutorial']) retrieved from /home/airflow/.local/lib/python3.7/site-packages/airflow/example_dags/tutorial.py
[2023-05-25T04:59:33.060+0000] {logging_mixin.py:137} INFO - [2023-05-25T04:59:33.060+0000] {dag.py:2690} INFO - Sync 1 DAGs
[2023-05-25T04:59:33.167+0000] {logging_mixin.py:137} INFO - [2023-05-25T04:59:33.167+0000] {dag.py:3441} INFO - Setting next_dagrun for tutorial to 2023-05-24T04:59:33.167182+00:00, run_after=2023-05-25T04:59:33.167182+00:00
[2023-05-25T04:59:33.258+0000] {processor.py:175} INFO - Processing /home/airflow/.local/lib/python3.7/site-packages/airflow/example_dags/tutorial.py took 0.452 seconds
[2023-05-25T05:00:03.490+0000] {processor.py:153} INFO - Started process (PID=2109) to work on /home/airflow/.local/lib/python3.7/site-packages/airflow/example_dags/tutorial.py
[2023-05-25T05:00:03.497+0000] {processor.py:743} INFO - Processing file /home/airflow/.local/lib/python3.7/site-packages/airflow/example_dags/tutorial.py for tasks to queue
[2023-05-25T05:00:03.504+0000] {logging_mixin.py:137} INFO - [2023-05-25T05:00:03.503+0000] {dagbag.py:538} INFO - Filling up the DagBag from /home/airflow/.local/lib/python3.7/site-packages/airflow/example_dags/tutorial.py
[2023-05-25T05:00:03.575+0000] {processor.py:753} INFO - DAG(s) dict_keys(['tutorial']) retrieved from /home/airflow/.local/lib/python3.7/site-packages/airflow/example_dags/tutorial.py
[2023-05-25T05:00:03.807+0000] {logging_mixin.py:137} INFO - [2023-05-25T05:00:03.807+0000] {dag.py:2690} INFO - Sync 1 DAGs
[2023-05-25T05:00:03.939+0000] {logging_mixin.py:137} INFO - [2023-05-25T05:00:03.938+0000] {dag.py:3441} INFO - Setting next_dagrun for tutorial to 2023-05-24T05:00:03.928822+00:00, run_after=2023-05-25T05:00:03.928822+00:00
[2023-05-25T05:00:04.072+0000] {processor.py:175} INFO - Processing /home/airflow/.local/lib/python3.7/site-packages/airflow/example_dags/tutorial.py took 0.607 seconds
[2023-05-25T05:00:34.693+0000] {processor.py:153} INFO - Started process (PID=2177) to work on /home/airflow/.local/lib/python3.7/site-packages/airflow/example_dags/tutorial.py
[2023-05-25T05:00:34.698+0000] {processor.py:743} INFO - Processing file /home/airflow/.local/lib/python3.7/site-packages/airflow/example_dags/tutorial.py for tasks to queue
[2023-05-25T05:00:34.708+0000] {logging_mixin.py:137} INFO - [2023-05-25T05:00:34.704+0000] {dagbag.py:538} INFO - Filling up the DagBag from /home/airflow/.local/lib/python3.7/site-packages/airflow/example_dags/tutorial.py
[2023-05-25T05:00:34.796+0000] {processor.py:753} INFO - DAG(s) dict_keys(['tutorial']) retrieved from /home/airflow/.local/lib/python3.7/site-packages/airflow/example_dags/tutorial.py
[2023-05-25T05:00:34.914+0000] {logging_mixin.py:137} INFO - [2023-05-25T05:00:34.914+0000] {dag.py:2690} INFO - Sync 1 DAGs
[2023-05-25T05:00:35.016+0000] {logging_mixin.py:137} INFO - [2023-05-25T05:00:35.016+0000] {dag.py:3441} INFO - Setting next_dagrun for tutorial to 2023-05-24T05:00:35.016204+00:00, run_after=2023-05-25T05:00:35.016204+00:00
[2023-05-25T05:00:35.069+0000] {processor.py:175} INFO - Processing /home/airflow/.local/lib/python3.7/site-packages/airflow/example_dags/tutorial.py took 0.394 seconds
[2023-05-25T05:01:05.718+0000] {processor.py:153} INFO - Started process (PID=2238) to work on /home/airflow/.local/lib/python3.7/site-packages/airflow/example_dags/tutorial.py
[2023-05-25T05:01:05.724+0000] {processor.py:743} INFO - Processing file /home/airflow/.local/lib/python3.7/site-packages/airflow/example_dags/tutorial.py for tasks to queue
[2023-05-25T05:01:05.727+0000] {logging_mixin.py:137} INFO - [2023-05-25T05:01:05.727+0000] {dagbag.py:538} INFO - Filling up the DagBag from /home/airflow/.local/lib/python3.7/site-packages/airflow/example_dags/tutorial.py
[2023-05-25T05:01:05.774+0000] {processor.py:753} INFO - DAG(s) dict_keys(['tutorial']) retrieved from /home/airflow/.local/lib/python3.7/site-packages/airflow/example_dags/tutorial.py
[2023-05-25T05:01:05.891+0000] {logging_mixin.py:137} INFO - [2023-05-25T05:01:05.890+0000] {dag.py:2690} INFO - Sync 1 DAGs
[2023-05-25T05:01:05.990+0000] {logging_mixin.py:137} INFO - [2023-05-25T05:01:05.989+0000] {dag.py:3441} INFO - Setting next_dagrun for tutorial to 2023-05-24T05:01:05.988462+00:00, run_after=2023-05-25T05:01:05.988462+00:00
[2023-05-25T05:01:06.024+0000] {processor.py:175} INFO - Processing /home/airflow/.local/lib/python3.7/site-packages/airflow/example_dags/tutorial.py took 0.328 seconds
[2023-05-25T05:01:36.494+0000] {processor.py:153} INFO - Started process (PID=2296) to work on /home/airflow/.local/lib/python3.7/site-packages/airflow/example_dags/tutorial.py
[2023-05-25T05:01:36.496+0000] {processor.py:743} INFO - Processing file /home/airflow/.local/lib/python3.7/site-packages/airflow/example_dags/tutorial.py for tasks to queue
[2023-05-25T05:01:36.499+0000] {logging_mixin.py:137} INFO - [2023-05-25T05:01:36.499+0000] {dagbag.py:538} INFO - Filling up the DagBag from /home/airflow/.local/lib/python3.7/site-packages/airflow/example_dags/tutorial.py
[2023-05-25T05:01:36.534+0000] {processor.py:753} INFO - DAG(s) dict_keys(['tutorial']) retrieved from /home/airflow/.local/lib/python3.7/site-packages/airflow/example_dags/tutorial.py
[2023-05-25T05:01:36.577+0000] {logging_mixin.py:137} INFO - [2023-05-25T05:01:36.577+0000] {dag.py:2690} INFO - Sync 1 DAGs
[2023-05-25T05:01:36.621+0000] {logging_mixin.py:137} INFO - [2023-05-25T05:01:36.621+0000] {dag.py:3441} INFO - Setting next_dagrun for tutorial to 2023-05-24T05:01:36.620382+00:00, run_after=2023-05-25T05:01:36.620382+00:00
[2023-05-25T05:01:36.658+0000] {processor.py:175} INFO - Processing /home/airflow/.local/lib/python3.7/site-packages/airflow/example_dags/tutorial.py took 0.172 seconds
[2023-05-25T05:02:13.990+0000] {processor.py:153} INFO - Started process (PID=2356) to work on /home/airflow/.local/lib/python3.7/site-packages/airflow/example_dags/tutorial.py
[2023-05-25T05:02:13.995+0000] {processor.py:743} INFO - Processing file /home/airflow/.local/lib/python3.7/site-packages/airflow/example_dags/tutorial.py for tasks to queue
[2023-05-25T05:02:13.998+0000] {logging_mixin.py:137} INFO - [2023-05-25T05:02:13.997+0000] {dagbag.py:538} INFO - Filling up the DagBag from /home/airflow/.local/lib/python3.7/site-packages/airflow/example_dags/tutorial.py
[2023-05-25T05:02:14.033+0000] {processor.py:753} INFO - DAG(s) dict_keys(['tutorial']) retrieved from /home/airflow/.local/lib/python3.7/site-packages/airflow/example_dags/tutorial.py
[2023-05-25T05:02:14.068+0000] {logging_mixin.py:137} INFO - [2023-05-25T05:02:14.068+0000] {dag.py:2690} INFO - Sync 1 DAGs
[2023-05-25T05:02:14.121+0000] {logging_mixin.py:137} INFO - [2023-05-25T05:02:14.121+0000] {dag.py:3441} INFO - Setting next_dagrun for tutorial to 2023-05-24T05:02:14.119683+00:00, run_after=2023-05-25T05:02:14.119683+00:00
[2023-05-25T05:02:14.189+0000] {processor.py:175} INFO - Processing /home/airflow/.local/lib/python3.7/site-packages/airflow/example_dags/tutorial.py took 0.208 seconds
[2023-05-25T05:02:44.706+0000] {processor.py:153} INFO - Started process (PID=2415) to work on /home/airflow/.local/lib/python3.7/site-packages/airflow/example_dags/tutorial.py
[2023-05-25T05:02:44.709+0000] {processor.py:743} INFO - Processing file /home/airflow/.local/lib/python3.7/site-packages/airflow/example_dags/tutorial.py for tasks to queue
[2023-05-25T05:02:44.713+0000] {logging_mixin.py:137} INFO - [2023-05-25T05:02:44.712+0000] {dagbag.py:538} INFO - Filling up the DagBag from /home/airflow/.local/lib/python3.7/site-packages/airflow/example_dags/tutorial.py
[2023-05-25T05:02:44.746+0000] {processor.py:753} INFO - DAG(s) dict_keys(['tutorial']) retrieved from /home/airflow/.local/lib/python3.7/site-packages/airflow/example_dags/tutorial.py
[2023-05-25T05:02:44.798+0000] {logging_mixin.py:137} INFO - [2023-05-25T05:02:44.798+0000] {dag.py:2690} INFO - Sync 1 DAGs
[2023-05-25T05:02:44.878+0000] {logging_mixin.py:137} INFO - [2023-05-25T05:02:44.878+0000] {dag.py:3441} INFO - Setting next_dagrun for tutorial to 2023-05-24T05:02:44.877614+00:00, run_after=2023-05-25T05:02:44.877614+00:00
[2023-05-25T05:02:44.955+0000] {processor.py:175} INFO - Processing /home/airflow/.local/lib/python3.7/site-packages/airflow/example_dags/tutorial.py took 0.256 seconds
[2023-05-25T05:03:15.737+0000] {processor.py:153} INFO - Started process (PID=2475) to work on /home/airflow/.local/lib/python3.7/site-packages/airflow/example_dags/tutorial.py
[2023-05-25T05:03:15.742+0000] {processor.py:743} INFO - Processing file /home/airflow/.local/lib/python3.7/site-packages/airflow/example_dags/tutorial.py for tasks to queue
[2023-05-25T05:03:15.745+0000] {logging_mixin.py:137} INFO - [2023-05-25T05:03:15.744+0000] {dagbag.py:538} INFO - Filling up the DagBag from /home/airflow/.local/lib/python3.7/site-packages/airflow/example_dags/tutorial.py
[2023-05-25T05:03:15.778+0000] {processor.py:753} INFO - DAG(s) dict_keys(['tutorial']) retrieved from /home/airflow/.local/lib/python3.7/site-packages/airflow/example_dags/tutorial.py
[2023-05-25T05:03:15.853+0000] {logging_mixin.py:137} INFO - [2023-05-25T05:03:15.852+0000] {dag.py:2690} INFO - Sync 1 DAGs
[2023-05-25T05:03:15.904+0000] {logging_mixin.py:137} INFO - [2023-05-25T05:03:15.904+0000] {dag.py:3441} INFO - Setting next_dagrun for tutorial to 2023-05-24T05:03:15.903741+00:00, run_after=2023-05-25T05:03:15.903741+00:00
[2023-05-25T05:03:15.936+0000] {processor.py:175} INFO - Processing /home/airflow/.local/lib/python3.7/site-packages/airflow/example_dags/tutorial.py took 0.205 seconds
