[2023-05-23T09:11:20.338+0000] {taskinstance.py:1083} INFO - Dependencies all met for <TaskInstance: scrapy_dag.run_wanted_spider manual__2023-05-23T09:11:16.134852+00:00 [queued]>
[2023-05-23T09:11:20.410+0000] {taskinstance.py:1083} INFO - Dependencies all met for <TaskInstance: scrapy_dag.run_wanted_spider manual__2023-05-23T09:11:16.134852+00:00 [queued]>
[2023-05-23T09:11:20.412+0000] {taskinstance.py:1279} INFO - 
--------------------------------------------------------------------------------
[2023-05-23T09:11:20.414+0000] {taskinstance.py:1280} INFO - Starting attempt 1 of 1
[2023-05-23T09:11:20.415+0000] {taskinstance.py:1281} INFO - 
--------------------------------------------------------------------------------
[2023-05-23T09:11:20.475+0000] {taskinstance.py:1300} INFO - Executing <Task(BashOperator): run_wanted_spider> on 2023-05-23 09:11:16.134852+00:00
[2023-05-23T09:11:20.576+0000] {standard_task_runner.py:55} INFO - Started process 782 to run task
[2023-05-23T09:11:20.642+0000] {standard_task_runner.py:82} INFO - Running: ['***', 'tasks', 'run', 'scrapy_dag', 'run_wanted_spider', 'manual__2023-05-23T09:11:16.134852+00:00', '--job-id', '48', '--raw', '--subdir', 'DAGS_FOLDER/scrapy_dag.py', '--cfg-path', '/tmp/tmpi75irxin']
[2023-05-23T09:11:20.650+0000] {standard_task_runner.py:83} INFO - Job 48: Subtask run_wanted_spider
[2023-05-23T09:11:21.058+0000] {task_command.py:388} INFO - Running <TaskInstance: scrapy_dag.run_wanted_spider manual__2023-05-23T09:11:16.134852+00:00 [running]> on host 282b4ebe5783
[2023-05-23T09:11:21.549+0000] {taskinstance.py:1509} INFO - Exporting the following env vars:
AIRFLOW_CTX_DAG_OWNER=***
AIRFLOW_CTX_DAG_ID=scrapy_dag
AIRFLOW_CTX_TASK_ID=run_wanted_spider
AIRFLOW_CTX_EXECUTION_DATE=2023-05-23T09:11:16.134852+00:00
AIRFLOW_CTX_TRY_NUMBER=1
AIRFLOW_CTX_DAG_RUN_ID=manual__2023-05-23T09:11:16.134852+00:00
[2023-05-23T09:11:21.558+0000] {subprocess.py:63} INFO - Tmp dir root location: 
 /tmp
[2023-05-23T09:11:21.566+0000] {subprocess.py:75} INFO - Running command: ['/bin/bash', '-c', 'scrapy crawl wanted']
[2023-05-23T09:11:21.657+0000] {subprocess.py:86} INFO - Output:
[2023-05-23T09:11:21.678+0000] {subprocess.py:93} INFO - /bin/bash: line 1: scrapy: command not found
[2023-05-23T09:11:21.701+0000] {subprocess.py:97} INFO - Command exited with return code 127
[2023-05-23T09:11:21.831+0000] {taskinstance.py:1768} ERROR - Task failed with exception
Traceback (most recent call last):
  File "/home/airflow/.local/lib/python3.7/site-packages/airflow/operators/bash.py", line 197, in execute
    f"Bash command failed. The command returned a non-zero exit code {result.exit_code}."
airflow.exceptions.AirflowException: Bash command failed. The command returned a non-zero exit code 127.
[2023-05-23T09:11:21.852+0000] {taskinstance.py:1323} INFO - Marking task as FAILED. dag_id=scrapy_dag, task_id=run_wanted_spider, execution_date=20230523T091116, start_date=20230523T091120, end_date=20230523T091121
[2023-05-23T09:11:21.947+0000] {standard_task_runner.py:105} ERROR - Failed to execute job 48 for task run_wanted_spider (Bash command failed. The command returned a non-zero exit code 127.; 782)
[2023-05-23T09:11:22.043+0000] {local_task_job.py:208} INFO - Task exited with return code 1
[2023-05-23T09:11:22.117+0000] {taskinstance.py:2578} INFO - 0 downstream tasks scheduled from follow-on schedule check
