[2023-05-23T09:01:56.819+0000] {taskinstance.py:1083} INFO - Dependencies all met for <TaskInstance: scrapy_dag.run_wanted_spider manual__2023-05-23T09:01:50.425273+00:00 [queued]>
[2023-05-23T09:01:56.834+0000] {taskinstance.py:1083} INFO - Dependencies all met for <TaskInstance: scrapy_dag.run_wanted_spider manual__2023-05-23T09:01:50.425273+00:00 [queued]>
[2023-05-23T09:01:56.837+0000] {taskinstance.py:1279} INFO - 
--------------------------------------------------------------------------------
[2023-05-23T09:01:56.838+0000] {taskinstance.py:1280} INFO - Starting attempt 1 of 1
[2023-05-23T09:01:56.847+0000] {taskinstance.py:1281} INFO - 
--------------------------------------------------------------------------------
[2023-05-23T09:01:56.885+0000] {taskinstance.py:1300} INFO - Executing <Task(BashOperator): run_wanted_spider> on 2023-05-23 09:01:50.425273+00:00
[2023-05-23T09:01:56.893+0000] {standard_task_runner.py:55} INFO - Started process 304 to run task
[2023-05-23T09:01:56.903+0000] {standard_task_runner.py:82} INFO - Running: ['***', 'tasks', 'run', 'scrapy_dag', 'run_wanted_spider', 'manual__2023-05-23T09:01:50.425273+00:00', '--job-id', '40', '--raw', '--subdir', 'DAGS_FOLDER/scrapy_dag.py', '--cfg-path', '/tmp/tmphhozno1x']
[2023-05-23T09:01:56.906+0000] {standard_task_runner.py:83} INFO - Job 40: Subtask run_wanted_spider
[2023-05-23T09:01:57.006+0000] {task_command.py:388} INFO - Running <TaskInstance: scrapy_dag.run_wanted_spider manual__2023-05-23T09:01:50.425273+00:00 [running]> on host 282b4ebe5783
[2023-05-23T09:01:57.119+0000] {taskinstance.py:1509} INFO - Exporting the following env vars:
AIRFLOW_CTX_DAG_OWNER=***
AIRFLOW_CTX_DAG_ID=scrapy_dag
AIRFLOW_CTX_TASK_ID=run_wanted_spider
AIRFLOW_CTX_EXECUTION_DATE=2023-05-23T09:01:50.425273+00:00
AIRFLOW_CTX_TRY_NUMBER=1
AIRFLOW_CTX_DAG_RUN_ID=manual__2023-05-23T09:01:50.425273+00:00
[2023-05-23T09:01:57.123+0000] {subprocess.py:63} INFO - Tmp dir root location: 
 /tmp
[2023-05-23T09:01:57.126+0000] {subprocess.py:75} INFO - Running command: ['/bin/bash', '-c', 'scrapy crawl wanted']
[2023-05-23T09:01:57.144+0000] {subprocess.py:86} INFO - Output:
[2023-05-23T09:01:57.149+0000] {subprocess.py:93} INFO - /bin/bash: line 1: scrapy: command not found
[2023-05-23T09:01:57.150+0000] {subprocess.py:97} INFO - Command exited with return code 127
[2023-05-23T09:01:57.169+0000] {taskinstance.py:1768} ERROR - Task failed with exception
Traceback (most recent call last):
  File "/home/airflow/.local/lib/python3.7/site-packages/airflow/operators/bash.py", line 197, in execute
    f"Bash command failed. The command returned a non-zero exit code {result.exit_code}."
airflow.exceptions.AirflowException: Bash command failed. The command returned a non-zero exit code 127.
[2023-05-23T09:01:57.190+0000] {taskinstance.py:1323} INFO - Marking task as FAILED. dag_id=scrapy_dag, task_id=run_wanted_spider, execution_date=20230523T090150, start_date=20230523T090156, end_date=20230523T090157
[2023-05-23T09:01:57.213+0000] {standard_task_runner.py:105} ERROR - Failed to execute job 40 for task run_wanted_spider (Bash command failed. The command returned a non-zero exit code 127.; 304)
[2023-05-23T09:01:57.239+0000] {local_task_job.py:208} INFO - Task exited with return code 1
[2023-05-23T09:01:57.275+0000] {taskinstance.py:2578} INFO - 0 downstream tasks scheduled from follow-on schedule check
