[2023-05-23T07:46:17.274+0000] {taskinstance.py:1083} INFO - Dependencies all met for <TaskInstance: scrapy_dag.run_wanted_spider manual__2023-05-23T07:46:15.301141+00:00 [queued]>
[2023-05-23T07:46:17.295+0000] {taskinstance.py:1083} INFO - Dependencies all met for <TaskInstance: scrapy_dag.run_wanted_spider manual__2023-05-23T07:46:15.301141+00:00 [queued]>
[2023-05-23T07:46:17.296+0000] {taskinstance.py:1279} INFO - 
--------------------------------------------------------------------------------
[2023-05-23T07:46:17.297+0000] {taskinstance.py:1280} INFO - Starting attempt 1 of 1
[2023-05-23T07:46:17.298+0000] {taskinstance.py:1281} INFO - 
--------------------------------------------------------------------------------
[2023-05-23T07:46:17.317+0000] {taskinstance.py:1300} INFO - Executing <Task(BashOperator): run_wanted_spider> on 2023-05-23 07:46:15.301141+00:00
[2023-05-23T07:46:17.326+0000] {standard_task_runner.py:55} INFO - Started process 3059 to run task
[2023-05-23T07:46:17.332+0000] {standard_task_runner.py:82} INFO - Running: ['***', 'tasks', 'run', 'scrapy_dag', 'run_wanted_spider', 'manual__2023-05-23T07:46:15.301141+00:00', '--job-id', '14', '--raw', '--subdir', 'DAGS_FOLDER/scrapy_dag.py', '--cfg-path', '/tmp/tmp5ydg8uyk']
[2023-05-23T07:46:17.333+0000] {standard_task_runner.py:83} INFO - Job 14: Subtask run_wanted_spider
[2023-05-23T07:46:17.450+0000] {task_command.py:388} INFO - Running <TaskInstance: scrapy_dag.run_wanted_spider manual__2023-05-23T07:46:15.301141+00:00 [running]> on host 24694c125b64
[2023-05-23T07:46:17.568+0000] {taskinstance.py:1509} INFO - Exporting the following env vars:
AIRFLOW_CTX_DAG_OWNER=***
AIRFLOW_CTX_DAG_ID=scrapy_dag
AIRFLOW_CTX_TASK_ID=run_wanted_spider
AIRFLOW_CTX_EXECUTION_DATE=2023-05-23T07:46:15.301141+00:00
AIRFLOW_CTX_TRY_NUMBER=1
AIRFLOW_CTX_DAG_RUN_ID=manual__2023-05-23T07:46:15.301141+00:00
[2023-05-23T07:46:17.579+0000] {subprocess.py:63} INFO - Tmp dir root location: 
 /tmp
[2023-05-23T07:46:17.582+0000] {subprocess.py:75} INFO - Running command: ['/bin/bash', '-c', 'scrapy crawl wanted']
[2023-05-23T07:46:17.617+0000] {subprocess.py:86} INFO - Output:
[2023-05-23T07:46:19.647+0000] {subprocess.py:93} INFO - Scrapy 2.9.0 - no active project
[2023-05-23T07:46:19.649+0000] {subprocess.py:93} INFO - 
[2023-05-23T07:46:19.651+0000] {subprocess.py:93} INFO - Unknown command: crawl
[2023-05-23T07:46:19.652+0000] {subprocess.py:93} INFO - 
[2023-05-23T07:46:19.654+0000] {subprocess.py:93} INFO - Use "scrapy" to see available commands
[2023-05-23T07:46:19.738+0000] {subprocess.py:97} INFO - Command exited with return code 2
[2023-05-23T07:46:19.755+0000] {taskinstance.py:1768} ERROR - Task failed with exception
Traceback (most recent call last):
  File "/home/airflow/.local/lib/python3.7/site-packages/airflow/operators/bash.py", line 197, in execute
    f"Bash command failed. The command returned a non-zero exit code {result.exit_code}."
airflow.exceptions.AirflowException: Bash command failed. The command returned a non-zero exit code 2.
[2023-05-23T07:46:19.765+0000] {taskinstance.py:1323} INFO - Marking task as FAILED. dag_id=scrapy_dag, task_id=run_wanted_spider, execution_date=20230523T074615, start_date=20230523T074617, end_date=20230523T074619
[2023-05-23T07:46:19.790+0000] {standard_task_runner.py:105} ERROR - Failed to execute job 14 for task run_wanted_spider (Bash command failed. The command returned a non-zero exit code 2.; 3059)
[2023-05-23T07:46:19.843+0000] {local_task_job.py:208} INFO - Task exited with return code 1
[2023-05-23T07:46:19.879+0000] {taskinstance.py:2578} INFO - 0 downstream tasks scheduled from follow-on schedule check
