[2023-05-23T09:11:39.618+0000] {taskinstance.py:1083} INFO - Dependencies all met for <TaskInstance: scrapy_dag.debug_print manual__2023-05-23T09:11:36.748744+00:00 [queued]>
[2023-05-23T09:11:39.658+0000] {taskinstance.py:1083} INFO - Dependencies all met for <TaskInstance: scrapy_dag.debug_print manual__2023-05-23T09:11:36.748744+00:00 [queued]>
[2023-05-23T09:11:39.661+0000] {taskinstance.py:1279} INFO - 
--------------------------------------------------------------------------------
[2023-05-23T09:11:39.662+0000] {taskinstance.py:1280} INFO - Starting attempt 1 of 1
[2023-05-23T09:11:39.664+0000] {taskinstance.py:1281} INFO - 
--------------------------------------------------------------------------------
[2023-05-23T09:11:39.705+0000] {taskinstance.py:1300} INFO - Executing <Task(BashOperator): debug_print> on 2023-05-23 09:11:36.748744+00:00
[2023-05-23T09:11:39.717+0000] {standard_task_runner.py:55} INFO - Started process 802 to run task
[2023-05-23T09:11:39.736+0000] {standard_task_runner.py:82} INFO - Running: ['***', 'tasks', 'run', 'scrapy_dag', 'debug_print', 'manual__2023-05-23T09:11:36.748744+00:00', '--job-id', '51', '--raw', '--subdir', 'DAGS_FOLDER/scrapy_dag.py', '--cfg-path', '/tmp/tmp_bun352g']
[2023-05-23T09:11:39.738+0000] {standard_task_runner.py:83} INFO - Job 51: Subtask debug_print
[2023-05-23T09:11:39.892+0000] {task_command.py:388} INFO - Running <TaskInstance: scrapy_dag.debug_print manual__2023-05-23T09:11:36.748744+00:00 [running]> on host 282b4ebe5783
[2023-05-23T09:11:40.068+0000] {taskinstance.py:1509} INFO - Exporting the following env vars:
AIRFLOW_CTX_DAG_OWNER=***
AIRFLOW_CTX_DAG_ID=scrapy_dag
AIRFLOW_CTX_TASK_ID=debug_print
AIRFLOW_CTX_EXECUTION_DATE=2023-05-23T09:11:36.748744+00:00
AIRFLOW_CTX_TRY_NUMBER=1
AIRFLOW_CTX_DAG_RUN_ID=manual__2023-05-23T09:11:36.748744+00:00
[2023-05-23T09:11:40.071+0000] {subprocess.py:63} INFO - Tmp dir root location: 
 /tmp
[2023-05-23T09:11:40.079+0000] {subprocess.py:75} INFO - Running command: ['/bin/bash', '-c', 'pwd && whoami']
[2023-05-23T09:11:40.114+0000] {subprocess.py:86} INFO - Output:
[2023-05-23T09:11:40.133+0000] {subprocess.py:93} INFO - /tmp/***tmpqhf06c4_
[2023-05-23T09:11:40.134+0000] {subprocess.py:93} INFO - default
[2023-05-23T09:11:40.136+0000] {subprocess.py:97} INFO - Command exited with return code 0
[2023-05-23T09:11:40.210+0000] {taskinstance.py:1323} INFO - Marking task as SUCCESS. dag_id=scrapy_dag, task_id=debug_print, execution_date=20230523T091136, start_date=20230523T091139, end_date=20230523T091140
[2023-05-23T09:11:40.295+0000] {local_task_job.py:208} INFO - Task exited with return code 0
[2023-05-23T09:11:40.454+0000] {taskinstance.py:2578} INFO - 0 downstream tasks scheduled from follow-on schedule check
