[2023-05-23T09:17:40.668+0000] {taskinstance.py:1083} INFO - Dependencies all met for <TaskInstance: scrapy_dag.run_wanted_spider manual__2023-05-23T09:17:37.269345+00:00 [queued]>
[2023-05-23T09:17:40.683+0000] {taskinstance.py:1083} INFO - Dependencies all met for <TaskInstance: scrapy_dag.run_wanted_spider manual__2023-05-23T09:17:37.269345+00:00 [queued]>
[2023-05-23T09:17:40.689+0000] {taskinstance.py:1279} INFO - 
--------------------------------------------------------------------------------
[2023-05-23T09:17:40.691+0000] {taskinstance.py:1280} INFO - Starting attempt 1 of 1
[2023-05-23T09:17:40.692+0000] {taskinstance.py:1281} INFO - 
--------------------------------------------------------------------------------
[2023-05-23T09:17:40.739+0000] {taskinstance.py:1300} INFO - Executing <Task(BashOperator): run_wanted_spider> on 2023-05-23 09:17:37.269345+00:00
[2023-05-23T09:17:40.757+0000] {standard_task_runner.py:55} INFO - Started process 1056 to run task
[2023-05-23T09:17:40.762+0000] {standard_task_runner.py:82} INFO - Running: ['***', 'tasks', 'run', 'scrapy_dag', 'run_wanted_spider', 'manual__2023-05-23T09:17:37.269345+00:00', '--job-id', '55', '--raw', '--subdir', 'DAGS_FOLDER/scrapy_dag.py', '--cfg-path', '/tmp/tmp3_u3zapr']
[2023-05-23T09:17:40.792+0000] {standard_task_runner.py:83} INFO - Job 55: Subtask run_wanted_spider
[2023-05-23T09:17:40.971+0000] {task_command.py:388} INFO - Running <TaskInstance: scrapy_dag.run_wanted_spider manual__2023-05-23T09:17:37.269345+00:00 [running]> on host 282b4ebe5783
[2023-05-23T09:17:41.122+0000] {taskinstance.py:1509} INFO - Exporting the following env vars:
AIRFLOW_CTX_DAG_OWNER=***
AIRFLOW_CTX_DAG_ID=scrapy_dag
AIRFLOW_CTX_TASK_ID=run_wanted_spider
AIRFLOW_CTX_EXECUTION_DATE=2023-05-23T09:17:37.269345+00:00
AIRFLOW_CTX_TRY_NUMBER=1
AIRFLOW_CTX_DAG_RUN_ID=manual__2023-05-23T09:17:37.269345+00:00
[2023-05-23T09:17:41.127+0000] {subprocess.py:63} INFO - Tmp dir root location: 
 /tmp
[2023-05-23T09:17:41.131+0000] {subprocess.py:75} INFO - Running command: ['/bin/bash', '-c', 'scrapy crawl wanted']
[2023-05-23T09:17:41.152+0000] {subprocess.py:86} INFO - Output:
[2023-05-23T09:17:41.160+0000] {subprocess.py:93} INFO - /bin/bash: line 1: scrapy: command not found
[2023-05-23T09:17:41.163+0000] {subprocess.py:97} INFO - Command exited with return code 127
[2023-05-23T09:17:41.186+0000] {taskinstance.py:1768} ERROR - Task failed with exception
Traceback (most recent call last):
  File "/home/airflow/.local/lib/python3.7/site-packages/airflow/operators/bash.py", line 197, in execute
    f"Bash command failed. The command returned a non-zero exit code {result.exit_code}."
airflow.exceptions.AirflowException: Bash command failed. The command returned a non-zero exit code 127.
[2023-05-23T09:17:41.196+0000] {taskinstance.py:1323} INFO - Marking task as FAILED. dag_id=scrapy_dag, task_id=run_wanted_spider, execution_date=20230523T091737, start_date=20230523T091740, end_date=20230523T091741
[2023-05-23T09:17:41.222+0000] {standard_task_runner.py:105} ERROR - Failed to execute job 55 for task run_wanted_spider (Bash command failed. The command returned a non-zero exit code 127.; 1056)
[2023-05-23T09:17:41.253+0000] {local_task_job.py:208} INFO - Task exited with return code 1
[2023-05-23T09:17:41.332+0000] {taskinstance.py:2578} INFO - 0 downstream tasks scheduled from follow-on schedule check
