[2023-05-23T07:26:24.292+0000] {taskinstance.py:1083} INFO - Dependencies all met for <TaskInstance: scrapy_dag.run_wanted_spider manual__2023-05-23T07:26:21.610459+00:00 [queued]>
[2023-05-23T07:26:24.338+0000] {taskinstance.py:1083} INFO - Dependencies all met for <TaskInstance: scrapy_dag.run_wanted_spider manual__2023-05-23T07:26:21.610459+00:00 [queued]>
[2023-05-23T07:26:24.340+0000] {taskinstance.py:1279} INFO - 
--------------------------------------------------------------------------------
[2023-05-23T07:26:24.341+0000] {taskinstance.py:1280} INFO - Starting attempt 1 of 1
[2023-05-23T07:26:24.342+0000] {taskinstance.py:1281} INFO - 
--------------------------------------------------------------------------------
[2023-05-23T07:26:24.384+0000] {taskinstance.py:1300} INFO - Executing <Task(BashOperator): run_wanted_spider> on 2023-05-23 07:26:21.610459+00:00
[2023-05-23T07:26:24.409+0000] {standard_task_runner.py:55} INFO - Started process 2204 to run task
[2023-05-23T07:26:24.426+0000] {standard_task_runner.py:82} INFO - Running: ['***', 'tasks', 'run', 'scrapy_dag', 'run_wanted_spider', 'manual__2023-05-23T07:26:21.610459+00:00', '--job-id', '6', '--raw', '--subdir', 'DAGS_FOLDER/scrapy_dag.py', '--cfg-path', '/tmp/tmpd5015jw5']
[2023-05-23T07:26:24.428+0000] {standard_task_runner.py:83} INFO - Job 6: Subtask run_wanted_spider
[2023-05-23T07:26:24.774+0000] {task_command.py:388} INFO - Running <TaskInstance: scrapy_dag.run_wanted_spider manual__2023-05-23T07:26:21.610459+00:00 [running]> on host 24694c125b64
[2023-05-23T07:26:25.233+0000] {taskinstance.py:1509} INFO - Exporting the following env vars:
AIRFLOW_CTX_DAG_OWNER=***
AIRFLOW_CTX_DAG_ID=scrapy_dag
AIRFLOW_CTX_TASK_ID=run_wanted_spider
AIRFLOW_CTX_EXECUTION_DATE=2023-05-23T07:26:21.610459+00:00
AIRFLOW_CTX_TRY_NUMBER=1
AIRFLOW_CTX_DAG_RUN_ID=manual__2023-05-23T07:26:21.610459+00:00
[2023-05-23T07:26:25.239+0000] {subprocess.py:63} INFO - Tmp dir root location: 
 /tmp
[2023-05-23T07:26:25.247+0000] {subprocess.py:75} INFO - Running command: ['/bin/bash', '-c', 'scrapy crawl wanted']
[2023-05-23T07:26:25.317+0000] {subprocess.py:86} INFO - Output:
[2023-05-23T07:26:30.814+0000] {subprocess.py:93} INFO - Scrapy 2.9.0 - no active project
[2023-05-23T07:26:30.834+0000] {subprocess.py:93} INFO - 
[2023-05-23T07:26:30.840+0000] {subprocess.py:93} INFO - Unknown command: crawl
[2023-05-23T07:26:30.867+0000] {subprocess.py:93} INFO - 
[2023-05-23T07:26:30.879+0000] {subprocess.py:93} INFO - Use "scrapy" to see available commands
[2023-05-23T07:26:31.257+0000] {subprocess.py:97} INFO - Command exited with return code 2
[2023-05-23T07:26:31.353+0000] {taskinstance.py:1768} ERROR - Task failed with exception
Traceback (most recent call last):
  File "/home/airflow/.local/lib/python3.7/site-packages/airflow/operators/bash.py", line 197, in execute
    f"Bash command failed. The command returned a non-zero exit code {result.exit_code}."
airflow.exceptions.AirflowException: Bash command failed. The command returned a non-zero exit code 2.
[2023-05-23T07:26:31.389+0000] {taskinstance.py:1323} INFO - Marking task as FAILED. dag_id=scrapy_dag, task_id=run_wanted_spider, execution_date=20230523T072621, start_date=20230523T072624, end_date=20230523T072631
[2023-05-23T07:26:31.461+0000] {standard_task_runner.py:105} ERROR - Failed to execute job 6 for task run_wanted_spider (Bash command failed. The command returned a non-zero exit code 2.; 2204)
[2023-05-23T07:26:31.515+0000] {local_task_job.py:208} INFO - Task exited with return code 1
[2023-05-23T07:26:31.575+0000] {taskinstance.py:2578} INFO - 0 downstream tasks scheduled from follow-on schedule check
