[2023-05-23T09:10:36.140+0000] {taskinstance.py:1083} INFO - Dependencies all met for <TaskInstance: scrapy_dag.run_wanted_spider manual__2023-05-23T09:10:28.565897+00:00 [queued]>
[2023-05-23T09:10:36.203+0000] {taskinstance.py:1083} INFO - Dependencies all met for <TaskInstance: scrapy_dag.run_wanted_spider manual__2023-05-23T09:10:28.565897+00:00 [queued]>
[2023-05-23T09:10:36.206+0000] {taskinstance.py:1279} INFO - 
--------------------------------------------------------------------------------
[2023-05-23T09:10:36.207+0000] {taskinstance.py:1280} INFO - Starting attempt 1 of 1
[2023-05-23T09:10:36.209+0000] {taskinstance.py:1281} INFO - 
--------------------------------------------------------------------------------
[2023-05-23T09:10:36.298+0000] {taskinstance.py:1300} INFO - Executing <Task(BashOperator): run_wanted_spider> on 2023-05-23 09:10:28.565897+00:00
[2023-05-23T09:10:36.322+0000] {standard_task_runner.py:55} INFO - Started process 747 to run task
[2023-05-23T09:10:36.337+0000] {standard_task_runner.py:82} INFO - Running: ['***', 'tasks', 'run', 'scrapy_dag', 'run_wanted_spider', 'manual__2023-05-23T09:10:28.565897+00:00', '--job-id', '46', '--raw', '--subdir', 'DAGS_FOLDER/scrapy_dag.py', '--cfg-path', '/tmp/tmpfvdph3rb']
[2023-05-23T09:10:36.340+0000] {standard_task_runner.py:83} INFO - Job 46: Subtask run_wanted_spider
[2023-05-23T09:10:36.635+0000] {task_command.py:388} INFO - Running <TaskInstance: scrapy_dag.run_wanted_spider manual__2023-05-23T09:10:28.565897+00:00 [running]> on host 282b4ebe5783
[2023-05-23T09:10:37.036+0000] {taskinstance.py:1509} INFO - Exporting the following env vars:
AIRFLOW_CTX_DAG_OWNER=***
AIRFLOW_CTX_DAG_ID=scrapy_dag
AIRFLOW_CTX_TASK_ID=run_wanted_spider
AIRFLOW_CTX_EXECUTION_DATE=2023-05-23T09:10:28.565897+00:00
AIRFLOW_CTX_TRY_NUMBER=1
AIRFLOW_CTX_DAG_RUN_ID=manual__2023-05-23T09:10:28.565897+00:00
[2023-05-23T09:10:37.043+0000] {subprocess.py:63} INFO - Tmp dir root location: 
 /tmp
[2023-05-23T09:10:37.052+0000] {subprocess.py:75} INFO - Running command: ['/bin/bash', '-c', 'scrapy crawl wanted']
[2023-05-23T09:10:37.110+0000] {subprocess.py:86} INFO - Output:
[2023-05-23T09:10:37.170+0000] {subprocess.py:93} INFO - /bin/bash: line 1: scrapy: command not found
[2023-05-23T09:10:37.181+0000] {subprocess.py:97} INFO - Command exited with return code 127
[2023-05-23T09:10:37.334+0000] {taskinstance.py:1768} ERROR - Task failed with exception
Traceback (most recent call last):
  File "/home/airflow/.local/lib/python3.7/site-packages/airflow/operators/bash.py", line 197, in execute
    f"Bash command failed. The command returned a non-zero exit code {result.exit_code}."
airflow.exceptions.AirflowException: Bash command failed. The command returned a non-zero exit code 127.
[2023-05-23T09:10:37.386+0000] {taskinstance.py:1323} INFO - Marking task as FAILED. dag_id=scrapy_dag, task_id=run_wanted_spider, execution_date=20230523T091028, start_date=20230523T091036, end_date=20230523T091037
[2023-05-23T09:10:37.522+0000] {standard_task_runner.py:105} ERROR - Failed to execute job 46 for task run_wanted_spider (Bash command failed. The command returned a non-zero exit code 127.; 747)
[2023-05-23T09:10:37.602+0000] {local_task_job.py:208} INFO - Task exited with return code 1
[2023-05-23T09:10:37.720+0000] {taskinstance.py:2578} INFO - 0 downstream tasks scheduled from follow-on schedule check
