[2023-05-23T09:17:58.343+0000] {taskinstance.py:1083} INFO - Dependencies all met for <TaskInstance: scrapy_dag.run_wanted_spider manual__2023-05-23T09:17:55.005262+00:00 [queued]>
[2023-05-23T09:17:58.385+0000] {taskinstance.py:1083} INFO - Dependencies all met for <TaskInstance: scrapy_dag.run_wanted_spider manual__2023-05-23T09:17:55.005262+00:00 [queued]>
[2023-05-23T09:17:58.392+0000] {taskinstance.py:1279} INFO - 
--------------------------------------------------------------------------------
[2023-05-23T09:17:58.397+0000] {taskinstance.py:1280} INFO - Starting attempt 1 of 1
[2023-05-23T09:17:58.399+0000] {taskinstance.py:1281} INFO - 
--------------------------------------------------------------------------------
[2023-05-23T09:17:58.453+0000] {taskinstance.py:1300} INFO - Executing <Task(BashOperator): run_wanted_spider> on 2023-05-23 09:17:55.005262+00:00
[2023-05-23T09:17:58.467+0000] {standard_task_runner.py:55} INFO - Started process 1077 to run task
[2023-05-23T09:17:58.490+0000] {standard_task_runner.py:82} INFO - Running: ['***', 'tasks', 'run', 'scrapy_dag', 'run_wanted_spider', 'manual__2023-05-23T09:17:55.005262+00:00', '--job-id', '56', '--raw', '--subdir', 'DAGS_FOLDER/scrapy_dag.py', '--cfg-path', '/tmp/tmpix30rxpa']
[2023-05-23T09:17:58.492+0000] {standard_task_runner.py:83} INFO - Job 56: Subtask run_wanted_spider
[2023-05-23T09:17:58.665+0000] {task_command.py:388} INFO - Running <TaskInstance: scrapy_dag.run_wanted_spider manual__2023-05-23T09:17:55.005262+00:00 [running]> on host 282b4ebe5783
[2023-05-23T09:17:58.857+0000] {taskinstance.py:1509} INFO - Exporting the following env vars:
AIRFLOW_CTX_DAG_OWNER=***
AIRFLOW_CTX_DAG_ID=scrapy_dag
AIRFLOW_CTX_TASK_ID=run_wanted_spider
AIRFLOW_CTX_EXECUTION_DATE=2023-05-23T09:17:55.005262+00:00
AIRFLOW_CTX_TRY_NUMBER=1
AIRFLOW_CTX_DAG_RUN_ID=manual__2023-05-23T09:17:55.005262+00:00
[2023-05-23T09:17:58.862+0000] {subprocess.py:63} INFO - Tmp dir root location: 
 /tmp
[2023-05-23T09:17:58.865+0000] {subprocess.py:75} INFO - Running command: ['/bin/bash', '-c', 'scrapy crawl wanted']
[2023-05-23T09:17:58.935+0000] {subprocess.py:86} INFO - Output:
[2023-05-23T09:17:58.940+0000] {subprocess.py:93} INFO - /bin/bash: line 1: scrapy: command not found
[2023-05-23T09:17:58.948+0000] {subprocess.py:97} INFO - Command exited with return code 127
[2023-05-23T09:17:58.978+0000] {taskinstance.py:1768} ERROR - Task failed with exception
Traceback (most recent call last):
  File "/home/airflow/.local/lib/python3.7/site-packages/airflow/operators/bash.py", line 197, in execute
    f"Bash command failed. The command returned a non-zero exit code {result.exit_code}."
airflow.exceptions.AirflowException: Bash command failed. The command returned a non-zero exit code 127.
[2023-05-23T09:17:59.003+0000] {taskinstance.py:1323} INFO - Marking task as FAILED. dag_id=scrapy_dag, task_id=run_wanted_spider, execution_date=20230523T091755, start_date=20230523T091758, end_date=20230523T091759
[2023-05-23T09:17:59.075+0000] {standard_task_runner.py:105} ERROR - Failed to execute job 56 for task run_wanted_spider (Bash command failed. The command returned a non-zero exit code 127.; 1077)
[2023-05-23T09:17:59.134+0000] {local_task_job.py:208} INFO - Task exited with return code 1
[2023-05-23T09:17:59.234+0000] {taskinstance.py:2578} INFO - 0 downstream tasks scheduled from follow-on schedule check
