[2023-05-24T23:55:26.093+0000] {taskinstance.py:1083} INFO - Dependencies all met for <TaskInstance: scrapy_dag.run_wanted_spider manual__2023-05-24T23:55:23.688682+00:00 [queued]>
[2023-05-24T23:55:26.255+0000] {taskinstance.py:1083} INFO - Dependencies all met for <TaskInstance: scrapy_dag.run_wanted_spider manual__2023-05-24T23:55:23.688682+00:00 [queued]>
[2023-05-24T23:55:26.259+0000] {taskinstance.py:1279} INFO - 
--------------------------------------------------------------------------------
[2023-05-24T23:55:26.261+0000] {taskinstance.py:1280} INFO - Starting attempt 1 of 1
[2023-05-24T23:55:26.263+0000] {taskinstance.py:1281} INFO - 
--------------------------------------------------------------------------------
[2023-05-24T23:55:26.300+0000] {taskinstance.py:1300} INFO - Executing <Task(BashOperator): run_wanted_spider> on 2023-05-24 23:55:23.688682+00:00
[2023-05-24T23:55:26.313+0000] {standard_task_runner.py:55} INFO - Started process 636 to run task
[2023-05-24T23:55:26.325+0000] {standard_task_runner.py:82} INFO - Running: ['***', 'tasks', 'run', 'scrapy_dag', 'run_wanted_spider', 'manual__2023-05-24T23:55:23.688682+00:00', '--job-id', '85', '--raw', '--subdir', 'DAGS_FOLDER/scrapy_dag.py', '--cfg-path', '/tmp/tmpk6m5n54m']
[2023-05-24T23:55:26.328+0000] {standard_task_runner.py:83} INFO - Job 85: Subtask run_wanted_spider
[2023-05-24T23:55:26.486+0000] {task_command.py:388} INFO - Running <TaskInstance: scrapy_dag.run_wanted_spider manual__2023-05-24T23:55:23.688682+00:00 [running]> on host 2178fb586b59
[2023-05-24T23:55:26.696+0000] {taskinstance.py:1509} INFO - Exporting the following env vars:
AIRFLOW_CTX_DAG_OWNER=***
AIRFLOW_CTX_DAG_ID=scrapy_dag
AIRFLOW_CTX_TASK_ID=run_wanted_spider
AIRFLOW_CTX_EXECUTION_DATE=2023-05-24T23:55:23.688682+00:00
AIRFLOW_CTX_TRY_NUMBER=1
AIRFLOW_CTX_DAG_RUN_ID=manual__2023-05-24T23:55:23.688682+00:00
[2023-05-24T23:55:26.714+0000] {subprocess.py:63} INFO - Tmp dir root location: 
 /tmp
[2023-05-24T23:55:26.716+0000] {subprocess.py:75} INFO - Running command: ['/bin/bash', '-c', 'ls -al / && pwd &&  scrapy crawl wanted']
[2023-05-24T23:55:26.756+0000] {subprocess.py:86} INFO - Output:
[2023-05-24T23:55:26.808+0000] {subprocess.py:93} INFO - total 108
[2023-05-24T23:55:26.810+0000] {subprocess.py:93} INFO - drwxr-xr-x   1 root root  4096 May 24 23:41 .
[2023-05-24T23:55:26.813+0000] {subprocess.py:93} INFO - drwxr-xr-x   1 root root  4096 May 24 23:41 ..
[2023-05-24T23:55:26.815+0000] {subprocess.py:93} INFO - -rwxr-xr-x   1 root root     0 May 24 23:41 .dockerenv
[2023-05-24T23:55:26.821+0000] {subprocess.py:93} INFO - -rw-rw-r--   1 root root   282 Jan 20 18:20 ***-scheduler-autorestart
[2023-05-24T23:55:26.823+0000] {subprocess.py:93} INFO - drwxr-xr-x   1 root root  4096 Jan 20 18:21 bin
[2023-05-24T23:55:26.825+0000] {subprocess.py:93} INFO - drwxr-xr-x   2 root root  4096 Dec  9 19:15 boot
[2023-05-24T23:55:26.828+0000] {subprocess.py:93} INFO - -rwxrwxr-x   1 root root   576 Jan 20 18:20 clean-logs
[2023-05-24T23:55:26.831+0000] {subprocess.py:93} INFO - drwxr-xr-x   5 root root   340 May 24 23:42 dev
[2023-05-24T23:55:26.832+0000] {subprocess.py:93} INFO - -rwxrwxr-x   1 root root 11062 Jan 20 18:20 entrypoint
[2023-05-24T23:55:26.835+0000] {subprocess.py:93} INFO - drwxr-xr-x   1 root root  4096 May 24 23:41 etc
[2023-05-24T23:55:26.858+0000] {subprocess.py:93} INFO - drwxr-xr-x   1 root root  4096 Jan 20 18:21 home
[2023-05-24T23:55:26.859+0000] {subprocess.py:93} INFO - drwxr-xr-x   1 root root  4096 Jan 18 03:30 lib
[2023-05-24T23:55:26.861+0000] {subprocess.py:93} INFO - drwxr-xr-x   2 root root  4096 Jan  9 00:00 lib64
[2023-05-24T23:55:26.892+0000] {subprocess.py:93} INFO - drwxr-xr-x   2 root root  4096 Jan  9 00:00 media
[2023-05-24T23:55:26.896+0000] {subprocess.py:93} INFO - drwxr-xr-x   2 root root  4096 Jan  9 00:00 mnt
[2023-05-24T23:55:26.898+0000] {subprocess.py:93} INFO - drwxr-xr-x   1 root root  4096 Jan 20 18:21 opt
[2023-05-24T23:55:26.904+0000] {subprocess.py:93} INFO - dr-xr-xr-x 271 root root     0 May 24 23:42 proc
[2023-05-24T23:55:26.906+0000] {subprocess.py:93} INFO - drwx------   1 root root  4096 Jan 20 18:25 root
[2023-05-24T23:55:26.915+0000] {subprocess.py:93} INFO - drwxr-xr-x   1 root root  4096 Jan 20 18:21 run
[2023-05-24T23:55:26.917+0000] {subprocess.py:93} INFO - drwxr-xr-x   2 root root  4096 Jan  9 00:00 sbin
[2023-05-24T23:55:26.920+0000] {subprocess.py:93} INFO - drwxr-xr-x   1 root root  4096 Jan 20 18:20 scripts
[2023-05-24T23:55:26.922+0000] {subprocess.py:93} INFO - drwxr-xr-x   2 root root  4096 Jan  9 00:00 srv
[2023-05-24T23:55:26.924+0000] {subprocess.py:93} INFO - dr-xr-xr-x  13 root root     0 May 24 23:42 sys
[2023-05-24T23:55:26.938+0000] {subprocess.py:93} INFO - drwxrwxrwt   1 root root  4096 May 24 23:55 tmp
[2023-05-24T23:55:26.940+0000] {subprocess.py:93} INFO - drwxr-xr-x   1 root root  4096 Jan 20 18:21 usr
[2023-05-24T23:55:26.941+0000] {subprocess.py:93} INFO - drwxr-xr-x   1 root root  4096 Jan  9 00:00 var
[2023-05-24T23:55:26.943+0000] {subprocess.py:93} INFO - /tmp/***tmpzmcdswj5
[2023-05-24T23:55:26.948+0000] {subprocess.py:93} INFO - /bin/bash: line 1: scrapy: command not found
[2023-05-24T23:55:26.950+0000] {subprocess.py:97} INFO - Command exited with return code 127
[2023-05-24T23:55:26.968+0000] {taskinstance.py:1768} ERROR - Task failed with exception
Traceback (most recent call last):
  File "/home/airflow/.local/lib/python3.7/site-packages/airflow/operators/bash.py", line 197, in execute
    f"Bash command failed. The command returned a non-zero exit code {result.exit_code}."
airflow.exceptions.AirflowException: Bash command failed. The command returned a non-zero exit code 127.
[2023-05-24T23:55:26.979+0000] {taskinstance.py:1323} INFO - Marking task as FAILED. dag_id=scrapy_dag, task_id=run_wanted_spider, execution_date=20230524T235523, start_date=20230524T235526, end_date=20230524T235526
[2023-05-24T23:55:27.000+0000] {standard_task_runner.py:105} ERROR - Failed to execute job 85 for task run_wanted_spider (Bash command failed. The command returned a non-zero exit code 127.; 636)
[2023-05-24T23:55:27.021+0000] {local_task_job.py:208} INFO - Task exited with return code 1
[2023-05-24T23:55:27.073+0000] {taskinstance.py:2578} INFO - 0 downstream tasks scheduled from follow-on schedule check
