[2023-05-23T07:28:49.582+0000] {taskinstance.py:1083} INFO - Dependencies all met for <TaskInstance: scrapy_dag.run_wanted_spider manual__2023-05-23T07:28:47.588249+00:00 [queued]>
[2023-05-23T07:28:49.608+0000] {taskinstance.py:1083} INFO - Dependencies all met for <TaskInstance: scrapy_dag.run_wanted_spider manual__2023-05-23T07:28:47.588249+00:00 [queued]>
[2023-05-23T07:28:49.609+0000] {taskinstance.py:1279} INFO - 
--------------------------------------------------------------------------------
[2023-05-23T07:28:49.611+0000] {taskinstance.py:1280} INFO - Starting attempt 1 of 1
[2023-05-23T07:28:49.613+0000] {taskinstance.py:1281} INFO - 
--------------------------------------------------------------------------------
[2023-05-23T07:28:49.649+0000] {taskinstance.py:1300} INFO - Executing <Task(BashOperator): run_wanted_spider> on 2023-05-23 07:28:47.588249+00:00
[2023-05-23T07:28:49.666+0000] {standard_task_runner.py:55} INFO - Started process 2306 to run task
[2023-05-23T07:28:49.680+0000] {standard_task_runner.py:82} INFO - Running: ['***', 'tasks', 'run', 'scrapy_dag', 'run_wanted_spider', 'manual__2023-05-23T07:28:47.588249+00:00', '--job-id', '7', '--raw', '--subdir', 'DAGS_FOLDER/scrapy_dag.py', '--cfg-path', '/tmp/tmpgbubg3p1']
[2023-05-23T07:28:49.683+0000] {standard_task_runner.py:83} INFO - Job 7: Subtask run_wanted_spider
[2023-05-23T07:28:49.885+0000] {task_command.py:388} INFO - Running <TaskInstance: scrapy_dag.run_wanted_spider manual__2023-05-23T07:28:47.588249+00:00 [running]> on host 24694c125b64
[2023-05-23T07:28:50.156+0000] {taskinstance.py:1509} INFO - Exporting the following env vars:
AIRFLOW_CTX_DAG_OWNER=***
AIRFLOW_CTX_DAG_ID=scrapy_dag
AIRFLOW_CTX_TASK_ID=run_wanted_spider
AIRFLOW_CTX_EXECUTION_DATE=2023-05-23T07:28:47.588249+00:00
AIRFLOW_CTX_TRY_NUMBER=1
AIRFLOW_CTX_DAG_RUN_ID=manual__2023-05-23T07:28:47.588249+00:00
[2023-05-23T07:28:50.188+0000] {subprocess.py:63} INFO - Tmp dir root location: 
 /tmp
[2023-05-23T07:28:50.196+0000] {subprocess.py:75} INFO - Running command: ['/bin/bash', '-c', 'scrapy crawl wanted']
[2023-05-23T07:28:50.298+0000] {subprocess.py:86} INFO - Output:
[2023-05-23T07:28:51.928+0000] {subprocess.py:93} INFO - Scrapy 2.9.0 - no active project
[2023-05-23T07:28:51.931+0000] {subprocess.py:93} INFO - 
[2023-05-23T07:28:51.932+0000] {subprocess.py:93} INFO - Unknown command: crawl
[2023-05-23T07:28:51.933+0000] {subprocess.py:93} INFO - 
[2023-05-23T07:28:51.935+0000] {subprocess.py:93} INFO - Use "scrapy" to see available commands
[2023-05-23T07:28:52.007+0000] {subprocess.py:97} INFO - Command exited with return code 2
[2023-05-23T07:28:52.024+0000] {taskinstance.py:1768} ERROR - Task failed with exception
Traceback (most recent call last):
  File "/home/airflow/.local/lib/python3.7/site-packages/airflow/operators/bash.py", line 197, in execute
    f"Bash command failed. The command returned a non-zero exit code {result.exit_code}."
airflow.exceptions.AirflowException: Bash command failed. The command returned a non-zero exit code 2.
[2023-05-23T07:28:52.033+0000] {taskinstance.py:1323} INFO - Marking task as FAILED. dag_id=scrapy_dag, task_id=run_wanted_spider, execution_date=20230523T072847, start_date=20230523T072849, end_date=20230523T072852
[2023-05-23T07:28:52.058+0000] {standard_task_runner.py:105} ERROR - Failed to execute job 7 for task run_wanted_spider (Bash command failed. The command returned a non-zero exit code 2.; 2306)
[2023-05-23T07:28:52.112+0000] {local_task_job.py:208} INFO - Task exited with return code 1
[2023-05-23T07:28:52.183+0000] {taskinstance.py:2578} INFO - 0 downstream tasks scheduled from follow-on schedule check
