[2023-05-23T07:14:26.646+0000] {taskinstance.py:1083} INFO - Dependencies all met for <TaskInstance: scrapy_dag.run_wanted_spider manual__2023-05-23T07:14:24.269315+00:00 [queued]>
[2023-05-23T07:14:26.669+0000] {taskinstance.py:1083} INFO - Dependencies all met for <TaskInstance: scrapy_dag.run_wanted_spider manual__2023-05-23T07:14:24.269315+00:00 [queued]>
[2023-05-23T07:14:26.672+0000] {taskinstance.py:1279} INFO - 
--------------------------------------------------------------------------------
[2023-05-23T07:14:26.673+0000] {taskinstance.py:1280} INFO - Starting attempt 1 of 1
[2023-05-23T07:14:26.674+0000] {taskinstance.py:1281} INFO - 
--------------------------------------------------------------------------------
[2023-05-23T07:14:26.695+0000] {taskinstance.py:1300} INFO - Executing <Task(BashOperator): run_wanted_spider> on 2023-05-23 07:14:24.269315+00:00
[2023-05-23T07:14:26.704+0000] {standard_task_runner.py:55} INFO - Started process 1673 to run task
[2023-05-23T07:14:26.710+0000] {standard_task_runner.py:82} INFO - Running: ['***', 'tasks', 'run', 'scrapy_dag', 'run_wanted_spider', 'manual__2023-05-23T07:14:24.269315+00:00', '--job-id', '4', '--raw', '--subdir', 'DAGS_FOLDER/scrapy_dag.py', '--cfg-path', '/tmp/tmp6gpcresa']
[2023-05-23T07:14:26.713+0000] {standard_task_runner.py:83} INFO - Job 4: Subtask run_wanted_spider
[2023-05-23T07:14:26.820+0000] {task_command.py:388} INFO - Running <TaskInstance: scrapy_dag.run_wanted_spider manual__2023-05-23T07:14:24.269315+00:00 [running]> on host 24694c125b64
[2023-05-23T07:14:26.932+0000] {taskinstance.py:1509} INFO - Exporting the following env vars:
AIRFLOW_CTX_DAG_OWNER=***
AIRFLOW_CTX_DAG_ID=scrapy_dag
AIRFLOW_CTX_TASK_ID=run_wanted_spider
AIRFLOW_CTX_EXECUTION_DATE=2023-05-23T07:14:24.269315+00:00
AIRFLOW_CTX_TRY_NUMBER=1
AIRFLOW_CTX_DAG_RUN_ID=manual__2023-05-23T07:14:24.269315+00:00
[2023-05-23T07:14:26.937+0000] {subprocess.py:63} INFO - Tmp dir root location: 
 /tmp
[2023-05-23T07:14:26.938+0000] {subprocess.py:75} INFO - Running command: ['/bin/bash', '-c', 'scrapy crawl wanted']
[2023-05-23T07:14:26.957+0000] {subprocess.py:86} INFO - Output:
[2023-05-23T07:14:28.907+0000] {subprocess.py:93} INFO - Scrapy 2.9.0 - no active project
[2023-05-23T07:14:28.911+0000] {subprocess.py:93} INFO - 
[2023-05-23T07:14:28.912+0000] {subprocess.py:93} INFO - Unknown command: crawl
[2023-05-23T07:14:28.913+0000] {subprocess.py:93} INFO - 
[2023-05-23T07:14:28.915+0000] {subprocess.py:93} INFO - Use "scrapy" to see available commands
[2023-05-23T07:14:28.987+0000] {subprocess.py:97} INFO - Command exited with return code 2
[2023-05-23T07:14:29.003+0000] {taskinstance.py:1768} ERROR - Task failed with exception
Traceback (most recent call last):
  File "/home/airflow/.local/lib/python3.7/site-packages/airflow/operators/bash.py", line 197, in execute
    f"Bash command failed. The command returned a non-zero exit code {result.exit_code}."
airflow.exceptions.AirflowException: Bash command failed. The command returned a non-zero exit code 2.
[2023-05-23T07:14:29.010+0000] {taskinstance.py:1323} INFO - Marking task as FAILED. dag_id=scrapy_dag, task_id=run_wanted_spider, execution_date=20230523T071424, start_date=20230523T071426, end_date=20230523T071429
[2023-05-23T07:14:29.030+0000] {standard_task_runner.py:105} ERROR - Failed to execute job 4 for task run_wanted_spider (Bash command failed. The command returned a non-zero exit code 2.; 1673)
[2023-05-23T07:14:29.087+0000] {local_task_job.py:208} INFO - Task exited with return code 1
[2023-05-23T07:14:29.123+0000] {taskinstance.py:2578} INFO - 0 downstream tasks scheduled from follow-on schedule check
